2018-04-03 15:16:09,002: state.pubsub.pub.0001: agent_0.scheduling.0            : MainThread     : INFO    : python.interpreter   version: 2.7.7 |Continuum Analytics, Inc.| (default, Jun 2 2014, 12:34:02) [GCC 4.1.2 20080704 (Red Hat 4.1.2-54)]
2018-04-03 15:16:09,006: state.pubsub.pub.0001: agent_0.scheduling.0            : MainThread     : INFO    :                      pid: 74665
2018-04-03 15:16:09,006: state.pubsub.pub.0001: agent_0.scheduling.0            : MainThread     : INFO    :                      tid: MainThread
2018-04-03 15:16:09,006: state.pubsub.pub.0001: agent_0.scheduling.0            : MainThread     : INFO    : radical.pilot        version: 0.47-0.47-14-gb1dff8bd@devel
2018-04-03 15:16:09,006: state.pubsub.pub.0001: agent_0.scheduling.0            : MainThread     : INFO    : create state_pubsub - pub - tcp://204.90.42.8:39526
2018-04-03 15:16:09,007: state.pubsub.pub.0001: agent_0.scheduling.0            : MainThread     : DEBUG   : start process
2018-04-03 15:16:09,007: state.pubsub.pub.0001: agent_0.scheduling.0            : MainThread     : DEBUG   : ru_initialize_common (NOOP)
2018-04-03 15:16:09,007: state.pubsub.pub.0001: agent_0.scheduling.0            : MainThread     : DEBUG   : ru_initialize_parent (NOOP)
2018-04-03 15:16:09,007: state.pubsub.pub.0001: agent_0.scheduling.0            : MainThread     : DEBUG   : process class started (no child)
2018-04-03 15:16:09,076: state.pubsub.pub.0001: MainProcess                     : MainThread     : INFO    : python.interpreter   version: 2.7.7 |Continuum Analytics, Inc.| (default, Jun 2 2014, 12:34:02) [GCC 4.1.2 20080704 (Red Hat 4.1.2-54)]
2018-04-03 15:16:09,079: state.pubsub.pub.0001: MainProcess                     : MainThread     : INFO    :                      pid: 74544
2018-04-03 15:16:09,079: state.pubsub.pub.0001: MainProcess                     : MainThread     : INFO    :                      tid: MainThread
2018-04-03 15:16:09,079: state.pubsub.pub.0001: MainProcess                     : MainThread     : INFO    : radical.pilot        version: 0.47-0.47-14-gb1dff8bd@devel
2018-04-03 15:16:09,079: state.pubsub.pub.0001: MainProcess                     : MainThread     : INFO    : create state_pubsub - pub - tcp://204.90.42.8:39526
2018-04-03 15:16:09,079: state.pubsub.pub.0001: MainProcess                     : MainThread     : DEBUG   : start process
2018-04-03 15:16:09,080: state.pubsub.pub.0001: MainProcess                     : MainThread     : DEBUG   : ru_initialize_common (NOOP)
2018-04-03 15:16:09,080: state.pubsub.pub.0001: MainProcess                     : MainThread     : DEBUG   : ru_initialize_parent (NOOP)
2018-04-03 15:16:09,080: state.pubsub.pub.0001: MainProcess                     : MainThread     : DEBUG   : process class started (no child)
2018-04-03 15:28:20,046: state.pubsub.pub.0001: agent_0.scheduling.0            : agent_0.scheduling.0.child.subscriber._cancel_monitor_cb: INFO    : parent stops child  74665 -> None [state.pubsub.pub.0001]
2018-04-03 15:28:20,046: state.pubsub.pub.0001: agent_0.scheduling.0            : agent_0.scheduling.0.child.subscriber._cancel_monitor_cb: DEBUG   : ru_finalize_parent (NOOP)
2018-04-03 15:28:20,293: state.pubsub.pub.0001: MainProcess                     : MainThread     : INFO    : parent stops child  74544 -> None [state.pubsub.pub.0001]
2018-04-03 15:28:20,293: state.pubsub.pub.0001: MainProcess                     : MainThread     : DEBUG   : ru_finalize_parent (NOOP)
