2018-04-03 15:16:09,198: update.0.child      : update.0                        : MainThread     : INFO    : python.interpreter   version: 2.7.7 |Continuum Analytics, Inc.| (default, Jun 2 2014, 12:34:02) [GCC 4.1.2 20080704 (Red Hat 4.1.2-54)]
2018-04-03 15:16:09,201: update.0.child      : update.0                        : MainThread     : INFO    :                      pid: 74717
2018-04-03 15:16:09,201: update.0.child      : update.0                        : MainThread     : INFO    :                      tid: MainThread
2018-04-03 15:16:09,202: update.0.child      : update.0                        : MainThread     : INFO    : radical.pilot        version: 0.47-0.47-14-gb1dff8bd@devel
2018-04-03 15:16:09,202: update.0.child      : update.0                        : MainThread     : INFO    : initialize update.0.child
2018-04-03 15:16:09,210: update.0.child      : update.0                        : MainThread     : INFO    : cfg: {'agent_launch_method': 'SSH',
 'agent_name': 'agent_0',
 'agents': {},
 'bridges': {'agent_executing_queue': {'addr_in': 'tcp://204.90.42.8:42110',
                                       'addr_out': 'tcp://204.90.42.8:33604',
                                       'bulk_size': 0,
                                       'log_level': 'debug',
                                       'stall_hwm': 1},
             'agent_reschedule_pubsub': {'addr_in': 'tcp://204.90.42.8:39055',
                                         'addr_out': 'tcp://204.90.42.8:36325',
                                         'bulk_size': 0,
                                         'log_level': 'debug',
                                         'stall_hwm': 1},
             'agent_scheduling_queue': {'addr_in': 'tcp://204.90.42.8:45442',
                                        'addr_out': 'tcp://204.90.42.8:42582',
                                        'bulk_size': 0,
                                        'log_level': 'debug',
                                        'stall_hwm': 1},
             'agent_staging_input_queue': {'addr_in': 'tcp://204.90.42.8:35744',
                                           'addr_out': 'tcp://204.90.42.8:38659',
                                           'bulk_size': 0,
                                           'log_level': 'debug',
                                           'stall_hwm': 1},
             'agent_staging_output_queue': {'addr_in': 'tcp://204.90.42.8:36102',
                                            'addr_out': 'tcp://204.90.42.8:36785',
                                            'bulk_size': 0,
                                            'log_level': 'debug',
                                            'stall_hwm': 1},
             'agent_unschedule_pubsub': {'addr_in': 'tcp://204.90.42.8:33511',
                                         'addr_out': 'tcp://204.90.42.8:40671',
                                         'bulk_size': 0,
                                         'log_level': 'debug',
                                         'stall_hwm': 1},
             'control_pubsub': {'addr_in': 'tcp://204.90.42.8:44766',
                                'addr_out': 'tcp://204.90.42.8:35441',
                                'bulk_size': 0,
                                'log_level': 'debug',
                                'stall_hwm': 1},
             'log_pubsub': {'addr_in': 'tcp://204.90.42.8:44020',
                            'addr_out': 'tcp://204.90.42.8:37214',
                            'bulk_size': 0,
                            'log_level': 'debug',
                            'stall_hwm': 1},
             'state_pubsub': {'addr_in': 'tcp://204.90.42.8:39526',
                              'addr_out': 'tcp://204.90.42.8:45625',
                              'bulk_size': 0,
                              'log_level': 'debug',
                              'stall_hwm': 1}},
 'bulk_collection_size': 100,
 'bulk_collection_time': 1.0,
 'cname': 'UpdateWorker',
 'components': {},
 'cores': 20,
 'cores_per_node': 20,
 'count': 1,
 'cu_post_exec': None,
 'cu_pre_exec': None,
 'cu_tmp': None,
 'db_poll_sleeptime': 1.0,
 'dburl': 'mongodb://rp:rp@ds015335.mlab.com:15335/rp',
 'debug': 10,
 'export_to_cu': None,
 'logdir': '.',
 'lrms': 'TORQUE',
 'lrms_info': {'agent_nodes': {},
               'cores_per_node': 20,
               'lm_info': {},
               'name': 'Torque',
               'node_list': ['smic262']},
 'max_io_loglength': 1024,
 'mode': 'shared',
 'mpi_launch_method': 'MPIEXEC',
 'number': 0,
 'owner': 'agent_0',
 'pilot_id': 'pilot.0000',
 'pilot_sandbox': '/work/gchantzi/radical.pilot.sandbox/rp.session.one.george.017624.0009/pilot.0000/',
 'resource_cfg': {'agent_launch_method': 'SSH',
                  'agent_scheduler': 'CONTINUOUS',
                  'agent_spawner': 'POPEN',
                  'cores_per_node': '20',
                  'default_queue': 'workq',
                  'default_remote_workdir': '/work/$USER',
                  'description': "SuperMIC (pronounced 'Super Mick') is Louisiana State University's (LSU) newest supercomputer funded by the National Science Foundation's (NSF) Major Research Instrumentation (MRI) award to the Center for Computation & Technology. (https://portal.xsede.org/lsu-supermic)",
                  'filesystem_endpoint': 'gsisftp://supermic.cct-lsu.xsede.org:2222/',
                  'gsissh': {'filesystem_endpoint': 'gsisftp://supermic.cct-lsu.xsede.org:2222/',
                             'job_manager_endpoint': 'torque+gsissh://supermic.cct-lsu.xsede.org:2222/'},
                  'job_manager_endpoint': 'torque+gsissh://supermic.cct-lsu.xsede.org:2222/',
                  'label': 'xsede.supermic_ssh',
                  'lrms': 'TORQUE',
                  'mpi_launch_method': 'MPIEXEC',
                  'notes': 'Partially allocated through XSEDE. Primary access through GSISSH. Allows SSH key authentication too.',
                  'pre_bootstrap_1': ['module load python/2.7.7-anaconda'],
                  'python_dist': 'default',
                  'rp_version': 'local',
                  'schemas': ['gsissh', 'ssh'],
                  'ssh': {'filesystem_endpoint': 'sftp://supermic.cct-lsu.xsede.org/',
                          'job_manager_endpoint': 'torque+ssh://supermic.cct-lsu.xsede.org/'},
                  'task_launch_method': 'SSH',
                  'valid_roots': ['/work'],
                  'virtenv_mode': 'create'},
 'resource_sandbox': '/work/gchantzi/radical.pilot.sandbox',
 'runtime': 25,
 'scheduler': 'CONTINUOUS',
 'session_id': 'rp.session.one.george.017624.0009',
 'session_sandbox': '/work/gchantzi/radical.pilot.sandbox/rp.session.one.george.017624.0009',
 'spawner': 'POPEN',
 'staging_area': 'staging_area',
 'staging_schema': 'staging',
 'target': 'local',
 'task_launch_method': 'SSH',
 'uid': 'agent_0',
 'workdir': '/worka/work/gchantzi/radical.pilot.sandbox/rp.session.one.george.017624.0009/pilot.0000'}
2018-04-03 15:16:09,210: update.0.child      : update.0                        : MainThread     : DEBUG   : start components: {}
2018-04-03 15:16:09,210: update.0.child      : update.0                        : MainThread     : DEBUG   : alive check in term
2018-04-03 15:16:09,210: update.0.child      : update.0                        : MainThread     : DEBUG   : START: update.0.child register publisher log_pubsub
2018-04-03 15:16:09,210: update.0.child      : update.0                        : MainThread     : DEBUG   : using addr tcp://204.90.42.8:44020 for pubsub log_pubsub
2018-04-03 15:16:09,217: update.0.child      : update.0                        : MainThread     : DEBUG   : registered publisher : log_pubsub : log.pubsub.pub.0003
2018-04-03 15:16:09,217: update.0.child      : update.0                        : MainThread     : DEBUG   : alive check in term
2018-04-03 15:16:09,217: update.0.child      : update.0                        : MainThread     : DEBUG   : START: update.0.child register publisher state_pubsub
2018-04-03 15:16:09,217: update.0.child      : update.0                        : MainThread     : DEBUG   : using addr tcp://204.90.42.8:39526 for pubsub state_pubsub
2018-04-03 15:16:09,223: update.0.child      : update.0                        : MainThread     : DEBUG   : registered publisher : state_pubsub : state.pubsub.pub.0003
2018-04-03 15:16:09,223: update.0.child      : update.0                        : MainThread     : DEBUG   : alive check in term
2018-04-03 15:16:09,223: update.0.child      : update.0                        : MainThread     : DEBUG   : START: update.0.child register publisher control_pubsub
2018-04-03 15:16:09,223: update.0.child      : update.0                        : MainThread     : DEBUG   : using addr tcp://204.90.42.8:44766 for pubsub control_pubsub
2018-04-03 15:16:09,230: update.0.child      : update.0                        : MainThread     : DEBUG   : registered publisher : control_pubsub : control.pubsub.pub.0003
2018-04-03 15:16:09,231: update.0.child      : update.0                        : MainThread     : DEBUG   : alive check in term
2018-04-03 15:16:09,231: update.0.child      : update.0                        : MainThread     : DEBUG   : START: update.0.child register subscriber update.0.child.subscriber._cancel_monitor_cb
2018-04-03 15:16:09,231: update.0.child      : update.0                        : MainThread     : DEBUG   : using addr tcp://204.90.42.8:35441 for pubsub control_pubsub
2018-04-03 15:16:09,237: update.0.child      : update.0                        : MainThread     : DEBUG   : parent name: update.0.child.subscriber._cancel_monitor_cb
2018-04-03 15:16:09,237: update.0.child      : update.0                        : MainThread     : DEBUG   : start thread
2018-04-03 15:16:09,237: update.0.child      : update.0                        : update.0.child.subscriber._cancel_monitor_cb: DEBUG   : child name: update.0.child.subscriber._cancel_monitor_cb.thread
2018-04-03 15:16:09,237: update.0.child      : update.0                        : update.0.child.subscriber._cancel_monitor_cb: INFO    : child (me) initializing
2018-04-03 15:16:09,237: update.0.child      : update.0                        : update.0.child.subscriber._cancel_monitor_cb: DEBUG   : ru_initialize_common (NOOP)
2018-04-03 15:16:09,237: update.0.child      : update.0                        : update.0.child.subscriber._cancel_monitor_cb: DEBUG   : ru_initialize_child (NOOP)
2018-04-03 15:16:09,238: update.0.child      : update.0                        : update.0.child.subscriber._cancel_monitor_cb: INFO    : send alive
2018-04-03 15:16:09,238: update.0.child      : update.0                        : update.0.child.subscriber._cancel_monitor_cb: INFO    : put message: [update.0.child.subscriber._cancel_monitor_cb.thread] alive
2018-04-03 15:16:09,238: update.0.child      : update.0                        : MainThread     : INFO    : get msg: alive
2018-04-03 15:16:09,239: update.0.child      : update.0                        : MainThread     : DEBUG   : ru_initialize_common (NOOP)
2018-04-03 15:16:09,239: update.0.child      : update.0                        : MainThread     : DEBUG   : ru_initialize_parent (NOOP)
2018-04-03 15:16:09,239: update.0.child      : update.0                        : MainThread     : DEBUG   : child thread update.0.child.subscriber._cancel_monitor_cb started
2018-04-03 15:16:09,239: update.0.child      : update.0                        : MainThread     : DEBUG   : update.0.child registered control_pubsub subscriber update.0.child.subscriber._cancel_monitor_cb
2018-04-03 15:16:09,617: update.0.child      : update.0                        : MainThread     : DEBUG   : alive check in term
2018-04-03 15:16:09,617: update.0.child      : update.0                        : MainThread     : DEBUG   : START: update.0.child register subscriber update.0.child.subscriber._state_cb
2018-04-03 15:16:09,617: update.0.child      : update.0                        : MainThread     : DEBUG   : using addr tcp://204.90.42.8:45625 for pubsub state_pubsub
2018-04-03 15:16:09,623: update.0.child      : update.0                        : MainThread     : DEBUG   : parent name: update.0.child.subscriber._state_cb
2018-04-03 15:16:09,623: update.0.child      : update.0                        : MainThread     : DEBUG   : start thread
2018-04-03 15:16:09,624: update.0.child      : update.0                        : update.0.child.subscriber._state_cb: DEBUG   : child name: update.0.child.subscriber._state_cb.thread
2018-04-03 15:16:09,624: update.0.child      : update.0                        : update.0.child.subscriber._state_cb: INFO    : child (me) initializing
2018-04-03 15:16:09,624: update.0.child      : update.0                        : update.0.child.subscriber._state_cb: DEBUG   : ru_initialize_common (NOOP)
2018-04-03 15:16:09,624: update.0.child      : update.0                        : update.0.child.subscriber._state_cb: DEBUG   : ru_initialize_child (NOOP)
2018-04-03 15:16:09,624: update.0.child      : update.0                        : update.0.child.subscriber._state_cb: INFO    : send alive
2018-04-03 15:16:09,624: update.0.child      : update.0                        : update.0.child.subscriber._state_cb: INFO    : put message: [update.0.child.subscriber._state_cb.thread] alive
2018-04-03 15:16:09,625: update.0.child      : update.0                        : MainThread     : INFO    : get msg: alive
2018-04-03 15:16:09,625: update.0.child      : update.0                        : MainThread     : DEBUG   : ru_initialize_common (NOOP)
2018-04-03 15:16:09,625: update.0.child      : update.0                        : MainThread     : DEBUG   : ru_initialize_parent (NOOP)
2018-04-03 15:16:09,625: update.0.child      : update.0                        : MainThread     : DEBUG   : child thread update.0.child.subscriber._state_cb started
2018-04-03 15:16:09,625: update.0.child      : update.0                        : MainThread     : DEBUG   : update.0.child registered state_pubsub subscriber update.0.child.subscriber._state_cb
2018-04-03 15:16:09,625: update.0.child      : update.0                        : MainThread     : DEBUG   : alive check in term
2018-04-03 15:16:09,625: update.0.child      : update.0                        : MainThread     : DEBUG   : START: update.0.child register idler update.0.child.idler._idle_cb
2018-04-03 15:16:09,626: update.0.child      : update.0                        : MainThread     : DEBUG   : parent name: update.0.child.idler._idle_cb
2018-04-03 15:16:09,626: update.0.child      : update.0                        : MainThread     : DEBUG   : start thread
2018-04-03 15:16:09,626: update.0.child      : update.0                        : update.0.child.idler._idle_cb: DEBUG   : child name: update.0.child.idler._idle_cb.thread
2018-04-03 15:16:09,626: update.0.child      : update.0                        : update.0.child.idler._idle_cb: INFO    : child (me) initializing
2018-04-03 15:16:09,626: update.0.child      : update.0                        : update.0.child.idler._idle_cb: DEBUG   : ru_initialize_common (NOOP)
2018-04-03 15:16:09,626: update.0.child      : update.0                        : update.0.child.idler._idle_cb: DEBUG   : ru_initialize_child (NOOP)
2018-04-03 15:16:09,626: update.0.child      : update.0                        : update.0.child.idler._idle_cb: INFO    : send alive
2018-04-03 15:16:09,626: update.0.child      : update.0                        : update.0.child.idler._idle_cb: INFO    : put message: [update.0.child.idler._idle_cb.thread] alive
2018-04-03 15:16:09,627: update.0.child      : update.0                        : MainThread     : INFO    : get msg: alive
2018-04-03 15:16:09,627: update.0.child      : update.0                        : MainThread     : DEBUG   : ru_initialize_common (NOOP)
2018-04-03 15:16:09,627: update.0.child      : update.0                        : MainThread     : DEBUG   : ru_initialize_parent (NOOP)
2018-04-03 15:16:09,628: update.0.child      : update.0                        : MainThread     : DEBUG   : child thread update.0.child.idler._idle_cb started
2018-04-03 15:16:09,628: update.0.child      : update.0                        : MainThread     : DEBUG   : update.0.child registered idler update.0.child.idler._idle_cb
2018-04-03 15:16:09,628: update.0.child      : update.0                        : MainThread     : INFO    : child (me) initializing
2018-04-03 15:16:09,628: update.0.child      : update.0                        : MainThread     : DEBUG   : parent name: update.0.child.watch
2018-04-03 15:16:09,628: update.0.child      : update.0                        : MainThread     : DEBUG   : start thread
2018-04-03 15:16:09,628: update.0.child      : update.0                        : update.0.child.watch: DEBUG   : child name: update.0.child.watch.thread
2018-04-03 15:16:09,628: update.0.child      : update.0                        : update.0.child.watch: INFO    : child (me) initializing
2018-04-03 15:16:09,628: update.0.child      : update.0                        : update.0.child.watch: DEBUG   : ru_initialize_common (NOOP)
2018-04-03 15:16:09,628: update.0.child      : update.0                        : update.0.child.watch: DEBUG   : ru_initialize_child (NOOP)
2018-04-03 15:16:09,628: update.0.child      : update.0                        : update.0.child.watch: INFO    : send alive
2018-04-03 15:16:09,629: update.0.child      : update.0                        : update.0.child.watch: INFO    : put message: [update.0.child.watch.thread] alive
2018-04-03 15:16:09,629: update.0.child      : update.0                        : MainThread     : INFO    : get msg: alive
2018-04-03 15:16:09,629: update.0.child      : update.0                        : MainThread     : DEBUG   : ru_initialize_common (NOOP)
2018-04-03 15:16:09,629: update.0.child      : update.0                        : MainThread     : DEBUG   : ru_initialize_parent (NOOP)
2018-04-03 15:16:09,630: update.0.child      : update.0                        : MainThread     : DEBUG   : child thread update.0.child.watch started
2018-04-03 15:16:09,630: update.0.child      : update.0                        : MainThread     : INFO    : child (me) is alive
2018-04-03 15:16:09,630: update.0.child      : update.0                        : MainThread     : INFO    : send alive
2018-04-03 15:16:09,630: update.0.child      : update.0                        : MainThread     : INFO    : send message: [update.0.child] alive
2018-04-03 15:16:10,715: update.0.child      : update.0                        : update.0.child.idler._idle_cb: DEBUG   : bulk update result: {'nModified': 81, 'nUpserted': 0, 'nMatched': 81, 'writeErrors': [], 'upserted': [], 'writeConcernErrors': [], 'nRemoved': 0, 'nInserted': 0}
2018-04-03 15:28:10,988: update.0.child      : update.0                        : update.0.child.subscriber._state_cb: DEBUG   : bulk update result: {'nModified': 1, 'nUpserted': 0, 'nMatched': 1, 'writeErrors': [], 'upserted': [], 'writeConcernErrors': [], 'nRemoved': 0, 'nInserted': 0}
2018-04-03 15:28:12,756: update.0.child      : update.0                        : update.0.child.idler._idle_cb: DEBUG   : bulk update result: {'nModified': 47, 'nUpserted': 0, 'nMatched': 47, 'writeErrors': [], 'upserted': [], 'writeConcernErrors': [], 'nRemoved': 0, 'nInserted': 0}
2018-04-03 15:28:19,861: update.0.child      : update.0                        : update.0.child.subscriber._cancel_monitor_cb: INFO    : got termination command
2018-04-03 15:28:20,045: update.0.child      : update.0                        : update.0.child.subscriber._cancel_monitor_cb: INFO    : stop update.0.child (74717 : 74717 : update.0.child.subscriber._cancel_monitor_cb) [radical.pilot.worker.update.Update.stop]
2018-04-03 15:28:20,045: update.0.child      : update.0                        : update.0.child.subscriber._cancel_monitor_cb: INFO    : parent stops child  74717 -> 74717 [update.0.child]
2018-04-03 15:28:20,045: update.0.child      : update.0                        : update.0.child.subscriber._cancel_monitor_cb: INFO    : send message: [update.0.child] STOP
2018-04-03 15:28:20,045: update.0.child      : update.0                        : update.0.child.subscriber._cancel_monitor_cb: DEBUG   : TERM : update.0.child unregister idler update.0.child.idler._idle_cb
2018-04-03 15:28:20,045: update.0.child      : update.0                        : update.0.child.subscriber._cancel_monitor_cb: INFO    : signal stop for update.0.child.subscriber._cancel_monitor_cb - do not join
2018-04-03 15:28:20,046: update.0.child      : update.0                        : update.0.child.subscriber._cancel_monitor_cb: DEBUG   : TERM : update.0.child unregistered idler update.0.child.idler._idle_cb
2018-04-03 15:28:20,046: update.0.child      : update.0                        : update.0.child.subscriber._cancel_monitor_cb: DEBUG   : TERM : update.0.child unregister subscriber update.0.child.subscriber._state_cb
2018-04-03 15:28:20,046: update.0.child      : update.0                        : update.0.child.subscriber._cancel_monitor_cb: DEBUG   : unregistered subscriber update.0.child.subscriber._state_cb
2018-04-03 15:28:20,046: update.0.child      : update.0                        : update.0.child.subscriber._cancel_monitor_cb: DEBUG   : ru_finalize_common()
2018-04-03 15:28:20,046: update.0.child      : update.0                        : update.0.child.subscriber._cancel_monitor_cb: DEBUG   : TERM : update.0.child unregister publisher log_pubsub
2018-04-03 15:28:20,046: update.0.child      : update.0                        : update.0.child.subscriber._cancel_monitor_cb: DEBUG   : unregistered publisher log_pubsub
2018-04-03 15:28:20,047: update.0.child      : update.0                        : update.0.child.subscriber._cancel_monitor_cb: DEBUG   : TERM : update.0.child unregister publisher state_pubsub
2018-04-03 15:28:20,047: update.0.child      : update.0                        : update.0.child.subscriber._cancel_monitor_cb: DEBUG   : unregistered publisher state_pubsub
2018-04-03 15:28:20,047: update.0.child      : update.0                        : update.0.child.subscriber._cancel_monitor_cb: DEBUG   : TERM : update.0.child unregister publisher control_pubsub
2018-04-03 15:28:20,048: update.0.child      : update.0                        : update.0.child.subscriber._cancel_monitor_cb: DEBUG   : unregistered publisher control_pubsub
2018-04-03 15:28:20,048: update.0.child      : update.0                        : update.0.child.subscriber._cancel_monitor_cb: DEBUG   : update.0.child close prof
2018-04-03 15:28:20,048: update.0.child      : update.0                        : update.0.child.subscriber._cancel_monitor_cb: INFO    : signal stop for update.0.child.subscriber._cancel_monitor_cb - do not join
2018-04-03 15:28:20,048: update.0.child      : update.0                        : update.0.child.subscriber._cancel_monitor_cb: INFO    : child calls stop()
2018-04-03 15:28:20,048: update.0.child      : update.0                        : update.0.child.subscriber._cancel_monitor_cb: INFO    : signal stop for update.0.child.subscriber._cancel_monitor_cb - do not join
2018-04-03 15:28:20,048: update.0.child      : update.0                        : update.0.child.subscriber._cancel_monitor_cb: INFO    : signal stop for update.0.child.subscriber._cancel_monitor_cb - do not join
2018-04-03 15:28:20,048: update.0.child      : update.0                        : update.0.child.subscriber._cancel_monitor_cb: INFO    : signal stop for update.0.child.subscriber._cancel_monitor_cb - do not join
2018-04-03 15:28:20,048: update.0.child      : update.0                        : update.0.child.subscriber._cancel_monitor_cb: INFO    : signal stop for update.0.child.subscriber._cancel_monitor_cb - do not join
2018-04-03 15:28:20,048: update.0.child      : update.0                        : update.0.child.subscriber._cancel_monitor_cb: DEBUG   : ru_finalize_child (NOOP)
2018-04-03 15:28:20,049: update.0.child      : update.0                        : update.0.child.subscriber._cancel_monitor_cb: INFO    : put message: [update.0.child.subscriber._cancel_monitor_cb.thread] terminating
2018-04-03 15:28:20,066: update.0.child      : update.0                        : update.0.child.idler._idle_cb: DEBUG   : ru_finalize_child (NOOP)
2018-04-03 15:28:20,066: update.0.child      : update.0                        : update.0.child.idler._idle_cb: DEBUG   : ru_finalize_common (NOOP)
2018-04-03 15:28:20,066: update.0.child      : update.0                        : update.0.child.idler._idle_cb: INFO    : put message: [update.0.child.idler._idle_cb.thread] terminating
2018-04-03 15:28:20,068: update.0.child      : update.0                        : update.0.child.watch: INFO    : recv message: 
2018-04-03 15:28:20,068: update.0.child      : update.0                        : update.0.child.watch: INFO    : message received: 
2018-04-03 15:28:20,068: update.0.child      : update.0                        : update.0.child.watch: WARNING : received empty string, parent closed ep
2018-04-03 15:28:20,068: update.0.child      : update.0                        : update.0.child.watch: INFO    : watcher closes
2018-04-03 15:28:20,068: update.0.child      : update.0                        : update.0.child.watch: INFO    : put message: [update.0.child.watch.thread] work finished
2018-04-03 15:28:20,068: update.0.child      : update.0                        : update.0.child.watch: DEBUG   : ru_finalize_child (NOOP)
2018-04-03 15:28:20,068: update.0.child      : update.0                        : update.0.child.watch: DEBUG   : ru_finalize_common (NOOP)
2018-04-03 15:28:20,069: update.0.child      : update.0                        : update.0.child.watch: INFO    : put message: [update.0.child.watch.thread] terminating
2018-04-03 15:28:20,077: update.0.child      : update.0                        : update.0.child.subscriber._state_cb: DEBUG   : ru_finalize_child (NOOP)
2018-04-03 15:28:20,077: update.0.child      : update.0                        : update.0.child.subscriber._state_cb: INFO    : put message: [update.0.child.subscriber._state_cb.thread] terminating
2018-04-03 15:28:20,116: update.0.child      : update.0                        : MainThread     : DEBUG   : TERM : update.0.child unregister idler update.0.child.idler._idle_cb
2018-04-03 15:28:20,116: update.0.child      : update.0                        : MainThread     : WARNING : timed cb update.0.child.idler._idle_cb is not registered
2018-04-03 15:28:20,116: update.0.child      : update.0                        : MainThread     : DEBUG   : TERM : update.0.child unregister subscriber update.0.child.subscriber._state_cb
2018-04-03 15:28:20,116: update.0.child      : update.0                        : MainThread     : WARNING : subscriber _state_cb is not registered
2018-04-03 15:28:20,116: update.0.child      : update.0                        : MainThread     : DEBUG   : ru_finalize_common()
2018-04-03 15:28:20,116: update.0.child      : update.0                        : MainThread     : WARNING : publisher log_pubsub is not registered
2018-04-03 15:28:20,116: update.0.child      : update.0                        : MainThread     : WARNING : publisher state_pubsub is not registered
2018-04-03 15:28:20,116: update.0.child      : update.0                        : MainThread     : WARNING : publisher control_pubsub is not registered
2018-04-03 15:28:20,116: update.0.child      : update.0                        : MainThread     : DEBUG   : update.0.child close prof
2018-04-03 15:28:20,116: update.0.child      : update.0                        : MainThread     : INFO    : send message: [update.0.child] terminating
2018-04-03 15:28:20,117: update.0.child      : update.0                        : MainThread     : WARNING : send failed ([Errno 9] Bad file descriptor) - terminate
2018-04-03 15:28:20,117: update.0.child      : update.0                        : MainThread     : INFO    : parent stops child
2018-04-03 15:28:20,117: update.0.child      : update.0                        : MainThread     : DEBUG   : ru_finalize_parent (NOOP)
2018-04-03 15:28:20,117: update.0.child      : update.0                        : MainThread     : INFO    : parent stops child
2018-04-03 15:28:20,117: update.0.child      : update.0                        : MainThread     : DEBUG   : ru_finalize_parent (NOOP)
2018-04-03 15:28:20,117: update.0.child      : update.0                        : MainThread     : INFO    : parent stops child
2018-04-03 15:28:20,117: update.0.child      : update.0                        : MainThread     : DEBUG   : ru_finalize_parent (NOOP)
2018-04-03 15:28:20,117: update.0.child      : update.0                        : MainThread     : DEBUG   : ru_finalize_common (NOOP)
