2018-04-03 18:53:22,825: log.pubsub.pub.0002 : agent_0.staging.input.0         : MainThread     : INFO    : python.interpreter   version: 2.7.7 |Continuum Analytics, Inc.| (default, Jun 2 2014, 12:34:02) [GCC 4.1.2 20080704 (Red Hat 4.1.2-54)]
2018-04-03 18:53:22,828: log.pubsub.pub.0002 : agent_0.staging.input.0         : MainThread     : INFO    :                      pid: 4211
2018-04-03 18:53:22,828: log.pubsub.pub.0002 : agent_0.staging.input.0         : MainThread     : INFO    :                      tid: MainThread
2018-04-03 18:53:22,829: log.pubsub.pub.0002 : agent_0.staging.input.0         : MainThread     : INFO    : radical.pilot        version: 0.47-0.47-14-gb1dff8bd@devel
2018-04-03 18:53:22,829: log.pubsub.pub.0002 : agent_0.staging.input.0         : MainThread     : INFO    : create log_pubsub - pub - tcp://204.90.41.34:43563
2018-04-03 18:53:22,829: log.pubsub.pub.0002 : agent_0.staging.input.0         : MainThread     : DEBUG   : start process
2018-04-03 18:53:22,829: log.pubsub.pub.0002 : agent_0.staging.input.0         : MainThread     : DEBUG   : ru_initialize_common (NOOP)
2018-04-03 18:53:22,829: log.pubsub.pub.0002 : agent_0.staging.input.0         : MainThread     : DEBUG   : ru_initialize_parent (NOOP)
2018-04-03 18:53:22,829: log.pubsub.pub.0002 : agent_0.staging.input.0         : MainThread     : DEBUG   : process class started (no child)
2018-04-03 18:53:22,876: log.pubsub.pub.0002 : MainProcess                     : MainThread     : INFO    : python.interpreter   version: 2.7.7 |Continuum Analytics, Inc.| (default, Jun 2 2014, 12:34:02) [GCC 4.1.2 20080704 (Red Hat 4.1.2-54)]
2018-04-03 18:53:22,879: log.pubsub.pub.0002 : MainProcess                     : MainThread     : INFO    :                      pid: 4040
2018-04-03 18:53:22,879: log.pubsub.pub.0002 : MainProcess                     : MainThread     : INFO    :                      tid: MainThread
2018-04-03 18:53:22,879: log.pubsub.pub.0002 : MainProcess                     : MainThread     : INFO    : radical.pilot        version: 0.47-0.47-14-gb1dff8bd@devel
2018-04-03 18:53:22,879: log.pubsub.pub.0002 : MainProcess                     : MainThread     : INFO    : create log_pubsub - pub - tcp://204.90.41.34:43563
2018-04-03 18:53:22,880: log.pubsub.pub.0002 : MainProcess                     : MainThread     : DEBUG   : start process
2018-04-03 18:53:22,880: log.pubsub.pub.0002 : MainProcess                     : MainThread     : DEBUG   : ru_initialize_common (NOOP)
2018-04-03 18:53:22,880: log.pubsub.pub.0002 : MainProcess                     : MainThread     : DEBUG   : ru_initialize_parent (NOOP)
2018-04-03 18:53:22,880: log.pubsub.pub.0002 : MainProcess                     : MainThread     : DEBUG   : process class started (no child)
2018-04-03 19:05:40,773: log.pubsub.pub.0002 : agent_0.staging.input.0         : agent_0.staging.input.0.child.subscriber._cancel_monitor_cb: INFO    : parent stops child  4211 -> None [log.pubsub.pub.0002]
2018-04-03 19:05:40,773: log.pubsub.pub.0002 : agent_0.staging.input.0         : agent_0.staging.input.0.child.subscriber._cancel_monitor_cb: DEBUG   : ru_finalize_parent (NOOP)
