2018-03-20 06:21:52,977: control.pubsub.pub.0000: update.0                        : MainThread     : INFO    : python.interpreter   version: 2.7.14 (default, Sep 23 2017, 22:06:14) [GCC 7.2.0]
2018-03-20 06:21:52,977: control.pubsub.pub.0000: update.0                        : MainThread     : INFO    :                      pid: 3854
2018-03-20 06:21:52,977: control.pubsub.pub.0000: update.0                        : MainThread     : INFO    :                      tid: MainThread
2018-03-20 06:21:52,977: control.pubsub.pub.0000: update.0                        : MainThread     : INFO    : radical.pilot        version: 0.47-0.47-14-gb1dff8bd@devel
2018-03-20 06:21:52,978: control.pubsub.pub.0000: update.0                        : MainThread     : INFO    : create control_pubsub - pub - tcp://144.76.72.175:41007
2018-03-20 06:21:52,978: control.pubsub.pub.0000: update.0                        : MainThread     : DEBUG   : start process
2018-03-20 06:21:52,978: control.pubsub.pub.0000: update.0                        : MainThread     : DEBUG   : ru_initialize_common (NOOP)
2018-03-20 06:21:52,978: control.pubsub.pub.0000: update.0                        : MainThread     : DEBUG   : ru_initialize_parent (NOOP)
2018-03-20 06:21:52,978: control.pubsub.pub.0000: update.0                        : MainThread     : DEBUG   : process class started (no child)
2018-03-20 06:21:53,531: control.pubsub.pub.0000: MainProcess                     : MainThread     : INFO    : python.interpreter   version: 2.7.14 (default, Sep 23 2017, 22:06:14) [GCC 7.2.0]
2018-03-20 06:21:53,531: control.pubsub.pub.0000: MainProcess                     : MainThread     : INFO    :                      pid: 3825
2018-03-20 06:21:53,531: control.pubsub.pub.0000: MainProcess                     : MainThread     : INFO    :                      tid: MainThread
2018-03-20 06:21:53,531: control.pubsub.pub.0000: MainProcess                     : MainThread     : INFO    : radical.pilot        version: 0.47-0.47-14-gb1dff8bd@devel
2018-03-20 06:21:53,531: control.pubsub.pub.0000: MainProcess                     : MainThread     : INFO    : create control_pubsub - pub - tcp://144.76.72.175:41007
2018-03-20 06:21:53,532: control.pubsub.pub.0000: MainProcess                     : MainThread     : DEBUG   : start process
2018-03-20 06:21:53,532: control.pubsub.pub.0000: MainProcess                     : MainThread     : DEBUG   : ru_initialize_common (NOOP)
2018-03-20 06:21:53,532: control.pubsub.pub.0000: MainProcess                     : MainThread     : DEBUG   : ru_initialize_parent (NOOP)
2018-03-20 06:21:53,532: control.pubsub.pub.0000: MainProcess                     : MainThread     : DEBUG   : process class started (no child)
2018-03-20 06:23:26,066: control.pubsub.pub.0000: MainProcess                     : MainThread     : INFO    : parent stops child  3825 -> None [control.pubsub.pub.0000]
2018-03-20 06:23:26,066: control.pubsub.pub.0000: MainProcess                     : MainThread     : DEBUG   : ru_finalize_parent (NOOP)
2018-03-20 06:23:26,364: control.pubsub.pub.0000: update.0                        : MainThread     : INFO    : parent stops child  3854 -> None [control.pubsub.pub.0000]
2018-03-20 06:23:26,365: control.pubsub.pub.0000: update.0                        : MainThread     : DEBUG   : ru_finalize_parent (NOOP)
