2018-03-20 06:21:52,971: log.pubsub.pub.0000 : update.0                        : MainThread     : INFO    : python.interpreter   version: 2.7.14 (default, Sep 23 2017, 22:06:14) [GCC 7.2.0]
2018-03-20 06:21:52,972: log.pubsub.pub.0000 : update.0                        : MainThread     : INFO    :                      pid: 3854
2018-03-20 06:21:52,972: log.pubsub.pub.0000 : update.0                        : MainThread     : INFO    :                      tid: MainThread
2018-03-20 06:21:52,972: log.pubsub.pub.0000 : update.0                        : MainThread     : INFO    : radical.pilot        version: 0.47-0.47-14-gb1dff8bd@devel
2018-03-20 06:21:52,972: log.pubsub.pub.0000 : update.0                        : MainThread     : INFO    : create log_pubsub - pub - tcp://144.76.72.175:38497
2018-03-20 06:21:52,973: log.pubsub.pub.0000 : update.0                        : MainThread     : DEBUG   : start process
2018-03-20 06:21:52,973: log.pubsub.pub.0000 : update.0                        : MainThread     : DEBUG   : ru_initialize_common (NOOP)
2018-03-20 06:21:52,973: log.pubsub.pub.0000 : update.0                        : MainThread     : DEBUG   : ru_initialize_parent (NOOP)
2018-03-20 06:21:52,973: log.pubsub.pub.0000 : update.0                        : MainThread     : DEBUG   : process class started (no child)
2018-03-20 06:21:53,527: log.pubsub.pub.0000 : MainProcess                     : MainThread     : INFO    : python.interpreter   version: 2.7.14 (default, Sep 23 2017, 22:06:14) [GCC 7.2.0]
2018-03-20 06:21:53,527: log.pubsub.pub.0000 : MainProcess                     : MainThread     : INFO    :                      pid: 3825
2018-03-20 06:21:53,528: log.pubsub.pub.0000 : MainProcess                     : MainThread     : INFO    :                      tid: MainThread
2018-03-20 06:21:53,528: log.pubsub.pub.0000 : MainProcess                     : MainThread     : INFO    : radical.pilot        version: 0.47-0.47-14-gb1dff8bd@devel
2018-03-20 06:21:53,528: log.pubsub.pub.0000 : MainProcess                     : MainThread     : INFO    : create log_pubsub - pub - tcp://144.76.72.175:38497
2018-03-20 06:21:53,528: log.pubsub.pub.0000 : MainProcess                     : MainThread     : DEBUG   : start process
2018-03-20 06:21:53,528: log.pubsub.pub.0000 : MainProcess                     : MainThread     : DEBUG   : ru_initialize_common (NOOP)
2018-03-20 06:21:53,529: log.pubsub.pub.0000 : MainProcess                     : MainThread     : DEBUG   : ru_initialize_parent (NOOP)
2018-03-20 06:21:53,529: log.pubsub.pub.0000 : MainProcess                     : MainThread     : DEBUG   : process class started (no child)
2018-03-20 06:23:26,064: log.pubsub.pub.0000 : MainProcess                     : MainThread     : INFO    : parent stops child  3825 -> None [log.pubsub.pub.0000]
2018-03-20 06:23:26,064: log.pubsub.pub.0000 : MainProcess                     : MainThread     : DEBUG   : ru_finalize_parent (NOOP)
2018-03-20 06:23:26,362: log.pubsub.pub.0000 : update.0                        : MainThread     : INFO    : parent stops child  3854 -> None [log.pubsub.pub.0000]
2018-03-20 06:23:26,362: log.pubsub.pub.0000 : update.0                        : MainThread     : DEBUG   : ru_finalize_parent (NOOP)
