2018-03-20 06:21:53,513: state.pubsub.sub.0000: update.0                        : MainThread     : INFO    : python.interpreter   version: 2.7.14 (default, Sep 23 2017, 22:06:14) [GCC 7.2.0]
2018-03-20 06:21:53,513: state.pubsub.sub.0000: update.0                        : MainThread     : INFO    :                      pid: 3854
2018-03-20 06:21:53,513: state.pubsub.sub.0000: update.0                        : MainThread     : INFO    :                      tid: MainThread
2018-03-20 06:21:53,514: state.pubsub.sub.0000: update.0                        : MainThread     : INFO    : radical.pilot        version: 0.47-0.47-14-gb1dff8bd@devel
2018-03-20 06:21:53,514: state.pubsub.sub.0000: update.0                        : MainThread     : INFO    : create state_pubsub - sub - tcp://144.76.72.175:36499
2018-03-20 06:21:53,514: state.pubsub.sub.0000: update.0                        : MainThread     : DEBUG   : start process
2018-03-20 06:21:53,514: state.pubsub.sub.0000: update.0                        : MainThread     : DEBUG   : ru_initialize_common (NOOP)
2018-03-20 06:21:53,514: state.pubsub.sub.0000: update.0                        : MainThread     : DEBUG   : ru_initialize_parent (NOOP)
2018-03-20 06:21:53,515: state.pubsub.sub.0000: update.0                        : MainThread     : DEBUG   : process class started (no child)
2018-03-20 06:21:53,684: state.pubsub.sub.0000: MainProcess                     : MainThread     : INFO    : python.interpreter   version: 2.7.14 (default, Sep 23 2017, 22:06:14) [GCC 7.2.0]
2018-03-20 06:21:53,684: state.pubsub.sub.0000: MainProcess                     : MainThread     : INFO    :                      pid: 3825
2018-03-20 06:21:53,684: state.pubsub.sub.0000: MainProcess                     : MainThread     : INFO    :                      tid: MainThread
2018-03-20 06:21:53,684: state.pubsub.sub.0000: MainProcess                     : MainThread     : INFO    : radical.pilot        version: 0.47-0.47-14-gb1dff8bd@devel
2018-03-20 06:21:53,684: state.pubsub.sub.0000: MainProcess                     : MainThread     : INFO    : create state_pubsub - sub - tcp://144.76.72.175:36499
2018-03-20 06:21:53,685: state.pubsub.sub.0000: MainProcess                     : MainThread     : DEBUG   : start process
2018-03-20 06:21:53,685: state.pubsub.sub.0000: MainProcess                     : MainThread     : DEBUG   : ru_initialize_common (NOOP)
2018-03-20 06:21:53,685: state.pubsub.sub.0000: MainProcess                     : MainThread     : DEBUG   : ru_initialize_parent (NOOP)
2018-03-20 06:21:53,685: state.pubsub.sub.0000: MainProcess                     : MainThread     : DEBUG   : process class started (no child)
2018-03-20 06:23:22,899: state.pubsub.sub.0000: MainProcess                     : pmgr.0000.subscriber._state_sub_cb: INFO    : parent stops child  3825 -> None [state.pubsub.sub.0000]
2018-03-20 06:23:22,899: state.pubsub.sub.0000: MainProcess                     : pmgr.0000.subscriber._state_sub_cb: DEBUG   : ru_finalize_parent (NOOP)
2018-03-20 06:23:26,409: state.pubsub.sub.0000: update.0                        : MainThread     : INFO    : parent stops child  3854 -> None [state.pubsub.sub.0000]
2018-03-20 06:23:26,409: state.pubsub.sub.0000: update.0                        : MainThread     : DEBUG   : ru_finalize_parent (NOOP)
