2018-03-20 06:21:52,920: update.0.child      : update.0                        : MainThread     : INFO    : python.interpreter   version: 2.7.14 (default, Sep 23 2017, 22:06:14) [GCC 7.2.0]
2018-03-20 06:21:52,920: update.0.child      : update.0                        : MainThread     : INFO    :                      pid: 3854
2018-03-20 06:21:52,920: update.0.child      : update.0                        : MainThread     : INFO    :                      tid: MainThread
2018-03-20 06:21:52,921: update.0.child      : update.0                        : MainThread     : INFO    : radical.pilot        version: 0.47-0.47-14-gb1dff8bd@devel
2018-03-20 06:21:52,968: update.0.child      : update.0                        : MainThread     : INFO    : initialize update.0.child
2018-03-20 06:21:52,970: update.0.child      : update.0                        : MainThread     : INFO    : cfg: {'agents': {},
 u'bridges': {u'control_pubsub': {'addr_in': 'tcp://144.76.72.175:41007',
                                  'addr_out': 'tcp://144.76.72.175:44653',
                                  u'bulk_size': 0,
                                  u'log_level': u'debug',
                                  u'stall_hwm': 1},
              u'log_pubsub': {'addr_in': 'tcp://144.76.72.175:38497',
                              'addr_out': 'tcp://144.76.72.175:42267',
                              u'bulk_size': 0,
                              u'log_level': u'debug',
                              u'stall_hwm': 1},
              u'state_pubsub': {'addr_in': 'tcp://144.76.72.175:45345',
                                'addr_out': 'tcp://144.76.72.175:36499',
                                u'bulk_size': 0,
                                u'log_level': u'debug',
                                u'stall_hwm': 1}},
 'cname': u'UpdateWorker',
 u'components': {},
 u'count': 1,
 'dburl': 'mongodb://rp:rp@ds015335.mlab.com:15335/rp',
 'debug': 'DEBUG',
 u'default_dburl': u'mongodb://rp:rp@ds015335.mlab.com:15335/rp',
 'logdir': '/home/george/matteo-project/orte-example/rp.session.one.george.017610.0001',
 'number': 0,
 'owner': 'rp.session.one.george.017610.0001',
 'session_id': 'rp.session.one.george.017610.0001'}
2018-03-20 06:21:52,970: update.0.child      : update.0                        : MainThread     : DEBUG   : start components: {}
2018-03-20 06:21:52,970: update.0.child      : update.0                        : MainThread     : DEBUG   : alive check in term
2018-03-20 06:21:52,971: update.0.child      : update.0                        : MainThread     : DEBUG   : START: update.0.child register publisher log_pubsub
2018-03-20 06:21:52,971: update.0.child      : update.0                        : MainThread     : DEBUG   : using addr tcp://144.76.72.175:38497 for pubsub log_pubsub
2018-03-20 06:21:52,973: update.0.child      : update.0                        : MainThread     : DEBUG   : registered publisher : log_pubsub : log.pubsub.pub.0000
2018-03-20 06:21:52,973: update.0.child      : update.0                        : MainThread     : DEBUG   : alive check in term
2018-03-20 06:21:52,974: update.0.child      : update.0                        : MainThread     : DEBUG   : START: update.0.child register publisher state_pubsub
2018-03-20 06:21:52,974: update.0.child      : update.0                        : MainThread     : DEBUG   : using addr tcp://144.76.72.175:45345 for pubsub state_pubsub
2018-03-20 06:21:52,976: update.0.child      : update.0                        : MainThread     : DEBUG   : registered publisher : state_pubsub : state.pubsub.pub.0000
2018-03-20 06:21:52,976: update.0.child      : update.0                        : MainThread     : DEBUG   : alive check in term
2018-03-20 06:21:52,976: update.0.child      : update.0                        : MainThread     : DEBUG   : START: update.0.child register publisher control_pubsub
2018-03-20 06:21:52,976: update.0.child      : update.0                        : MainThread     : DEBUG   : using addr tcp://144.76.72.175:41007 for pubsub control_pubsub
2018-03-20 06:21:52,979: update.0.child      : update.0                        : MainThread     : DEBUG   : registered publisher : control_pubsub : control.pubsub.pub.0000
2018-03-20 06:21:53,003: update.0.child      : update.0                        : MainThread     : DEBUG   : alive check in term
2018-03-20 06:21:53,004: update.0.child      : update.0                        : MainThread     : DEBUG   : START: update.0.child register subscriber update.0.child.subscriber._cancel_monitor_cb
2018-03-20 06:21:53,004: update.0.child      : update.0                        : MainThread     : DEBUG   : using addr tcp://144.76.72.175:44653 for pubsub control_pubsub
2018-03-20 06:21:53,006: update.0.child      : update.0                        : MainThread     : DEBUG   : parent name: update.0.child.subscriber._cancel_monitor_cb
2018-03-20 06:21:53,006: update.0.child      : update.0                        : MainThread     : DEBUG   : start thread
2018-03-20 06:21:53,007: update.0.child      : update.0                        : update.0.child.subscriber._cancel_monitor_cb: DEBUG   : child name: update.0.child.subscriber._cancel_monitor_cb.thread
2018-03-20 06:21:53,007: update.0.child      : update.0                        : update.0.child.subscriber._cancel_monitor_cb: INFO    : child (me) initializing
2018-03-20 06:21:53,007: update.0.child      : update.0                        : update.0.child.subscriber._cancel_monitor_cb: DEBUG   : ru_initialize_common (NOOP)
2018-03-20 06:21:53,007: update.0.child      : update.0                        : update.0.child.subscriber._cancel_monitor_cb: DEBUG   : ru_initialize_child (NOOP)
2018-03-20 06:21:53,007: update.0.child      : update.0                        : update.0.child.subscriber._cancel_monitor_cb: INFO    : send alive
2018-03-20 06:21:53,007: update.0.child      : update.0                        : update.0.child.subscriber._cancel_monitor_cb: INFO    : put message: [update.0.child.subscriber._cancel_monitor_cb.thread] alive
2018-03-20 06:21:53,008: update.0.child      : update.0                        : MainThread     : INFO    : get msg: alive
2018-03-20 06:21:53,008: update.0.child      : update.0                        : MainThread     : DEBUG   : ru_initialize_common (NOOP)
2018-03-20 06:21:53,009: update.0.child      : update.0                        : MainThread     : DEBUG   : ru_initialize_parent (NOOP)
2018-03-20 06:21:53,009: update.0.child      : update.0                        : MainThread     : DEBUG   : child thread update.0.child.subscriber._cancel_monitor_cb started
2018-03-20 06:21:53,009: update.0.child      : update.0                        : MainThread     : DEBUG   : update.0.child registered control_pubsub subscriber update.0.child.subscriber._cancel_monitor_cb
2018-03-20 06:21:53,512: update.0.child      : update.0                        : MainThread     : DEBUG   : alive check in term
2018-03-20 06:21:53,512: update.0.child      : update.0                        : MainThread     : DEBUG   : START: update.0.child register subscriber update.0.child.subscriber._state_cb
2018-03-20 06:21:53,512: update.0.child      : update.0                        : MainThread     : DEBUG   : using addr tcp://144.76.72.175:36499 for pubsub state_pubsub
2018-03-20 06:21:53,515: update.0.child      : update.0                        : MainThread     : DEBUG   : parent name: update.0.child.subscriber._state_cb
2018-03-20 06:21:53,515: update.0.child      : update.0                        : MainThread     : DEBUG   : start thread
2018-03-20 06:21:53,515: update.0.child      : update.0                        : update.0.child.subscriber._state_cb: DEBUG   : child name: update.0.child.subscriber._state_cb.thread
2018-03-20 06:21:53,515: update.0.child      : update.0                        : update.0.child.subscriber._state_cb: INFO    : child (me) initializing
2018-03-20 06:21:53,515: update.0.child      : update.0                        : update.0.child.subscriber._state_cb: DEBUG   : ru_initialize_common (NOOP)
2018-03-20 06:21:53,516: update.0.child      : update.0                        : update.0.child.subscriber._state_cb: DEBUG   : ru_initialize_child (NOOP)
2018-03-20 06:21:53,516: update.0.child      : update.0                        : update.0.child.subscriber._state_cb: INFO    : send alive
2018-03-20 06:21:53,516: update.0.child      : update.0                        : update.0.child.subscriber._state_cb: INFO    : put message: [update.0.child.subscriber._state_cb.thread] alive
2018-03-20 06:21:53,517: update.0.child      : update.0                        : MainThread     : INFO    : get msg: alive
2018-03-20 06:21:53,517: update.0.child      : update.0                        : MainThread     : DEBUG   : ru_initialize_common (NOOP)
2018-03-20 06:21:53,517: update.0.child      : update.0                        : MainThread     : DEBUG   : ru_initialize_parent (NOOP)
2018-03-20 06:21:53,517: update.0.child      : update.0                        : MainThread     : DEBUG   : child thread update.0.child.subscriber._state_cb started
2018-03-20 06:21:53,517: update.0.child      : update.0                        : MainThread     : DEBUG   : update.0.child registered state_pubsub subscriber update.0.child.subscriber._state_cb
2018-03-20 06:21:53,517: update.0.child      : update.0                        : MainThread     : DEBUG   : alive check in term
2018-03-20 06:21:53,517: update.0.child      : update.0                        : MainThread     : DEBUG   : START: update.0.child register idler update.0.child.idler._idle_cb
2018-03-20 06:21:53,518: update.0.child      : update.0                        : MainThread     : DEBUG   : parent name: update.0.child.idler._idle_cb
2018-03-20 06:21:53,518: update.0.child      : update.0                        : MainThread     : DEBUG   : start thread
2018-03-20 06:21:53,518: update.0.child      : update.0                        : update.0.child.idler._idle_cb: DEBUG   : child name: update.0.child.idler._idle_cb.thread
2018-03-20 06:21:53,519: update.0.child      : update.0                        : update.0.child.idler._idle_cb: INFO    : child (me) initializing
2018-03-20 06:21:53,519: update.0.child      : update.0                        : update.0.child.idler._idle_cb: DEBUG   : ru_initialize_common (NOOP)
2018-03-20 06:21:53,519: update.0.child      : update.0                        : update.0.child.idler._idle_cb: DEBUG   : ru_initialize_child (NOOP)
2018-03-20 06:21:53,519: update.0.child      : update.0                        : update.0.child.idler._idle_cb: INFO    : send alive
2018-03-20 06:21:53,519: update.0.child      : update.0                        : update.0.child.idler._idle_cb: INFO    : put message: [update.0.child.idler._idle_cb.thread] alive
2018-03-20 06:21:53,520: update.0.child      : update.0                        : MainThread     : INFO    : get msg: alive
2018-03-20 06:21:53,520: update.0.child      : update.0                        : MainThread     : DEBUG   : ru_initialize_common (NOOP)
2018-03-20 06:21:53,520: update.0.child      : update.0                        : MainThread     : DEBUG   : ru_initialize_parent (NOOP)
2018-03-20 06:21:53,520: update.0.child      : update.0                        : MainThread     : DEBUG   : child thread update.0.child.idler._idle_cb started
2018-03-20 06:21:53,520: update.0.child      : update.0                        : MainThread     : DEBUG   : update.0.child registered idler update.0.child.idler._idle_cb
2018-03-20 06:21:53,521: update.0.child      : update.0                        : MainThread     : INFO    : child (me) initializing
2018-03-20 06:21:53,521: update.0.child      : update.0                        : MainThread     : DEBUG   : parent name: update.0.child.watch
2018-03-20 06:21:53,521: update.0.child      : update.0                        : MainThread     : DEBUG   : start thread
2018-03-20 06:21:53,521: update.0.child      : update.0                        : update.0.child.watch: DEBUG   : child name: update.0.child.watch.thread
2018-03-20 06:21:53,521: update.0.child      : update.0                        : update.0.child.watch: INFO    : child (me) initializing
2018-03-20 06:21:53,521: update.0.child      : update.0                        : update.0.child.watch: DEBUG   : ru_initialize_common (NOOP)
2018-03-20 06:21:53,522: update.0.child      : update.0                        : update.0.child.watch: DEBUG   : ru_initialize_child (NOOP)
2018-03-20 06:21:53,522: update.0.child      : update.0                        : update.0.child.watch: INFO    : send alive
2018-03-20 06:21:53,522: update.0.child      : update.0                        : update.0.child.watch: INFO    : put message: [update.0.child.watch.thread] alive
2018-03-20 06:21:53,522: update.0.child      : update.0                        : MainThread     : INFO    : get msg: alive
2018-03-20 06:21:53,523: update.0.child      : update.0                        : MainThread     : DEBUG   : ru_initialize_common (NOOP)
2018-03-20 06:21:53,523: update.0.child      : update.0                        : MainThread     : DEBUG   : ru_initialize_parent (NOOP)
2018-03-20 06:21:53,523: update.0.child      : update.0                        : MainThread     : DEBUG   : child thread update.0.child.watch started
2018-03-20 06:21:53,523: update.0.child      : update.0                        : MainThread     : INFO    : child (me) is alive
2018-03-20 06:21:53,523: update.0.child      : update.0                        : MainThread     : INFO    : send alive
2018-03-20 06:21:53,523: update.0.child      : update.0                        : MainThread     : INFO    : send message: [update.0.child] alive
2018-03-20 06:21:58,955: update.0.child      : update.0                        : update.0.child.subscriber._state_cb: DEBUG   : bulk update result: {'nModified': 1, 'nUpserted': 0, 'nMatched': 1, 'writeErrors': [], 'upserted': [], 'writeConcernErrors': [], 'nRemoved': 0, 'nInserted': 0}
2018-03-20 06:21:59,889: update.0.child      : update.0                        : update.0.child.subscriber._cancel_monitor_cb: DEBUG   : command ignored: add_pilots
2018-03-20 06:22:00,630: update.0.child      : update.0                        : update.0.child.idler._idle_cb: DEBUG   : bulk update result: {'nModified': 1, 'nUpserted': 0, 'nMatched': 1, 'writeErrors': [], 'upserted': [], 'writeConcernErrors': [], 'nRemoved': 0, 'nInserted': 0}
2018-03-20 06:22:00,973: update.0.child      : update.0                        : update.0.child.subscriber._state_cb: DEBUG   : bulk update result: {'nModified': 256, 'nUpserted': 0, 'nMatched': 256, 'writeErrors': [], 'upserted': [], 'writeConcernErrors': [], 'nRemoved': 0, 'nInserted': 0}
2018-03-20 06:22:01,125: update.0.child      : update.0                        : update.0.child.subscriber._state_cb: DEBUG   : bulk update result: {'nModified': 256, 'nUpserted': 0, 'nMatched': 256, 'writeErrors': [], 'upserted': [], 'writeConcernErrors': [], 'nRemoved': 0, 'nInserted': 0}
2018-03-20 06:22:01,354: update.0.child      : update.0                        : update.0.child.subscriber._state_cb: DEBUG   : bulk update result: {'nModified': 256, 'nUpserted': 0, 'nMatched': 256, 'writeErrors': [], 'upserted': [], 'writeConcernErrors': [], 'nRemoved': 0, 'nInserted': 0}
2018-03-20 06:22:01,504: update.0.child      : update.0                        : update.0.child.subscriber._state_cb: DEBUG   : bulk update result: {'nModified': 256, 'nUpserted': 0, 'nMatched': 256, 'writeErrors': [], 'upserted': [], 'writeConcernErrors': [], 'nRemoved': 0, 'nInserted': 0}
2018-03-20 06:22:11,620: update.0.child      : update.0                        : update.0.child.subscriber._state_cb: DEBUG   : bulk update result: {'nModified': 256, 'nUpserted': 0, 'nMatched': 256, 'writeErrors': [], 'upserted': [], 'writeConcernErrors': [], 'nRemoved': 0, 'nInserted': 0}
2018-03-20 06:22:20,638: update.0.child      : update.0                        : update.0.child.subscriber._state_cb: DEBUG   : bulk update result: {'nModified': 1, 'nUpserted': 0, 'nMatched': 1, 'writeErrors': [], 'upserted': [], 'writeConcernErrors': [], 'nRemoved': 0, 'nInserted': 0}
2018-03-20 06:23:12,684: update.0.child      : update.0                        : update.0.child.subscriber._state_cb: DEBUG   : bulk update result: {'nModified': 1, 'nUpserted': 0, 'nMatched': 1, 'writeErrors': [], 'upserted': [], 'writeConcernErrors': [], 'nRemoved': 0, 'nInserted': 0}
2018-03-20 06:23:14,147: update.0.child      : update.0                        : update.0.child.subscriber._state_cb: DEBUG   : bulk update result: {'nModified': 142, 'nUpserted': 0, 'nMatched': 142, 'writeErrors': [], 'upserted': [], 'writeConcernErrors': [], 'nRemoved': 0, 'nInserted': 0}
2018-03-20 06:23:14,282: update.0.child      : update.0                        : update.0.child.subscriber._state_cb: DEBUG   : bulk update result: {'nModified': 142, 'nUpserted': 0, 'nMatched': 142, 'writeErrors': [], 'upserted': [], 'writeConcernErrors': [], 'nRemoved': 0, 'nInserted': 0}
2018-03-20 06:23:14,648: update.0.child      : update.0                        : update.0.child.subscriber._state_cb: DEBUG   : bulk update result: {'nModified': 142, 'nUpserted': 0, 'nMatched': 142, 'writeErrors': [], 'upserted': [], 'writeConcernErrors': [], 'nRemoved': 0, 'nInserted': 0}
2018-03-20 06:23:15,508: update.0.child      : update.0                        : update.0.child.subscriber._state_cb: DEBUG   : bulk update result: {'nModified': 174, 'nUpserted': 0, 'nMatched': 174, 'writeErrors': [], 'upserted': [], 'writeConcernErrors': [], 'nRemoved': 0, 'nInserted': 0}
2018-03-20 06:23:17,020: update.0.child      : update.0                        : update.0.child.subscriber._state_cb: DEBUG   : bulk update result: {'nModified': 114, 'nUpserted': 0, 'nMatched': 114, 'writeErrors': [], 'upserted': [], 'writeConcernErrors': [], 'nRemoved': 0, 'nInserted': 0}
2018-03-20 06:23:18,329: update.0.child      : update.0                        : update.0.child.idler._idle_cb: DEBUG   : bulk update result: {'nModified': 54, 'nUpserted': 0, 'nMatched': 54, 'writeErrors': [], 'upserted': [], 'writeConcernErrors': [], 'nRemoved': 0, 'nInserted': 0}
2018-03-20 06:23:22,870: update.0.child      : update.0                        : update.0.child.subscriber._cancel_monitor_cb: DEBUG   : command ignored: cancel_pilots
2018-03-20 06:23:22,997: update.0.child      : update.0                        : update.0.child.subscriber._state_cb: DEBUG   : bulk update result: {'nModified': 1, 'nUpserted': 0, 'nMatched': 1, 'writeErrors': [], 'upserted': [], 'writeConcernErrors': [], 'nRemoved': 0, 'nInserted': 0}
2018-03-20 06:23:26,082: update.0.child      : update.0                        : update.0.child.watch: INFO    : recv message: STOP
2018-03-20 06:23:26,082: update.0.child      : update.0                        : update.0.child.watch: INFO    : message received: STOP
2018-03-20 06:23:26,082: update.0.child      : update.0                        : update.0.child.watch: INFO    : STOP received: STOP
2018-03-20 06:23:26,082: update.0.child      : update.0                        : update.0.child.watch: INFO    : watcher closes
2018-03-20 06:23:26,082: update.0.child      : update.0                        : update.0.child.watch: INFO    : put message: [update.0.child.watch.thread] work finished
2018-03-20 06:23:26,082: update.0.child      : update.0                        : update.0.child.watch: DEBUG   : ru_finalize_child (NOOP)
2018-03-20 06:23:26,083: update.0.child      : update.0                        : update.0.child.watch: DEBUG   : ru_finalize_common (NOOP)
2018-03-20 06:23:26,083: update.0.child      : update.0                        : update.0.child.watch: INFO    : put message: [update.0.child.watch.thread] terminating
2018-03-20 06:23:26,172: update.0.child      : update.0                        : MainThread     : WARNING : alive check: proc invalid - stop [False - True]
2018-03-20 06:23:26,207: update.0.child      : update.0                        : MainThread     : INFO    : stop update.0.child (3854 : 3854 : MainThread) [radical.pilot.worker.update.Update.stop]
2018-03-20 06:23:26,247: update.0.child      : update.0                        : MainThread     : INFO    : parent stops child  3854 -> 3854 [update.0.child]
2018-03-20 06:23:26,247: update.0.child      : update.0                        : MainThread     : INFO    : send message: [update.0.child] STOP
2018-03-20 06:23:26,247: update.0.child      : update.0                        : MainThread     : WARNING : send failed ([Errno 9] Bad file descriptor) - terminate
2018-03-20 06:23:26,248: update.0.child      : update.0                        : MainThread     : DEBUG   : TERM : update.0.child unregister idler update.0.child.idler._idle_cb
2018-03-20 06:23:26,248: update.0.child      : update.0                        : MainThread     : INFO    : parent stops child
2018-03-20 06:23:26,248: update.0.child      : update.0                        : MainThread     : DEBUG   : ru_finalize_parent (NOOP)
2018-03-20 06:23:26,248: update.0.child      : update.0                        : MainThread     : DEBUG   : ru_finalize_common (NOOP)
2018-03-20 06:23:26,343: update.0.child      : update.0                        : update.0.child.idler._idle_cb: DEBUG   : ru_finalize_child (NOOP)
2018-03-20 06:23:26,343: update.0.child      : update.0                        : update.0.child.idler._idle_cb: DEBUG   : ru_finalize_common (NOOP)
2018-03-20 06:23:26,343: update.0.child      : update.0                        : update.0.child.idler._idle_cb: INFO    : put message: [update.0.child.idler._idle_cb.thread] terminating
2018-03-20 06:23:26,362: update.0.child      : update.0                        : MainThread     : DEBUG   : TERM : update.0.child unregistered idler update.0.child.idler._idle_cb
2018-03-20 06:23:26,362: update.0.child      : update.0                        : MainThread     : DEBUG   : TERM : update.0.child unregister subscriber update.0.child.subscriber._state_cb
2018-03-20 06:23:26,362: update.0.child      : update.0                        : MainThread     : DEBUG   : unregistered subscriber update.0.child.subscriber._state_cb
2018-03-20 06:23:26,362: update.0.child      : update.0                        : MainThread     : DEBUG   : ru_finalize_common()
2018-03-20 06:23:26,362: update.0.child      : update.0                        : MainThread     : DEBUG   : TERM : update.0.child unregister publisher log_pubsub
2018-03-20 06:23:26,363: update.0.child      : update.0                        : MainThread     : DEBUG   : unregistered publisher log_pubsub
2018-03-20 06:23:26,363: update.0.child      : update.0                        : MainThread     : DEBUG   : TERM : update.0.child unregister publisher state_pubsub
2018-03-20 06:23:26,364: update.0.child      : update.0                        : MainThread     : DEBUG   : unregistered publisher state_pubsub
2018-03-20 06:23:26,364: update.0.child      : update.0                        : MainThread     : DEBUG   : TERM : update.0.child unregister publisher control_pubsub
2018-03-20 06:23:26,365: update.0.child      : update.0                        : MainThread     : DEBUG   : unregistered publisher control_pubsub
2018-03-20 06:23:26,365: update.0.child      : update.0                        : MainThread     : DEBUG   : update.0.child close prof
2018-03-20 06:23:26,406: update.0.child      : update.0                        : MainThread     : INFO    : parent stops child
2018-03-20 06:23:26,406: update.0.child      : update.0                        : MainThread     : DEBUG   : ru_finalize_parent (NOOP)
2018-03-20 06:23:26,406: update.0.child      : update.0                        : MainThread     : DEBUG   : ru_finalize_common (NOOP)
2018-03-20 06:23:26,406: update.0.child      : update.0                        : MainThread     : INFO    : parent stops child
2018-03-20 06:23:26,406: update.0.child      : update.0                        : MainThread     : DEBUG   : ru_finalize_parent (NOOP)
2018-03-20 06:23:26,407: update.0.child      : update.0                        : update.0.child.subscriber._cancel_monitor_cb: DEBUG   : ru_finalize_child (NOOP)
2018-03-20 06:23:26,407: update.0.child      : update.0                        : update.0.child.subscriber._cancel_monitor_cb: INFO    : put message: [update.0.child.subscriber._cancel_monitor_cb.thread] terminating
2018-03-20 06:23:26,408: update.0.child      : update.0                        : MainThread     : INFO    : parent stops child
2018-03-20 06:23:26,408: update.0.child      : update.0                        : MainThread     : DEBUG   : ru_finalize_parent (NOOP)
2018-03-20 06:23:26,409: update.0.child      : update.0                        : update.0.child.subscriber._state_cb: DEBUG   : ru_finalize_child (NOOP)
2018-03-20 06:23:26,409: update.0.child      : update.0                        : update.0.child.subscriber._state_cb: INFO    : put message: [update.0.child.subscriber._state_cb.thread] terminating
2018-03-20 06:23:26,410: update.0.child      : update.0                        : MainThread     : INFO    : parent stops child
2018-03-20 06:23:26,410: update.0.child      : update.0                        : MainThread     : WARNING : super update.0.child is invalid
2018-03-20 06:23:26,410: update.0.child      : update.0                        : MainThread     : WARNING : component update.0.child is invalid
2018-03-20 06:23:26,411: update.0.child      : update.0                        : MainThread     : INFO    : stop update.0.child (3854 : 3854 : MainThread) [radical.pilot.worker.update.Update.stop]
2018-03-20 06:23:26,411: update.0.child      : update.0                        : MainThread     : DEBUG   : TERM : update.0.child unregister idler update.0.child.idler._idle_cb
2018-03-20 06:23:26,411: update.0.child      : update.0                        : MainThread     : WARNING : timed cb update.0.child.idler._idle_cb is not registered
2018-03-20 06:23:26,411: update.0.child      : update.0                        : MainThread     : DEBUG   : TERM : update.0.child unregister subscriber update.0.child.subscriber._state_cb
2018-03-20 06:23:26,411: update.0.child      : update.0                        : MainThread     : WARNING : subscriber _state_cb is not registered
2018-03-20 06:23:26,411: update.0.child      : update.0                        : MainThread     : DEBUG   : ru_finalize_common()
2018-03-20 06:23:26,411: update.0.child      : update.0                        : MainThread     : WARNING : publisher log_pubsub is not registered
2018-03-20 06:23:26,411: update.0.child      : update.0                        : MainThread     : WARNING : publisher state_pubsub is not registered
2018-03-20 06:23:26,411: update.0.child      : update.0                        : MainThread     : WARNING : publisher control_pubsub is not registered
2018-03-20 06:23:26,412: update.0.child      : update.0                        : MainThread     : DEBUG   : update.0.child close prof
2018-03-20 06:23:26,412: update.0.child      : update.0                        : MainThread     : INFO    : send message: [update.0.child] terminating
2018-03-20 06:23:26,412: update.0.child      : update.0                        : MainThread     : WARNING : send failed ([Errno 9] Bad file descriptor) - terminate
2018-03-20 06:23:26,412: update.0.child      : update.0                        : MainThread     : INFO    : parent stops child
2018-03-20 06:23:26,412: update.0.child      : update.0                        : MainThread     : INFO    : parent stops child
2018-03-20 06:23:26,412: update.0.child      : update.0                        : MainThread     : INFO    : parent stops child
