2018-03-27 18:22:53,118: control.pubsub.pub.0000: update.0                        : MainThread     : INFO    : python.interpreter   version: 2.7.14 (default, Sep 23 2017, 22:06:14) [GCC 7.2.0]
2018-03-27 18:22:53,118: control.pubsub.pub.0000: update.0                        : MainThread     : INFO    :                      pid: 19500
2018-03-27 18:22:53,118: control.pubsub.pub.0000: update.0                        : MainThread     : INFO    :                      tid: MainThread
2018-03-27 18:22:53,118: control.pubsub.pub.0000: update.0                        : MainThread     : INFO    : radical.pilot        version: 0.47-0.47-14-gb1dff8bd@devel
2018-03-27 18:22:53,118: control.pubsub.pub.0000: update.0                        : MainThread     : INFO    : create control_pubsub - pub - tcp://144.76.72.175:39505
2018-03-27 18:22:53,119: control.pubsub.pub.0000: update.0                        : MainThread     : DEBUG   : start process
2018-03-27 18:22:53,119: control.pubsub.pub.0000: update.0                        : MainThread     : DEBUG   : ru_initialize_common (NOOP)
2018-03-27 18:22:53,119: control.pubsub.pub.0000: update.0                        : MainThread     : DEBUG   : ru_initialize_parent (NOOP)
2018-03-27 18:22:53,119: control.pubsub.pub.0000: update.0                        : MainThread     : DEBUG   : process class started (no child)
2018-03-27 18:22:53,697: control.pubsub.pub.0000: MainProcess                     : MainThread     : INFO    : python.interpreter   version: 2.7.14 (default, Sep 23 2017, 22:06:14) [GCC 7.2.0]
2018-03-27 18:22:53,697: control.pubsub.pub.0000: MainProcess                     : MainThread     : INFO    :                      pid: 19465
2018-03-27 18:22:53,697: control.pubsub.pub.0000: MainProcess                     : MainThread     : INFO    :                      tid: MainThread
2018-03-27 18:22:53,697: control.pubsub.pub.0000: MainProcess                     : MainThread     : INFO    : radical.pilot        version: 0.47-0.47-14-gb1dff8bd@devel
2018-03-27 18:22:53,697: control.pubsub.pub.0000: MainProcess                     : MainThread     : INFO    : create control_pubsub - pub - tcp://144.76.72.175:39505
2018-03-27 18:22:53,697: control.pubsub.pub.0000: MainProcess                     : MainThread     : DEBUG   : start process
2018-03-27 18:22:53,698: control.pubsub.pub.0000: MainProcess                     : MainThread     : DEBUG   : ru_initialize_common (NOOP)
2018-03-27 18:22:53,698: control.pubsub.pub.0000: MainProcess                     : MainThread     : DEBUG   : ru_initialize_parent (NOOP)
2018-03-27 18:22:53,698: control.pubsub.pub.0000: MainProcess                     : MainThread     : DEBUG   : process class started (no child)
2018-03-27 18:36:19,862: control.pubsub.pub.0000: MainProcess                     : MainThread     : INFO    : parent stops child  19465 -> None [control.pubsub.pub.0000]
2018-03-27 18:36:19,862: control.pubsub.pub.0000: MainProcess                     : MainThread     : DEBUG   : ru_finalize_parent (NOOP)
2018-03-27 18:36:20,020: control.pubsub.pub.0000: update.0                        : MainThread     : INFO    : parent stops child  19500 -> None [control.pubsub.pub.0000]
2018-03-27 18:36:20,020: control.pubsub.pub.0000: update.0                        : MainThread     : DEBUG   : ru_finalize_parent (NOOP)
