2018-03-27 18:23:01,898: radical.saga.pty    : pmgr.0000.launching.0           : MainThread     : INFO    : python.interpreter   version: 2.7.14 (default, Sep 23 2017, 22:06:14) [GCC 7.2.0]
2018-03-27 18:23:01,899: radical.saga.pty    : pmgr.0000.launching.0           : MainThread     : INFO    :                      pid: 19534
2018-03-27 18:23:01,899: radical.saga.pty    : pmgr.0000.launching.0           : MainThread     : INFO    :                      tid: MainThread
2018-03-27 18:23:01,899: radical.saga.pty    : pmgr.0000.launching.0           : MainThread     : DEBUG   : PTYShell init <saga.utils.pty_shell.PTYShell object at 0x7f851f455c90>
2018-03-27 18:23:01,900: radical.saga.pty    : pmgr.0000.launching.0           : MainThread     : INFO    : PTY prompt pattern: [\$#%>\]]\s*$
2018-03-27 18:23:01,901: radical.saga.pty    : pmgr.0000.launching.0           : MainThread     : INFO    : ssh copy  mode set to 'sftp'
2018-03-27 18:23:01,901: radical.saga.pty    : pmgr.0000.launching.0           : MainThread     : INFO    : ssh share mode set to 'auto'
2018-03-27 18:23:01,901: radical.saga.pty    : pmgr.0000.launching.0           : MainThread     : INFO    : ssh timeout    set to '10.0'
2018-03-27 18:23:01,902: radical.saga.pty    : pmgr.0000.launching.0           : MainThread     : DEBUG   : SSH Connection M_FLAGS: -o ControlMaster=auto -o ControlPath=/tmp/saga_ssh_george_%h_%p.ctrl -o TCPKeepAlive=no  -o ServerAliveInterval=10 -o ServerAliveCountMax=20 -o ConnectTimeout=10
2018-03-27 18:23:01,902: radical.saga.pty    : pmgr.0000.launching.0           : MainThread     : DEBUG   : SSH Connection S_FLAGS: -o ControlMaster=auto -o ControlPath=/tmp/saga_ssh_george_%h_%p.ctrl -o TCPKeepAlive=no  -o ServerAliveInterval=10 -o ServerAliveCountMax=20 -o ConnectTimeout=10
2018-03-27 18:23:01,903: radical.saga.pty    : pmgr.0000.launching.0           : MainThread     : DEBUG   : open master pty for [ssh] [supermic.cct-lsu.xsede.org] george: /usr/bin/env TERM=vt100 X509_USER_PROXY='/tmp/x509up_u1012'  "/usr/bin/gsissh" -t -o IdentityFile=/home/george/.ssh/id_rsa -o Port=2222  -o ControlMaster=auto -o ControlPath=/tmp/saga_ssh_george_%h_%p.ctrl -o TCPKeepAlive=no  -o ServerAliveInterval=10 -o ServerAliveCountMax=20 -o ConnectTimeout=10 supermic.cct-lsu.xsede.org'
2018-03-27 18:23:01,903: radical.saga.pty    : pmgr.0000.launching.0           : MainThread     : DEBUG   : PTYProcess init <saga.utils.pty_process.PTYProcess object at 0x7f851c3b2190>
2018-03-27 18:23:01,903: radical.saga.pty    : pmgr.0000.launching.0           : MainThread     : INFO    : running: /usr/bin/env TERM=vt100 X509_USER_PROXY=/tmp/x509up_u1012 /usr/bin/gsissh -t -o IdentityFile=/home/george/.ssh/id_rsa -o Port=2222 -o ControlMaster=auto -o ControlPath=/tmp/saga_ssh_george_%h_%p.ctrl -o TCPKeepAlive=no -o ServerAliveInterval=10 -o ServerAliveCountMax=20 -o ConnectTimeout=10 supermic.cct-lsu.xsede.org
2018-03-27 18:23:01,906: radical.saga.pty    : pmgr.0000.launching.0           : MainThread     : DEBUG   : write: [  141] [   51] ( export PROMPT_COMMAND='' PS1='$' ; set prompt='$'\n)
2018-03-27 18:23:02,217: radical.saga.pty    : pmgr.0000.launching.0           : MainThread     : DEBUG   : read : [  141] [ 1569] (Last login: Tue Mar 27 11:23:0 ... **************************\n\n)
2018-03-27 18:23:02,220: radical.saga.pty    : pmgr.0000.launching.0           : MainThread     : DEBUG   : got initial shell prompt (6) (Last login: Tue Mar 27 11:23:00 2018 from 144.76.72.175
##############################################################################)
2018-03-27 18:23:02,220: radical.saga.pty    : pmgr.0000.launching.0           : MainThread     : DEBUG   : Got initial shell prompt (6) (Last login: Tue Mar 27 11:23:00 2018 from 144.76.72.175
##############################################################################)
2018-03-27 18:23:02,220: radical.saga.pty    : pmgr.0000.launching.0           : MainThread     : DEBUG   : PTYProcess init <saga.utils.pty_process.PTYProcess object at 0x7f851c3b2310>
2018-03-27 18:23:02,221: radical.saga.pty    : pmgr.0000.launching.0           : MainThread     : INFO    : running: /usr/bin/env TERM=vt100 X509_USER_PROXY=/tmp/x509up_u1012 /usr/bin/gsissh -t -o IdentityFile=/home/george/.ssh/id_rsa -o Port=2222 -o ControlMaster=auto -o ControlPath=/tmp/saga_ssh_george_%h_%p.ctrl -o TCPKeepAlive=no -o ServerAliveInterval=10 -o ServerAliveCountMax=20 -o ConnectTimeout=10 supermic.cct-lsu.xsede.org
2018-03-27 18:23:02,223: radical.saga.pty    : pmgr.0000.launching.0           : MainThread     : DEBUG   : write: [  143] [   51] ( export PROMPT_COMMAND='' PS1='$' ; set prompt='$'\n)
2018-03-27 18:23:02,534: radical.saga.pty    : pmgr.0000.launching.0           : MainThread     : DEBUG   : read : [  143] [ 1569] (Last login: Tue Mar 27 11:23:0 ... **************************\n\n)
2018-03-27 18:23:02,537: radical.saga.pty    : pmgr.0000.launching.0           : MainThread     : DEBUG   : got initial shell prompt (6) (Last login: Tue Mar 27 11:23:02 2018 from 144.76.72.175
##############################################################################)
2018-03-27 18:23:02,538: radical.saga.pty    : pmgr.0000.launching.0           : MainThread     : DEBUG   : Got initial shell prompt (6) (Last login: Tue Mar 27 11:23:02 2018 from 144.76.72.175
##############################################################################)
2018-03-27 18:23:02,538: radical.saga.pty    : pmgr.0000.launching.0           : MainThread     : DEBUG   :  ===     1 : <saga.utils.pty_process.PTYProcess object at 0x7f851c3b2310> : init : ['/usr/bin/env', 'TERM=vt100', 'X509_USER_PROXY=/tmp/x509up_u1012', '/usr/bin/gsissh', '-t', '-o', 'IdentityFile=/home/george/.ssh/id_rsa', '-o', 'Port=2222', '-o', 'ControlMaster=auto', '-o', 'ControlPath=/tmp/saga_ssh_george_%h_%p.ctrl', '-o', 'TCPKeepAlive=no', '-o', 'ServerAliveInterval=10', '-o', 'ServerAliveCountMax=20', '-o', 'ConnectTimeout=10', 'supermic.cct-lsu.xsede.org']
2018-03-27 18:23:02,538: radical.saga.pty    : pmgr.0000.launching.0           : MainThread     : DEBUG   : running command shell: exec /bin/sh -i
2018-03-27 18:23:02,538: radical.saga.pty    : pmgr.0000.launching.0           : MainThread     : DEBUG   : write: [  143] [   30] ( stty -echo ; exec /bin/sh -i\n)
2018-03-27 18:23:02,538: radical.saga.pty    : pmgr.0000.launching.0           : MainThread     : DEBUG   :  ===     1 : <saga.utils.pty_process.PTYProcess object at 0x7f851c3b2310> : run async :  set HISTFILE=$HOME/.saga_history; PS1='PROMPT-$?->'; PS2=''; PROMPT_COMMAND=''; export PS1 PS2 PROMPT_COMMAND 2>&1 >/dev/null; cd $HOME 2>&1 >/dev/null

2018-03-27 18:23:02,538: radical.saga.pty    : pmgr.0000.launching.0           : MainThread     : DEBUG   : flush: [  143] [     ] (flush pty read cache)
2018-03-27 18:23:02,539: radical.saga.pty    : pmgr.0000.launching.0           : MainThread     : WARNING : flush: [  143] [ 1250] (discard data: '
SuperMIC at LSU (Open for general use) 

23-Sep-2014

SuperMIC is a 1.08 PetaFlop Peak Performance Xeon Phi accelerated cluster.  SuperMIC
has 360 nodes each with 20 Intel Ivybridge 2.8 GHz cores, 64 GB of RAM, and two 
Intel Xeon Phi 7120P co-processors. There are 20 nodes that have NVIDIA K20X GPUs.
This cluster is 40% allocated to the XSEDE user community an 60% dedicated to
authorized users of the LSU community.  Access is restricted to those who meet 
the criteria as stated on our website.

Quotas for the /home volume are enabled at 5 GB.  Please do
not use the /home volume for batch job I/O, use the /work volume 
instead.  Please limit the number of files per directory to 10,000.
No disk GB quotas are in effect for the /work volume, but files are purged that 
are older than 60 days.  There are quotas on file counts.  Manage your files,
but it is against our policy to blatantly circumvent the purge procedure.  
Misconfigured jobs that are wasting CPU resources are subject to deletion.

********************************************************************************
Allocations are required.  Using the -A qsub option to specify your allocation.
********************************************************************************

')
2018-03-27 18:23:02,640: radical.saga.pty    : pmgr.0000.launching.0           : MainThread     : DEBUG   : write: [  143] [  152] (set HISTFILE=$HOME/.saga_history; PS1='PROMPT-$?->'; PS2=''; PROMPT_COMMAND=''; export PS1 PS2 PROMPT_COMMAND 2>&1 >/dev/null; cd $HOME 2>&1 >/dev/null\n)
2018-03-27 18:23:03,244: radical.saga.pty    : pmgr.0000.launching.0           : MainThread     : DEBUG   : read : [  143] [   21] ([gchantzi@smic1 ~]$ $)
2018-03-27 18:23:03,257: radical.saga.pty    : pmgr.0000.launching.0           : MainThread     : DEBUG   : read : [  143] [   11] ($PROMPT-0->)
2018-03-27 18:23:03,257: radical.saga.pty    : pmgr.0000.launching.0           : MainThread     : DEBUG   : got new shell prompt
2018-03-27 18:23:03,257: radical.saga.pty    : pmgr.0000.launching.0           : MainThread     : DEBUG   : flush: [  143] [     ] (flush pty read cache)
2018-03-27 18:23:03,358: radical.saga.pty    : pmgr.0000.launching.0           : MainThread     : DEBUG   :  ===     1 : <saga.utils.pty_process.PTYProcess object at 0x7f851c3b2310> : run sync  :  echo "WORKDIR: /work/$USER"
2018-03-27 18:23:03,358: radical.saga.pty    : pmgr.0000.launching.0           : MainThread     : DEBUG   : flush: [  143] [     ] (flush pty read cache)
2018-03-27 18:23:03,459: radical.saga.pty    : pmgr.0000.launching.0           : MainThread     : DEBUG   : run_sync: echo "WORKDIR: /work/$USER"
2018-03-27 18:23:03,459: radical.saga.pty    : pmgr.0000.launching.0           : MainThread     : DEBUG   : write: [  143] [   28] (echo "WORKDIR: /work/$USER"\n)
2018-03-27 18:23:03,613: radical.saga.pty    : pmgr.0000.launching.0           : MainThread     : DEBUG   : read : [  143] [   35] (WORKDIR: /work/gchantzi\nPROMPT-0->)
2018-03-27 18:23:03,614: radical.saga.pty    : pmgr.0000.launching.0           : MainThread     : DEBUG   : PTYShell del  <saga.utils.pty_shell.PTYShell object at 0x7f851f455c90>
2018-03-27 18:23:03,714: radical.saga.pty    : pmgr.0000.launching.0           : MainThread     : DEBUG   : PTYProcess del  <saga.utils.pty_process.PTYProcess object at 0x7f851c3b2310>
2018-03-27 18:23:03,781: radical.saga.pty    : pmgr.0000.launching.0           : MainThread     : DEBUG   : PTYProcess init <saga.utils.pty_process.PTYProcess object at 0x7f85201e0810>
2018-03-27 18:23:03,781: radical.saga.pty    : pmgr.0000.launching.0           : MainThread     : INFO    : running: /usr/bin/env TERM=vt100 X509_USER_PROXY=/tmp/x509up_u1012 /usr/bin/gsissh -t -o IdentityFile=/home/george/.ssh/id_rsa -o Port=2222 -o ControlMaster=auto -o ControlPath=/tmp/saga_ssh_george_%h_%p.ctrl -o TCPKeepAlive=no -o ServerAliveInterval=10 -o ServerAliveCountMax=20 -o ConnectTimeout=10 supermic.cct-lsu.xsede.org
2018-03-27 18:23:03,783: radical.saga.pty    : pmgr.0000.launching.0           : MainThread     : DEBUG   : write: [  143] [   51] ( export PROMPT_COMMAND='' PS1='$' ; set prompt='$'\n)
2018-03-27 18:23:04,093: radical.saga.pty    : pmgr.0000.launching.0           : MainThread     : DEBUG   : read : [  143] [ 1569] (Last login: Tue Mar 27 11:23:0 ... **************************\n\n)
2018-03-27 18:23:04,097: radical.saga.pty    : pmgr.0000.launching.0           : MainThread     : DEBUG   : got initial shell prompt (6) (Last login: Tue Mar 27 11:23:02 2018 from 144.76.72.175
##############################################################################)
2018-03-27 18:23:04,097: radical.saga.pty    : pmgr.0000.launching.0           : MainThread     : DEBUG   : Got initial shell prompt (6) (Last login: Tue Mar 27 11:23:02 2018 from 144.76.72.175
##############################################################################)
2018-03-27 18:23:04,097: radical.saga.pty    : pmgr.0000.launching.0           : MainThread     : DEBUG   : write: [  143] [   30] ( stty -echo ; exec /bin/sh -i\n)
2018-03-27 18:23:04,097: radical.saga.pty    : pmgr.0000.launching.0           : MainThread     : DEBUG   : flush: [  143] [     ] (flush pty read cache)
2018-03-27 18:23:04,097: radical.saga.pty    : pmgr.0000.launching.0           : MainThread     : WARNING : flush: [  143] [ 1250] (discard data: '
SuperMIC at LSU (Open for general use) 

23-Sep-2014

SuperMIC is a 1.08 PetaFlop Peak Performance Xeon Phi accelerated cluster.  SuperMIC
has 360 nodes each with 20 Intel Ivybridge 2.8 GHz cores, 64 GB of RAM, and two 
Intel Xeon Phi 7120P co-processors. There are 20 nodes that have NVIDIA K20X GPUs.
This cluster is 40% allocated to the XSEDE user community an 60% dedicated to
authorized users of the LSU community.  Access is restricted to those who meet 
the criteria as stated on our website.

Quotas for the /home volume are enabled at 5 GB.  Please do
not use the /home volume for batch job I/O, use the /work volume 
instead.  Please limit the number of files per directory to 10,000.
No disk GB quotas are in effect for the /work volume, but files are purged that 
are older than 60 days.  There are quotas on file counts.  Manage your files,
but it is against our policy to blatantly circumvent the purge procedure.  
Misconfigured jobs that are wasting CPU resources are subject to deletion.

********************************************************************************
Allocations are required.  Using the -A qsub option to specify your allocation.
********************************************************************************

')
2018-03-27 18:23:04,199: radical.saga.pty    : pmgr.0000.launching.0           : MainThread     : DEBUG   : write: [  143] [  152] (set HISTFILE=$HOME/.saga_history; PS1='PROMPT-$?->'; PS2=''; PROMPT_COMMAND=''; export PS1 PS2 PROMPT_COMMAND 2>&1 >/dev/null; cd $HOME 2>&1 >/dev/null\n)
2018-03-27 18:23:04,805: radical.saga.pty    : pmgr.0000.launching.0           : MainThread     : DEBUG   : read : [  143] [   21] ([gchantzi@smic1 ~]$ $)
2018-03-27 18:23:04,817: radical.saga.pty    : pmgr.0000.launching.0           : MainThread     : DEBUG   : read : [  143] [    1] ($)
2018-03-27 18:23:04,818: radical.saga.pty    : pmgr.0000.launching.0           : MainThread     : DEBUG   : read : [  143] [   10] (PROMPT-0->)
2018-03-27 18:23:04,818: radical.saga.pty    : pmgr.0000.launching.0           : MainThread     : DEBUG   : flush: [  143] [     ] (flush pty read cache)
2018-03-27 18:23:04,919: radical.saga.pty    : pmgr.0000.launching.0           : MainThread     : DEBUG   : flush: [  143] [     ] (flush pty read cache)
2018-03-27 18:23:05,021: radical.saga.pty    : pmgr.0000.launching.0           : MainThread     : DEBUG   : write: [  143] [   32] (cd / &&  test -d  '/' && cd '/'\n)
2018-03-27 18:23:05,172: radical.saga.pty    : pmgr.0000.launching.0           : MainThread     : DEBUG   : read : [  143] [   10] (PROMPT-0->)
2018-03-27 18:23:05,173: radical.saga.pty    : pmgr.0000.launching.0           : MainThread     : DEBUG   : flush: [  143] [     ] (flush pty read cache)
2018-03-27 18:23:05,275: radical.saga.pty    : pmgr.0000.launching.0           : MainThread     : DEBUG   : write: [  143] [  106] (mkdir -p / && cd / &&  mkdir -p '/work/gchantzi/radical.pilot.sandbox/rp.session.one.george.017617.0007/'\n)
2018-03-27 18:23:05,436: radical.saga.pty    : pmgr.0000.launching.0           : MainThread     : DEBUG   : read : [  143] [   10] (PROMPT-0->)
2018-03-27 18:23:05,436: radical.saga.pty    : pmgr.0000.launching.0           : MainThread     : DEBUG   : flush: [  143] [     ] (flush pty read cache)
2018-03-27 18:23:05,538: radical.saga.pty    : pmgr.0000.launching.0           : MainThread     : DEBUG   : PTYProcess init <saga.utils.pty_process.PTYProcess object at 0x7f851c0fd5d0>
2018-03-27 18:23:05,539: radical.saga.pty    : pmgr.0000.launching.0           : MainThread     : INFO    : running: /usr/bin/env TERM=vt100 X509_USER_PROXY=/tmp/x509up_u1012 /usr/bin/gsisftp -o IdentityFile=/home/george/.ssh/id_rsa -o Port=2222 -o ControlMaster=auto -o ControlPath=/tmp/saga_ssh_george_%h_%p.ctrl -o TCPKeepAlive=no -o ServerAliveInterval=10 -o ServerAliveCountMax=20 -o ConnectTimeout=10 supermic.cct-lsu.xsede.org
2018-03-27 18:23:06,523: radical.saga.pty    : pmgr.0000.launching.0           : MainThread     : DEBUG   : read : [  155] [   42] (Connected to supermic.cct-lsu.xsede.org.\n)
2018-03-27 18:23:06,674: radical.saga.pty    : pmgr.0000.launching.0           : MainThread     : DEBUG   : read : [  155] [    6] (sftp> )
2018-03-27 18:23:06,674: radical.saga.pty    : pmgr.0000.launching.0           : MainThread     : DEBUG   : got initial shell prompt (6) (Connected to supermic.cct-lsu.xsede.org.
sftp> )
2018-03-27 18:23:06,674: radical.saga.pty    : pmgr.0000.launching.0           : MainThread     : DEBUG   : Got initial shell prompt (6) (Connected to supermic.cct-lsu.xsede.org.
sftp> )
2018-03-27 18:23:06,674: radical.saga.pty    : pmgr.0000.launching.0           : MainThread     : DEBUG   : flush: [  155] [     ] (flush pty read cache)
2018-03-27 18:23:06,775: radical.saga.pty    : pmgr.0000.launching.0           : MainThread     : DEBUG   : flush: [  155] [     ] (flush pty read cache)
2018-03-27 18:23:06,877: radical.saga.pty    : pmgr.0000.launching.0           : MainThread     : DEBUG   : write: [  155] [  241] (mput "//tmp/rp_agent_tar_dir62ZxCZ/rp.session.one.george.017617.0007.pmgr.0000.launching.0.child.tgz" "/work/gchantzi/radical.pilot.sandbox/rp.session.one.george.017617.0007/rp.session.one.george.017617.0007.pmgr.0000.launching.0.child.tgz"\n)
2018-03-27 18:23:06,877: radical.saga.pty    : pmgr.0000.launching.0           : MainThread     : DEBUG   : read : [  155] [   18] (mput "//tmp/rp_age)
2018-03-27 18:23:06,877: radical.saga.pty    : pmgr.0000.launching.0           : MainThread     : DEBUG   : read : [  155] [  119] (nt_tar_dir62ZxCZ/rp.session.one.george.017617.0007.pmgr. 0000.launching.0.child.tgz" "/work/gchantzi/radical.pilot.san)
2018-03-27 18:23:06,878: radical.saga.pty    : pmgr.0000.launching.0           : MainThread     : DEBUG   : read : [  155] [   44] (dbox/rp.session.one .george.017617.0007/rp.)
2018-03-27 18:23:06,878: radical.saga.pty    : pmgr.0000.launching.0           : MainThread     : DEBUG   : read : [  155] [   35] (session.one.george.017617.0007.pmgr)
2018-03-27 18:23:06,878: radical.saga.pty    : pmgr.0000.launching.0           : MainThread     : DEBUG   : read : [  155] [   32] (.0000.launching.0.chil d.tgz"\n)
2018-03-27 18:23:07,029: radical.saga.pty    : pmgr.0000.launching.0           : MainThread     : DEBUG   : read : [  155] [  246] (Uploading //tmp/rp_agent_tar_dir62ZxCZ/rp.session.one.george.017617.0007.pmgr.0000.launching.0.child.tgz to /work/gchantzi/radical.pilot.sandbox/rp.session.one.george.017617.0007/rp.session.one.george.017617.0007.pmgr.0000.launching.0.child.tgz\n)
2018-03-27 18:23:07,179: radical.saga.pty    : pmgr.0000.launching.0           : MainThread     : DEBUG   : read : [  155] [   79] (//tmp/rp_agent_tar_dir62ZxCZ/rp.ses   0%    0     0.0KB/s   0.0KB/s   --:-- ETA)
2018-03-27 18:23:08,179: radical.saga.pty    : pmgr.0000.launching.0           : MainThread     : DEBUG   : read : [  155] [   79] (//tmp/rp_agent_tar_dir62ZxCZ/rp.ses   3%   32KB  32.0KB/s  32.0KB/s   00:30 ETA)
2018-03-27 18:23:08,592: radical.saga.pty    : pmgr.0000.launching.0           : MainThread     : DEBUG   : read : [  155] [   81] (//tmp/rp_agent_tar_dir62ZxCZ/rp.ses 100% 1011KB 715.5KB/s 978.5KB/s   00:01    \n)
2018-03-27 18:23:08,742: radical.saga.pty    : pmgr.0000.launching.0           : MainThread     : DEBUG   : read : [  155] [    6] (sftp> )
2018-03-27 18:23:08,742: radical.saga.pty    : pmgr.0000.launching.0           : MainThread     : DEBUG   : copy done: ['mput', 'Uploading', '//tmp/rp_agent_tar_dir62ZxCZ/rp.ses', 'sftp>']
2018-03-27 18:23:08,753: radical.saga.pty    : pmgr.0000.launching.0           : MainThread     : DEBUG   : PTYProcess init <saga.utils.pty_process.PTYProcess object at 0x7f852018c2d0>
2018-03-27 18:23:08,754: radical.saga.pty    : pmgr.0000.launching.0           : MainThread     : INFO    : running: /usr/bin/env TERM=vt100 X509_USER_PROXY=/tmp/x509up_u1012 /usr/bin/gsissh -t -o IdentityFile=/home/george/.ssh/id_rsa -o Port=2222 -o ControlMaster=auto -o ControlPath=/tmp/saga_ssh_george_%h_%p.ctrl -o TCPKeepAlive=no -o ServerAliveInterval=10 -o ServerAliveCountMax=20 -o ConnectTimeout=10 supermic.cct-lsu.xsede.org
2018-03-27 18:23:08,755: radical.saga.pty    : pmgr.0000.launching.0           : MainThread     : DEBUG   : write: [  156] [   51] ( export PROMPT_COMMAND='' PS1='$' ; set prompt='$'\n)
2018-03-27 18:23:09,065: radical.saga.pty    : pmgr.0000.launching.0           : MainThread     : DEBUG   : read : [  156] [ 1569] (Last login: Tue Mar 27 11:23:0 ... **************************\n\n)
2018-03-27 18:23:09,068: radical.saga.pty    : pmgr.0000.launching.0           : MainThread     : DEBUG   : got initial shell prompt (6) (Last login: Tue Mar 27 11:23:04 2018 from 144.76.72.175
##############################################################################)
2018-03-27 18:23:09,068: radical.saga.pty    : pmgr.0000.launching.0           : MainThread     : DEBUG   : Got initial shell prompt (6) (Last login: Tue Mar 27 11:23:04 2018 from 144.76.72.175
##############################################################################)
2018-03-27 18:23:09,069: radical.saga.pty    : pmgr.0000.launching.0           : MainThread     : DEBUG   : write: [  156] [   30] ( stty -echo ; exec /bin/sh -i\n)
2018-03-27 18:23:09,069: radical.saga.pty    : pmgr.0000.launching.0           : MainThread     : DEBUG   : flush: [  156] [     ] (flush pty read cache)
2018-03-27 18:23:09,069: radical.saga.pty    : pmgr.0000.launching.0           : MainThread     : WARNING : flush: [  156] [ 1250] (discard data: '
SuperMIC at LSU (Open for general use) 

23-Sep-2014

SuperMIC is a 1.08 PetaFlop Peak Performance Xeon Phi accelerated cluster.  SuperMIC
has 360 nodes each with 20 Intel Ivybridge 2.8 GHz cores, 64 GB of RAM, and two 
Intel Xeon Phi 7120P co-processors. There are 20 nodes that have NVIDIA K20X GPUs.
This cluster is 40% allocated to the XSEDE user community an 60% dedicated to
authorized users of the LSU community.  Access is restricted to those who meet 
the criteria as stated on our website.

Quotas for the /home volume are enabled at 5 GB.  Please do
not use the /home volume for batch job I/O, use the /work volume 
instead.  Please limit the number of files per directory to 10,000.
No disk GB quotas are in effect for the /work volume, but files are purged that 
are older than 60 days.  There are quotas on file counts.  Manage your files,
but it is against our policy to blatantly circumvent the purge procedure.  
Misconfigured jobs that are wasting CPU resources are subject to deletion.

********************************************************************************
Allocations are required.  Using the -A qsub option to specify your allocation.
********************************************************************************

')
2018-03-27 18:23:09,170: radical.saga.pty    : pmgr.0000.launching.0           : MainThread     : DEBUG   : write: [  156] [  152] (set HISTFILE=$HOME/.saga_history; PS1='PROMPT-$?->'; PS2=''; PROMPT_COMMAND=''; export PS1 PS2 PROMPT_COMMAND 2>&1 >/dev/null; cd $HOME 2>&1 >/dev/null\n)
2018-03-27 18:23:09,792: radical.saga.pty    : pmgr.0000.launching.0           : MainThread     : DEBUG   : read : [  156] [   21] ([gchantzi@smic1 ~]$ $)
2018-03-27 18:23:09,805: radical.saga.pty    : pmgr.0000.launching.0           : MainThread     : DEBUG   : read : [  156] [    1] ($)
2018-03-27 18:23:09,806: radical.saga.pty    : pmgr.0000.launching.0           : MainThread     : DEBUG   : read : [  156] [   10] (PROMPT-0->)
2018-03-27 18:23:09,806: radical.saga.pty    : pmgr.0000.launching.0           : MainThread     : DEBUG   : flush: [  156] [     ] (flush pty read cache)
2018-03-27 18:23:09,910: radical.saga.pty    : pmgr.0000.launching.0           : MainThread     : DEBUG   : PTYProcess init <saga.utils.pty_process.PTYProcess object at 0x7f852018c310>
2018-03-27 18:23:09,911: radical.saga.pty    : pmgr.0000.launching.0           : MainThread     : INFO    : running: /usr/bin/env TERM=vt100 X509_USER_PROXY=/tmp/x509up_u1012 /usr/bin/gsissh -t -o IdentityFile=/home/george/.ssh/id_rsa -o Port=2222 -o ControlMaster=auto -o ControlPath=/tmp/saga_ssh_george_%h_%p.ctrl -o TCPKeepAlive=no -o ServerAliveInterval=10 -o ServerAliveCountMax=20 -o ConnectTimeout=10 supermic.cct-lsu.xsede.org
2018-03-27 18:23:09,913: radical.saga.pty    : pmgr.0000.launching.0           : MainThread     : DEBUG   : write: [  157] [   51] ( export PROMPT_COMMAND='' PS1='$' ; set prompt='$'\n)
2018-03-27 18:23:10,248: radical.saga.pty    : pmgr.0000.launching.0           : MainThread     : DEBUG   : read : [  157] [ 1569] (Last login: Tue Mar 27 11:23:0 ... **************************\n\n)
2018-03-27 18:23:10,251: radical.saga.pty    : pmgr.0000.launching.0           : MainThread     : DEBUG   : got initial shell prompt (6) (Last login: Tue Mar 27 11:23:09 2018 from 144.76.72.175
##############################################################################)
2018-03-27 18:23:10,252: radical.saga.pty    : pmgr.0000.launching.0           : MainThread     : DEBUG   : Got initial shell prompt (6) (Last login: Tue Mar 27 11:23:09 2018 from 144.76.72.175
##############################################################################)
2018-03-27 18:23:10,252: radical.saga.pty    : pmgr.0000.launching.0           : MainThread     : DEBUG   : write: [  157] [   30] ( stty -echo ; exec /bin/sh -i\n)
2018-03-27 18:23:10,252: radical.saga.pty    : pmgr.0000.launching.0           : MainThread     : DEBUG   : flush: [  157] [     ] (flush pty read cache)
2018-03-27 18:23:10,252: radical.saga.pty    : pmgr.0000.launching.0           : MainThread     : WARNING : flush: [  157] [ 1250] (discard data: '
SuperMIC at LSU (Open for general use) 

23-Sep-2014

SuperMIC is a 1.08 PetaFlop Peak Performance Xeon Phi accelerated cluster.  SuperMIC
has 360 nodes each with 20 Intel Ivybridge 2.8 GHz cores, 64 GB of RAM, and two 
Intel Xeon Phi 7120P co-processors. There are 20 nodes that have NVIDIA K20X GPUs.
This cluster is 40% allocated to the XSEDE user community an 60% dedicated to
authorized users of the LSU community.  Access is restricted to those who meet 
the criteria as stated on our website.

Quotas for the /home volume are enabled at 5 GB.  Please do
not use the /home volume for batch job I/O, use the /work volume 
instead.  Please limit the number of files per directory to 10,000.
No disk GB quotas are in effect for the /work volume, but files are purged that 
are older than 60 days.  There are quotas on file counts.  Manage your files,
but it is against our policy to blatantly circumvent the purge procedure.  
Misconfigured jobs that are wasting CPU resources are subject to deletion.

********************************************************************************
Allocations are required.  Using the -A qsub option to specify your allocation.
********************************************************************************

')
2018-03-27 18:23:10,354: radical.saga.pty    : pmgr.0000.launching.0           : MainThread     : DEBUG   : write: [  157] [  152] (set HISTFILE=$HOME/.saga_history; PS1='PROMPT-$?->'; PS2=''; PROMPT_COMMAND=''; export PS1 PS2 PROMPT_COMMAND 2>&1 >/dev/null; cd $HOME 2>&1 >/dev/null\n)
2018-03-27 18:23:10,972: radical.saga.pty    : pmgr.0000.launching.0           : MainThread     : DEBUG   : read : [  157] [   21] ([gchantzi@smic1 ~]$ $)
2018-03-27 18:23:10,984: radical.saga.pty    : pmgr.0000.launching.0           : MainThread     : DEBUG   : read : [  157] [    1] ($)
2018-03-27 18:23:10,985: radical.saga.pty    : pmgr.0000.launching.0           : MainThread     : DEBUG   : read : [  157] [   10] (PROMPT-0->)
2018-03-27 18:23:10,985: radical.saga.pty    : pmgr.0000.launching.0           : MainThread     : DEBUG   : flush: [  157] [     ] (flush pty read cache)
2018-03-27 18:23:11,086: radical.saga.pty    : pmgr.0000.launching.0           : MainThread     : DEBUG   : flush: [  156] [     ] (flush pty read cache)
2018-03-27 18:23:11,188: radical.saga.pty    : pmgr.0000.launching.0           : MainThread     : DEBUG   : write: [  156] [   35] (mkdir -p .saga/adaptors/shell_job/\n)
2018-03-27 18:23:11,344: radical.saga.pty    : pmgr.0000.launching.0           : MainThread     : DEBUG   : read : [  156] [   10] (PROMPT-0->)
2018-03-27 18:23:11,344: radical.saga.pty    : pmgr.0000.launching.0           : MainThread     : DEBUG   : flush: [  156] [     ] (flush pty read cache)
2018-03-27 18:23:11,445: radical.saga.pty    : pmgr.0000.launching.0           : MainThread     : DEBUG   : write: [  156] [   45] (test -f .saga/adaptors/shell_job//wrapper.sh\n)
2018-03-27 18:23:11,597: radical.saga.pty    : pmgr.0000.launching.0           : MainThread     : DEBUG   : read : [  156] [   10] (PROMPT-0->)
2018-03-27 18:23:11,597: radical.saga.pty    : pmgr.0000.launching.0           : MainThread     : DEBUG   : flush: [  156] [     ] (flush pty read cache)
2018-03-27 18:23:11,698: radical.saga.pty    : pmgr.0000.launching.0           : MainThread     : DEBUG   : write: [  156] [   71] (/bin/sh .saga/adaptors/shell_job//wrapper.sh .saga/adaptors/shell_job/\n)
2018-03-27 18:23:11,864: radical.saga.pty    : pmgr.0000.launching.0           : MainThread     : DEBUG   : read : [  156] [   12] (PID: 42733\n)
2018-03-27 18:23:11,996: radical.saga.pty    : pmgr.0000.launching.0           : MainThread     : DEBUG   : read : [  156] [   12] (PROMPT-0->\n)
2018-03-27 18:23:11,996: radical.saga.pty    : pmgr.0000.launching.0           : MainThread     : DEBUG   : flush: [  157] [     ] (flush pty read cache)
2018-03-27 18:23:12,098: radical.saga.pty    : pmgr.0000.launching.0           : MainThread     : DEBUG   : write: [  157] [   71] (/bin/sh .saga/adaptors/shell_job//wrapper.sh .saga/adaptors/shell_job/\n)
2018-03-27 18:23:12,266: radical.saga.pty    : pmgr.0000.launching.0           : MainThread     : DEBUG   : read : [  157] [   12] (PID: 42798\n)
2018-03-27 18:23:12,400: radical.saga.pty    : pmgr.0000.launching.0           : MainThread     : DEBUG   : read : [  157] [   12] (PROMPT-0->\n)
2018-03-27 18:23:12,400: radical.saga.pty    : pmgr.0000.launching.0           : Thread-1       : DEBUG   : flush: [  157] [     ] (flush pty read cache)
2018-03-27 18:23:12,400: radical.saga.pty    : pmgr.0000.launching.0           : Thread-1       : WARNING : flush: [  157] [    1] (discard data: '
')
2018-03-27 18:23:12,407: radical.saga.pty    : pmgr.0000.launching.0           : MainThread     : DEBUG   : flush: [  156] [     ] (flush pty read cache)
2018-03-27 18:23:12,407: radical.saga.pty    : pmgr.0000.launching.0           : MainThread     : WARNING : flush: [  156] [    1] (discard data: '
')
2018-03-27 18:23:12,504: radical.saga.pty    : pmgr.0000.launching.0           : Thread-1       : DEBUG   : write: [  157] [    8] (MONITOR\n)
2018-03-27 18:23:12,508: radical.saga.pty    : pmgr.0000.launching.0           : MainThread     : DEBUG   : write: [  156] [  250] (RUN true && ( /bin/sh -c 'tar zmxvf /work/gchantzi/radical.pilot.sandbox/rp.session.one.george.017617.0007/rp.session.one.george.017617.0007.pmgr.0000.launching.0.child.tgz -C /work/gchantzi/radical.pilot.sandbox/rp.session.one.george.017617.0007' )\n)
2018-03-27 18:23:12,663: radical.saga.pty    : pmgr.0000.launching.0           : Thread-1       : DEBUG   : read : [  157] [ 1368] (48942.0:RUNNING: \n48942.0:DON ... RUNNING: \n34918.0:DONE:0   \n)
2018-03-27 18:23:12,690: radical.saga.pty    : pmgr.0000.launching.0           : MainThread     : DEBUG   : read : [  156] [   23] (RUNNING \nOK\n42867.0\n)
2018-03-27 18:23:12,694: radical.saga.pty    : pmgr.0000.launching.0           : MainThread     : DEBUG   : read : [  156] [   12] (PROMPT-0->\n)
2018-03-27 18:23:12,694: radical.saga.pty    : pmgr.0000.launching.0           : MainThread     : DEBUG   : flush: [  156] [     ] (flush pty read cache)
2018-03-27 18:23:12,694: radical.saga.pty    : pmgr.0000.launching.0           : MainThread     : WARNING : flush: [  156] [    1] (discard data: '
')
2018-03-27 18:23:12,795: radical.saga.pty    : pmgr.0000.launching.0           : MainThread     : DEBUG   : write: [  156] [   14] (STATS 42867.0\n)
2018-03-27 18:23:12,964: radical.saga.pty    : pmgr.0000.launching.0           : MainThread     : DEBUG   : read : [  156] [  124] (OK\nSTATE : DONE\n\nSTART  : 1522167792\nSTOP   : 1522167792\n\nSTART_STDERR\n\nEND_STDERR\n\nSTART_STDOUT\n\nEND_STDOUT\n\n)
2018-03-27 18:23:12,967: radical.saga.pty    : pmgr.0000.launching.0           : MainThread     : DEBUG   : read : [  156] [   12] (PROMPT-0->\n)
2018-03-27 18:23:12,967: radical.saga.pty    : pmgr.0000.launching.0           : MainThread     : DEBUG   : flush: [  156] [     ] (flush pty read cache)
2018-03-27 18:23:12,967: radical.saga.pty    : pmgr.0000.launching.0           : MainThread     : WARNING : flush: [  156] [    1] (discard data: '
')
2018-03-27 18:23:13,069: radical.saga.pty    : pmgr.0000.launching.0           : MainThread     : DEBUG   : write: [  156] [   15] (STDOUT 42867.0\n)
2018-03-27 18:23:13,229: radical.saga.pty    : pmgr.0000.launching.0           : MainThread     : DEBUG   : read : [  156] [  482] (OK\n626f6f7473747261705f302e73680a70696c6f742e303030302f0a70696c6f742e303030302f70696c6f742e303030302e6c6f672e74677a0a70696c6f742e303030302f6167656e745f302e6366670a70696c6f742e303030302f70696c6f742e303030302e70726f662e74677a0a7261646963616c2e70696c6f742d302e34372d302e34372d31342d6762316466663862642d646576656c2e7461722e677a0a7261646963616c2e7574696c732d302e34372e312e7461722e677a0a736167612d707974686f6e2d302e34372d76302e34362d34382d6735383235663162302d646576656c2e7461722e677a0a\n)
2018-03-27 18:23:13,231: radical.saga.pty    : pmgr.0000.launching.0           : MainThread     : DEBUG   : read : [  156] [   12] (PROMPT-0->\n)
2018-03-27 18:23:13,232: radical.saga.pty    : pmgr.0000.launching.0           : MainThread     : DEBUG   : flush: [  156] [     ] (flush pty read cache)
2018-03-27 18:23:13,232: radical.saga.pty    : pmgr.0000.launching.0           : MainThread     : WARNING : flush: [  156] [    1] (discard data: '
')
2018-03-27 18:23:13,333: radical.saga.pty    : pmgr.0000.launching.0           : MainThread     : DEBUG   : write: [  156] [   15] (STDERR 42867.0\n)
2018-03-27 18:23:13,492: radical.saga.pty    : pmgr.0000.launching.0           : MainThread     : DEBUG   : read : [  156] [    6] (OK\n\n)
2018-03-27 18:23:13,494: radical.saga.pty    : pmgr.0000.launching.0           : MainThread     : DEBUG   : read : [  156] [   12] (PROMPT-0->\n)
2018-03-27 18:23:13,503: radical.saga.pty    : pmgr.0000.launching.0           : MainThread     : DEBUG   : PTYShell init <saga.utils.pty_shell.PTYShell object at 0x7f851c12fe50>
2018-03-27 18:23:13,503: radical.saga.pty    : pmgr.0000.launching.0           : MainThread     : INFO    : PTY prompt pattern: [\$#%>\]]\s*$
2018-03-27 18:23:13,503: radical.saga.pty    : pmgr.0000.launching.0           : MainThread     : INFO    : ssh copy  mode set to 'sftp'
2018-03-27 18:23:13,503: radical.saga.pty    : pmgr.0000.launching.0           : MainThread     : INFO    : ssh share mode set to 'auto'
2018-03-27 18:23:13,503: radical.saga.pty    : pmgr.0000.launching.0           : MainThread     : INFO    : ssh timeout    set to '10.0'
2018-03-27 18:23:13,504: radical.saga.pty    : pmgr.0000.launching.0           : MainThread     : DEBUG   : SSH Connection M_FLAGS: -o ControlMaster=auto -o ControlPath=/tmp/saga_ssh_george_%h_%p.ctrl -o TCPKeepAlive=no  -o ServerAliveInterval=10 -o ServerAliveCountMax=20 -o ConnectTimeout=10
2018-03-27 18:23:13,504: radical.saga.pty    : pmgr.0000.launching.0           : MainThread     : DEBUG   : SSH Connection S_FLAGS: -o ControlMaster=auto -o ControlPath=/tmp/saga_ssh_george_%h_%p.ctrl -o TCPKeepAlive=no  -o ServerAliveInterval=10 -o ServerAliveCountMax=20 -o ConnectTimeout=10
2018-03-27 18:23:13,504: radical.saga.pty    : pmgr.0000.launching.0           : MainThread     : DEBUG   : PTYProcess init <saga.utils.pty_process.PTYProcess object at 0x7f852019eb10>
2018-03-27 18:23:13,504: radical.saga.pty    : pmgr.0000.launching.0           : MainThread     : INFO    : running: /usr/bin/env TERM=vt100 X509_USER_PROXY=/tmp/x509up_u1012 /usr/bin/gsissh -t -o IdentityFile=/home/george/.ssh/id_rsa -o Port=2222 -o ControlMaster=auto -o ControlPath=/tmp/saga_ssh_george_%h_%p.ctrl -o TCPKeepAlive=no -o ServerAliveInterval=10 -o ServerAliveCountMax=20 -o ConnectTimeout=10 supermic.cct-lsu.xsede.org
2018-03-27 18:23:13,506: radical.saga.pty    : pmgr.0000.launching.0           : MainThread     : DEBUG   : write: [  158] [   51] ( export PROMPT_COMMAND='' PS1='$' ; set prompt='$'\n)
2018-03-27 18:23:13,663: radical.saga.pty    : pmgr.0000.launching.0           : Thread-1       : DEBUG   : read : [  157] [   38] (42867.0:RUNNING: \n42867.0:DONE:0   \n)
2018-03-27 18:23:13,815: radical.saga.pty    : pmgr.0000.launching.0           : MainThread     : DEBUG   : read : [  158] [ 1569] (Last login: Tue Mar 27 11:23:1 ... **************************\n\n)
2018-03-27 18:23:13,818: radical.saga.pty    : pmgr.0000.launching.0           : MainThread     : DEBUG   : got initial shell prompt (6) (Last login: Tue Mar 27 11:23:10 2018 from 144.76.72.175
##############################################################################)
2018-03-27 18:23:13,818: radical.saga.pty    : pmgr.0000.launching.0           : MainThread     : DEBUG   : Got initial shell prompt (6) (Last login: Tue Mar 27 11:23:10 2018 from 144.76.72.175
##############################################################################)
2018-03-27 18:23:13,818: radical.saga.pty    : pmgr.0000.launching.0           : MainThread     : DEBUG   :  ===     5 : <saga.utils.pty_process.PTYProcess object at 0x7f852019eb10> : init : ['/usr/bin/env', 'TERM=vt100', 'X509_USER_PROXY=/tmp/x509up_u1012', '/usr/bin/gsissh', '-t', '-o', 'IdentityFile=/home/george/.ssh/id_rsa', '-o', 'Port=2222', '-o', 'ControlMaster=auto', '-o', 'ControlPath=/tmp/saga_ssh_george_%h_%p.ctrl', '-o', 'TCPKeepAlive=no', '-o', 'ServerAliveInterval=10', '-o', 'ServerAliveCountMax=20', '-o', 'ConnectTimeout=10', 'supermic.cct-lsu.xsede.org']
2018-03-27 18:23:13,818: radical.saga.pty    : pmgr.0000.launching.0           : MainThread     : DEBUG   : running command shell: exec /bin/sh -i
2018-03-27 18:23:13,818: radical.saga.pty    : pmgr.0000.launching.0           : MainThread     : DEBUG   : write: [  158] [   30] ( stty -echo ; exec /bin/sh -i\n)
2018-03-27 18:23:13,818: radical.saga.pty    : pmgr.0000.launching.0           : MainThread     : DEBUG   :  ===     5 : <saga.utils.pty_process.PTYProcess object at 0x7f852019eb10> : run async :  set HISTFILE=$HOME/.saga_history; PS1='PROMPT-$?->'; PS2=''; PROMPT_COMMAND=''; export PS1 PS2 PROMPT_COMMAND 2>&1 >/dev/null; cd $HOME 2>&1 >/dev/null

2018-03-27 18:23:13,818: radical.saga.pty    : pmgr.0000.launching.0           : MainThread     : DEBUG   : flush: [  158] [     ] (flush pty read cache)
2018-03-27 18:23:13,819: radical.saga.pty    : pmgr.0000.launching.0           : MainThread     : WARNING : flush: [  158] [ 1250] (discard data: '
SuperMIC at LSU (Open for general use) 

23-Sep-2014

SuperMIC is a 1.08 PetaFlop Peak Performance Xeon Phi accelerated cluster.  SuperMIC
has 360 nodes each with 20 Intel Ivybridge 2.8 GHz cores, 64 GB of RAM, and two 
Intel Xeon Phi 7120P co-processors. There are 20 nodes that have NVIDIA K20X GPUs.
This cluster is 40% allocated to the XSEDE user community an 60% dedicated to
authorized users of the LSU community.  Access is restricted to those who meet 
the criteria as stated on our website.

Quotas for the /home volume are enabled at 5 GB.  Please do
not use the /home volume for batch job I/O, use the /work volume 
instead.  Please limit the number of files per directory to 10,000.
No disk GB quotas are in effect for the /work volume, but files are purged that 
are older than 60 days.  There are quotas on file counts.  Manage your files,
but it is against our policy to blatantly circumvent the purge procedure.  
Misconfigured jobs that are wasting CPU resources are subject to deletion.

********************************************************************************
Allocations are required.  Using the -A qsub option to specify your allocation.
********************************************************************************

')
2018-03-27 18:23:13,920: radical.saga.pty    : pmgr.0000.launching.0           : MainThread     : DEBUG   : write: [  158] [  152] (set HISTFILE=$HOME/.saga_history; PS1='PROMPT-$?->'; PS2=''; PROMPT_COMMAND=''; export PS1 PS2 PROMPT_COMMAND 2>&1 >/dev/null; cd $HOME 2>&1 >/dev/null\n)
2018-03-27 18:23:14,539: radical.saga.pty    : pmgr.0000.launching.0           : MainThread     : DEBUG   : read : [  158] [   21] ([gchantzi@smic1 ~]$ $)
2018-03-27 18:23:14,551: radical.saga.pty    : pmgr.0000.launching.0           : MainThread     : DEBUG   : read : [  158] [    1] ($)
2018-03-27 18:23:14,552: radical.saga.pty    : pmgr.0000.launching.0           : MainThread     : DEBUG   : read : [  158] [   10] (PROMPT-0->)
2018-03-27 18:23:14,552: radical.saga.pty    : pmgr.0000.launching.0           : MainThread     : DEBUG   : got new shell prompt
2018-03-27 18:23:14,552: radical.saga.pty    : pmgr.0000.launching.0           : MainThread     : DEBUG   : flush: [  158] [     ] (flush pty read cache)
2018-03-27 18:23:14,653: radical.saga.pty    : pmgr.0000.launching.0           : MainThread     : DEBUG   :  ===     5 : <saga.utils.pty_process.PTYProcess object at 0x7f852019eb10> : run sync  : qstat --version
2018-03-27 18:23:14,653: radical.saga.pty    : pmgr.0000.launching.0           : MainThread     : DEBUG   : flush: [  158] [     ] (flush pty read cache)
2018-03-27 18:23:14,754: radical.saga.pty    : pmgr.0000.launching.0           : MainThread     : DEBUG   : run_sync: qstat --version
2018-03-27 18:23:14,755: radical.saga.pty    : pmgr.0000.launching.0           : MainThread     : DEBUG   : write: [  158] [   16] (qstat --version\n)
2018-03-27 18:23:14,911: radical.saga.pty    : pmgr.0000.launching.0           : MainThread     : DEBUG   : read : [  158] [   26] (version: 3.0.6\nPROMPT-0->)
2018-03-27 18:23:14,911: radical.saga.pty    : pmgr.0000.launching.0           : MainThread     : DEBUG   :  ===     5 : <saga.utils.pty_process.PTYProcess object at 0x7f852019eb10> : run sync  : which qdel 
2018-03-27 18:23:14,911: radical.saga.pty    : pmgr.0000.launching.0           : MainThread     : DEBUG   : flush: [  158] [     ] (flush pty read cache)
2018-03-27 18:23:15,012: radical.saga.pty    : pmgr.0000.launching.0           : MainThread     : DEBUG   : run_sync: which qdel
2018-03-27 18:23:15,012: radical.saga.pty    : pmgr.0000.launching.0           : MainThread     : DEBUG   : write: [  158] [   11] (which qdel\n)
2018-03-27 18:23:15,166: radical.saga.pty    : pmgr.0000.launching.0           : MainThread     : DEBUG   : read : [  158] [   21] (/usr/local/bin/qdel\n)
2018-03-27 18:23:15,167: radical.saga.pty    : pmgr.0000.launching.0           : MainThread     : DEBUG   : read : [  158] [   10] (PROMPT-0->)
2018-03-27 18:23:15,167: radical.saga.pty    : pmgr.0000.launching.0           : MainThread     : DEBUG   :  ===     5 : <saga.utils.pty_process.PTYProcess object at 0x7f852019eb10> : run sync  : which qsub 
2018-03-27 18:23:15,167: radical.saga.pty    : pmgr.0000.launching.0           : MainThread     : DEBUG   : flush: [  158] [     ] (flush pty read cache)
2018-03-27 18:23:15,268: radical.saga.pty    : pmgr.0000.launching.0           : MainThread     : DEBUG   : run_sync: which qsub
2018-03-27 18:23:15,268: radical.saga.pty    : pmgr.0000.launching.0           : MainThread     : DEBUG   : write: [  158] [   11] (which qsub\n)
2018-03-27 18:23:15,422: radical.saga.pty    : pmgr.0000.launching.0           : MainThread     : DEBUG   : read : [  158] [   31] (/usr/local/bin/qsub\nPROMPT-0->)
2018-03-27 18:23:15,422: radical.saga.pty    : pmgr.0000.launching.0           : MainThread     : DEBUG   :  ===     5 : <saga.utils.pty_process.PTYProcess object at 0x7f852019eb10> : run sync  : which pbsnodes 
2018-03-27 18:23:15,422: radical.saga.pty    : pmgr.0000.launching.0           : MainThread     : DEBUG   : flush: [  158] [     ] (flush pty read cache)
2018-03-27 18:23:15,523: radical.saga.pty    : pmgr.0000.launching.0           : MainThread     : DEBUG   : run_sync: which pbsnodes
2018-03-27 18:23:15,523: radical.saga.pty    : pmgr.0000.launching.0           : MainThread     : DEBUG   : write: [  158] [   15] (which pbsnodes\n)
2018-03-27 18:23:15,677: radical.saga.pty    : pmgr.0000.launching.0           : MainThread     : DEBUG   : read : [  158] [   35] (/usr/local/bin/pbsnodes\nPROMPT-0->)
2018-03-27 18:23:15,677: radical.saga.pty    : pmgr.0000.launching.0           : MainThread     : DEBUG   :  ===     5 : <saga.utils.pty_process.PTYProcess object at 0x7f852019eb10> : run sync  : which qstat 
2018-03-27 18:23:15,677: radical.saga.pty    : pmgr.0000.launching.0           : MainThread     : DEBUG   : flush: [  158] [     ] (flush pty read cache)
2018-03-27 18:23:15,778: radical.saga.pty    : pmgr.0000.launching.0           : MainThread     : DEBUG   : run_sync: which qstat
2018-03-27 18:23:15,778: radical.saga.pty    : pmgr.0000.launching.0           : MainThread     : DEBUG   : write: [  158] [   12] (which qstat\n)
2018-03-27 18:23:15,932: radical.saga.pty    : pmgr.0000.launching.0           : MainThread     : DEBUG   : read : [  158] [   32] (/usr/local/bin/qstat\nPROMPT-0->)
2018-03-27 18:23:15,932: radical.saga.pty    : pmgr.0000.launching.0           : MainThread     : DEBUG   :  ===     5 : <saga.utils.pty_process.PTYProcess object at 0x7f852019eb10> : run sync  : which aprun
2018-03-27 18:23:15,932: radical.saga.pty    : pmgr.0000.launching.0           : MainThread     : DEBUG   : flush: [  158] [     ] (flush pty read cache)
2018-03-27 18:23:16,033: radical.saga.pty    : pmgr.0000.launching.0           : MainThread     : DEBUG   : run_sync: which aprun
2018-03-27 18:23:16,033: radical.saga.pty    : pmgr.0000.launching.0           : MainThread     : DEBUG   : write: [  158] [   12] (which aprun\n)
2018-03-27 18:23:16,188: radical.saga.pty    : pmgr.0000.launching.0           : MainThread     : DEBUG   : read : [  158] [  985] (which: no aprun in (/home/gcha ... home/gchantzi/bin)\nPROMPT-1->)
2018-03-27 18:23:16,189: radical.saga.pty    : pmgr.0000.launching.0           : MainThread     : DEBUG   :  ===     5 : <saga.utils.pty_process.PTYProcess object at 0x7f852019eb10> : run sync  : unset GREP_OPTIONS; /usr/local/bin/pbsnodes -a | grep -E "(np|pcpu)[[:blank:]]*=" 
2018-03-27 18:23:16,189: radical.saga.pty    : pmgr.0000.launching.0           : MainThread     : DEBUG   : flush: [  158] [     ] (flush pty read cache)
2018-03-27 18:23:16,290: radical.saga.pty    : pmgr.0000.launching.0           : MainThread     : DEBUG   : run_sync: unset GREP_OPTIONS; /usr/local/bin/pbsnodes -a | grep -E "(np|pcpu)[[:blank:]]*="
2018-03-27 18:23:16,290: radical.saga.pty    : pmgr.0000.launching.0           : MainThread     : DEBUG   : write: [  158] [   82] (unset GREP_OPTIONS; /usr/local/bin/pbsnodes -a | grep -E "(np|pcpu)[[:blank:]]*="\n)
2018-03-27 18:23:16,477: radical.saga.pty    : pmgr.0000.launching.0           : MainThread     : DEBUG   : read : [  158] [ 1862] (     np = 20\n     np = 20\n   ... \n     np = 20\n     np = 20\n)
2018-03-27 18:23:16,478: radical.saga.pty    : pmgr.0000.launching.0           : MainThread     : DEBUG   : read : [  158] [  546] (     np = 20\n     np = 20\n     np = 20\n     np = 20\n     np = 20\n     np = 20\n     np = 20\n     np = 20\n     np = 20\n     np = 20\n     np = 20\n     np = 20\n     np = 20\n     np = 20\n     np = 20\n     np = 20\n     np = 20\n     np = 20\n     np = 20\n     np = 20\n     np = 20\n     np = 20\n     np = 20\n     np = 20\n     np = 20\n     np = 20\n     np = 20\n     np = 20\n     np = 20\n     np = 20\n     np = 20\n     np = 20\n     np = 20\n     np = 20\n     np = 20\n     np = 20\n     np = 20\n     np = 20\n     np = 20\n)
2018-03-27 18:23:16,479: radical.saga.pty    : pmgr.0000.launching.0           : MainThread     : DEBUG   : read : [  158] [   56] (     np = 20\n     np = 20\n     np = 20\n     np = 20\n)
2018-03-27 18:23:16,628: radical.saga.pty    : pmgr.0000.launching.0           : MainThread     : DEBUG   : read : [  158] [ 2908] (     np = 20\n     np = 20\n   ... = 28\n     np = 28\nPROMPT-0->)
2018-03-27 18:23:16,643: radical.saga.pty    : pmgr.0000.launching.0           : Thread-3       : DEBUG   :  ===     5 : <saga.utils.pty_process.PTYProcess object at 0x7f852019eb10> : run sync  : mkdir -p /work/gchantzi/radical.pilot.sandbox/rp.session.one.george.017617.0007/pilot.0000
2018-03-27 18:23:16,643: radical.saga.pty    : pmgr.0000.launching.0           : Thread-3       : DEBUG   : flush: [  158] [     ] (flush pty read cache)
2018-03-27 18:23:16,744: radical.saga.pty    : pmgr.0000.launching.0           : Thread-3       : DEBUG   : run_sync: mkdir -p /work/gchantzi/radical.pilot.sandbox/rp.session.one.george.017617.0007/pilot.0000
2018-03-27 18:23:16,744: radical.saga.pty    : pmgr.0000.launching.0           : Thread-3       : DEBUG   : write: [  158] [   91] (mkdir -p /work/gchantzi/radical.pilot.sandbox/rp.session.one.george.017617.0007/pilot.0000\n)
2018-03-27 18:23:16,900: radical.saga.pty    : pmgr.0000.launching.0           : Thread-3       : DEBUG   : read : [  158] [   10] (PROMPT-0->)
2018-03-27 18:23:16,900: radical.saga.pty    : pmgr.0000.launching.0           : Thread-3       : DEBUG   :  ===     5 : <saga.utils.pty_process.PTYProcess object at 0x7f852019eb10> : run sync  : SCRIPTFILE=`mktemp -t SAGA-Python-TORQUEJobScript.XXXXXX` &&  echo "
#!/bin/bash 
#PBS -N pilot.0000 
#PBS -V 
#PBS -v RADICAL_PILOT_PROFILE=TRUE
#PBS -o /work/gchantzi/radical.pilot.sandbox/rp.session.one.george.017617.0007/pilot.0000/bootstrap_1.out 
#PBS -e /work/gchantzi/radical.pilot.sandbox/rp.session.one.george.017617.0007/pilot.0000/bootstrap_1.err 
#PBS -l walltime=0:15:00 
#PBS -q workq 
#PBS -A TG-MCB090174 
#PBS -l nodes=2:ppn=20
export    PBS_O_WORKDIR=/work/gchantzi/radical.pilot.sandbox/rp.session.one.george.017617.0007/pilot.0000 
mkdir -p  /work/gchantzi/radical.pilot.sandbox/rp.session.one.george.017617.0007/pilot.0000
cd        /work/gchantzi/radical.pilot.sandbox/rp.session.one.george.017617.0007/pilot.0000
export SAGA_PPN=20
/bin/bash -l /work/gchantzi/radical.pilot.sandbox/rp.session.one.george.017617.0007/bootstrap_0.sh  -d 'radical.utils-0.47.1.tar.gz:saga-python-0.47-v0.46-48-g5825f1b0-devel.tar.gz:radical.pilot-0.47-0.47-14-gb1dff8bd-devel.tar.gz' -p 'pilot.0000' -s 'rp.session.one.george.017617.0007' -m 'create' -r 'local' -b 'default' -g 'default' -v '/work/gchantzi/radical.pilot.sandbox/ve.xsede.supermic_orte.0.47' -y '15' -e 'module load python/2.7.7-anaconda' -e 'module use -a /worka/work/amerzky/radical.pilot.sandbox/openmpi/modules/' -e 'module load openmpi/2017_03_13_6da4dbb' -w 'export PATH=\$PATH' -w 'export LD_LIBRARY_PATH=\$LD_LIBRARY_PATH' " > $SCRIPTFILE && /usr/local/bin/qsub $SCRIPTFILE && rm -f $SCRIPTFILE
2018-03-27 18:23:16,900: radical.saga.pty    : pmgr.0000.launching.0           : Thread-3       : DEBUG   : flush: [  158] [     ] (flush pty read cache)
2018-03-27 18:23:17,001: radical.saga.pty    : pmgr.0000.launching.0           : Thread-3       : DEBUG   : run_sync: SCRIPTFILE=`mktemp -t SAGA-Python-TORQUEJobScript.XXXXXX` &&  echo "
#!/bin/bash 
#PBS -N pilot.0000 
#PBS -V 
#PBS -v RADICAL_PILOT_PROFILE=TRUE
#PBS -o /work/gchantzi/radical.pilot.sandbox/rp.session.one.george.017617.0007/pilot.0000/bootstrap_1.out 
#PBS -e /work/gchantzi/radical.pilot.sandbox/rp.session.one.george.017617.0007/pilot.0000/bootstrap_1.err 
#PBS -l walltime=0:15:00 
#PBS -q workq 
#PBS -A TG-MCB090174 
#PBS -l nodes=2:ppn=20
export    PBS_O_WORKDIR=/work/gchantzi/radical.pilot.sandbox/rp.session.one.george.017617.0007/pilot.0000 
mkdir -p  /work/gchantzi/radical.pilot.sandbox/rp.session.one.george.017617.0007/pilot.0000
cd        /work/gchantzi/radical.pilot.sandbox/rp.session.one.george.017617.0007/pilot.0000
export SAGA_PPN=20
/bin/bash -l /work/gchantzi/radical.pilot.sandbox/rp.session.one.george.017617.0007/bootstrap_0.sh  -d 'radical.utils-0.47.1.tar.gz:saga-python-0.47-v0.46-48-g5825f1b0-devel.tar.gz:radical.pilot-0.47-0.47-14-gb1dff8bd-devel.tar.gz' -p 'pilot.0000' -s 'rp.session.one.george.017617.0007' -m 'create' -r 'local' -b 'default' -g 'default' -v '/work/gchantzi/radical.pilot.sandbox/ve.xsede.supermic_orte.0.47' -y '15' -e 'module load python/2.7.7-anaconda' -e 'module use -a /worka/work/amerzky/radical.pilot.sandbox/openmpi/modules/' -e 'module load openmpi/2017_03_13_6da4dbb' -w 'export PATH=\$PATH' -w 'export LD_LIBRARY_PATH=\$LD_LIBRARY_PATH' " > $SCRIPTFILE && /usr/local/bin/qsub $SCRIPTFILE && rm -f $SCRIPTFILE
2018-03-27 18:23:17,001: radical.saga.pty    : pmgr.0000.launching.0           : Thread-3       : DEBUG   : write: [  158] [ 1473] (SCRIPTFILE=`mktemp -t SAGA-Pyt ... IPTFILE && rm -f $SCRIPTFILE\n)
2018-03-27 18:23:17,351: radical.saga.pty    : pmgr.0000.launching.0           : Thread-3       : DEBUG   : read : [  158] [   14] (401179.smic3\n)
2018-03-27 18:23:17,646: radical.saga.pty    : pmgr.0000.launching.0           : Thread-3       : DEBUG   : read : [  158] [   10] (PROMPT-0->)
2018-03-27 18:24:13,562: radical.saga.pty    : pmgr.0000.launching.0           : Thread-2       : DEBUG   :  ===     5 : <saga.utils.pty_process.PTYProcess object at 0x7f852019eb10> : run sync  : unset GREP_OPTIONS; /usr/local/bin/qstat -f1 401179 | grep -E -i '(job_state)|(Job_Name)|(exec_host)|(exit_status)|(ctime)|(start_time)|(stime)|(mtime)'
2018-03-27 18:24:13,562: radical.saga.pty    : pmgr.0000.launching.0           : Thread-2       : DEBUG   : flush: [  158] [     ] (flush pty read cache)
2018-03-27 18:24:13,663: radical.saga.pty    : pmgr.0000.launching.0           : Thread-2       : DEBUG   : run_sync: unset GREP_OPTIONS; /usr/local/bin/qstat -f1 401179 | grep -E -i '(job_state)|(Job_Name)|(exec_host)|(exit_status)|(ctime)|(start_time)|(stime)|(mtime)'
2018-03-27 18:24:13,663: radical.saga.pty    : pmgr.0000.launching.0           : Thread-2       : DEBUG   : write: [  158] [  153] (unset GREP_OPTIONS; /usr/local/bin/qstat -f1 401179 | grep -E -i '(job_state)|(Job_Name)|(exec_host)|(exit_status)|(ctime)|(start_time)|(stime)|(mtime)'\n)
2018-03-27 18:24:13,834: radical.saga.pty    : pmgr.0000.launching.0           : Thread-2       : DEBUG   : read : [  158] [  612] (    Job_Name = pilot.0000\n    ... r 27 11:23:37 2018\nPROMPT-0->)
2018-03-27 18:25:13,863: radical.saga.pty    : pmgr.0000.launching.0           : Thread-2       : DEBUG   :  ===     5 : <saga.utils.pty_process.PTYProcess object at 0x7f852019eb10> : run sync  : unset GREP_OPTIONS; /usr/local/bin/qstat -f1 401179 | grep -E -i '(job_state)|(Job_Name)|(exec_host)|(exit_status)|(ctime)|(start_time)|(stime)|(mtime)'
2018-03-27 18:25:13,864: radical.saga.pty    : pmgr.0000.launching.0           : Thread-2       : DEBUG   : flush: [  158] [     ] (flush pty read cache)
2018-03-27 18:25:13,965: radical.saga.pty    : pmgr.0000.launching.0           : Thread-2       : DEBUG   : run_sync: unset GREP_OPTIONS; /usr/local/bin/qstat -f1 401179 | grep -E -i '(job_state)|(Job_Name)|(exec_host)|(exit_status)|(ctime)|(start_time)|(stime)|(mtime)'
2018-03-27 18:25:13,965: radical.saga.pty    : pmgr.0000.launching.0           : Thread-2       : DEBUG   : write: [  158] [  153] (unset GREP_OPTIONS; /usr/local/bin/qstat -f1 401179 | grep -E -i '(job_state)|(Job_Name)|(exec_host)|(exit_status)|(ctime)|(start_time)|(stime)|(mtime)'\n)
2018-03-27 18:25:14,144: radical.saga.pty    : pmgr.0000.launching.0           : Thread-2       : DEBUG   : read : [  158] [  612] (    Job_Name = pilot.0000\n    ... r 27 11:23:37 2018\nPROMPT-0->)
2018-03-27 18:26:14,190: radical.saga.pty    : pmgr.0000.launching.0           : Thread-2       : DEBUG   :  ===     5 : <saga.utils.pty_process.PTYProcess object at 0x7f852019eb10> : run sync  : unset GREP_OPTIONS; /usr/local/bin/qstat -f1 401179 | grep -E -i '(job_state)|(Job_Name)|(exec_host)|(exit_status)|(ctime)|(start_time)|(stime)|(mtime)'
2018-03-27 18:26:14,191: radical.saga.pty    : pmgr.0000.launching.0           : Thread-2       : DEBUG   : flush: [  158] [     ] (flush pty read cache)
2018-03-27 18:26:14,292: radical.saga.pty    : pmgr.0000.launching.0           : Thread-2       : DEBUG   : run_sync: unset GREP_OPTIONS; /usr/local/bin/qstat -f1 401179 | grep -E -i '(job_state)|(Job_Name)|(exec_host)|(exit_status)|(ctime)|(start_time)|(stime)|(mtime)'
2018-03-27 18:26:14,292: radical.saga.pty    : pmgr.0000.launching.0           : Thread-2       : DEBUG   : write: [  158] [  153] (unset GREP_OPTIONS; /usr/local/bin/qstat -f1 401179 | grep -E -i '(job_state)|(Job_Name)|(exec_host)|(exit_status)|(ctime)|(start_time)|(stime)|(mtime)'\n)
2018-03-27 18:26:14,473: radical.saga.pty    : pmgr.0000.launching.0           : Thread-2       : DEBUG   : read : [  158] [  612] (    Job_Name = pilot.0000\n    ... r 27 11:23:37 2018\nPROMPT-0->)
2018-03-27 18:27:14,503: radical.saga.pty    : pmgr.0000.launching.0           : Thread-2       : DEBUG   :  ===     5 : <saga.utils.pty_process.PTYProcess object at 0x7f852019eb10> : run sync  : unset GREP_OPTIONS; /usr/local/bin/qstat -f1 401179 | grep -E -i '(job_state)|(Job_Name)|(exec_host)|(exit_status)|(ctime)|(start_time)|(stime)|(mtime)'
2018-03-27 18:27:14,504: radical.saga.pty    : pmgr.0000.launching.0           : Thread-2       : DEBUG   : flush: [  158] [     ] (flush pty read cache)
2018-03-27 18:27:14,605: radical.saga.pty    : pmgr.0000.launching.0           : Thread-2       : DEBUG   : run_sync: unset GREP_OPTIONS; /usr/local/bin/qstat -f1 401179 | grep -E -i '(job_state)|(Job_Name)|(exec_host)|(exit_status)|(ctime)|(start_time)|(stime)|(mtime)'
2018-03-27 18:27:14,605: radical.saga.pty    : pmgr.0000.launching.0           : Thread-2       : DEBUG   : write: [  158] [  153] (unset GREP_OPTIONS; /usr/local/bin/qstat -f1 401179 | grep -E -i '(job_state)|(Job_Name)|(exec_host)|(exit_status)|(ctime)|(start_time)|(stime)|(mtime)'\n)
2018-03-27 18:27:14,776: radical.saga.pty    : pmgr.0000.launching.0           : Thread-2       : DEBUG   : read : [  158] [  612] (    Job_Name = pilot.0000\n    ... r 27 11:23:37 2018\nPROMPT-0->)
2018-03-27 18:28:14,806: radical.saga.pty    : pmgr.0000.launching.0           : Thread-2       : DEBUG   :  ===     5 : <saga.utils.pty_process.PTYProcess object at 0x7f852019eb10> : run sync  : unset GREP_OPTIONS; /usr/local/bin/qstat -f1 401179 | grep -E -i '(job_state)|(Job_Name)|(exec_host)|(exit_status)|(ctime)|(start_time)|(stime)|(mtime)'
2018-03-27 18:28:14,806: radical.saga.pty    : pmgr.0000.launching.0           : Thread-2       : DEBUG   : flush: [  158] [     ] (flush pty read cache)
2018-03-27 18:28:14,907: radical.saga.pty    : pmgr.0000.launching.0           : Thread-2       : DEBUG   : run_sync: unset GREP_OPTIONS; /usr/local/bin/qstat -f1 401179 | grep -E -i '(job_state)|(Job_Name)|(exec_host)|(exit_status)|(ctime)|(start_time)|(stime)|(mtime)'
2018-03-27 18:28:14,907: radical.saga.pty    : pmgr.0000.launching.0           : Thread-2       : DEBUG   : write: [  158] [  153] (unset GREP_OPTIONS; /usr/local/bin/qstat -f1 401179 | grep -E -i '(job_state)|(Job_Name)|(exec_host)|(exit_status)|(ctime)|(start_time)|(stime)|(mtime)'\n)
2018-03-27 18:28:15,091: radical.saga.pty    : pmgr.0000.launching.0           : Thread-2       : DEBUG   : read : [  158] [  612] (    Job_Name = pilot.0000\n    ... r 27 11:23:37 2018\nPROMPT-0->)
2018-03-27 18:29:15,151: radical.saga.pty    : pmgr.0000.launching.0           : Thread-2       : DEBUG   :  ===     5 : <saga.utils.pty_process.PTYProcess object at 0x7f852019eb10> : run sync  : unset GREP_OPTIONS; /usr/local/bin/qstat -f1 401179 | grep -E -i '(job_state)|(Job_Name)|(exec_host)|(exit_status)|(ctime)|(start_time)|(stime)|(mtime)'
2018-03-27 18:29:15,151: radical.saga.pty    : pmgr.0000.launching.0           : Thread-2       : DEBUG   : flush: [  158] [     ] (flush pty read cache)
2018-03-27 18:29:15,252: radical.saga.pty    : pmgr.0000.launching.0           : Thread-2       : DEBUG   : run_sync: unset GREP_OPTIONS; /usr/local/bin/qstat -f1 401179 | grep -E -i '(job_state)|(Job_Name)|(exec_host)|(exit_status)|(ctime)|(start_time)|(stime)|(mtime)'
2018-03-27 18:29:15,252: radical.saga.pty    : pmgr.0000.launching.0           : Thread-2       : DEBUG   : write: [  158] [  153] (unset GREP_OPTIONS; /usr/local/bin/qstat -f1 401179 | grep -E -i '(job_state)|(Job_Name)|(exec_host)|(exit_status)|(ctime)|(start_time)|(stime)|(mtime)'\n)
2018-03-27 18:29:15,431: radical.saga.pty    : pmgr.0000.launching.0           : Thread-2       : DEBUG   : read : [  158] [  612] (    Job_Name = pilot.0000\n    ... r 27 11:23:37 2018\nPROMPT-0->)
2018-03-27 18:30:15,458: radical.saga.pty    : pmgr.0000.launching.0           : Thread-2       : DEBUG   :  ===     5 : <saga.utils.pty_process.PTYProcess object at 0x7f852019eb10> : run sync  : unset GREP_OPTIONS; /usr/local/bin/qstat -f1 401179 | grep -E -i '(job_state)|(Job_Name)|(exec_host)|(exit_status)|(ctime)|(start_time)|(stime)|(mtime)'
2018-03-27 18:30:15,458: radical.saga.pty    : pmgr.0000.launching.0           : Thread-2       : DEBUG   : flush: [  158] [     ] (flush pty read cache)
2018-03-27 18:30:15,560: radical.saga.pty    : pmgr.0000.launching.0           : Thread-2       : DEBUG   : run_sync: unset GREP_OPTIONS; /usr/local/bin/qstat -f1 401179 | grep -E -i '(job_state)|(Job_Name)|(exec_host)|(exit_status)|(ctime)|(start_time)|(stime)|(mtime)'
2018-03-27 18:30:15,560: radical.saga.pty    : pmgr.0000.launching.0           : Thread-2       : DEBUG   : write: [  158] [  153] (unset GREP_OPTIONS; /usr/local/bin/qstat -f1 401179 | grep -E -i '(job_state)|(Job_Name)|(exec_host)|(exit_status)|(ctime)|(start_time)|(stime)|(mtime)'\n)
2018-03-27 18:30:15,731: radical.saga.pty    : pmgr.0000.launching.0           : Thread-2       : DEBUG   : read : [  158] [  612] (    Job_Name = pilot.0000\n    ... r 27 11:23:37 2018\nPROMPT-0->)
2018-03-27 18:31:15,759: radical.saga.pty    : pmgr.0000.launching.0           : Thread-2       : DEBUG   :  ===     5 : <saga.utils.pty_process.PTYProcess object at 0x7f852019eb10> : run sync  : unset GREP_OPTIONS; /usr/local/bin/qstat -f1 401179 | grep -E -i '(job_state)|(Job_Name)|(exec_host)|(exit_status)|(ctime)|(start_time)|(stime)|(mtime)'
2018-03-27 18:31:15,759: radical.saga.pty    : pmgr.0000.launching.0           : Thread-2       : DEBUG   : flush: [  158] [     ] (flush pty read cache)
2018-03-27 18:31:15,860: radical.saga.pty    : pmgr.0000.launching.0           : Thread-2       : DEBUG   : run_sync: unset GREP_OPTIONS; /usr/local/bin/qstat -f1 401179 | grep -E -i '(job_state)|(Job_Name)|(exec_host)|(exit_status)|(ctime)|(start_time)|(stime)|(mtime)'
2018-03-27 18:31:15,861: radical.saga.pty    : pmgr.0000.launching.0           : Thread-2       : DEBUG   : write: [  158] [  153] (unset GREP_OPTIONS; /usr/local/bin/qstat -f1 401179 | grep -E -i '(job_state)|(Job_Name)|(exec_host)|(exit_status)|(ctime)|(start_time)|(stime)|(mtime)'\n)
2018-03-27 18:31:16,040: radical.saga.pty    : pmgr.0000.launching.0           : Thread-2       : DEBUG   : read : [  158] [  612] (    Job_Name = pilot.0000\n    ... r 27 11:23:37 2018\nPROMPT-0->)
2018-03-27 18:32:16,096: radical.saga.pty    : pmgr.0000.launching.0           : Thread-2       : DEBUG   :  ===     5 : <saga.utils.pty_process.PTYProcess object at 0x7f852019eb10> : run sync  : unset GREP_OPTIONS; /usr/local/bin/qstat -f1 401179 | grep -E -i '(job_state)|(Job_Name)|(exec_host)|(exit_status)|(ctime)|(start_time)|(stime)|(mtime)'
2018-03-27 18:32:16,096: radical.saga.pty    : pmgr.0000.launching.0           : Thread-2       : DEBUG   : flush: [  158] [     ] (flush pty read cache)
2018-03-27 18:32:16,197: radical.saga.pty    : pmgr.0000.launching.0           : Thread-2       : DEBUG   : run_sync: unset GREP_OPTIONS; /usr/local/bin/qstat -f1 401179 | grep -E -i '(job_state)|(Job_Name)|(exec_host)|(exit_status)|(ctime)|(start_time)|(stime)|(mtime)'
2018-03-27 18:32:16,197: radical.saga.pty    : pmgr.0000.launching.0           : Thread-2       : DEBUG   : write: [  158] [  153] (unset GREP_OPTIONS; /usr/local/bin/qstat -f1 401179 | grep -E -i '(job_state)|(Job_Name)|(exec_host)|(exit_status)|(ctime)|(start_time)|(stime)|(mtime)'\n)
2018-03-27 18:32:16,377: radical.saga.pty    : pmgr.0000.launching.0           : Thread-2       : DEBUG   : read : [  158] [  559] (    Job_Name = pilot.0000\n    job_state = R\n    ctime = Tue Mar 27 11:23:17 2018\n    exec_host = smic068/19+smic068/18+smic068/17+smic068/16+smic068/15+smic068/14+smic068/13+smic068/12+smic068/11+smic068/10+smic068/9+smic068/8+smic068/7+smic068/6+smic068/5+smic068/4+smic068/3+smic068/2+smic068/1+smic068/0+smic089/19+smic089/18+smic089/17+smic089/16+smic089/15+smic089/14+smic089/13+smic089/12+smic089/11+smic089/10+smic089/9+smic089/8+smic089/7+smic089/6+smic089/5+smic089/4+smic089/3+smic089/2+smic089/1+smic089/0\n    mtime = Tue Mar 27 11:23:40 2018\n)
2018-03-27 18:32:16,378: radical.saga.pty    : pmgr.0000.launching.0           : Thread-2       : DEBUG   : read : [  158] [   53] (    start_time = Tue Mar 27 11:23:37 2018\nPROMPT-0->)
2018-03-27 18:33:16,403: radical.saga.pty    : pmgr.0000.launching.0           : Thread-2       : DEBUG   :  ===     5 : <saga.utils.pty_process.PTYProcess object at 0x7f852019eb10> : run sync  : unset GREP_OPTIONS; /usr/local/bin/qstat -f1 401179 | grep -E -i '(job_state)|(Job_Name)|(exec_host)|(exit_status)|(ctime)|(start_time)|(stime)|(mtime)'
2018-03-27 18:33:16,403: radical.saga.pty    : pmgr.0000.launching.0           : Thread-2       : DEBUG   : flush: [  158] [     ] (flush pty read cache)
2018-03-27 18:33:16,504: radical.saga.pty    : pmgr.0000.launching.0           : Thread-2       : DEBUG   : run_sync: unset GREP_OPTIONS; /usr/local/bin/qstat -f1 401179 | grep -E -i '(job_state)|(Job_Name)|(exec_host)|(exit_status)|(ctime)|(start_time)|(stime)|(mtime)'
2018-03-27 18:33:16,504: radical.saga.pty    : pmgr.0000.launching.0           : Thread-2       : DEBUG   : write: [  158] [  153] (unset GREP_OPTIONS; /usr/local/bin/qstat -f1 401179 | grep -E -i '(job_state)|(Job_Name)|(exec_host)|(exit_status)|(ctime)|(start_time)|(stime)|(mtime)'\n)
2018-03-27 18:33:16,674: radical.saga.pty    : pmgr.0000.launching.0           : Thread-2       : DEBUG   : read : [  158] [  602] (    Job_Name = pilot.0000\n    ... e = Tue Mar 27 11:23:37 2018\n)
2018-03-27 18:33:16,674: radical.saga.pty    : pmgr.0000.launching.0           : Thread-2       : DEBUG   : read : [  158] [   10] (PROMPT-0->)
2018-03-27 18:34:16,727: radical.saga.pty    : pmgr.0000.launching.0           : Thread-2       : DEBUG   :  ===     5 : <saga.utils.pty_process.PTYProcess object at 0x7f852019eb10> : run sync  : unset GREP_OPTIONS; /usr/local/bin/qstat -f1 401179 | grep -E -i '(job_state)|(Job_Name)|(exec_host)|(exit_status)|(ctime)|(start_time)|(stime)|(mtime)'
2018-03-27 18:34:16,728: radical.saga.pty    : pmgr.0000.launching.0           : Thread-2       : DEBUG   : flush: [  158] [     ] (flush pty read cache)
2018-03-27 18:34:16,829: radical.saga.pty    : pmgr.0000.launching.0           : Thread-2       : DEBUG   : run_sync: unset GREP_OPTIONS; /usr/local/bin/qstat -f1 401179 | grep -E -i '(job_state)|(Job_Name)|(exec_host)|(exit_status)|(ctime)|(start_time)|(stime)|(mtime)'
2018-03-27 18:34:16,829: radical.saga.pty    : pmgr.0000.launching.0           : Thread-2       : DEBUG   : write: [  158] [  153] (unset GREP_OPTIONS; /usr/local/bin/qstat -f1 401179 | grep -E -i '(job_state)|(Job_Name)|(exec_host)|(exit_status)|(ctime)|(start_time)|(stime)|(mtime)'\n)
2018-03-27 18:34:17,013: radical.saga.pty    : pmgr.0000.launching.0           : Thread-2       : DEBUG   : read : [  158] [  612] (    Job_Name = pilot.0000\n    ... r 27 11:23:37 2018\nPROMPT-0->)
2018-03-27 18:35:17,063: radical.saga.pty    : pmgr.0000.launching.0           : Thread-2       : DEBUG   :  ===     5 : <saga.utils.pty_process.PTYProcess object at 0x7f852019eb10> : run sync  : unset GREP_OPTIONS; /usr/local/bin/qstat -f1 401179 | grep -E -i '(job_state)|(Job_Name)|(exec_host)|(exit_status)|(ctime)|(start_time)|(stime)|(mtime)'
2018-03-27 18:35:17,063: radical.saga.pty    : pmgr.0000.launching.0           : Thread-2       : DEBUG   : flush: [  158] [     ] (flush pty read cache)
2018-03-27 18:35:17,164: radical.saga.pty    : pmgr.0000.launching.0           : Thread-2       : DEBUG   : run_sync: unset GREP_OPTIONS; /usr/local/bin/qstat -f1 401179 | grep -E -i '(job_state)|(Job_Name)|(exec_host)|(exit_status)|(ctime)|(start_time)|(stime)|(mtime)'
2018-03-27 18:35:17,164: radical.saga.pty    : pmgr.0000.launching.0           : Thread-2       : DEBUG   : write: [  158] [  153] (unset GREP_OPTIONS; /usr/local/bin/qstat -f1 401179 | grep -E -i '(job_state)|(Job_Name)|(exec_host)|(exit_status)|(ctime)|(start_time)|(stime)|(mtime)'\n)
2018-03-27 18:35:17,347: radical.saga.pty    : pmgr.0000.launching.0           : Thread-2       : DEBUG   : read : [  158] 