2018-03-27 18:22:53,115: state.pubsub.pub.0000: update.0                        : MainThread     : INFO    : python.interpreter   version: 2.7.14 (default, Sep 23 2017, 22:06:14) [GCC 7.2.0]
2018-03-27 18:22:53,115: state.pubsub.pub.0000: update.0                        : MainThread     : INFO    :                      pid: 19500
2018-03-27 18:22:53,115: state.pubsub.pub.0000: update.0                        : MainThread     : INFO    :                      tid: MainThread
2018-03-27 18:22:53,116: state.pubsub.pub.0000: update.0                        : MainThread     : INFO    : radical.pilot        version: 0.47-0.47-14-gb1dff8bd@devel
2018-03-27 18:22:53,116: state.pubsub.pub.0000: update.0                        : MainThread     : INFO    : create state_pubsub - pub - tcp://144.76.72.175:40793
2018-03-27 18:22:53,116: state.pubsub.pub.0000: update.0                        : MainThread     : DEBUG   : start process
2018-03-27 18:22:53,116: state.pubsub.pub.0000: update.0                        : MainThread     : DEBUG   : ru_initialize_common (NOOP)
2018-03-27 18:22:53,116: state.pubsub.pub.0000: update.0                        : MainThread     : DEBUG   : ru_initialize_parent (NOOP)
2018-03-27 18:22:53,117: state.pubsub.pub.0000: update.0                        : MainThread     : DEBUG   : process class started (no child)
2018-03-27 18:22:53,695: state.pubsub.pub.0000: MainProcess                     : MainThread     : INFO    : python.interpreter   version: 2.7.14 (default, Sep 23 2017, 22:06:14) [GCC 7.2.0]
2018-03-27 18:22:53,695: state.pubsub.pub.0000: MainProcess                     : MainThread     : INFO    :                      pid: 19465
2018-03-27 18:22:53,696: state.pubsub.pub.0000: MainProcess                     : MainThread     : INFO    :                      tid: MainThread
2018-03-27 18:22:53,696: state.pubsub.pub.0000: MainProcess                     : MainThread     : INFO    : radical.pilot        version: 0.47-0.47-14-gb1dff8bd@devel
2018-03-27 18:22:53,696: state.pubsub.pub.0000: MainProcess                     : MainThread     : INFO    : create state_pubsub - pub - tcp://144.76.72.175:40793
2018-03-27 18:22:53,696: state.pubsub.pub.0000: MainProcess                     : MainThread     : DEBUG   : start process
2018-03-27 18:22:53,696: state.pubsub.pub.0000: MainProcess                     : MainThread     : DEBUG   : ru_initialize_common (NOOP)
2018-03-27 18:22:53,696: state.pubsub.pub.0000: MainProcess                     : MainThread     : DEBUG   : ru_initialize_parent (NOOP)
2018-03-27 18:22:53,696: state.pubsub.pub.0000: MainProcess                     : MainThread     : DEBUG   : process class started (no child)
2018-03-27 18:36:19,861: state.pubsub.pub.0000: MainProcess                     : MainThread     : INFO    : parent stops child  19465 -> None [state.pubsub.pub.0000]
2018-03-27 18:36:19,861: state.pubsub.pub.0000: MainProcess                     : MainThread     : DEBUG   : ru_finalize_parent (NOOP)
2018-03-27 18:36:20,019: state.pubsub.pub.0000: update.0                        : MainThread     : INFO    : parent stops child  19500 -> None [state.pubsub.pub.0000]
2018-03-27 18:36:20,019: state.pubsub.pub.0000: update.0                        : MainThread     : DEBUG   : ru_finalize_parent (NOOP)
