2018-04-03 11:46:08,207: log.pubsub.pub.0004 : agent_0.executing.0             : MainThread     : INFO    : python.interpreter   version: 2.7.7 |Continuum Analytics, Inc.| (default, Jun 2 2014, 12:34:02) [GCC 4.1.2 20080704 (Red Hat 4.1.2-54)]
2018-04-03 11:46:08,210: log.pubsub.pub.0004 : agent_0.executing.0             : MainThread     : INFO    :                      pid: 18615
2018-04-03 11:46:08,210: log.pubsub.pub.0004 : agent_0.executing.0             : MainThread     : INFO    :                      tid: MainThread
2018-04-03 11:46:08,210: log.pubsub.pub.0004 : agent_0.executing.0             : MainThread     : INFO    : radical.pilot        version: 0.47-0.47-14-gb1dff8bd@devel
2018-04-03 11:46:08,210: log.pubsub.pub.0004 : agent_0.executing.0             : MainThread     : INFO    : create log_pubsub - pub - tcp://204.90.41.238:36214
2018-04-03 11:46:08,210: log.pubsub.pub.0004 : agent_0.executing.0             : MainThread     : DEBUG   : start process
2018-04-03 11:46:08,211: log.pubsub.pub.0004 : agent_0.executing.0             : MainThread     : DEBUG   : ru_initialize_common (NOOP)
2018-04-03 11:46:08,211: log.pubsub.pub.0004 : agent_0.executing.0             : MainThread     : DEBUG   : ru_initialize_parent (NOOP)
2018-04-03 11:46:08,211: log.pubsub.pub.0004 : agent_0.executing.0             : MainThread     : DEBUG   : process class started (no child)
2018-04-03 11:46:08,296: log.pubsub.pub.0004 : MainProcess                     : MainThread     : INFO    : python.interpreter   version: 2.7.7 |Continuum Analytics, Inc.| (default, Jun 2 2014, 12:34:02) [GCC 4.1.2 20080704 (Red Hat 4.1.2-54)]
2018-04-03 11:46:08,298: log.pubsub.pub.0004 : MainProcess                     : MainThread     : INFO    :                      pid: 18419
2018-04-03 11:46:08,298: log.pubsub.pub.0004 : MainProcess                     : MainThread     : INFO    :                      tid: MainThread
2018-04-03 11:46:08,299: log.pubsub.pub.0004 : MainProcess                     : MainThread     : INFO    : radical.pilot        version: 0.47-0.47-14-gb1dff8bd@devel
2018-04-03 11:46:08,299: log.pubsub.pub.0004 : MainProcess                     : MainThread     : INFO    : create log_pubsub - pub - tcp://204.90.41.238:36214
2018-04-03 11:46:08,299: log.pubsub.pub.0004 : MainProcess                     : MainThread     : DEBUG   : start process
2018-04-03 11:46:08,299: log.pubsub.pub.0004 : MainProcess                     : MainThread     : DEBUG   : ru_initialize_common (NOOP)
2018-04-03 11:46:08,299: log.pubsub.pub.0004 : MainProcess                     : MainThread     : DEBUG   : ru_initialize_parent (NOOP)
2018-04-03 11:46:08,299: log.pubsub.pub.0004 : MainProcess                     : MainThread     : DEBUG   : process class started (no child)
2018-04-03 11:58:18,068: log.pubsub.pub.0004 : agent_0.executing.0             : agent_0.executing.0.child.subscriber._cancel_monitor_cb: INFO    : parent stops child  18615 -> None [log.pubsub.pub.0004]
2018-04-03 11:58:18,068: log.pubsub.pub.0004 : agent_0.executing.0             : agent_0.executing.0.child.subscriber._cancel_monitor_cb: DEBUG   : ru_finalize_parent (NOOP)
2018-04-03 11:58:18,709: log.pubsub.pub.0004 : MainProcess                     : MainThread     : INFO    : parent stops child  18419 -> None [log.pubsub.pub.0004]
2018-04-03 11:58:18,709: log.pubsub.pub.0004 : MainProcess                     : MainThread     : DEBUG   : ru_finalize_parent (NOOP)
