2018-04-04 01:51:57,810: log.pubsub.pub.0005 : umgr.0000.scheduling.0          : MainThread     : INFO    : python.interpreter   version: 2.7.14 (default, Sep 23 2017, 22:06:14) [GCC 7.2.0]
2018-04-04 01:51:57,810: log.pubsub.pub.0005 : umgr.0000.scheduling.0          : MainThread     : INFO    :                      pid: 18026
2018-04-04 01:51:57,810: log.pubsub.pub.0005 : umgr.0000.scheduling.0          : MainThread     : INFO    :                      tid: MainThread
2018-04-04 01:51:57,811: log.pubsub.pub.0005 : umgr.0000.scheduling.0          : MainThread     : INFO    : radical.pilot        version: 0.47-0.47-14-gb1dff8bd@devel
2018-04-04 01:51:57,811: log.pubsub.pub.0005 : umgr.0000.scheduling.0          : MainThread     : INFO    : create log_pubsub - pub - tcp://144.76.72.175:42199
2018-04-04 01:51:57,812: log.pubsub.pub.0005 : umgr.0000.scheduling.0          : MainThread     : DEBUG   : start process
2018-04-04 01:51:57,812: log.pubsub.pub.0005 : umgr.0000.scheduling.0          : MainThread     : DEBUG   : ru_initialize_common (NOOP)
2018-04-04 01:51:57,812: log.pubsub.pub.0005 : umgr.0000.scheduling.0          : MainThread     : DEBUG   : ru_initialize_parent (NOOP)
2018-04-04 01:51:57,812: log.pubsub.pub.0005 : umgr.0000.scheduling.0          : MainThread     : DEBUG   : process class started (no child)
2018-04-04 01:51:57,832: log.pubsub.pub.0005 : MainProcess                     : MainThread     : INFO    : python.interpreter   version: 2.7.14 (default, Sep 23 2017, 22:06:14) [GCC 7.2.0]
2018-04-04 01:51:57,833: log.pubsub.pub.0005 : MainProcess                     : MainThread     : INFO    :                      pid: 17835
2018-04-04 01:51:57,833: log.pubsub.pub.0005 : MainProcess                     : MainThread     : INFO    :                      tid: MainThread
2018-04-04 01:51:57,833: log.pubsub.pub.0005 : MainProcess                     : MainThread     : INFO    : radical.pilot        version: 0.47-0.47-14-gb1dff8bd@devel
2018-04-04 01:51:57,833: log.pubsub.pub.0005 : MainProcess                     : MainThread     : INFO    : create log_pubsub - pub - tcp://144.76.72.175:42199
2018-04-04 01:51:57,833: log.pubsub.pub.0005 : MainProcess                     : MainThread     : DEBUG   : start process
2018-04-04 01:51:57,833: log.pubsub.pub.0005 : MainProcess                     : MainThread     : DEBUG   : ru_initialize_common (NOOP)
2018-04-04 01:51:57,833: log.pubsub.pub.0005 : MainProcess                     : MainThread     : DEBUG   : ru_initialize_parent (NOOP)
2018-04-04 01:51:57,833: log.pubsub.pub.0005 : MainProcess                     : MainThread     : DEBUG   : process class started (no child)
2018-04-04 02:05:34,930: log.pubsub.pub.0005 : MainProcess                     : MainThread     : INFO    : parent stops child  17835 -> None [log.pubsub.pub.0005]
2018-04-04 02:05:34,930: log.pubsub.pub.0005 : MainProcess                     : MainThread     : DEBUG   : ru_finalize_parent (NOOP)
2018-04-04 02:05:35,446: log.pubsub.pub.0005 : umgr.0000.scheduling.0          : MainThread     : INFO    : parent stops child  18026 -> None [log.pubsub.pub.0005]
2018-04-04 02:05:35,446: log.pubsub.pub.0005 : umgr.0000.scheduling.0          : MainThread     : DEBUG   : ru_finalize_parent (NOOP)
