2018-04-04 01:51:52,308: state.pubsub.sub.0000: update.0                        : MainThread     : INFO    : python.interpreter   version: 2.7.14 (default, Sep 23 2017, 22:06:14) [GCC 7.2.0]
2018-04-04 01:51:52,308: state.pubsub.sub.0000: update.0                        : MainThread     : INFO    :                      pid: 17870
2018-04-04 01:51:52,308: state.pubsub.sub.0000: update.0                        : MainThread     : INFO    :                      tid: MainThread
2018-04-04 01:51:52,309: state.pubsub.sub.0000: update.0                        : MainThread     : INFO    : radical.pilot        version: 0.47-0.47-14-gb1dff8bd@devel
2018-04-04 01:51:52,309: state.pubsub.sub.0000: update.0                        : MainThread     : INFO    : create state_pubsub - sub - tcp://144.76.72.175:38527
2018-04-04 01:51:52,309: state.pubsub.sub.0000: update.0                        : MainThread     : DEBUG   : start process
2018-04-04 01:51:52,309: state.pubsub.sub.0000: update.0                        : MainThread     : DEBUG   : ru_initialize_common (NOOP)
2018-04-04 01:51:52,310: state.pubsub.sub.0000: update.0                        : MainThread     : DEBUG   : ru_initialize_parent (NOOP)
2018-04-04 01:51:52,310: state.pubsub.sub.0000: update.0                        : MainThread     : DEBUG   : process class started (no child)
2018-04-04 01:51:52,425: state.pubsub.sub.0000: MainProcess                     : MainThread     : INFO    : python.interpreter   version: 2.7.14 (default, Sep 23 2017, 22:06:14) [GCC 7.2.0]
2018-04-04 01:51:52,425: state.pubsub.sub.0000: MainProcess                     : MainThread     : INFO    :                      pid: 17835
2018-04-04 01:51:52,425: state.pubsub.sub.0000: MainProcess                     : MainThread     : INFO    :                      tid: MainThread
2018-04-04 01:51:52,425: state.pubsub.sub.0000: MainProcess                     : MainThread     : INFO    : radical.pilot        version: 0.47-0.47-14-gb1dff8bd@devel
2018-04-04 01:51:52,425: state.pubsub.sub.0000: MainProcess                     : MainThread     : INFO    : create state_pubsub - sub - tcp://144.76.72.175:38527
2018-04-04 01:51:52,426: state.pubsub.sub.0000: MainProcess                     : MainThread     : DEBUG   : start process
2018-04-04 01:51:52,426: state.pubsub.sub.0000: MainProcess                     : MainThread     : DEBUG   : ru_initialize_common (NOOP)
2018-04-04 01:51:52,426: state.pubsub.sub.0000: MainProcess                     : MainThread     : DEBUG   : ru_initialize_parent (NOOP)
2018-04-04 01:51:52,426: state.pubsub.sub.0000: MainProcess                     : MainThread     : DEBUG   : process class started (no child)
2018-04-04 02:05:39,366: state.pubsub.sub.0000: MainProcess                     : pmgr.0000.subscriber._state_sub_cb: INFO    : parent stops child  17835 -> None [state.pubsub.sub.0000]
2018-04-04 02:05:39,366: state.pubsub.sub.0000: MainProcess                     : pmgr.0000.subscriber._state_sub_cb: DEBUG   : ru_finalize_parent (NOOP)
2018-04-04 02:05:41,628: state.pubsub.sub.0000: update.0                        : MainThread     : INFO    : parent stops child  17870 -> None [state.pubsub.sub.0000]
2018-04-04 02:05:41,628: state.pubsub.sub.0000: update.0                        : MainThread     : DEBUG   : ru_finalize_parent (NOOP)
