2018-03-28 23:34:40,126: control.pubsub.sub.0001: pmgr.0000.launching.0           : MainThread     : INFO    : python.interpreter   version: 2.7.14 (default, Sep 23 2017, 22:06:14) [GCC 7.2.0]
2018-03-28 23:34:40,126: control.pubsub.sub.0001: pmgr.0000.launching.0           : MainThread     : INFO    :                      pid: 25135
2018-03-28 23:34:40,126: control.pubsub.sub.0001: pmgr.0000.launching.0           : MainThread     : INFO    :                      tid: MainThread
2018-03-28 23:34:40,127: control.pubsub.sub.0001: pmgr.0000.launching.0           : MainThread     : INFO    : radical.pilot        version: 0.47-0.47-14-gb1dff8bd@devel
2018-03-28 23:34:40,127: control.pubsub.sub.0001: pmgr.0000.launching.0           : MainThread     : INFO    : create control_pubsub - sub - tcp://144.76.72.175:41867
2018-03-28 23:34:40,127: control.pubsub.sub.0001: pmgr.0000.launching.0           : MainThread     : DEBUG   : start process
2018-03-28 23:34:40,127: control.pubsub.sub.0001: pmgr.0000.launching.0           : MainThread     : DEBUG   : ru_initialize_common (NOOP)
2018-03-28 23:34:40,127: control.pubsub.sub.0001: pmgr.0000.launching.0           : MainThread     : DEBUG   : ru_initialize_parent (NOOP)
2018-03-28 23:34:40,127: control.pubsub.sub.0001: pmgr.0000.launching.0           : MainThread     : DEBUG   : process class started (no child)
2018-03-28 23:34:45,428: control.pubsub.sub.0001: umgr.0000.staging.input.0       : MainThread     : INFO    : python.interpreter   version: 2.7.14 (default, Sep 23 2017, 22:06:14) [GCC 7.2.0]
2018-03-28 23:34:45,429: control.pubsub.sub.0001: umgr.0000.staging.input.0       : MainThread     : INFO    :                      pid: 25219
2018-03-28 23:34:45,429: control.pubsub.sub.0001: umgr.0000.staging.input.0       : MainThread     : INFO    :                      tid: MainThread
2018-03-28 23:34:45,429: control.pubsub.sub.0001: umgr.0000.staging.input.0       : MainThread     : INFO    : radical.pilot        version: 0.47-0.47-14-gb1dff8bd@devel
2018-03-28 23:34:45,429: control.pubsub.sub.0001: umgr.0000.staging.input.0       : MainThread     : INFO    : create control_pubsub - sub - tcp://144.76.72.175:41867
2018-03-28 23:34:45,430: control.pubsub.sub.0001: umgr.0000.staging.input.0       : MainThread     : DEBUG   : start process
2018-03-28 23:34:45,430: control.pubsub.sub.0001: umgr.0000.staging.input.0       : MainThread     : DEBUG   : ru_initialize_common (NOOP)
2018-03-28 23:34:45,430: control.pubsub.sub.0001: umgr.0000.staging.input.0       : MainThread     : DEBUG   : ru_initialize_parent (NOOP)
2018-03-28 23:34:45,430: control.pubsub.sub.0001: umgr.0000.staging.input.0       : MainThread     : DEBUG   : process class started (no child)
2018-03-28 23:34:45,528: control.pubsub.sub.0001: umgr.0000.staging.output.0      : MainThread     : INFO    : python.interpreter   version: 2.7.14 (default, Sep 23 2017, 22:06:14) [GCC 7.2.0]
2018-03-28 23:34:45,528: control.pubsub.sub.0001: umgr.0000.staging.output.0      : MainThread     : INFO    :                      pid: 25242
2018-03-28 23:34:45,528: control.pubsub.sub.0001: umgr.0000.staging.output.0      : MainThread     : INFO    :                      tid: MainThread
2018-03-28 23:34:45,528: control.pubsub.sub.0001: umgr.0000.staging.output.0      : MainThread     : INFO    : radical.pilot        version: 0.47-0.47-14-gb1dff8bd@devel
2018-03-28 23:34:45,528: control.pubsub.sub.0001: umgr.0000.staging.output.0      : MainThread     : INFO    : create control_pubsub - sub - tcp://144.76.72.175:41867
2018-03-28 23:34:45,528: control.pubsub.sub.0001: umgr.0000.staging.output.0      : MainThread     : DEBUG   : start process
2018-03-28 23:34:45,528: control.pubsub.sub.0001: umgr.0000.staging.output.0      : MainThread     : DEBUG   : ru_initialize_common (NOOP)
2018-03-28 23:34:45,529: control.pubsub.sub.0001: umgr.0000.staging.output.0      : MainThread     : DEBUG   : ru_initialize_parent (NOOP)
2018-03-28 23:34:45,529: control.pubsub.sub.0001: umgr.0000.staging.output.0      : MainThread     : DEBUG   : process class started (no child)
2018-03-28 23:34:45,598: control.pubsub.sub.0001: umgr.0000.scheduling.0          : MainThread     : INFO    : python.interpreter   version: 2.7.14 (default, Sep 23 2017, 22:06:14) [GCC 7.2.0]
2018-03-28 23:34:45,599: control.pubsub.sub.0001: umgr.0000.scheduling.0          : MainThread     : INFO    :                      pid: 25262
2018-03-28 23:34:45,599: control.pubsub.sub.0001: umgr.0000.scheduling.0          : MainThread     : INFO    :                      tid: MainThread
2018-03-28 23:34:45,599: control.pubsub.sub.0001: umgr.0000.scheduling.0          : MainThread     : INFO    : radical.pilot        version: 0.47-0.47-14-gb1dff8bd@devel
2018-03-28 23:34:45,599: control.pubsub.sub.0001: umgr.0000.scheduling.0          : MainThread     : INFO    : create control_pubsub - sub - tcp://144.76.72.175:41867
2018-03-28 23:34:45,599: control.pubsub.sub.0001: umgr.0000.scheduling.0          : MainThread     : DEBUG   : start process
2018-03-28 23:34:45,599: control.pubsub.sub.0001: umgr.0000.scheduling.0          : MainThread     : DEBUG   : ru_initialize_common (NOOP)
2018-03-28 23:34:45,600: control.pubsub.sub.0001: umgr.0000.scheduling.0          : MainThread     : DEBUG   : ru_initialize_parent (NOOP)
2018-03-28 23:34:45,600: control.pubsub.sub.0001: umgr.0000.scheduling.0          : MainThread     : DEBUG   : process class started (no child)
2018-03-28 23:47:47,072: control.pubsub.sub.0001: umgr.0000.staging.input.0       : MainThread     : INFO    : parent stops child  25219 -> None [control.pubsub.sub.0001]
2018-03-28 23:47:47,072: control.pubsub.sub.0001: umgr.0000.staging.input.0       : MainThread     : DEBUG   : ru_finalize_parent (NOOP)
2018-03-28 23:47:47,870: control.pubsub.sub.0001: umgr.0000.staging.output.0      : MainThread     : INFO    : parent stops child  25242 -> None [control.pubsub.sub.0001]
2018-03-28 23:47:47,870: control.pubsub.sub.0001: umgr.0000.staging.output.0      : MainThread     : DEBUG   : ru_finalize_parent (NOOP)
2018-03-28 23:47:48,099: control.pubsub.sub.0001: umgr.0000.scheduling.0          : MainThread     : INFO    : parent stops child  25262 -> None [control.pubsub.sub.0001]
2018-03-28 23:47:48,099: control.pubsub.sub.0001: umgr.0000.scheduling.0          : MainThread     : DEBUG   : ru_finalize_parent (NOOP)
