2018-03-28 23:34:39,960: state.pubsub.sub.0000: update.0                        : MainThread     : INFO    : python.interpreter   version: 2.7.14 (default, Sep 23 2017, 22:06:14) [GCC 7.2.0]
2018-03-28 23:34:39,961: state.pubsub.sub.0000: update.0                        : MainThread     : INFO    :                      pid: 25107
2018-03-28 23:34:39,961: state.pubsub.sub.0000: update.0                        : MainThread     : INFO    :                      tid: MainThread
2018-03-28 23:34:39,961: state.pubsub.sub.0000: update.0                        : MainThread     : INFO    : radical.pilot        version: 0.47-0.47-14-gb1dff8bd@devel
2018-03-28 23:34:39,961: state.pubsub.sub.0000: update.0                        : MainThread     : INFO    : create state_pubsub - sub - tcp://144.76.72.175:34379
2018-03-28 23:34:39,961: state.pubsub.sub.0000: update.0                        : MainThread     : DEBUG   : start process
2018-03-28 23:34:39,962: state.pubsub.sub.0000: update.0                        : MainThread     : DEBUG   : ru_initialize_common (NOOP)
2018-03-28 23:34:39,962: state.pubsub.sub.0000: update.0                        : MainThread     : DEBUG   : ru_initialize_parent (NOOP)
2018-03-28 23:34:39,962: state.pubsub.sub.0000: update.0                        : MainThread     : DEBUG   : process class started (no child)
2018-03-28 23:34:40,152: state.pubsub.sub.0000: MainProcess                     : MainThread     : INFO    : python.interpreter   version: 2.7.14 (default, Sep 23 2017, 22:06:14) [GCC 7.2.0]
2018-03-28 23:34:40,153: state.pubsub.sub.0000: MainProcess                     : MainThread     : INFO    :                      pid: 25078
2018-03-28 23:34:40,153: state.pubsub.sub.0000: MainProcess                     : MainThread     : INFO    :                      tid: MainThread
2018-03-28 23:34:40,153: state.pubsub.sub.0000: MainProcess                     : MainThread     : INFO    : radical.pilot        version: 0.47-0.47-14-gb1dff8bd@devel
2018-03-28 23:34:40,153: state.pubsub.sub.0000: MainProcess                     : MainThread     : INFO    : create state_pubsub - sub - tcp://144.76.72.175:34379
2018-03-28 23:34:40,153: state.pubsub.sub.0000: MainProcess                     : MainThread     : DEBUG   : start process
2018-03-28 23:34:40,153: state.pubsub.sub.0000: MainProcess                     : MainThread     : DEBUG   : ru_initialize_common (NOOP)
2018-03-28 23:34:40,153: state.pubsub.sub.0000: MainProcess                     : MainThread     : DEBUG   : ru_initialize_parent (NOOP)
2018-03-28 23:34:40,153: state.pubsub.sub.0000: MainProcess                     : MainThread     : DEBUG   : process class started (no child)
2018-03-28 23:47:52,014: state.pubsub.sub.0000: MainProcess                     : pmgr.0000.subscriber._state_sub_cb: INFO    : parent stops child  25078 -> None [state.pubsub.sub.0000]
2018-03-28 23:47:52,015: state.pubsub.sub.0000: MainProcess                     : pmgr.0000.subscriber._state_sub_cb: DEBUG   : ru_finalize_parent (NOOP)
2018-03-28 23:47:55,415: state.pubsub.sub.0000: update.0                        : MainThread     : INFO    : parent stops child  25107 -> None [state.pubsub.sub.0000]
2018-03-28 23:47:55,416: state.pubsub.sub.0000: update.0                        : MainThread     : DEBUG   : ru_finalize_parent (NOOP)
