2018-03-28 17:45:06,791: state.pubsub.pub.0003: update.0                        : MainThread     : INFO    : python.interpreter   version: 2.7.7 |Continuum Analytics, Inc.| (default, Jun 2 2014, 12:34:02) [GCC 4.1.2 20080704 (Red Hat 4.1.2-54)]
2018-03-28 17:45:06,794: state.pubsub.pub.0003: update.0                        : MainThread     : INFO    :                      pid: 99529
2018-03-28 17:45:06,794: state.pubsub.pub.0003: update.0                        : MainThread     : INFO    :                      tid: MainThread
2018-03-28 17:45:06,794: state.pubsub.pub.0003: update.0                        : MainThread     : INFO    : radical.pilot        version: 0.47-0.47-14-gb1dff8bd@devel
2018-03-28 17:45:06,794: state.pubsub.pub.0003: update.0                        : MainThread     : INFO    : create state_pubsub - pub - tcp://204.90.41.16:39754
2018-03-28 17:45:06,794: state.pubsub.pub.0003: update.0                        : MainThread     : DEBUG   : start process
2018-03-28 17:45:06,794: state.pubsub.pub.0003: update.0                        : MainThread     : DEBUG   : ru_initialize_common (NOOP)
2018-03-28 17:45:06,794: state.pubsub.pub.0003: update.0                        : MainThread     : DEBUG   : ru_initialize_parent (NOOP)
2018-03-28 17:45:06,795: state.pubsub.pub.0003: update.0                        : MainThread     : DEBUG   : process class started (no child)
2018-03-28 17:45:07,113: state.pubsub.pub.0003: MainProcess                     : MainThread     : INFO    : python.interpreter   version: 2.7.7 |Continuum Analytics, Inc.| (default, Jun 2 2014, 12:34:02) [GCC 4.1.2 20080704 (Red Hat 4.1.2-54)]
2018-03-28 17:45:07,116: state.pubsub.pub.0003: MainProcess                     : MainThread     : INFO    :                      pid: 99335
2018-03-28 17:45:07,116: state.pubsub.pub.0003: MainProcess                     : MainThread     : INFO    :                      tid: MainThread
2018-03-28 17:45:07,116: state.pubsub.pub.0003: MainProcess                     : MainThread     : INFO    : radical.pilot        version: 0.47-0.47-14-gb1dff8bd@devel
2018-03-28 17:45:07,116: state.pubsub.pub.0003: MainProcess                     : MainThread     : INFO    : create state_pubsub - pub - tcp://204.90.41.16:39754
2018-03-28 17:45:07,117: state.pubsub.pub.0003: MainProcess                     : MainThread     : DEBUG   : start process
2018-03-28 17:45:07,117: state.pubsub.pub.0003: MainProcess                     : MainThread     : DEBUG   : ru_initialize_common (NOOP)
2018-03-28 17:45:07,117: state.pubsub.pub.0003: MainProcess                     : MainThread     : DEBUG   : ru_initialize_parent (NOOP)
2018-03-28 17:45:07,117: state.pubsub.pub.0003: MainProcess                     : MainThread     : DEBUG   : process class started (no child)
2018-03-28 17:57:23,167: state.pubsub.pub.0003: update.0                        : update.0.child.subscriber._cancel_monitor_cb: INFO    : parent stops child  99529 -> None [state.pubsub.pub.0003]
2018-03-28 17:57:23,167: state.pubsub.pub.0003: update.0                        : update.0.child.subscriber._cancel_monitor_cb: DEBUG   : ru_finalize_parent (NOOP)
