2018-04-03 14:23:16,739: control.pubsub.sub.0000: agent_0.staging.output.0        : MainThread     : INFO    : python.interpreter   version: 2.7.7 |Continuum Analytics, Inc.| (default, Jun 2 2014, 12:34:02) [GCC 4.1.2 20080704 (Red Hat 4.1.2-54)]
2018-04-03 14:23:16,743: control.pubsub.sub.0000: agent_0.staging.output.0        : MainThread     : INFO    :                      pid: 13651
2018-04-03 14:23:16,743: control.pubsub.sub.0000: agent_0.staging.output.0        : MainThread     : INFO    :                      tid: MainThread
2018-04-03 14:23:16,743: control.pubsub.sub.0000: agent_0.staging.output.0        : MainThread     : INFO    : radical.pilot        version: 0.47-0.47-14-gb1dff8bd@devel
2018-04-03 14:23:16,743: control.pubsub.sub.0000: agent_0.staging.output.0        : MainThread     : INFO    : create control_pubsub - sub - tcp://204.90.41.12:35244
2018-04-03 14:23:16,743: control.pubsub.sub.0000: agent_0.staging.output.0        : MainThread     : DEBUG   : start process
2018-04-03 14:23:16,743: control.pubsub.sub.0000: agent_0.staging.output.0        : MainThread     : DEBUG   : ru_initialize_common (NOOP)
2018-04-03 14:23:16,743: control.pubsub.sub.0000: agent_0.staging.output.0        : MainThread     : DEBUG   : ru_initialize_parent (NOOP)
2018-04-03 14:23:16,744: control.pubsub.sub.0000: agent_0.staging.output.0        : MainThread     : DEBUG   : process class started (no child)
2018-04-03 14:23:16,841: control.pubsub.sub.0000: agent_0.scheduling.0            : MainThread     : INFO    : python.interpreter   version: 2.7.7 |Continuum Analytics, Inc.| (default, Jun 2 2014, 12:34:02) [GCC 4.1.2 20080704 (Red Hat 4.1.2-54)]
2018-04-03 14:23:16,844: control.pubsub.sub.0000: agent_0.scheduling.0            : MainThread     : INFO    :                      pid: 13671
2018-04-03 14:23:16,844: control.pubsub.sub.0000: agent_0.scheduling.0            : MainThread     : INFO    :                      tid: MainThread
2018-04-03 14:23:16,844: control.pubsub.sub.0000: agent_0.scheduling.0            : MainThread     : INFO    : radical.pilot        version: 0.47-0.47-14-gb1dff8bd@devel
2018-04-03 14:23:16,845: control.pubsub.sub.0000: agent_0.scheduling.0            : MainThread     : INFO    : create control_pubsub - sub - tcp://204.90.41.12:35244
2018-04-03 14:23:16,845: control.pubsub.sub.0000: agent_0.scheduling.0            : MainThread     : DEBUG   : start process
2018-04-03 14:23:16,845: control.pubsub.sub.0000: agent_0.scheduling.0            : MainThread     : DEBUG   : ru_initialize_common (NOOP)
2018-04-03 14:23:16,845: control.pubsub.sub.0000: agent_0.scheduling.0            : MainThread     : DEBUG   : ru_initialize_parent (NOOP)
2018-04-03 14:23:16,845: control.pubsub.sub.0000: agent_0.scheduling.0            : MainThread     : DEBUG   : process class started (no child)
2018-04-03 14:23:16,957: control.pubsub.sub.0000: agent_0.staging.input.0         : MainThread     : INFO    : python.interpreter   version: 2.7.7 |Continuum Analytics, Inc.| (default, Jun 2 2014, 12:34:02) [GCC 4.1.2 20080704 (Red Hat 4.1.2-54)]
2018-04-03 14:23:16,960: control.pubsub.sub.0000: agent_0.staging.input.0         : MainThread     : INFO    :                      pid: 13701
2018-04-03 14:23:16,960: control.pubsub.sub.0000: agent_0.staging.input.0         : MainThread     : INFO    :                      tid: MainThread
2018-04-03 14:23:16,961: control.pubsub.sub.0000: agent_0.staging.input.0         : MainThread     : INFO    : radical.pilot        version: 0.47-0.47-14-gb1dff8bd@devel
2018-04-03 14:23:16,961: control.pubsub.sub.0000: agent_0.staging.input.0         : MainThread     : INFO    : create control_pubsub - sub - tcp://204.90.41.12:35244
2018-04-03 14:23:16,961: control.pubsub.sub.0000: agent_0.staging.input.0         : MainThread     : DEBUG   : start process
2018-04-03 14:23:16,961: control.pubsub.sub.0000: agent_0.staging.input.0         : MainThread     : DEBUG   : ru_initialize_common (NOOP)
2018-04-03 14:23:16,961: control.pubsub.sub.0000: agent_0.staging.input.0         : MainThread     : DEBUG   : ru_initialize_parent (NOOP)
2018-04-03 14:23:16,961: control.pubsub.sub.0000: agent_0.staging.input.0         : MainThread     : DEBUG   : process class started (no child)
2018-04-03 14:23:17,053: control.pubsub.sub.0000: update.0                        : MainThread     : INFO    : python.interpreter   version: 2.7.7 |Continuum Analytics, Inc.| (default, Jun 2 2014, 12:34:02) [GCC 4.1.2 20080704 (Red Hat 4.1.2-54)]
2018-04-03 14:23:17,056: control.pubsub.sub.0000: update.0                        : MainThread     : INFO    :                      pid: 13723
2018-04-03 14:23:17,056: control.pubsub.sub.0000: update.0                        : MainThread     : INFO    :                      tid: MainThread
2018-04-03 14:23:17,056: control.pubsub.sub.0000: update.0                        : MainThread     : INFO    : radical.pilot        version: 0.47-0.47-14-gb1dff8bd@devel
2018-04-03 14:23:17,056: control.pubsub.sub.0000: update.0                        : MainThread     : INFO    : create control_pubsub - sub - tcp://204.90.41.12:35244
2018-04-03 14:23:17,057: control.pubsub.sub.0000: update.0                        : MainThread     : DEBUG   : start process
2018-04-03 14:23:17,057: control.pubsub.sub.0000: update.0                        : MainThread     : DEBUG   : ru_initialize_common (NOOP)
2018-04-03 14:23:17,057: control.pubsub.sub.0000: update.0                        : MainThread     : DEBUG   : ru_initialize_parent (NOOP)
2018-04-03 14:23:17,057: control.pubsub.sub.0000: update.0                        : MainThread     : DEBUG   : process class started (no child)
2018-04-03 14:23:17,424: control.pubsub.sub.0000: agent_0.executing.0             : MainThread     : INFO    : python.interpreter   version: 2.7.7 |Continuum Analytics, Inc.| (default, Jun 2 2014, 12:34:02) [GCC 4.1.2 20080704 (Red Hat 4.1.2-54)]
2018-04-03 14:23:17,427: control.pubsub.sub.0000: agent_0.executing.0             : MainThread     : INFO    :                      pid: 13745
2018-04-03 14:23:17,427: control.pubsub.sub.0000: agent_0.executing.0             : MainThread     : INFO    :                      tid: MainThread
2018-04-03 14:23:17,428: control.pubsub.sub.0000: agent_0.executing.0             : MainThread     : INFO    : radical.pilot        version: 0.47-0.47-14-gb1dff8bd@devel
2018-04-03 14:23:17,428: control.pubsub.sub.0000: agent_0.executing.0             : MainThread     : INFO    : create control_pubsub - sub - tcp://204.90.41.12:35244
2018-04-03 14:23:17,428: control.pubsub.sub.0000: agent_0.executing.0             : MainThread     : DEBUG   : start process
2018-04-03 14:23:17,428: control.pubsub.sub.0000: agent_0.executing.0             : MainThread     : DEBUG   : ru_initialize_common (NOOP)
2018-04-03 14:23:17,428: control.pubsub.sub.0000: agent_0.executing.0             : MainThread     : DEBUG   : ru_initialize_parent (NOOP)
2018-04-03 14:23:17,428: control.pubsub.sub.0000: agent_0.executing.0             : MainThread     : DEBUG   : process class started (no child)
2018-04-03 14:35:26,053: control.pubsub.sub.0000: agent_0.scheduling.0            : agent_0.scheduling.0.child.subscriber._cancel_monitor_cb: INFO    : parent stops child  13671 -> None [control.pubsub.sub.0000]
2018-04-03 14:35:26,053: control.pubsub.sub.0000: agent_0.scheduling.0            : agent_0.scheduling.0.child.subscriber._cancel_monitor_cb: DEBUG   : ru_finalize_parent (NOOP)
2018-04-03 14:35:26,053: control.pubsub.sub.0000: agent_0.executing.0             : agent_0.executing.0.child.subscriber._cancel_monitor_cb: INFO    : parent stops child  13745 -> None [control.pubsub.sub.0000]
2018-04-03 14:35:26,053: control.pubsub.sub.0000: agent_0.executing.0             : agent_0.executing.0.child.subscriber._cancel_monitor_cb: DEBUG   : ru_finalize_parent (NOOP)
2018-04-03 14:35:26,053: control.pubsub.sub.0000: agent_0.staging.input.0         : agent_0.staging.input.0.child.subscriber._cancel_monitor_cb: INFO    : parent stops child  13701 -> None [control.pubsub.sub.0000]
2018-04-03 14:35:26,053: control.pubsub.sub.0000: agent_0.staging.input.0         : agent_0.staging.input.0.child.subscriber._cancel_monitor_cb: DEBUG   : ru_finalize_parent (NOOP)
2018-04-03 14:35:26,054: control.pubsub.sub.0000: agent_0.staging.output.0        : agent_0.staging.output.0.child.subscriber._cancel_monitor_cb: INFO    : parent stops child  13651 -> None [control.pubsub.sub.0000]
2018-04-03 14:35:26,054: control.pubsub.sub.0000: agent_0.staging.output.0        : agent_0.staging.output.0.child.subscriber._cancel_monitor_cb: DEBUG   : ru_finalize_parent (NOOP)
2018-04-03 14:35:26,054: control.pubsub.sub.0000: update.0                        : update.0.child.subscriber._cancel_monitor_cb: INFO    : parent stops child  13723 -> None [control.pubsub.sub.0000]
2018-04-03 14:35:26,054: control.pubsub.sub.0000: update.0                        : update.0.child.subscriber._cancel_monitor_cb: DEBUG   : ru_finalize_parent (NOOP)
