2018-04-03 14:23:16,718: log.pubsub.pub.0000 : agent_0.staging.output.0        : MainThread     : INFO    : python.interpreter   version: 2.7.7 |Continuum Analytics, Inc.| (default, Jun 2 2014, 12:34:02) [GCC 4.1.2 20080704 (Red Hat 4.1.2-54)]
2018-04-03 14:23:16,722: log.pubsub.pub.0000 : agent_0.staging.output.0        : MainThread     : INFO    :                      pid: 13651
2018-04-03 14:23:16,722: log.pubsub.pub.0000 : agent_0.staging.output.0        : MainThread     : INFO    :                      tid: MainThread
2018-04-03 14:23:16,722: log.pubsub.pub.0000 : agent_0.staging.output.0        : MainThread     : INFO    : radical.pilot        version: 0.47-0.47-14-gb1dff8bd@devel
2018-04-03 14:23:16,722: log.pubsub.pub.0000 : agent_0.staging.output.0        : MainThread     : INFO    : create log_pubsub - pub - tcp://204.90.41.12:32825
2018-04-03 14:23:16,723: log.pubsub.pub.0000 : agent_0.staging.output.0        : MainThread     : DEBUG   : start process
2018-04-03 14:23:16,723: log.pubsub.pub.0000 : agent_0.staging.output.0        : MainThread     : DEBUG   : ru_initialize_common (NOOP)
2018-04-03 14:23:16,723: log.pubsub.pub.0000 : agent_0.staging.output.0        : MainThread     : DEBUG   : ru_initialize_parent (NOOP)
2018-04-03 14:23:16,723: log.pubsub.pub.0000 : agent_0.staging.output.0        : MainThread     : DEBUG   : process class started (no child)
2018-04-03 14:23:16,763: log.pubsub.pub.0000 : MainProcess                     : MainThread     : INFO    : python.interpreter   version: 2.7.7 |Continuum Analytics, Inc.| (default, Jun 2 2014, 12:34:02) [GCC 4.1.2 20080704 (Red Hat 4.1.2-54)]
2018-04-03 14:23:16,766: log.pubsub.pub.0000 : MainProcess                     : MainThread     : INFO    :                      pid: 13550
2018-04-03 14:23:16,767: log.pubsub.pub.0000 : MainProcess                     : MainThread     : INFO    :                      tid: MainThread
2018-04-03 14:23:16,767: log.pubsub.pub.0000 : MainProcess                     : MainThread     : INFO    : radical.pilot        version: 0.47-0.47-14-gb1dff8bd@devel
2018-04-03 14:23:16,767: log.pubsub.pub.0000 : MainProcess                     : MainThread     : INFO    : create log_pubsub - pub - tcp://204.90.41.12:32825
2018-04-03 14:23:16,767: log.pubsub.pub.0000 : MainProcess                     : MainThread     : DEBUG   : start process
2018-04-03 14:23:16,767: log.pubsub.pub.0000 : MainProcess                     : MainThread     : DEBUG   : ru_initialize_common (NOOP)
2018-04-03 14:23:16,767: log.pubsub.pub.0000 : MainProcess                     : MainThread     : DEBUG   : ru_initialize_parent (NOOP)
2018-04-03 14:23:16,768: log.pubsub.pub.0000 : MainProcess                     : MainThread     : DEBUG   : process class started (no child)
2018-04-03 14:35:26,050: log.pubsub.pub.0000 : agent_0.staging.output.0        : agent_0.staging.output.0.child.subscriber._cancel_monitor_cb: INFO    : parent stops child  13651 -> None [log.pubsub.pub.0000]
2018-04-03 14:35:26,050: log.pubsub.pub.0000 : agent_0.staging.output.0        : agent_0.staging.output.0.child.subscriber._cancel_monitor_cb: DEBUG   : ru_finalize_parent (NOOP)
2018-04-03 14:35:26,089: log.pubsub.pub.0000 : MainProcess                     : agent_0.idler._check_units_cb: INFO    : parent stops child  13550 -> None [log.pubsub.pub.0000]
2018-04-03 14:35:26,090: log.pubsub.pub.0000 : MainProcess                     : agent_0.idler._check_units_cb: DEBUG   : ru_finalize_parent (NOOP)
