2018-04-03 17:25:20,064: control.pubsub.pub.0001: agent_0.scheduling.0            : MainThread     : INFO    : python.interpreter   version: 2.7.7 |Continuum Analytics, Inc.| (default, Jun 2 2014, 12:34:02) [GCC 4.1.2 20080704 (Red Hat 4.1.2-54)]
2018-04-03 17:25:20,067: control.pubsub.pub.0001: agent_0.scheduling.0            : MainThread     : INFO    :                      pid: 15886
2018-04-03 17:25:20,068: control.pubsub.pub.0001: agent_0.scheduling.0            : MainThread     : INFO    :                      tid: MainThread
2018-04-03 17:25:20,068: control.pubsub.pub.0001: agent_0.scheduling.0            : MainThread     : INFO    : radical.pilot        version: 0.47-0.47-14-gb1dff8bd@devel
2018-04-03 17:25:20,068: control.pubsub.pub.0001: agent_0.scheduling.0            : MainThread     : INFO    : create control_pubsub - pub - tcp://204.90.41.73:38401
2018-04-03 17:25:20,068: control.pubsub.pub.0001: agent_0.scheduling.0            : MainThread     : DEBUG   : start process
2018-04-03 17:25:20,068: control.pubsub.pub.0001: agent_0.scheduling.0            : MainThread     : DEBUG   : ru_initialize_common (NOOP)
2018-04-03 17:25:20,068: control.pubsub.pub.0001: agent_0.scheduling.0            : MainThread     : DEBUG   : ru_initialize_parent (NOOP)
2018-04-03 17:25:20,068: control.pubsub.pub.0001: agent_0.scheduling.0            : MainThread     : DEBUG   : process class started (no child)
2018-04-03 17:25:20,135: control.pubsub.pub.0001: MainProcess                     : MainThread     : INFO    : python.interpreter   version: 2.7.7 |Continuum Analytics, Inc.| (default, Jun 2 2014, 12:34:02) [GCC 4.1.2 20080704 (Red Hat 4.1.2-54)]
2018-04-03 17:25:20,138: control.pubsub.pub.0001: MainProcess                     : MainThread     : INFO    :                      pid: 15744
2018-04-03 17:25:20,138: control.pubsub.pub.0001: MainProcess                     : MainThread     : INFO    :                      tid: MainThread
2018-04-03 17:25:20,139: control.pubsub.pub.0001: MainProcess                     : MainThread     : INFO    : radical.pilot        version: 0.47-0.47-14-gb1dff8bd@devel
2018-04-03 17:25:20,139: control.pubsub.pub.0001: MainProcess                     : MainThread     : INFO    : create control_pubsub - pub - tcp://204.90.41.73:38401
2018-04-03 17:25:20,139: control.pubsub.pub.0001: MainProcess                     : MainThread     : DEBUG   : start process
2018-04-03 17:25:20,139: control.pubsub.pub.0001: MainProcess                     : MainThread     : DEBUG   : ru_initialize_common (NOOP)
2018-04-03 17:25:20,139: control.pubsub.pub.0001: MainProcess                     : MainThread     : DEBUG   : ru_initialize_parent (NOOP)
2018-04-03 17:25:20,139: control.pubsub.pub.0001: MainProcess                     : MainThread     : DEBUG   : process class started (no child)
2018-04-03 17:37:28,751: control.pubsub.pub.0001: agent_0.scheduling.0            : MainThread     : INFO    : parent stops child  15886 -> None [control.pubsub.pub.0001]
2018-04-03 17:37:28,751: control.pubsub.pub.0001: agent_0.scheduling.0            : MainThread     : DEBUG   : ru_finalize_parent (NOOP)
