2018-04-03 17:25:20,661: state.pubsub.pub.0004: agent_0.executing.0             : MainThread     : INFO    : python.interpreter   version: 2.7.7 |Continuum Analytics, Inc.| (default, Jun 2 2014, 12:34:02) [GCC 4.1.2 20080704 (Red Hat 4.1.2-54)]
2018-04-03 17:25:20,665: state.pubsub.pub.0004: agent_0.executing.0             : MainThread     : INFO    :                      pid: 15960
2018-04-03 17:25:20,665: state.pubsub.pub.0004: agent_0.executing.0             : MainThread     : INFO    :                      tid: MainThread
2018-04-03 17:25:20,665: state.pubsub.pub.0004: agent_0.executing.0             : MainThread     : INFO    : radical.pilot        version: 0.47-0.47-14-gb1dff8bd@devel
2018-04-03 17:25:20,665: state.pubsub.pub.0004: agent_0.executing.0             : MainThread     : INFO    : create state_pubsub - pub - tcp://204.90.41.73:36858
2018-04-03 17:25:20,665: state.pubsub.pub.0004: agent_0.executing.0             : MainThread     : DEBUG   : start process
2018-04-03 17:25:20,665: state.pubsub.pub.0004: agent_0.executing.0             : MainThread     : DEBUG   : ru_initialize_common (NOOP)
2018-04-03 17:25:20,665: state.pubsub.pub.0004: agent_0.executing.0             : MainThread     : DEBUG   : ru_initialize_parent (NOOP)
2018-04-03 17:25:20,665: state.pubsub.pub.0004: agent_0.executing.0             : MainThread     : DEBUG   : process class started (no child)
2018-04-03 17:25:20,746: state.pubsub.pub.0004: MainProcess                     : MainThread     : INFO    : python.interpreter   version: 2.7.7 |Continuum Analytics, Inc.| (default, Jun 2 2014, 12:34:02) [GCC 4.1.2 20080704 (Red Hat 4.1.2-54)]
2018-04-03 17:25:20,749: state.pubsub.pub.0004: MainProcess                     : MainThread     : INFO    :                      pid: 15744
2018-04-03 17:25:20,749: state.pubsub.pub.0004: MainProcess                     : MainThread     : INFO    :                      tid: MainThread
2018-04-03 17:25:20,749: state.pubsub.pub.0004: MainProcess                     : MainThread     : INFO    : radical.pilot        version: 0.47-0.47-14-gb1dff8bd@devel
2018-04-03 17:25:20,749: state.pubsub.pub.0004: MainProcess                     : MainThread     : INFO    : create state_pubsub - pub - tcp://204.90.41.73:36858
2018-04-03 17:25:20,750: state.pubsub.pub.0004: MainProcess                     : MainThread     : DEBUG   : start process
2018-04-03 17:25:20,750: state.pubsub.pub.0004: MainProcess                     : MainThread     : DEBUG   : ru_initialize_common (NOOP)
2018-04-03 17:25:20,750: state.pubsub.pub.0004: MainProcess                     : MainThread     : DEBUG   : ru_initialize_parent (NOOP)
2018-04-03 17:25:20,750: state.pubsub.pub.0004: MainProcess                     : MainThread     : DEBUG   : process class started (no child)
2018-04-03 17:37:28,856: state.pubsub.pub.0004: agent_0.executing.0             : agent_0.executing.0.child.subscriber._cancel_monitor_cb: INFO    : parent stops child  15960 -> None [state.pubsub.pub.0004]
2018-04-03 17:37:28,856: state.pubsub.pub.0004: agent_0.executing.0             : agent_0.executing.0.child.subscriber._cancel_monitor_cb: DEBUG   : ru_finalize_parent (NOOP)
