2018-04-03 23:27:38,339: control.pubsub.pub.0001: pmgr.0000.launching.0           : MainThread     : INFO    : python.interpreter   version: 2.7.14 (default, Sep 23 2017, 22:06:14) [GCC 7.2.0]
2018-04-03 23:27:38,339: control.pubsub.pub.0001: pmgr.0000.launching.0           : MainThread     : INFO    :                      pid: 28297
2018-04-03 23:27:38,339: control.pubsub.pub.0001: pmgr.0000.launching.0           : MainThread     : INFO    :                      tid: MainThread
2018-04-03 23:27:38,339: control.pubsub.pub.0001: pmgr.0000.launching.0           : MainThread     : INFO    : radical.pilot        version: 0.47-0.47-14-gb1dff8bd@devel
2018-04-03 23:27:38,339: control.pubsub.pub.0001: pmgr.0000.launching.0           : MainThread     : INFO    : create control_pubsub - pub - tcp://144.76.72.175:45093
2018-04-03 23:27:38,339: control.pubsub.pub.0001: pmgr.0000.launching.0           : MainThread     : DEBUG   : start process
2018-04-03 23:27:38,339: control.pubsub.pub.0001: pmgr.0000.launching.0           : MainThread     : DEBUG   : ru_initialize_common (NOOP)
2018-04-03 23:27:38,340: control.pubsub.pub.0001: pmgr.0000.launching.0           : MainThread     : DEBUG   : ru_initialize_parent (NOOP)
2018-04-03 23:27:38,340: control.pubsub.pub.0001: pmgr.0000.launching.0           : MainThread     : DEBUG   : process class started (no child)
2018-04-03 23:27:38,391: control.pubsub.pub.0001: MainProcess                     : MainThread     : INFO    : python.interpreter   version: 2.7.14 (default, Sep 23 2017, 22:06:14) [GCC 7.2.0]
2018-04-03 23:27:38,392: control.pubsub.pub.0001: MainProcess                     : MainThread     : INFO    :                      pid: 28240
2018-04-03 23:27:38,392: control.pubsub.pub.0001: MainProcess                     : MainThread     : INFO    :                      tid: MainThread
2018-04-03 23:27:38,392: control.pubsub.pub.0001: MainProcess                     : MainThread     : INFO    : radical.pilot        version: 0.47-0.47-14-gb1dff8bd@devel
2018-04-03 23:27:38,392: control.pubsub.pub.0001: MainProcess                     : MainThread     : INFO    : create control_pubsub - pub - tcp://144.76.72.175:45093
2018-04-03 23:27:38,393: control.pubsub.pub.0001: MainProcess                     : MainThread     : DEBUG   : start process
2018-04-03 23:27:38,393: control.pubsub.pub.0001: MainProcess                     : MainThread     : DEBUG   : ru_initialize_common (NOOP)
2018-04-03 23:27:38,393: control.pubsub.pub.0001: MainProcess                     : MainThread     : DEBUG   : ru_initialize_parent (NOOP)
2018-04-03 23:27:38,393: control.pubsub.pub.0001: MainProcess                     : MainThread     : DEBUG   : process class started (no child)
2018-04-03 23:40:45,239: control.pubsub.pub.0001: MainProcess                     : MainThread     : INFO    : parent stops child  28240 -> None [control.pubsub.pub.0001]
2018-04-03 23:40:45,239: control.pubsub.pub.0001: MainProcess                     : MainThread     : DEBUG   : ru_finalize_parent (NOOP)
