2018-04-03 23:27:43,873: state.pubsub.pub.0005: umgr.0000.scheduling.0          : MainThread     : INFO    : python.interpreter   version: 2.7.14 (default, Sep 23 2017, 22:06:14) [GCC 7.2.0]
2018-04-03 23:27:43,873: state.pubsub.pub.0005: umgr.0000.scheduling.0          : MainThread     : INFO    :                      pid: 28424
2018-04-03 23:27:43,873: state.pubsub.pub.0005: umgr.0000.scheduling.0          : MainThread     : INFO    :                      tid: MainThread
2018-04-03 23:27:43,873: state.pubsub.pub.0005: umgr.0000.scheduling.0          : MainThread     : INFO    : radical.pilot        version: 0.47-0.47-14-gb1dff8bd@devel
2018-04-03 23:27:43,873: state.pubsub.pub.0005: umgr.0000.scheduling.0          : MainThread     : INFO    : create state_pubsub - pub - tcp://144.76.72.175:38255
2018-04-03 23:27:43,873: state.pubsub.pub.0005: umgr.0000.scheduling.0          : MainThread     : DEBUG   : start process
2018-04-03 23:27:43,873: state.pubsub.pub.0005: umgr.0000.scheduling.0          : MainThread     : DEBUG   : ru_initialize_common (NOOP)
2018-04-03 23:27:43,873: state.pubsub.pub.0005: umgr.0000.scheduling.0          : MainThread     : DEBUG   : ru_initialize_parent (NOOP)
2018-04-03 23:27:43,873: state.pubsub.pub.0005: umgr.0000.scheduling.0          : MainThread     : DEBUG   : process class started (no child)
2018-04-03 23:27:43,891: state.pubsub.pub.0005: MainProcess                     : MainThread     : INFO    : python.interpreter   version: 2.7.14 (default, Sep 23 2017, 22:06:14) [GCC 7.2.0]
2018-04-03 23:27:43,892: state.pubsub.pub.0005: MainProcess                     : MainThread     : INFO    :                      pid: 28240
2018-04-03 23:27:43,892: state.pubsub.pub.0005: MainProcess                     : MainThread     : INFO    :                      tid: MainThread
2018-04-03 23:27:43,892: state.pubsub.pub.0005: MainProcess                     : MainThread     : INFO    : radical.pilot        version: 0.47-0.47-14-gb1dff8bd@devel
2018-04-03 23:27:43,892: state.pubsub.pub.0005: MainProcess                     : MainThread     : INFO    : create state_pubsub - pub - tcp://144.76.72.175:38255
2018-04-03 23:27:43,892: state.pubsub.pub.0005: MainProcess                     : MainThread     : DEBUG   : start process
2018-04-03 23:27:43,892: state.pubsub.pub.0005: MainProcess                     : MainThread     : DEBUG   : ru_initialize_common (NOOP)
2018-04-03 23:27:43,892: state.pubsub.pub.0005: MainProcess                     : MainThread     : DEBUG   : ru_initialize_parent (NOOP)
2018-04-03 23:27:43,892: state.pubsub.pub.0005: MainProcess                     : MainThread     : DEBUG   : process class started (no child)
2018-04-03 23:40:41,868: state.pubsub.pub.0005: MainProcess                     : MainThread     : INFO    : parent stops child  28240 -> None [state.pubsub.pub.0005]
2018-04-03 23:40:41,868: state.pubsub.pub.0005: MainProcess                     : MainThread     : DEBUG   : ru_finalize_parent (NOOP)
2018-04-03 23:40:42,282: state.pubsub.pub.0005: umgr.0000.scheduling.0          : MainThread     : INFO    : parent stops child  28424 -> None [state.pubsub.pub.0005]
2018-04-03 23:40:42,282: state.pubsub.pub.0005: umgr.0000.scheduling.0          : MainThread     : DEBUG   : ru_finalize_parent (NOOP)
