2018-04-03 23:27:43,864: umgr.0000.scheduling.0.child: umgr.0000.scheduling.0          : MainThread     : INFO    : python.interpreter   version: 2.7.14 (default, Sep 23 2017, 22:06:14) [GCC 7.2.0]
2018-04-03 23:27:43,864: umgr.0000.scheduling.0.child: umgr.0000.scheduling.0          : MainThread     : INFO    :                      pid: 28424
2018-04-03 23:27:43,864: umgr.0000.scheduling.0.child: umgr.0000.scheduling.0          : MainThread     : INFO    :                      tid: MainThread
2018-04-03 23:27:43,865: umgr.0000.scheduling.0.child: umgr.0000.scheduling.0          : MainThread     : INFO    : radical.pilot        version: 0.47-0.47-14-gb1dff8bd@devel
2018-04-03 23:27:43,865: umgr.0000.scheduling.0.child: umgr.0000.scheduling.0          : MainThread     : INFO    : initialize umgr.0000.scheduling.0.child
2018-04-03 23:27:43,869: umgr.0000.scheduling.0.child: umgr.0000.scheduling.0          : MainThread     : INFO    : cfg: {'agents': {},
 u'bridges': {u'control_pubsub': {'addr_in': 'tcp://144.76.72.175:45093',
                                  'addr_out': 'tcp://144.76.72.175:43357',
                                  u'bulk_size': 0,
                                  u'log_level': u'debug',
                                  u'stall_hwm': 1},
              u'log_pubsub': {'addr_in': 'tcp://144.76.72.175:36391',
                              'addr_out': 'tcp://144.76.72.175:44123',
                              u'bulk_size': 0,
                              u'log_level': u'debug',
                              u'stall_hwm': 1},
              u'state_pubsub': {'addr_in': 'tcp://144.76.72.175:38255',
                                'addr_out': 'tcp://144.76.72.175:45689',
                                u'bulk_size': 0,
                                u'log_level': u'debug',
                                u'stall_hwm': 1},
              u'umgr_reschedule_pubsub': {'addr_in': 'tcp://144.76.72.175:45513',
                                          'addr_out': 'tcp://144.76.72.175:36597',
                                          u'bulk_size': 0,
                                          u'log_level': u'debug',
                                          u'stall_hwm': 1},
              u'umgr_scheduling_queue': {'addr_in': 'tcp://144.76.72.175:43351',
                                         'addr_out': 'tcp://144.76.72.175:45147',
                                         u'bulk_size': 0,
                                         u'log_level': u'debug',
                                         u'stall_hwm': 1},
              u'umgr_staging_input_queue': {'addr_in': 'tcp://144.76.72.175:35539',
                                            'addr_out': 'tcp://144.76.72.175:45133',
                                            u'bulk_size': 0,
                                            u'log_level': u'debug',
                                            u'stall_hwm': 1},
              u'umgr_staging_output_queue': {'addr_in': 'tcp://144.76.72.175:46323',
                                             'addr_out': 'tcp://144.76.72.175:33101',
                                             u'bulk_size': 0,
                                             u'log_level': u'debug',
                                             u'stall_hwm': 1},
              u'umgr_unschedule_pubsub': {'addr_in': 'tcp://144.76.72.175:34407',
                                          'addr_out': 'tcp://144.76.72.175:37255',
                                          u'bulk_size': 0,
                                          u'log_level': u'debug',
                                          u'stall_hwm': 1}},
 u'bulk_collection_size': 100,
 u'bulk_collection_time': 1.0,
 'cname': u'UMGRSchedulingComponent',
 u'components': {},
 u'count': 1,
 u'db_poll_sleeptime': 1.0,
 'number': 0,
 'owner': 'umgr.0000',
 u'scheduler': u'round_robin',
 'uid': 'umgr.0000'}
2018-04-03 23:27:43,870: umgr.0000.scheduling.0.child: umgr.0000.scheduling.0          : MainThread     : DEBUG   : start components: {}
2018-04-03 23:27:43,870: umgr.0000.scheduling.0.child: umgr.0000.scheduling.0          : MainThread     : DEBUG   : alive check in term
2018-04-03 23:27:43,870: umgr.0000.scheduling.0.child: umgr.0000.scheduling.0          : MainThread     : DEBUG   : START: umgr.0000.scheduling.0.child register publisher log_pubsub
2018-04-03 23:27:43,870: umgr.0000.scheduling.0.child: umgr.0000.scheduling.0          : MainThread     : DEBUG   : using addr tcp://144.76.72.175:36391 for pubsub log_pubsub
2018-04-03 23:27:43,872: umgr.0000.scheduling.0.child: umgr.0000.scheduling.0          : MainThread     : DEBUG   : registered publisher : log_pubsub : log.pubsub.pub.0005
2018-04-03 23:27:43,872: umgr.0000.scheduling.0.child: umgr.0000.scheduling.0          : MainThread     : DEBUG   : alive check in term
2018-04-03 23:27:43,872: umgr.0000.scheduling.0.child: umgr.0000.scheduling.0          : MainThread     : DEBUG   : START: umgr.0000.scheduling.0.child register publisher state_pubsub
2018-04-03 23:27:43,872: umgr.0000.scheduling.0.child: umgr.0000.scheduling.0          : MainThread     : DEBUG   : using addr tcp://144.76.72.175:38255 for pubsub state_pubsub
2018-04-03 23:27:43,873: umgr.0000.scheduling.0.child: umgr.0000.scheduling.0          : MainThread     : DEBUG   : registered publisher : state_pubsub : state.pubsub.pub.0005
2018-04-03 23:27:43,873: umgr.0000.scheduling.0.child: umgr.0000.scheduling.0          : MainThread     : DEBUG   : alive check in term
2018-04-03 23:27:43,873: umgr.0000.scheduling.0.child: umgr.0000.scheduling.0          : MainThread     : DEBUG   : START: umgr.0000.scheduling.0.child register publisher control_pubsub
2018-04-03 23:27:43,873: umgr.0000.scheduling.0.child: umgr.0000.scheduling.0          : MainThread     : DEBUG   : using addr tcp://144.76.72.175:45093 for pubsub control_pubsub
2018-04-03 23:27:43,875: umgr.0000.scheduling.0.child: umgr.0000.scheduling.0          : MainThread     : DEBUG   : registered publisher : control_pubsub : control.pubsub.pub.0005
2018-04-03 23:27:43,875: umgr.0000.scheduling.0.child: umgr.0000.scheduling.0          : MainThread     : DEBUG   : alive check in term
2018-04-03 23:27:43,875: umgr.0000.scheduling.0.child: umgr.0000.scheduling.0          : MainThread     : DEBUG   : START: umgr.0000.scheduling.0.child register subscriber umgr.0000.scheduling.0.child.subscriber._cancel_monitor_cb
2018-04-03 23:27:43,875: umgr.0000.scheduling.0.child: umgr.0000.scheduling.0          : MainThread     : DEBUG   : using addr tcp://144.76.72.175:43357 for pubsub control_pubsub
2018-04-03 23:27:43,876: umgr.0000.scheduling.0.child: umgr.0000.scheduling.0          : MainThread     : DEBUG   : parent name: umgr.0000.scheduling.0.child.subscriber._cancel_monitor_cb
2018-04-03 23:27:43,876: umgr.0000.scheduling.0.child: umgr.0000.scheduling.0          : MainThread     : DEBUG   : start thread
2018-04-03 23:27:43,876: umgr.0000.scheduling.0.child: umgr.0000.scheduling.0          : umgr.0000.scheduling.0.child.subscriber._cancel_monitor_cb: DEBUG   : child name: umgr.0000.scheduling.0.child.subscriber._cancel_monitor_cb.thread
2018-04-03 23:27:43,876: umgr.0000.scheduling.0.child: umgr.0000.scheduling.0          : umgr.0000.scheduling.0.child.subscriber._cancel_monitor_cb: INFO    : child (me) initializing
2018-04-03 23:27:43,876: umgr.0000.scheduling.0.child: umgr.0000.scheduling.0          : umgr.0000.scheduling.0.child.subscriber._cancel_monitor_cb: DEBUG   : ru_initialize_common (NOOP)
2018-04-03 23:27:43,876: umgr.0000.scheduling.0.child: umgr.0000.scheduling.0          : umgr.0000.scheduling.0.child.subscriber._cancel_monitor_cb: DEBUG   : ru_initialize_child (NOOP)
2018-04-03 23:27:43,877: umgr.0000.scheduling.0.child: umgr.0000.scheduling.0          : umgr.0000.scheduling.0.child.subscriber._cancel_monitor_cb: INFO    : send alive
2018-04-03 23:27:43,877: umgr.0000.scheduling.0.child: umgr.0000.scheduling.0          : umgr.0000.scheduling.0.child.subscriber._cancel_monitor_cb: INFO    : put message: [umgr.0000.scheduling.0.child.subscriber._cancel_monitor_cb.thread] alive
2018-04-03 23:27:43,877: umgr.0000.scheduling.0.child: umgr.0000.scheduling.0          : MainThread     : INFO    : get msg: alive
2018-04-03 23:27:43,877: umgr.0000.scheduling.0.child: umgr.0000.scheduling.0          : MainThread     : DEBUG   : ru_initialize_common (NOOP)
2018-04-03 23:27:43,877: umgr.0000.scheduling.0.child: umgr.0000.scheduling.0          : MainThread     : DEBUG   : ru_initialize_parent (NOOP)
2018-04-03 23:27:43,878: umgr.0000.scheduling.0.child: umgr.0000.scheduling.0          : MainThread     : DEBUG   : child thread umgr.0000.scheduling.0.child.subscriber._cancel_monitor_cb started
2018-04-03 23:27:43,878: umgr.0000.scheduling.0.child: umgr.0000.scheduling.0          : MainThread     : DEBUG   : umgr.0000.scheduling.0.child registered control_pubsub subscriber umgr.0000.scheduling.0.child.subscriber._cancel_monitor_cb
2018-04-03 23:27:43,878: umgr.0000.scheduling.0.child: umgr.0000.scheduling.0          : MainThread     : DEBUG   : RoundRobin umgr scheduler configured
2018-04-03 23:27:43,878: umgr.0000.scheduling.0.child: umgr.0000.scheduling.0          : MainThread     : DEBUG   : alive check in term
2018-04-03 23:27:43,878: umgr.0000.scheduling.0.child: umgr.0000.scheduling.0          : MainThread     : DEBUG   : using addr tcp://144.76.72.175:45147 for input umgr_scheduling_queue
2018-04-03 23:27:43,879: umgr.0000.scheduling.0.child: umgr.0000.scheduling.0          : MainThread     : DEBUG   : registered input umgr.0000.scheduling.0.child.work.UMGR_SCHEDULING_PENDING
2018-04-03 23:27:43,879: umgr.0000.scheduling.0.child: umgr.0000.scheduling.0          : MainThread     : DEBUG   : START: umgr.0000.scheduling.0.child register input UMGR_SCHEDULING_PENDING: umgr.0000.scheduling.0.child.work.UMGR_SCHEDULING_PENDING
2018-04-03 23:27:43,879: umgr.0000.scheduling.0.child: umgr.0000.scheduling.0          : MainThread     : DEBUG   : registered worker work [UMGR_SCHEDULING_PENDING]
2018-04-03 23:27:43,879: umgr.0000.scheduling.0.child: umgr.0000.scheduling.0          : MainThread     : DEBUG   : alive check in term
2018-04-03 23:27:43,879: umgr.0000.scheduling.0.child: umgr.0000.scheduling.0          : MainThread     : DEBUG   : START: umgr.0000.scheduling.0.child register output UMGR_STAGING_INPUT_PENDING
2018-04-03 23:27:43,879: umgr.0000.scheduling.0.child: umgr.0000.scheduling.0          : MainThread     : DEBUG   : using addr tcp://144.76.72.175:35539 for output umgr_staging_input_queue
2018-04-03 23:27:43,880: umgr.0000.scheduling.0.child: umgr.0000.scheduling.0          : MainThread     : DEBUG   : registered output    : UMGR_STAGING_INPUT_PENDING : umgr_staging_input_queue : umgr.staging.input.queue.input.0000
2018-04-03 23:27:43,880: umgr.0000.scheduling.0.child: umgr.0000.scheduling.0          : MainThread     : DEBUG   : alive check in term
2018-04-03 23:27:43,880: umgr.0000.scheduling.0.child: umgr.0000.scheduling.0          : MainThread     : DEBUG   : START: umgr.0000.scheduling.0.child register subscriber umgr.0000.scheduling.0.child.subscriber._base_state_cb
2018-04-03 23:27:43,880: umgr.0000.scheduling.0.child: umgr.0000.scheduling.0          : MainThread     : DEBUG   : using addr tcp://144.76.72.175:45689 for pubsub state_pubsub
2018-04-03 23:27:43,881: umgr.0000.scheduling.0.child: umgr.0000.scheduling.0          : MainThread     : DEBUG   : parent name: umgr.0000.scheduling.0.child.subscriber._base_state_cb
2018-04-03 23:27:43,881: umgr.0000.scheduling.0.child: umgr.0000.scheduling.0          : MainThread     : DEBUG   : start thread
2018-04-03 23:27:43,881: umgr.0000.scheduling.0.child: umgr.0000.scheduling.0          : umgr.0000.scheduling.0.child.subscriber._base_state_cb: DEBUG   : child name: umgr.0000.scheduling.0.child.subscriber._base_state_cb.thread
2018-04-03 23:27:43,882: umgr.0000.scheduling.0.child: umgr.0000.scheduling.0          : umgr.0000.scheduling.0.child.subscriber._base_state_cb: INFO    : child (me) initializing
2018-04-03 23:27:43,882: umgr.0000.scheduling.0.child: umgr.0000.scheduling.0          : umgr.0000.scheduling.0.child.subscriber._base_state_cb: DEBUG   : ru_initialize_common (NOOP)
2018-04-03 23:27:43,882: umgr.0000.scheduling.0.child: umgr.0000.scheduling.0          : umgr.0000.scheduling.0.child.subscriber._base_state_cb: DEBUG   : ru_initialize_child (NOOP)
2018-04-03 23:27:43,882: umgr.0000.scheduling.0.child: umgr.0000.scheduling.0          : umgr.0000.scheduling.0.child.subscriber._base_state_cb: INFO    : send alive
2018-04-03 23:27:43,882: umgr.0000.scheduling.0.child: umgr.0000.scheduling.0          : umgr.0000.scheduling.0.child.subscriber._base_state_cb: INFO    : put message: [umgr.0000.scheduling.0.child.subscriber._base_state_cb.thread] alive
2018-04-03 23:27:43,883: umgr.0000.scheduling.0.child: umgr.0000.scheduling.0          : MainThread     : INFO    : get msg: alive
2018-04-03 23:27:43,883: umgr.0000.scheduling.0.child: umgr.0000.scheduling.0          : MainThread     : DEBUG   : ru_initialize_common (NOOP)
2018-04-03 23:27:43,883: umgr.0000.scheduling.0.child: umgr.0000.scheduling.0          : MainThread     : DEBUG   : ru_initialize_parent (NOOP)
2018-04-03 23:27:43,883: umgr.0000.scheduling.0.child: umgr.0000.scheduling.0          : MainThread     : DEBUG   : child thread umgr.0000.scheduling.0.child.subscriber._base_state_cb started
2018-04-03 23:27:43,883: umgr.0000.scheduling.0.child: umgr.0000.scheduling.0          : MainThread     : DEBUG   : umgr.0000.scheduling.0.child registered state_pubsub subscriber umgr.0000.scheduling.0.child.subscriber._base_state_cb
2018-04-03 23:27:43,883: umgr.0000.scheduling.0.child: umgr.0000.scheduling.0          : MainThread     : DEBUG   : alive check in term
2018-04-03 23:27:43,883: umgr.0000.scheduling.0.child: umgr.0000.scheduling.0          : MainThread     : DEBUG   : START: umgr.0000.scheduling.0.child register subscriber umgr.0000.scheduling.0.child.subscriber._base_command_cb
2018-04-03 23:27:43,883: umgr.0000.scheduling.0.child: umgr.0000.scheduling.0          : MainThread     : DEBUG   : using addr tcp://144.76.72.175:43357 for pubsub control_pubsub
2018-04-03 23:27:43,884: umgr.0000.scheduling.0.child: umgr.0000.scheduling.0          : MainThread     : DEBUG   : parent name: umgr.0000.scheduling.0.child.subscriber._base_command_cb
2018-04-03 23:27:43,884: umgr.0000.scheduling.0.child: umgr.0000.scheduling.0          : MainThread     : DEBUG   : start thread
2018-04-03 23:27:43,884: umgr.0000.scheduling.0.child: umgr.0000.scheduling.0          : umgr.0000.scheduling.0.child.subscriber._base_command_cb: DEBUG   : child name: umgr.0000.scheduling.0.child.subscriber._base_command_cb.thread
2018-04-03 23:27:43,884: umgr.0000.scheduling.0.child: umgr.0000.scheduling.0          : umgr.0000.scheduling.0.child.subscriber._base_command_cb: INFO    : child (me) initializing
2018-04-03 23:27:43,885: umgr.0000.scheduling.0.child: umgr.0000.scheduling.0          : umgr.0000.scheduling.0.child.subscriber._base_command_cb: DEBUG   : ru_initialize_common (NOOP)
2018-04-03 23:27:43,885: umgr.0000.scheduling.0.child: umgr.0000.scheduling.0          : umgr.0000.scheduling.0.child.subscriber._base_command_cb: DEBUG   : ru_initialize_child (NOOP)
2018-04-03 23:27:43,885: umgr.0000.scheduling.0.child: umgr.0000.scheduling.0          : umgr.0000.scheduling.0.child.subscriber._base_command_cb: INFO    : send alive
2018-04-03 23:27:43,885: umgr.0000.scheduling.0.child: umgr.0000.scheduling.0          : umgr.0000.scheduling.0.child.subscriber._base_command_cb: INFO    : put message: [umgr.0000.scheduling.0.child.subscriber._base_command_cb.thread] alive
2018-04-03 23:27:43,886: umgr.0000.scheduling.0.child: umgr.0000.scheduling.0          : MainThread     : INFO    : get msg: alive
2018-04-03 23:27:43,886: umgr.0000.scheduling.0.child: umgr.0000.scheduling.0          : MainThread     : DEBUG   : ru_initialize_common (NOOP)
2018-04-03 23:27:43,886: umgr.0000.scheduling.0.child: umgr.0000.scheduling.0          : MainThread     : DEBUG   : ru_initialize_parent (NOOP)
2018-04-03 23:27:43,886: umgr.0000.scheduling.0.child: umgr.0000.scheduling.0          : MainThread     : DEBUG   : child thread umgr.0000.scheduling.0.child.subscriber._base_command_cb started
2018-04-03 23:27:43,886: umgr.0000.scheduling.0.child: umgr.0000.scheduling.0          : MainThread     : DEBUG   : umgr.0000.scheduling.0.child registered control_pubsub subscriber umgr.0000.scheduling.0.child.subscriber._base_command_cb
2018-04-03 23:27:43,886: umgr.0000.scheduling.0.child: umgr.0000.scheduling.0          : MainThread     : INFO    : child (me) initializing
2018-04-03 23:27:43,886: umgr.0000.scheduling.0.child: umgr.0000.scheduling.0          : MainThread     : DEBUG   : parent name: umgr.0000.scheduling.0.child.watch
2018-04-03 23:27:43,886: umgr.0000.scheduling.0.child: umgr.0000.scheduling.0          : MainThread     : DEBUG   : start thread
2018-04-03 23:27:43,886: umgr.0000.scheduling.0.child: umgr.0000.scheduling.0          : umgr.0000.scheduling.0.child.watch: DEBUG   : child name: umgr.0000.scheduling.0.child.watch.thread
2018-04-03 23:27:43,886: umgr.0000.scheduling.0.child: umgr.0000.scheduling.0          : umgr.0000.scheduling.0.child.watch: INFO    : child (me) initializing
2018-04-03 23:27:43,886: umgr.0000.scheduling.0.child: umgr.0000.scheduling.0          : umgr.0000.scheduling.0.child.watch: DEBUG   : ru_initialize_common (NOOP)
2018-04-03 23:27:43,886: umgr.0000.scheduling.0.child: umgr.0000.scheduling.0          : umgr.0000.scheduling.0.child.watch: DEBUG   : ru_initialize_child (NOOP)
2018-04-03 23:27:43,886: umgr.0000.scheduling.0.child: umgr.0000.scheduling.0          : umgr.0000.scheduling.0.child.watch: INFO    : send alive
2018-04-03 23:27:43,886: umgr.0000.scheduling.0.child: umgr.0000.scheduling.0          : umgr.0000.scheduling.0.child.watch: INFO    : put message: [umgr.0000.scheduling.0.child.watch.thread] alive
2018-04-03 23:27:43,887: umgr.0000.scheduling.0.child: umgr.0000.scheduling.0          : MainThread     : INFO    : get msg: alive
2018-04-03 23:27:43,887: umgr.0000.scheduling.0.child: umgr.0000.scheduling.0          : MainThread     : DEBUG   : ru_initialize_common (NOOP)
2018-04-03 23:27:43,887: umgr.0000.scheduling.0.child: umgr.0000.scheduling.0          : MainThread     : DEBUG   : ru_initialize_parent (NOOP)
2018-04-03 23:27:43,887: umgr.0000.scheduling.0.child: umgr.0000.scheduling.0          : MainThread     : DEBUG   : child thread umgr.0000.scheduling.0.child.watch started
2018-04-03 23:27:43,887: umgr.0000.scheduling.0.child: umgr.0000.scheduling.0          : MainThread     : INFO    : child (me) is alive
2018-04-03 23:27:43,887: umgr.0000.scheduling.0.child: umgr.0000.scheduling.0          : MainThread     : INFO    : send alive
2018-04-03 23:27:43,888: umgr.0000.scheduling.0.child: umgr.0000.scheduling.0          : MainThread     : INFO    : send message: [umgr.0000.scheduling.0.child] alive
2018-04-03 23:27:44,232: umgr.0000.scheduling.0.child: umgr.0000.scheduling.0          : umgr.0000.scheduling.0.child.subscriber._cancel_monitor_cb: DEBUG   : command ignored: add_pilots
2018-04-03 23:27:44,233: umgr.0000.scheduling.0.child: umgr.0000.scheduling.0          : umgr.0000.scheduling.0.child.subscriber._base_command_cb: INFO    : scheduler command: add_pilots: {'pilots': [{'resource_sandbox': 'gsisftp://supermic.cct-lsu.xsede.org:2222/work/gchantzi/radical.pilot.sandbox', 'resource_details': None, 'resource': 'xsede.supermic_ssh', 'uid': 'pilot.0000', 'pmgr': 'pmgr.0000', 'stdout': None, 'js_url': 'torque+gsissh://supermic.cct-lsu.xsede.org:2222/', 'state': 'PMGR_LAUNCHING', 'session': 'rp.session.one.george.017624.0010', 'log': None, 'stderr': None, 'js_hop': 'gsissh://supermic.cct-lsu.xsede.org:2222/', 'client_sandbox': '/home/george/launch-methods-project/mpi-exec', 'type': 'pilot', 'pilot_sandbox': 'gsisftp://supermic.cct-lsu.xsede.org:2222/work/gchantzi/radical.pilot.sandbox/rp.session.one.george.017624.0010/pilot.0000/', 'description': {'queue': 'workq', 'resource': 'xsede.supermic_ssh', 'exit_on_error': True, 'candidate_hosts': None, 'project': 'TG-MCB090174', 'sandbox': None, 'cleanup': None, 'access_schema': 'gsissh', 'memory': None, 'cores': 20, 'runtime': 25}}], 'umgr': 'umgr.0000'}
2018-04-03 23:27:44,233: umgr.0000.scheduling.0.child: umgr.0000.scheduling.0          : umgr.0000.scheduling.0.child.subscriber._base_command_cb: DEBUG   : added pilot: {'info': {}, 'state': None, 'role': 'added', 'pilot': {'resource_sandbox': 'gsisftp://supermic.cct-lsu.xsede.org:2222/work/gchantzi/radical.pilot.sandbox', 'resource_details': None, 'resource': 'xsede.supermic_ssh', 'uid': 'pilot.0000', 'pmgr': 'pmgr.0000', 'stdout': None, 'js_url': 'torque+gsissh://supermic.cct-lsu.xsede.org:2222/', 'state': 'PMGR_LAUNCHING', 'session': 'rp.session.one.george.017624.0010', 'log': None, 'stderr': None, 'js_hop': 'gsissh://supermic.cct-lsu.xsede.org:2222/', 'client_sandbox': '/home/george/launch-methods-project/mpi-exec', 'type': 'pilot', 'pilot_sandbox': 'gsisftp://supermic.cct-lsu.xsede.org:2222/work/gchantzi/radical.pilot.sandbox/rp.session.one.george.017624.0010/pilot.0000/', 'description': {'queue': 'workq', 'resource': 'xsede.supermic_ssh', 'exit_on_error': True, 'candidate_hosts': None, 'project': 'TG-MCB090174', 'sandbox': None, 'cleanup': None, 'access_schema': 'gsissh', 'memory': None, 'cores': 20, 'runtime': 25}}}
2018-04-03 23:27:44,233: umgr.0000.scheduling.0.child: umgr.0000.scheduling.0          : umgr.0000.scheduling.0.child.subscriber._base_command_cb: DEBUG   : update pilot states for ['pilot.0000']
2018-04-03 23:27:44,233: umgr.0000.scheduling.0.child: umgr.0000.scheduling.0          : umgr.0000.scheduling.0.child.subscriber._base_command_cb: DEBUG   : update pilot state: None -> ['NEW', 'PMGR_LAUNCHING_PENDING', 'PMGR_LAUNCHING']
2018-04-03 23:27:44,368: umgr.0000.scheduling.0.child: umgr.0000.scheduling.0          : umgr.0000.scheduling.0.child.subscriber._base_state_cb: INFO    : scheduler state_cb: update
2018-04-03 23:27:44,368: umgr.0000.scheduling.0.child: umgr.0000.scheduling.0          : umgr.0000.scheduling.0.child.subscriber._base_state_cb: DEBUG   : update pilots []
2018-04-03 23:27:44,368: umgr.0000.scheduling.0.child: umgr.0000.scheduling.0          : umgr.0000.scheduling.0.child.subscriber._base_state_cb: DEBUG   : update units  ['unit.000000', 'unit.000001', 'unit.000002', 'unit.000003', 'unit.000004', 'unit.000005', 'unit.000006', 'unit.000007', 'unit.000008', 'unit.000009', 'unit.000010', 'unit.000011', 'unit.000012', 'unit.000013', 'unit.000014', 'unit.000015']
2018-04-03 23:27:44,368: umgr.0000.scheduling.0.child: umgr.0000.scheduling.0          : umgr.0000.scheduling.0.child.subscriber._base_state_cb: DEBUG   : update pilot states for []
2018-04-03 23:27:44,383: umgr.0000.scheduling.0.child: umgr.0000.scheduling.0          : MainThread     : DEBUG   : got unit (unit.000000)
2018-04-03 23:27:44,383: umgr.0000.scheduling.0.child: umgr.0000.scheduling.0          : MainThread     : DEBUG   : got unit (unit.000001)
2018-04-03 23:27:44,383: umgr.0000.scheduling.0.child: umgr.0000.scheduling.0          : MainThread     : DEBUG   : got unit (unit.000002)
2018-04-03 23:27:44,383: umgr.0000.scheduling.0.child: umgr.0000.scheduling.0          : MainThread     : DEBUG   : got unit (unit.000003)
2018-04-03 23:27:44,383: umgr.0000.scheduling.0.child: umgr.0000.scheduling.0          : MainThread     : DEBUG   : got unit (unit.000004)
2018-04-03 23:27:44,383: umgr.0000.scheduling.0.child: umgr.0000.scheduling.0          : MainThread     : DEBUG   : got unit (unit.000005)
2018-04-03 23:27:44,383: umgr.0000.scheduling.0.child: umgr.0000.scheduling.0          : MainThread     : DEBUG   : got unit (unit.000006)
2018-04-03 23:27:44,384: umgr.0000.scheduling.0.child: umgr.0000.scheduling.0          : MainThread     : DEBUG   : got unit (unit.000007)
2018-04-03 23:27:44,384: umgr.0000.scheduling.0.child: umgr.0000.scheduling.0          : MainThread     : DEBUG   : got unit (unit.000008)
2018-04-03 23:27:44,384: umgr.0000.scheduling.0.child: umgr.0000.scheduling.0          : MainThread     : DEBUG   : got unit (unit.000009)
2018-04-03 23:27:44,384: umgr.0000.scheduling.0.child: umgr.0000.scheduling.0          : MainThread     : DEBUG   : got unit (unit.000010)
2018-04-03 23:27:44,384: umgr.0000.scheduling.0.child: umgr.0000.scheduling.0          : MainThread     : DEBUG   : got unit (unit.000011)
2018-04-03 23:27:44,384: umgr.0000.scheduling.0.child: umgr.0000.scheduling.0          : MainThread     : DEBUG   : got unit (unit.000012)
2018-04-03 23:27:44,384: umgr.0000.scheduling.0.child: umgr.0000.scheduling.0          : MainThread     : DEBUG   : got unit (unit.000013)
2018-04-03 23:27:44,384: umgr.0000.scheduling.0.child: umgr.0000.scheduling.0          : MainThread     : DEBUG   : got unit (unit.000014)
2018-04-03 23:27:44,384: umgr.0000.scheduling.0.child: umgr.0000.scheduling.0          : MainThread     : DEBUG   : got unit (unit.000015)
2018-04-03 23:27:44,384: umgr.0000.scheduling.0.child: umgr.0000.scheduling.0          : MainThread     : DEBUG   : advance bulk size: 16 [False, True]
2018-04-03 23:27:44,386: umgr.0000.scheduling.0.child: umgr.0000.scheduling.0          : MainThread     : DEBUG   : advance bulk size: 0 [False, True]
2018-04-03 23:27:44,386: umgr.0000.scheduling.0.child: umgr.0000.scheduling.0          : MainThread     : DEBUG   : advance bulk size: 16 [True, True]
2018-04-03 23:27:44,387: umgr.0000.scheduling.0.child: umgr.0000.scheduling.0          : MainThread     : DEBUG   : put bulk UMGR_STAGING_INPUT_PENDING: 16
2018-04-03 23:27:44,389: umgr.0000.scheduling.0.child: umgr.0000.scheduling.0          : umgr.0000.scheduling.0.child.subscriber._base_state_cb: INFO    : scheduler state_cb: update
2018-04-03 23:27:44,389: umgr.0000.scheduling.0.child: umgr.0000.scheduling.0          : umgr.0000.scheduling.0.child.subscriber._base_state_cb: DEBUG   : update pilots []
2018-04-03 23:27:44,389: umgr.0000.scheduling.0.child: umgr.0000.scheduling.0          : umgr.0000.scheduling.0.child.subscriber._base_state_cb: DEBUG   : update units  ['unit.000000', 'unit.000001', 'unit.000002', 'unit.000003', 'unit.000004', 'unit.000005', 'unit.000006', 'unit.000007', 'unit.000008', 'unit.000009', 'unit.000010', 'unit.000011', 'unit.000012', 'unit.000013', 'unit.000014', 'unit.000015']
2018-04-03 23:27:44,389: umgr.0000.scheduling.0.child: umgr.0000.scheduling.0          : umgr.0000.scheduling.0.child.subscriber._base_state_cb: DEBUG   : update pilot states for []
2018-04-03 23:27:44,389: umgr.0000.scheduling.0.child: umgr.0000.scheduling.0          : umgr.0000.scheduling.0.child.subscriber._base_state_cb: INFO    : scheduler state_cb: update
2018-04-03 23:27:44,389: umgr.0000.scheduling.0.child: umgr.0000.scheduling.0          : umgr.0000.scheduling.0.child.subscriber._base_state_cb: DEBUG   : update pilots []
2018-04-03 23:27:44,389: umgr.0000.scheduling.0.child: umgr.0000.scheduling.0          : umgr.0000.scheduling.0.child.subscriber._base_state_cb: DEBUG   : update units  []
2018-04-03 23:27:44,390: umgr.0000.scheduling.0.child: umgr.0000.scheduling.0          : umgr.0000.scheduling.0.child.subscriber._base_state_cb: DEBUG   : update pilot states for []
2018-04-03 23:27:44,390: umgr.0000.scheduling.0.child: umgr.0000.scheduling.0          : umgr.0000.scheduling.0.child.subscriber._base_state_cb: INFO    : scheduler state_cb: update
2018-04-03 23:27:44,390: umgr.0000.scheduling.0.child: umgr.0000.scheduling.0          : umgr.0000.scheduling.0.child.subscriber._base_state_cb: DEBUG   : update pilots []
2018-04-03 23:27:44,390: umgr.0000.scheduling.0.child: umgr.0000.scheduling.0          : umgr.0000.scheduling.0.child.subscriber._base_state_cb: DEBUG   : update units  ['unit.000000', 'unit.000001', 'unit.000002', 'unit.000003', 'unit.000004', 'unit.000005', 'unit.000006', 'unit.000007', 'unit.000008', 'unit.000009', 'unit.000010', 'unit.000011', 'unit.000012', 'unit.000013', 'unit.000014', 'unit.000015']
2018-04-03 23:27:44,390: umgr.0000.scheduling.0.child: umgr.0000.scheduling.0          : umgr.0000.scheduling.0.child.subscriber._base_state_cb: DEBUG   : update pilot states for []
2018-04-03 23:27:44,399: umgr.0000.scheduling.0.child: umgr.0000.scheduling.0          : umgr.0000.scheduling.0.child.subscriber._base_state_cb: INFO    : scheduler state_cb: update
2018-04-03 23:27:44,399: umgr.0000.scheduling.0.child: umgr.0000.scheduling.0          : umgr.0000.scheduling.0.child.subscriber._base_state_cb: DEBUG   : update pilots []
2018-04-03 23:27:44,399: umgr.0000.scheduling.0.child: umgr.0000.scheduling.0          : umgr.0000.scheduling.0.child.subscriber._base_state_cb: DEBUG   : update units  ['unit.000000', 'unit.000001', 'unit.000002', 'unit.000003', 'unit.000004', 'unit.000005', 'unit.000006', 'unit.000007', 'unit.000008', 'unit.000009', 'unit.000010', 'unit.000011', 'unit.000012', 'unit.000013', 'unit.000014', 'unit.000015']
2018-04-03 23:27:44,399: umgr.0000.scheduling.0.child: umgr.0000.scheduling.0          : umgr.0000.scheduling.0.child.subscriber._base_state_cb: DEBUG   : update pilot states for []
2018-04-03 23:27:44,409: umgr.0000.scheduling.0.child: umgr.0000.scheduling.0          : umgr.0000.scheduling.0.child.subscriber._base_state_cb: INFO    : scheduler state_cb: update
2018-04-03 23:27:44,409: umgr.0000.scheduling.0.child: umgr.0000.scheduling.0          : umgr.0000.scheduling.0.child.subscriber._base_state_cb: DEBUG   : update pilots []
2018-04-03 23:27:44,409: umgr.0000.scheduling.0.child: umgr.0000.scheduling.0          : umgr.0000.scheduling.0.child.subscriber._base_state_cb: DEBUG   : update units  ['unit.000000', 'unit.000001', 'unit.000002', 'unit.000003', 'unit.000004', 'unit.000005', 'unit.000006', 'unit.000007', 'unit.000008', 'unit.000009', 'unit.000010', 'unit.000011', 'unit.000012', 'unit.000013', 'unit.000014', 'unit.000015']
2018-04-03 23:27:44,409: umgr.0000.scheduling.0.child: umgr.0000.scheduling.0          : umgr.0000.scheduling.0.child.subscriber._base_state_cb: DEBUG   : update pilot states for []
2018-04-03 23:27:58,690: umgr.0000.scheduling.0.child: umgr.0000.scheduling.0          : umgr.0000.scheduling.0.child.subscriber._base_state_cb: INFO    : scheduler state_cb: update
2018-04-03 23:27:58,690: umgr.0000.scheduling.0.child: umgr.0000.scheduling.0          : umgr.0000.scheduling.0.child.subscriber._base_state_cb: DEBUG   : update pilots ['pilot.0000']
2018-04-03 23:27:58,690: umgr.0000.scheduling.0.child: umgr.0000.scheduling.0          : umgr.0000.scheduling.0.child.subscriber._base_state_cb: DEBUG   : update units  []
2018-04-03 23:27:58,690: umgr.0000.scheduling.0.child: umgr.0000.scheduling.0          : umgr.0000.scheduling.0.child.subscriber._base_state_cb: DEBUG   : update pilot states for ['pilot.0000']
2018-04-03 23:27:58,691: umgr.0000.scheduling.0.child: umgr.0000.scheduling.0          : umgr.0000.scheduling.0.child.subscriber._base_state_cb: DEBUG   : update pilot state: PMGR_LAUNCHING -> ['PMGR_ACTIVE_PENDING']
2018-04-03 23:28:38,855: umgr.0000.scheduling.0.child: umgr.0000.scheduling.0          : umgr.0000.scheduling.0.child.subscriber._base_state_cb: INFO    : scheduler state_cb: update
2018-04-03 23:28:38,855: umgr.0000.scheduling.0.child: umgr.0000.scheduling.0          : umgr.0000.scheduling.0.child.subscriber._base_state_cb: DEBUG   : update pilots ['pilot.0000']
2018-04-03 23:28:38,856: umgr.0000.scheduling.0.child: umgr.0000.scheduling.0          : umgr.0000.scheduling.0.child.subscriber._base_state_cb: DEBUG   : update units  []
2018-04-03 23:28:38,856: umgr.0000.scheduling.0.child: umgr.0000.scheduling.0          : umgr.0000.scheduling.0.child.subscriber._base_state_cb: DEBUG   : update pilot states for ['pilot.0000']
2018-04-03 23:28:38,856: umgr.0000.scheduling.0.child: umgr.0000.scheduling.0          : umgr.0000.scheduling.0.child.subscriber._base_state_cb: DEBUG   : update pilot state: PMGR_ACTIVE_PENDING -> ['PMGR_ACTIVE']
2018-04-03 23:40:40,768: umgr.0000.scheduling.0.child: umgr.0000.scheduling.0          : umgr.0000.scheduling.0.child.subscriber._base_state_cb: INFO    : scheduler state_cb: update
2018-04-03 23:40:40,768: umgr.0000.scheduling.0.child: umgr.0000.scheduling.0          : umgr.0000.scheduling.0.child.subscriber._base_state_cb: DEBUG   : update pilots []
2018-04-03 23:40:40,768: umgr.0000.scheduling.0.child: umgr.0000.scheduling.0          : umgr.0000.scheduling.0.child.subscriber._base_state_cb: DEBUG   : update units  ['unit.000005', 'unit.000006', 'unit.000007', 'unit.000008', 'unit.000009', 'unit.000010', 'unit.000011', 'unit.000012', 'unit.000013', 'unit.000014', 'unit.000015', 'unit.000000', 'unit.000001', 'unit.000002', 'unit.000003', 'unit.000004']
2018-04-03 23:40:40,768: umgr.0000.scheduling.0.child: umgr.0000.scheduling.0          : umgr.0000.scheduling.0.child.subscriber._base_state_cb: DEBUG   : update pilot states for []
2018-04-03 23:40:40,806: umgr.0000.scheduling.0.child: umgr.0000.scheduling.0          : umgr.0000.scheduling.0.child.subscriber._base_state_cb: INFO    : scheduler state_cb: update
2018-04-03 23:40:40,806: umgr.0000.scheduling.0.child: umgr.0000.scheduling.0          : umgr.0000.scheduling.0.child.subscriber._base_state_cb: DEBUG   : update pilots []
2018-04-03 23:40:40,806: umgr.0000.scheduling.0.child: umgr.0000.scheduling.0          : umgr.0000.scheduling.0.child.subscriber._base_state_cb: DEBUG   : update units  ['unit.000005', 'unit.000006', 'unit.000007', 'unit.000008', 'unit.000009', 'unit.000010', 'unit.000011', 'unit.000012', 'unit.000013', 'unit.000014', 'unit.000015', 'unit.000000', 'unit.000001', 'unit.000002', 'unit.000003', 'unit.000004']
2018-04-03 23:40:40,806: umgr.0000.scheduling.0.child: umgr.0000.scheduling.0          : umgr.0000.scheduling.0.child.subscriber._base_state_cb: DEBUG   : update pilot states for []
2018-04-03 23:40:40,816: umgr.0000.scheduling.0.child: umgr.0000.scheduling.0          : umgr.0000.scheduling.0.child.subscriber._base_state_cb: INFO    : scheduler state_cb: update
2018-04-03 23:40:40,817: umgr.0000.scheduling.0.child: umgr.0000.scheduling.0          : umgr.0000.scheduling.0.child.subscriber._base_state_cb: DEBUG   : update pilots []
2018-04-03 23:40:40,817: umgr.0000.scheduling.0.child: umgr.0000.scheduling.0          : umgr.0000.scheduling.0.child.subscriber._base_state_cb: DEBUG   : update units  ['unit.000005', 'unit.000006', 'unit.000007', 'unit.000008', 'unit.000009', 'unit.000010', 'unit.000011', 'unit.000012', 'unit.000013', 'unit.000014', 'unit.000015', 'unit.000000', 'unit.000001', 'unit.000002', 'unit.000003', 'unit.000004']
2018-04-03 23:40:40,817: umgr.0000.scheduling.0.child: umgr.0000.scheduling.0          : umgr.0000.scheduling.0.child.subscriber._base_state_cb: DEBUG   : update pilot states for []
2018-04-03 23:40:41,867: umgr.0000.scheduling.0.child: umgr.0000.scheduling.0          : umgr.0000.scheduling.0.child.watch: INFO    : recv message: STOP
2018-04-03 23:40:41,867: umgr.0000.scheduling.0.child: umgr.0000.scheduling.0          : umgr.0000.scheduling.0.child.watch: INFO    : message received: STOP
2018-04-03 23:40:41,867: umgr.0000.scheduling.0.child: umgr.0000.scheduling.0          : umgr.0000.scheduling.0.child.watch: INFO    : STOP received: STOP
2018-04-03 23:40:41,867: umgr.0000.scheduling.0.child: umgr.0000.scheduling.0          : umgr.0000.scheduling.0.child.watch: INFO    : watcher closes
2018-04-03 23:40:41,867: umgr.0000.scheduling.0.child: umgr.0000.scheduling.0          : umgr.0000.scheduling.0.child.watch: INFO    : put message: [umgr.0000.scheduling.0.child.watch.thread] work finished
2018-04-03 23:40:41,867: umgr.0000.scheduling.0.child: umgr.0000.scheduling.0          : umgr.0000.scheduling.0.child.watch: DEBUG   : ru_finalize_child (NOOP)
2018-04-03 23:40:41,867: umgr.0000.scheduling.0.child: umgr.0000.scheduling.0          : umgr.0000.scheduling.0.child.watch: DEBUG   : ru_finalize_common (NOOP)
2018-04-03 23:40:41,867: umgr.0000.scheduling.0.child: umgr.0000.scheduling.0          : umgr.0000.scheduling.0.child.watch: INFO    : put message: [umgr.0000.scheduling.0.child.watch.thread] terminating
2018-04-03 23:40:42,245: umgr.0000.scheduling.0.child: umgr.0000.scheduling.0          : MainThread     : INFO    : finalize_child
2018-04-03 23:40:42,245: umgr.0000.scheduling.0.child: umgr.0000.scheduling.0          : MainThread     : WARNING : alive check: proc invalid - stop [False - True]
2018-04-03 23:40:42,280: umgr.0000.scheduling.0.child: umgr.0000.scheduling.0          : MainThread     : INFO    : stop umgr.0000.scheduling.0.child (28424 : 28424 : MainThread) [radical.utils.process.RoundRobin.is_valid]
2018-04-03 23:40:42,281: umgr.0000.scheduling.0.child: umgr.0000.scheduling.0          : MainThread     : INFO    : parent stops child  28424 -> 28424 [umgr.0000.scheduling.0.child]
2018-04-03 23:40:42,281: umgr.0000.scheduling.0.child: umgr.0000.scheduling.0          : MainThread     : INFO    : send message: [umgr.0000.scheduling.0.child] STOP
2018-04-03 23:40:42,281: umgr.0000.scheduling.0.child: umgr.0000.scheduling.0          : MainThread     : WARNING : send failed ([Errno 9] Bad file descriptor) - terminate
2018-04-03 23:40:42,281: umgr.0000.scheduling.0.child: umgr.0000.scheduling.0          : MainThread     : INFO    : finalize_child
2018-04-03 23:40:42,281: umgr.0000.scheduling.0.child: umgr.0000.scheduling.0          : MainThread     : DEBUG   : TERM : umgr.0000.scheduling.0.child unregister subscriber umgr.0000.scheduling.0.child.subscriber._base_command_cb
2018-04-03 23:40:42,281: umgr.0000.scheduling.0.child: umgr.0000.scheduling.0          : MainThread     : DEBUG   : unregistered subscriber umgr.0000.scheduling.0.child.subscriber._base_command_cb
2018-04-03 23:40:42,281: umgr.0000.scheduling.0.child: umgr.0000.scheduling.0          : MainThread     : DEBUG   : TERM : umgr.0000.scheduling.0.child unregister subscriber umgr.0000.scheduling.0.child.subscriber._base_state_cb
2018-04-03 23:40:42,281: umgr.0000.scheduling.0.child: umgr.0000.scheduling.0          : MainThread     : DEBUG   : unregistered subscriber umgr.0000.scheduling.0.child.subscriber._base_state_cb
2018-04-03 23:40:42,281: umgr.0000.scheduling.0.child: umgr.0000.scheduling.0          : MainThread     : DEBUG   : TERM : umgr.0000.scheduling.0.child unregister output UMGR_STAGING_INPUT_PENDING
2018-04-03 23:40:42,281: umgr.0000.scheduling.0.child: umgr.0000.scheduling.0          : MainThread     : WARNING : input UMGR_STAGING_INPUT_PENDING is not registered
2018-04-03 23:40:42,281: umgr.0000.scheduling.0.child: umgr.0000.scheduling.0          : MainThread     : WARNING : input umgr.0000.scheduling.0.child.work.UMGR_SCHEDULING_PENDING not registered
2018-04-03 23:40:42,281: umgr.0000.scheduling.0.child: umgr.0000.scheduling.0          : MainThread     : INFO    : finalize_child done
2018-04-03 23:40:42,281: umgr.0000.scheduling.0.child: umgr.0000.scheduling.0          : MainThread     : DEBUG   : ru_finalize_common()
2018-04-03 23:40:42,281: umgr.0000.scheduling.0.child: umgr.0000.scheduling.0          : MainThread     : DEBUG   : TERM : umgr.0000.scheduling.0.child unregister publisher log_pubsub
2018-04-03 23:40:42,282: umgr.0000.scheduling.0.child: umgr.0000.scheduling.0          : MainThread     : DEBUG   : unregistered publisher log_pubsub
2018-04-03 23:40:42,282: umgr.0000.scheduling.0.child: umgr.0000.scheduling.0          : MainThread     : DEBUG   : TERM : umgr.0000.scheduling.0.child unregister publisher state_pubsub
2018-04-03 23:40:42,283: umgr.0000.scheduling.0.child: umgr.0000.scheduling.0          : MainThread     : DEBUG   : unregistered publisher state_pubsub
2018-04-03 23:40:42,283: umgr.0000.scheduling.0.child: umgr.0000.scheduling.0          : MainThread     : DEBUG   : TERM : umgr.0000.scheduling.0.child unregister publisher control_pubsub
2018-04-03 23:40:42,284: umgr.0000.scheduling.0.child: umgr.0000.scheduling.0          : MainThread     : DEBUG   : unregistered publisher control_pubsub
2018-04-03 23:40:42,284: umgr.0000.scheduling.0.child: umgr.0000.scheduling.0          : MainThread     : DEBUG   : umgr.0000.scheduling.0.child close prof
2018-04-03 23:40:42,284: umgr.0000.scheduling.0.child: umgr.0000.scheduling.0          : MainThread     : INFO    : parent stops child
2018-04-03 23:40:42,284: umgr.0000.scheduling.0.child: umgr.0000.scheduling.0          : MainThread     : DEBUG   : ru_finalize_parent (NOOP)
2018-04-03 23:40:42,284: umgr.0000.scheduling.0.child: umgr.0000.scheduling.0          : MainThread     : DEBUG   : ru_finalize_common (NOOP)
2018-04-03 23:40:42,284: umgr.0000.scheduling.0.child: umgr.0000.scheduling.0          : MainThread     : INFO    : parent stops child
2018-04-03 23:40:42,284: umgr.0000.scheduling.0.child: umgr.0000.scheduling.0          : MainThread     : DEBUG   : ru_finalize_parent (NOOP)
2018-04-03 23:40:42,285: umgr.0000.scheduling.0.child: umgr.0000.scheduling.0          : umgr.0000.scheduling.0.child.subscriber._base_state_cb: DEBUG   : ru_finalize_child (NOOP)
2018-04-03 23:40:42,285: umgr.0000.scheduling.0.child: umgr.0000.scheduling.0          : umgr.0000.scheduling.0.child.subscriber._base_state_cb: INFO    : put message: [umgr.0000.scheduling.0.child.subscriber._base_state_cb.thread] terminating
2018-04-03 23:40:42,285: umgr.0000.scheduling.0.child: umgr.0000.scheduling.0          : MainThread     : INFO    : parent stops child
2018-04-03 23:40:42,285: umgr.0000.scheduling.0.child: umgr.0000.scheduling.0          : MainThread     : DEBUG   : ru_finalize_parent (NOOP)
2018-04-03 23:40:42,286: umgr.0000.scheduling.0.child: umgr.0000.scheduling.0          : umgr.0000.scheduling.0.child.subscriber._base_command_cb: DEBUG   : ru_finalize_child (NOOP)
2018-04-03 23:40:42,286: umgr.0000.scheduling.0.child: umgr.0000.scheduling.0          : umgr.0000.scheduling.0.child.subscriber._base_command_cb: INFO    : put message: [umgr.0000.scheduling.0.child.subscriber._base_command_cb.thread] terminating
2018-04-03 23:40:42,286: umgr.0000.scheduling.0.child: umgr.0000.scheduling.0          : MainThread     : INFO    : parent stops child
2018-04-03 23:40:42,286: umgr.0000.scheduling.0.child: umgr.0000.scheduling.0          : MainThread     : DEBUG   : ru_finalize_parent (NOOP)
2018-04-03 23:40:42,287: umgr.0000.scheduling.0.child: umgr.0000.scheduling.0          : umgr.0000.scheduling.0.child.subscriber._cancel_monitor_cb: DEBUG   : ru_finalize_child (NOOP)
2018-04-03 23:40:42,287: umgr.0000.scheduling.0.child: umgr.0000.scheduling.0          : umgr.0000.scheduling.0.child.subscriber._cancel_monitor_cb: INFO    : put message: [umgr.0000.scheduling.0.child.subscriber._cancel_monitor_cb.thread] terminating
2018-04-03 23:40:42,288: umgr.0000.scheduling.0.child: umgr.0000.scheduling.0          : MainThread     : WARNING : super umgr.0000.scheduling.0.child is invalid
2018-04-03 23:40:42,288: umgr.0000.scheduling.0.child: umgr.0000.scheduling.0          : MainThread     : WARNING : component umgr.0000.scheduling.0.child is invalid
2018-04-03 23:40:42,289: umgr.0000.scheduling.0.child: umgr.0000.scheduling.0          : MainThread     : INFO    : stop umgr.0000.scheduling.0.child (28424 : 28424 : MainThread) [radical.pilot.utils.component.RoundRobin.is_valid]
2018-04-03 23:40:42,290: umgr.0000.scheduling.0.child: umgr.0000.scheduling.0          : MainThread     : DEBUG   : TERM : umgr.0000.scheduling.0.child unregister subscriber umgr.0000.scheduling.0.child.subscriber._base_command_cb
2018-04-03 23:40:42,290: umgr.0000.scheduling.0.child: umgr.0000.scheduling.0          : MainThread     : WARNING : subscriber _base_command_cb is not registered
2018-04-03 23:40:42,290: umgr.0000.scheduling.0.child: umgr.0000.scheduling.0          : MainThread     : DEBUG   : TERM : umgr.0000.scheduling.0.child unregister subscriber umgr.0000.scheduling.0.child.subscriber._base_state_cb
2018-04-03 23:40:42,290: umgr.0000.scheduling.0.child: umgr.0000.scheduling.0          : MainThread     : WARNING : subscriber _base_state_cb is not registered
2018-04-03 23:40:42,290: umgr.0000.scheduling.0.child: umgr.0000.scheduling.0          : MainThread     : DEBUG   : TERM : umgr.0000.scheduling.0.child unregister output UMGR_STAGING_INPUT_PENDING
2018-04-03 23:40:42,290: umgr.0000.scheduling.0.child: umgr.0000.scheduling.0          : MainThread     : WARNING : input UMGR_STAGING_INPUT_PENDING is not registered
2018-04-03 23:40:42,290: umgr.0000.scheduling.0.child: umgr.0000.scheduling.0          : MainThread     : WARNING : input umgr.0000.scheduling.0.child.work.UMGR_SCHEDULING_PENDING not registered
2018-04-03 23:40:42,290: umgr.0000.scheduling.0.child: umgr.0000.scheduling.0          : MainThread     : INFO    : finalize_child done
2018-04-03 23:40:42,290: umgr.0000.scheduling.0.child: umgr.0000.scheduling.0          : MainThread     : DEBUG   : ru_finalize_common()
2018-04-03 23:40:42,290: umgr.0000.scheduling.0.child: umgr.0000.scheduling.0          : MainThread     : WARNING : publisher log_pubsub is not registered
2018-04-03 23:40:42,290: umgr.0000.scheduling.0.child: umgr.0000.scheduling.0          : MainThread     : WARNING : publisher state_pubsub is not registered
2018-04-03 23:40:42,290: umgr.0000.scheduling.0.child: umgr.0000.scheduling.0          : MainThread     : WARNING : publisher control_pubsub is not registered
2018-04-03 23:40:42,291: umgr.0000.scheduling.0.child: umgr.0000.scheduling.0          : MainThread     : DEBUG   : umgr.0000.scheduling.0.child close prof
2018-04-03 23:40:42,291: umgr.0000.scheduling.0.child: umgr.0000.scheduling.0          : MainThread     : INFO    : send message: [umgr.0000.scheduling.0.child] terminating
2018-04-03 23:40:42,291: umgr.0000.scheduling.0.child: umgr.0000.scheduling.0          : MainThread     : WARNING : send failed ([Errno 9] Bad file descriptor) - terminate
2018-04-03 23:40:42,291: umgr.0000.scheduling.0.child: umgr.0000.scheduling.0          : MainThread     : INFO    : parent stops child
2018-04-03 23:40:42,291: umgr.0000.scheduling.0.child: umgr.0000.scheduling.0          : MainThread     : INFO    : parent stops child
2018-04-03 23:40:42,291: umgr.0000.scheduling.0.child: umgr.0000.scheduling.0          : MainThread     : INFO    : parent stops child
