2018-04-03 21:22:33,084: log.pubsub.pub.0005 : umgr.0000.scheduling.0          : MainThread     : INFO    : python.interpreter   version: 2.7.14 (default, Sep 23 2017, 22:06:14) [GCC 7.2.0]
2018-04-03 21:22:33,085: log.pubsub.pub.0005 : umgr.0000.scheduling.0          : MainThread     : INFO    :                      pid: 10023
2018-04-03 21:22:33,085: log.pubsub.pub.0005 : umgr.0000.scheduling.0          : MainThread     : INFO    :                      tid: MainThread
2018-04-03 21:22:33,085: log.pubsub.pub.0005 : umgr.0000.scheduling.0          : MainThread     : INFO    : radical.pilot        version: 0.47-0.47-14-gb1dff8bd@devel
2018-04-03 21:22:33,085: log.pubsub.pub.0005 : umgr.0000.scheduling.0          : MainThread     : INFO    : create log_pubsub - pub - tcp://144.76.72.175:33151
2018-04-03 21:22:33,086: log.pubsub.pub.0005 : umgr.0000.scheduling.0          : MainThread     : DEBUG   : start process
2018-04-03 21:22:33,086: log.pubsub.pub.0005 : umgr.0000.scheduling.0          : MainThread     : DEBUG   : ru_initialize_common (NOOP)
2018-04-03 21:22:33,086: log.pubsub.pub.0005 : umgr.0000.scheduling.0          : MainThread     : DEBUG   : ru_initialize_parent (NOOP)
2018-04-03 21:22:33,086: log.pubsub.pub.0005 : umgr.0000.scheduling.0          : MainThread     : DEBUG   : process class started (no child)
2018-04-03 21:22:33,108: log.pubsub.pub.0005 : MainProcess                     : MainThread     : INFO    : python.interpreter   version: 2.7.14 (default, Sep 23 2017, 22:06:14) [GCC 7.2.0]
2018-04-03 21:22:33,108: log.pubsub.pub.0005 : MainProcess                     : MainThread     : INFO    :                      pid: 9829
2018-04-03 21:22:33,108: log.pubsub.pub.0005 : MainProcess                     : MainThread     : INFO    :                      tid: MainThread
2018-04-03 21:22:33,109: log.pubsub.pub.0005 : MainProcess                     : MainThread     : INFO    : radical.pilot        version: 0.47-0.47-14-gb1dff8bd@devel
2018-04-03 21:22:33,109: log.pubsub.pub.0005 : MainProcess                     : MainThread     : INFO    : create log_pubsub - pub - tcp://144.76.72.175:33151
2018-04-03 21:22:33,109: log.pubsub.pub.0005 : MainProcess                     : MainThread     : DEBUG   : start process
2018-04-03 21:22:33,109: log.pubsub.pub.0005 : MainProcess                     : MainThread     : DEBUG   : ru_initialize_common (NOOP)
2018-04-03 21:22:33,109: log.pubsub.pub.0005 : MainProcess                     : MainThread     : DEBUG   : ru_initialize_parent (NOOP)
2018-04-03 21:22:33,109: log.pubsub.pub.0005 : MainProcess                     : MainThread     : DEBUG   : process class started (no child)
2018-04-03 21:35:20,837: log.pubsub.pub.0005 : MainProcess                     : MainThread     : INFO    : parent stops child  9829 -> None [log.pubsub.pub.0005]
2018-04-03 21:35:20,837: log.pubsub.pub.0005 : MainProcess                     : MainThread     : DEBUG   : ru_finalize_parent (NOOP)
2018-04-03 21:35:21,453: log.pubsub.pub.0005 : umgr.0000.scheduling.0          : MainThread     : INFO    : parent stops child  10023 -> None [log.pubsub.pub.0005]
2018-04-03 21:35:21,453: log.pubsub.pub.0005 : umgr.0000.scheduling.0          : MainThread     : DEBUG   : ru_finalize_parent (NOOP)
