2018-04-03 21:22:27,625: pmgr.0000.launching.0.child: pmgr.0000.launching.0           : MainThread     : INFO    : python.interpreter   version: 2.7.14 (default, Sep 23 2017, 22:06:14) [GCC 7.2.0]
2018-04-03 21:22:27,626: pmgr.0000.launching.0.child: pmgr.0000.launching.0           : MainThread     : INFO    :                      pid: 9901
2018-04-03 21:22:27,626: pmgr.0000.launching.0.child: pmgr.0000.launching.0           : MainThread     : INFO    :                      tid: MainThread
2018-04-03 21:22:27,626: pmgr.0000.launching.0.child: pmgr.0000.launching.0           : MainThread     : INFO    : radical.pilot        version: 0.47-0.47-14-gb1dff8bd@devel
2018-04-03 21:22:27,626: pmgr.0000.launching.0.child: pmgr.0000.launching.0           : MainThread     : INFO    : initialize pmgr.0000.launching.0.child
2018-04-03 21:22:27,627: pmgr.0000.launching.0.child: pmgr.0000.launching.0           : MainThread     : INFO    : cfg: {'agents': {},
 u'bridges': {u'control_pubsub': {'addr_in': 'tcp://144.76.72.175:39067',
                                  'addr_out': 'tcp://144.76.72.175:37993',
                                  u'bulk_size': 0,
                                  u'log_level': u'debug',
                                  u'stall_hwm': 1},
              u'log_pubsub': {'addr_in': 'tcp://144.76.72.175:33151',
                              'addr_out': 'tcp://144.76.72.175:38853',
                              u'bulk_size': 0,
                              u'log_level': u'debug',
                              u'stall_hwm': 1},
              u'pmgr_launching_queue': {'addr_in': 'tcp://144.76.72.175:32929',
                                        'addr_out': 'tcp://144.76.72.175:34107',
                                        u'bulk_size': 0,
                                        u'log_level': u'debug',
                                        u'stall_hwm': 1},
              u'state_pubsub': {'addr_in': 'tcp://144.76.72.175:43617',
                                'addr_out': 'tcp://144.76.72.175:44249',
                                u'bulk_size': 0,
                                u'log_level': u'debug',
                                u'stall_hwm': 1}},
 'cname': u'PMGRLaunchingComponent',
 u'components': {},
 u'count': 1,
 u'db_poll_sleeptime': 1.0,
 'number': 0,
 'owner': 'pmgr.0000',
 'uid': 'pmgr.0000'}
2018-04-03 21:22:27,628: pmgr.0000.launching.0.child: pmgr.0000.launching.0           : MainThread     : DEBUG   : start components: {}
2018-04-03 21:22:27,628: pmgr.0000.launching.0.child: pmgr.0000.launching.0           : MainThread     : DEBUG   : alive check in term
2018-04-03 21:22:27,628: pmgr.0000.launching.0.child: pmgr.0000.launching.0           : MainThread     : DEBUG   : START: pmgr.0000.launching.0.child register publisher log_pubsub
2018-04-03 21:22:27,628: pmgr.0000.launching.0.child: pmgr.0000.launching.0           : MainThread     : DEBUG   : using addr tcp://144.76.72.175:33151 for pubsub log_pubsub
2018-04-03 21:22:27,630: pmgr.0000.launching.0.child: pmgr.0000.launching.0           : MainThread     : DEBUG   : registered publisher : log_pubsub : log.pubsub.pub.0001
2018-04-03 21:22:27,630: pmgr.0000.launching.0.child: pmgr.0000.launching.0           : MainThread     : DEBUG   : alive check in term
2018-04-03 21:22:27,630: pmgr.0000.launching.0.child: pmgr.0000.launching.0           : MainThread     : DEBUG   : START: pmgr.0000.launching.0.child register publisher state_pubsub
2018-04-03 21:22:27,630: pmgr.0000.launching.0.child: pmgr.0000.launching.0           : MainThread     : DEBUG   : using addr tcp://144.76.72.175:43617 for pubsub state_pubsub
2018-04-03 21:22:27,631: pmgr.0000.launching.0.child: pmgr.0000.launching.0           : MainThread     : DEBUG   : registered publisher : state_pubsub : state.pubsub.pub.0001
2018-04-03 21:22:27,631: pmgr.0000.launching.0.child: pmgr.0000.launching.0           : MainThread     : DEBUG   : alive check in term
2018-04-03 21:22:27,631: pmgr.0000.launching.0.child: pmgr.0000.launching.0           : MainThread     : DEBUG   : START: pmgr.0000.launching.0.child register publisher control_pubsub
2018-04-03 21:22:27,631: pmgr.0000.launching.0.child: pmgr.0000.launching.0           : MainThread     : DEBUG   : using addr tcp://144.76.72.175:39067 for pubsub control_pubsub
2018-04-03 21:22:27,633: pmgr.0000.launching.0.child: pmgr.0000.launching.0           : MainThread     : DEBUG   : registered publisher : control_pubsub : control.pubsub.pub.0001
2018-04-03 21:22:27,633: pmgr.0000.launching.0.child: pmgr.0000.launching.0           : MainThread     : DEBUG   : alive check in term
2018-04-03 21:22:27,633: pmgr.0000.launching.0.child: pmgr.0000.launching.0           : MainThread     : DEBUG   : START: pmgr.0000.launching.0.child register subscriber pmgr.0000.launching.0.child.subscriber._cancel_monitor_cb
2018-04-03 21:22:27,633: pmgr.0000.launching.0.child: pmgr.0000.launching.0           : MainThread     : DEBUG   : using addr tcp://144.76.72.175:37993 for pubsub control_pubsub
2018-04-03 21:22:27,635: pmgr.0000.launching.0.child: pmgr.0000.launching.0           : MainThread     : DEBUG   : parent name: pmgr.0000.launching.0.child.subscriber._cancel_monitor_cb
2018-04-03 21:22:27,635: pmgr.0000.launching.0.child: pmgr.0000.launching.0           : MainThread     : DEBUG   : start thread
2018-04-03 21:22:27,635: pmgr.0000.launching.0.child: pmgr.0000.launching.0           : pmgr.0000.launching.0.child.subscriber._cancel_monitor_cb: DEBUG   : child name: pmgr.0000.launching.0.child.subscriber._cancel_monitor_cb.thread
2018-04-03 21:22:27,635: pmgr.0000.launching.0.child: pmgr.0000.launching.0           : pmgr.0000.launching.0.child.subscriber._cancel_monitor_cb: INFO    : child (me) initializing
2018-04-03 21:22:27,635: pmgr.0000.launching.0.child: pmgr.0000.launching.0           : pmgr.0000.launching.0.child.subscriber._cancel_monitor_cb: DEBUG   : ru_initialize_common (NOOP)
2018-04-03 21:22:27,635: pmgr.0000.launching.0.child: pmgr.0000.launching.0           : pmgr.0000.launching.0.child.subscriber._cancel_monitor_cb: DEBUG   : ru_initialize_child (NOOP)
2018-04-03 21:22:27,635: pmgr.0000.launching.0.child: pmgr.0000.launching.0           : pmgr.0000.launching.0.child.subscriber._cancel_monitor_cb: INFO    : send alive
2018-04-03 21:22:27,635: pmgr.0000.launching.0.child: pmgr.0000.launching.0           : pmgr.0000.launching.0.child.subscriber._cancel_monitor_cb: INFO    : put message: [pmgr.0000.launching.0.child.subscriber._cancel_monitor_cb.thread] alive
2018-04-03 21:22:27,636: pmgr.0000.launching.0.child: pmgr.0000.launching.0           : MainThread     : INFO    : get msg: alive
2018-04-03 21:22:27,636: pmgr.0000.launching.0.child: pmgr.0000.launching.0           : MainThread     : DEBUG   : ru_initialize_common (NOOP)
2018-04-03 21:22:27,636: pmgr.0000.launching.0.child: pmgr.0000.launching.0           : MainThread     : DEBUG   : ru_initialize_parent (NOOP)
2018-04-03 21:22:27,636: pmgr.0000.launching.0.child: pmgr.0000.launching.0           : MainThread     : DEBUG   : child thread pmgr.0000.launching.0.child.subscriber._cancel_monitor_cb started
2018-04-03 21:22:27,636: pmgr.0000.launching.0.child: pmgr.0000.launching.0           : MainThread     : DEBUG   : pmgr.0000.launching.0.child registered control_pubsub subscriber pmgr.0000.launching.0.child.subscriber._cancel_monitor_cb
2018-04-03 21:22:27,636: pmgr.0000.launching.0.child: pmgr.0000.launching.0           : MainThread     : DEBUG   : alive check in term
2018-04-03 21:22:27,636: pmgr.0000.launching.0.child: pmgr.0000.launching.0           : MainThread     : DEBUG   : using addr tcp://144.76.72.175:34107 for input pmgr_launching_queue
2018-04-03 21:22:27,664: pmgr.0000.launching.0.child: pmgr.0000.launching.0           : MainThread     : DEBUG   : registered input pmgr.0000.launching.0.child.work.PMGR_LAUNCHING_PENDING
2018-04-03 21:22:27,664: pmgr.0000.launching.0.child: pmgr.0000.launching.0           : MainThread     : DEBUG   : START: pmgr.0000.launching.0.child register input PMGR_LAUNCHING_PENDING: pmgr.0000.launching.0.child.work.PMGR_LAUNCHING_PENDING
2018-04-03 21:22:27,664: pmgr.0000.launching.0.child: pmgr.0000.launching.0           : MainThread     : DEBUG   : registered worker work [PMGR_LAUNCHING_PENDING]
2018-04-03 21:22:27,664: pmgr.0000.launching.0.child: pmgr.0000.launching.0           : MainThread     : DEBUG   : alive check in term
2018-04-03 21:22:27,664: pmgr.0000.launching.0.child: pmgr.0000.launching.0           : MainThread     : DEBUG   : START: pmgr.0000.launching.0.child register idler pmgr.0000.launching.0.child.idler._pilot_watcher_cb
2018-04-03 21:22:27,664: pmgr.0000.launching.0.child: pmgr.0000.launching.0           : MainThread     : DEBUG   : parent name: pmgr.0000.launching.0.child.idler._pilot_watcher_cb
2018-04-03 21:22:27,664: pmgr.0000.launching.0.child: pmgr.0000.launching.0           : MainThread     : DEBUG   : start thread
2018-04-03 21:22:27,664: pmgr.0000.launching.0.child: pmgr.0000.launching.0           : pmgr.0000.launching.0.child.idler._pilot_watcher_cb: DEBUG   : child name: pmgr.0000.launching.0.child.idler._pilot_watcher_cb.thread
2018-04-03 21:22:27,665: pmgr.0000.launching.0.child: pmgr.0000.launching.0           : pmgr.0000.launching.0.child.idler._pilot_watcher_cb: INFO    : child (me) initializing
2018-04-03 21:22:27,665: pmgr.0000.launching.0.child: pmgr.0000.launching.0           : pmgr.0000.launching.0.child.idler._pilot_watcher_cb: DEBUG   : ru_initialize_common (NOOP)
2018-04-03 21:22:27,665: pmgr.0000.launching.0.child: pmgr.0000.launching.0           : pmgr.0000.launching.0.child.idler._pilot_watcher_cb: DEBUG   : ru_initialize_child (NOOP)
2018-04-03 21:22:27,665: pmgr.0000.launching.0.child: pmgr.0000.launching.0           : pmgr.0000.launching.0.child.idler._pilot_watcher_cb: INFO    : send alive
2018-04-03 21:22:27,665: pmgr.0000.launching.0.child: pmgr.0000.launching.0           : pmgr.0000.launching.0.child.idler._pilot_watcher_cb: INFO    : put message: [pmgr.0000.launching.0.child.idler._pilot_watcher_cb.thread] alive
2018-04-03 21:22:27,666: pmgr.0000.launching.0.child: pmgr.0000.launching.0           : MainThread     : INFO    : get msg: alive
2018-04-03 21:22:27,666: pmgr.0000.launching.0.child: pmgr.0000.launching.0           : MainThread     : DEBUG   : ru_initialize_common (NOOP)
2018-04-03 21:22:27,666: pmgr.0000.launching.0.child: pmgr.0000.launching.0           : MainThread     : DEBUG   : ru_initialize_parent (NOOP)
2018-04-03 21:22:27,666: pmgr.0000.launching.0.child: pmgr.0000.launching.0           : MainThread     : DEBUG   : child thread pmgr.0000.launching.0.child.idler._pilot_watcher_cb started
2018-04-03 21:22:27,666: pmgr.0000.launching.0.child: pmgr.0000.launching.0           : MainThread     : DEBUG   : pmgr.0000.launching.0.child registered idler pmgr.0000.launching.0.child.idler._pilot_watcher_cb
2018-04-03 21:22:27,666: pmgr.0000.launching.0.child: pmgr.0000.launching.0           : MainThread     : DEBUG   : alive check in term
2018-04-03 21:22:27,666: pmgr.0000.launching.0.child: pmgr.0000.launching.0           : MainThread     : DEBUG   : START: pmgr.0000.launching.0.child register subscriber pmgr.0000.launching.0.child.subscriber._pmgr_control_cb
2018-04-03 21:22:27,666: pmgr.0000.launching.0.child: pmgr.0000.launching.0           : MainThread     : DEBUG   : using addr tcp://144.76.72.175:37993 for pubsub control_pubsub
2018-04-03 21:22:27,668: pmgr.0000.launching.0.child: pmgr.0000.launching.0           : MainThread     : DEBUG   : parent name: pmgr.0000.launching.0.child.subscriber._pmgr_control_cb
2018-04-03 21:22:27,668: pmgr.0000.launching.0.child: pmgr.0000.launching.0           : MainThread     : DEBUG   : start thread
2018-04-03 21:22:27,669: pmgr.0000.launching.0.child: pmgr.0000.launching.0           : pmgr.0000.launching.0.child.subscriber._pmgr_control_cb: DEBUG   : child name: pmgr.0000.launching.0.child.subscriber._pmgr_control_cb.thread
2018-04-03 21:22:27,669: pmgr.0000.launching.0.child: pmgr.0000.launching.0           : pmgr.0000.launching.0.child.subscriber._pmgr_control_cb: INFO    : child (me) initializing
2018-04-03 21:22:27,669: pmgr.0000.launching.0.child: pmgr.0000.launching.0           : pmgr.0000.launching.0.child.subscriber._pmgr_control_cb: DEBUG   : ru_initialize_common (NOOP)
2018-04-03 21:22:27,669: pmgr.0000.launching.0.child: pmgr.0000.launching.0           : pmgr.0000.launching.0.child.subscriber._pmgr_control_cb: DEBUG   : ru_initialize_child (NOOP)
2018-04-03 21:22:27,669: pmgr.0000.launching.0.child: pmgr.0000.launching.0           : pmgr.0000.launching.0.child.subscriber._pmgr_control_cb: INFO    : send alive
2018-04-03 21:22:27,669: pmgr.0000.launching.0.child: pmgr.0000.launching.0           : pmgr.0000.launching.0.child.subscriber._pmgr_control_cb: INFO    : put message: [pmgr.0000.launching.0.child.subscriber._pmgr_control_cb.thread] alive
2018-04-03 21:22:27,670: pmgr.0000.launching.0.child: pmgr.0000.launching.0           : pmgr.0000.launching.0.child.idler._pilot_watcher_cb: DEBUG   : bulk states: []
2018-04-03 21:22:27,670: pmgr.0000.launching.0.child: pmgr.0000.launching.0           : MainThread     : INFO    : get msg: alive
2018-04-03 21:22:27,670: pmgr.0000.launching.0.child: pmgr.0000.launching.0           : MainThread     : DEBUG   : ru_initialize_common (NOOP)
2018-04-03 21:22:27,670: pmgr.0000.launching.0.child: pmgr.0000.launching.0           : MainThread     : DEBUG   : ru_initialize_parent (NOOP)
2018-04-03 21:22:27,670: pmgr.0000.launching.0.child: pmgr.0000.launching.0           : MainThread     : DEBUG   : child thread pmgr.0000.launching.0.child.subscriber._pmgr_control_cb started
2018-04-03 21:22:27,670: pmgr.0000.launching.0.child: pmgr.0000.launching.0           : MainThread     : DEBUG   : pmgr.0000.launching.0.child registered control_pubsub subscriber pmgr.0000.launching.0.child.subscriber._pmgr_control_cb
2018-04-03 21:22:27,670: pmgr.0000.launching.0.child: pmgr.0000.launching.0           : MainThread     : INFO    : ('0.47', '0.47-0.47-14-gb1dff8bd@devel', '-0.47', '@devel', 'radical.pilot-0.47-0.47-14-gb1dff8bd-devel.tar.gz', '/home/george/ve-matteo/local/lib/python2.7/site-packages/radical/pilot/pmgr/launching/../..//radical.pilot-0.47-0.47-14-gb1dff8bd-devel.tar.gz')
2018-04-03 21:22:27,671: pmgr.0000.launching.0.child: pmgr.0000.launching.0           : MainThread     : INFO    : child (me) initializing
2018-04-03 21:22:27,671: pmgr.0000.launching.0.child: pmgr.0000.launching.0           : MainThread     : DEBUG   : parent name: pmgr.0000.launching.0.child.watch
2018-04-03 21:22:27,671: pmgr.0000.launching.0.child: pmgr.0000.launching.0           : MainThread     : DEBUG   : start thread
2018-04-03 21:22:27,671: pmgr.0000.launching.0.child: pmgr.0000.launching.0           : pmgr.0000.launching.0.child.watch: DEBUG   : child name: pmgr.0000.launching.0.child.watch.thread
2018-04-03 21:22:27,671: pmgr.0000.launching.0.child: pmgr.0000.launching.0           : pmgr.0000.launching.0.child.watch: INFO    : child (me) initializing
2018-04-03 21:22:27,671: pmgr.0000.launching.0.child: pmgr.0000.launching.0           : pmgr.0000.launching.0.child.watch: DEBUG   : ru_initialize_common (NOOP)
2018-04-03 21:22:27,671: pmgr.0000.launching.0.child: pmgr.0000.launching.0           : pmgr.0000.launching.0.child.watch: DEBUG   : ru_initialize_child (NOOP)
2018-04-03 21:22:27,671: pmgr.0000.launching.0.child: pmgr.0000.launching.0           : pmgr.0000.launching.0.child.watch: INFO    : send alive
2018-04-03 21:22:27,671: pmgr.0000.launching.0.child: pmgr.0000.launching.0           : pmgr.0000.launching.0.child.watch: INFO    : put message: [pmgr.0000.launching.0.child.watch.thread] alive
2018-04-03 21:22:27,672: pmgr.0000.launching.0.child: pmgr.0000.launching.0           : MainThread     : INFO    : get msg: alive
2018-04-03 21:22:27,672: pmgr.0000.launching.0.child: pmgr.0000.launching.0           : MainThread     : DEBUG   : ru_initialize_common (NOOP)
2018-04-03 21:22:27,672: pmgr.0000.launching.0.child: pmgr.0000.launching.0           : MainThread     : DEBUG   : ru_initialize_parent (NOOP)
2018-04-03 21:22:27,672: pmgr.0000.launching.0.child: pmgr.0000.launching.0           : MainThread     : DEBUG   : child thread pmgr.0000.launching.0.child.watch started
2018-04-03 21:22:27,672: pmgr.0000.launching.0.child: pmgr.0000.launching.0           : MainThread     : INFO    : child (me) is alive
2018-04-03 21:22:27,672: pmgr.0000.launching.0.child: pmgr.0000.launching.0           : MainThread     : INFO    : send alive
2018-04-03 21:22:27,672: pmgr.0000.launching.0.child: pmgr.0000.launching.0           : MainThread     : INFO    : send message: [pmgr.0000.launching.0.child] alive
2018-04-03 21:22:32,889: pmgr.0000.launching.0.child: pmgr.0000.launching.0           : MainThread     : DEBUG   : got pilot (pilot.0000)
2018-04-03 21:22:32,889: pmgr.0000.launching.0.child: pmgr.0000.launching.0           : MainThread     : DEBUG   : advance bulk size: 1 [False, True]
2018-04-03 21:22:32,889: pmgr.0000.launching.0.child: pmgr.0000.launching.0           : MainThread     : INFO    : Launching pilots on xsede.supermic_ssh: ['pilot.0000']
2018-04-03 21:22:34,627: pmgr.0000.launching.0.child: pmgr.0000.launching.0           : MainThread     : INFO    : Read agent config file: /home/george/ve-matteo/local/lib/python2.7/site-packages/radical/pilot/pmgr/launching/../..//configs/agent_default.json
2018-04-03 21:22:34,629: pmgr.0000.launching.0.child: pmgr.0000.launching.0           : MainThread     : DEBUG   : Write agent cfg to '/tmp/rp.agent_cfg.C71mR6'.
2018-04-03 21:22:34,635: pmgr.0000.launching.0.child: pmgr.0000.launching.0           : MainThread     : DEBUG   : {'agent_launch_method': 'SSH',
 u'bridges': {u'agent_executing_queue': {u'bulk_size': 0,
                                         u'log_level': u'debug',
                                         u'stall_hwm': 1},
              u'agent_reschedule_pubsub': {u'bulk_size': 0,
                                           u'log_level': u'debug',
                                           u'stall_hwm': 1},
              u'agent_scheduling_queue': {u'bulk_size': 0,
                                          u'log_level': u'debug',
                                          u'stall_hwm': 1},
              u'agent_staging_input_queue': {u'bulk_size': 0,
                                             u'log_level': u'debug',
                                             u'stall_hwm': 1},
              u'agent_staging_output_queue': {u'bulk_size': 0,
                                              u'log_level': u'debug',
                                              u'stall_hwm': 1},
              u'agent_unschedule_pubsub': {u'bulk_size': 0,
                                           u'log_level': u'debug',
                                           u'stall_hwm': 1},
              u'control_pubsub': {u'bulk_size': 0,
                                  u'log_level': u'debug',
                                  u'stall_hwm': 1},
              u'log_pubsub': {u'bulk_size': 0,
                              u'log_level': u'debug',
                              u'stall_hwm': 1},
              u'state_pubsub': {u'bulk_size': 0,
                                u'log_level': u'debug',
                                u'stall_hwm': 1}},
 u'bulk_collection_size': 100,
 u'bulk_collection_time': 1.0,
 u'components': {u'AgentExecutingComponent': {u'count': 1},
                 u'AgentSchedulingComponent': {u'count': 1},
                 u'AgentStagingInputComponent': {u'count': 1},
                 u'AgentStagingOutputComponent': {u'count': 1},
                 u'UpdateWorker': {u'count': 1}},
 'cores': 20,
 'cores_per_node': 20,
 'cu_post_exec': None,
 'cu_pre_exec': None,
 'cu_tmp': None,
 u'db_poll_sleeptime': 1.0,
 'dburl': 'mongodb://rp:rp@ds015335.mlab.com:15335/rp',
 'debug': 10,
 'export_to_cu': None,
 'logdir': '.',
 'lrms': 'TORQUE',
 u'max_io_loglength': 1024,
 u'mode': u'shared',
 'mpi_launch_method': 'MPIEXEC',
 'owner': 'agent_0',
 'pilot_id': 'pilot.0000',
 'pilot_sandbox': '/work/gchantzi/radical.pilot.sandbox/rp.session.one.george.017624.0007/pilot.0000/',
 'resource_cfg': {'agent_launch_method': 'SSH',
                  'agent_scheduler': 'CONTINUOUS',
                  'agent_spawner': 'POPEN',
                  'cores_per_node': '20',
                  'default_queue': 'workq',
                  'default_remote_workdir': '/work/$USER',
                  'description': "SuperMIC (pronounced 'Super Mick') is Louisiana State University's (LSU) newest supercomputer funded by the National Science Foundation's (NSF) Major Research Instrumentation (MRI) award to the Center for Computation & Technology. (https://portal.xsede.org/lsu-supermic)",
                  'filesystem_endpoint': 'gsisftp://supermic.cct-lsu.xsede.org:2222/',
                  'gsissh': {'filesystem_endpoint': 'gsisftp://supermic.cct-lsu.xsede.org:2222/',
                             'job_manager_endpoint': 'torque+gsissh://supermic.cct-lsu.xsede.org:2222/'},
                  'job_manager_endpoint': 'torque+gsissh://supermic.cct-lsu.xsede.org:2222/',
                  'label': 'xsede.supermic_ssh',
                  'lrms': 'TORQUE',
                  'mpi_launch_method': 'MPIEXEC',
                  'notes': 'Partially allocated through XSEDE. Primary access through GSISSH. Allows SSH key authentication too.',
                  'pre_bootstrap_1': ['module load python/2.7.7-anaconda'],
                  'python_dist': 'default',
                  'rp_version': 'local',
                  'schemas': ['gsissh', 'ssh'],
                  'ssh': {'filesystem_endpoint': 'sftp://supermic.cct-lsu.xsede.org/',
                          'job_manager_endpoint': 'torque+ssh://supermic.cct-lsu.xsede.org/'},
                  'task_launch_method': 'SSH',
                  'valid_roots': ['/work'],
                  'virtenv_mode': 'create'},
 'resource_sandbox': '/work/gchantzi/radical.pilot.sandbox',
 'runtime': 25,
 'scheduler': 'CONTINUOUS',
 'session_id': 'rp.session.one.george.017624.0007',
 'session_sandbox': '/work/gchantzi/radical.pilot.sandbox/rp.session.one.george.017624.0007',
 'spawner': 'POPEN',
 u'staging_area': u'staging_area',
 u'staging_schema': u'staging',
 u'target': u'local',
 'task_launch_method': 'SSH'}
2018-04-03 21:22:34,637: pmgr.0000.launching.0.child: pmgr.0000.launching.0           : MainThread     : DEBUG   : use bootstrapper /home/george/ve-matteo/local/lib/python2.7/site-packages/radical/pilot/agent/bootstrap_0.sh
2018-04-03 21:22:34,639: pmgr.0000.launching.0.child: pmgr.0000.launching.0           : MainThread     : DEBUG   : Bootstrap command line: /bin/bash ['-l /work/gchantzi/radical.pilot.sandbox/rp.session.one.george.017624.0007/bootstrap_0.sh', " -d 'radical.utils-0.47.4.tar.gz:saga-python-0.47-v0.46-48-g5825f1b0-devel.tar.gz:radical.pilot-0.47-0.47-14-gb1dff8bd-devel.tar.gz' -p 'pilot.0000' -s 'rp.session.one.george.017624.0007' -m 'create' -r 'local' -b 'default' -g 'default' -v '/work/gchantzi/radical.pilot.sandbox/ve.xsede.supermic_ssh.0.47' -y '25' -e 'module load python/2.7.7-anaconda'"]
2018-04-03 21:22:34,640: pmgr.0000.launching.0.child: pmgr.0000.launching.0           : MainThread     : DEBUG   : cmd: cd /tmp/rp_agent_tar_dirFFaI9t && tar zchf /tmp/rp_agent_tar_dirFFaI9t/rp.session.one.george.017624.0007.pmgr.0000.launching.0.child.tgz *
2018-04-03 21:22:34,686: pmgr.0000.launching.0.child: pmgr.0000.launching.0           : MainThread     : DEBUG   : out: 
2018-04-03 21:22:34,687: pmgr.0000.launching.0.child: pmgr.0000.launching.0           : MainThread     : DEBUG   : rs.file.Directory ('gsisftp://supermic.cct-lsu.xsede.org:2222/')
2018-04-03 21:22:43,635: pmgr.0000.launching.0.child: pmgr.0000.launching.0           : MainThread     : DEBUG   : tar cmd : tar zmxvf /work/gchantzi/radical.pilot.sandbox/rp.session.one.george.017624.0007/rp.session.one.george.017624.0007.pmgr.0000.launching.0.child.tgz -C /work/gchantzi/radical.pilot.sandbox/rp.session.one.george.017624.0007
2018-04-03 21:22:44,122: pmgr.0000.launching.0.child: pmgr.0000.launching.0           : MainThread     : DEBUG   : tar done: Done, bootstrap_0.sh
pilot.0000/
pilot.0000/pilot.0000.log.tgz
pilot.0000/agent_0.cfg
radical.pilot-0.47-0.47-14-gb1dff8bd-devel.tar.gz
radical.utils-0.47.4.tar.gz
saga-python-0.47-v0.46-48-g5825f1b0-devel.tar.gz
, 
2018-04-03 21:22:47,089: pmgr.0000.launching.0.child: pmgr.0000.launching.0           : MainThread     : DEBUG   : jd: {'Arguments': ['-l /work/gchantzi/radical.pilot.sandbox/rp.session.one.george.017624.0007/bootstrap_0.sh',
               " -d 'radical.utils-0.47.4.tar.gz:saga-python-0.47-v0.46-48-g5825f1b0-devel.tar.gz:radical.pilot-0.47-0.47-14-gb1dff8bd-devel.tar.gz' -p 'pilot.0000' -s 'rp.session.one.george.017624.0007' -m 'create' -r 'local' -b 'default' -g 'default' -v '/work/gchantzi/radical.pilot.sandbox/ve.xsede.supermic_ssh.0.47' -y '25' -e 'module load python/2.7.7-anaconda'"],
 'CandidateHosts': None,
 'Environment': {'RADICAL_PILOT_PROFILE': 'TRUE'},
 'Error': 'bootstrap_1.err',
 'Executable': '/bin/bash',
 'FileTransfer': [],
 'Name': 'pilot.0000',
 'Output': 'bootstrap_1.out',
 'ProcessesPerHost': 20,
 'Project': 'TG-MCB090174',
 'Queue': 'workq',
 'SPMDVariation': None,
 'TotalCPUCount': 20,
 'TotalPhysicalMemory': None,
 'WallTimeLimit': 25,
 'WorkingDirectory': '/work/gchantzi/radical.pilot.sandbox/rp.session.one.george.017624.0007/pilot.0000/'}
2018-04-03 21:22:48,096: pmgr.0000.launching.0.child: pmgr.0000.launching.0           : MainThread     : DEBUG   : pilot job: pilot.0000 : [torque+gsissh://supermic.cct-lsu.xsede.org:2222/]-[403280] : pilot.0000 : Pending
2018-04-03 21:22:48,096: pmgr.0000.launching.0.child: pmgr.0000.launching.0           : MainThread     : DEBUG   : advance bulk size: 1 [False, True]
2018-04-03 21:22:48,098: pmgr.0000.launching.0.child: pmgr.0000.launching.0           : pmgr.0000.launching.0.child.subscriber._cancel_monitor_cb: DEBUG   : command ignored: add_pilots
2018-04-03 21:22:48,098: pmgr.0000.launching.0.child: pmgr.0000.launching.0           : pmgr.0000.launching.0.child.subscriber._pmgr_control_cb: DEBUG   : launcher got {'cmd': 'add_pilots', 'arg': {'pilots': [{'resource_sandbox': 'gsisftp://supermic.cct-lsu.xsede.org:2222/work/gchantzi/radical.pilot.sandbox', 'resource_details': None, 'resource': 'xsede.supermic_ssh', 'uid': 'pilot.0000', 'pmgr': 'pmgr.0000', 'stdout': None, 'js_url': 'torque+gsissh://supermic.cct-lsu.xsede.org:2222/', 'state': 'PMGR_LAUNCHING', 'session': 'rp.session.one.george.017624.0007', 'log': None, 'stderr': None, 'js_hop': 'gsissh://supermic.cct-lsu.xsede.org:2222/', 'client_sandbox': '/home/george/launch-methods-project/mpi-exec', 'type': 'pilot', 'pilot_sandbox': 'gsisftp://supermic.cct-lsu.xsede.org:2222/work/gchantzi/radical.pilot.sandbox/rp.session.one.george.017624.0007/pilot.0000/', 'description': {'queue': 'workq', 'resource': 'xsede.supermic_ssh', 'exit_on_error': True, 'candidate_hosts': None, 'project': 'TG-MCB090174', 'sandbox': None, 'cleanup': None, 'access_schema': 'gsissh', 'memory': None, 'cores': 20, 'runtime': 25}}], 'umgr': 'umgr.0000'}}
2018-04-03 21:22:48,101: pmgr.0000.launching.0.child: pmgr.0000.launching.0           : pmgr.0000.launching.0.child.idler._pilot_watcher_cb: DEBUG   : bulk states: ['Pending']
2018-04-03 21:22:48,101: pmgr.0000.launching.0.child: pmgr.0000.launching.0           : pmgr.0000.launching.0.child.idler._pilot_watcher_cb: DEBUG   : saga job state: pilot.0000 Pending
2018-04-03 21:22:58,118: pmgr.0000.launching.0.child: pmgr.0000.launching.0           : pmgr.0000.launching.0.child.idler._pilot_watcher_cb: DEBUG   : bulk states: ['Pending']
2018-04-03 21:22:58,118: pmgr.0000.launching.0.child: pmgr.0000.launching.0           : pmgr.0000.launching.0.child.idler._pilot_watcher_cb: DEBUG   : saga job state: pilot.0000 Pending
2018-04-03 21:23:08,136: pmgr.0000.launching.0.child: pmgr.0000.launching.0           : pmgr.0000.launching.0.child.idler._pilot_watcher_cb: DEBUG   : bulk states: ['Pending']
2018-04-03 21:23:08,136: pmgr.0000.launching.0.child: pmgr.0000.launching.0           : pmgr.0000.launching.0.child.idler._pilot_watcher_cb: DEBUG   : saga job state: pilot.0000 Pending
2018-04-03 21:23:18,153: pmgr.0000.launching.0.child: pmgr.0000.launching.0           : pmgr.0000.launching.0.child.idler._pilot_watcher_cb: DEBUG   : bulk states: ['Pending']
2018-04-03 21:23:18,154: pmgr.0000.launching.0.child: pmgr.0000.launching.0           : pmgr.0000.launching.0.child.idler._pilot_watcher_cb: DEBUG   : saga job state: pilot.0000 Pending
2018-04-03 21:23:28,171: pmgr.0000.launching.0.child: pmgr.0000.launching.0           : pmgr.0000.launching.0.child.idler._pilot_watcher_cb: DEBUG   : bulk states: ['Pending']
2018-04-03 21:23:28,171: pmgr.0000.launching.0.child: pmgr.0000.launching.0           : pmgr.0000.launching.0.child.idler._pilot_watcher_cb: DEBUG   : saga job state: pilot.0000 Pending
2018-04-03 21:23:38,189: pmgr.0000.launching.0.child: pmgr.0000.launching.0           : pmgr.0000.launching.0.child.idler._pilot_watcher_cb: DEBUG   : bulk states: ['Pending']
2018-04-03 21:23:38,189: pmgr.0000.launching.0.child: pmgr.0000.launching.0           : pmgr.0000.launching.0.child.idler._pilot_watcher_cb: DEBUG   : saga job state: pilot.0000 Pending
2018-04-03 21:23:48,206: pmgr.0000.launching.0.child: pmgr.0000.launching.0           : pmgr.0000.launching.0.child.idler._pilot_watcher_cb: DEBUG   : bulk states: ['Running']
2018-04-03 21:23:48,207: pmgr.0000.launching.0.child: pmgr.0000.launching.0           : pmgr.0000.launching.0.child.idler._pilot_watcher_cb: DEBUG   : saga job state: pilot.0000 Running
2018-04-03 21:23:58,224: pmgr.0000.launching.0.child: pmgr.0000.launching.0           : pmgr.0000.launching.0.child.idler._pilot_watcher_cb: DEBUG   : bulk states: ['Running']
2018-04-03 21:23:58,224: pmgr.0000.launching.0.child: pmgr.0000.launching.0           : pmgr.0000.launching.0.child.idler._pilot_watcher_cb: DEBUG   : saga job state: pilot.0000 Running
2018-04-03 21:24:08,242: pmgr.0000.launching.0.child: pmgr.0000.launching.0           : pmgr.0000.launching.0.child.idler._pilot_watcher_cb: DEBUG   : bulk states: ['Running']
2018-04-03 21:24:08,242: pmgr.0000.launching.0.child: pmgr.0000.launching.0           : pmgr.0000.launching.0.child.idler._pilot_watcher_cb: DEBUG   : saga job state: pilot.0000 Running
2018-04-03 21:24:18,260: pmgr.0000.launching.0.child: pmgr.0000.launching.0           : pmgr.0000.launching.0.child.idler._pilot_watcher_cb: DEBUG   : bulk states: ['Running']
2018-04-03 21:24:18,260: pmgr.0000.launching.0.child: pmgr.0000.launching.0           : pmgr.0000.launching.0.child.idler._pilot_watcher_cb: DEBUG   : saga job state: pilot.0000 Running
2018-04-03 21:24:28,277: pmgr.0000.launching.0.child: pmgr.0000.launching.0           : pmgr.0000.launching.0.child.idler._pilot_watcher_cb: DEBUG   : bulk states: ['Running']
2018-04-03 21:24:28,277: pmgr.0000.launching.0.child: pmgr.0000.launching.0           : pmgr.0000.launching.0.child.idler._pilot_watcher_cb: DEBUG   : saga job state: pilot.0000 Running
2018-04-03 21:24:38,295: pmgr.0000.launching.0.child: pmgr.0000.launching.0           : pmgr.0000.launching.0.child.idler._pilot_watcher_cb: DEBUG   : bulk states: ['Running']
2018-04-03 21:24:38,295: pmgr.0000.launching.0.child: pmgr.0000.launching.0           : pmgr.0000.launching.0.child.idler._pilot_watcher_cb: DEBUG   : saga job state: pilot.0000 Running
2018-04-03 21:24:48,313: pmgr.0000.launching.0.child: pmgr.0000.launching.0           : pmgr.0000.launching.0.child.idler._pilot_watcher_cb: DEBUG   : bulk states: ['Running']
2018-04-03 21:24:48,313: pmgr.0000.launching.0.child: pmgr.0000.launching.0           : pmgr.0000.launching.0.child.idler._pilot_watcher_cb: DEBUG   : saga job state: pilot.0000 Running
2018-04-03 21:24:58,330: pmgr.0000.launching.0.child: pmgr.0000.launching.0           : pmgr.0000.launching.0.child.idler._pilot_watcher_cb: DEBUG   : bulk states: ['Running']
2018-04-03 21:24:58,330: pmgr.0000.launching.0.child: pmgr.0000.launching.0           : pmgr.0000.launching.0.child.idler._pilot_watcher_cb: DEBUG   : saga job state: pilot.0000 Running
2018-04-03 21:25:08,348: pmgr.0000.launching.0.child: pmgr.0000.launching.0           : pmgr.0000.launching.0.child.idler._pilot_watcher_cb: DEBUG   : bulk states: ['Running']
2018-04-03 21:25:08,348: pmgr.0000.launching.0.child: pmgr.0000.launching.0           : pmgr.0000.launching.0.child.idler._pilot_watcher_cb: DEBUG   : saga job state: pilot.0000 Running
2018-04-03 21:25:18,364: pmgr.0000.launching.0.child: pmgr.0000.launching.0           : pmgr.0000.launching.0.child.idler._pilot_watcher_cb: DEBUG   : bulk states: ['Running']
2018-04-03 21:25:18,364: pmgr.0000.launching.0.child: pmgr.0000.launching.0           : pmgr.0000.launching.0.child.idler._pilot_watcher_cb: DEBUG   : saga job state: pilot.0000 Running
2018-04-03 21:25:28,381: pmgr.0000.launching.0.child: pmgr.0000.launching.0           : pmgr.0000.launching.0.child.idler._pilot_watcher_cb: DEBUG   : bulk states: ['Running']
2018-04-03 21:25:28,381: pmgr.0000.launching.0.child: pmgr.0000.launching.0           : pmgr.0000.launching.0.child.idler._pilot_watcher_cb: DEBUG   : saga job state: pilot.0000 Running
2018-04-03 21:25:38,399: pmgr.0000.launching.0.child: pmgr.0000.launching.0           : pmgr.0000.launching.0.child.idler._pilot_watcher_cb: DEBUG   : bulk states: ['Running']
2018-04-03 21:25:38,399: pmgr.0000.launching.0.child: pmgr.0000.launching.0           : pmgr.0000.launching.0.child.idler._pilot_watcher_cb: DEBUG   : saga job state: pilot.0000 Running
2018-04-03 21:25:48,416: pmgr.0000.launching.0.child: pmgr.0000.launching.0           : pmgr.0000.launching.0.child.idler._pilot_watcher_cb: DEBUG   : bulk states: ['Running']
2018-04-03 21:25:48,417: pmgr.0000.launching.0.child: pmgr.0000.launching.0           : pmgr.0000.launching.0.child.idler._pilot_watcher_cb: DEBUG   : saga job state: pilot.0000 Running
2018-04-03 21:25:58,434: pmgr.0000.launching.0.child: pmgr.0000.launching.0           : pmgr.0000.launching.0.child.idler._pilot_watcher_cb: DEBUG   : bulk states: ['Running']
2018-04-03 21:25:58,434: pmgr.0000.launching.0.child: pmgr.0000.launching.0           : pmgr.0000.launching.0.child.idler._pilot_watcher_cb: DEBUG   : saga job state: pilot.0000 Running
2018-04-03 21:26:08,452: pmgr.0000.launching.0.child: pmgr.0000.launching.0           : pmgr.0000.launching.0.child.idler._pilot_watcher_cb: DEBUG   : bulk states: ['Running']
2018-04-03 21:26:08,452: pmgr.0000.launching.0.child: pmgr.0000.launching.0           : pmgr.0000.launching.0.child.idler._pilot_watcher_cb: DEBUG   : saga job state: pilot.0000 Running
2018-04-03 21:26:18,469: pmgr.0000.launching.0.child: pmgr.0000.launching.0           : pmgr.0000.launching.0.child.idler._pilot_watcher_cb: DEBUG   : bulk states: ['Running']
2018-04-03 21:26:18,470: pmgr.0000.launching.0.child: pmgr.0000.launching.0           : pmgr.0000.launching.0.child.idler._pilot_watcher_cb: DEBUG   : saga job state: pilot.0000 Running
2018-04-03 21:26:28,488: pmgr.0000.launching.0.child: pmgr.0000.launching.0           : pmgr.0000.launching.0.child.idler._pilot_watcher_cb: DEBUG   : bulk states: ['Running']
2018-04-03 21:26:28,488: pmgr.0000.launching.0.child: pmgr.0000.launching.0           : pmgr.0000.launching.0.child.idler._pilot_watcher_cb: DEBUG   : saga job state: pilot.0000 Running
2018-04-03 21:26:38,505: pmgr.0000.launching.0.child: pmgr.0000.launching.0           : pmgr.0000.launching.0.child.idler._pilot_watcher_cb: DEBUG   : bulk states: ['Running']
2018-04-03 21:26:38,506: pmgr.0000.launching.0.child: pmgr.0000.launching.0           : pmgr.0000.launching.0.child.idler._pilot_watcher_cb: DEBUG   : saga job state: pilot.0000 Running
2018-04-03 21:26:48,522: pmgr.0000.launching.0.child: pmgr.0000.launching.0           : pmgr.0000.launching.0.child.idler._pilot_watcher_cb: DEBUG   : bulk states: ['Running']
2018-04-03 21:26:48,522: pmgr.0000.launching.0.child: pmgr.0000.launching.0           : pmgr.0000.launching.0.child.idler._pilot_watcher_cb: DEBUG   : saga job state: pilot.0000 Running
2018-04-03 21:26:58,540: pmgr.0000.launching.0.child: pmgr.0000.launching.0           : pmgr.0000.launching.0.child.idler._pilot_watcher_cb: DEBUG   : bulk states: ['Running']
2018-04-03 21:26:58,540: pmgr.0000.launching.0.child: pmgr.0000.launching.0           : pmgr.0000.launching.0.child.idler._pilot_watcher_cb: DEBUG   : saga job state: pilot.0000 Running
2018-04-03 21:27:08,557: pmgr.0000.launching.0.child: pmgr.0000.launching.0           : pmgr.0000.launching.0.child.idler._pilot_watcher_cb: DEBUG   : bulk states: ['Running']
2018-04-03 21:27:08,557: pmgr.0000.launching.0.child: pmgr.0000.launching.0           : pmgr.0000.launching.0.child.idler._pilot_watcher_cb: DEBUG   : saga job state: pilot.0000 Running
2018-04-03 21:27:18,575: pmgr.0000.launching.0.child: pmgr.0000.launching.0           : pmgr.0000.launching.0.child.idler._pilot_watcher_cb: DEBUG   : bulk states: ['Running']
2018-04-03 21:27:18,575: pmgr.0000.launching.0.child: pmgr.0000.launching.0           : pmgr.0000.launching.0.child.idler._pilot_watcher_cb: DEBUG   : saga job state: pilot.0000 Running
2018-04-03 21:27:28,592: pmgr.0000.launching.0.child: pmgr.0000.launching.0           : pmgr.0000.launching.0.child.idler._pilot_watcher_cb: DEBUG   : bulk states: ['Running']
2018-04-03 21:27:28,593: pmgr.0000.launching.0.child: pmgr.0000.launching.0           : pmgr.0000.launching.0.child.idler._pilot_watcher_cb: DEBUG   : saga job state: pilot.0000 Running
2018-04-03 21:27:38,609: pmgr.0000.launching.0.child: pmgr.0000.launching.0           : pmgr.0000.launching.0.child.idler._pilot_watcher_cb: DEBUG   : bulk states: ['Running']
2018-04-03 21:27:38,609: pmgr.0000.launching.0.child: pmgr.0000.launching.0           : pmgr.0000.launching.0.child.idler._pilot_watcher_cb: DEBUG   : saga job state: pilot.0000 Running
2018-04-03 21:27:48,627: pmgr.0000.launching.0.child: pmgr.0000.launching.0           : pmgr.0000.launching.0.child.idler._pilot_watcher_cb: DEBUG   : bulk states: ['Running']
2018-04-03 21:27:48,627: pmgr.0000.launching.0.child: pmgr.0000.launching.0           : pmgr.0000.launching.0.child.idler._pilot_watcher_cb: DEBUG   : saga job state: pilot.0000 Running
2018-04-03 21:27:58,644: pmgr.0000.launching.0.child: pmgr.0000.launching.0           : pmgr.0000.launching.0.child.idler._pilot_watcher_cb: DEBUG   : bulk states: ['Running']
2018-04-03 21:27:58,644: pmgr.0000.launching.0.child: pmgr.0000.launching.0           : pmgr.0000.launching.0.child.idler._pilot_watcher_cb: DEBUG   : saga job state: pilot.0000 Running
2018-04-03 21:28:08,662: pmgr.0000.launching.0.child: pmgr.0000.launching.0           : pmgr.0000.launching.0.child.idler._pilot_watcher_cb: DEBUG   : bulk states: ['Running']
2018-04-03 21:28:08,662: pmgr.0000.launching.0.child: pmgr.0000.launching.0           : pmgr.0000.launching.0.child.idler._pilot_watcher_cb: DEBUG   : saga job state: pilot.0000 Running
2018-04-03 21:28:18,679: pmgr.0000.launching.0.child: pmgr.0000.launching.0           : pmgr.0000.launching.0.child.idler._pilot_watcher_cb: DEBUG   : bulk states: ['Running']
2018-04-03 21:28:18,680: pmgr.0000.launching.0.child: pmgr.0000.launching.0           : pmgr.0000.launching.0.child.idler._pilot_watcher_cb: DEBUG   : saga job state: pilot.0000 Running
2018-04-03 21:28:28,697: pmgr.0000.launching.0.child: pmgr.0000.launching.0           : pmgr.0000.launching.0.child.idler._pilot_watcher_cb: DEBUG   : bulk states: ['Running']
2018-04-03 21:28:28,697: pmgr.0000.launching.0.child: pmgr.0000.launching.0           : pmgr.0000.launching.0.child.idler._pilot_watcher_cb: DEBUG   : saga job state: pilot.0000 Running
2018-04-03 21:28:38,715: pmgr.0000.launching.0.child: pmgr.0000.launching.0           : pmgr.0000.launching.0.child.idler._pilot_watcher_cb: DEBUG   : bulk states: ['Running']
2018-04-03 21:28:38,715: pmgr.0000.launching.0.child: pmgr.0000.launching.0           : pmgr.0000.launching.0.child.idler._pilot_watcher_cb: DEBUG   : saga job state: pilot.0000 Running
2018-04-03 21:28:48,732: pmgr.0000.launching.0.child: pmgr.0000.launching.0           : pmgr.0000.launching.0.child.idler._pilot_watcher_cb: DEBUG   : bulk states: ['Running']
2018-04-03 21:28:48,732: pmgr.0000.launching.0.child: pmgr.0000.launching.0           : pmgr.0000.launching.0.child.idler._pilot_watcher_cb: DEBUG   : saga job state: pilot.0000 Running
2018-04-03 21:28:58,749: pmgr.0000.launching.0.child: pmgr.0000.launching.0           : pmgr.0000.launching.0.child.idler._pilot_watcher_cb: DEBUG   : bulk states: ['Running']
2018-04-03 21:28:58,750: pmgr.0000.launching.0.child: pmgr.0000.launching.0           : pmgr.0000.launching.0.child.idler._pilot_watcher_cb: DEBUG   : saga job state: pilot.0000 Running
2018-04-03 21:29:08,767: pmgr.0000.launching.0.child: pmgr.0000.launching.0           : pmgr.0000.launching.0.child.idler._pilot_watcher_cb: DEBUG   : bulk states: ['Running']
2018-04-03 21:29:08,767: pmgr.0000.launching.0.child: pmgr.0000.launching.0           : pmgr.0000.launching.0.child.idler._pilot_watcher_cb: DEBUG   : saga job state: pilot.0000 Running
2018-04-03 21:29:18,785: pmgr.0000.launching.0.child: pmgr.0000.launching.0           : pmgr.0000.launching.0.child.idler._pilot_watcher_cb: DEBUG   : bulk states: ['Running']
2018-04-03 21:29:18,785: pmgr.0000.launching.0.child: pmgr.0000.launching.0           : pmgr.0000.launching.0.child.idler._pilot_watcher_cb: DEBUG   : saga job state: pilot.0000 Running
2018-04-03 21:29:28,802: pmgr.0000.launching.0.child: pmgr.0000.launching.0           : pmgr.0000.launching.0.child.idler._pilot_watcher_cb: DEBUG   : bulk states: ['Running']
2018-04-03 21:29:28,803: pmgr.0000.launching.0.child: pmgr.0000.launching.0           : pmgr.0000.launching.0.child.idler._pilot_watcher_cb: DEBUG   : saga job state: pilot.0000 Running
2018-04-03 21:29:38,820: pmgr.0000.launching.0.child: pmgr.0000.launching.0           : pmgr.0000.launching.0.child.idler._pilot_watcher_cb: DEBUG   : bulk states: ['Running']
2018-04-03 21:29:38,820: pmgr.0000.launching.0.child: pmgr.0000.launching.0           : pmgr.0000.launching.0.child.idler._pilot_watcher_cb: DEBUG   : saga job state: pilot.0000 Running
2018-04-03 21:29:48,837: pmgr.0000.launching.0.child: pmgr.0000.launching.0           : pmgr.0000.launching.0.child.idler._pilot_watcher_cb: DEBUG   : bulk states: ['Running']
2018-04-03 21:29:48,838: pmgr.0000.launching.0.child: pmgr.0000.launching.0           : pmgr.0000.launching.0.child.idler._pilot_watcher_cb: DEBUG   : saga job state: pilot.0000 Running
2018-04-03 21:29:58,855: pmgr.0000.launching.0.child: pmgr.0000.launching.0           : pmgr.0000.launching.0.child.idler._pilot_watcher_cb: DEBUG   : bulk states: ['Running']
2018-04-03 21:29:58,855: pmgr.0000.launching.0.child: pmgr.0000.launching.0           : pmgr.0000.launching.0.child.idler._pilot_watcher_cb: DEBUG   : saga job state: pilot.0000 Running
2018-04-03 21:30:08,872: pmgr.0000.launching.0.child: pmgr.0000.launching.0           : pmgr.0000.launching.0.child.idler._pilot_watcher_cb: DEBUG   : bulk states: ['Running']
2018-04-03 21:30:08,873: pmgr.0000.launching.0.child: pmgr.0000.launching.0           : pmgr.0000.launching.0.child.idler._pilot_watcher_cb: DEBUG   : saga job state: pilot.0000 Running
2018-04-03 21:30:18,890: pmgr.0000.launching.0.child: pmgr.0000.launching.0           : pmgr.0000.launching.0.child.idler._pilot_watcher_cb: DEBUG   : bulk states: ['Running']
2018-04-03 21:30:18,890: pmgr.0000.launching.0.child: pmgr.0000.launching.0           : pmgr.0000.launching.0.child.idler._pilot_watcher_cb: DEBUG   : saga job state: pilot.0000 Running
2018-04-03 21:30:28,907: pmgr.0000.launching.0.child: pmgr.0000.launching.0           : pmgr.0000.launching.0.child.idler._pilot_watcher_cb: DEBUG   : bulk states: ['Running']
2018-04-03 21:30:28,907: pmgr.0000.launching.0.child: pmgr.0000.launching.0           : pmgr.0000.launching.0.child.idler._pilot_watcher_cb: DEBUG   : saga job state: pilot.0000 Running
2018-04-03 21:30:38,925: pmgr.0000.launching.0.child: pmgr.0000.launching.0           : pmgr.0000.launching.0.child.idler._pilot_watcher_cb: DEBUG   : bulk states: ['Running']
2018-04-03 21:30:38,925: pmgr.0000.launching.0.child: pmgr.0000.launching.0           : pmgr.0000.launching.0.child.idler._pilot_watcher_cb: DEBUG   : saga job state: pilot.0000 Running
2018-04-03 21:30:48,942: pmgr.0000.launching.0.child: pmgr.0000.launching.0           : pmgr.0000.launching.0.child.idler._pilot_watcher_cb: DEBUG   : bulk states: ['Running']
2018-04-03 21:30:48,943: pmgr.0000.launching.0.child: pmgr.0000.launching.0           : pmgr.0000.launching.0.child.idler._pilot_watcher_cb: DEBUG   : saga job state: pilot.0000 Running
2018-04-03 21:30:58,960: pmgr.0000.launching.0.child: pmgr.0000.launching.0           : pmgr.0000.launching.0.child.idler._pilot_watcher_cb: DEBUG   : bulk states: ['Running']
2018-04-03 21:30:58,960: pmgr.0000.launching.0.child: pmgr.0000.launching.0           : pmgr.0000.launching.0.child.idler._pilot_watcher_cb: DEBUG   : saga job state: pilot.0000 Running
2018-04-03 21:31:08,978: pmgr.0000.launching.0.child: pmgr.0000.launching.0           : pmgr.0000.launching.0.child.idler._pilot_watcher_cb: DEBUG   : bulk states: ['Running']
2018-04-03 21:31:08,978: pmgr.0000.launching.0.child: pmgr.0000.launching.0           : pmgr.0000.launching.0.child.idler._pilot_watcher_cb: DEBUG   : saga job state: pilot.0000 Running
2018-04-03 21:31:18,995: pmgr.0000.launching.0.child: pmgr.0000.launching.0           : pmgr.0000.launching.0.child.idler._pilot_watcher_cb: DEBUG   : bulk states: ['Running']
2018-04-03 21:31:18,995: pmgr.0000.launching.0.child: pmgr.0000.launching.0           : pmgr.0000.launching.0.child.idler._pilot_watcher_cb: DEBUG   : saga job state: pilot.0000 Running
2018-04-03 21:31:29,013: pmgr.0000.launching.0.child: pmgr.0000.launching.0           : pmgr.0000.launching.0.child.idler._pilot_watcher_cb: DEBUG   : bulk states: ['Running']
2018-04-03 21:31:29,013: pmgr.0000.launching.0.child: pmgr.0000.launching.0           : pmgr.0000.launching.0.child.idler._pilot_watcher_cb: DEBUG   : saga job state: pilot.0000 Running
2018-04-03 21:31:39,031: pmgr.0000.launching.0.child: pmgr.0000.launching.0           : pmgr.0000.launching.0.child.idler._pilot_watcher_cb: DEBUG   : bulk states: ['Running']
2018-04-03 21:31:39,031: pmgr.0000.launching.0.child: pmgr.0000.launching.0           : pmgr.0000.launching.0.child.idler._pilot_watcher_cb: DEBUG   : saga job state: pilot.0000 Running
2018-04-03 21:31:49,049: pmgr.0000.launching.0.child: pmgr.0000.launching.0           : pmgr.0000.launching.0.child.idler._pilot_watcher_cb: DEBUG   : bulk states: ['Running']
2018-04-03 21:31:49,049: pmgr.0000.launching.0.child: pmgr.0000.launching.0           : pmgr.0000.launching.0.child.idler._pilot_watcher_cb: DEBUG   : saga job state: pilot.0000 Running
2018-04-03 21:31:59,065: pmgr.0000.launching.0.child: pmgr.0000.launching.0           : pmgr.0000.launching.0.child.idler._pilot_watcher_cb: DEBUG   : bulk states: ['Running']
2018-04-03 21:31:59,065: pmgr.0000.launching.0.child: pmgr.0000.launching.0           : pmgr.0000.launching.0.child.idler._pilot_watcher_cb: DEBUG   : saga job state: pilot.0000 Running
2018-04-03 21:32:09,083: pmgr.0000.launching.0.child: pmgr.0000.launching.0           : pmgr.0000.launching.0.child.idler._pilot_watcher_cb: DEBUG   : bulk states: ['Running']
2018-04-03 21:32:09,083: pmgr.0000.launching.0.child: pmgr.0000.launching.0           : pmgr.0000.launching.0.child.idler._pilot_watcher_cb: DEBUG   : saga job state: pilot.0000 Running
2018-04-03 21:32:19,101: pmgr.0000.launching.0.child: pmgr.0000.launching.0           : pmgr.0000.launching.0.child.idler._pilot_watcher_cb: DEBUG   : bulk states: ['Running']
2018-04-03 21:32:19,101: pmgr.0000.launching.0.child: pmgr.0000.launching.0           : pmgr.0000.launching.0.child.idler._pilot_watcher_cb: DEBUG   : saga job state: pilot.0000 Running
2018-04-03 21:32:29,118: pmgr.0000.launching.0.child: pmgr.0000.launching.0           : pmgr.0000.launching.0.child.idler._pilot_watcher_cb: DEBUG   : bulk states: ['Running']
2018-04-03 21:32:29,119: pmgr.0000.launching.0.child: pmgr.0000.launching.0           : pmgr.0000.launching.0.child.idler._pilot_watcher_cb: DEBUG   : saga job state: pilot.0000 Running
2018-04-03 21:32:39,136: pmgr.0000.launching.0.child: pmgr.0000.launching.0           : pmgr.0000.launching.0.child.idler._pilot_watcher_cb: DEBUG   : bulk states: ['Running']
2018-04-03 21:32:39,136: pmgr.0000.launching.0.child: pmgr.0000.launching.0           : pmgr.0000.launching.0.child.idler._pilot_watcher_cb: DEBUG   : saga job state: pilot.0000 Running
2018-04-03 21:32:49,154: pmgr.0000.launching.0.child: pmgr.0000.launching.0           : pmgr.0000.launching.0.child.idler._pilot_watcher_cb: DEBUG   : bulk states: ['Running']
2018-04-03 21:32:49,154: pmgr.0000.launching.0.child: pmgr.0000.launching.0           : pmgr.0000.launching.0.child.idler._pilot_watcher_cb: DEBUG   : saga job state: pilot.0000 Running
2018-04-03 21:32:59,171: pmgr.0000.launching.0.child: pmgr.0000.launching.0           : pmgr.0000.launching.0.child.idler._pilot_watcher_cb: DEBUG   : bulk states: ['Running']
2018-04-03 21:32:59,171: pmgr.0000.launching.0.child: pmgr.0000.launching.0           : pmgr.0000.launching.0.child.idler._pilot_watcher_cb: DEBUG   : saga job state: pilot.0000 Running
2018-04-03 21:33:09,189: pmgr.0000.launching.0.child: pmgr.0000.launching.0           : pmgr.0000.launching.0.child.idler._pilot_watcher_cb: DEBUG   : bulk states: ['Running']
2018-04-03 21:33:09,189: pmgr.0000.launching.0.child: pmgr.0000.launching.0           : pmgr.0000.launching.0.child.idler._pilot_watcher_cb: DEBUG   : saga job state: pilot.0000 Running
2018-04-03 21:33:19,206: pmgr.0000.launching.0.child: pmgr.0000.launching.0           : pmgr.0000.launching.0.child.idler._pilot_watcher_cb: DEBUG   : bulk states: ['Running']
2018-04-03 21:33:19,206: pmgr.0000.launching.0.child: pmgr.0000.launching.0           : pmgr.0000.launching.0.child.idler._pilot_watcher_cb: DEBUG   : saga job state: pilot.0000 Running
2018-04-03 21:33:29,224: pmgr.0000.launching.0.child: pmgr.0000.launching.0           : pmgr.0000.launching.0.child.idler._pilot_watcher_cb: DEBUG   : bulk states: ['Running']
2018-04-03 21:33:29,225: pmgr.0000.launching.0.child: pmgr.0000.launching.0           : pmgr.0000.launching.0.child.idler._pilot_watcher_cb: DEBUG   : saga job state: pilot.0000 Running
2018-04-03 21:33:39,242: pmgr.0000.launching.0.child: pmgr.0000.launching.0           : pmgr.0000.launching.0.child.idler._pilot_watcher_cb: DEBUG   : bulk states: ['Running']
2018-04-03 21:33:39,242: pmgr.0000.launching.0.child: pmgr.0000.launching.0           : pmgr.0000.launching.0.child.idler._pilot_watcher_cb: DEBUG   : saga job state: pilot.0000 Running
2018-04-03 21:33:49,260: pmgr.0000.launching.0.child: pmgr.0000.launching.0           : pmgr.0000.launching.0.child.idler._pilot_watcher_cb: DEBUG   : bulk states: ['Running']
2018-04-03 21:33:49,260: pmgr.0000.launching.0.child: pmgr.0000.launching.0           : pmgr.0000.launching.0.child.idler._pilot_watcher_cb: DEBUG   : saga job state: pilot.0000 Running
2018-04-03 21:33:59,277: pmgr.0000.launching.0.child: pmgr.0000.launching.0           : pmgr.0000.launching.0.child.idler._pilot_watcher_cb: DEBUG   : bulk states: ['Running']
2018-04-03 21:33:59,278: pmgr.0000.launching.0.child: pmgr.0000.launching.0           : pmgr.0000.launching.0.child.idler._pilot_watcher_cb: DEBUG   : saga job state: pilot.0000 Running
2018-04-03 21:34:09,295: pmgr.0000.launching.0.child: pmgr.0000.launching.0           : pmgr.0000.launching.0.child.idler._pilot_watcher_cb: DEBUG   : bulk states: ['Running']
2018-04-03 21:34:09,295: pmgr.0000.launching.0.child: pmgr.0000.launching.0           : pmgr.0000.launching.0.child.idler._pilot_watcher_cb: DEBUG   : saga job state: pilot.0000 Running
2018-04-03 21:34:19,313: pmgr.0000.launching.0.child: pmgr.0000.launching.0           : pmgr.0000.launching.0.child.idler._pilot_watcher_cb: DEBUG   : bulk states: ['Running']
2018-04-03 21:34:19,313: pmgr.0000.launching.0.child: pmgr.0000.launching.0           : pmgr.0000.launching.0.child.idler._pilot_watcher_cb: DEBUG   : saga job state: pilot.0000 Running
2018-04-03 21:34:29,330: pmgr.0000.launching.0.child: pmgr.0000.launching.0           : pmgr.0000.launching.0.child.idler._pilot_watcher_cb: DEBUG   : bulk states: ['Running']
2018-04-03 21:34:29,331: pmgr.0000.launching.0.child: pmgr.0000.launching.0           : pmgr.0000.launching.0.child.idler._pilot_watcher_cb: DEBUG   : saga job state: pilot.0000 Running
2018-04-03 21:34:39,348: pmgr.0000.launching.0.child: pmgr.0000.launching.0           : pmgr.0000.launching.0.child.idler._pilot_watcher_cb: DEBUG   : bulk states: ['Running']
2018-04-03 21:34:39,348: pmgr.0000.launching.0.child: pmgr.0000.launching.0           : pmgr.0000.launching.0.child.idler._pilot_watcher_cb: DEBUG   : saga job state: pilot.0000 Running
2018-04-03 21:34:49,366: pmgr.0000.launching.0.child: pmgr.0000.launching.0           : pmgr.0000.launching.0.child.idler._pilot_watcher_cb: DEBUG   : bulk states: ['Running']
2018-04-03 21:34:49,366: pmgr.0000.launching.0.child: pmgr.0000.launching.0           : pmgr.0000.launching.0.child.idler._pilot_watcher_cb: DEBUG   : saga job state: pilot.0000 Running
2018-04-03 21:34:59,384: pmgr.0000.launching.0.child: pmgr.0000.launching.0           : pmgr.0000.launching.0.child.idler._pilot_watcher_cb: DEBUG   : bulk states: ['Running']
2018-04-03 21:34:59,384: pmgr.0000.launching.0.child: pmgr.0000.launching.0           : pmgr.0000.launching.0.child.idler._pilot_watcher_cb: DEBUG   : saga job state: pilot.0000 Running
2018-04-03 21:35:09,401: pmgr.0000.launching.0.child: pmgr.0000.launching.0           : pmgr.0000.launching.0.child.idler._pilot_watcher_cb: DEBUG   : bulk states: ['Running']
2018-04-03 21:35:09,401: pmgr.0000.launching.0.child: pmgr.0000.launching.0           : pmgr.0000.launching.0.child.idler._pilot_watcher_cb: DEBUG   : saga job state: pilot.0000 Running
2018-04-03 21:35:19,418: pmgr.0000.launching.0.child: pmgr.0000.launching.0           : pmgr.0000.launching.0.child.idler._pilot_watcher_cb: DEBUG   : bulk states: ['Running']
2018-04-03 21:35:19,419: pmgr.0000.launching.0.child: pmgr.0000.launching.0           : pmgr.0000.launching.0.child.idler._pilot_watcher_cb: DEBUG   : saga job state: pilot.0000 Running
2018-04-03 21:35:24,411: pmgr.0000.launching.0.child: pmgr.0000.launching.0           : pmgr.0000.launching.0.child.subscriber._cancel_monitor_cb: DEBUG   : command ignored: cancel_pilots
2018-04-03 21:35:24,412: pmgr.0000.launching.0.child: pmgr.0000.launching.0           : pmgr.0000.launching.0.child.subscriber._pmgr_control_cb: DEBUG   : launcher got {'cmd': 'cancel_pilots', 'arg': {'uids': ['pilot.0000'], 'pmgr': 'pmgr.0000'}}
2018-04-03 21:35:24,412: pmgr.0000.launching.0.child: pmgr.0000.launching.0           : pmgr.0000.launching.0.child.subscriber._pmgr_control_cb: INFO    : received pilot_cancel command (['pilot.0000'])
2018-04-03 21:35:24,415: pmgr.0000.launching.0.child: pmgr.0000.launching.0           : pmgr.0000.launching.0.child.watch: INFO    : recv message: STOP
2018-04-03 21:35:24,415: pmgr.0000.launching.0.child: pmgr.0000.launching.0           : pmgr.0000.launching.0.child.watch: INFO    : message received: STOP
2018-04-03 21:35:24,415: pmgr.0000.launching.0.child: pmgr.0000.launching.0           : pmgr.0000.launching.0.child.watch: INFO    : STOP received: STOP
2018-04-03 21:35:24,415: pmgr.0000.launching.0.child: pmgr.0000.launching.0           : pmgr.0000.launching.0.child.watch: INFO    : watcher closes
2018-04-03 21:35:24,415: pmgr.0000.launching.0.child: pmgr.0000.launching.0           : pmgr.0000.launching.0.child.watch: INFO    : put message: [pmgr.0000.launching.0.child.watch.thread] work finished
2018-04-03 21:35:24,415: pmgr.0000.launching.0.child: pmgr.0000.launching.0           : pmgr.0000.launching.0.child.watch: DEBUG   : ru_finalize_child (NOOP)
2018-04-03 21:35:24,415: pmgr.0000.launching.0.child: pmgr.0000.launching.0           : pmgr.0000.launching.0.child.watch: DEBUG   : ru_finalize_common (NOOP)
2018-04-03 21:35:24,415: pmgr.0000.launching.0.child: pmgr.0000.launching.0           : pmgr.0000.launching.0.child.watch: INFO    : put message: [pmgr.0000.launching.0.child.watch.thread] terminating
2018-04-03 21:35:24,941: pmgr.0000.launching.0.child: pmgr.0000.launching.0           : MainThread     : WARNING : alive check: proc invalid - stop [False - True]
2018-04-03 21:35:24,976: pmgr.0000.launching.0.child: pmgr.0000.launching.0           : MainThread     : INFO    : stop pmgr.0000.launching.0.child (9901 : 9901 : MainThread) [radical.utils.process.Default.is_valid]
2018-04-03 21:35:24,976: pmgr.0000.launching.0.child: pmgr.0000.launching.0           : MainThread     : INFO    : parent stops child  9901 -> 9901 [pmgr.0000.launching.0.child]
2018-04-03 21:35:24,976: pmgr.0000.launching.0.child: pmgr.0000.launching.0           : MainThread     : INFO    : send message: [pmgr.0000.launching.0.child] STOP
2018-04-03 21:35:24,976: pmgr.0000.launching.0.child: pmgr.0000.launching.0           : MainThread     : WARNING : send failed ([Errno 9] Bad file descriptor) - terminate
2018-04-03 21:35:24,976: pmgr.0000.launching.0.child: pmgr.0000.launching.0           : MainThread     : DEBUG   : TERM : pmgr.0000.launching.0.child unregister idler pmgr.0000.launching.0.child.idler._pilot_watcher_cb
2018-04-03 21:35:24,977: pmgr.0000.launching.0.child: pmgr.0000.launching.0           : pmgr.0000.launching.0.child.subscriber._pmgr_control_cb: DEBUG   : pilot(s).need(s) cancellation ['pilot.0000']
2018-04-03 21:35:24,977: pmgr.0000.launching.0.child: pmgr.0000.launching.0           : pmgr.0000.launching.0.child.subscriber._pmgr_control_cb: DEBUG   : update cancel req: pilot.0000 1522784124.98
2018-04-03 21:35:24,977: pmgr.0000.launching.0.child: pmgr.0000.launching.0           : MainThread     : INFO    : parent stops child
2018-04-03 21:35:24,977: pmgr.0000.launching.0.child: pmgr.0000.launching.0           : MainThread     : DEBUG   : ru_finalize_parent (NOOP)
2018-04-03 21:35:24,977: pmgr.0000.launching.0.child: pmgr.0000.launching.0           : MainThread     : DEBUG   : ru_finalize_common (NOOP)
2018-04-03 21:35:25,027: pmgr.0000.launching.0.child: pmgr.0000.launching.0           : pmgr.0000.launching.0.child.idler._pilot_watcher_cb: DEBUG   : ru_finalize_child (NOOP)
2018-04-03 21:35:25,027: pmgr.0000.launching.0.child: pmgr.0000.launching.0           : pmgr.0000.launching.0.child.idler._pilot_watcher_cb: DEBUG   : ru_finalize_common (NOOP)
2018-04-03 21:35:25,028: pmgr.0000.launching.0.child: pmgr.0000.launching.0           : pmgr.0000.launching.0.child.idler._pilot_watcher_cb: INFO    : put message: [pmgr.0000.launching.0.child.idler._pilot_watcher_cb.thread] terminating
2018-04-03 21:35:25,041: pmgr.0000.launching.0.child: pmgr.0000.launching.0           : MainThread     : DEBUG   : TERM : pmgr.0000.launching.0.child unregistered idler pmgr.0000.launching.0.child.idler._pilot_watcher_cb
2018-04-03 21:35:25,041: pmgr.0000.launching.0.child: pmgr.0000.launching.0           : MainThread     : DEBUG   : TERM : pmgr.0000.launching.0.child unregister subscriber pmgr.0000.launching.0.child.subscriber._pmgr_control_cb
2018-04-03 21:35:25,041: pmgr.0000.launching.0.child: pmgr.0000.launching.0           : MainThread     : DEBUG   : unregistered subscriber pmgr.0000.launching.0.child.subscriber._pmgr_control_cb
2018-04-03 21:35:25,144: pmgr.0000.launching.0.child: pmgr.0000.launching.0           : MainThread     : DEBUG   : pilot(s).need(s) cancellation ['pilot.0000']
2018-04-03 21:35:25,144: pmgr.0000.launching.0.child: pmgr.0000.launching.0           : MainThread     : DEBUG   : update cancel req: pilot.0000 1522784125.14
2018-04-03 21:35:25,144: pmgr.0000.launching.0.child: pmgr.0000.launching.0           : MainThread     : DEBUG   : killing pilots: ['pilot.0000']
2018-04-03 21:35:25,144: pmgr.0000.launching.0.child: pmgr.0000.launching.0           : MainThread     : DEBUG   : killing pilots: [1522784125.144405]
2018-04-03 21:35:25,144: pmgr.0000.launching.0.child: pmgr.0000.launching.0           : MainThread     : DEBUG   : killing pilots: last cancel: 1522784125.14
2018-04-03 21:35:25,144: pmgr.0000.launching.0.child: pmgr.0000.launching.0           : MainThread     : DEBUG   : killing pilots: check 1522784125.14 < 1522784125.14 + 120
2018-04-03 21:35:25,145: pmgr.0000.launching.0.child: pmgr.0000.launching.0           : MainThread     : DEBUG   : killing pilots: alive pilot.0000
2018-04-03 21:35:26,146: pmgr.0000.launching.0.child: pmgr.0000.launching.0           : MainThread     : DEBUG   : killing pilots: check 1522784126.15 < 1522784125.14 + 120
2018-04-03 21:35:26,146: pmgr.0000.launching.0.child: pmgr.0000.launching.0           : MainThread     : DEBUG   : killing pilots: alive pilot.0000
