2018-04-03 20:17:33,389: control.pubsub.pub.0000: update.0                        : MainThread     : INFO    : python.interpreter   version: 2.7.14 (default, Sep 23 2017, 22:06:14) [GCC 7.2.0]
2018-04-03 20:17:33,389: control.pubsub.pub.0000: update.0                        : MainThread     : INFO    :                      pid: 31710
2018-04-03 20:17:33,389: control.pubsub.pub.0000: update.0                        : MainThread     : INFO    :                      tid: MainThread
2018-04-03 20:17:33,389: control.pubsub.pub.0000: update.0                        : MainThread     : INFO    : radical.pilot        version: 0.47-0.47-14-gb1dff8bd@devel
2018-04-03 20:17:33,389: control.pubsub.pub.0000: update.0                        : MainThread     : INFO    : create control_pubsub - pub - tcp://144.76.72.175:38689
2018-04-03 20:17:33,390: control.pubsub.pub.0000: update.0                        : MainThread     : DEBUG   : start process
2018-04-03 20:17:33,390: control.pubsub.pub.0000: update.0                        : MainThread     : DEBUG   : ru_initialize_common (NOOP)
2018-04-03 20:17:33,390: control.pubsub.pub.0000: update.0                        : MainThread     : DEBUG   : ru_initialize_parent (NOOP)
2018-04-03 20:17:33,390: control.pubsub.pub.0000: update.0                        : MainThread     : DEBUG   : process class started (no child)
2018-04-03 20:17:33,948: control.pubsub.pub.0000: MainProcess                     : MainThread     : INFO    : python.interpreter   version: 2.7.14 (default, Sep 23 2017, 22:06:14) [GCC 7.2.0]
2018-04-03 20:17:33,949: control.pubsub.pub.0000: MainProcess                     : MainThread     : INFO    :                      pid: 31675
2018-04-03 20:17:33,949: control.pubsub.pub.0000: MainProcess                     : MainThread     : INFO    :                      tid: MainThread
2018-04-03 20:17:33,949: control.pubsub.pub.0000: MainProcess                     : MainThread     : INFO    : radical.pilot        version: 0.47-0.47-14-gb1dff8bd@devel
2018-04-03 20:17:33,949: control.pubsub.pub.0000: MainProcess                     : MainThread     : INFO    : create control_pubsub - pub - tcp://144.76.72.175:38689
2018-04-03 20:17:33,949: control.pubsub.pub.0000: MainProcess                     : MainThread     : DEBUG   : start process
2018-04-03 20:17:33,949: control.pubsub.pub.0000: MainProcess                     : MainThread     : DEBUG   : ru_initialize_common (NOOP)
2018-04-03 20:17:33,949: control.pubsub.pub.0000: MainProcess                     : MainThread     : DEBUG   : ru_initialize_parent (NOOP)
2018-04-03 20:17:33,949: control.pubsub.pub.0000: MainProcess                     : MainThread     : DEBUG   : process class started (no child)
2018-04-03 20:31:22,214: control.pubsub.pub.0000: MainProcess                     : MainThread     : INFO    : parent stops child  31675 -> None [control.pubsub.pub.0000]
2018-04-03 20:31:22,214: control.pubsub.pub.0000: MainProcess                     : MainThread     : DEBUG   : ru_finalize_parent (NOOP)
2018-04-03 20:31:22,421: control.pubsub.pub.0000: update.0                        : MainThread     : INFO    : parent stops child  31710 -> None [control.pubsub.pub.0000]
2018-04-03 20:31:22,421: control.pubsub.pub.0000: update.0                        : MainThread     : DEBUG   : ru_finalize_parent (NOOP)
