2018-04-03 20:17:29,915: rp.session.one.george.017624.0004: MainProcess                     : MainThread     : INFO    : python.interpreter   version: 2.7.14 (default, Sep 23 2017, 22:06:14) [GCC 7.2.0]
2018-04-03 20:17:29,915: rp.session.one.george.017624.0004: MainProcess                     : MainThread     : INFO    :                      pid: 31675
2018-04-03 20:17:29,915: rp.session.one.george.017624.0004: MainProcess                     : MainThread     : INFO    :                      tid: MainThread
2018-04-03 20:17:29,915: rp.session.one.george.017624.0004: MainProcess                     : MainThread     : INFO    : radical.pilot        version: 0.47-0.47-14-gb1dff8bd@devel
2018-04-03 20:17:29,959: rp.session.one.george.017624.0004: MainProcess                     : MainThread     : INFO    : using database mongodb://rp:rp@ds015335.mlab.com:15335/rp
2018-04-03 20:17:29,986: rp.session.one.george.017624.0004: MainProcess                     : MainThread     : INFO    : Load resource configurations from /home/george/ve-matteo/local/lib/python2.7/site-packages/radical/pilot/configs/resource_stfc.json
2018-04-03 20:17:29,989: rp.session.one.george.017624.0004: MainProcess                     : MainThread     : INFO    : Load resource configurations for stfc.joule_runjob
2018-04-03 20:17:29,989: rp.session.one.george.017624.0004: MainProcess                     : MainThread     : INFO    : Load resource configurations from /home/george/ve-matteo/local/lib/python2.7/site-packages/radical/pilot/configs/resource_rice.json
2018-04-03 20:17:29,993: rp.session.one.george.017624.0004: MainProcess                     : MainThread     : INFO    : Load resource configurations for rice.davinci_ssh
2018-04-03 20:17:29,993: rp.session.one.george.017624.0004: MainProcess                     : MainThread     : INFO    : Load resource configurations for rice.biou_ssh
2018-04-03 20:17:29,994: rp.session.one.george.017624.0004: MainProcess                     : MainThread     : INFO    : Load resource configurations from /home/george/ve-matteo/local/lib/python2.7/site-packages/radical/pilot/configs/resource_xsede.json
2018-04-03 20:17:30,023: rp.session.one.george.017624.0004: MainProcess                     : MainThread     : INFO    : Load resource configurations for xsede.gordon_ssh
2018-04-03 20:17:30,023: rp.session.one.george.017624.0004: MainProcess                     : MainThread     : INFO    : Load resource configurations for xsede.lonestar_ssh
2018-04-03 20:17:30,023: rp.session.one.george.017624.0004: MainProcess                     : MainThread     : INFO    : Load resource configurations for xsede.supermic_spark
2018-04-03 20:17:30,024: rp.session.one.george.017624.0004: MainProcess                     : MainThread     : INFO    : Load resource configurations for xsede.wrangler_yarn
2018-04-03 20:17:30,024: rp.session.one.george.017624.0004: MainProcess                     : MainThread     : INFO    : Load resource configurations for xsede.blacklight_ssh
2018-04-03 20:17:30,024: rp.session.one.george.017624.0004: MainProcess                     : MainThread     : INFO    : Load resource configurations for xsede.stampede_ortelib
2018-04-03 20:17:30,025: rp.session.one.george.017624.0004: MainProcess                     : MainThread     : INFO    : Load resource configurations for xsede.stampede_yarn
2018-04-03 20:17:30,025: rp.session.one.george.017624.0004: MainProcess                     : MainThread     : INFO    : Load resource configurations for xsede.stampede_ssh
2018-04-03 20:17:30,025: rp.session.one.george.017624.0004: MainProcess                     : MainThread     : INFO    : Load resource configurations for xsede.greenfield
2018-04-03 20:17:30,025: rp.session.one.george.017624.0004: MainProcess                     : MainThread     : INFO    : Load resource configurations for xsede.bridges
2018-04-03 20:17:30,026: rp.session.one.george.017624.0004: MainProcess                     : MainThread     : INFO    : Load resource configurations for xsede.trestles_ssh
2018-04-03 20:17:30,026: rp.session.one.george.017624.0004: MainProcess                     : MainThread     : INFO    : Load resource configurations for xsede.supermic_ortelib
2018-04-03 20:17:30,026: rp.session.one.george.017624.0004: MainProcess                     : MainThread     : INFO    : Load resource configurations for xsede.stampede2_ssh
2018-04-03 20:17:30,027: rp.session.one.george.017624.0004: MainProcess                     : MainThread     : INFO    : Load resource configurations for xsede.supermic_ssh
2018-04-03 20:17:30,027: rp.session.one.george.017624.0004: MainProcess                     : MainThread     : INFO    : Load resource configurations for xsede.wrangler_ssh
2018-04-03 20:17:30,027: rp.session.one.george.017624.0004: MainProcess                     : MainThread     : INFO    : Load resource configurations for xsede.supermic_orte
2018-04-03 20:17:30,027: rp.session.one.george.017624.0004: MainProcess                     : MainThread     : INFO    : Load resource configurations for xsede.wrangler_spark
2018-04-03 20:17:30,028: rp.session.one.george.017624.0004: MainProcess                     : MainThread     : INFO    : Load resource configurations for xsede.stampede_orte
2018-04-03 20:17:30,028: rp.session.one.george.017624.0004: MainProcess                     : MainThread     : INFO    : Load resource configurations for xsede.comet_ortelib
2018-04-03 20:17:30,028: rp.session.one.george.017624.0004: MainProcess                     : MainThread     : INFO    : Load resource configurations for xsede.comet_orte
2018-04-03 20:17:30,029: rp.session.one.george.017624.0004: MainProcess                     : MainThread     : INFO    : Load resource configurations for xsede.comet_spark
2018-04-03 20:17:30,029: rp.session.one.george.017624.0004: MainProcess                     : MainThread     : INFO    : Load resource configurations for xsede.comet_ssh
2018-04-03 20:17:30,029: rp.session.one.george.017624.0004: MainProcess                     : MainThread     : INFO    : Load resource configurations for xsede.stampede_spark
2018-04-03 20:17:30,029: rp.session.one.george.017624.0004: MainProcess                     : MainThread     : INFO    : Load resource configurations from /home/george/ve-matteo/local/lib/python2.7/site-packages/radical/pilot/configs/resource_epsrc.json
2018-04-03 20:17:30,032: rp.session.one.george.017624.0004: MainProcess                     : MainThread     : INFO    : Load resource configurations for epsrc.archer_orte
2018-04-03 20:17:30,032: rp.session.one.george.017624.0004: MainProcess                     : MainThread     : INFO    : Load resource configurations for epsrc.archer_aprun
2018-04-03 20:17:30,033: rp.session.one.george.017624.0004: MainProcess                     : MainThread     : INFO    : Load resource configurations from /home/george/ve-matteo/local/lib/python2.7/site-packages/radical/pilot/configs/resource_lrz.json
2018-04-03 20:17:30,034: rp.session.one.george.017624.0004: MainProcess                     : MainThread     : INFO    : Load resource configurations for lrz.supermuc_ssh
2018-04-03 20:17:30,034: rp.session.one.george.017624.0004: MainProcess                     : MainThread     : INFO    : Load resource configurations from /home/george/ve-matteo/local/lib/python2.7/site-packages/radical/pilot/configs/resource_das4.json
2018-04-03 20:17:30,035: rp.session.one.george.017624.0004: MainProcess                     : MainThread     : INFO    : Load resource configurations for das4.fs2_ssh
2018-04-03 20:17:30,036: rp.session.one.george.017624.0004: MainProcess                     : MainThread     : INFO    : Load resource configurations from /home/george/ve-matteo/local/lib/python2.7/site-packages/radical/pilot/configs/resource_radical.json
2018-04-03 20:17:30,039: rp.session.one.george.017624.0004: MainProcess                     : MainThread     : INFO    : Load resource configurations for radical.two
2018-04-03 20:17:30,039: rp.session.one.george.017624.0004: MainProcess                     : MainThread     : INFO    : Load resource configurations for radical.tutorial
2018-04-03 20:17:30,039: rp.session.one.george.017624.0004: MainProcess                     : MainThread     : INFO    : Load resource configurations for radical.one
2018-04-03 20:17:30,040: rp.session.one.george.017624.0004: MainProcess                     : MainThread     : INFO    : Load resource configurations from /home/george/ve-matteo/local/lib/python2.7/site-packages/radical/pilot/configs/resource_osg.json
2018-04-03 20:17:30,042: rp.session.one.george.017624.0004: MainProcess                     : MainThread     : INFO    : Load resource configurations for osg.xsede-virt-clust
2018-04-03 20:17:30,042: rp.session.one.george.017624.0004: MainProcess                     : MainThread     : INFO    : Load resource configurations for osg.connect
2018-04-03 20:17:30,043: rp.session.one.george.017624.0004: MainProcess                     : MainThread     : INFO    : Load resource configurations from /home/george/ve-matteo/local/lib/python2.7/site-packages/radical/pilot/configs/resource_yale.json
2018-04-03 20:17:30,044: rp.session.one.george.017624.0004: MainProcess                     : MainThread     : INFO    : Load resource configurations for yale.grace_ssh
2018-04-03 20:17:30,044: rp.session.one.george.017624.0004: MainProcess                     : MainThread     : INFO    : Load resource configurations from /home/george/ve-matteo/local/lib/python2.7/site-packages/radical/pilot/configs/resource_futuregrid.json
2018-04-03 20:17:30,050: rp.session.one.george.017624.0004: MainProcess                     : MainThread     : INFO    : Load resource configurations for futuregrid.delta_ssh
2018-04-03 20:17:30,050: rp.session.one.george.017624.0004: MainProcess                     : MainThread     : INFO    : Load resource configurations for futuregrid.india_ssh
2018-04-03 20:17:30,050: rp.session.one.george.017624.0004: MainProcess                     : MainThread     : INFO    : Load resource configurations for futuregrid.echo_ssh
2018-04-03 20:17:30,050: rp.session.one.george.017624.0004: MainProcess                     : MainThread     : INFO    : Load resource configurations for futuregrid.xray_ccm
2018-04-03 20:17:30,051: rp.session.one.george.017624.0004: MainProcess                     : MainThread     : INFO    : Load resource configurations for futuregrid.bravo_ssh
2018-04-03 20:17:30,051: rp.session.one.george.017624.0004: MainProcess                     : MainThread     : INFO    : Load resource configurations for futuregrid.xray_aprun
2018-04-03 20:17:30,051: rp.session.one.george.017624.0004: MainProcess                     : MainThread     : INFO    : Load resource configurations from /home/george/ve-matteo/local/lib/python2.7/site-packages/radical/pilot/configs/resource_lumc.json
2018-04-03 20:17:30,053: rp.session.one.george.017624.0004: MainProcess                     : MainThread     : INFO    : Load resource configurations for lumc.gb-ui_ssh
2018-04-03 20:17:30,054: rp.session.one.george.017624.0004: MainProcess                     : MainThread     : INFO    : Load resource configurations for lumc.shark_ssh
2018-04-03 20:17:30,054: rp.session.one.george.017624.0004: MainProcess                     : MainThread     : INFO    : Load resource configurations from /home/george/ve-matteo/local/lib/python2.7/site-packages/radical/pilot/configs/resource_local.json
2018-04-03 20:17:30,061: rp.session.one.george.017624.0004: MainProcess                     : MainThread     : INFO    : Load resource configurations for local.localhost_orte
2018-04-03 20:17:30,061: rp.session.one.george.017624.0004: MainProcess                     : MainThread     : INFO    : Load resource configurations for local.localhost_anaconda
2018-04-03 20:17:30,061: rp.session.one.george.017624.0004: MainProcess                     : MainThread     : INFO    : Load resource configurations for local.localhost_ortelib
2018-04-03 20:17:30,062: rp.session.one.george.017624.0004: MainProcess                     : MainThread     : INFO    : Load resource configurations for local.localhost
2018-04-03 20:17:30,062: rp.session.one.george.017624.0004: MainProcess                     : MainThread     : INFO    : Load resource configurations for local.localhost_spark
2018-04-03 20:17:30,062: rp.session.one.george.017624.0004: MainProcess                     : MainThread     : INFO    : Load resource configurations for local.localhost_spark_anaconda
2018-04-03 20:17:30,062: rp.session.one.george.017624.0004: MainProcess                     : MainThread     : INFO    : Load resource configurations for local.localhost_yarn
2018-04-03 20:17:30,063: rp.session.one.george.017624.0004: MainProcess                     : MainThread     : INFO    : Load resource configurations from /home/george/ve-matteo/local/lib/python2.7/site-packages/radical/pilot/configs/resource_fub.json
2018-04-03 20:17:30,064: rp.session.one.george.017624.0004: MainProcess                     : MainThread     : INFO    : Load resource configurations for fub.allegro_rsh
2018-04-03 20:17:30,064: rp.session.one.george.017624.0004: MainProcess                     : MainThread     : INFO    : Load resource configurations from /home/george/ve-matteo/local/lib/python2.7/site-packages/radical/pilot/configs/resource_iu.json
2018-04-03 20:17:30,066: rp.session.one.george.017624.0004: MainProcess                     : MainThread     : INFO    : Load resource configurations for iu.bigred2_ccm_ssh
2018-04-03 20:17:30,067: rp.session.one.george.017624.0004: MainProcess                     : MainThread     : INFO    : Load resource configurations for iu.bigred2_aprun
2018-04-03 20:17:30,067: rp.session.one.george.017624.0004: MainProcess                     : MainThread     : INFO    : Load resource configurations from /home/george/ve-matteo/local/lib/python2.7/site-packages/radical/pilot/configs/resource_ornl.json
2018-04-03 20:17:30,071: rp.session.one.george.017624.0004: MainProcess                     : MainThread     : INFO    : Load resource configurations for ornl.titan_orte
2018-04-03 20:17:30,071: rp.session.one.george.017624.0004: MainProcess                     : MainThread     : INFO    : Load resource configurations for ornl.titan_aprun
2018-04-03 20:17:30,071: rp.session.one.george.017624.0004: MainProcess                     : MainThread     : INFO    : Load resource configurations for ornl.titan_ortelib
2018-04-03 20:17:30,072: rp.session.one.george.017624.0004: MainProcess                     : MainThread     : INFO    : Load resource configurations from /home/george/ve-matteo/local/lib/python2.7/site-packages/radical/pilot/configs/resource_nersc.json
2018-04-03 20:17:30,078: rp.session.one.george.017624.0004: MainProcess                     : MainThread     : INFO    : Load resource configurations for nersc.edison_ccm_ssh
2018-04-03 20:17:30,079: rp.session.one.george.017624.0004: MainProcess                     : MainThread     : INFO    : Load resource configurations for nersc.hopper_orte
2018-04-03 20:17:30,079: rp.session.one.george.017624.0004: MainProcess                     : MainThread     : INFO    : Load resource configurations for nersc.hopper_ccm_ssh
2018-04-03 20:17:30,079: rp.session.one.george.017624.0004: MainProcess                     : MainThread     : INFO    : Load resource configurations for nersc.edison_aprun
2018-04-03 20:17:30,080: rp.session.one.george.017624.0004: MainProcess                     : MainThread     : INFO    : Load resource configurations for nersc.hopper_aprun
2018-04-03 20:17:30,080: rp.session.one.george.017624.0004: MainProcess                     : MainThread     : INFO    : Load resource configurations for nersc.edison_orte
2018-04-03 20:17:30,080: rp.session.one.george.017624.0004: MainProcess                     : MainThread     : INFO    : Load resource configurations from /home/george/ve-matteo/local/lib/python2.7/site-packages/radical/pilot/configs/resource_chameleon.json
2018-04-03 20:17:30,081: rp.session.one.george.017624.0004: MainProcess                     : MainThread     : INFO    : Load resource configurations for chameleon.cloud_vm_yarn
2018-04-03 20:17:30,081: rp.session.one.george.017624.0004: MainProcess                     : MainThread     : INFO    : Load resource configurations from /home/george/ve-matteo/local/lib/python2.7/site-packages/radical/pilot/configs/resource_ncar.json
2018-04-03 20:17:30,083: rp.session.one.george.017624.0004: MainProcess                     : MainThread     : INFO    : Load resource configurations for ncar.yellowstone_ssh
2018-04-03 20:17:30,083: rp.session.one.george.017624.0004: MainProcess                     : MainThread     : INFO    : Load resource configurations from /home/george/ve-matteo/local/lib/python2.7/site-packages/radical/pilot/configs/resource_ncsa.json
2018-04-03 20:17:30,089: rp.session.one.george.017624.0004: MainProcess                     : MainThread     : INFO    : Load resource configurations for ncsa.bw_orte
2018-04-03 20:17:30,089: rp.session.one.george.017624.0004: MainProcess                     : MainThread     : INFO    : Load resource configurations for ncsa.bw_ccm_ssh
2018-04-03 20:17:30,089: rp.session.one.george.017624.0004: MainProcess                     : MainThread     : INFO    : Load resource configurations for ncsa.bw_ortelib
2018-04-03 20:17:30,089: rp.session.one.george.017624.0004: MainProcess                     : MainThread     : INFO    : Load resource configurations for ncsa.bw_aprun
2018-04-03 20:17:30,090: rp.session.one.george.017624.0004: MainProcess                     : MainThread     : INFO    : Load resource configurations for ncsa.bw_local_orte
2018-04-03 20:17:30,090: rp.session.one.george.017624.0004: MainProcess                     : MainThread     : INFO    : Load resource configurations from /home/george/ve-matteo/local/lib/python2.7/site-packages/radical/pilot/configs/resource_aliases.json
2018-04-03 20:17:30,090: rp.session.one.george.017624.0004: MainProcess                     : MainThread     : INFO    : Load resource configurations from /home/george/ve-matteo/local/lib/python2.7/site-packages/radical/pilot/configs/resource_das5.json
2018-04-03 20:17:30,091: rp.session.one.george.017624.0004: MainProcess                     : MainThread     : INFO    : Load resource configurations for das5.fs1_ssh
2018-04-03 20:17:31,265: rp.session.one.george.017624.0004: MainProcess                     : MainThread     : INFO    : New Session created: rp.session.one.george.017624.0004.
2018-04-03 20:17:31,265: rp.session.one.george.017624.0004: MainProcess                     : MainThread     : DEBUG   : start bridges   : {u'control_pubsub': {u'bulk_size': 0, u'log_level': u'debug', u'stall_hwm': 1},
 u'log_pubsub': {u'bulk_size': 0, u'log_level': u'debug', u'stall_hwm': 1},
 u'state_pubsub': {u'bulk_size': 0, u'log_level': u'debug', u'stall_hwm': 1}}
2018-04-03 20:17:31,265: rp.session.one.george.017624.0004: MainProcess                     : MainThread     : INFO    : create bridge control_pubsub
2018-04-03 20:17:31,285: rp.session.one.george.017624.0004: MainProcess                     : MainThread     : INFO    : created bridge control_pubsub (control.pubsub.bridge.0000)
2018-04-03 20:17:31,285: rp.session.one.george.017624.0004: MainProcess                     : MainThread     : INFO    : create bridge state_pubsub
2018-04-03 20:17:31,299: rp.session.one.george.017624.0004: MainProcess                     : MainThread     : INFO    : created bridge state_pubsub (state.pubsub.bridge.0000)
2018-04-03 20:17:31,299: rp.session.one.george.017624.0004: MainProcess                     : MainThread     : INFO    : create bridge log_pubsub
2018-04-03 20:17:31,314: rp.session.one.george.017624.0004: MainProcess                     : MainThread     : INFO    : created bridge log_pubsub (log.pubsub.bridge.0000)
2018-04-03 20:17:31,315: rp.session.one.george.017624.0004: MainProcess                     : MainThread     : DEBUG   : start components: {u'UpdateWorker': {u'count': 1}}
2018-04-03 20:17:31,315: rp.session.one.george.017624.0004: MainProcess                     : MainThread     : DEBUG   : start 1 component(s) UpdateWorker
2018-04-03 20:17:33,951: rp.session.one.george.017624.0004: MainProcess                     : MainThread     : INFO    : rp.session.one.george.017624.0004 starts update.0
2018-04-03 20:17:36,437: rp.session.one.george.017624.0004: MainProcess                     : MainThread     : DEBUG   : rsup.PTYShell('gsissh://supermic.cct-lsu.xsede.org:2222/')
2018-04-03 20:17:40,992: rp.session.one.george.017624.0004: MainProcess                     : MainThread     : DEBUG   : sandbox base gsissh://supermic.cct-lsu.xsede.org:2222/: '/work/gchantzi'
2018-04-03 20:17:41,206: rp.session.one.george.017624.0004: MainProcess                     : MainThread     : DEBUG   : bulk pilot insert result: {'nModified': 0, 'nUpserted': 0, 'nMatched': 0, 'writeErrors': [], 'upserted': [], 'writeConcernErrors': [], 'nRemoved': 0, 'nInserted': 1}
2018-04-03 20:17:41,213: rp.session.one.george.017624.0004: pmgr.0000.launching.0           : MainThread     : DEBUG   : rsup.PTYShell('gsissh://supermic.cct-lsu.xsede.org:2222/')
2018-04-03 20:17:42,410: rp.session.one.george.017624.0004: pmgr.0000.launching.0           : MainThread     : DEBUG   : sandbox base gsissh://supermic.cct-lsu.xsede.org:2222/: '/work/gchantzi'
2018-04-03 20:17:48,291: rp.session.one.george.017624.0004: MainProcess                     : MainThread     : DEBUG   : bulk unit insert result: {'nModified': 0, 'nUpserted': 0, 'nMatched': 0, 'writeErrors': [], 'upserted': [], 'writeConcernErrors': [], 'nRemoved': 0, 'nInserted': 256}
2018-04-03 20:31:14,350: rp.session.one.george.017624.0004: MainProcess                     : MainThread     : DEBUG   : session rp.session.one.george.017624.0004 closing
2018-04-03 20:31:14,350: rp.session.one.george.017624.0004: MainProcess                     : MainThread     : DEBUG   : session rp.session.one.george.017624.0004 closes umgr   umgr.0000
2018-04-03 20:31:19,366: rp.session.one.george.017624.0004: MainProcess                     : MainThread     : DEBUG   : session rp.session.one.george.017624.0004 closed umgr   umgr.0000
2018-04-03 20:31:19,366: rp.session.one.george.017624.0004: MainProcess                     : MainThread     : DEBUG   : session rp.session.one.george.017624.0004 closes pmgr   pmgr.0000
2018-04-03 20:31:22,166: rp.session.one.george.017624.0004: MainProcess                     : MainThread     : DEBUG   : session rp.session.one.george.017624.0004 closed pmgr   pmgr.0000
2018-04-03 20:31:22,166: rp.session.one.george.017624.0004: MainProcess                     : MainThread     : DEBUG   : session rp.session.one.george.017624.0004 closes comp   update.0
2018-04-03 20:31:22,166: rp.session.one.george.017624.0004: MainProcess                     : MainThread     : DEBUG   :  === update.0 stop called
2018-04-03 20:31:22,296: rp.session.one.george.017624.0004: update.0                        : MainThread     : DEBUG   :  === update.0.child stop called
2018-04-03 20:31:22,440: rp.session.one.george.017624.0004: update.0                        : MainThread     : DEBUG   :  === update.0.child stop called
2018-04-03 20:31:22,482: rp.session.one.george.017624.0004: MainProcess                     : MainThread     : DEBUG   : session rp.session.one.george.017624.0004 closed comp   update.0
2018-04-03 20:31:22,482: rp.session.one.george.017624.0004: MainProcess                     : MainThread     : DEBUG   : session rp.session.one.george.017624.0004 closes bridge control.pubsub.bridge.0000
2018-04-03 20:31:23,456: rp.session.one.george.017624.0004: MainProcess                     : MainThread     : DEBUG   : session rp.session.one.george.017624.0004 closed bridge control.pubsub.bridge.0000
2018-04-03 20:31:23,456: rp.session.one.george.017624.0004: MainProcess                     : MainThread     : DEBUG   : session rp.session.one.george.017624.0004 closes bridge state.pubsub.bridge.0000
2018-04-03 20:31:24,486: rp.session.one.george.017624.0004: MainProcess                     : MainThread     : DEBUG   : session rp.session.one.george.017624.0004 closed bridge state.pubsub.bridge.0000
2018-04-03 20:31:24,486: rp.session.one.george.017624.0004: MainProcess                     : MainThread     : DEBUG   : session rp.session.one.george.017624.0004 closes bridge log.pubsub.bridge.0000
2018-04-03 20:31:25,183: rp.session.one.george.017624.0004: MainProcess                     : MainThread     : DEBUG   : session rp.session.one.george.017624.0004 closed bridge log.pubsub.bridge.0000
2018-04-03 20:31:25,183: rp.session.one.george.017624.0004: MainProcess                     : MainThread     : DEBUG   : session rp.session.one.george.017624.0004 closes db (False)
2018-04-03 20:31:25,183: rp.session.one.george.017624.0004: MainProcess                     : MainThread     : DEBUG   : session rp.session.one.george.017624.0004 closed (delete=False)
2018-04-03 20:31:25,212: rp.session.one.george.017624.0004: MainProcess                     : MainThread     : DEBUG   :  === update.0 stop called
2018-04-03 20:31:25,219: rp.session.one.george.017624.0004: MainProcess                     : MainThread     : DEBUG   : start download
2018-04-03 20:31:27,754: rp.session.one.george.017624.0004: MainProcess                     : MainThread     : INFO    : session written to /home/george/launch-methods-project/mpi-exec/rp.session.one.george.017624.0004/rp.session.one.george.017624.0004.json
2018-04-03 20:31:28,340: rp.session.one.george.017624.0004: MainProcess                     : MainThread     : DEBUG   : Session: rp.session.one.george.017624.0004
2018-04-03 20:31:28,340: rp.session.one.george.017624.0004: MainProcess                     : MainThread     : DEBUG   : Number of pilots in session: 1
2018-04-03 20:31:28,340: rp.session.one.george.017624.0004: MainProcess                     : MainThread     : DEBUG   : processing pilot 'pilot.0000'
2018-04-03 20:31:30,196: rp.session.one.george.017624.0004: MainProcess                     : MainThread     : INFO    : profiles tarball exists
2018-04-03 20:31:30,196: rp.session.one.george.017624.0004: MainProcess                     : MainThread     : INFO    : fetch 'gsisftp://supermic.cct-lsu.xsede.org:2222/work/gchantzi/radical.pilot.sandbox/rp.session.one.george.017624.0004/pilot.0000/pilot.0000.prof.tgz' to 'file://localhost/home/george/launch-methods-project/mpi-exec/rp.session.one.george.017624.0004/'.
2018-04-03 20:31:33,535: rp.session.one.george.017624.0004: MainProcess                     : MainThread     : INFO    : Extract tarball /home/george/launch-methods-project/mpi-exec/rp.session.one.george.017624.0004/pilot.0000.prof.tgz to '/home/george/launch-methods-project/mpi-exec/rp.session.one.george.017624.0004/'.
2018-04-03 20:31:34,122: rp.session.one.george.017624.0004: MainProcess                     : MainThread     : INFO    : Session: rp.session.one.george.017624.0004
2018-04-03 20:31:34,122: rp.session.one.george.017624.0004: MainProcess                     : MainThread     : INFO    : Number of pilots in session: 1
2018-04-03 20:31:34,833: rp.session.one.george.017624.0004: MainProcess                     : MainThread     : INFO    : logfiles tarball exists
2018-04-03 20:31:34,833: rp.session.one.george.017624.0004: MainProcess                     : MainThread     : INFO    : Fetching 'gsisftp://supermic.cct-lsu.xsede.org:2222/work/gchantzi/radical.pilot.sandbox/rp.session.one.george.017624.0004/pilot.0000/pilot.0000.log.tgz' to 'file://localhost/home/george/launch-methods-project/mpi-exec/rp.session.one.george.017624.0004/'.
2018-04-03 20:31:37,106: rp.session.one.george.017624.0004: MainProcess                     : MainThread     : DEBUG   : Extract tarball /home/george/launch-methods-project/mpi-exec/rp.session.one.george.017624.0004/pilot.0000.log.tgz to /home/george/launch-methods-project/mpi-exec/rp.session.one.george.017624.0004/
2018-04-03 20:31:37,131: rp.session.one.george.017624.0004: MainProcess                     : MainThread     : INFO    : tarball /home/george/launch-methods-project/mpi-exec/rp.session.one.george.017624.0004/pilot.0000.log.tgz extracted to '/home/george/launch-methods-project/mpi-exec/rp.session.one.george.017624.0004//pilot.0000/'.
