2018-04-03 20:17:31,285: state.pubsub.bridge.0000: MainProcess                     : MainThread     : INFO    : python.interpreter   version: 2.7.14 (default, Sep 23 2017, 22:06:14) [GCC 7.2.0]
2018-04-03 20:17:31,286: state.pubsub.bridge.0000: MainProcess                     : MainThread     : INFO    :                      pid: 31675
2018-04-03 20:17:31,286: state.pubsub.bridge.0000: MainProcess                     : MainThread     : INFO    :                      tid: MainThread
2018-04-03 20:17:31,286: state.pubsub.bridge.0000: MainProcess                     : MainThread     : INFO    : radical.pilot        version: 0.47-0.47-14-gb1dff8bd@devel
2018-04-03 20:17:31,286: state.pubsub.bridge.0000: MainProcess                     : MainThread     : INFO    : create state_pubsub - bridge - tcp://*:*
2018-04-03 20:17:31,286: state.pubsub.bridge.0000: MainProcess                     : MainThread     : DEBUG   : start process
2018-04-03 20:17:31,290: state.pubsub.bridge.0000: state.pubsub.bridge.0000        : MainThread     : DEBUG   : ru_initialize_common (NOOP)
2018-04-03 20:17:31,293: state.pubsub.bridge.0000: state.pubsub.bridge.0000.child  : MainThread     : INFO    : child (me) initializing
2018-04-03 20:17:31,293: state.pubsub.bridge.0000: state.pubsub.bridge.0000.child  : MainThread     : DEBUG   : parent name: state.pubsub.bridge.0000.child.watch
2018-04-03 20:17:31,294: state.pubsub.bridge.0000: state.pubsub.bridge.0000.child  : MainThread     : DEBUG   : start thread
2018-04-03 20:17:31,294: state.pubsub.bridge.0000: state.pubsub.bridge.0000.child  : state.pubsub.bridge.0000.child.watch: DEBUG   : child name: state.pubsub.bridge.0000.child.watch.thread
2018-04-03 20:17:31,294: state.pubsub.bridge.0000: state.pubsub.bridge.0000.child  : state.pubsub.bridge.0000.child.watch: INFO    : child (me) initializing
2018-04-03 20:17:31,294: state.pubsub.bridge.0000: state.pubsub.bridge.0000.child  : state.pubsub.bridge.0000.child.watch: DEBUG   : ru_initialize_common (NOOP)
2018-04-03 20:17:31,294: state.pubsub.bridge.0000: state.pubsub.bridge.0000.child  : state.pubsub.bridge.0000.child.watch: DEBUG   : ru_initialize_child (NOOP)
2018-04-03 20:17:31,294: state.pubsub.bridge.0000: state.pubsub.bridge.0000.child  : state.pubsub.bridge.0000.child.watch: INFO    : send alive
2018-04-03 20:17:31,294: state.pubsub.bridge.0000: state.pubsub.bridge.0000.child  : state.pubsub.bridge.0000.child.watch: INFO    : put message: [state.pubsub.bridge.0000.child.watch.thread] alive
2018-04-03 20:17:31,295: state.pubsub.bridge.0000: state.pubsub.bridge.0000.child  : MainThread     : INFO    : get msg: alive
2018-04-03 20:17:31,295: state.pubsub.bridge.0000: state.pubsub.bridge.0000.child  : MainThread     : DEBUG   : ru_initialize_common (NOOP)
2018-04-03 20:17:31,295: state.pubsub.bridge.0000: state.pubsub.bridge.0000.child  : MainThread     : DEBUG   : ru_initialize_parent (NOOP)
2018-04-03 20:17:31,295: state.pubsub.bridge.0000: state.pubsub.bridge.0000.child  : MainThread     : DEBUG   : child thread state.pubsub.bridge.0000.child.watch started
2018-04-03 20:17:31,295: state.pubsub.bridge.0000: state.pubsub.bridge.0000.child  : MainThread     : INFO    : child (me) is alive
2018-04-03 20:17:31,296: state.pubsub.bridge.0000: state.pubsub.bridge.0000.child  : MainThread     : INFO    : send alive
2018-04-03 20:17:31,296: state.pubsub.bridge.0000: state.pubsub.bridge.0000.child  : MainThread     : INFO    : send message: [state.pubsub.bridge.0000.child] alive
2018-04-03 20:17:31,296: state.pubsub.bridge.0000: MainProcess                     : MainThread     : INFO    : recv message: alive
2018-04-03 20:17:31,296: state.pubsub.bridge.0000: MainProcess                     : MainThread     : DEBUG   : ru_initialize_common (NOOP)
2018-04-03 20:17:31,296: state.pubsub.bridge.0000: MainProcess                     : MainThread     : DEBUG   : ru_initialize_parent (NOOP)
2018-04-03 20:17:31,296: state.pubsub.bridge.0000: MainProcess                     : MainThread     : DEBUG   : parent name: state.pubsub.bridge.0000.watch
2018-04-03 20:17:31,296: state.pubsub.bridge.0000: MainProcess                     : MainThread     : DEBUG   : start thread
2018-04-03 20:17:31,297: state.pubsub.bridge.0000: MainProcess                     : state.pubsub.bridge.0000.watch: DEBUG   : child name: state.pubsub.bridge.0000.watch.thread
2018-04-03 20:17:31,297: state.pubsub.bridge.0000: MainProcess                     : state.pubsub.bridge.0000.watch: INFO    : child (me) initializing
2018-04-03 20:17:31,297: state.pubsub.bridge.0000: MainProcess                     : state.pubsub.bridge.0000.watch: DEBUG   : ru_initialize_common (NOOP)
2018-04-03 20:17:31,297: state.pubsub.bridge.0000: MainProcess                     : state.pubsub.bridge.0000.watch: DEBUG   : ru_initialize_child (NOOP)
2018-04-03 20:17:31,297: state.pubsub.bridge.0000: MainProcess                     : state.pubsub.bridge.0000.watch: INFO    : send alive
2018-04-03 20:17:31,297: state.pubsub.bridge.0000: MainProcess                     : state.pubsub.bridge.0000.watch: INFO    : put message: [state.pubsub.bridge.0000.watch.thread] alive
2018-04-03 20:17:31,298: state.pubsub.bridge.0000: MainProcess                     : MainThread     : INFO    : get msg: alive
2018-04-03 20:17:31,298: state.pubsub.bridge.0000: MainProcess                     : MainThread     : DEBUG   : ru_initialize_common (NOOP)
2018-04-03 20:17:31,298: state.pubsub.bridge.0000: MainProcess                     : MainThread     : DEBUG   : ru_initialize_parent (NOOP)
2018-04-03 20:17:31,298: state.pubsub.bridge.0000: MainProcess                     : MainThread     : DEBUG   : child thread state.pubsub.bridge.0000.watch started
2018-04-03 20:17:31,298: state.pubsub.bridge.0000: MainProcess                     : MainThread     : INFO    : child is alive
2018-04-03 20:17:31,299: state.pubsub.bridge.0000: MainProcess                     : MainThread     : DEBUG   : process class started child
2018-04-03 20:31:23,456: state.pubsub.bridge.0000: MainProcess                     : MainThread     : INFO    : parent stops child  31675 -> 31698 [state.pubsub.bridge.0000]
2018-04-03 20:31:23,456: state.pubsub.bridge.0000: MainProcess                     : MainThread     : INFO    : send message: [state.pubsub.bridge.0000] STOP
2018-04-03 20:31:23,456: state.pubsub.bridge.0000: MainProcess                     : MainThread     : DEBUG   : ru_finalize_parent (NOOP)
2018-04-03 20:31:23,456: state.pubsub.bridge.0000: MainProcess                     : MainThread     : INFO    : parent stops child
2018-04-03 20:31:23,456: state.pubsub.bridge.0000: MainProcess                     : MainThread     : DEBUG   : ru_finalize_parent (NOOP)
2018-04-03 20:31:23,456: state.pubsub.bridge.0000: MainProcess                     : MainThread     : DEBUG   : ru_finalize_common (NOOP)
2018-04-03 20:31:23,492: state.pubsub.bridge.0000: state.pubsub.bridge.0000.child  : state.pubsub.bridge.0000.child.watch: INFO    : recv message: STOP
2018-04-03 20:31:23,492: state.pubsub.bridge.0000: state.pubsub.bridge.0000.child  : state.pubsub.bridge.0000.child.watch: INFO    : message received: STOP
2018-04-03 20:31:23,492: state.pubsub.bridge.0000: state.pubsub.bridge.0000.child  : state.pubsub.bridge.0000.child.watch: INFO    : STOP received: STOP
2018-04-03 20:31:23,492: state.pubsub.bridge.0000: state.pubsub.bridge.0000.child  : state.pubsub.bridge.0000.child.watch: INFO    : watcher closes
2018-04-03 20:31:23,492: state.pubsub.bridge.0000: state.pubsub.bridge.0000.child  : state.pubsub.bridge.0000.child.watch: INFO    : put message: [state.pubsub.bridge.0000.child.watch.thread] work finished
2018-04-03 20:31:23,493: state.pubsub.bridge.0000: state.pubsub.bridge.0000.child  : state.pubsub.bridge.0000.child.watch: DEBUG   : ru_finalize_child (NOOP)
2018-04-03 20:31:23,492: state.pubsub.bridge.0000: MainProcess                     : state.pubsub.bridge.0000.watch: INFO    : recv message: 
2018-04-03 20:31:23,493: state.pubsub.bridge.0000: state.pubsub.bridge.0000.child  : state.pubsub.bridge.0000.child.watch: DEBUG   : ru_finalize_common (NOOP)
2018-04-03 20:31:23,493: state.pubsub.bridge.0000: MainProcess                     : state.pubsub.bridge.0000.watch: INFO    : message received: 
2018-04-03 20:31:23,493: state.pubsub.bridge.0000: state.pubsub.bridge.0000.child  : state.pubsub.bridge.0000.child.watch: INFO    : put message: [state.pubsub.bridge.0000.child.watch.thread] terminating
2018-04-03 20:31:23,493: state.pubsub.bridge.0000: MainProcess                     : state.pubsub.bridge.0000.watch: WARNING : received empty string, parent closed ep
2018-04-03 20:31:23,493: state.pubsub.bridge.0000: MainProcess                     : state.pubsub.bridge.0000.watch: INFO    : watcher closes
2018-04-03 20:31:23,493: state.pubsub.bridge.0000: MainProcess                     : state.pubsub.bridge.0000.watch: INFO    : put message: [state.pubsub.bridge.0000.watch.thread] work finished
2018-04-03 20:31:23,493: state.pubsub.bridge.0000: MainProcess                     : state.pubsub.bridge.0000.watch: DEBUG   : ru_finalize_child (NOOP)
2018-04-03 20:31:23,493: state.pubsub.bridge.0000: MainProcess                     : state.pubsub.bridge.0000.watch: DEBUG   : ru_finalize_common (NOOP)
2018-04-03 20:31:23,493: state.pubsub.bridge.0000: MainProcess                     : state.pubsub.bridge.0000.watch: INFO    : put message: [state.pubsub.bridge.0000.watch.thread] terminating
2018-04-03 20:31:24,442: state.pubsub.bridge.0000: state.pubsub.bridge.0000.child  : MainThread     : DEBUG   : ru_finalize_child (NOOP)
2018-04-03 20:31:24,443: state.pubsub.bridge.0000: state.pubsub.bridge.0000.child  : MainThread     : INFO    : send message: [state.pubsub.bridge.0000.child] terminating
2018-04-03 20:31:24,443: state.pubsub.bridge.0000: state.pubsub.bridge.0000.child  : MainThread     : WARNING : send failed ([Errno 9] Bad file descriptor) - terminate
