2018-04-03 20:17:32,326: update.0.child      : update.0                        : MainThread     : INFO    : python.interpreter   version: 2.7.14 (default, Sep 23 2017, 22:06:14) [GCC 7.2.0]
2018-04-03 20:17:32,326: update.0.child      : update.0                        : MainThread     : INFO    :                      pid: 31710
2018-04-03 20:17:32,326: update.0.child      : update.0                        : MainThread     : INFO    :                      tid: MainThread
2018-04-03 20:17:32,327: update.0.child      : update.0                        : MainThread     : INFO    : radical.pilot        version: 0.47-0.47-14-gb1dff8bd@devel
2018-04-03 20:17:33,379: update.0.child      : update.0                        : MainThread     : INFO    : initialize update.0.child
2018-04-03 20:17:33,381: update.0.child      : update.0                        : MainThread     : INFO    : cfg: {'agents': {},
 u'bridges': {u'control_pubsub': {'addr_in': 'tcp://144.76.72.175:38689',
                                  'addr_out': 'tcp://144.76.72.175:42081',
                                  u'bulk_size': 0,
                                  u'log_level': u'debug',
                                  u'stall_hwm': 1},
              u'log_pubsub': {'addr_in': 'tcp://144.76.72.175:36515',
                              'addr_out': 'tcp://144.76.72.175:43855',
                              u'bulk_size': 0,
                              u'log_level': u'debug',
                              u'stall_hwm': 1},
              u'state_pubsub': {'addr_in': 'tcp://144.76.72.175:35151',
                                'addr_out': 'tcp://144.76.72.175:33219',
                                u'bulk_size': 0,
                                u'log_level': u'debug',
                                u'stall_hwm': 1}},
 'cname': u'UpdateWorker',
 u'components': {},
 u'count': 1,
 'dburl': 'mongodb://rp:rp@ds015335.mlab.com:15335/rp',
 'debug': 'DEBUG',
 u'default_dburl': u'mongodb://rp:rp@ds015335.mlab.com:15335/rp',
 'logdir': '/home/george/launch-methods-project/mpi-exec/rp.session.one.george.017624.0004',
 'number': 0,
 'owner': 'rp.session.one.george.017624.0004',
 'session_id': 'rp.session.one.george.017624.0004'}
2018-04-03 20:17:33,382: update.0.child      : update.0                        : MainThread     : DEBUG   : start components: {}
2018-04-03 20:17:33,382: update.0.child      : update.0                        : MainThread     : DEBUG   : alive check in term
2018-04-03 20:17:33,382: update.0.child      : update.0                        : MainThread     : DEBUG   : START: update.0.child register publisher log_pubsub
2018-04-03 20:17:33,382: update.0.child      : update.0                        : MainThread     : DEBUG   : using addr tcp://144.76.72.175:36515 for pubsub log_pubsub
2018-04-03 20:17:33,385: update.0.child      : update.0                        : MainThread     : DEBUG   : registered publisher : log_pubsub : log.pubsub.pub.0000
2018-04-03 20:17:33,385: update.0.child      : update.0                        : MainThread     : DEBUG   : alive check in term
2018-04-03 20:17:33,385: update.0.child      : update.0                        : MainThread     : DEBUG   : START: update.0.child register publisher state_pubsub
2018-04-03 20:17:33,385: update.0.child      : update.0                        : MainThread     : DEBUG   : using addr tcp://144.76.72.175:35151 for pubsub state_pubsub
2018-04-03 20:17:33,388: update.0.child      : update.0                        : MainThread     : DEBUG   : registered publisher : state_pubsub : state.pubsub.pub.0000
2018-04-03 20:17:33,388: update.0.child      : update.0                        : MainThread     : DEBUG   : alive check in term
2018-04-03 20:17:33,388: update.0.child      : update.0                        : MainThread     : DEBUG   : START: update.0.child register publisher control_pubsub
2018-04-03 20:17:33,388: update.0.child      : update.0                        : MainThread     : DEBUG   : using addr tcp://144.76.72.175:38689 for pubsub control_pubsub
2018-04-03 20:17:33,391: update.0.child      : update.0                        : MainThread     : DEBUG   : registered publisher : control_pubsub : control.pubsub.pub.0000
2018-04-03 20:17:33,403: update.0.child      : update.0                        : MainThread     : DEBUG   : alive check in term
2018-04-03 20:17:33,403: update.0.child      : update.0                        : MainThread     : DEBUG   : START: update.0.child register subscriber update.0.child.subscriber._cancel_monitor_cb
2018-04-03 20:17:33,403: update.0.child      : update.0                        : MainThread     : DEBUG   : using addr tcp://144.76.72.175:42081 for pubsub control_pubsub
2018-04-03 20:17:33,405: update.0.child      : update.0                        : MainThread     : DEBUG   : parent name: update.0.child.subscriber._cancel_monitor_cb
2018-04-03 20:17:33,405: update.0.child      : update.0                        : MainThread     : DEBUG   : start thread
2018-04-03 20:17:33,405: update.0.child      : update.0                        : update.0.child.subscriber._cancel_monitor_cb: DEBUG   : child name: update.0.child.subscriber._cancel_monitor_cb.thread
2018-04-03 20:17:33,406: update.0.child      : update.0                        : update.0.child.subscriber._cancel_monitor_cb: INFO    : child (me) initializing
2018-04-03 20:17:33,406: update.0.child      : update.0                        : update.0.child.subscriber._cancel_monitor_cb: DEBUG   : ru_initialize_common (NOOP)
2018-04-03 20:17:33,406: update.0.child      : update.0                        : update.0.child.subscriber._cancel_monitor_cb: DEBUG   : ru_initialize_child (NOOP)
2018-04-03 20:17:33,406: update.0.child      : update.0                        : update.0.child.subscriber._cancel_monitor_cb: INFO    : send alive
2018-04-03 20:17:33,406: update.0.child      : update.0                        : update.0.child.subscriber._cancel_monitor_cb: INFO    : put message: [update.0.child.subscriber._cancel_monitor_cb.thread] alive
2018-04-03 20:17:33,407: update.0.child      : update.0                        : MainThread     : INFO    : get msg: alive
2018-04-03 20:17:33,407: update.0.child      : update.0                        : MainThread     : DEBUG   : ru_initialize_common (NOOP)
2018-04-03 20:17:33,407: update.0.child      : update.0                        : MainThread     : DEBUG   : ru_initialize_parent (NOOP)
2018-04-03 20:17:33,407: update.0.child      : update.0                        : MainThread     : DEBUG   : child thread update.0.child.subscriber._cancel_monitor_cb started
2018-04-03 20:17:33,407: update.0.child      : update.0                        : MainThread     : DEBUG   : update.0.child registered control_pubsub subscriber update.0.child.subscriber._cancel_monitor_cb
2018-04-03 20:17:33,933: update.0.child      : update.0                        : MainThread     : DEBUG   : alive check in term
2018-04-03 20:17:33,933: update.0.child      : update.0                        : MainThread     : DEBUG   : START: update.0.child register subscriber update.0.child.subscriber._state_cb
2018-04-03 20:17:33,933: update.0.child      : update.0                        : MainThread     : DEBUG   : using addr tcp://144.76.72.175:33219 for pubsub state_pubsub
2018-04-03 20:17:33,936: update.0.child      : update.0                        : MainThread     : DEBUG   : parent name: update.0.child.subscriber._state_cb
2018-04-03 20:17:33,936: update.0.child      : update.0                        : MainThread     : DEBUG   : start thread
2018-04-03 20:17:33,936: update.0.child      : update.0                        : update.0.child.subscriber._state_cb: DEBUG   : child name: update.0.child.subscriber._state_cb.thread
2018-04-03 20:17:33,936: update.0.child      : update.0                        : update.0.child.subscriber._state_cb: INFO    : child (me) initializing
2018-04-03 20:17:33,936: update.0.child      : update.0                        : update.0.child.subscriber._state_cb: DEBUG   : ru_initialize_common (NOOP)
2018-04-03 20:17:33,937: update.0.child      : update.0                        : update.0.child.subscriber._state_cb: DEBUG   : ru_initialize_child (NOOP)
2018-04-03 20:17:33,937: update.0.child      : update.0                        : update.0.child.subscriber._state_cb: INFO    : send alive
2018-04-03 20:17:33,937: update.0.child      : update.0                        : update.0.child.subscriber._state_cb: INFO    : put message: [update.0.child.subscriber._state_cb.thread] alive
2018-04-03 20:17:33,938: update.0.child      : update.0                        : MainThread     : INFO    : get msg: alive
2018-04-03 20:17:33,938: update.0.child      : update.0                        : MainThread     : DEBUG   : ru_initialize_common (NOOP)
2018-04-03 20:17:33,938: update.0.child      : update.0                        : MainThread     : DEBUG   : ru_initialize_parent (NOOP)
2018-04-03 20:17:33,938: update.0.child      : update.0                        : MainThread     : DEBUG   : child thread update.0.child.subscriber._state_cb started
2018-04-03 20:17:33,938: update.0.child      : update.0                        : MainThread     : DEBUG   : update.0.child registered state_pubsub subscriber update.0.child.subscriber._state_cb
2018-04-03 20:17:33,938: update.0.child      : update.0                        : MainThread     : DEBUG   : alive check in term
2018-04-03 20:17:33,938: update.0.child      : update.0                        : MainThread     : DEBUG   : START: update.0.child register idler update.0.child.idler._idle_cb
2018-04-03 20:17:33,939: update.0.child      : update.0                        : MainThread     : DEBUG   : parent name: update.0.child.idler._idle_cb
2018-04-03 20:17:33,939: update.0.child      : update.0                        : MainThread     : DEBUG   : start thread
2018-04-03 20:17:33,939: update.0.child      : update.0                        : update.0.child.idler._idle_cb: DEBUG   : child name: update.0.child.idler._idle_cb.thread
2018-04-03 20:17:33,940: update.0.child      : update.0                        : update.0.child.idler._idle_cb: INFO    : child (me) initializing
2018-04-03 20:17:33,940: update.0.child      : update.0                        : update.0.child.idler._idle_cb: DEBUG   : ru_initialize_common (NOOP)
2018-04-03 20:17:33,940: update.0.child      : update.0                        : update.0.child.idler._idle_cb: DEBUG   : ru_initialize_child (NOOP)
2018-04-03 20:17:33,940: update.0.child      : update.0                        : update.0.child.idler._idle_cb: INFO    : send alive
2018-04-03 20:17:33,940: update.0.child      : update.0                        : update.0.child.idler._idle_cb: INFO    : put message: [update.0.child.idler._idle_cb.thread] alive
2018-04-03 20:17:33,941: update.0.child      : update.0                        : MainThread     : INFO    : get msg: alive
2018-04-03 20:17:33,941: update.0.child      : update.0                        : MainThread     : DEBUG   : ru_initialize_common (NOOP)
2018-04-03 20:17:33,941: update.0.child      : update.0                        : MainThread     : DEBUG   : ru_initialize_parent (NOOP)
2018-04-03 20:17:33,941: update.0.child      : update.0                        : MainThread     : DEBUG   : child thread update.0.child.idler._idle_cb started
2018-04-03 20:17:33,941: update.0.child      : update.0                        : MainThread     : DEBUG   : update.0.child registered idler update.0.child.idler._idle_cb
2018-04-03 20:17:33,941: update.0.child      : update.0                        : MainThread     : INFO    : child (me) initializing
2018-04-03 20:17:33,941: update.0.child      : update.0                        : MainThread     : DEBUG   : parent name: update.0.child.watch
2018-04-03 20:17:33,942: update.0.child      : update.0                        : MainThread     : DEBUG   : start thread
2018-04-03 20:17:33,942: update.0.child      : update.0                        : update.0.child.watch: DEBUG   : child name: update.0.child.watch.thread
2018-04-03 20:17:33,942: update.0.child      : update.0                        : update.0.child.watch: INFO    : child (me) initializing
2018-04-03 20:17:33,942: update.0.child      : update.0                        : update.0.child.watch: DEBUG   : ru_initialize_common (NOOP)
2018-04-03 20:17:33,942: update.0.child      : update.0                        : update.0.child.watch: DEBUG   : ru_initialize_child (NOOP)
2018-04-03 20:17:33,942: update.0.child      : update.0                        : update.0.child.watch: INFO    : send alive
2018-04-03 20:17:33,942: update.0.child      : update.0                        : update.0.child.watch: INFO    : put message: [update.0.child.watch.thread] alive
2018-04-03 20:17:33,943: update.0.child      : update.0                        : MainThread     : INFO    : get msg: alive
2018-04-03 20:17:33,943: update.0.child      : update.0                        : MainThread     : DEBUG   : ru_initialize_common (NOOP)
2018-04-03 20:17:33,943: update.0.child      : update.0                        : MainThread     : DEBUG   : ru_initialize_parent (NOOP)
2018-04-03 20:17:33,943: update.0.child      : update.0                        : MainThread     : DEBUG   : child thread update.0.child.watch started
2018-04-03 20:17:33,943: update.0.child      : update.0                        : MainThread     : INFO    : child (me) is alive
2018-04-03 20:17:33,943: update.0.child      : update.0                        : MainThread     : INFO    : send alive
2018-04-03 20:17:33,944: update.0.child      : update.0                        : MainThread     : INFO    : send message: [update.0.child] alive
2018-04-03 20:17:41,311: update.0.child      : update.0                        : update.0.child.subscriber._state_cb: DEBUG   : bulk update result: {'nModified': 1, 'nUpserted': 0, 'nMatched': 1, 'writeErrors': [], 'upserted': [], 'writeConcernErrors': [], 'nRemoved': 0, 'nInserted': 0}
2018-04-03 20:17:43,059: update.0.child      : update.0                        : update.0.child.idler._idle_cb: DEBUG   : bulk update result: {'nModified': 1, 'nUpserted': 0, 'nMatched': 1, 'writeErrors': [], 'upserted': [], 'writeConcernErrors': [], 'nRemoved': 0, 'nInserted': 0}
2018-04-03 20:17:47,142: update.0.child      : update.0                        : update.0.child.subscriber._cancel_monitor_cb: DEBUG   : command ignored: add_pilots
2018-04-03 20:17:48,661: update.0.child      : update.0                        : update.0.child.subscriber._state_cb: DEBUG   : bulk update result: {'nModified': 256, 'nUpserted': 0, 'nMatched': 256, 'writeErrors': [], 'upserted': [], 'writeConcernErrors': [], 'nRemoved': 0, 'nInserted': 0}
2018-04-03 20:17:48,821: update.0.child      : update.0                        : update.0.child.subscriber._state_cb: DEBUG   : bulk update result: {'nModified': 256, 'nUpserted': 0, 'nMatched': 256, 'writeErrors': [], 'upserted': [], 'writeConcernErrors': [], 'nRemoved': 0, 'nInserted': 0}
2018-04-03 20:17:49,073: update.0.child      : update.0                        : update.0.child.subscriber._state_cb: DEBUG   : bulk update result: {'nModified': 256, 'nUpserted': 0, 'nMatched': 256, 'writeErrors': [], 'upserted': [], 'writeConcernErrors': [], 'nRemoved': 0, 'nInserted': 0}
2018-04-03 20:17:49,232: update.0.child      : update.0                        : update.0.child.subscriber._state_cb: DEBUG   : bulk update result: {'nModified': 256, 'nUpserted': 0, 'nMatched': 256, 'writeErrors': [], 'upserted': [], 'writeConcernErrors': [], 'nRemoved': 0, 'nInserted': 0}
2018-04-03 20:17:54,742: update.0.child      : update.0                        : update.0.child.subscriber._state_cb: DEBUG   : bulk update result: {'nModified': 1, 'nUpserted': 0, 'nMatched': 1, 'writeErrors': [], 'upserted': [], 'writeConcernErrors': [], 'nRemoved': 0, 'nInserted': 0}
2018-04-03 20:18:02,359: update.0.child      : update.0                        : update.0.child.subscriber._state_cb: DEBUG   : bulk update result: {'nModified': 256, 'nUpserted': 0, 'nMatched': 256, 'writeErrors': [], 'upserted': [], 'writeConcernErrors': [], 'nRemoved': 0, 'nInserted': 0}
2018-04-03 20:19:05,310: update.0.child      : update.0                        : update.0.child.subscriber._state_cb: DEBUG   : bulk update result: {'nModified': 1, 'nUpserted': 0, 'nMatched': 1, 'writeErrors': [], 'upserted': [], 'writeConcernErrors': [], 'nRemoved': 0, 'nInserted': 0}
2018-04-03 20:31:10,148: update.0.child      : update.0                        : update.0.child.subscriber._state_cb: DEBUG   : bulk update result: {'nModified': 150, 'nUpserted': 0, 'nMatched': 150, 'writeErrors': [], 'upserted': [], 'writeConcernErrors': [], 'nRemoved': 0, 'nInserted': 0}
2018-04-03 20:31:10,281: update.0.child      : update.0                        : update.0.child.subscriber._state_cb: DEBUG   : bulk update result: {'nModified': 150, 'nUpserted': 0, 'nMatched': 150, 'writeErrors': [], 'upserted': [], 'writeConcernErrors': [], 'nRemoved': 0, 'nInserted': 0}
2018-04-03 20:31:10,658: update.0.child      : update.0                        : update.0.child.subscriber._state_cb: DEBUG   : bulk update result: {'nModified': 150, 'nUpserted': 0, 'nMatched': 150, 'writeErrors': [], 'upserted': [], 'writeConcernErrors': [], 'nRemoved': 0, 'nInserted': 0}
2018-04-03 20:31:12,041: update.0.child      : update.0                        : update.0.child.subscriber._state_cb: DEBUG   : bulk update result: {'nModified': 72, 'nUpserted': 0, 'nMatched': 72, 'writeErrors': [], 'upserted': [], 'writeConcernErrors': [], 'nRemoved': 0, 'nInserted': 0}
2018-04-03 20:31:12,401: update.0.child      : update.0                        : update.0.child.subscriber._state_cb: DEBUG   : bulk update result: {'nModified': 144, 'nUpserted': 0, 'nMatched': 144, 'writeErrors': [], 'upserted': [], 'writeConcernErrors': [], 'nRemoved': 0, 'nInserted': 0}
2018-04-03 20:31:14,355: update.0.child      : update.0                        : update.0.child.subscriber._state_cb: DEBUG   : bulk update result: {'nModified': 34, 'nUpserted': 0, 'nMatched': 34, 'writeErrors': [], 'upserted': [], 'writeConcernErrors': [], 'nRemoved': 0, 'nInserted': 0}
2018-04-03 20:31:15,988: update.0.child      : update.0                        : update.0.child.idler._idle_cb: DEBUG   : bulk update result: {'nModified': 68, 'nUpserted': 0, 'nMatched': 68, 'writeErrors': [], 'upserted': [], 'writeConcernErrors': [], 'nRemoved': 0, 'nInserted': 0}
2018-04-03 20:31:19,368: update.0.child      : update.0                        : update.0.child.subscriber._cancel_monitor_cb: DEBUG   : command ignored: cancel_pilots
2018-04-03 20:31:19,500: update.0.child      : update.0                        : update.0.child.subscriber._state_cb: DEBUG   : bulk update result: {'nModified': 1, 'nUpserted': 0, 'nMatched': 1, 'writeErrors': [], 'upserted': [], 'writeConcernErrors': [], 'nRemoved': 0, 'nInserted': 0}
2018-04-03 20:31:22,213: update.0.child      : update.0                        : update.0.child.watch: INFO    : recv message: STOP
2018-04-03 20:31:22,213: update.0.child      : update.0                        : update.0.child.watch: INFO    : message received: STOP
2018-04-03 20:31:22,213: update.0.child      : update.0                        : update.0.child.watch: INFO    : STOP received: STOP
2018-04-03 20:31:22,213: update.0.child      : update.0                        : update.0.child.watch: INFO    : watcher closes
2018-04-03 20:31:22,213: update.0.child      : update.0                        : update.0.child.watch: INFO    : put message: [update.0.child.watch.thread] work finished
2018-04-03 20:31:22,213: update.0.child      : update.0                        : update.0.child.watch: DEBUG   : ru_finalize_child (NOOP)
2018-04-03 20:31:22,213: update.0.child      : update.0                        : update.0.child.watch: DEBUG   : ru_finalize_common (NOOP)
2018-04-03 20:31:22,213: update.0.child      : update.0                        : update.0.child.watch: INFO    : put message: [update.0.child.watch.thread] terminating
2018-04-03 20:31:22,295: update.0.child      : update.0                        : MainThread     : WARNING : alive check: proc invalid - stop [False - True]
2018-04-03 20:31:22,333: update.0.child      : update.0                        : MainThread     : INFO    : stop update.0.child (31710 : 31710 : MainThread) [radical.pilot.worker.update.Update.stop]
2018-04-03 20:31:22,354: update.0.child      : update.0                        : MainThread     : INFO    : parent stops child  31710 -> 31710 [update.0.child]
2018-04-03 20:31:22,354: update.0.child      : update.0                        : MainThread     : INFO    : send message: [update.0.child] STOP
2018-04-03 20:31:22,354: update.0.child      : update.0                        : MainThread     : WARNING : send failed ([Errno 9] Bad file descriptor) - terminate
2018-04-03 20:31:22,354: update.0.child      : update.0                        : MainThread     : DEBUG   : TERM : update.0.child unregister idler update.0.child.idler._idle_cb
2018-04-03 20:31:22,355: update.0.child      : update.0                        : MainThread     : INFO    : parent stops child
2018-04-03 20:31:22,355: update.0.child      : update.0                        : MainThread     : DEBUG   : ru_finalize_parent (NOOP)
2018-04-03 20:31:22,355: update.0.child      : update.0                        : MainThread     : DEBUG   : ru_finalize_common (NOOP)
2018-04-03 20:31:22,399: update.0.child      : update.0                        : update.0.child.idler._idle_cb: DEBUG   : ru_finalize_child (NOOP)
2018-04-03 20:31:22,399: update.0.child      : update.0                        : update.0.child.idler._idle_cb: DEBUG   : ru_finalize_common (NOOP)
2018-04-03 20:31:22,399: update.0.child      : update.0                        : update.0.child.idler._idle_cb: INFO    : put message: [update.0.child.idler._idle_cb.thread] terminating
2018-04-03 20:31:22,418: update.0.child      : update.0                        : MainThread     : DEBUG   : TERM : update.0.child unregistered idler update.0.child.idler._idle_cb
2018-04-03 20:31:22,419: update.0.child      : update.0                        : MainThread     : DEBUG   : TERM : update.0.child unregister subscriber update.0.child.subscriber._state_cb
2018-04-03 20:31:22,419: update.0.child      : update.0                        : MainThread     : DEBUG   : unregistered subscriber update.0.child.subscriber._state_cb
2018-04-03 20:31:22,419: update.0.child      : update.0                        : MainThread     : DEBUG   : ru_finalize_common()
2018-04-03 20:31:22,419: update.0.child      : update.0                        : MainThread     : DEBUG   : TERM : update.0.child unregister publisher log_pubsub
2018-04-03 20:31:22,420: update.0.child      : update.0                        : MainThread     : DEBUG   : unregistered publisher log_pubsub
2018-04-03 20:31:22,420: update.0.child      : update.0                        : MainThread     : DEBUG   : TERM : update.0.child unregister publisher state_pubsub
2018-04-03 20:31:22,421: update.0.child      : update.0                        : MainThread     : DEBUG   : unregistered publisher state_pubsub
2018-04-03 20:31:22,421: update.0.child      : update.0                        : MainThread     : DEBUG   : TERM : update.0.child unregister publisher control_pubsub
2018-04-03 20:31:22,422: update.0.child      : update.0                        : MainThread     : DEBUG   : unregistered publisher control_pubsub
2018-04-03 20:31:22,422: update.0.child      : update.0                        : MainThread     : DEBUG   : update.0.child close prof
2018-04-03 20:31:22,437: update.0.child      : update.0                        : MainThread     : INFO    : parent stops child
2018-04-03 20:31:22,438: update.0.child      : update.0                        : MainThread     : DEBUG   : ru_finalize_parent (NOOP)
2018-04-03 20:31:22,438: update.0.child      : update.0                        : MainThread     : DEBUG   : ru_finalize_common (NOOP)
2018-04-03 20:31:22,438: update.0.child      : update.0                        : MainThread     : INFO    : parent stops child
2018-04-03 20:31:22,438: update.0.child      : update.0                        : MainThread     : DEBUG   : ru_finalize_parent (NOOP)
2018-04-03 20:31:22,438: update.0.child      : update.0                        : update.0.child.subscriber._cancel_monitor_cb: DEBUG   : ru_finalize_child (NOOP)
2018-04-03 20:31:22,438: update.0.child      : update.0                        : update.0.child.subscriber._cancel_monitor_cb: INFO    : put message: [update.0.child.subscriber._cancel_monitor_cb.thread] terminating
2018-04-03 20:31:22,439: update.0.child      : update.0                        : MainThread     : INFO    : parent stops child
2018-04-03 20:31:22,439: update.0.child      : update.0                        : MainThread     : DEBUG   : ru_finalize_parent (NOOP)
2018-04-03 20:31:22,440: update.0.child      : update.0                        : update.0.child.subscriber._state_cb: DEBUG   : ru_finalize_child (NOOP)
2018-04-03 20:31:22,440: update.0.child      : update.0                        : update.0.child.subscriber._state_cb: INFO    : put message: [update.0.child.subscriber._state_cb.thread] terminating
2018-04-03 20:31:22,440: update.0.child      : update.0                        : MainThread     : INFO    : parent stops child
2018-04-03 20:31:22,440: update.0.child      : update.0                        : MainThread     : WARNING : super update.0.child is invalid
2018-04-03 20:31:22,440: update.0.child      : update.0                        : MainThread     : WARNING : component update.0.child is invalid
2018-04-03 20:31:22,442: update.0.child      : update.0                        : MainThread     : INFO    : stop update.0.child (31710 : 31710 : MainThread) [radical.pilot.worker.update.Update.stop]
2018-04-03 20:31:22,442: update.0.child      : update.0                        : MainThread     : DEBUG   : TERM : update.0.child unregister idler update.0.child.idler._idle_cb
2018-04-03 20:31:22,442: update.0.child      : update.0                        : MainThread     : WARNING : timed cb update.0.child.idler._idle_cb is not registered
2018-04-03 20:31:22,442: update.0.child      : update.0                        : MainThread     : DEBUG   : TERM : update.0.child unregister subscriber update.0.child.subscriber._state_cb
2018-04-03 20:31:22,442: update.0.child      : update.0                        : MainThread     : WARNING : subscriber _state_cb is not registered
2018-04-03 20:31:22,442: update.0.child      : update.0                        : MainThread     : DEBUG   : ru_finalize_common()
2018-04-03 20:31:22,443: update.0.child      : update.0                        : MainThread     : WARNING : publisher log_pubsub is not registered
2018-04-03 20:31:22,443: update.0.child      : update.0                        : MainThread     : WARNING : publisher state_pubsub is not registered
2018-04-03 20:31:22,443: update.0.child      : update.0                        : MainThread     : WARNING : publisher control_pubsub is not registered
2018-04-03 20:31:22,443: update.0.child      : update.0                        : MainThread     : DEBUG   : update.0.child close prof
2018-04-03 20:31:22,443: update.0.child      : update.0                        : MainThread     : INFO    : send message: [update.0.child] terminating
2018-04-03 20:31:22,443: update.0.child      : update.0                        : MainThread     : WARNING : send failed ([Errno 9] Bad file descriptor) - terminate
2018-04-03 20:31:22,443: update.0.child      : update.0                        : MainThread     : INFO    : parent stops child
2018-04-03 20:31:22,443: update.0.child      : update.0                        : MainThread     : INFO    : parent stops child
2018-04-03 20:31:22,443: update.0.child      : update.0                        : MainThread     : INFO    : parent stops child
