2018-04-03 20:17:31,316: update.0            : MainProcess                     : MainThread     : INFO    : python.interpreter   version: 2.7.14 (default, Sep 23 2017, 22:06:14) [GCC 7.2.0]
2018-04-03 20:17:31,316: update.0            : MainProcess                     : MainThread     : INFO    :                      pid: 31675
2018-04-03 20:17:31,316: update.0            : MainProcess                     : MainThread     : INFO    :                      tid: MainThread
2018-04-03 20:17:31,316: update.0            : MainProcess                     : MainThread     : INFO    : radical.pilot        version: 0.47-0.47-14-gb1dff8bd@devel
2018-04-03 20:17:32,320: update.0            : MainProcess                     : MainThread     : DEBUG   : alive check in term
2018-04-03 20:17:32,320: update.0            : MainProcess                     : MainThread     : DEBUG   : start process
2018-04-03 20:17:33,944: update.0            : MainProcess                     : MainThread     : INFO    : recv message: alive
2018-04-03 20:17:33,944: update.0            : MainProcess                     : MainThread     : INFO    : initialize update.0
2018-04-03 20:17:33,945: update.0            : MainProcess                     : MainThread     : INFO    : cfg: {'agents': {},
 u'bridges': {u'control_pubsub': {'addr_in': 'tcp://144.76.72.175:38689',
                                  'addr_out': 'tcp://144.76.72.175:42081',
                                  u'bulk_size': 0,
                                  u'log_level': u'debug',
                                  u'stall_hwm': 1},
              u'log_pubsub': {'addr_in': 'tcp://144.76.72.175:36515',
                              'addr_out': 'tcp://144.76.72.175:43855',
                              u'bulk_size': 0,
                              u'log_level': u'debug',
                              u'stall_hwm': 1},
              u'state_pubsub': {'addr_in': 'tcp://144.76.72.175:35151',
                                'addr_out': 'tcp://144.76.72.175:33219',
                                u'bulk_size': 0,
                                u'log_level': u'debug',
                                u'stall_hwm': 1}},
 'cname': u'UpdateWorker',
 u'components': {},
 u'count': 1,
 'dburl': 'mongodb://rp:rp@ds015335.mlab.com:15335/rp',
 'debug': 'DEBUG',
 u'default_dburl': u'mongodb://rp:rp@ds015335.mlab.com:15335/rp',
 'logdir': '/home/george/launch-methods-project/mpi-exec/rp.session.one.george.017624.0004',
 'number': 0,
 'owner': 'rp.session.one.george.017624.0004',
 'session_id': 'rp.session.one.george.017624.0004'}
2018-04-03 20:17:33,945: update.0            : MainProcess                     : MainThread     : DEBUG   : alive check in term
2018-04-03 20:17:33,945: update.0            : MainProcess                     : MainThread     : DEBUG   : START: update.0 register publisher log_pubsub
2018-04-03 20:17:33,945: update.0            : MainProcess                     : MainThread     : DEBUG   : using addr tcp://144.76.72.175:36515 for pubsub log_pubsub
2018-04-03 20:17:33,947: update.0            : MainProcess                     : MainThread     : DEBUG   : registered publisher : log_pubsub : log.pubsub.pub.0000
2018-04-03 20:17:33,947: update.0            : MainProcess                     : MainThread     : DEBUG   : alive check in term
2018-04-03 20:17:33,947: update.0            : MainProcess                     : MainThread     : DEBUG   : START: update.0 register publisher state_pubsub
2018-04-03 20:17:33,947: update.0            : MainProcess                     : MainThread     : DEBUG   : using addr tcp://144.76.72.175:35151 for pubsub state_pubsub
2018-04-03 20:17:33,948: update.0            : MainProcess                     : MainThread     : DEBUG   : registered publisher : state_pubsub : state.pubsub.pub.0000
2018-04-03 20:17:33,948: update.0            : MainProcess                     : MainThread     : DEBUG   : alive check in term
2018-04-03 20:17:33,948: update.0            : MainProcess                     : MainThread     : DEBUG   : START: update.0 register publisher control_pubsub
2018-04-03 20:17:33,948: update.0            : MainProcess                     : MainThread     : DEBUG   : using addr tcp://144.76.72.175:38689 for pubsub control_pubsub
2018-04-03 20:17:33,949: update.0            : MainProcess                     : MainThread     : DEBUG   : registered publisher : control_pubsub : control.pubsub.pub.0000
2018-04-03 20:17:33,949: update.0            : MainProcess                     : MainThread     : DEBUG   : parent name: update.0.watch
2018-04-03 20:17:33,950: update.0            : MainProcess                     : MainThread     : DEBUG   : start thread
2018-04-03 20:17:33,950: update.0            : MainProcess                     : update.0.watch : DEBUG   : child name: update.0.watch.thread
2018-04-03 20:17:33,950: update.0            : MainProcess                     : update.0.watch : INFO    : child (me) initializing
2018-04-03 20:17:33,950: update.0            : MainProcess                     : update.0.watch : DEBUG   : ru_initialize_common (NOOP)
2018-04-03 20:17:33,950: update.0            : MainProcess                     : update.0.watch : DEBUG   : ru_initialize_child (NOOP)
2018-04-03 20:17:33,950: update.0            : MainProcess                     : update.0.watch : INFO    : send alive
2018-04-03 20:17:33,950: update.0            : MainProcess                     : update.0.watch : INFO    : put message: [update.0.watch.thread] alive
2018-04-03 20:17:33,951: update.0            : MainProcess                     : MainThread     : INFO    : get msg: alive
2018-04-03 20:17:33,951: update.0            : MainProcess                     : MainThread     : DEBUG   : ru_initialize_common (NOOP)
2018-04-03 20:17:33,951: update.0            : MainProcess                     : MainThread     : DEBUG   : ru_initialize_parent (NOOP)
2018-04-03 20:17:33,951: update.0            : MainProcess                     : MainThread     : DEBUG   : child thread update.0.watch started
2018-04-03 20:17:33,951: update.0            : MainProcess                     : MainThread     : INFO    : child is alive
2018-04-03 20:17:33,951: update.0            : MainProcess                     : MainThread     : DEBUG   : process class started child
2018-04-03 20:31:22,167: update.0            : MainProcess                     : MainThread     : INFO    : stop update.0 (31675 : 31710 : MainThread) [radical.pilot.worker.update.Update.stop]
2018-04-03 20:31:22,212: update.0            : MainProcess                     : MainThread     : INFO    : parent stops child  31675 -> 31710 [update.0]
2018-04-03 20:31:22,212: update.0            : MainProcess                     : MainThread     : INFO    : send message: [update.0] STOP
2018-04-03 20:31:22,212: update.0            : MainProcess                     : MainThread     : DEBUG   : ru_finalize_common()
2018-04-03 20:31:22,212: update.0            : MainProcess                     : MainThread     : DEBUG   : TERM : update.0 unregister publisher log_pubsub
2018-04-03 20:31:22,213: update.0            : MainProcess                     : MainThread     : DEBUG   : unregistered publisher log_pubsub
2018-04-03 20:31:22,213: update.0            : MainProcess                     : MainThread     : DEBUG   : TERM : update.0 unregister publisher state_pubsub
2018-04-03 20:31:22,214: update.0            : MainProcess                     : MainThread     : DEBUG   : unregistered publisher state_pubsub
2018-04-03 20:31:22,214: update.0            : MainProcess                     : MainThread     : DEBUG   : TERM : update.0 unregister publisher control_pubsub
2018-04-03 20:31:22,215: update.0            : MainProcess                     : MainThread     : DEBUG   : unregistered publisher control_pubsub
2018-04-03 20:31:22,215: update.0            : MainProcess                     : MainThread     : DEBUG   : update.0 close prof
2018-04-03 20:31:22,254: update.0            : MainProcess                     : MainThread     : INFO    : parent stops child
2018-04-03 20:31:22,254: update.0            : MainProcess                     : MainThread     : DEBUG   : ru_finalize_parent (NOOP)
2018-04-03 20:31:22,254: update.0            : MainProcess                     : MainThread     : DEBUG   : ru_finalize_common (NOOP)
2018-04-03 20:31:22,292: update.0            : MainProcess                     : update.0.watch : INFO    : watcher closes
2018-04-03 20:31:22,292: update.0            : MainProcess                     : update.0.watch : INFO    : put message: [update.0.watch.thread] work finished
2018-04-03 20:31:22,292: update.0            : MainProcess                     : update.0.watch : DEBUG   : ru_finalize_child (NOOP)
2018-04-03 20:31:22,292: update.0            : MainProcess                     : update.0.watch : DEBUG   : ru_finalize_common (NOOP)
2018-04-03 20:31:22,292: update.0            : MainProcess                     : update.0.watch : INFO    : put message: [update.0.watch.thread] terminating
2018-04-03 20:31:25,213: update.0            : MainProcess                     : MainThread     : INFO    : stop update.0 (31675 : 31710 : MainThread) [radical.pilot.worker.update.Update.stop]
