2018-03-20 00:23:10,951: log.pubsub.pub.0004 : agent_0.executing.0             : MainThread     : INFO    : python.interpreter   version: 2.7.7 |Continuum Analytics, Inc.| (default, Jun 2 2014, 12:34:02) [GCC 4.1.2 20080704 (Red Hat 4.1.2-54)]
2018-03-20 00:23:10,954: log.pubsub.pub.0004 : agent_0.executing.0             : MainThread     : INFO    :                      pid: 94363
2018-03-20 00:23:10,954: log.pubsub.pub.0004 : agent_0.executing.0             : MainThread     : INFO    :                      tid: MainThread
2018-03-20 00:23:10,954: log.pubsub.pub.0004 : agent_0.executing.0             : MainThread     : INFO    : radical.pilot        version: 0.47-0.47-14-gb1dff8bd@devel
2018-03-20 00:23:10,954: log.pubsub.pub.0004 : agent_0.executing.0             : MainThread     : INFO    : create log_pubsub - pub - tcp://204.90.42.31:34836
2018-03-20 00:23:10,955: log.pubsub.pub.0004 : agent_0.executing.0             : MainThread     : DEBUG   : start process
2018-03-20 00:23:10,955: log.pubsub.pub.0004 : agent_0.executing.0             : MainThread     : DEBUG   : ru_initialize_common (NOOP)
2018-03-20 00:23:10,955: log.pubsub.pub.0004 : agent_0.executing.0             : MainThread     : DEBUG   : ru_initialize_parent (NOOP)
2018-03-20 00:23:10,955: log.pubsub.pub.0004 : agent_0.executing.0             : MainThread     : DEBUG   : process class started (no child)
2018-03-20 00:23:11,034: log.pubsub.pub.0004 : MainProcess                     : MainThread     : INFO    : python.interpreter   version: 2.7.7 |Continuum Analytics, Inc.| (default, Jun 2 2014, 12:34:02) [GCC 4.1.2 20080704 (Red Hat 4.1.2-54)]
2018-03-20 00:23:11,037: log.pubsub.pub.0004 : MainProcess                     : MainThread     : INFO    :                      pid: 94147
2018-03-20 00:23:11,037: log.pubsub.pub.0004 : MainProcess                     : MainThread     : INFO    :                      tid: MainThread
2018-03-20 00:23:11,037: log.pubsub.pub.0004 : MainProcess                     : MainThread     : INFO    : radical.pilot        version: 0.47-0.47-14-gb1dff8bd@devel
2018-03-20 00:23:11,037: log.pubsub.pub.0004 : MainProcess                     : MainThread     : INFO    : create log_pubsub - pub - tcp://204.90.42.31:34836
2018-03-20 00:23:11,038: log.pubsub.pub.0004 : MainProcess                     : MainThread     : DEBUG   : start process
2018-03-20 00:23:11,038: log.pubsub.pub.0004 : MainProcess                     : MainThread     : DEBUG   : ru_initialize_common (NOOP)
2018-03-20 00:23:11,038: log.pubsub.pub.0004 : MainProcess                     : MainThread     : DEBUG   : ru_initialize_parent (NOOP)
2018-03-20 00:23:11,038: log.pubsub.pub.0004 : MainProcess                     : MainThread     : DEBUG   : process class started (no child)
2018-03-20 00:23:23,696: log.pubsub.pub.0004 : agent_0.executing.0             : agent_0.executing.0.child.subscriber._cancel_monitor_cb: INFO    : parent stops child  94363 -> None [log.pubsub.pub.0004]
2018-03-20 00:23:23,696: log.pubsub.pub.0004 : agent_0.executing.0             : agent_0.executing.0.child.subscriber._cancel_monitor_cb: DEBUG   : ru_finalize_parent (NOOP)
2018-03-20 00:23:24,631: log.pubsub.pub.0004 : MainProcess                     : agent_0.idler._check_units_cb: INFO    : parent stops child  94147 -> None [log.pubsub.pub.0004]
2018-03-20 00:23:24,631: log.pubsub.pub.0004 : MainProcess                     : agent_0.idler._check_units_cb: DEBUG   : ru_finalize_parent (NOOP)
