2018-03-27 19:54:19,112: control.pubsub.sub.0002: umgr.0000.staging.input.0       : MainThread     : INFO    : python.interpreter   version: 2.7.14 (default, Sep 23 2017, 22:06:14) [GCC 7.2.0]
2018-03-27 19:54:19,112: control.pubsub.sub.0002: umgr.0000.staging.input.0       : MainThread     : INFO    :                      pid: 451
2018-03-27 19:54:19,112: control.pubsub.sub.0002: umgr.0000.staging.input.0       : MainThread     : INFO    :                      tid: MainThread
2018-03-27 19:54:19,112: control.pubsub.sub.0002: umgr.0000.staging.input.0       : MainThread     : INFO    : radical.pilot        version: 0.47-0.47-14-gb1dff8bd@devel
2018-03-27 19:54:19,112: control.pubsub.sub.0002: umgr.0000.staging.input.0       : MainThread     : INFO    : create control_pubsub - sub - tcp://144.76.72.175:43001
2018-03-27 19:54:19,113: control.pubsub.sub.0002: umgr.0000.staging.input.0       : MainThread     : DEBUG   : start process
2018-03-27 19:54:19,113: control.pubsub.sub.0002: umgr.0000.staging.input.0       : MainThread     : DEBUG   : ru_initialize_common (NOOP)
2018-03-27 19:54:19,113: control.pubsub.sub.0002: umgr.0000.staging.input.0       : MainThread     : DEBUG   : ru_initialize_parent (NOOP)
2018-03-27 19:54:19,113: control.pubsub.sub.0002: umgr.0000.staging.input.0       : MainThread     : DEBUG   : process class started (no child)
2018-03-27 19:54:19,320: control.pubsub.sub.0002: umgr.0000.scheduling.0          : MainThread     : INFO    : python.interpreter   version: 2.7.14 (default, Sep 23 2017, 22:06:14) [GCC 7.2.0]
2018-03-27 19:54:19,320: control.pubsub.sub.0002: umgr.0000.scheduling.0          : MainThread     : INFO    :                      pid: 496
2018-03-27 19:54:19,320: control.pubsub.sub.0002: umgr.0000.scheduling.0          : MainThread     : INFO    :                      tid: MainThread
2018-03-27 19:54:19,320: control.pubsub.sub.0002: umgr.0000.scheduling.0          : MainThread     : INFO    : radical.pilot        version: 0.47-0.47-14-gb1dff8bd@devel
2018-03-27 19:54:19,320: control.pubsub.sub.0002: umgr.0000.scheduling.0          : MainThread     : INFO    : create control_pubsub - sub - tcp://144.76.72.175:43001
2018-03-27 19:54:19,321: control.pubsub.sub.0002: umgr.0000.scheduling.0          : MainThread     : DEBUG   : start process
2018-03-27 19:54:19,321: control.pubsub.sub.0002: umgr.0000.scheduling.0          : MainThread     : DEBUG   : ru_initialize_common (NOOP)
2018-03-27 19:54:19,321: control.pubsub.sub.0002: umgr.0000.scheduling.0          : MainThread     : DEBUG   : ru_initialize_parent (NOOP)
2018-03-27 19:54:19,321: control.pubsub.sub.0002: umgr.0000.scheduling.0          : MainThread     : DEBUG   : process class started (no child)
2018-03-27 20:11:17,624: control.pubsub.sub.0002: umgr.0000.staging.input.0       : MainThread     : INFO    : parent stops child  451 -> None [control.pubsub.sub.0002]
2018-03-27 20:11:17,624: control.pubsub.sub.0002: umgr.0000.staging.input.0       : MainThread     : DEBUG   : ru_finalize_parent (NOOP)
2018-03-27 20:11:19,367: control.pubsub.sub.0002: umgr.0000.scheduling.0          : MainThread     : INFO    : parent stops child  496 -> None [control.pubsub.sub.0002]
2018-03-27 20:11:19,367: control.pubsub.sub.0002: umgr.0000.scheduling.0          : MainThread     : DEBUG   : ru_finalize_parent (NOOP)
