2018-03-27 19:54:12,015: log.pubsub.pub.0000 : update.0                        : MainThread     : INFO    : python.interpreter   version: 2.7.14 (default, Sep 23 2017, 22:06:14) [GCC 7.2.0]
2018-03-27 19:54:12,015: log.pubsub.pub.0000 : update.0                        : MainThread     : INFO    :                      pid: 328
2018-03-27 19:54:12,015: log.pubsub.pub.0000 : update.0                        : MainThread     : INFO    :                      tid: MainThread
2018-03-27 19:54:12,015: log.pubsub.pub.0000 : update.0                        : MainThread     : INFO    : radical.pilot        version: 0.47-0.47-14-gb1dff8bd@devel
2018-03-27 19:54:12,015: log.pubsub.pub.0000 : update.0                        : MainThread     : INFO    : create log_pubsub - pub - tcp://144.76.72.175:46313
2018-03-27 19:54:12,016: log.pubsub.pub.0000 : update.0                        : MainThread     : DEBUG   : start process
2018-03-27 19:54:12,016: log.pubsub.pub.0000 : update.0                        : MainThread     : DEBUG   : ru_initialize_common (NOOP)
2018-03-27 19:54:12,016: log.pubsub.pub.0000 : update.0                        : MainThread     : DEBUG   : ru_initialize_parent (NOOP)
2018-03-27 19:54:12,017: log.pubsub.pub.0000 : update.0                        : MainThread     : DEBUG   : process class started (no child)
2018-03-27 19:54:12,620: log.pubsub.pub.0000 : MainProcess                     : MainThread     : INFO    : python.interpreter   version: 2.7.14 (default, Sep 23 2017, 22:06:14) [GCC 7.2.0]
2018-03-27 19:54:12,621: log.pubsub.pub.0000 : MainProcess                     : MainThread     : INFO    :                      pid: 32761
2018-03-27 19:54:12,621: log.pubsub.pub.0000 : MainProcess                     : MainThread     : INFO    :                      tid: MainThread
2018-03-27 19:54:12,621: log.pubsub.pub.0000 : MainProcess                     : MainThread     : INFO    : radical.pilot        version: 0.47-0.47-14-gb1dff8bd@devel
2018-03-27 19:54:12,621: log.pubsub.pub.0000 : MainProcess                     : MainThread     : INFO    : create log_pubsub - pub - tcp://144.76.72.175:46313
2018-03-27 19:54:12,621: log.pubsub.pub.0000 : MainProcess                     : MainThread     : DEBUG   : start process
2018-03-27 19:54:12,621: log.pubsub.pub.0000 : MainProcess                     : MainThread     : DEBUG   : ru_initialize_common (NOOP)
2018-03-27 19:54:12,621: log.pubsub.pub.0000 : MainProcess                     : MainThread     : DEBUG   : ru_initialize_parent (NOOP)
2018-03-27 19:54:12,622: log.pubsub.pub.0000 : MainProcess                     : MainThread     : DEBUG   : process class started (no child)
2018-03-27 20:11:24,132: log.pubsub.pub.0000 : MainProcess                     : MainThread     : INFO    : parent stops child  32761 -> None [log.pubsub.pub.0000]
2018-03-27 20:11:24,133: log.pubsub.pub.0000 : MainProcess                     : MainThread     : DEBUG   : ru_finalize_parent (NOOP)
2018-03-27 20:11:24,422: log.pubsub.pub.0000 : update.0                        : MainThread     : INFO    : parent stops child  328 -> None [log.pubsub.pub.0000]
2018-03-27 20:11:24,423: log.pubsub.pub.0000 : update.0                        : MainThread     : DEBUG   : ru_finalize_parent (NOOP)
