2018-03-27 19:54:18,936: umgr.reschedule.pubsub.bridge.0000: MainProcess                     : MainThread     : INFO    : python.interpreter   version: 2.7.14 (default, Sep 23 2017, 22:06:14) [GCC 7.2.0]
2018-03-27 19:54:18,936: umgr.reschedule.pubsub.bridge.0000: MainProcess                     : MainThread     : INFO    :                      pid: 32761
2018-03-27 19:54:18,936: umgr.reschedule.pubsub.bridge.0000: MainProcess                     : MainThread     : INFO    :                      tid: MainThread
2018-03-27 19:54:18,936: umgr.reschedule.pubsub.bridge.0000: MainProcess                     : MainThread     : INFO    : radical.pilot        version: 0.47-0.47-14-gb1dff8bd@devel
2018-03-27 19:54:18,936: umgr.reschedule.pubsub.bridge.0000: MainProcess                     : MainThread     : INFO    : create umgr_reschedule_pubsub - bridge - tcp://*:*
2018-03-27 19:54:18,937: umgr.reschedule.pubsub.bridge.0000: MainProcess                     : MainThread     : DEBUG   : start process
2018-03-27 19:54:18,941: umgr.reschedule.pubsub.bridge.0000: umgr.reschedule.pubsub.bridge.0000: MainThread     : DEBUG   : ru_initialize_common (NOOP)
2018-03-27 19:54:18,945: umgr.reschedule.pubsub.bridge.0000: umgr.reschedule.pubsub.bridge.0000.child: MainThread     : INFO    : child (me) initializing
2018-03-27 19:54:18,945: umgr.reschedule.pubsub.bridge.0000: umgr.reschedule.pubsub.bridge.0000.child: MainThread     : DEBUG   : parent name: umgr.reschedule.pubsub.bridge.0000.child.watch
2018-03-27 19:54:18,945: umgr.reschedule.pubsub.bridge.0000: umgr.reschedule.pubsub.bridge.0000.child: MainThread     : DEBUG   : start thread
2018-03-27 19:54:18,945: umgr.reschedule.pubsub.bridge.0000: umgr.reschedule.pubsub.bridge.0000.child: umgr.reschedule.pubsub.bridge.0000.child.watch: DEBUG   : child name: umgr.reschedule.pubsub.bridge.0000.child.watch.thread
2018-03-27 19:54:18,946: umgr.reschedule.pubsub.bridge.0000: umgr.reschedule.pubsub.bridge.0000.child: umgr.reschedule.pubsub.bridge.0000.child.watch: INFO    : child (me) initializing
2018-03-27 19:54:18,946: umgr.reschedule.pubsub.bridge.0000: umgr.reschedule.pubsub.bridge.0000.child: umgr.reschedule.pubsub.bridge.0000.child.watch: DEBUG   : ru_initialize_common (NOOP)
2018-03-27 19:54:18,946: umgr.reschedule.pubsub.bridge.0000: umgr.reschedule.pubsub.bridge.0000.child: umgr.reschedule.pubsub.bridge.0000.child.watch: DEBUG   : ru_initialize_child (NOOP)
2018-03-27 19:54:18,946: umgr.reschedule.pubsub.bridge.0000: umgr.reschedule.pubsub.bridge.0000.child: umgr.reschedule.pubsub.bridge.0000.child.watch: INFO    : send alive
2018-03-27 19:54:18,946: umgr.reschedule.pubsub.bridge.0000: umgr.reschedule.pubsub.bridge.0000.child: umgr.reschedule.pubsub.bridge.0000.child.watch: INFO    : put message: [umgr.reschedule.pubsub.bridge.0000.child.watch.thread] alive
2018-03-27 19:54:18,947: umgr.reschedule.pubsub.bridge.0000: umgr.reschedule.pubsub.bridge.0000.child: MainThread     : INFO    : get msg: alive
2018-03-27 19:54:18,947: umgr.reschedule.pubsub.bridge.0000: umgr.reschedule.pubsub.bridge.0000.child: MainThread     : DEBUG   : ru_initialize_common (NOOP)
2018-03-27 19:54:18,947: umgr.reschedule.pubsub.bridge.0000: umgr.reschedule.pubsub.bridge.0000.child: MainThread     : DEBUG   : ru_initialize_parent (NOOP)
2018-03-27 19:54:18,947: umgr.reschedule.pubsub.bridge.0000: umgr.reschedule.pubsub.bridge.0000.child: MainThread     : DEBUG   : child thread umgr.reschedule.pubsub.bridge.0000.child.watch started
2018-03-27 19:54:18,947: umgr.reschedule.pubsub.bridge.0000: umgr.reschedule.pubsub.bridge.0000.child: MainThread     : INFO    : child (me) is alive
2018-03-27 19:54:18,947: umgr.reschedule.pubsub.bridge.0000: umgr.reschedule.pubsub.bridge.0000.child: MainThread     : INFO    : send alive
2018-03-27 19:54:18,947: umgr.reschedule.pubsub.bridge.0000: umgr.reschedule.pubsub.bridge.0000.child: MainThread     : INFO    : send message: [umgr.reschedule.pubsub.bridge.0000.child] alive
2018-03-27 19:54:18,947: umgr.reschedule.pubsub.bridge.0000: MainProcess                     : MainThread     : INFO    : recv message: alive
2018-03-27 19:54:18,947: umgr.reschedule.pubsub.bridge.0000: MainProcess                     : MainThread     : DEBUG   : ru_initialize_common (NOOP)
2018-03-27 19:54:18,947: umgr.reschedule.pubsub.bridge.0000: MainProcess                     : MainThread     : DEBUG   : ru_initialize_parent (NOOP)
2018-03-27 19:54:18,948: umgr.reschedule.pubsub.bridge.0000: MainProcess                     : MainThread     : DEBUG   : parent name: umgr.reschedule.pubsub.bridge.0000.watch
2018-03-27 19:54:18,948: umgr.reschedule.pubsub.bridge.0000: MainProcess                     : MainThread     : DEBUG   : start thread
2018-03-27 19:54:18,948: umgr.reschedule.pubsub.bridge.0000: MainProcess                     : umgr.reschedule.pubsub.bridge.0000.watch: DEBUG   : child name: umgr.reschedule.pubsub.bridge.0000.watch.thread
2018-03-27 19:54:18,948: umgr.reschedule.pubsub.bridge.0000: MainProcess                     : umgr.reschedule.pubsub.bridge.0000.watch: INFO    : child (me) initializing
2018-03-27 19:54:18,948: umgr.reschedule.pubsub.bridge.0000: MainProcess                     : umgr.reschedule.pubsub.bridge.0000.watch: DEBUG   : ru_initialize_common (NOOP)
2018-03-27 19:54:18,948: umgr.reschedule.pubsub.bridge.0000: MainProcess                     : umgr.reschedule.pubsub.bridge.0000.watch: DEBUG   : ru_initialize_child (NOOP)
2018-03-27 19:54:18,949: umgr.reschedule.pubsub.bridge.0000: MainProcess                     : umgr.reschedule.pubsub.bridge.0000.watch: INFO    : send alive
2018-03-27 19:54:18,949: umgr.reschedule.pubsub.bridge.0000: MainProcess                     : umgr.reschedule.pubsub.bridge.0000.watch: INFO    : put message: [umgr.reschedule.pubsub.bridge.0000.watch.thread] alive
2018-03-27 19:54:18,949: umgr.reschedule.pubsub.bridge.0000: MainProcess                     : MainThread     : INFO    : get msg: alive
2018-03-27 19:54:18,949: umgr.reschedule.pubsub.bridge.0000: MainProcess                     : MainThread     : DEBUG   : ru_initialize_common (NOOP)
2018-03-27 19:54:18,949: umgr.reschedule.pubsub.bridge.0000: MainProcess                     : MainThread     : DEBUG   : ru_initialize_parent (NOOP)
2018-03-27 19:54:18,949: umgr.reschedule.pubsub.bridge.0000: MainProcess                     : MainThread     : DEBUG   : child thread umgr.reschedule.pubsub.bridge.0000.watch started
2018-03-27 19:54:18,950: umgr.reschedule.pubsub.bridge.0000: MainProcess                     : MainThread     : INFO    : child is alive
2018-03-27 19:54:18,950: umgr.reschedule.pubsub.bridge.0000: MainProcess                     : MainThread     : DEBUG   : process class started child
2018-03-27 20:11:19,405: umgr.reschedule.pubsub.bridge.0000: MainProcess                     : MainThread     : INFO    : parent stops child  32761 -> 419 [umgr.reschedule.pubsub.bridge.0000]
2018-03-27 20:11:19,405: umgr.reschedule.pubsub.bridge.0000: MainProcess                     : MainThread     : INFO    : send message: [umgr.reschedule.pubsub.bridge.0000] STOP
2018-03-27 20:11:19,406: umgr.reschedule.pubsub.bridge.0000: MainProcess                     : MainThread     : DEBUG   : ru_finalize_parent (NOOP)
2018-03-27 20:11:19,406: umgr.reschedule.pubsub.bridge.0000: MainProcess                     : MainThread     : INFO    : parent stops child
2018-03-27 20:11:19,406: umgr.reschedule.pubsub.bridge.0000: MainProcess                     : MainThread     : DEBUG   : ru_finalize_parent (NOOP)
2018-03-27 20:11:19,406: umgr.reschedule.pubsub.bridge.0000: MainProcess                     : MainThread     : DEBUG   : ru_finalize_common (NOOP)
2018-03-27 20:11:19,457: umgr.reschedule.pubsub.bridge.0000: umgr.reschedule.pubsub.bridge.0000.child: umgr.reschedule.pubsub.bridge.0000.child.watch: INFO    : recv message: STOP
2018-03-27 20:11:19,457: umgr.reschedule.pubsub.bridge.0000: umgr.reschedule.pubsub.bridge.0000.child: umgr.reschedule.pubsub.bridge.0000.child.watch: INFO    : message received: STOP
2018-03-27 20:11:19,457: umgr.reschedule.pubsub.bridge.0000: umgr.reschedule.pubsub.bridge.0000.child: umgr.reschedule.pubsub.bridge.0000.child.watch: INFO    : STOP received: STOP
2018-03-27 20:11:19,457: umgr.reschedule.pubsub.bridge.0000: umgr.reschedule.pubsub.bridge.0000.child: umgr.reschedule.pubsub.bridge.0000.child.watch: INFO    : watcher closes
2018-03-27 20:11:19,457: umgr.reschedule.pubsub.bridge.0000: umgr.reschedule.pubsub.bridge.0000.child: umgr.reschedule.pubsub.bridge.0000.child.watch: INFO    : put message: [umgr.reschedule.pubsub.bridge.0000.child.watch.thread] work finished
2018-03-27 20:11:19,457: umgr.reschedule.pubsub.bridge.0000: umgr.reschedule.pubsub.bridge.0000.child: umgr.reschedule.pubsub.bridge.0000.child.watch: DEBUG   : ru_finalize_child (NOOP)
2018-03-27 20:11:19,457: umgr.reschedule.pubsub.bridge.0000: umgr.reschedule.pubsub.bridge.0000.child: umgr.reschedule.pubsub.bridge.0000.child.watch: DEBUG   : ru_finalize_common (NOOP)
2018-03-27 20:11:19,458: umgr.reschedule.pubsub.bridge.0000: umgr.reschedule.pubsub.bridge.0000.child: umgr.reschedule.pubsub.bridge.0000.child.watch: INFO    : put message: [umgr.reschedule.pubsub.bridge.0000.child.watch.thread] terminating
2018-03-27 20:11:19,537: umgr.reschedule.pubsub.bridge.0000: MainProcess                     : umgr.reschedule.pubsub.bridge.0000.watch: INFO    : watcher closes
2018-03-27 20:11:19,537: umgr.reschedule.pubsub.bridge.0000: MainProcess                     : umgr.reschedule.pubsub.bridge.0000.watch: INFO    : put message: [umgr.reschedule.pubsub.bridge.0000.watch.thread] work finished
2018-03-27 20:11:19,537: umgr.reschedule.pubsub.bridge.0000: MainProcess                     : umgr.reschedule.pubsub.bridge.0000.watch: DEBUG   : ru_finalize_child (NOOP)
2018-03-27 20:11:19,538: umgr.reschedule.pubsub.bridge.0000: MainProcess                     : umgr.reschedule.pubsub.bridge.0000.watch: DEBUG   : ru_finalize_common (NOOP)
2018-03-27 20:11:19,538: umgr.reschedule.pubsub.bridge.0000: MainProcess                     : umgr.reschedule.pubsub.bridge.0000.watch: INFO    : put message: [umgr.reschedule.pubsub.bridge.0000.watch.thread] terminating
2018-03-27 20:11:20,029: umgr.reschedule.pubsub.bridge.0000: umgr.reschedule.pubsub.bridge.0000.child: MainThread     : DEBUG   : ru_finalize_child (NOOP)
2018-03-27 20:11:20,029: umgr.reschedule.pubsub.bridge.0000: umgr.reschedule.pubsub.bridge.0000.child: MainThread     : INFO    : send message: [umgr.reschedule.pubsub.bridge.0000.child] terminating
2018-03-27 20:11:20,030: umgr.reschedule.pubsub.bridge.0000: umgr.reschedule.pubsub.bridge.0000.child: MainThread     : WARNING : send failed ([Errno 9] Bad file descriptor) - terminate
