2018-03-27 19:54:11,977: update.0            : MainProcess                     : MainThread     : INFO    : python.interpreter   version: 2.7.14 (default, Sep 23 2017, 22:06:14) [GCC 7.2.0]
2018-03-27 19:54:11,977: update.0            : MainProcess                     : MainThread     : INFO    :                      pid: 32761
2018-03-27 19:54:11,978: update.0            : MainProcess                     : MainThread     : INFO    :                      tid: MainThread
2018-03-27 19:54:11,978: update.0            : MainProcess                     : MainThread     : INFO    : radical.pilot        version: 0.47-0.47-14-gb1dff8bd@devel
2018-03-27 19:54:11,980: update.0            : MainProcess                     : MainThread     : DEBUG   : alive check in term
2018-03-27 19:54:11,980: update.0            : MainProcess                     : MainThread     : DEBUG   : start process
2018-03-27 19:54:12,618: update.0            : MainProcess                     : MainThread     : INFO    : recv message: alive
2018-03-27 19:54:12,618: update.0            : MainProcess                     : MainThread     : INFO    : initialize update.0
2018-03-27 19:54:12,620: update.0            : MainProcess                     : MainThread     : INFO    : cfg: {'agents': {},
 u'bridges': {u'control_pubsub': {'addr_in': 'tcp://144.76.72.175:46061',
                                  'addr_out': 'tcp://144.76.72.175:43001',
                                  u'bulk_size': 0,
                                  u'log_level': u'debug',
                                  u'stall_hwm': 1},
              u'log_pubsub': {'addr_in': 'tcp://144.76.72.175:46313',
                              'addr_out': 'tcp://144.76.72.175:41367',
                              u'bulk_size': 0,
                              u'log_level': u'debug',
                              u'stall_hwm': 1},
              u'state_pubsub': {'addr_in': 'tcp://144.76.72.175:37729',
                                'addr_out': 'tcp://144.76.72.175:43955',
                                u'bulk_size': 0,
                                u'log_level': u'debug',
                                u'stall_hwm': 1}},
 'cname': u'UpdateWorker',
 u'components': {},
 u'count': 1,
 'dburl': 'mongodb://rp:rp@ds015335.mlab.com:15335/rp',
 'debug': 'DEBUG',
 u'default_dburl': u'mongodb://rp:rp@ds015335.mlab.com:15335/rp',
 'logdir': '/home/george/launch-methods-project/orte-example/rp.session.one.george.017617.0009',
 'number': 0,
 'owner': 'rp.session.one.george.017617.0009',
 'session_id': 'rp.session.one.george.017617.0009'}
2018-03-27 19:54:12,620: update.0            : MainProcess                     : MainThread     : DEBUG   : alive check in term
2018-03-27 19:54:12,620: update.0            : MainProcess                     : MainThread     : DEBUG   : START: update.0 register publisher log_pubsub
2018-03-27 19:54:12,620: update.0            : MainProcess                     : MainThread     : DEBUG   : using addr tcp://144.76.72.175:46313 for pubsub log_pubsub
2018-03-27 19:54:12,622: update.0            : MainProcess                     : MainThread     : DEBUG   : registered publisher : log_pubsub : log.pubsub.pub.0000
2018-03-27 19:54:12,622: update.0            : MainProcess                     : MainThread     : DEBUG   : alive check in term
2018-03-27 19:54:12,622: update.0            : MainProcess                     : MainThread     : DEBUG   : START: update.0 register publisher state_pubsub
2018-03-27 19:54:12,622: update.0            : MainProcess                     : MainThread     : DEBUG   : using addr tcp://144.76.72.175:37729 for pubsub state_pubsub
2018-03-27 19:54:12,623: update.0            : MainProcess                     : MainThread     : DEBUG   : registered publisher : state_pubsub : state.pubsub.pub.0000
2018-03-27 19:54:12,623: update.0            : MainProcess                     : MainThread     : DEBUG   : alive check in term
2018-03-27 19:54:12,623: update.0            : MainProcess                     : MainThread     : DEBUG   : START: update.0 register publisher control_pubsub
2018-03-27 19:54:12,623: update.0            : MainProcess                     : MainThread     : DEBUG   : using addr tcp://144.76.72.175:46061 for pubsub control_pubsub
2018-03-27 19:54:12,625: update.0            : MainProcess                     : MainThread     : DEBUG   : registered publisher : control_pubsub : control.pubsub.pub.0000
2018-03-27 19:54:12,625: update.0            : MainProcess                     : MainThread     : DEBUG   : parent name: update.0.watch
2018-03-27 19:54:12,626: update.0            : MainProcess                     : MainThread     : DEBUG   : start thread
2018-03-27 19:54:12,626: update.0            : MainProcess                     : update.0.watch : DEBUG   : child name: update.0.watch.thread
2018-03-27 19:54:12,626: update.0            : MainProcess                     : update.0.watch : INFO    : child (me) initializing
2018-03-27 19:54:12,626: update.0            : MainProcess                     : update.0.watch : DEBUG   : ru_initialize_common (NOOP)
2018-03-27 19:54:12,626: update.0            : MainProcess                     : update.0.watch : DEBUG   : ru_initialize_child (NOOP)
2018-03-27 19:54:12,626: update.0            : MainProcess                     : update.0.watch : INFO    : send alive
2018-03-27 19:54:12,626: update.0            : MainProcess                     : update.0.watch : INFO    : put message: [update.0.watch.thread] alive
2018-03-27 19:54:12,627: update.0            : MainProcess                     : MainThread     : INFO    : get msg: alive
2018-03-27 19:54:12,627: update.0            : MainProcess                     : MainThread     : DEBUG   : ru_initialize_common (NOOP)
2018-03-27 19:54:12,627: update.0            : MainProcess                     : MainThread     : DEBUG   : ru_initialize_parent (NOOP)
2018-03-27 19:54:12,627: update.0            : MainProcess                     : MainThread     : DEBUG   : child thread update.0.watch started
2018-03-27 19:54:12,627: update.0            : MainProcess                     : MainThread     : INFO    : child is alive
2018-03-27 19:54:12,627: update.0            : MainProcess                     : MainThread     : DEBUG   : process class started child
2018-03-27 20:11:24,119: update.0            : MainProcess                     : MainThread     : INFO    : stop update.0 (32761 : 328 : MainThread) [radical.pilot.worker.update.Update.stop]
2018-03-27 20:11:24,132: update.0            : MainProcess                     : MainThread     : INFO    : parent stops child  32761 -> 328 [update.0]
2018-03-27 20:11:24,132: update.0            : MainProcess                     : MainThread     : INFO    : send message: [update.0] STOP
2018-03-27 20:11:24,132: update.0            : MainProcess                     : MainThread     : DEBUG   : ru_finalize_common()
2018-03-27 20:11:24,132: update.0            : MainProcess                     : MainThread     : DEBUG   : TERM : update.0 unregister publisher log_pubsub
2018-03-27 20:11:24,133: update.0            : MainProcess                     : MainThread     : DEBUG   : unregistered publisher log_pubsub
2018-03-27 20:11:24,133: update.0            : MainProcess                     : MainThread     : DEBUG   : TERM : update.0 unregister publisher state_pubsub
2018-03-27 20:11:24,134: update.0            : MainProcess                     : MainThread     : DEBUG   : unregistered publisher state_pubsub
2018-03-27 20:11:24,135: update.0            : MainProcess                     : MainThread     : DEBUG   : TERM : update.0 unregister publisher control_pubsub
2018-03-27 20:11:24,135: update.0            : MainProcess                     : MainThread     : DEBUG   : unregistered publisher control_pubsub
2018-03-27 20:11:24,136: update.0            : MainProcess                     : MainThread     : DEBUG   : update.0 close prof
2018-03-27 20:11:24,149: update.0            : MainProcess                     : MainThread     : INFO    : parent stops child
2018-03-27 20:11:24,149: update.0            : MainProcess                     : MainThread     : DEBUG   : ru_finalize_parent (NOOP)
2018-03-27 20:11:24,149: update.0            : MainProcess                     : MainThread     : DEBUG   : ru_finalize_common (NOOP)
2018-03-27 20:11:24,252: update.0            : MainProcess                     : update.0.watch : INFO    : watcher closes
2018-03-27 20:11:24,252: update.0            : MainProcess                     : update.0.watch : INFO    : put message: [update.0.watch.thread] work finished
2018-03-27 20:11:24,252: update.0            : MainProcess                     : update.0.watch : DEBUG   : ru_finalize_child (NOOP)
2018-03-27 20:11:24,252: update.0            : MainProcess                     : update.0.watch : DEBUG   : ru_finalize_common (NOOP)
2018-03-27 20:11:24,252: update.0            : MainProcess                     : update.0.watch : INFO    : put message: [update.0.watch.thread] terminating
2018-03-27 20:11:27,116: update.0            : MainProcess                     : MainThread     : INFO    : stop update.0 (32761 : 328 : MainThread) [radical.pilot.worker.update.Update.stop]
