2018-04-04 01:31:34,533: log.pubsub.pub.0003 : umgr.0000.staging.input.0       : MainThread     : INFO    : python.interpreter   version: 2.7.14 (default, Sep 23 2017, 22:06:14) [GCC 7.2.0]
2018-04-04 01:31:34,534: log.pubsub.pub.0003 : umgr.0000.staging.input.0       : MainThread     : INFO    :                      pid: 14968
2018-04-04 01:31:34,534: log.pubsub.pub.0003 : umgr.0000.staging.input.0       : MainThread     : INFO    :                      tid: MainThread
2018-04-04 01:31:34,534: log.pubsub.pub.0003 : umgr.0000.staging.input.0       : MainThread     : INFO    : radical.pilot        version: 0.47-0.47-14-gb1dff8bd@devel
2018-04-04 01:31:34,534: log.pubsub.pub.0003 : umgr.0000.staging.input.0       : MainThread     : INFO    : create log_pubsub - pub - tcp://144.76.72.175:37073
2018-04-04 01:31:34,534: log.pubsub.pub.0003 : umgr.0000.staging.input.0       : MainThread     : DEBUG   : start process
2018-04-04 01:31:34,534: log.pubsub.pub.0003 : umgr.0000.staging.input.0       : MainThread     : DEBUG   : ru_initialize_common (NOOP)
2018-04-04 01:31:34,534: log.pubsub.pub.0003 : umgr.0000.staging.input.0       : MainThread     : DEBUG   : ru_initialize_parent (NOOP)
2018-04-04 01:31:34,534: log.pubsub.pub.0003 : umgr.0000.staging.input.0       : MainThread     : DEBUG   : process class started (no child)
2018-04-04 01:31:34,583: log.pubsub.pub.0003 : MainProcess                     : MainThread     : INFO    : python.interpreter   version: 2.7.14 (default, Sep 23 2017, 22:06:14) [GCC 7.2.0]
2018-04-04 01:31:34,584: log.pubsub.pub.0003 : MainProcess                     : MainThread     : INFO    :                      pid: 14829
2018-04-04 01:31:34,584: log.pubsub.pub.0003 : MainProcess                     : MainThread     : INFO    :                      tid: MainThread
2018-04-04 01:31:34,584: log.pubsub.pub.0003 : MainProcess                     : MainThread     : INFO    : radical.pilot        version: 0.47-0.47-14-gb1dff8bd@devel
2018-04-04 01:31:34,584: log.pubsub.pub.0003 : MainProcess                     : MainThread     : INFO    : create log_pubsub - pub - tcp://144.76.72.175:37073
2018-04-04 01:31:34,585: log.pubsub.pub.0003 : MainProcess                     : MainThread     : DEBUG   : start process
2018-04-04 01:31:34,585: log.pubsub.pub.0003 : MainProcess                     : MainThread     : DEBUG   : ru_initialize_common (NOOP)
2018-04-04 01:31:34,585: log.pubsub.pub.0003 : MainProcess                     : MainThread     : DEBUG   : ru_initialize_parent (NOOP)
2018-04-04 01:31:34,585: log.pubsub.pub.0003 : MainProcess                     : MainThread     : DEBUG   : process class started (no child)
2018-04-04 01:44:55,401: log.pubsub.pub.0003 : MainProcess                     : MainThread     : INFO    : parent stops child  14829 -> None [log.pubsub.pub.0003]
2018-04-04 01:44:55,401: log.pubsub.pub.0003 : MainProcess                     : MainThread     : DEBUG   : ru_finalize_parent (NOOP)
2018-04-04 01:44:56,298: log.pubsub.pub.0003 : umgr.0000.staging.input.0       : MainThread     : INFO    : parent stops child  14968 -> None [log.pubsub.pub.0003]
2018-04-04 01:44:56,298: log.pubsub.pub.0003 : umgr.0000.staging.input.0       : MainThread     : DEBUG   : ru_finalize_parent (NOOP)
