2018-04-03 13:39:37,844: log.pubsub.pub.0000 : agent_0.staging.output.0        : MainThread     : INFO    : python.interpreter   version: 2.7.7 |Continuum Analytics, Inc.| (default, Jun 2 2014, 12:34:02) [GCC 4.1.2 20080704 (Red Hat 4.1.2-54)]
2018-04-03 13:39:37,847: log.pubsub.pub.0000 : agent_0.staging.output.0        : MainThread     : INFO    :                      pid: 4758
2018-04-03 13:39:37,847: log.pubsub.pub.0000 : agent_0.staging.output.0        : MainThread     : INFO    :                      tid: MainThread
2018-04-03 13:39:37,847: log.pubsub.pub.0000 : agent_0.staging.output.0        : MainThread     : INFO    : radical.pilot        version: 0.47-0.47-14-gb1dff8bd@devel
2018-04-03 13:39:37,847: log.pubsub.pub.0000 : agent_0.staging.output.0        : MainThread     : INFO    : create log_pubsub - pub - tcp://204.90.41.12:38991
2018-04-03 13:39:37,848: log.pubsub.pub.0000 : agent_0.staging.output.0        : MainThread     : DEBUG   : start process
2018-04-03 13:39:37,848: log.pubsub.pub.0000 : agent_0.staging.output.0        : MainThread     : DEBUG   : ru_initialize_common (NOOP)
2018-04-03 13:39:37,848: log.pubsub.pub.0000 : agent_0.staging.output.0        : MainThread     : DEBUG   : ru_initialize_parent (NOOP)
2018-04-03 13:39:37,848: log.pubsub.pub.0000 : agent_0.staging.output.0        : MainThread     : DEBUG   : process class started (no child)
2018-04-03 13:39:37,889: log.pubsub.pub.0000 : MainProcess                     : MainThread     : INFO    : python.interpreter   version: 2.7.7 |Continuum Analytics, Inc.| (default, Jun 2 2014, 12:34:02) [GCC 4.1.2 20080704 (Red Hat 4.1.2-54)]
2018-04-03 13:39:37,893: log.pubsub.pub.0000 : MainProcess                     : MainThread     : INFO    :                      pid: 4657
2018-04-03 13:39:37,893: log.pubsub.pub.0000 : MainProcess                     : MainThread     : INFO    :                      tid: MainThread
2018-04-03 13:39:37,893: log.pubsub.pub.0000 : MainProcess                     : MainThread     : INFO    : radical.pilot        version: 0.47-0.47-14-gb1dff8bd@devel
2018-04-03 13:39:37,893: log.pubsub.pub.0000 : MainProcess                     : MainThread     : INFO    : create log_pubsub - pub - tcp://204.90.41.12:38991
2018-04-03 13:39:37,894: log.pubsub.pub.0000 : MainProcess                     : MainThread     : DEBUG   : start process
2018-04-03 13:39:37,894: log.pubsub.pub.0000 : MainProcess                     : MainThread     : DEBUG   : ru_initialize_common (NOOP)
2018-04-03 13:39:37,894: log.pubsub.pub.0000 : MainProcess                     : MainThread     : DEBUG   : ru_initialize_parent (NOOP)
2018-04-03 13:39:37,894: log.pubsub.pub.0000 : MainProcess                     : MainThread     : DEBUG   : process class started (no child)
2018-04-03 13:51:52,459: log.pubsub.pub.0000 : agent_0.staging.output.0        : agent_0.staging.output.0.child.subscriber._cancel_monitor_cb: INFO    : parent stops child  4758 -> None [log.pubsub.pub.0000]
2018-04-03 13:51:52,459: log.pubsub.pub.0000 : agent_0.staging.output.0        : agent_0.staging.output.0.child.subscriber._cancel_monitor_cb: DEBUG   : ru_finalize_parent (NOOP)
2018-04-03 13:51:52,880: log.pubsub.pub.0000 : MainProcess                     : agent_0.idler._check_units_cb: INFO    : parent stops child  4657 -> None [log.pubsub.pub.0000]
2018-04-03 13:51:52,881: log.pubsub.pub.0000 : MainProcess                     : agent_0.idler._check_units_cb: DEBUG   : ru_finalize_parent (NOOP)
