2018-04-03 13:39:38,523: update.0.child      : update.0                        : MainThread     : INFO    : python.interpreter   version: 2.7.7 |Continuum Analytics, Inc.| (default, Jun 2 2014, 12:34:02) [GCC 4.1.2 20080704 (Red Hat 4.1.2-54)]
2018-04-03 13:39:38,526: update.0.child      : update.0                        : MainThread     : INFO    :                      pid: 4830
2018-04-03 13:39:38,526: update.0.child      : update.0                        : MainThread     : INFO    :                      tid: MainThread
2018-04-03 13:39:38,527: update.0.child      : update.0                        : MainThread     : INFO    : radical.pilot        version: 0.47-0.47-14-gb1dff8bd@devel
2018-04-03 13:39:38,581: update.0.child      : update.0                        : MainThread     : INFO    : initialize update.0.child
2018-04-03 13:39:38,588: update.0.child      : update.0                        : MainThread     : INFO    : cfg: {'agent_launch_method': 'SSH',
 'agent_name': 'agent_0',
 'agents': {},
 'bridges': {'agent_executing_queue': {'addr_in': 'tcp://204.90.41.12:37502',
                                       'addr_out': 'tcp://204.90.41.12:41481',
                                       'bulk_size': 0,
                                       'log_level': 'debug',
                                       'stall_hwm': 1},
             'agent_reschedule_pubsub': {'addr_in': 'tcp://204.90.41.12:41964',
                                         'addr_out': 'tcp://204.90.41.12:44590',
                                         'bulk_size': 0,
                                         'log_level': 'debug',
                                         'stall_hwm': 1},
             'agent_scheduling_queue': {'addr_in': 'tcp://204.90.41.12:39650',
                                        'addr_out': 'tcp://204.90.41.12:37366',
                                        'bulk_size': 0,
                                        'log_level': 'debug',
                                        'stall_hwm': 1},
             'agent_staging_input_queue': {'addr_in': 'tcp://204.90.41.12:36856',
                                           'addr_out': 'tcp://204.90.41.12:38976',
                                           'bulk_size': 0,
                                           'log_level': 'debug',
                                           'stall_hwm': 1},
             'agent_staging_output_queue': {'addr_in': 'tcp://204.90.41.12:37973',
                                            'addr_out': 'tcp://204.90.41.12:36584',
                                            'bulk_size': 0,
                                            'log_level': 'debug',
                                            'stall_hwm': 1},
             'agent_unschedule_pubsub': {'addr_in': 'tcp://204.90.41.12:38631',
                                         'addr_out': 'tcp://204.90.41.12:36679',
                                         'bulk_size': 0,
                                         'log_level': 'debug',
                                         'stall_hwm': 1},
             'control_pubsub': {'addr_in': 'tcp://204.90.41.12:33723',
                                'addr_out': 'tcp://204.90.41.12:41885',
                                'bulk_size': 0,
                                'log_level': 'debug',
                                'stall_hwm': 1},
             'log_pubsub': {'addr_in': 'tcp://204.90.41.12:38991',
                            'addr_out': 'tcp://204.90.41.12:41598',
                            'bulk_size': 0,
                            'log_level': 'debug',
                            'stall_hwm': 1},
             'state_pubsub': {'addr_in': 'tcp://204.90.41.12:37909',
                              'addr_out': 'tcp://204.90.41.12:44093',
                              'bulk_size': 0,
                              'log_level': 'debug',
                              'stall_hwm': 1}},
 'bulk_collection_size': 100,
 'bulk_collection_time': 1.0,
 'cname': 'UpdateWorker',
 'components': {},
 'cores': 140,
 'cores_per_node': 20,
 'count': 1,
 'cu_post_exec': None,
 'cu_pre_exec': None,
 'cu_tmp': None,
 'db_poll_sleeptime': 1.0,
 'dburl': 'mongodb://rp:rp@ds015335.mlab.com:15335/rp',
 'debug': 10,
 'export_to_cu': None,
 'logdir': '.',
 'lrms': 'TORQUE',
 'lrms_info': {'agent_nodes': {},
               'cores_per_node': 20,
               'lm_info': {},
               'name': 'Torque',
               'node_list': ['smic012',
                             'smic063',
                             'smic067',
                             'smic070',
                             'smic238',
                             'smic243',
                             'smic250']},
 'max_io_loglength': 1024,
 'mode': 'shared',
 'mpi_launch_method': 'MPIEXEC',
 'number': 0,
 'owner': 'agent_0',
 'pilot_id': 'pilot.0000',
 'pilot_sandbox': '/work/gchantzi/radical.pilot.sandbox/rp.session.one.george.017624.0005/pilot.0000/',
 'resource_cfg': {'agent_launch_method': 'SSH',
                  'agent_scheduler': 'CONTINUOUS',
                  'agent_spawner': 'POPEN',
                  'cores_per_node': '20',
                  'default_queue': 'workq',
                  'default_remote_workdir': '/work/$USER',
                  'description': "SuperMIC (pronounced 'Super Mick') is Louisiana State University's (LSU) newest supercomputer funded by the National Science Foundation's (NSF) Major Research Instrumentation (MRI) award to the Center for Computation & Technology. (https://portal.xsede.org/lsu-supermic)",
                  'filesystem_endpoint': 'gsisftp://supermic.cct-lsu.xsede.org:2222/',
                  'gsissh': {'filesystem_endpoint': 'gsisftp://supermic.cct-lsu.xsede.org:2222/',
                             'job_manager_endpoint': 'torque+gsissh://supermic.cct-lsu.xsede.org:2222/'},
                  'job_manager_endpoint': 'torque+gsissh://supermic.cct-lsu.xsede.org:2222/',
                  'label': 'xsede.supermic_ssh',
                  'lrms': 'TORQUE',
                  'mpi_launch_method': 'MPIEXEC',
                  'notes': 'Partially allocated through XSEDE. Primary access through GSISSH. Allows SSH key authentication too.',
                  'pre_bootstrap_1': ['module load python/2.7.7-anaconda'],
                  'python_dist': 'default',
                  'rp_version': 'local',
                  'schemas': ['gsissh', 'ssh'],
                  'ssh': {'filesystem_endpoint': 'sftp://supermic.cct-lsu.xsede.org/',
                          'job_manager_endpoint': 'torque+ssh://supermic.cct-lsu.xsede.org/'},
                  'task_launch_method': 'SSH',
                  'valid_roots': ['/work'],
                  'virtenv_mode': 'create'},
 'resource_sandbox': '/work/gchantzi/radical.pilot.sandbox',
 'runtime': 25,
 'scheduler': 'CONTINUOUS',
 'session_id': 'rp.session.one.george.017624.0005',
 'session_sandbox': '/work/gchantzi/radical.pilot.sandbox/rp.session.one.george.017624.0005',
 'spawner': 'POPEN',
 'staging_area': 'staging_area',
 'staging_schema': 'staging',
 'target': 'local',
 'task_launch_method': 'SSH',
 'uid': 'agent_0',
 'workdir': '/worka/work/gchantzi/radical.pilot.sandbox/rp.session.one.george.017624.0005/pilot.0000'}
2018-04-03 13:39:38,588: update.0.child      : update.0                        : MainThread     : DEBUG   : start components: {}
2018-04-03 13:39:38,588: update.0.child      : update.0                        : MainThread     : DEBUG   : alive check in term
2018-04-03 13:39:38,588: update.0.child      : update.0                        : MainThread     : DEBUG   : START: update.0.child register publisher log_pubsub
2018-04-03 13:39:38,588: update.0.child      : update.0                        : MainThread     : DEBUG   : using addr tcp://204.90.41.12:38991 for pubsub log_pubsub
2018-04-03 13:39:38,595: update.0.child      : update.0                        : MainThread     : DEBUG   : registered publisher : log_pubsub : log.pubsub.pub.0003
2018-04-03 13:39:38,595: update.0.child      : update.0                        : MainThread     : DEBUG   : alive check in term
2018-04-03 13:39:38,595: update.0.child      : update.0                        : MainThread     : DEBUG   : START: update.0.child register publisher state_pubsub
2018-04-03 13:39:38,595: update.0.child      : update.0                        : MainThread     : DEBUG   : using addr tcp://204.90.41.12:37909 for pubsub state_pubsub
2018-04-03 13:39:38,601: update.0.child      : update.0                        : MainThread     : DEBUG   : registered publisher : state_pubsub : state.pubsub.pub.0003
2018-04-03 13:39:38,601: update.0.child      : update.0                        : MainThread     : DEBUG   : alive check in term
2018-04-03 13:39:38,601: update.0.child      : update.0                        : MainThread     : DEBUG   : START: update.0.child register publisher control_pubsub
2018-04-03 13:39:38,601: update.0.child      : update.0                        : MainThread     : DEBUG   : using addr tcp://204.90.41.12:33723 for pubsub control_pubsub
2018-04-03 13:39:38,608: update.0.child      : update.0                        : MainThread     : DEBUG   : registered publisher : control_pubsub : control.pubsub.pub.0003
2018-04-03 13:39:38,609: update.0.child      : update.0                        : MainThread     : DEBUG   : alive check in term
2018-04-03 13:39:38,609: update.0.child      : update.0                        : MainThread     : DEBUG   : START: update.0.child register subscriber update.0.child.subscriber._cancel_monitor_cb
2018-04-03 13:39:38,610: update.0.child      : update.0                        : MainThread     : DEBUG   : using addr tcp://204.90.41.12:41885 for pubsub control_pubsub
2018-04-03 13:39:38,615: update.0.child      : update.0                        : MainThread     : DEBUG   : parent name: update.0.child.subscriber._cancel_monitor_cb
2018-04-03 13:39:38,615: update.0.child      : update.0                        : MainThread     : DEBUG   : start thread
2018-04-03 13:39:38,615: update.0.child      : update.0                        : update.0.child.subscriber._cancel_monitor_cb: DEBUG   : child name: update.0.child.subscriber._cancel_monitor_cb.thread
2018-04-03 13:39:38,616: update.0.child      : update.0                        : update.0.child.subscriber._cancel_monitor_cb: INFO    : child (me) initializing
2018-04-03 13:39:38,616: update.0.child      : update.0                        : update.0.child.subscriber._cancel_monitor_cb: DEBUG   : ru_initialize_common (NOOP)
2018-04-03 13:39:38,616: update.0.child      : update.0                        : update.0.child.subscriber._cancel_monitor_cb: DEBUG   : ru_initialize_child (NOOP)
2018-04-03 13:39:38,616: update.0.child      : update.0                        : update.0.child.subscriber._cancel_monitor_cb: INFO    : send alive
2018-04-03 13:39:38,616: update.0.child      : update.0                        : update.0.child.subscriber._cancel_monitor_cb: INFO    : put message: [update.0.child.subscriber._cancel_monitor_cb.thread] alive
2018-04-03 13:39:38,617: update.0.child      : update.0                        : MainThread     : INFO    : get msg: alive
2018-04-03 13:39:38,617: update.0.child      : update.0                        : MainThread     : DEBUG   : ru_initialize_common (NOOP)
2018-04-03 13:39:38,617: update.0.child      : update.0                        : MainThread     : DEBUG   : ru_initialize_parent (NOOP)
2018-04-03 13:39:38,617: update.0.child      : update.0                        : MainThread     : DEBUG   : child thread update.0.child.subscriber._cancel_monitor_cb started
2018-04-03 13:39:38,617: update.0.child      : update.0                        : MainThread     : DEBUG   : update.0.child registered control_pubsub subscriber update.0.child.subscriber._cancel_monitor_cb
2018-04-03 13:39:38,902: update.0.child      : update.0                        : MainThread     : DEBUG   : alive check in term
2018-04-03 13:39:38,902: update.0.child      : update.0                        : MainThread     : DEBUG   : START: update.0.child register subscriber update.0.child.subscriber._state_cb
2018-04-03 13:39:38,902: update.0.child      : update.0                        : MainThread     : DEBUG   : using addr tcp://204.90.41.12:44093 for pubsub state_pubsub
2018-04-03 13:39:38,908: update.0.child      : update.0                        : MainThread     : DEBUG   : parent name: update.0.child.subscriber._state_cb
2018-04-03 13:39:38,908: update.0.child      : update.0                        : MainThread     : DEBUG   : start thread
2018-04-03 13:39:38,908: update.0.child      : update.0                        : update.0.child.subscriber._state_cb: DEBUG   : child name: update.0.child.subscriber._state_cb.thread
2018-04-03 13:39:38,908: update.0.child      : update.0                        : update.0.child.subscriber._state_cb: INFO    : child (me) initializing
2018-04-03 13:39:38,908: update.0.child      : update.0                        : update.0.child.subscriber._state_cb: DEBUG   : ru_initialize_common (NOOP)
2018-04-03 13:39:38,908: update.0.child      : update.0                        : update.0.child.subscriber._state_cb: DEBUG   : ru_initialize_child (NOOP)
2018-04-03 13:39:38,908: update.0.child      : update.0                        : update.0.child.subscriber._state_cb: INFO    : send alive
2018-04-03 13:39:38,909: update.0.child      : update.0                        : update.0.child.subscriber._state_cb: INFO    : put message: [update.0.child.subscriber._state_cb.thread] alive
2018-04-03 13:39:38,909: update.0.child      : update.0                        : MainThread     : INFO    : get msg: alive
2018-04-03 13:39:38,909: update.0.child      : update.0                        : MainThread     : DEBUG   : ru_initialize_common (NOOP)
2018-04-03 13:39:38,909: update.0.child      : update.0                        : MainThread     : DEBUG   : ru_initialize_parent (NOOP)
2018-04-03 13:39:38,909: update.0.child      : update.0                        : MainThread     : DEBUG   : child thread update.0.child.subscriber._state_cb started
2018-04-03 13:39:38,910: update.0.child      : update.0                        : MainThread     : DEBUG   : update.0.child registered state_pubsub subscriber update.0.child.subscriber._state_cb
2018-04-03 13:39:38,910: update.0.child      : update.0                        : MainThread     : DEBUG   : alive check in term
2018-04-03 13:39:38,910: update.0.child      : update.0                        : MainThread     : DEBUG   : START: update.0.child register idler update.0.child.idler._idle_cb
2018-04-03 13:39:38,910: update.0.child      : update.0                        : MainThread     : DEBUG   : parent name: update.0.child.idler._idle_cb
2018-04-03 13:39:38,910: update.0.child      : update.0                        : MainThread     : DEBUG   : start thread
2018-04-03 13:39:38,910: update.0.child      : update.0                        : update.0.child.idler._idle_cb: DEBUG   : child name: update.0.child.idler._idle_cb.thread
2018-04-03 13:39:38,910: update.0.child      : update.0                        : update.0.child.idler._idle_cb: INFO    : child (me) initializing
2018-04-03 13:39:38,910: update.0.child      : update.0                        : update.0.child.idler._idle_cb: DEBUG   : ru_initialize_common (NOOP)
2018-04-03 13:39:38,910: update.0.child      : update.0                        : update.0.child.idler._idle_cb: DEBUG   : ru_initialize_child (NOOP)
2018-04-03 13:39:38,911: update.0.child      : update.0                        : update.0.child.idler._idle_cb: INFO    : send alive
2018-04-03 13:39:38,911: update.0.child      : update.0                        : update.0.child.idler._idle_cb: INFO    : put message: [update.0.child.idler._idle_cb.thread] alive
2018-04-03 13:39:38,911: update.0.child      : update.0                        : MainThread     : INFO    : get msg: alive
2018-04-03 13:39:38,912: update.0.child      : update.0                        : MainThread     : DEBUG   : ru_initialize_common (NOOP)
2018-04-03 13:39:38,912: update.0.child      : update.0                        : MainThread     : DEBUG   : ru_initialize_parent (NOOP)
2018-04-03 13:39:38,912: update.0.child      : update.0                        : MainThread     : DEBUG   : child thread update.0.child.idler._idle_cb started
2018-04-03 13:39:38,912: update.0.child      : update.0                        : MainThread     : DEBUG   : update.0.child registered idler update.0.child.idler._idle_cb
2018-04-03 13:39:38,912: update.0.child      : update.0                        : MainThread     : INFO    : child (me) initializing
2018-04-03 13:39:38,912: update.0.child      : update.0                        : MainThread     : DEBUG   : parent name: update.0.child.watch
2018-04-03 13:39:38,912: update.0.child      : update.0                        : MainThread     : DEBUG   : start thread
2018-04-03 13:39:38,912: update.0.child      : update.0                        : update.0.child.watch: DEBUG   : child name: update.0.child.watch.thread
2018-04-03 13:39:38,913: update.0.child      : update.0                        : update.0.child.watch: INFO    : child (me) initializing
2018-04-03 13:39:38,913: update.0.child      : update.0                        : update.0.child.watch: DEBUG   : ru_initialize_common (NOOP)
2018-04-03 13:39:38,913: update.0.child      : update.0                        : update.0.child.watch: DEBUG   : ru_initialize_child (NOOP)
2018-04-03 13:39:38,913: update.0.child      : update.0                        : update.0.child.watch: INFO    : send alive
2018-04-03 13:39:38,913: update.0.child      : update.0                        : update.0.child.watch: INFO    : put message: [update.0.child.watch.thread] alive
2018-04-03 13:39:38,914: update.0.child      : update.0                        : MainThread     : INFO    : get msg: alive
2018-04-03 13:39:38,914: update.0.child      : update.0                        : MainThread     : DEBUG   : ru_initialize_common (NOOP)
2018-04-03 13:39:38,914: update.0.child      : update.0                        : MainThread     : DEBUG   : ru_initialize_parent (NOOP)
2018-04-03 13:39:38,914: update.0.child      : update.0                        : MainThread     : DEBUG   : child thread update.0.child.watch started
2018-04-03 13:39:38,914: update.0.child      : update.0                        : MainThread     : INFO    : child (me) is alive
2018-04-03 13:39:38,914: update.0.child      : update.0                        : MainThread     : INFO    : send alive
2018-04-03 13:39:38,914: update.0.child      : update.0                        : MainThread     : INFO    : send message: [update.0.child] alive
2018-04-03 13:39:39,682: update.0.child      : update.0                        : update.0.child.subscriber._state_cb: DEBUG   : bulk update result: {'nModified': 129, 'nUpserted': 0, 'nMatched': 129, 'writeErrors': [], 'upserted': [], 'writeConcernErrors': [], 'nRemoved': 0, 'nInserted': 0}
2018-04-03 13:39:39,773: update.0.child      : update.0                        : update.0.child.subscriber._state_cb: DEBUG   : bulk update result: {'nModified': 128, 'nUpserted': 0, 'nMatched': 128, 'writeErrors': [], 'upserted': [], 'writeConcernErrors': [], 'nRemoved': 0, 'nInserted': 0}
2018-04-03 13:39:39,861: update.0.child      : update.0                        : update.0.child.subscriber._state_cb: DEBUG   : bulk update result: {'nModified': 128, 'nUpserted': 0, 'nMatched': 128, 'writeErrors': [], 'upserted': [], 'writeConcernErrors': [], 'nRemoved': 0, 'nInserted': 0}
2018-04-03 13:39:39,917: update.0.child      : update.0                        : update.0.child.subscriber._state_cb: DEBUG   : bulk update result: {'nModified': 100, 'nUpserted': 0, 'nMatched': 100, 'writeErrors': [], 'upserted': [], 'writeConcernErrors': [], 'nRemoved': 0, 'nInserted': 0}
2018-04-03 13:39:40,483: update.0.child      : update.0                        : update.0.child.subscriber._state_cb: DEBUG   : bulk update result: {'nModified': 100, 'nUpserted': 0, 'nMatched': 100, 'writeErrors': [], 'upserted': [], 'writeConcernErrors': [], 'nRemoved': 0, 'nInserted': 0}
2018-04-03 13:39:41,454: update.0.child      : update.0                        : update.0.child.subscriber._state_cb: DEBUG   : bulk update result: {'nModified': 44, 'nUpserted': 0, 'nMatched': 44, 'writeErrors': [], 'upserted': [], 'writeConcernErrors': [], 'nRemoved': 0, 'nInserted': 0}
2018-04-03 13:39:42,958: update.0.child      : update.0                        : update.0.child.idler._idle_cb: DEBUG   : bulk update result: {'nModified': 12, 'nUpserted': 0, 'nMatched': 12, 'writeErrors': [], 'upserted': [], 'writeConcernErrors': [], 'nRemoved': 0, 'nInserted': 0}
2018-04-03 13:51:40,724: update.0.child      : update.0                        : update.0.child.subscriber._state_cb: DEBUG   : bulk update result: {'nModified': 1, 'nUpserted': 0, 'nMatched': 1, 'writeErrors': [], 'upserted': [], 'writeConcernErrors': [], 'nRemoved': 0, 'nInserted': 0}
2018-04-03 13:51:41,149: update.0.child      : update.0                        : update.0.child.subscriber._state_cb: DEBUG   : bulk update result: {'nModified': 100, 'nUpserted': 0, 'nMatched': 100, 'writeErrors': [], 'upserted': [], 'writeConcernErrors': [], 'nRemoved': 0, 'nInserted': 0}
2018-04-03 13:51:41,745: update.0.child      : update.0                        : update.0.child.subscriber._state_cb: DEBUG   : bulk update result: {'nModified': 100, 'nUpserted': 0, 'nMatched': 100, 'writeErrors': [], 'upserted': [], 'writeConcernErrors': [], 'nRemoved': 0, 'nInserted': 0}
2018-04-03 13:51:42,622: update.0.child      : update.0                        : update.0.child.subscriber._state_cb: DEBUG   : bulk update result: {'nModified': 100, 'nUpserted': 0, 'nMatched': 100, 'writeErrors': [], 'upserted': [], 'writeConcernErrors': [], 'nRemoved': 0, 'nInserted': 0}
2018-04-03 13:51:43,636: update.0.child      : update.0                        : update.0.child.subscriber._state_cb: DEBUG   : bulk update result: {'nModified': 81, 'nUpserted': 0, 'nMatched': 81, 'writeErrors': [], 'upserted': [], 'writeConcernErrors': [], 'nRemoved': 0, 'nInserted': 0}
2018-04-03 13:51:44,815: update.0.child      : update.0                        : update.0.child.idler._idle_cb: DEBUG   : bulk update result: {'nModified': 2, 'nUpserted': 0, 'nMatched': 2, 'writeErrors': [], 'upserted': [], 'writeConcernErrors': [], 'nRemoved': 0, 'nInserted': 0}
2018-04-03 13:51:52,269: update.0.child      : update.0                        : update.0.child.subscriber._cancel_monitor_cb: INFO    : got termination command
2018-04-03 13:51:52,451: update.0.child      : update.0                        : update.0.child.subscriber._cancel_monitor_cb: INFO    : stop update.0.child (4830 : 4830 : update.0.child.subscriber._cancel_monitor_cb) [radical.pilot.worker.update.Update.stop]
2018-04-03 13:51:52,455: update.0.child      : update.0                        : update.0.child.subscriber._cancel_monitor_cb: INFO    : parent stops child  4830 -> 4830 [update.0.child]
2018-04-03 13:51:52,455: update.0.child      : update.0                        : update.0.child.subscriber._cancel_monitor_cb: INFO    : send message: [update.0.child] STOP
2018-04-03 13:51:52,455: update.0.child      : update.0                        : update.0.child.subscriber._cancel_monitor_cb: DEBUG   : TERM : update.0.child unregister idler update.0.child.idler._idle_cb
2018-04-03 13:51:52,455: update.0.child      : update.0                        : update.0.child.subscriber._cancel_monitor_cb: INFO    : signal stop for update.0.child.subscriber._cancel_monitor_cb - do not join
2018-04-03 13:51:52,455: update.0.child      : update.0                        : update.0.child.subscriber._cancel_monitor_cb: DEBUG   : TERM : update.0.child unregistered idler update.0.child.idler._idle_cb
2018-04-03 13:51:52,455: update.0.child      : update.0                        : update.0.child.subscriber._cancel_monitor_cb: DEBUG   : TERM : update.0.child unregister subscriber update.0.child.subscriber._state_cb
2018-04-03 13:51:52,455: update.0.child      : update.0                        : update.0.child.subscriber._cancel_monitor_cb: DEBUG   : unregistered subscriber update.0.child.subscriber._state_cb
2018-04-03 13:51:52,455: update.0.child      : update.0                        : update.0.child.subscriber._cancel_monitor_cb: DEBUG   : ru_finalize_common()
2018-04-03 13:51:52,455: update.0.child      : update.0                        : update.0.child.subscriber._cancel_monitor_cb: DEBUG   : TERM : update.0.child unregister publisher log_pubsub
2018-04-03 13:51:52,456: update.0.child      : update.0                        : update.0.child.subscriber._cancel_monitor_cb: DEBUG   : unregistered publisher log_pubsub
2018-04-03 13:51:52,456: update.0.child      : update.0                        : update.0.child.subscriber._cancel_monitor_cb: DEBUG   : TERM : update.0.child unregister publisher state_pubsub
2018-04-03 13:51:52,457: update.0.child      : update.0                        : update.0.child.subscriber._cancel_monitor_cb: DEBUG   : unregistered publisher state_pubsub
2018-04-03 13:51:52,457: update.0.child      : update.0                        : update.0.child.subscriber._cancel_monitor_cb: DEBUG   : TERM : update.0.child unregister publisher control_pubsub
2018-04-03 13:51:52,457: update.0.child      : update.0                        : update.0.child.subscriber._cancel_monitor_cb: DEBUG   : unregistered publisher control_pubsub
2018-04-03 13:51:52,457: update.0.child      : update.0                        : update.0.child.subscriber._cancel_monitor_cb: DEBUG   : update.0.child close prof
2018-04-03 13:51:52,462: update.0.child      : update.0                        : update.0.child.watch: INFO    : recv message: 
2018-04-03 13:51:52,462: update.0.child      : update.0                        : update.0.child.watch: INFO    : message received: 
2018-04-03 13:51:52,462: update.0.child      : update.0                        : update.0.child.watch: WARNING : received empty string, parent closed ep
2018-04-03 13:51:52,463: update.0.child      : update.0                        : update.0.child.watch: INFO    : watcher closes
2018-04-03 13:51:52,463: update.0.child      : update.0                        : update.0.child.watch: INFO    : put message: [update.0.child.watch.thread] work finished
2018-04-03 13:51:52,463: update.0.child      : update.0                        : update.0.child.watch: DEBUG   : ru_finalize_child (NOOP)
2018-04-03 13:51:52,463: update.0.child      : update.0                        : update.0.child.watch: DEBUG   : ru_finalize_common (NOOP)
2018-04-03 13:51:52,463: update.0.child      : update.0                        : update.0.child.watch: INFO    : put message: [update.0.child.watch.thread] terminating
2018-04-03 13:51:52,467: update.0.child      : update.0                        : update.0.child.subscriber._cancel_monitor_cb: INFO    : signal stop for update.0.child.subscriber._cancel_monitor_cb - do not join
2018-04-03 13:51:52,467: update.0.child      : update.0                        : update.0.child.subscriber._cancel_monitor_cb: INFO    : child calls stop()
2018-04-03 13:51:52,467: update.0.child      : update.0                        : update.0.child.subscriber._cancel_monitor_cb: INFO    : signal stop for update.0.child.subscriber._cancel_monitor_cb - do not join
2018-04-03 13:51:52,467: update.0.child      : update.0                        : update.0.child.subscriber._cancel_monitor_cb: INFO    : signal stop for update.0.child.subscriber._cancel_monitor_cb - do not join
2018-04-03 13:51:52,467: update.0.child      : update.0                        : update.0.child.subscriber._cancel_monitor_cb: INFO    : signal stop for update.0.child.subscriber._cancel_monitor_cb - do not join
2018-04-03 13:51:52,467: update.0.child      : update.0                        : update.0.child.subscriber._cancel_monitor_cb: INFO    : signal stop for update.0.child.subscriber._cancel_monitor_cb - do not join
2018-04-03 13:51:52,467: update.0.child      : update.0                        : update.0.child.subscriber._cancel_monitor_cb: DEBUG   : ru_finalize_child (NOOP)
2018-04-03 13:51:52,468: update.0.child      : update.0                        : update.0.child.subscriber._cancel_monitor_cb: INFO    : put message: [update.0.child.subscriber._cancel_monitor_cb.thread] terminating
2018-04-03 13:51:52,526: update.0.child      : update.0                        : update.0.child.idler._idle_cb: DEBUG   : ru_finalize_child (NOOP)
2018-04-03 13:51:52,526: update.0.child      : update.0                        : update.0.child.idler._idle_cb: DEBUG   : ru_finalize_common (NOOP)
2018-04-03 13:51:52,526: update.0.child      : update.0                        : update.0.child.idler._idle_cb: INFO    : put message: [update.0.child.idler._idle_cb.thread] terminating
2018-04-03 13:51:52,546: update.0.child      : update.0                        : MainThread     : DEBUG   : TERM : update.0.child unregister idler update.0.child.idler._idle_cb
2018-04-03 13:51:52,547: update.0.child      : update.0                        : MainThread     : WARNING : timed cb update.0.child.idler._idle_cb is not registered
2018-04-03 13:51:52,547: update.0.child      : update.0                        : MainThread     : DEBUG   : TERM : update.0.child unregister subscriber update.0.child.subscriber._state_cb
2018-04-03 13:51:52,547: update.0.child      : update.0                        : MainThread     : WARNING : subscriber _state_cb is not registered
2018-04-03 13:51:52,547: update.0.child      : update.0                        : MainThread     : DEBUG   : ru_finalize_common()
2018-04-03 13:51:52,547: update.0.child      : update.0                        : MainThread     : WARNING : publisher log_pubsub is not registered
2018-04-03 13:51:52,547: update.0.child      : update.0                        : MainThread     : WARNING : publisher state_pubsub is not registered
2018-04-03 13:51:52,547: update.0.child      : update.0                        : MainThread     : WARNING : publisher control_pubsub is not registered
2018-04-03 13:51:52,547: update.0.child      : update.0                        : MainThread     : DEBUG   : update.0.child close prof
2018-04-03 13:51:52,547: update.0.child      : update.0                        : MainThread     : INFO    : send message: [update.0.child] terminating
2018-04-03 13:51:52,547: update.0.child      : update.0                        : MainThread     : WARNING : send failed ([Errno 9] Bad file descriptor) - terminate
2018-04-03 13:51:52,547: update.0.child      : update.0                        : MainThread     : INFO    : parent stops child
2018-04-03 13:51:52,547: update.0.child      : update.0                        : MainThread     : DEBUG   : ru_finalize_parent (NOOP)
2018-04-03 13:51:52,548: update.0.child      : update.0                        : MainThread     : INFO    : parent stops child
2018-04-03 13:51:52,548: update.0.child      : update.0                        : MainThread     : DEBUG   : ru_finalize_parent (NOOP)
2018-04-03 13:51:52,548: update.0.child      : update.0                        : update.0.child.subscriber._state_cb: DEBUG   : ru_finalize_child (NOOP)
2018-04-03 13:51:52,548: update.0.child      : update.0                        : update.0.child.subscriber._state_cb: INFO    : put message: [update.0.child.subscriber._state_cb.thread] terminating
2018-04-03 13:51:52,549: update.0.child      : update.0                        : MainThread     : INFO    : parent stops child
2018-04-03 13:51:52,550: update.0.child      : update.0                        : MainThread     : DEBUG   : ru_finalize_parent (NOOP)
2018-04-03 13:51:52,550: update.0.child      : update.0                        : MainThread     : DEBUG   : ru_finalize_common (NOOP)
