2018-04-03 23:43:23,937: control.pubsub.sub.0001: pmgr.0000.launching.0           : MainThread     : INFO    : python.interpreter   version: 2.7.14 (default, Sep 23 2017, 22:06:14) [GCC 7.2.0]
2018-04-03 23:43:23,937: control.pubsub.sub.0001: pmgr.0000.launching.0           : MainThread     : INFO    :                      pid: 30712
2018-04-03 23:43:23,937: control.pubsub.sub.0001: pmgr.0000.launching.0           : MainThread     : INFO    :                      tid: MainThread
2018-04-03 23:43:23,938: control.pubsub.sub.0001: pmgr.0000.launching.0           : MainThread     : INFO    : radical.pilot        version: 0.47-0.47-14-gb1dff8bd@devel
2018-04-03 23:43:23,938: control.pubsub.sub.0001: pmgr.0000.launching.0           : MainThread     : INFO    : create control_pubsub - sub - tcp://144.76.72.175:39919
2018-04-03 23:43:23,938: control.pubsub.sub.0001: pmgr.0000.launching.0           : MainThread     : DEBUG   : start process
2018-04-03 23:43:23,938: control.pubsub.sub.0001: pmgr.0000.launching.0           : MainThread     : DEBUG   : ru_initialize_common (NOOP)
2018-04-03 23:43:23,939: control.pubsub.sub.0001: pmgr.0000.launching.0           : MainThread     : DEBUG   : ru_initialize_parent (NOOP)
2018-04-03 23:43:23,939: control.pubsub.sub.0001: pmgr.0000.launching.0           : MainThread     : DEBUG   : process class started (no child)
2018-04-03 23:43:28,861: control.pubsub.sub.0001: umgr.0000.staging.input.0       : MainThread     : INFO    : python.interpreter   version: 2.7.14 (default, Sep 23 2017, 22:06:14) [GCC 7.2.0]
2018-04-03 23:43:28,861: control.pubsub.sub.0001: umgr.0000.staging.input.0       : MainThread     : INFO    :                      pid: 30794
2018-04-03 23:43:28,862: control.pubsub.sub.0001: umgr.0000.staging.input.0       : MainThread     : INFO    :                      tid: MainThread
2018-04-03 23:43:28,862: control.pubsub.sub.0001: umgr.0000.staging.input.0       : MainThread     : INFO    : radical.pilot        version: 0.47-0.47-14-gb1dff8bd@devel
2018-04-03 23:43:28,862: control.pubsub.sub.0001: umgr.0000.staging.input.0       : MainThread     : INFO    : create control_pubsub - sub - tcp://144.76.72.175:39919
2018-04-03 23:43:28,900: control.pubsub.sub.0001: umgr.0000.staging.input.0       : MainThread     : DEBUG   : start process
2018-04-03 23:43:28,900: control.pubsub.sub.0001: umgr.0000.staging.input.0       : MainThread     : DEBUG   : ru_initialize_common (NOOP)
2018-04-03 23:43:28,900: control.pubsub.sub.0001: umgr.0000.staging.input.0       : MainThread     : DEBUG   : ru_initialize_parent (NOOP)
2018-04-03 23:43:28,900: control.pubsub.sub.0001: umgr.0000.staging.input.0       : MainThread     : DEBUG   : process class started (no child)
2018-04-03 23:43:28,939: control.pubsub.sub.0001: umgr.0000.staging.output.0      : MainThread     : INFO    : python.interpreter   version: 2.7.14 (default, Sep 23 2017, 22:06:14) [GCC 7.2.0]
2018-04-03 23:43:28,939: control.pubsub.sub.0001: umgr.0000.staging.output.0      : MainThread     : INFO    :                      pid: 30817
2018-04-03 23:43:28,939: control.pubsub.sub.0001: umgr.0000.staging.output.0      : MainThread     : INFO    :                      tid: MainThread
2018-04-03 23:43:28,940: control.pubsub.sub.0001: umgr.0000.staging.output.0      : MainThread     : INFO    : radical.pilot        version: 0.47-0.47-14-gb1dff8bd@devel
2018-04-03 23:43:28,940: control.pubsub.sub.0001: umgr.0000.staging.output.0      : MainThread     : INFO    : create control_pubsub - sub - tcp://144.76.72.175:39919
2018-04-03 23:43:28,940: control.pubsub.sub.0001: umgr.0000.staging.output.0      : MainThread     : DEBUG   : start process
2018-04-03 23:43:28,940: control.pubsub.sub.0001: umgr.0000.staging.output.0      : MainThread     : DEBUG   : ru_initialize_common (NOOP)
2018-04-03 23:43:28,940: control.pubsub.sub.0001: umgr.0000.staging.output.0      : MainThread     : DEBUG   : ru_initialize_parent (NOOP)
2018-04-03 23:43:28,940: control.pubsub.sub.0001: umgr.0000.staging.output.0      : MainThread     : DEBUG   : process class started (no child)
2018-04-03 23:43:29,004: control.pubsub.sub.0001: umgr.0000.scheduling.0          : MainThread     : INFO    : python.interpreter   version: 2.7.14 (default, Sep 23 2017, 22:06:14) [GCC 7.2.0]
2018-04-03 23:43:29,004: control.pubsub.sub.0001: umgr.0000.scheduling.0          : MainThread     : INFO    :                      pid: 30837
2018-04-03 23:43:29,004: control.pubsub.sub.0001: umgr.0000.scheduling.0          : MainThread     : INFO    :                      tid: MainThread
2018-04-03 23:43:29,004: control.pubsub.sub.0001: umgr.0000.scheduling.0          : MainThread     : INFO    : radical.pilot        version: 0.47-0.47-14-gb1dff8bd@devel
2018-04-03 23:43:29,004: control.pubsub.sub.0001: umgr.0000.scheduling.0          : MainThread     : INFO    : create control_pubsub - sub - tcp://144.76.72.175:39919
2018-04-03 23:43:29,004: control.pubsub.sub.0001: umgr.0000.scheduling.0          : MainThread     : DEBUG   : start process
2018-04-03 23:43:29,004: control.pubsub.sub.0001: umgr.0000.scheduling.0          : MainThread     : DEBUG   : ru_initialize_common (NOOP)
2018-04-03 23:43:29,004: control.pubsub.sub.0001: umgr.0000.scheduling.0          : MainThread     : DEBUG   : ru_initialize_parent (NOOP)
2018-04-03 23:43:29,004: control.pubsub.sub.0001: umgr.0000.scheduling.0          : MainThread     : DEBUG   : process class started (no child)
2018-04-03 23:56:48,548: control.pubsub.sub.0001: umgr.0000.staging.input.0       : MainThread     : INFO    : parent stops child  30794 -> None [control.pubsub.sub.0001]
2018-04-03 23:56:48,548: control.pubsub.sub.0001: umgr.0000.staging.input.0       : MainThread     : DEBUG   : ru_finalize_parent (NOOP)
2018-04-03 23:56:48,833: control.pubsub.sub.0001: umgr.0000.staging.output.0      : MainThread     : INFO    : parent stops child  30817 -> None [control.pubsub.sub.0001]
2018-04-03 23:56:48,834: control.pubsub.sub.0001: umgr.0000.staging.output.0      : MainThread     : DEBUG   : ru_finalize_parent (NOOP)
2018-04-03 23:56:49,238: control.pubsub.sub.0001: umgr.0000.scheduling.0          : MainThread     : INFO    : parent stops child  30837 -> None [control.pubsub.sub.0001]
2018-04-03 23:56:49,238: control.pubsub.sub.0001: umgr.0000.scheduling.0          : MainThread     : DEBUG   : ru_finalize_parent (NOOP)
