2018-04-03 23:43:29,009: state.pubsub.sub.0001: umgr.0000.scheduling.0          : MainThread     : INFO    : python.interpreter   version: 2.7.14 (default, Sep 23 2017, 22:06:14) [GCC 7.2.0]
2018-04-03 23:43:29,010: state.pubsub.sub.0001: umgr.0000.scheduling.0          : MainThread     : INFO    :                      pid: 30837
2018-04-03 23:43:29,010: state.pubsub.sub.0001: umgr.0000.scheduling.0          : MainThread     : INFO    :                      tid: MainThread
2018-04-03 23:43:29,010: state.pubsub.sub.0001: umgr.0000.scheduling.0          : MainThread     : INFO    : radical.pilot        version: 0.47-0.47-14-gb1dff8bd@devel
2018-04-03 23:43:29,010: state.pubsub.sub.0001: umgr.0000.scheduling.0          : MainThread     : INFO    : create state_pubsub - sub - tcp://144.76.72.175:40731
2018-04-03 23:43:29,010: state.pubsub.sub.0001: umgr.0000.scheduling.0          : MainThread     : DEBUG   : start process
2018-04-03 23:43:29,010: state.pubsub.sub.0001: umgr.0000.scheduling.0          : MainThread     : DEBUG   : ru_initialize_common (NOOP)
2018-04-03 23:43:29,010: state.pubsub.sub.0001: umgr.0000.scheduling.0          : MainThread     : DEBUG   : ru_initialize_parent (NOOP)
2018-04-03 23:43:29,010: state.pubsub.sub.0001: umgr.0000.scheduling.0          : MainThread     : DEBUG   : process class started (no child)
2018-04-03 23:43:29,150: state.pubsub.sub.0001: MainProcess                     : MainThread     : INFO    : python.interpreter   version: 2.7.14 (default, Sep 23 2017, 22:06:14) [GCC 7.2.0]
2018-04-03 23:43:29,150: state.pubsub.sub.0001: MainProcess                     : MainThread     : INFO    :                      pid: 30655
2018-04-03 23:43:29,150: state.pubsub.sub.0001: MainProcess                     : MainThread     : INFO    :                      tid: MainThread
2018-04-03 23:43:29,150: state.pubsub.sub.0001: MainProcess                     : MainThread     : INFO    : radical.pilot        version: 0.47-0.47-14-gb1dff8bd@devel
2018-04-03 23:43:29,150: state.pubsub.sub.0001: MainProcess                     : MainThread     : INFO    : create state_pubsub - sub - tcp://144.76.72.175:40731
2018-04-03 23:43:29,151: state.pubsub.sub.0001: MainProcess                     : MainThread     : DEBUG   : start process
2018-04-03 23:43:29,151: state.pubsub.sub.0001: MainProcess                     : MainThread     : DEBUG   : ru_initialize_common (NOOP)
2018-04-03 23:43:29,151: state.pubsub.sub.0001: MainProcess                     : MainThread     : DEBUG   : ru_initialize_parent (NOOP)
2018-04-03 23:43:29,151: state.pubsub.sub.0001: MainProcess                     : MainThread     : DEBUG   : process class started (no child)
2018-04-03 23:56:49,235: state.pubsub.sub.0001: umgr.0000.scheduling.0          : MainThread     : INFO    : parent stops child  30837 -> None [state.pubsub.sub.0001]
2018-04-03 23:56:49,235: state.pubsub.sub.0001: umgr.0000.scheduling.0          : MainThread     : DEBUG   : ru_finalize_parent (NOOP)
2018-04-03 23:56:52,104: state.pubsub.sub.0001: MainProcess                     : MainThread     : INFO    : parent stops child  30655 -> None [state.pubsub.sub.0001]
2018-04-03 23:56:52,104: state.pubsub.sub.0001: MainProcess                     : MainThread     : DEBUG   : ru_finalize_parent (NOOP)
