2018-04-03 23:43:28,936: state.pubsub.pub.0004: umgr.0000.staging.output.0      : MainThread     : INFO    : python.interpreter   version: 2.7.14 (default, Sep 23 2017, 22:06:14) [GCC 7.2.0]
2018-04-03 23:43:28,936: state.pubsub.pub.0004: umgr.0000.staging.output.0      : MainThread     : INFO    :                      pid: 30817
2018-04-03 23:43:28,936: state.pubsub.pub.0004: umgr.0000.staging.output.0      : MainThread     : INFO    :                      tid: MainThread
2018-04-03 23:43:28,936: state.pubsub.pub.0004: umgr.0000.staging.output.0      : MainThread     : INFO    : radical.pilot        version: 0.47-0.47-14-gb1dff8bd@devel
2018-04-03 23:43:28,936: state.pubsub.pub.0004: umgr.0000.staging.output.0      : MainThread     : INFO    : create state_pubsub - pub - tcp://144.76.72.175:35085
2018-04-03 23:43:28,937: state.pubsub.pub.0004: umgr.0000.staging.output.0      : MainThread     : DEBUG   : start process
2018-04-03 23:43:28,937: state.pubsub.pub.0004: umgr.0000.staging.output.0      : MainThread     : DEBUG   : ru_initialize_common (NOOP)
2018-04-03 23:43:28,937: state.pubsub.pub.0004: umgr.0000.staging.output.0      : MainThread     : DEBUG   : ru_initialize_parent (NOOP)
2018-04-03 23:43:28,937: state.pubsub.pub.0004: umgr.0000.staging.output.0      : MainThread     : DEBUG   : process class started (no child)
2018-04-03 23:43:28,978: state.pubsub.pub.0004: MainProcess                     : MainThread     : INFO    : python.interpreter   version: 2.7.14 (default, Sep 23 2017, 22:06:14) [GCC 7.2.0]
2018-04-03 23:43:28,978: state.pubsub.pub.0004: MainProcess                     : MainThread     : INFO    :                      pid: 30655
2018-04-03 23:43:28,979: state.pubsub.pub.0004: MainProcess                     : MainThread     : INFO    :                      tid: MainThread
2018-04-03 23:43:28,979: state.pubsub.pub.0004: MainProcess                     : MainThread     : INFO    : radical.pilot        version: 0.47-0.47-14-gb1dff8bd@devel
2018-04-03 23:43:28,979: state.pubsub.pub.0004: MainProcess                     : MainThread     : INFO    : create state_pubsub - pub - tcp://144.76.72.175:35085
2018-04-03 23:43:28,979: state.pubsub.pub.0004: MainProcess                     : MainThread     : DEBUG   : start process
2018-04-03 23:43:28,979: state.pubsub.pub.0004: MainProcess                     : MainThread     : DEBUG   : ru_initialize_common (NOOP)
2018-04-03 23:43:28,980: state.pubsub.pub.0004: MainProcess                     : MainThread     : DEBUG   : ru_initialize_parent (NOOP)
2018-04-03 23:43:28,980: state.pubsub.pub.0004: MainProcess                     : MainThread     : DEBUG   : process class started (no child)
2018-04-03 23:56:48,563: state.pubsub.pub.0004: MainProcess                     : MainThread     : INFO    : parent stops child  30655 -> None [state.pubsub.pub.0004]
2018-04-03 23:56:48,563: state.pubsub.pub.0004: MainProcess                     : MainThread     : DEBUG   : ru_finalize_parent (NOOP)
2018-04-03 23:56:48,832: state.pubsub.pub.0004: umgr.0000.staging.output.0      : MainThread     : INFO    : parent stops child  30817 -> None [state.pubsub.pub.0004]
2018-04-03 23:56:48,832: state.pubsub.pub.0004: umgr.0000.staging.output.0      : MainThread     : DEBUG   : ru_finalize_parent (NOOP)
