2018-04-03 21:36:35,620: control.pubsub.pub.0000: update.0                        : MainThread     : INFO    : python.interpreter   version: 2.7.14 (default, Sep 23 2017, 22:06:14) [GCC 7.2.0]
2018-04-03 21:36:35,620: control.pubsub.pub.0000: update.0                        : MainThread     : INFO    :                      pid: 12804
2018-04-03 21:36:35,620: control.pubsub.pub.0000: update.0                        : MainThread     : INFO    :                      tid: MainThread
2018-04-03 21:36:35,620: control.pubsub.pub.0000: update.0                        : MainThread     : INFO    : radical.pilot        version: 0.47-0.47-14-gb1dff8bd@devel
2018-04-03 21:36:35,620: control.pubsub.pub.0000: update.0                        : MainThread     : INFO    : create control_pubsub - pub - tcp://144.76.72.175:33399
2018-04-03 21:36:35,621: control.pubsub.pub.0000: update.0                        : MainThread     : DEBUG   : start process
2018-04-03 21:36:35,621: control.pubsub.pub.0000: update.0                        : MainThread     : DEBUG   : ru_initialize_common (NOOP)
2018-04-03 21:36:35,621: control.pubsub.pub.0000: update.0                        : MainThread     : DEBUG   : ru_initialize_parent (NOOP)
2018-04-03 21:36:35,621: control.pubsub.pub.0000: update.0                        : MainThread     : DEBUG   : process class started (no child)
2018-04-03 21:36:36,196: control.pubsub.pub.0000: MainProcess                     : MainThread     : INFO    : python.interpreter   version: 2.7.14 (default, Sep 23 2017, 22:06:14) [GCC 7.2.0]
2018-04-03 21:36:36,197: control.pubsub.pub.0000: MainProcess                     : MainThread     : INFO    :                      pid: 12775
2018-04-03 21:36:36,197: control.pubsub.pub.0000: MainProcess                     : MainThread     : INFO    :                      tid: MainThread
2018-04-03 21:36:36,197: control.pubsub.pub.0000: MainProcess                     : MainThread     : INFO    : radical.pilot        version: 0.47-0.47-14-gb1dff8bd@devel
2018-04-03 21:36:36,197: control.pubsub.pub.0000: MainProcess                     : MainThread     : INFO    : create control_pubsub - pub - tcp://144.76.72.175:33399
2018-04-03 21:36:36,197: control.pubsub.pub.0000: MainProcess                     : MainThread     : DEBUG   : start process
2018-04-03 21:36:36,197: control.pubsub.pub.0000: MainProcess                     : MainThread     : DEBUG   : ru_initialize_common (NOOP)
2018-04-03 21:36:36,198: control.pubsub.pub.0000: MainProcess                     : MainThread     : DEBUG   : ru_initialize_parent (NOOP)
2018-04-03 21:36:36,198: control.pubsub.pub.0000: MainProcess                     : MainThread     : DEBUG   : process class started (no child)
2018-04-03 21:49:42,788: control.pubsub.pub.0000: MainProcess                     : MainThread     : INFO    : parent stops child  12775 -> None [control.pubsub.pub.0000]
2018-04-03 21:49:42,788: control.pubsub.pub.0000: MainProcess                     : MainThread     : DEBUG   : ru_finalize_parent (NOOP)
2018-04-03 21:49:42,841: control.pubsub.pub.0000: update.0                        : MainThread     : INFO    : parent stops child  12804 -> None [control.pubsub.pub.0000]
2018-04-03 21:49:42,841: control.pubsub.pub.0000: update.0                        : MainThread     : DEBUG   : ru_finalize_parent (NOOP)
