2018-04-03 14:05:56,312: log.pubsub.pub.0001 : agent_0.scheduling.0            : MainThread     : INFO    : python.interpreter   version: 2.7.7 |Continuum Analytics, Inc.| (default, Jun 2 2014, 12:34:02) [GCC 4.1.2 20080704 (Red Hat 4.1.2-54)]
2018-04-03 14:05:56,315: log.pubsub.pub.0001 : agent_0.scheduling.0            : MainThread     : INFO    :                      pid: 9323
2018-04-03 14:05:56,315: log.pubsub.pub.0001 : agent_0.scheduling.0            : MainThread     : INFO    :                      tid: MainThread
2018-04-03 14:05:56,315: log.pubsub.pub.0001 : agent_0.scheduling.0            : MainThread     : INFO    : radical.pilot        version: 0.47-0.47-14-gb1dff8bd@devel
2018-04-03 14:05:56,316: log.pubsub.pub.0001 : agent_0.scheduling.0            : MainThread     : INFO    : create log_pubsub - pub - tcp://204.90.41.12:35040
2018-04-03 14:05:56,316: log.pubsub.pub.0001 : agent_0.scheduling.0            : MainThread     : DEBUG   : start process
2018-04-03 14:05:56,316: log.pubsub.pub.0001 : agent_0.scheduling.0            : MainThread     : DEBUG   : ru_initialize_common (NOOP)
2018-04-03 14:05:56,316: log.pubsub.pub.0001 : agent_0.scheduling.0            : MainThread     : DEBUG   : ru_initialize_parent (NOOP)
2018-04-03 14:05:56,316: log.pubsub.pub.0001 : agent_0.scheduling.0            : MainThread     : DEBUG   : process class started (no child)
2018-04-03 14:05:56,387: log.pubsub.pub.0001 : MainProcess                     : MainThread     : INFO    : python.interpreter   version: 2.7.7 |Continuum Analytics, Inc.| (default, Jun 2 2014, 12:34:02) [GCC 4.1.2 20080704 (Red Hat 4.1.2-54)]
2018-04-03 14:05:56,390: log.pubsub.pub.0001 : MainProcess                     : MainThread     : INFO    :                      pid: 9202
2018-04-03 14:05:56,390: log.pubsub.pub.0001 : MainProcess                     : MainThread     : INFO    :                      tid: MainThread
2018-04-03 14:05:56,391: log.pubsub.pub.0001 : MainProcess                     : MainThread     : INFO    : radical.pilot        version: 0.47-0.47-14-gb1dff8bd@devel
2018-04-03 14:05:56,391: log.pubsub.pub.0001 : MainProcess                     : MainThread     : INFO    : create log_pubsub - pub - tcp://204.90.41.12:35040
2018-04-03 14:05:56,391: log.pubsub.pub.0001 : MainProcess                     : MainThread     : DEBUG   : start process
2018-04-03 14:05:56,391: log.pubsub.pub.0001 : MainProcess                     : MainThread     : DEBUG   : ru_initialize_common (NOOP)
2018-04-03 14:05:56,391: log.pubsub.pub.0001 : MainProcess                     : MainThread     : DEBUG   : ru_initialize_parent (NOOP)
2018-04-03 14:05:56,391: log.pubsub.pub.0001 : MainProcess                     : MainThread     : DEBUG   : process class started (no child)
2018-04-03 14:18:10,404: log.pubsub.pub.0001 : agent_0.scheduling.0            : agent_0.scheduling.0.child.subscriber._cancel_monitor_cb: INFO    : parent stops child  9323 -> None [log.pubsub.pub.0001]
2018-04-03 14:18:10,404: log.pubsub.pub.0001 : agent_0.scheduling.0            : agent_0.scheduling.0.child.subscriber._cancel_monitor_cb: DEBUG   : ru_finalize_parent (NOOP)
2018-04-03 14:18:10,714: log.pubsub.pub.0001 : MainProcess                     : MainThread     : INFO    : parent stops child  9202 -> None [log.pubsub.pub.0001]
2018-04-03 14:18:10,714: log.pubsub.pub.0001 : MainProcess                     : MainThread     : DEBUG   : ru_finalize_parent (NOOP)
