2018-04-03 18:45:08,648: log.pubsub.pub.0005 : umgr.0000.scheduling.0          : MainThread     : INFO    : python.interpreter   version: 2.7.14 (default, Sep 23 2017, 22:06:14) [GCC 7.2.0]
2018-04-03 18:45:08,649: log.pubsub.pub.0005 : umgr.0000.scheduling.0          : MainThread     : INFO    :                      pid: 18421
2018-04-03 18:45:08,649: log.pubsub.pub.0005 : umgr.0000.scheduling.0          : MainThread     : INFO    :                      tid: MainThread
2018-04-03 18:45:08,649: log.pubsub.pub.0005 : umgr.0000.scheduling.0          : MainThread     : INFO    : radical.pilot        version: 0.47-0.47-14-gb1dff8bd@devel
2018-04-03 18:45:08,649: log.pubsub.pub.0005 : umgr.0000.scheduling.0          : MainThread     : INFO    : create log_pubsub - pub - tcp://144.76.72.175:37499
2018-04-03 18:45:08,650: log.pubsub.pub.0005 : umgr.0000.scheduling.0          : MainThread     : DEBUG   : start process
2018-04-03 18:45:08,650: log.pubsub.pub.0005 : umgr.0000.scheduling.0          : MainThread     : DEBUG   : ru_initialize_common (NOOP)
2018-04-03 18:45:08,650: log.pubsub.pub.0005 : umgr.0000.scheduling.0          : MainThread     : DEBUG   : ru_initialize_parent (NOOP)
2018-04-03 18:45:08,650: log.pubsub.pub.0005 : umgr.0000.scheduling.0          : MainThread     : DEBUG   : process class started (no child)
2018-04-03 18:45:08,674: log.pubsub.pub.0005 : MainProcess                     : MainThread     : INFO    : python.interpreter   version: 2.7.14 (default, Sep 23 2017, 22:06:14) [GCC 7.2.0]
2018-04-03 18:45:08,674: log.pubsub.pub.0005 : MainProcess                     : MainThread     : INFO    :                      pid: 18209
2018-04-03 18:45:08,674: log.pubsub.pub.0005 : MainProcess                     : MainThread     : INFO    :                      tid: MainThread
2018-04-03 18:45:08,674: log.pubsub.pub.0005 : MainProcess                     : MainThread     : INFO    : radical.pilot        version: 0.47-0.47-14-gb1dff8bd@devel
2018-04-03 18:45:08,674: log.pubsub.pub.0005 : MainProcess                     : MainThread     : INFO    : create log_pubsub - pub - tcp://144.76.72.175:37499
2018-04-03 18:45:08,674: log.pubsub.pub.0005 : MainProcess                     : MainThread     : DEBUG   : start process
2018-04-03 18:45:08,675: log.pubsub.pub.0005 : MainProcess                     : MainThread     : DEBUG   : ru_initialize_common (NOOP)
2018-04-03 18:45:08,675: log.pubsub.pub.0005 : MainProcess                     : MainThread     : DEBUG   : ru_initialize_parent (NOOP)
2018-04-03 18:45:08,675: log.pubsub.pub.0005 : MainProcess                     : MainThread     : DEBUG   : process class started (no child)
2018-04-03 18:58:13,419: log.pubsub.pub.0005 : MainProcess                     : MainThread     : INFO    : parent stops child  18209 -> None [log.pubsub.pub.0005]
2018-04-03 18:58:13,420: log.pubsub.pub.0005 : MainProcess                     : MainThread     : DEBUG   : ru_finalize_parent (NOOP)
2018-04-03 18:58:13,954: log.pubsub.pub.0005 : umgr.0000.scheduling.0          : MainThread     : INFO    : parent stops child  18421 -> None [log.pubsub.pub.0005]
2018-04-03 18:58:13,954: log.pubsub.pub.0005 : umgr.0000.scheduling.0          : MainThread     : DEBUG   : ru_finalize_parent (NOOP)
