2018-04-04 02:21:47,831: log.pubsub.pub.0004 : umgr.0000.staging.output.0      : MainThread     : INFO    : python.interpreter   version: 2.7.14 (default, Sep 23 2017, 22:06:14) [GCC 7.2.0]
2018-04-04 02:21:47,831: log.pubsub.pub.0004 : umgr.0000.staging.output.0      : MainThread     : INFO    :                      pid: 22253
2018-04-04 02:21:47,831: log.pubsub.pub.0004 : umgr.0000.staging.output.0      : MainThread     : INFO    :                      tid: MainThread
2018-04-04 02:21:47,831: log.pubsub.pub.0004 : umgr.0000.staging.output.0      : MainThread     : INFO    : radical.pilot        version: 0.47-0.47-14-gb1dff8bd@devel
2018-04-04 02:21:47,831: log.pubsub.pub.0004 : umgr.0000.staging.output.0      : MainThread     : INFO    : create log_pubsub - pub - tcp://144.76.72.175:45419
2018-04-04 02:21:47,831: log.pubsub.pub.0004 : umgr.0000.staging.output.0      : MainThread     : DEBUG   : start process
2018-04-04 02:21:47,832: log.pubsub.pub.0004 : umgr.0000.staging.output.0      : MainThread     : DEBUG   : ru_initialize_common (NOOP)
2018-04-04 02:21:47,832: log.pubsub.pub.0004 : umgr.0000.staging.output.0      : MainThread     : DEBUG   : ru_initialize_parent (NOOP)
2018-04-04 02:21:47,832: log.pubsub.pub.0004 : umgr.0000.staging.output.0      : MainThread     : DEBUG   : process class started (no child)
2018-04-04 02:21:47,845: log.pubsub.pub.0004 : MainProcess                     : MainThread     : INFO    : python.interpreter   version: 2.7.14 (default, Sep 23 2017, 22:06:14) [GCC 7.2.0]
2018-04-04 02:21:47,845: log.pubsub.pub.0004 : MainProcess                     : MainThread     : INFO    :                      pid: 22089
2018-04-04 02:21:47,845: log.pubsub.pub.0004 : MainProcess                     : MainThread     : INFO    :                      tid: MainThread
2018-04-04 02:21:47,845: log.pubsub.pub.0004 : MainProcess                     : MainThread     : INFO    : radical.pilot        version: 0.47-0.47-14-gb1dff8bd@devel
2018-04-04 02:21:47,845: log.pubsub.pub.0004 : MainProcess                     : MainThread     : INFO    : create log_pubsub - pub - tcp://144.76.72.175:45419
2018-04-04 02:21:47,868: log.pubsub.pub.0004 : MainProcess                     : MainThread     : DEBUG   : start process
2018-04-04 02:21:47,868: log.pubsub.pub.0004 : MainProcess                     : MainThread     : DEBUG   : ru_initialize_common (NOOP)
2018-04-04 02:21:47,868: log.pubsub.pub.0004 : MainProcess                     : MainThread     : DEBUG   : ru_initialize_parent (NOOP)
2018-04-04 02:21:47,868: log.pubsub.pub.0004 : MainProcess                     : MainThread     : DEBUG   : process class started (no child)
2018-04-04 02:35:25,078: log.pubsub.pub.0004 : MainProcess                     : MainThread     : INFO    : parent stops child  22089 -> None [log.pubsub.pub.0004]
2018-04-04 02:35:25,078: log.pubsub.pub.0004 : MainProcess                     : MainThread     : DEBUG   : ru_finalize_parent (NOOP)
2018-04-04 02:35:26,063: log.pubsub.pub.0004 : umgr.0000.staging.output.0      : MainThread     : INFO    : parent stops child  22253 -> None [log.pubsub.pub.0004]
2018-04-04 02:35:26,063: log.pubsub.pub.0004 : umgr.0000.staging.output.0      : MainThread     : DEBUG   : ru_finalize_parent (NOOP)
