2018-04-04 02:21:42,757: state.pubsub.sub.0000: update.0                        : MainThread     : INFO    : python.interpreter   version: 2.7.14 (default, Sep 23 2017, 22:06:14) [GCC 7.2.0]
2018-04-04 02:21:42,758: state.pubsub.sub.0000: update.0                        : MainThread     : INFO    :                      pid: 22118
2018-04-04 02:21:42,758: state.pubsub.sub.0000: update.0                        : MainThread     : INFO    :                      tid: MainThread
2018-04-04 02:21:42,758: state.pubsub.sub.0000: update.0                        : MainThread     : INFO    : radical.pilot        version: 0.47-0.47-14-gb1dff8bd@devel
2018-04-04 02:21:42,758: state.pubsub.sub.0000: update.0                        : MainThread     : INFO    : create state_pubsub - sub - tcp://144.76.72.175:38349
2018-04-04 02:21:42,759: state.pubsub.sub.0000: update.0                        : MainThread     : DEBUG   : start process
2018-04-04 02:21:42,759: state.pubsub.sub.0000: update.0                        : MainThread     : DEBUG   : ru_initialize_common (NOOP)
2018-04-04 02:21:42,759: state.pubsub.sub.0000: update.0                        : MainThread     : DEBUG   : ru_initialize_parent (NOOP)
2018-04-04 02:21:42,759: state.pubsub.sub.0000: update.0                        : MainThread     : DEBUG   : process class started (no child)
2018-04-04 02:21:42,892: state.pubsub.sub.0000: MainProcess                     : MainThread     : INFO    : python.interpreter   version: 2.7.14 (default, Sep 23 2017, 22:06:14) [GCC 7.2.0]
2018-04-04 02:21:42,892: state.pubsub.sub.0000: MainProcess                     : MainThread     : INFO    :                      pid: 22089
2018-04-04 02:21:42,892: state.pubsub.sub.0000: MainProcess                     : MainThread     : INFO    :                      tid: MainThread
2018-04-04 02:21:42,892: state.pubsub.sub.0000: MainProcess                     : MainThread     : INFO    : radical.pilot        version: 0.47-0.47-14-gb1dff8bd@devel
2018-04-04 02:21:42,892: state.pubsub.sub.0000: MainProcess                     : MainThread     : INFO    : create state_pubsub - sub - tcp://144.76.72.175:38349
2018-04-04 02:21:42,893: state.pubsub.sub.0000: MainProcess                     : MainThread     : DEBUG   : start process
2018-04-04 02:21:42,893: state.pubsub.sub.0000: MainProcess                     : MainThread     : DEBUG   : ru_initialize_common (NOOP)
2018-04-04 02:21:42,893: state.pubsub.sub.0000: MainProcess                     : MainThread     : DEBUG   : ru_initialize_parent (NOOP)
2018-04-04 02:21:42,893: state.pubsub.sub.0000: MainProcess                     : MainThread     : DEBUG   : process class started (no child)
2018-04-04 02:35:29,971: state.pubsub.sub.0000: MainProcess                     : pmgr.0000.subscriber._state_sub_cb: INFO    : parent stops child  22089 -> None [state.pubsub.sub.0000]
2018-04-04 02:35:29,971: state.pubsub.sub.0000: MainProcess                     : pmgr.0000.subscriber._state_sub_cb: DEBUG   : ru_finalize_parent (NOOP)
2018-04-04 02:35:32,723: state.pubsub.sub.0000: update.0                        : MainThread     : INFO    : parent stops child  22118 -> None [state.pubsub.sub.0000]
2018-04-04 02:35:32,723: state.pubsub.sub.0000: update.0                        : MainThread     : DEBUG   : ru_finalize_parent (NOOP)
