2018-04-04 02:21:47,769: state.pubsub.pub.0003: umgr.0000.staging.input.0       : MainThread     : INFO    : python.interpreter   version: 2.7.14 (default, Sep 23 2017, 22:06:14) [GCC 7.2.0]
2018-04-04 02:21:47,769: state.pubsub.pub.0003: umgr.0000.staging.input.0       : MainThread     : INFO    :                      pid: 22230
2018-04-04 02:21:47,769: state.pubsub.pub.0003: umgr.0000.staging.input.0       : MainThread     : INFO    :                      tid: MainThread
2018-04-04 02:21:47,769: state.pubsub.pub.0003: umgr.0000.staging.input.0       : MainThread     : INFO    : radical.pilot        version: 0.47-0.47-14-gb1dff8bd@devel
2018-04-04 02:21:47,770: state.pubsub.pub.0003: umgr.0000.staging.input.0       : MainThread     : INFO    : create state_pubsub - pub - tcp://144.76.72.175:34847
2018-04-04 02:21:47,770: state.pubsub.pub.0003: umgr.0000.staging.input.0       : MainThread     : DEBUG   : start process
2018-04-04 02:21:47,770: state.pubsub.pub.0003: umgr.0000.staging.input.0       : MainThread     : DEBUG   : ru_initialize_common (NOOP)
2018-04-04 02:21:47,770: state.pubsub.pub.0003: umgr.0000.staging.input.0       : MainThread     : DEBUG   : ru_initialize_parent (NOOP)
2018-04-04 02:21:47,770: state.pubsub.pub.0003: umgr.0000.staging.input.0       : MainThread     : DEBUG   : process class started (no child)
2018-04-04 02:21:47,815: state.pubsub.pub.0003: MainProcess                     : MainThread     : INFO    : python.interpreter   version: 2.7.14 (default, Sep 23 2017, 22:06:14) [GCC 7.2.0]
2018-04-04 02:21:47,815: state.pubsub.pub.0003: MainProcess                     : MainThread     : INFO    :                      pid: 22089
2018-04-04 02:21:47,816: state.pubsub.pub.0003: MainProcess                     : MainThread     : INFO    :                      tid: MainThread
2018-04-04 02:21:47,816: state.pubsub.pub.0003: MainProcess                     : MainThread     : INFO    : radical.pilot        version: 0.47-0.47-14-gb1dff8bd@devel
2018-04-04 02:21:47,816: state.pubsub.pub.0003: MainProcess                     : MainThread     : INFO    : create state_pubsub - pub - tcp://144.76.72.175:34847
2018-04-04 02:21:47,816: state.pubsub.pub.0003: MainProcess                     : MainThread     : DEBUG   : start process
2018-04-04 02:21:47,816: state.pubsub.pub.0003: MainProcess                     : MainThread     : DEBUG   : ru_initialize_common (NOOP)
2018-04-04 02:21:47,816: state.pubsub.pub.0003: MainProcess                     : MainThread     : DEBUG   : ru_initialize_parent (NOOP)
2018-04-04 02:21:47,816: state.pubsub.pub.0003: MainProcess                     : MainThread     : DEBUG   : process class started (no child)
2018-04-04 02:35:24,146: state.pubsub.pub.0003: MainProcess                     : MainThread     : INFO    : parent stops child  22089 -> None [state.pubsub.pub.0003]
2018-04-04 02:35:24,146: state.pubsub.pub.0003: MainProcess                     : MainThread     : DEBUG   : ru_finalize_parent (NOOP)
2018-04-04 02:35:25,059: state.pubsub.pub.0003: umgr.0000.staging.input.0       : MainThread     : INFO    : parent stops child  22230 -> None [state.pubsub.pub.0003]
2018-04-04 02:35:25,059: state.pubsub.pub.0003: umgr.0000.staging.input.0       : MainThread     : DEBUG   : ru_finalize_parent (NOOP)
