2018-04-04 02:21:42,188: update.0.child      : update.0                        : MainThread     : INFO    : python.interpreter   version: 2.7.14 (default, Sep 23 2017, 22:06:14) [GCC 7.2.0]
2018-04-04 02:21:42,189: update.0.child      : update.0                        : MainThread     : INFO    :                      pid: 22118
2018-04-04 02:21:42,189: update.0.child      : update.0                        : MainThread     : INFO    :                      tid: MainThread
2018-04-04 02:21:42,189: update.0.child      : update.0                        : MainThread     : INFO    : radical.pilot        version: 0.47-0.47-14-gb1dff8bd@devel
2018-04-04 02:21:42,189: update.0.child      : update.0                        : MainThread     : INFO    : initialize update.0.child
2018-04-04 02:21:42,191: update.0.child      : update.0                        : MainThread     : INFO    : cfg: {'agents': {},
 u'bridges': {u'control_pubsub': {'addr_in': 'tcp://144.76.72.175:43013',
                                  'addr_out': 'tcp://144.76.72.175:32851',
                                  u'bulk_size': 0,
                                  u'log_level': u'debug',
                                  u'stall_hwm': 1},
              u'log_pubsub': {'addr_in': 'tcp://144.76.72.175:45419',
                              'addr_out': 'tcp://144.76.72.175:37205',
                              u'bulk_size': 0,
                              u'log_level': u'debug',
                              u'stall_hwm': 1},
              u'state_pubsub': {'addr_in': 'tcp://144.76.72.175:34847',
                                'addr_out': 'tcp://144.76.72.175:38349',
                                u'bulk_size': 0,
                                u'log_level': u'debug',
                                u'stall_hwm': 1}},
 'cname': u'UpdateWorker',
 u'components': {},
 u'count': 1,
 'dburl': 'mongodb://rp:rp@ds015335.mlab.com:15335/rp',
 'debug': 'DEBUG',
 u'default_dburl': u'mongodb://rp:rp@ds015335.mlab.com:15335/rp',
 'logdir': '/home/george/launch-methods-project/orte-example/rp.session.one.george.017625.0000',
 'number': 0,
 'owner': 'rp.session.one.george.017625.0000',
 'session_id': 'rp.session.one.george.017625.0000'}
2018-04-04 02:21:42,191: update.0.child      : update.0                        : MainThread     : DEBUG   : start components: {}
2018-04-04 02:21:42,192: update.0.child      : update.0                        : MainThread     : DEBUG   : alive check in term
2018-04-04 02:21:42,192: update.0.child      : update.0                        : MainThread     : DEBUG   : START: update.0.child register publisher log_pubsub
2018-04-04 02:21:42,192: update.0.child      : update.0                        : MainThread     : DEBUG   : using addr tcp://144.76.72.175:45419 for pubsub log_pubsub
2018-04-04 02:21:42,194: update.0.child      : update.0                        : MainThread     : DEBUG   : registered publisher : log_pubsub : log.pubsub.pub.0000
2018-04-04 02:21:42,194: update.0.child      : update.0                        : MainThread     : DEBUG   : alive check in term
2018-04-04 02:21:42,195: update.0.child      : update.0                        : MainThread     : DEBUG   : START: update.0.child register publisher state_pubsub
2018-04-04 02:21:42,195: update.0.child      : update.0                        : MainThread     : DEBUG   : using addr tcp://144.76.72.175:34847 for pubsub state_pubsub
2018-04-04 02:21:42,196: update.0.child      : update.0                        : MainThread     : DEBUG   : registered publisher : state_pubsub : state.pubsub.pub.0000
2018-04-04 02:21:42,196: update.0.child      : update.0                        : MainThread     : DEBUG   : alive check in term
2018-04-04 02:21:42,196: update.0.child      : update.0                        : MainThread     : DEBUG   : START: update.0.child register publisher control_pubsub
2018-04-04 02:21:42,196: update.0.child      : update.0                        : MainThread     : DEBUG   : using addr tcp://144.76.72.175:43013 for pubsub control_pubsub
2018-04-04 02:21:42,197: update.0.child      : update.0                        : MainThread     : DEBUG   : registered publisher : control_pubsub : control.pubsub.pub.0000
2018-04-04 02:21:42,197: update.0.child      : update.0                        : MainThread     : DEBUG   : alive check in term
2018-04-04 02:21:42,197: update.0.child      : update.0                        : MainThread     : DEBUG   : START: update.0.child register subscriber update.0.child.subscriber._cancel_monitor_cb
2018-04-04 02:21:42,197: update.0.child      : update.0                        : MainThread     : DEBUG   : using addr tcp://144.76.72.175:32851 for pubsub control_pubsub
2018-04-04 02:21:42,229: update.0.child      : update.0                        : MainThread     : DEBUG   : parent name: update.0.child.subscriber._cancel_monitor_cb
2018-04-04 02:21:42,229: update.0.child      : update.0                        : MainThread     : DEBUG   : start thread
2018-04-04 02:21:42,229: update.0.child      : update.0                        : update.0.child.subscriber._cancel_monitor_cb: DEBUG   : child name: update.0.child.subscriber._cancel_monitor_cb.thread
2018-04-04 02:21:42,229: update.0.child      : update.0                        : update.0.child.subscriber._cancel_monitor_cb: INFO    : child (me) initializing
2018-04-04 02:21:42,229: update.0.child      : update.0                        : update.0.child.subscriber._cancel_monitor_cb: DEBUG   : ru_initialize_common (NOOP)
2018-04-04 02:21:42,230: update.0.child      : update.0                        : update.0.child.subscriber._cancel_monitor_cb: DEBUG   : ru_initialize_child (NOOP)
2018-04-04 02:21:42,230: update.0.child      : update.0                        : update.0.child.subscriber._cancel_monitor_cb: INFO    : send alive
2018-04-04 02:21:42,230: update.0.child      : update.0                        : update.0.child.subscriber._cancel_monitor_cb: INFO    : put message: [update.0.child.subscriber._cancel_monitor_cb.thread] alive
2018-04-04 02:21:42,230: update.0.child      : update.0                        : MainThread     : INFO    : get msg: alive
2018-04-04 02:21:42,231: update.0.child      : update.0                        : MainThread     : DEBUG   : ru_initialize_common (NOOP)
2018-04-04 02:21:42,231: update.0.child      : update.0                        : MainThread     : DEBUG   : ru_initialize_parent (NOOP)
2018-04-04 02:21:42,231: update.0.child      : update.0                        : MainThread     : DEBUG   : child thread update.0.child.subscriber._cancel_monitor_cb started
2018-04-04 02:21:42,231: update.0.child      : update.0                        : MainThread     : DEBUG   : update.0.child registered control_pubsub subscriber update.0.child.subscriber._cancel_monitor_cb
2018-04-04 02:21:42,756: update.0.child      : update.0                        : MainThread     : DEBUG   : alive check in term
2018-04-04 02:21:42,756: update.0.child      : update.0                        : MainThread     : DEBUG   : START: update.0.child register subscriber update.0.child.subscriber._state_cb
2018-04-04 02:21:42,757: update.0.child      : update.0                        : MainThread     : DEBUG   : using addr tcp://144.76.72.175:38349 for pubsub state_pubsub
2018-04-04 02:21:42,759: update.0.child      : update.0                        : MainThread     : DEBUG   : parent name: update.0.child.subscriber._state_cb
2018-04-04 02:21:42,759: update.0.child      : update.0                        : MainThread     : DEBUG   : start thread
2018-04-04 02:21:42,760: update.0.child      : update.0                        : update.0.child.subscriber._state_cb: DEBUG   : child name: update.0.child.subscriber._state_cb.thread
2018-04-04 02:21:42,760: update.0.child      : update.0                        : update.0.child.subscriber._state_cb: INFO    : child (me) initializing
2018-04-04 02:21:42,760: update.0.child      : update.0                        : update.0.child.subscriber._state_cb: DEBUG   : ru_initialize_common (NOOP)
2018-04-04 02:21:42,760: update.0.child      : update.0                        : update.0.child.subscriber._state_cb: DEBUG   : ru_initialize_child (NOOP)
2018-04-04 02:21:42,760: update.0.child      : update.0                        : update.0.child.subscriber._state_cb: INFO    : send alive
2018-04-04 02:21:42,760: update.0.child      : update.0                        : update.0.child.subscriber._state_cb: INFO    : put message: [update.0.child.subscriber._state_cb.thread] alive
2018-04-04 02:21:42,761: update.0.child      : update.0                        : MainThread     : INFO    : get msg: alive
2018-04-04 02:21:42,761: update.0.child      : update.0                        : MainThread     : DEBUG   : ru_initialize_common (NOOP)
2018-04-04 02:21:42,761: update.0.child      : update.0                        : MainThread     : DEBUG   : ru_initialize_parent (NOOP)
2018-04-04 02:21:42,761: update.0.child      : update.0                        : MainThread     : DEBUG   : child thread update.0.child.subscriber._state_cb started
2018-04-04 02:21:42,762: update.0.child      : update.0                        : MainThread     : DEBUG   : update.0.child registered state_pubsub subscriber update.0.child.subscriber._state_cb
2018-04-04 02:21:42,762: update.0.child      : update.0                        : MainThread     : DEBUG   : alive check in term
2018-04-04 02:21:42,762: update.0.child      : update.0                        : MainThread     : DEBUG   : START: update.0.child register idler update.0.child.idler._idle_cb
2018-04-04 02:21:42,762: update.0.child      : update.0                        : MainThread     : DEBUG   : parent name: update.0.child.idler._idle_cb
2018-04-04 02:21:42,762: update.0.child      : update.0                        : MainThread     : DEBUG   : start thread
2018-04-04 02:21:42,763: update.0.child      : update.0                        : update.0.child.idler._idle_cb: DEBUG   : child name: update.0.child.idler._idle_cb.thread
2018-04-04 02:21:42,763: update.0.child      : update.0                        : update.0.child.idler._idle_cb: INFO    : child (me) initializing
2018-04-04 02:21:42,763: update.0.child      : update.0                        : update.0.child.idler._idle_cb: DEBUG   : ru_initialize_common (NOOP)
2018-04-04 02:21:42,763: update.0.child      : update.0                        : update.0.child.idler._idle_cb: DEBUG   : ru_initialize_child (NOOP)
2018-04-04 02:21:42,763: update.0.child      : update.0                        : update.0.child.idler._idle_cb: INFO    : send alive
2018-04-04 02:21:42,763: update.0.child      : update.0                        : update.0.child.idler._idle_cb: INFO    : put message: [update.0.child.idler._idle_cb.thread] alive
2018-04-04 02:21:42,764: update.0.child      : update.0                        : MainThread     : INFO    : get msg: alive
2018-04-04 02:21:42,764: update.0.child      : update.0                        : MainThread     : DEBUG   : ru_initialize_common (NOOP)
2018-04-04 02:21:42,764: update.0.child      : update.0                        : MainThread     : DEBUG   : ru_initialize_parent (NOOP)
2018-04-04 02:21:42,764: update.0.child      : update.0                        : MainThread     : DEBUG   : child thread update.0.child.idler._idle_cb started
2018-04-04 02:21:42,764: update.0.child      : update.0                        : MainThread     : DEBUG   : update.0.child registered idler update.0.child.idler._idle_cb
2018-04-04 02:21:42,764: update.0.child      : update.0                        : MainThread     : INFO    : child (me) initializing
2018-04-04 02:21:42,765: update.0.child      : update.0                        : MainThread     : DEBUG   : parent name: update.0.child.watch
2018-04-04 02:21:42,765: update.0.child      : update.0                        : MainThread     : DEBUG   : start thread
2018-04-04 02:21:42,765: update.0.child      : update.0                        : update.0.child.watch: DEBUG   : child name: update.0.child.watch.thread
2018-04-04 02:21:42,765: update.0.child      : update.0                        : update.0.child.watch: INFO    : child (me) initializing
2018-04-04 02:21:42,765: update.0.child      : update.0                        : update.0.child.watch: DEBUG   : ru_initialize_common (NOOP)
2018-04-04 02:21:42,766: update.0.child      : update.0                        : update.0.child.watch: DEBUG   : ru_initialize_child (NOOP)
2018-04-04 02:21:42,766: update.0.child      : update.0                        : update.0.child.watch: INFO    : send alive
2018-04-04 02:21:42,766: update.0.child      : update.0                        : update.0.child.watch: INFO    : put message: [update.0.child.watch.thread] alive
2018-04-04 02:21:42,766: update.0.child      : update.0                        : MainThread     : INFO    : get msg: alive
2018-04-04 02:21:42,767: update.0.child      : update.0                        : MainThread     : DEBUG   : ru_initialize_common (NOOP)
2018-04-04 02:21:42,767: update.0.child      : update.0                        : MainThread     : DEBUG   : ru_initialize_parent (NOOP)
2018-04-04 02:21:42,767: update.0.child      : update.0                        : MainThread     : DEBUG   : child thread update.0.child.watch started
2018-04-04 02:21:42,767: update.0.child      : update.0                        : MainThread     : INFO    : child (me) is alive
2018-04-04 02:21:42,767: update.0.child      : update.0                        : MainThread     : INFO    : send alive
2018-04-04 02:21:42,767: update.0.child      : update.0                        : MainThread     : INFO    : send message: [update.0.child] alive
2018-04-04 02:21:47,780: update.0.child      : update.0                        : update.0.child.subscriber._state_cb: DEBUG   : bulk update result: {'nModified': 1, 'nUpserted': 0, 'nMatched': 1, 'writeErrors': [], 'upserted': [], 'writeConcernErrors': [], 'nRemoved': 0, 'nInserted': 0}
2018-04-04 02:21:48,232: update.0.child      : update.0                        : update.0.child.subscriber._cancel_monitor_cb: DEBUG   : command ignored: add_pilots
2018-04-04 02:21:48,885: update.0.child      : update.0                        : update.0.child.idler._idle_cb: DEBUG   : bulk update result: {'nModified': 1, 'nUpserted': 0, 'nMatched': 1, 'writeErrors': [], 'upserted': [], 'writeConcernErrors': [], 'nRemoved': 0, 'nInserted': 0}
2018-04-04 02:21:49,293: update.0.child      : update.0                        : update.0.child.subscriber._state_cb: DEBUG   : bulk update result: {'nModified': 256, 'nUpserted': 0, 'nMatched': 256, 'writeErrors': [], 'upserted': [], 'writeConcernErrors': [], 'nRemoved': 0, 'nInserted': 0}
2018-04-04 02:21:49,471: update.0.child      : update.0                        : update.0.child.subscriber._state_cb: DEBUG   : bulk update result: {'nModified': 256, 'nUpserted': 0, 'nMatched': 256, 'writeErrors': [], 'upserted': [], 'writeConcernErrors': [], 'nRemoved': 0, 'nInserted': 0}
2018-04-04 02:21:49,627: update.0.child      : update.0                        : update.0.child.subscriber._state_cb: DEBUG   : bulk update result: {'nModified': 256, 'nUpserted': 0, 'nMatched': 256, 'writeErrors': [], 'upserted': [], 'writeConcernErrors': [], 'nRemoved': 0, 'nInserted': 0}
2018-04-04 02:21:49,787: update.0.child      : update.0                        : update.0.child.subscriber._state_cb: DEBUG   : bulk update result: {'nModified': 256, 'nUpserted': 0, 'nMatched': 256, 'writeErrors': [], 'upserted': [], 'writeConcernErrors': [], 'nRemoved': 0, 'nInserted': 0}
2018-04-04 02:21:59,543: update.0.child      : update.0                        : update.0.child.subscriber._state_cb: DEBUG   : bulk update result: {'nModified': 256, 'nUpserted': 0, 'nMatched': 256, 'writeErrors': [], 'upserted': [], 'writeConcernErrors': [], 'nRemoved': 0, 'nInserted': 0}
2018-04-04 02:22:09,121: update.0.child      : update.0                        : update.0.child.subscriber._state_cb: DEBUG   : bulk update result: {'nModified': 1, 'nUpserted': 0, 'nMatched': 1, 'writeErrors': [], 'upserted': [], 'writeConcernErrors': [], 'nRemoved': 0, 'nInserted': 0}
2018-04-04 02:23:14,795: update.0.child      : update.0                        : update.0.child.subscriber._state_cb: DEBUG   : bulk update result: {'nModified': 1, 'nUpserted': 0, 'nMatched': 1, 'writeErrors': [], 'upserted': [], 'writeConcernErrors': [], 'nRemoved': 0, 'nInserted': 0}
2018-04-04 02:35:15,994: update.0.child      : update.0                        : update.0.child.subscriber._state_cb: DEBUG   : bulk update result: {'nModified': 33, 'nUpserted': 0, 'nMatched': 33, 'writeErrors': [], 'upserted': [], 'writeConcernErrors': [], 'nRemoved': 0, 'nInserted': 0}
2018-04-04 02:35:17,464: update.0.child      : update.0                        : update.0.child.idler._idle_cb: DEBUG   : bulk update result: {'nModified': 66, 'nUpserted': 0, 'nMatched': 66, 'writeErrors': [], 'upserted': [], 'writeConcernErrors': [], 'nRemoved': 0, 'nInserted': 0}
2018-04-04 02:35:17,612: update.0.child      : update.0                        : update.0.child.subscriber._state_cb: DEBUG   : bulk update result: {'nModified': 132, 'nUpserted': 0, 'nMatched': 132, 'writeErrors': [], 'upserted': [], 'writeConcernErrors': [], 'nRemoved': 0, 'nInserted': 0}
2018-04-04 02:35:19,671: update.0.child      : update.0                        : update.0.child.subscriber._state_cb: DEBUG   : bulk update result: {'nModified': 133, 'nUpserted': 0, 'nMatched': 133, 'writeErrors': [], 'upserted': [], 'writeConcernErrors': [], 'nRemoved': 0, 'nInserted': 0}
2018-04-04 02:35:19,917: update.0.child      : update.0                        : update.0.child.subscriber._state_cb: DEBUG   : bulk update result: {'nModified': 134, 'nUpserted': 0, 'nMatched': 134, 'writeErrors': [], 'upserted': [], 'writeConcernErrors': [], 'nRemoved': 0, 'nInserted': 0}
2018-04-04 02:35:20,855: update.0.child      : update.0                        : update.0.child.subscriber._state_cb: DEBUG   : bulk update result: {'nModified': 102, 'nUpserted': 0, 'nMatched': 102, 'writeErrors': [], 'upserted': [], 'writeConcernErrors': [], 'nRemoved': 0, 'nInserted': 0}
2018-04-04 02:35:22,582: update.0.child      : update.0                        : update.0.child.subscriber._state_cb: DEBUG   : bulk update result: {'nModified': 31, 'nUpserted': 0, 'nMatched': 31, 'writeErrors': [], 'upserted': [], 'writeConcernErrors': [], 'nRemoved': 0, 'nInserted': 0}
2018-04-04 02:35:24,178: update.0.child      : update.0                        : update.0.child.idler._idle_cb: DEBUG   : bulk update result: {'nModified': 62, 'nUpserted': 0, 'nMatched': 62, 'writeErrors': [], 'upserted': [], 'writeConcernErrors': [], 'nRemoved': 0, 'nInserted': 0}
2018-04-04 02:35:25,505: update.0.child      : update.0                        : update.0.child.idler._idle_cb: DEBUG   : bulk update result: {'nModified': 75, 'nUpserted': 0, 'nMatched': 75, 'writeErrors': [], 'upserted': [], 'writeConcernErrors': [], 'nRemoved': 0, 'nInserted': 0}
2018-04-04 02:35:29,968: update.0.child      : update.0                        : update.0.child.subscriber._cancel_monitor_cb: DEBUG   : command ignored: cancel_pilots
2018-04-04 02:35:30,073: update.0.child      : update.0                        : update.0.child.subscriber._state_cb: DEBUG   : bulk update result: {'nModified': 1, 'nUpserted': 0, 'nMatched': 1, 'writeErrors': [], 'upserted': [], 'writeConcernErrors': [], 'nRemoved': 0, 'nInserted': 0}
2018-04-04 02:35:32,582: update.0.child      : update.0                        : update.0.child.watch: INFO    : recv message: STOP
2018-04-04 02:35:32,582: update.0.child      : update.0                        : update.0.child.watch: INFO    : message received: STOP
2018-04-04 02:35:32,582: update.0.child      : update.0                        : update.0.child.watch: INFO    : STOP received: STOP
2018-04-04 02:35:32,582: update.0.child      : update.0                        : update.0.child.watch: INFO    : watcher closes
2018-04-04 02:35:32,582: update.0.child      : update.0                        : update.0.child.watch: INFO    : put message: [update.0.child.watch.thread] work finished
2018-04-04 02:35:32,582: update.0.child      : update.0                        : update.0.child.watch: DEBUG   : ru_finalize_child (NOOP)
2018-04-04 02:35:32,582: update.0.child      : update.0                        : update.0.child.watch: DEBUG   : ru_finalize_common (NOOP)
2018-04-04 02:35:32,583: update.0.child      : update.0                        : update.0.child.watch: INFO    : put message: [update.0.child.watch.thread] terminating
2018-04-04 02:35:32,619: update.0.child      : update.0                        : MainThread     : WARNING : alive check: proc invalid - stop [False - True]
2018-04-04 02:35:32,654: update.0.child      : update.0                        : MainThread     : INFO    : stop update.0.child (22118 : 22118 : MainThread) [radical.pilot.worker.update.Update.stop]
2018-04-04 02:35:32,654: update.0.child      : update.0                        : MainThread     : INFO    : parent stops child  22118 -> 22118 [update.0.child]
2018-04-04 02:35:32,654: update.0.child      : update.0                        : MainThread     : INFO    : send message: [update.0.child] STOP
2018-04-04 02:35:32,654: update.0.child      : update.0                        : MainThread     : WARNING : send failed ([Errno 9] Bad file descriptor) - terminate
2018-04-04 02:35:32,654: update.0.child      : update.0                        : MainThread     : DEBUG   : TERM : update.0.child unregister idler update.0.child.idler._idle_cb
2018-04-04 02:35:32,654: update.0.child      : update.0                        : MainThread     : INFO    : parent stops child
2018-04-04 02:35:32,654: update.0.child      : update.0                        : MainThread     : DEBUG   : ru_finalize_parent (NOOP)
2018-04-04 02:35:32,655: update.0.child      : update.0                        : MainThread     : DEBUG   : ru_finalize_common (NOOP)
2018-04-04 02:35:32,717: update.0.child      : update.0                        : update.0.child.idler._idle_cb: DEBUG   : ru_finalize_child (NOOP)
2018-04-04 02:35:32,717: update.0.child      : update.0                        : update.0.child.idler._idle_cb: DEBUG   : ru_finalize_common (NOOP)
2018-04-04 02:35:32,717: update.0.child      : update.0                        : update.0.child.idler._idle_cb: INFO    : put message: [update.0.child.idler._idle_cb.thread] terminating
2018-04-04 02:35:32,718: update.0.child      : update.0                        : MainThread     : DEBUG   : TERM : update.0.child unregistered idler update.0.child.idler._idle_cb
2018-04-04 02:35:32,718: update.0.child      : update.0                        : MainThread     : DEBUG   : TERM : update.0.child unregister subscriber update.0.child.subscriber._state_cb
2018-04-04 02:35:32,718: update.0.child      : update.0                        : MainThread     : DEBUG   : unregistered subscriber update.0.child.subscriber._state_cb
2018-04-04 02:35:32,719: update.0.child      : update.0                        : MainThread     : DEBUG   : ru_finalize_common()
2018-04-04 02:35:32,719: update.0.child      : update.0                        : MainThread     : DEBUG   : TERM : update.0.child unregister publisher log_pubsub
2018-04-04 02:35:32,719: update.0.child      : update.0                        : MainThread     : DEBUG   : unregistered publisher log_pubsub
2018-04-04 02:35:32,720: update.0.child      : update.0                        : MainThread     : DEBUG   : TERM : update.0.child unregister publisher state_pubsub
2018-04-04 02:35:32,720: update.0.child      : update.0                        : MainThread     : DEBUG   : unregistered publisher state_pubsub
2018-04-04 02:35:32,721: update.0.child      : update.0                        : MainThread     : DEBUG   : TERM : update.0.child unregister publisher control_pubsub
2018-04-04 02:35:32,721: update.0.child      : update.0                        : MainThread     : DEBUG   : unregistered publisher control_pubsub
2018-04-04 02:35:32,722: update.0.child      : update.0                        : MainThread     : DEBUG   : update.0.child close prof
2018-04-04 02:35:32,722: update.0.child      : update.0                        : MainThread     : INFO    : parent stops child
2018-04-04 02:35:32,722: update.0.child      : update.0                        : MainThread     : DEBUG   : ru_finalize_parent (NOOP)
2018-04-04 02:35:32,722: update.0.child      : update.0                        : MainThread     : DEBUG   : ru_finalize_common (NOOP)
2018-04-04 02:35:32,722: update.0.child      : update.0                        : MainThread     : INFO    : parent stops child
2018-04-04 02:35:32,722: update.0.child      : update.0                        : MainThread     : DEBUG   : ru_finalize_parent (NOOP)
2018-04-04 02:35:32,723: update.0.child      : update.0                        : update.0.child.subscriber._cancel_monitor_cb: DEBUG   : ru_finalize_child (NOOP)
2018-04-04 02:35:32,723: update.0.child      : update.0                        : update.0.child.subscriber._cancel_monitor_cb: INFO    : put message: [update.0.child.subscriber._cancel_monitor_cb.thread] terminating
2018-04-04 02:35:32,723: update.0.child      : update.0                        : MainThread     : INFO    : parent stops child
2018-04-04 02:35:32,723: update.0.child      : update.0                        : MainThread     : DEBUG   : ru_finalize_parent (NOOP)
2018-04-04 02:35:32,723: update.0.child      : update.0                        : update.0.child.subscriber._state_cb: DEBUG   : ru_finalize_child (NOOP)
2018-04-04 02:35:32,724: update.0.child      : update.0                        : update.0.child.subscriber._state_cb: INFO    : put message: [update.0.child.subscriber._state_cb.thread] terminating
2018-04-04 02:35:32,724: update.0.child      : update.0                        : MainThread     : INFO    : parent stops child
2018-04-04 02:35:32,724: update.0.child      : update.0                        : MainThread     : WARNING : super update.0.child is invalid
2018-04-04 02:35:32,724: update.0.child      : update.0                        : MainThread     : WARNING : component update.0.child is invalid
2018-04-04 02:35:32,725: update.0.child      : update.0                        : MainThread     : INFO    : stop update.0.child (22118 : 22118 : MainThread) [radical.pilot.worker.update.Update.stop]
2018-04-04 02:35:32,725: update.0.child      : update.0                        : MainThread     : DEBUG   : TERM : update.0.child unregister idler update.0.child.idler._idle_cb
2018-04-04 02:35:32,725: update.0.child      : update.0                        : MainThread     : WARNING : timed cb update.0.child.idler._idle_cb is not registered
2018-04-04 02:35:32,726: update.0.child      : update.0                        : MainThread     : DEBUG   : TERM : update.0.child unregister subscriber update.0.child.subscriber._state_cb
2018-04-04 02:35:32,726: update.0.child      : update.0                        : MainThread     : WARNING : subscriber _state_cb is not registered
2018-04-04 02:35:32,726: update.0.child      : update.0                        : MainThread     : DEBUG   : ru_finalize_common()
2018-04-04 02:35:32,726: update.0.child      : update.0                        : MainThread     : WARNING : publisher log_pubsub is not registered
2018-04-04 02:35:32,726: update.0.child      : update.0                        : MainThread     : WARNING : publisher state_pubsub is not registered
2018-04-04 02:35:32,726: update.0.child      : update.0                        : MainThread     : WARNING : publisher control_pubsub is not registered
2018-04-04 02:35:32,726: update.0.child      : update.0                        : MainThread     : DEBUG   : update.0.child close prof
2018-04-04 02:35:32,726: update.0.child      : update.0                        : MainThread     : INFO    : send message: [update.0.child] terminating
2018-04-04 02:35:32,726: update.0.child      : update.0                        : MainThread     : WARNING : send failed ([Errno 9] Bad file descriptor) - terminate
2018-04-04 02:35:32,726: update.0.child      : update.0                        : MainThread     : INFO    : parent stops child
2018-04-04 02:35:32,726: update.0.child      : update.0                        : MainThread     : INFO    : parent stops child
2018-04-04 02:35:32,726: update.0.child      : update.0                        : MainThread     : INFO    : parent stops child
