2018-03-15 04:40:38,234: log.pubsub.pub.0000 : update.0                        : MainThread     : INFO    : python.interpreter   version: 2.7.14 (default, Sep 23 2017, 22:06:14) [GCC 7.2.0]
2018-03-15 04:40:38,235: log.pubsub.pub.0000 : update.0                        : MainThread     : INFO    :                      pid: 13664
2018-03-15 04:40:38,235: log.pubsub.pub.0000 : update.0                        : MainThread     : INFO    :                      tid: MainThread
2018-03-15 04:40:38,235: log.pubsub.pub.0000 : update.0                        : MainThread     : INFO    : radical.pilot        version: 0.47-0.47-14-gb1dff8bd@devel
2018-03-15 04:40:38,235: log.pubsub.pub.0000 : update.0                        : MainThread     : INFO    : create log_pubsub - pub - tcp://144.76.72.175:39599
2018-03-15 04:40:38,236: log.pubsub.pub.0000 : update.0                        : MainThread     : DEBUG   : start process
2018-03-15 04:40:38,236: log.pubsub.pub.0000 : update.0                        : MainThread     : DEBUG   : ru_initialize_common (NOOP)
2018-03-15 04:40:38,236: log.pubsub.pub.0000 : update.0                        : MainThread     : DEBUG   : ru_initialize_parent (NOOP)
2018-03-15 04:40:38,236: log.pubsub.pub.0000 : update.0                        : MainThread     : DEBUG   : process class started (no child)
2018-03-15 04:40:38,774: log.pubsub.pub.0000 : MainProcess                     : MainThread     : INFO    : python.interpreter   version: 2.7.14 (default, Sep 23 2017, 22:06:14) [GCC 7.2.0]
2018-03-15 04:40:38,774: log.pubsub.pub.0000 : MainProcess                     : MainThread     : INFO    :                      pid: 13633
2018-03-15 04:40:38,774: log.pubsub.pub.0000 : MainProcess                     : MainThread     : INFO    :                      tid: MainThread
2018-03-15 04:40:38,775: log.pubsub.pub.0000 : MainProcess                     : MainThread     : INFO    : radical.pilot        version: 0.47-0.47-14-gb1dff8bd@devel
2018-03-15 04:40:38,775: log.pubsub.pub.0000 : MainProcess                     : MainThread     : INFO    : create log_pubsub - pub - tcp://144.76.72.175:39599
2018-03-15 04:40:38,775: log.pubsub.pub.0000 : MainProcess                     : MainThread     : DEBUG   : start process
2018-03-15 04:40:38,775: log.pubsub.pub.0000 : MainProcess                     : MainThread     : DEBUG   : ru_initialize_common (NOOP)
2018-03-15 04:40:38,775: log.pubsub.pub.0000 : MainProcess                     : MainThread     : DEBUG   : ru_initialize_parent (NOOP)
2018-03-15 04:40:38,775: log.pubsub.pub.0000 : MainProcess                     : MainThread     : DEBUG   : process class started (no child)
2018-03-15 04:42:05,418: log.pubsub.pub.0000 : MainProcess                     : MainThread     : INFO    : parent stops child  13633 -> None [log.pubsub.pub.0000]
2018-03-15 04:42:05,418: log.pubsub.pub.0000 : MainProcess                     : MainThread     : DEBUG   : ru_finalize_parent (NOOP)
2018-03-15 04:42:05,534: log.pubsub.pub.0000 : update.0                        : MainThread     : INFO    : parent stops child  13664 -> None [log.pubsub.pub.0000]
2018-03-15 04:42:05,534: log.pubsub.pub.0000 : update.0                        : MainThread     : DEBUG   : ru_finalize_parent (NOOP)
