2018-03-15 04:40:36,910: rp.session.one.george.017605.0006: MainProcess                     : MainThread     : INFO    : python.interpreter   version: 2.7.14 (default, Sep 23 2017, 22:06:14) [GCC 7.2.0]
2018-03-15 04:40:36,911: rp.session.one.george.017605.0006: MainProcess                     : MainThread     : INFO    :                      pid: 13633
2018-03-15 04:40:36,911: rp.session.one.george.017605.0006: MainProcess                     : MainThread     : INFO    :                      tid: MainThread
2018-03-15 04:40:36,911: rp.session.one.george.017605.0006: MainProcess                     : MainThread     : INFO    : radical.pilot        version: 0.47-0.47-14-gb1dff8bd@devel
2018-03-15 04:40:36,954: rp.session.one.george.017605.0006: MainProcess                     : MainThread     : INFO    : using database mongodb://rp:rp@ds015335.mlab.com:15335/rp
2018-03-15 04:40:36,960: rp.session.one.george.017605.0006: MainProcess                     : MainThread     : INFO    : Load resource configurations from /home/george/ve-matteo/local/lib/python2.7/site-packages/radical/pilot/configs/resource_stfc.json
2018-03-15 04:40:36,962: rp.session.one.george.017605.0006: MainProcess                     : MainThread     : INFO    : Load resource configurations for stfc.joule_runjob
2018-03-15 04:40:36,962: rp.session.one.george.017605.0006: MainProcess                     : MainThread     : INFO    : Load resource configurations from /home/george/ve-matteo/local/lib/python2.7/site-packages/radical/pilot/configs/resource_rice.json
2018-03-15 04:40:36,965: rp.session.one.george.017605.0006: MainProcess                     : MainThread     : INFO    : Load resource configurations for rice.davinci_ssh
2018-03-15 04:40:36,965: rp.session.one.george.017605.0006: MainProcess                     : MainThread     : INFO    : Load resource configurations for rice.biou_ssh
2018-03-15 04:40:36,965: rp.session.one.george.017605.0006: MainProcess                     : MainThread     : INFO    : Load resource configurations from /home/george/ve-matteo/local/lib/python2.7/site-packages/radical/pilot/configs/resource_xsede.json
2018-03-15 04:40:36,994: rp.session.one.george.017605.0006: MainProcess                     : MainThread     : INFO    : Load resource configurations for xsede.gordon_ssh
2018-03-15 04:40:36,994: rp.session.one.george.017605.0006: MainProcess                     : MainThread     : INFO    : Load resource configurations for xsede.lonestar_ssh
2018-03-15 04:40:36,995: rp.session.one.george.017605.0006: MainProcess                     : MainThread     : INFO    : Load resource configurations for xsede.supermic_spark
2018-03-15 04:40:36,995: rp.session.one.george.017605.0006: MainProcess                     : MainThread     : INFO    : Load resource configurations for xsede.wrangler_yarn
2018-03-15 04:40:36,995: rp.session.one.george.017605.0006: MainProcess                     : MainThread     : INFO    : Load resource configurations for xsede.blacklight_ssh
2018-03-15 04:40:36,995: rp.session.one.george.017605.0006: MainProcess                     : MainThread     : INFO    : Load resource configurations for xsede.stampede_ortelib
2018-03-15 04:40:36,996: rp.session.one.george.017605.0006: MainProcess                     : MainThread     : INFO    : Load resource configurations for xsede.stampede_yarn
2018-03-15 04:40:36,996: rp.session.one.george.017605.0006: MainProcess                     : MainThread     : INFO    : Load resource configurations for xsede.stampede_ssh
2018-03-15 04:40:36,996: rp.session.one.george.017605.0006: MainProcess                     : MainThread     : INFO    : Load resource configurations for xsede.greenfield
2018-03-15 04:40:36,997: rp.session.one.george.017605.0006: MainProcess                     : MainThread     : INFO    : Load resource configurations for xsede.bridges
2018-03-15 04:40:36,997: rp.session.one.george.017605.0006: MainProcess                     : MainThread     : INFO    : Load resource configurations for xsede.trestles_ssh
2018-03-15 04:40:36,997: rp.session.one.george.017605.0006: MainProcess                     : MainThread     : INFO    : Load resource configurations for xsede.supermic_ortelib
2018-03-15 04:40:36,997: rp.session.one.george.017605.0006: MainProcess                     : MainThread     : INFO    : Load resource configurations for xsede.stampede2_ssh
2018-03-15 04:40:36,998: rp.session.one.george.017605.0006: MainProcess                     : MainThread     : INFO    : Load resource configurations for xsede.supermic_ssh
2018-03-15 04:40:36,998: rp.session.one.george.017605.0006: MainProcess                     : MainThread     : INFO    : Load resource configurations for xsede.wrangler_ssh
2018-03-15 04:40:36,998: rp.session.one.george.017605.0006: MainProcess                     : MainThread     : INFO    : Load resource configurations for xsede.supermic_orte
2018-03-15 04:40:36,999: rp.session.one.george.017605.0006: MainProcess                     : MainThread     : INFO    : Load resource configurations for xsede.wrangler_spark
2018-03-15 04:40:36,999: rp.session.one.george.017605.0006: MainProcess                     : MainThread     : INFO    : Load resource configurations for xsede.stampede_orte
2018-03-15 04:40:36,999: rp.session.one.george.017605.0006: MainProcess                     : MainThread     : INFO    : Load resource configurations for xsede.comet_ortelib
2018-03-15 04:40:36,999: rp.session.one.george.017605.0006: MainProcess                     : MainThread     : INFO    : Load resource configurations for xsede.comet_orte
2018-03-15 04:40:37,000: rp.session.one.george.017605.0006: MainProcess                     : MainThread     : INFO    : Load resource configurations for xsede.comet_spark
2018-03-15 04:40:37,000: rp.session.one.george.017605.0006: MainProcess                     : MainThread     : INFO    : Load resource configurations for xsede.comet_ssh
2018-03-15 04:40:37,000: rp.session.one.george.017605.0006: MainProcess                     : MainThread     : INFO    : Load resource configurations for xsede.stampede_spark
2018-03-15 04:40:37,001: rp.session.one.george.017605.0006: MainProcess                     : MainThread     : INFO    : Load resource configurations from /home/george/ve-matteo/local/lib/python2.7/site-packages/radical/pilot/configs/resource_epsrc.json
2018-03-15 04:40:37,003: rp.session.one.george.017605.0006: MainProcess                     : MainThread     : INFO    : Load resource configurations for epsrc.archer_orte
2018-03-15 04:40:37,003: rp.session.one.george.017605.0006: MainProcess                     : MainThread     : INFO    : Load resource configurations for epsrc.archer_aprun
2018-03-15 04:40:37,004: rp.session.one.george.017605.0006: MainProcess                     : MainThread     : INFO    : Load resource configurations from /home/george/ve-matteo/local/lib/python2.7/site-packages/radical/pilot/configs/resource_lrz.json
2018-03-15 04:40:37,005: rp.session.one.george.017605.0006: MainProcess                     : MainThread     : INFO    : Load resource configurations for lrz.supermuc_ssh
2018-03-15 04:40:37,005: rp.session.one.george.017605.0006: MainProcess                     : MainThread     : INFO    : Load resource configurations from /home/george/ve-matteo/local/lib/python2.7/site-packages/radical/pilot/configs/resource_das4.json
2018-03-15 04:40:37,006: rp.session.one.george.017605.0006: MainProcess                     : MainThread     : INFO    : Load resource configurations for das4.fs2_ssh
2018-03-15 04:40:37,006: rp.session.one.george.017605.0006: MainProcess                     : MainThread     : INFO    : Load resource configurations from /home/george/ve-matteo/local/lib/python2.7/site-packages/radical/pilot/configs/resource_radical.json
2018-03-15 04:40:37,010: rp.session.one.george.017605.0006: MainProcess                     : MainThread     : INFO    : Load resource configurations for radical.two
2018-03-15 04:40:37,010: rp.session.one.george.017605.0006: MainProcess                     : MainThread     : INFO    : Load resource configurations for radical.tutorial
2018-03-15 04:40:37,010: rp.session.one.george.017605.0006: MainProcess                     : MainThread     : INFO    : Load resource configurations for radical.one
2018-03-15 04:40:37,010: rp.session.one.george.017605.0006: MainProcess                     : MainThread     : INFO    : Load resource configurations from /home/george/ve-matteo/local/lib/python2.7/site-packages/radical/pilot/configs/resource_osg.json
2018-03-15 04:40:37,013: rp.session.one.george.017605.0006: MainProcess                     : MainThread     : INFO    : Load resource configurations for osg.xsede-virt-clust
2018-03-15 04:40:37,013: rp.session.one.george.017605.0006: MainProcess                     : MainThread     : INFO    : Load resource configurations for osg.connect
2018-03-15 04:40:37,013: rp.session.one.george.017605.0006: MainProcess                     : MainThread     : INFO    : Load resource configurations from /home/george/ve-matteo/local/lib/python2.7/site-packages/radical/pilot/configs/resource_yale.json
2018-03-15 04:40:37,014: rp.session.one.george.017605.0006: MainProcess                     : MainThread     : INFO    : Load resource configurations for yale.grace_ssh
2018-03-15 04:40:37,015: rp.session.one.george.017605.0006: MainProcess                     : MainThread     : INFO    : Load resource configurations from /home/george/ve-matteo/local/lib/python2.7/site-packages/radical/pilot/configs/resource_futuregrid.json
2018-03-15 04:40:37,020: rp.session.one.george.017605.0006: MainProcess                     : MainThread     : INFO    : Load resource configurations for futuregrid.delta_ssh
2018-03-15 04:40:37,021: rp.session.one.george.017605.0006: MainProcess                     : MainThread     : INFO    : Load resource configurations for futuregrid.india_ssh
2018-03-15 04:40:37,021: rp.session.one.george.017605.0006: MainProcess                     : MainThread     : INFO    : Load resource configurations for futuregrid.echo_ssh
2018-03-15 04:40:37,021: rp.session.one.george.017605.0006: MainProcess                     : MainThread     : INFO    : Load resource configurations for futuregrid.xray_ccm
2018-03-15 04:40:37,021: rp.session.one.george.017605.0006: MainProcess                     : MainThread     : INFO    : Load resource configurations for futuregrid.bravo_ssh
2018-03-15 04:40:37,022: rp.session.one.george.017605.0006: MainProcess                     : MainThread     : INFO    : Load resource configurations for futuregrid.xray_aprun
2018-03-15 04:40:37,022: rp.session.one.george.017605.0006: MainProcess                     : MainThread     : INFO    : Load resource configurations from /home/george/ve-matteo/local/lib/python2.7/site-packages/radical/pilot/configs/resource_lumc.json
2018-03-15 04:40:37,024: rp.session.one.george.017605.0006: MainProcess                     : MainThread     : INFO    : Load resource configurations for lumc.gb-ui_ssh
2018-03-15 04:40:37,024: rp.session.one.george.017605.0006: MainProcess                     : MainThread     : INFO    : Load resource configurations for lumc.shark_ssh
2018-03-15 04:40:37,025: rp.session.one.george.017605.0006: MainProcess                     : MainThread     : INFO    : Load resource configurations from /home/george/ve-matteo/local/lib/python2.7/site-packages/radical/pilot/configs/resource_local.json
2018-03-15 04:40:37,031: rp.session.one.george.017605.0006: MainProcess                     : MainThread     : INFO    : Load resource configurations for local.localhost_orte
2018-03-15 04:40:37,032: rp.session.one.george.017605.0006: MainProcess                     : MainThread     : INFO    : Load resource configurations for local.localhost_anaconda
2018-03-15 04:40:37,032: rp.session.one.george.017605.0006: MainProcess                     : MainThread     : INFO    : Load resource configurations for local.localhost_ortelib
2018-03-15 04:40:37,032: rp.session.one.george.017605.0006: MainProcess                     : MainThread     : INFO    : Load resource configurations for local.localhost
2018-03-15 04:40:37,032: rp.session.one.george.017605.0006: MainProcess                     : MainThread     : INFO    : Load resource configurations for local.localhost_spark
2018-03-15 04:40:37,033: rp.session.one.george.017605.0006: MainProcess                     : MainThread     : INFO    : Load resource configurations for local.localhost_spark_anaconda
2018-03-15 04:40:37,033: rp.session.one.george.017605.0006: MainProcess                     : MainThread     : INFO    : Load resource configurations for local.localhost_yarn
2018-03-15 04:40:37,033: rp.session.one.george.017605.0006: MainProcess                     : MainThread     : INFO    : Load resource configurations from /home/george/ve-matteo/local/lib/python2.7/site-packages/radical/pilot/configs/resource_fub.json
2018-03-15 04:40:37,034: rp.session.one.george.017605.0006: MainProcess                     : MainThread     : INFO    : Load resource configurations for fub.allegro_rsh
2018-03-15 04:40:37,035: rp.session.one.george.017605.0006: MainProcess                     : MainThread     : INFO    : Load resource configurations from /home/george/ve-matteo/local/lib/python2.7/site-packages/radical/pilot/configs/resource_iu.json
2018-03-15 04:40:37,037: rp.session.one.george.017605.0006: MainProcess                     : MainThread     : INFO    : Load resource configurations for iu.bigred2_ccm_ssh
2018-03-15 04:40:37,037: rp.session.one.george.017605.0006: MainProcess                     : MainThread     : INFO    : Load resource configurations for iu.bigred2_aprun
2018-03-15 04:40:37,037: rp.session.one.george.017605.0006: MainProcess                     : MainThread     : INFO    : Load resource configurations from /home/george/ve-matteo/local/lib/python2.7/site-packages/radical/pilot/configs/resource_ornl.json
2018-03-15 04:40:37,041: rp.session.one.george.017605.0006: MainProcess                     : MainThread     : INFO    : Load resource configurations for ornl.titan_orte
2018-03-15 04:40:37,041: rp.session.one.george.017605.0006: MainProcess                     : MainThread     : INFO    : Load resource configurations for ornl.titan_aprun
2018-03-15 04:40:37,042: rp.session.one.george.017605.0006: MainProcess                     : MainThread     : INFO    : Load resource configurations for ornl.titan_ortelib
2018-03-15 04:40:37,042: rp.session.one.george.017605.0006: MainProcess                     : MainThread     : INFO    : Load resource configurations from /home/george/ve-matteo/local/lib/python2.7/site-packages/radical/pilot/configs/resource_nersc.json
2018-03-15 04:40:37,049: rp.session.one.george.017605.0006: MainProcess                     : MainThread     : INFO    : Load resource configurations for nersc.edison_ccm_ssh
2018-03-15 04:40:37,049: rp.session.one.george.017605.0006: MainProcess                     : MainThread     : INFO    : Load resource configurations for nersc.hopper_orte
2018-03-15 04:40:37,049: rp.session.one.george.017605.0006: MainProcess                     : MainThread     : INFO    : Load resource configurations for nersc.hopper_ccm_ssh
2018-03-15 04:40:37,050: rp.session.one.george.017605.0006: MainProcess                     : MainThread     : INFO    : Load resource configurations for nersc.edison_aprun
2018-03-15 04:40:37,050: rp.session.one.george.017605.0006: MainProcess                     : MainThread     : INFO    : Load resource configurations for nersc.hopper_aprun
2018-03-15 04:40:37,050: rp.session.one.george.017605.0006: MainProcess                     : MainThread     : INFO    : Load resource configurations for nersc.edison_orte
2018-03-15 04:40:37,050: rp.session.one.george.017605.0006: MainProcess                     : MainThread     : INFO    : Load resource configurations from /home/george/ve-matteo/local/lib/python2.7/site-packages/radical/pilot/configs/resource_chameleon.json
2018-03-15 04:40:37,051: rp.session.one.george.017605.0006: MainProcess                     : MainThread     : INFO    : Load resource configurations for chameleon.cloud_vm_yarn
2018-03-15 04:40:37,052: rp.session.one.george.017605.0006: MainProcess                     : MainThread     : INFO    : Load resource configurations from /home/george/ve-matteo/local/lib/python2.7/site-packages/radical/pilot/configs/resource_ncar.json
2018-03-15 04:40:37,053: rp.session.one.george.017605.0006: MainProcess                     : MainThread     : INFO    : Load resource configurations for ncar.yellowstone_ssh
2018-03-15 04:40:37,053: rp.session.one.george.017605.0006: MainProcess                     : MainThread     : INFO    : Load resource configurations from /home/george/ve-matteo/local/lib/python2.7/site-packages/radical/pilot/configs/resource_ncsa.json
2018-03-15 04:40:37,059: rp.session.one.george.017605.0006: MainProcess                     : MainThread     : INFO    : Load resource configurations for ncsa.bw_orte
2018-03-15 04:40:37,059: rp.session.one.george.017605.0006: MainProcess                     : MainThread     : INFO    : Load resource configurations for ncsa.bw_ccm_ssh
2018-03-15 04:40:37,059: rp.session.one.george.017605.0006: MainProcess                     : MainThread     : INFO    : Load resource configurations for ncsa.bw_ortelib
2018-03-15 04:40:37,060: rp.session.one.george.017605.0006: MainProcess                     : MainThread     : INFO    : Load resource configurations for ncsa.bw_aprun
2018-03-15 04:40:37,060: rp.session.one.george.017605.0006: MainProcess                     : MainThread     : INFO    : Load resource configurations for ncsa.bw_local_orte
2018-03-15 04:40:37,060: rp.session.one.george.017605.0006: MainProcess                     : MainThread     : INFO    : Load resource configurations from /home/george/ve-matteo/local/lib/python2.7/site-packages/radical/pilot/configs/resource_aliases.json
2018-03-15 04:40:37,060: rp.session.one.george.017605.0006: MainProcess                     : MainThread     : INFO    : Load resource configurations from /home/george/ve-matteo/local/lib/python2.7/site-packages/radical/pilot/configs/resource_das5.json
2018-03-15 04:40:37,061: rp.session.one.george.017605.0006: MainProcess                     : MainThread     : INFO    : Load resource configurations for das5.fs1_ssh
2018-03-15 04:40:38,093: rp.session.one.george.017605.0006: MainProcess                     : MainThread     : INFO    : New Session created: rp.session.one.george.017605.0006.
2018-03-15 04:40:38,094: rp.session.one.george.017605.0006: MainProcess                     : MainThread     : DEBUG   : start bridges   : {u'control_pubsub': {u'bulk_size': 0, u'log_level': u'debug', u'stall_hwm': 1},
 u'log_pubsub': {u'bulk_size': 0, u'log_level': u'debug', u'stall_hwm': 1},
 u'state_pubsub': {u'bulk_size': 0, u'log_level': u'debug', u'stall_hwm': 1}}
2018-03-15 04:40:38,094: rp.session.one.george.017605.0006: MainProcess                     : MainThread     : INFO    : create bridge control_pubsub
2018-03-15 04:40:38,113: rp.session.one.george.017605.0006: MainProcess                     : MainThread     : INFO    : created bridge control_pubsub (control.pubsub.bridge.0000)
2018-03-15 04:40:38,113: rp.session.one.george.017605.0006: MainProcess                     : MainThread     : INFO    : create bridge state_pubsub
2018-03-15 04:40:38,125: rp.session.one.george.017605.0006: MainProcess                     : MainThread     : INFO    : created bridge state_pubsub (state.pubsub.bridge.0000)
2018-03-15 04:40:38,125: rp.session.one.george.017605.0006: MainProcess                     : MainThread     : INFO    : create bridge log_pubsub
2018-03-15 04:40:38,139: rp.session.one.george.017605.0006: MainProcess                     : MainThread     : INFO    : created bridge log_pubsub (log.pubsub.bridge.0000)
2018-03-15 04:40:38,139: rp.session.one.george.017605.0006: MainProcess                     : MainThread     : DEBUG   : start components: {u'UpdateWorker': {u'count': 1}}
2018-03-15 04:40:38,139: rp.session.one.george.017605.0006: MainProcess                     : MainThread     : DEBUG   : start 1 component(s) UpdateWorker
2018-03-15 04:40:38,780: rp.session.one.george.017605.0006: MainProcess                     : MainThread     : INFO    : rp.session.one.george.017605.0006 starts update.0
2018-03-15 04:40:40,151: rp.session.one.george.017605.0006: MainProcess                     : MainThread     : DEBUG   : rsup.PTYShell('gsissh://supermic.cct-lsu.xsede.org:2222/')
2018-03-15 04:40:44,997: rp.session.one.george.017605.0006: MainProcess                     : MainThread     : DEBUG   : sandbox base gsissh://supermic.cct-lsu.xsede.org:2222/: '/work/gchantzi'
2018-03-15 04:40:45,198: rp.session.one.george.017605.0006: MainProcess                     : MainThread     : DEBUG   : bulk pilot insert result: {'nModified': 0, 'nUpserted': 0, 'nMatched': 0, 'writeErrors': [], 'upserted': [], 'writeConcernErrors': [], 'nRemoved': 0, 'nInserted': 1}
2018-03-15 04:40:45,205: rp.session.one.george.017605.0006: pmgr.0000.launching.0           : MainThread     : DEBUG   : rsup.PTYShell('gsissh://supermic.cct-lsu.xsede.org:2222/')
2018-03-15 04:40:46,993: rp.session.one.george.017605.0006: pmgr.0000.launching.0           : MainThread     : DEBUG   : sandbox base gsissh://supermic.cct-lsu.xsede.org:2222/: '/work/gchantzi'
2018-03-15 04:40:52,339: rp.session.one.george.017605.0006: MainProcess                     : MainThread     : DEBUG   : bulk unit insert result: {'nModified': 0, 'nUpserted': 0, 'nMatched': 0, 'writeErrors': [], 'upserted': [], 'writeConcernErrors': [], 'nRemoved': 0, 'nInserted': 128}
2018-03-15 04:41:58,748: rp.session.one.george.017605.0006: MainProcess                     : MainThread     : DEBUG   : session rp.session.one.george.017605.0006 closing
2018-03-15 04:41:58,748: rp.session.one.george.017605.0006: MainProcess                     : MainThread     : DEBUG   : session rp.session.one.george.017605.0006 closes umgr   umgr.0000
2018-03-15 04:42:02,543: rp.session.one.george.017605.0006: MainProcess                     : MainThread     : DEBUG   : session rp.session.one.george.017605.0006 closed umgr   umgr.0000
2018-03-15 04:42:02,543: rp.session.one.george.017605.0006: MainProcess                     : MainThread     : DEBUG   : session rp.session.one.george.017605.0006 closes pmgr   pmgr.0000
2018-03-15 04:42:05,379: rp.session.one.george.017605.0006: MainProcess                     : MainThread     : DEBUG   : session rp.session.one.george.017605.0006 closed pmgr   pmgr.0000
2018-03-15 04:42:05,379: rp.session.one.george.017605.0006: MainProcess                     : MainThread     : DEBUG   : session rp.session.one.george.017605.0006 closes comp   update.0
2018-03-15 04:42:05,379: rp.session.one.george.017605.0006: MainProcess                     : MainThread     : DEBUG   :  === update.0 stop called
2018-03-15 04:42:05,420: rp.session.one.george.017605.0006: update.0                        : MainThread     : DEBUG   :  === update.0.child stop called
2018-03-15 04:42:05,579: rp.session.one.george.017605.0006: update.0                        : MainThread     : DEBUG   :  === update.0.child stop called
2018-03-15 04:42:05,623: rp.session.one.george.017605.0006: MainProcess                     : MainThread     : DEBUG   : session rp.session.one.george.017605.0006 closed comp   update.0
2018-03-15 04:42:05,624: rp.session.one.george.017605.0006: MainProcess                     : MainThread     : DEBUG   : session rp.session.one.george.017605.0006 closes bridge control.pubsub.bridge.0000
2018-03-15 04:42:06,603: rp.session.one.george.017605.0006: MainProcess                     : MainThread     : DEBUG   : session rp.session.one.george.017605.0006 closed bridge control.pubsub.bridge.0000
2018-03-15 04:42:06,604: rp.session.one.george.017605.0006: MainProcess                     : MainThread     : DEBUG   : session rp.session.one.george.017605.0006 closes bridge state.pubsub.bridge.0000
2018-03-15 04:42:07,633: rp.session.one.george.017605.0006: MainProcess                     : MainThread     : DEBUG   : session rp.session.one.george.017605.0006 closed bridge state.pubsub.bridge.0000
2018-03-15 04:42:07,634: rp.session.one.george.017605.0006: MainProcess                     : MainThread     : DEBUG   : session rp.session.one.george.017605.0006 closes bridge log.pubsub.bridge.0000
2018-03-15 04:42:08,263: rp.session.one.george.017605.0006: MainProcess                     : MainThread     : DEBUG   : session rp.session.one.george.017605.0006 closed bridge log.pubsub.bridge.0000
2018-03-15 04:42:08,263: rp.session.one.george.017605.0006: MainProcess                     : MainThread     : DEBUG   : session rp.session.one.george.017605.0006 closes db (False)
2018-03-15 04:42:08,263: rp.session.one.george.017605.0006: MainProcess                     : MainThread     : DEBUG   : session rp.session.one.george.017605.0006 closed (delete=False)
2018-03-15 04:42:08,301: rp.session.one.george.017605.0006: MainProcess                     : MainThread     : DEBUG   :  === update.0 stop called
2018-03-15 04:42:08,307: rp.session.one.george.017605.0006: MainProcess                     : MainThread     : DEBUG   : start download
2018-03-15 04:42:09,995: rp.session.one.george.017605.0006: MainProcess                     : MainThread     : INFO    : session written to /home/george/matteo-project/orte-example/rp.session.one.george.017605.0006/rp.session.one.george.017605.0006.json
2018-03-15 04:42:10,524: rp.session.one.george.017605.0006: MainProcess                     : MainThread     : DEBUG   : Session: rp.session.one.george.017605.0006
2018-03-15 04:42:10,524: rp.session.one.george.017605.0006: MainProcess                     : MainThread     : DEBUG   : Number of pilots in session: 1
2018-03-15 04:42:10,524: rp.session.one.george.017605.0006: MainProcess                     : MainThread     : DEBUG   : processing pilot 'pilot.0000'
2018-03-15 04:42:12,320: rp.session.one.george.017605.0006: MainProcess                     : MainThread     : INFO    : profiles tarball exists
2018-03-15 04:42:12,320: rp.session.one.george.017605.0006: MainProcess                     : MainThread     : INFO    : fetch 'gsisftp://supermic.cct-lsu.xsede.org:2222/work/gchantzi/radical.pilot.sandbox/rp.session.one.george.017605.0006/pilot.0000/pilot.0000.prof.tgz' to 'file://localhost/home/george/matteo-project/orte-example/rp.session.one.george.017605.0006/'.
2018-03-15 04:42:15,787: rp.session.one.george.017605.0006: MainProcess                     : MainThread     : INFO    : Extract tarball /home/george/matteo-project/orte-example/rp.session.one.george.017605.0006/pilot.0000.prof.tgz to '/home/george/matteo-project/orte-example/rp.session.one.george.017605.0006/'.
2018-03-15 04:42:16,332: rp.session.one.george.017605.0006: MainProcess                     : MainThread     : INFO    : Session: rp.session.one.george.017605.0006
2018-03-15 04:42:16,333: rp.session.one.george.017605.0006: MainProcess                     : MainThread     : INFO    : Number of pilots in session: 1
2018-03-15 04:42:17,122: rp.session.one.george.017605.0006: MainProcess                     : MainThread     : INFO    : logfiles tarball exists
2018-03-15 04:42:17,122: rp.session.one.george.017605.0006: MainProcess                     : MainThread     : INFO    : Fetching 'gsisftp://supermic.cct-lsu.xsede.org:2222/work/gchantzi/radical.pilot.sandbox/rp.session.one.george.017605.0006/pilot.0000/pilot.0000.log.tgz' to 'file://localhost/home/george/matteo-project/orte-example/rp.session.one.george.017605.0006/'.
2018-03-15 04:42:19,582: rp.session.one.george.017605.0006: MainProcess                     : MainThread     : DEBUG   : Extract tarball /home/george/matteo-project/orte-example/rp.session.one.george.017605.0006/pilot.0000.log.tgz to /home/george/matteo-project/orte-example/rp.session.one.george.017605.0006/
2018-03-15 04:42:19,602: rp.session.one.george.017605.0006: MainProcess                     : MainThread     : INFO    : tarball /home/george/matteo-project/orte-example/rp.session.one.george.017605.0006/pilot.0000.log.tgz extracted to '/home/george/matteo-project/orte-example/rp.session.one.george.017605.0006//pilot.0000/'.
