2018-03-15 04:40:38,163: update.0.child      : update.0                        : MainThread     : INFO    : python.interpreter   version: 2.7.14 (default, Sep 23 2017, 22:06:14) [GCC 7.2.0]
2018-03-15 04:40:38,163: update.0.child      : update.0                        : MainThread     : INFO    :                      pid: 13664
2018-03-15 04:40:38,163: update.0.child      : update.0                        : MainThread     : INFO    :                      tid: MainThread
2018-03-15 04:40:38,163: update.0.child      : update.0                        : MainThread     : INFO    : radical.pilot        version: 0.47-0.47-14-gb1dff8bd@devel
2018-03-15 04:40:38,230: update.0.child      : update.0                        : MainThread     : INFO    : initialize update.0.child
2018-03-15 04:40:38,233: update.0.child      : update.0                        : MainThread     : INFO    : cfg: {'agents': {},
 u'bridges': {u'control_pubsub': {'addr_in': 'tcp://144.76.72.175:44945',
                                  'addr_out': 'tcp://144.76.72.175:34519',
                                  u'bulk_size': 0,
                                  u'log_level': u'debug',
                                  u'stall_hwm': 1},
              u'log_pubsub': {'addr_in': 'tcp://144.76.72.175:39599',
                              'addr_out': 'tcp://144.76.72.175:39159',
                              u'bulk_size': 0,
                              u'log_level': u'debug',
                              u'stall_hwm': 1},
              u'state_pubsub': {'addr_in': 'tcp://144.76.72.175:38283',
                                'addr_out': 'tcp://144.76.72.175:37241',
                                u'bulk_size': 0,
                                u'log_level': u'debug',
                                u'stall_hwm': 1}},
 'cname': u'UpdateWorker',
 u'components': {},
 u'count': 1,
 'dburl': 'mongodb://rp:rp@ds015335.mlab.com:15335/rp',
 'debug': 'DEBUG',
 u'default_dburl': u'mongodb://rp:rp@ds015335.mlab.com:15335/rp',
 'logdir': '/home/george/matteo-project/orte-example/rp.session.one.george.017605.0006',
 'number': 0,
 'owner': 'rp.session.one.george.017605.0006',
 'session_id': 'rp.session.one.george.017605.0006'}
2018-03-15 04:40:38,233: update.0.child      : update.0                        : MainThread     : DEBUG   : start components: {}
2018-03-15 04:40:38,233: update.0.child      : update.0                        : MainThread     : DEBUG   : alive check in term
2018-03-15 04:40:38,233: update.0.child      : update.0                        : MainThread     : DEBUG   : START: update.0.child register publisher log_pubsub
2018-03-15 04:40:38,233: update.0.child      : update.0                        : MainThread     : DEBUG   : using addr tcp://144.76.72.175:39599 for pubsub log_pubsub
2018-03-15 04:40:38,236: update.0.child      : update.0                        : MainThread     : DEBUG   : registered publisher : log_pubsub : log.pubsub.pub.0000
2018-03-15 04:40:38,237: update.0.child      : update.0                        : MainThread     : DEBUG   : alive check in term
2018-03-15 04:40:38,237: update.0.child      : update.0                        : MainThread     : DEBUG   : START: update.0.child register publisher state_pubsub
2018-03-15 04:40:38,237: update.0.child      : update.0                        : MainThread     : DEBUG   : using addr tcp://144.76.72.175:38283 for pubsub state_pubsub
2018-03-15 04:40:38,239: update.0.child      : update.0                        : MainThread     : DEBUG   : registered publisher : state_pubsub : state.pubsub.pub.0000
2018-03-15 04:40:38,239: update.0.child      : update.0                        : MainThread     : DEBUG   : alive check in term
2018-03-15 04:40:38,239: update.0.child      : update.0                        : MainThread     : DEBUG   : START: update.0.child register publisher control_pubsub
2018-03-15 04:40:38,239: update.0.child      : update.0                        : MainThread     : DEBUG   : using addr tcp://144.76.72.175:44945 for pubsub control_pubsub
2018-03-15 04:40:38,242: update.0.child      : update.0                        : MainThread     : DEBUG   : registered publisher : control_pubsub : control.pubsub.pub.0000
2018-03-15 04:40:38,255: update.0.child      : update.0                        : MainThread     : DEBUG   : alive check in term
2018-03-15 04:40:38,256: update.0.child      : update.0                        : MainThread     : DEBUG   : START: update.0.child register subscriber update.0.child.subscriber._cancel_monitor_cb
2018-03-15 04:40:38,256: update.0.child      : update.0                        : MainThread     : DEBUG   : using addr tcp://144.76.72.175:34519 for pubsub control_pubsub
2018-03-15 04:40:38,258: update.0.child      : update.0                        : MainThread     : DEBUG   : parent name: update.0.child.subscriber._cancel_monitor_cb
2018-03-15 04:40:38,259: update.0.child      : update.0                        : MainThread     : DEBUG   : start thread
2018-03-15 04:40:38,259: update.0.child      : update.0                        : update.0.child.subscriber._cancel_monitor_cb: DEBUG   : child name: update.0.child.subscriber._cancel_monitor_cb.thread
2018-03-15 04:40:38,259: update.0.child      : update.0                        : update.0.child.subscriber._cancel_monitor_cb: INFO    : child (me) initializing
2018-03-15 04:40:38,259: update.0.child      : update.0                        : update.0.child.subscriber._cancel_monitor_cb: DEBUG   : ru_initialize_common (NOOP)
2018-03-15 04:40:38,259: update.0.child      : update.0                        : update.0.child.subscriber._cancel_monitor_cb: DEBUG   : ru_initialize_child (NOOP)
2018-03-15 04:40:38,260: update.0.child      : update.0                        : update.0.child.subscriber._cancel_monitor_cb: INFO    : send alive
2018-03-15 04:40:38,260: update.0.child      : update.0                        : update.0.child.subscriber._cancel_monitor_cb: INFO    : put message: [update.0.child.subscriber._cancel_monitor_cb.thread] alive
2018-03-15 04:40:38,260: update.0.child      : update.0                        : MainThread     : INFO    : get msg: alive
2018-03-15 04:40:38,261: update.0.child      : update.0                        : MainThread     : DEBUG   : ru_initialize_common (NOOP)
2018-03-15 04:40:38,261: update.0.child      : update.0                        : MainThread     : DEBUG   : ru_initialize_parent (NOOP)
2018-03-15 04:40:38,261: update.0.child      : update.0                        : MainThread     : DEBUG   : child thread update.0.child.subscriber._cancel_monitor_cb started
2018-03-15 04:40:38,261: update.0.child      : update.0                        : MainThread     : DEBUG   : update.0.child registered control_pubsub subscriber update.0.child.subscriber._cancel_monitor_cb
2018-03-15 04:40:38,761: update.0.child      : update.0                        : MainThread     : DEBUG   : alive check in term
2018-03-15 04:40:38,761: update.0.child      : update.0                        : MainThread     : DEBUG   : START: update.0.child register subscriber update.0.child.subscriber._state_cb
2018-03-15 04:40:38,761: update.0.child      : update.0                        : MainThread     : DEBUG   : using addr tcp://144.76.72.175:37241 for pubsub state_pubsub
2018-03-15 04:40:38,764: update.0.child      : update.0                        : MainThread     : DEBUG   : parent name: update.0.child.subscriber._state_cb
2018-03-15 04:40:38,764: update.0.child      : update.0                        : MainThread     : DEBUG   : start thread
2018-03-15 04:40:38,764: update.0.child      : update.0                        : update.0.child.subscriber._state_cb: DEBUG   : child name: update.0.child.subscriber._state_cb.thread
2018-03-15 04:40:38,765: update.0.child      : update.0                        : update.0.child.subscriber._state_cb: INFO    : child (me) initializing
2018-03-15 04:40:38,765: update.0.child      : update.0                        : update.0.child.subscriber._state_cb: DEBUG   : ru_initialize_common (NOOP)
2018-03-15 04:40:38,765: update.0.child      : update.0                        : update.0.child.subscriber._state_cb: DEBUG   : ru_initialize_child (NOOP)
2018-03-15 04:40:38,765: update.0.child      : update.0                        : update.0.child.subscriber._state_cb: INFO    : send alive
2018-03-15 04:40:38,765: update.0.child      : update.0                        : update.0.child.subscriber._state_cb: INFO    : put message: [update.0.child.subscriber._state_cb.thread] alive
2018-03-15 04:40:38,766: update.0.child      : update.0                        : MainThread     : INFO    : get msg: alive
2018-03-15 04:40:38,766: update.0.child      : update.0                        : MainThread     : DEBUG   : ru_initialize_common (NOOP)
2018-03-15 04:40:38,766: update.0.child      : update.0                        : MainThread     : DEBUG   : ru_initialize_parent (NOOP)
2018-03-15 04:40:38,766: update.0.child      : update.0                        : MainThread     : DEBUG   : child thread update.0.child.subscriber._state_cb started
2018-03-15 04:40:38,767: update.0.child      : update.0                        : MainThread     : DEBUG   : update.0.child registered state_pubsub subscriber update.0.child.subscriber._state_cb
2018-03-15 04:40:38,767: update.0.child      : update.0                        : MainThread     : DEBUG   : alive check in term
2018-03-15 04:40:38,767: update.0.child      : update.0                        : MainThread     : DEBUG   : START: update.0.child register idler update.0.child.idler._idle_cb
2018-03-15 04:40:38,767: update.0.child      : update.0                        : MainThread     : DEBUG   : parent name: update.0.child.idler._idle_cb
2018-03-15 04:40:38,767: update.0.child      : update.0                        : MainThread     : DEBUG   : start thread
2018-03-15 04:40:38,768: update.0.child      : update.0                        : update.0.child.idler._idle_cb: DEBUG   : child name: update.0.child.idler._idle_cb.thread
2018-03-15 04:40:38,768: update.0.child      : update.0                        : update.0.child.idler._idle_cb: INFO    : child (me) initializing
2018-03-15 04:40:38,768: update.0.child      : update.0                        : update.0.child.idler._idle_cb: DEBUG   : ru_initialize_common (NOOP)
2018-03-15 04:40:38,768: update.0.child      : update.0                        : update.0.child.idler._idle_cb: DEBUG   : ru_initialize_child (NOOP)
2018-03-15 04:40:38,768: update.0.child      : update.0                        : update.0.child.idler._idle_cb: INFO    : send alive
2018-03-15 04:40:38,768: update.0.child      : update.0                        : update.0.child.idler._idle_cb: INFO    : put message: [update.0.child.idler._idle_cb.thread] alive
2018-03-15 04:40:38,769: update.0.child      : update.0                        : MainThread     : INFO    : get msg: alive
2018-03-15 04:40:38,769: update.0.child      : update.0                        : MainThread     : DEBUG   : ru_initialize_common (NOOP)
2018-03-15 04:40:38,769: update.0.child      : update.0                        : MainThread     : DEBUG   : ru_initialize_parent (NOOP)
2018-03-15 04:40:38,769: update.0.child      : update.0                        : MainThread     : DEBUG   : child thread update.0.child.idler._idle_cb started
2018-03-15 04:40:38,770: update.0.child      : update.0                        : MainThread     : DEBUG   : update.0.child registered idler update.0.child.idler._idle_cb
2018-03-15 04:40:38,770: update.0.child      : update.0                        : MainThread     : INFO    : child (me) initializing
2018-03-15 04:40:38,770: update.0.child      : update.0                        : MainThread     : DEBUG   : parent name: update.0.child.watch
2018-03-15 04:40:38,770: update.0.child      : update.0                        : MainThread     : DEBUG   : start thread
2018-03-15 04:40:38,770: update.0.child      : update.0                        : update.0.child.watch: DEBUG   : child name: update.0.child.watch.thread
2018-03-15 04:40:38,771: update.0.child      : update.0                        : update.0.child.watch: INFO    : child (me) initializing
2018-03-15 04:40:38,771: update.0.child      : update.0                        : update.0.child.watch: DEBUG   : ru_initialize_common (NOOP)
2018-03-15 04:40:38,771: update.0.child      : update.0                        : update.0.child.watch: DEBUG   : ru_initialize_child (NOOP)
2018-03-15 04:40:38,771: update.0.child      : update.0                        : update.0.child.watch: INFO    : send alive
2018-03-15 04:40:38,771: update.0.child      : update.0                        : update.0.child.watch: INFO    : put message: [update.0.child.watch.thread] alive
2018-03-15 04:40:38,772: update.0.child      : update.0                        : MainThread     : INFO    : get msg: alive
2018-03-15 04:40:38,772: update.0.child      : update.0                        : MainThread     : DEBUG   : ru_initialize_common (NOOP)
2018-03-15 04:40:38,772: update.0.child      : update.0                        : MainThread     : DEBUG   : ru_initialize_parent (NOOP)
2018-03-15 04:40:38,772: update.0.child      : update.0                        : MainThread     : DEBUG   : child thread update.0.child.watch started
2018-03-15 04:40:38,772: update.0.child      : update.0                        : MainThread     : INFO    : child (me) is alive
2018-03-15 04:40:38,772: update.0.child      : update.0                        : MainThread     : INFO    : send alive
2018-03-15 04:40:38,772: update.0.child      : update.0                        : MainThread     : INFO    : send message: [update.0.child] alive
2018-03-15 04:40:45,298: update.0.child      : update.0                        : update.0.child.subscriber._state_cb: DEBUG   : bulk update result: {'nModified': 1, 'nUpserted': 0, 'nMatched': 1, 'writeErrors': [], 'upserted': [], 'writeConcernErrors': [], 'nRemoved': 0, 'nInserted': 0}
2018-03-15 04:40:46,880: update.0.child      : update.0                        : update.0.child.idler._idle_cb: DEBUG   : bulk update result: {'nModified': 1, 'nUpserted': 0, 'nMatched': 1, 'writeErrors': [], 'upserted': [], 'writeConcernErrors': [], 'nRemoved': 0, 'nInserted': 0}
2018-03-15 04:40:51,889: update.0.child      : update.0                        : update.0.child.subscriber._cancel_monitor_cb: DEBUG   : command ignored: add_pilots
2018-03-15 04:40:52,567: update.0.child      : update.0                        : update.0.child.subscriber._state_cb: DEBUG   : bulk update result: {'nModified': 128, 'nUpserted': 0, 'nMatched': 128, 'writeErrors': [], 'upserted': [], 'writeConcernErrors': [], 'nRemoved': 0, 'nInserted': 0}
2018-03-15 04:40:52,701: update.0.child      : update.0                        : update.0.child.subscriber._state_cb: DEBUG   : bulk update result: {'nModified': 128, 'nUpserted': 0, 'nMatched': 128, 'writeErrors': [], 'upserted': [], 'writeConcernErrors': [], 'nRemoved': 0, 'nInserted': 0}
2018-03-15 04:40:52,832: update.0.child      : update.0                        : update.0.child.subscriber._state_cb: DEBUG   : bulk update result: {'nModified': 128, 'nUpserted': 0, 'nMatched': 128, 'writeErrors': [], 'upserted': [], 'writeConcernErrors': [], 'nRemoved': 0, 'nInserted': 0}
2018-03-15 04:40:52,963: update.0.child      : update.0                        : update.0.child.subscriber._state_cb: DEBUG   : bulk update result: {'nModified': 128, 'nUpserted': 0, 'nMatched': 128, 'writeErrors': [], 'upserted': [], 'writeConcernErrors': [], 'nRemoved': 0, 'nInserted': 0}
2018-03-15 04:41:06,313: update.0.child      : update.0                        : update.0.child.subscriber._state_cb: DEBUG   : bulk update result: {'nModified': 128, 'nUpserted': 0, 'nMatched': 128, 'writeErrors': [], 'upserted': [], 'writeConcernErrors': [], 'nRemoved': 0, 'nInserted': 0}
2018-03-15 04:41:07,416: update.0.child      : update.0                        : update.0.child.subscriber._state_cb: DEBUG   : bulk update result: {'nModified': 1, 'nUpserted': 0, 'nMatched': 1, 'writeErrors': [], 'upserted': [], 'writeConcernErrors': [], 'nRemoved': 0, 'nInserted': 0}
2018-03-15 04:41:54,365: update.0.child      : update.0                        : update.0.child.subscriber._state_cb: DEBUG   : bulk update result: {'nModified': 1, 'nUpserted': 0, 'nMatched': 1, 'writeErrors': [], 'upserted': [], 'writeConcernErrors': [], 'nRemoved': 0, 'nInserted': 0}
2018-03-15 04:41:55,879: update.0.child      : update.0                        : update.0.child.subscriber._state_cb: DEBUG   : bulk update result: {'nModified': 84, 'nUpserted': 0, 'nMatched': 84, 'writeErrors': [], 'upserted': [], 'writeConcernErrors': [], 'nRemoved': 0, 'nInserted': 0}
2018-03-15 04:41:56,237: update.0.child      : update.0                        : update.0.child.subscriber._state_cb: DEBUG   : bulk update result: {'nModified': 168, 'nUpserted': 0, 'nMatched': 168, 'writeErrors': [], 'upserted': [], 'writeConcernErrors': [], 'nRemoved': 0, 'nInserted': 0}
2018-03-15 04:41:57,130: update.0.child      : update.0                        : update.0.child.subscriber._state_cb: DEBUG   : bulk update result: {'nModified': 24, 'nUpserted': 0, 'nMatched': 24, 'writeErrors': [], 'upserted': [], 'writeConcernErrors': [], 'nRemoved': 0, 'nInserted': 0}
2018-03-15 04:41:58,798: update.0.child      : update.0                        : update.0.child.idler._idle_cb: DEBUG   : bulk update result: {'nModified': 48, 'nUpserted': 0, 'nMatched': 48, 'writeErrors': [], 'upserted': [], 'writeConcernErrors': [], 'nRemoved': 0, 'nInserted': 0}
2018-03-15 04:42:00,008: update.0.child      : update.0                        : update.0.child.idler._idle_cb: DEBUG   : bulk update result: {'nModified': 60, 'nUpserted': 0, 'nMatched': 60, 'writeErrors': [], 'upserted': [], 'writeConcernErrors': [], 'nRemoved': 0, 'nInserted': 0}
2018-03-15 04:42:02,545: update.0.child      : update.0                        : update.0.child.subscriber._cancel_monitor_cb: DEBUG   : command ignored: cancel_pilots
2018-03-15 04:42:02,670: update.0.child      : update.0                        : update.0.child.subscriber._state_cb: DEBUG   : bulk update result: {'nModified': 1, 'nUpserted': 0, 'nMatched': 1, 'writeErrors': [], 'upserted': [], 'writeConcernErrors': [], 'nRemoved': 0, 'nInserted': 0}
2018-03-15 04:42:05,418: update.0.child      : update.0                        : update.0.child.watch: INFO    : recv message: STOP
2018-03-15 04:42:05,418: update.0.child      : update.0                        : update.0.child.watch: INFO    : message received: STOP
2018-03-15 04:42:05,418: update.0.child      : update.0                        : update.0.child.watch: INFO    : STOP received: STOP
2018-03-15 04:42:05,418: update.0.child      : update.0                        : update.0.child.watch: INFO    : watcher closes
2018-03-15 04:42:05,419: update.0.child      : update.0                        : update.0.child.watch: INFO    : put message: [update.0.child.watch.thread] work finished
2018-03-15 04:42:05,419: update.0.child      : update.0                        : update.0.child.watch: DEBUG   : ru_finalize_child (NOOP)
2018-03-15 04:42:05,419: update.0.child      : update.0                        : update.0.child.watch: DEBUG   : ru_finalize_common (NOOP)
2018-03-15 04:42:05,419: update.0.child      : update.0                        : update.0.child.watch: INFO    : put message: [update.0.child.watch.thread] terminating
2018-03-15 04:42:05,420: update.0.child      : update.0                        : MainThread     : WARNING : alive check: proc invalid - stop [False - True]
2018-03-15 04:42:05,457: update.0.child      : update.0                        : MainThread     : INFO    : stop update.0.child (13664 : 13664 : MainThread) [radical.pilot.worker.update.Update.stop]
2018-03-15 04:42:05,501: update.0.child      : update.0                        : MainThread     : INFO    : parent stops child  13664 -> 13664 [update.0.child]
2018-03-15 04:42:05,501: update.0.child      : update.0                        : MainThread     : INFO    : send message: [update.0.child] STOP
2018-03-15 04:42:05,502: update.0.child      : update.0                        : MainThread     : WARNING : send failed ([Errno 9] Bad file descriptor) - terminate
2018-03-15 04:42:05,502: update.0.child      : update.0                        : MainThread     : DEBUG   : TERM : update.0.child unregister idler update.0.child.idler._idle_cb
2018-03-15 04:42:05,502: update.0.child      : update.0                        : MainThread     : INFO    : parent stops child
2018-03-15 04:42:05,502: update.0.child      : update.0                        : MainThread     : DEBUG   : ru_finalize_parent (NOOP)
2018-03-15 04:42:05,502: update.0.child      : update.0                        : MainThread     : DEBUG   : ru_finalize_common (NOOP)
2018-03-15 04:42:05,518: update.0.child      : update.0                        : update.0.child.idler._idle_cb: DEBUG   : ru_finalize_child (NOOP)
2018-03-15 04:42:05,518: update.0.child      : update.0                        : update.0.child.idler._idle_cb: DEBUG   : ru_finalize_common (NOOP)
2018-03-15 04:42:05,518: update.0.child      : update.0                        : update.0.child.idler._idle_cb: INFO    : put message: [update.0.child.idler._idle_cb.thread] terminating
2018-03-15 04:42:05,534: update.0.child      : update.0                        : MainThread     : DEBUG   : TERM : update.0.child unregistered idler update.0.child.idler._idle_cb
2018-03-15 04:42:05,534: update.0.child      : update.0                        : MainThread     : DEBUG   : TERM : update.0.child unregister subscriber update.0.child.subscriber._state_cb
2018-03-15 04:42:05,534: update.0.child      : update.0                        : MainThread     : DEBUG   : unregistered subscriber update.0.child.subscriber._state_cb
2018-03-15 04:42:05,534: update.0.child      : update.0                        : MainThread     : DEBUG   : ru_finalize_common()
2018-03-15 04:42:05,534: update.0.child      : update.0                        : MainThread     : DEBUG   : TERM : update.0.child unregister publisher log_pubsub
2018-03-15 04:42:05,535: update.0.child      : update.0                        : MainThread     : DEBUG   : unregistered publisher log_pubsub
2018-03-15 04:42:05,535: update.0.child      : update.0                        : MainThread     : DEBUG   : TERM : update.0.child unregister publisher state_pubsub
2018-03-15 04:42:05,536: update.0.child      : update.0                        : MainThread     : DEBUG   : unregistered publisher state_pubsub
2018-03-15 04:42:05,536: update.0.child      : update.0                        : MainThread     : DEBUG   : TERM : update.0.child unregister publisher control_pubsub
2018-03-15 04:42:05,537: update.0.child      : update.0                        : MainThread     : DEBUG   : unregistered publisher control_pubsub
2018-03-15 04:42:05,537: update.0.child      : update.0                        : MainThread     : DEBUG   : update.0.child close prof
2018-03-15 04:42:05,576: update.0.child      : update.0                        : MainThread     : INFO    : parent stops child
2018-03-15 04:42:05,576: update.0.child      : update.0                        : MainThread     : DEBUG   : ru_finalize_parent (NOOP)
2018-03-15 04:42:05,577: update.0.child      : update.0                        : MainThread     : DEBUG   : ru_finalize_common (NOOP)
2018-03-15 04:42:05,577: update.0.child      : update.0                        : MainThread     : INFO    : parent stops child
2018-03-15 04:42:05,577: update.0.child      : update.0                        : MainThread     : DEBUG   : ru_finalize_parent (NOOP)
2018-03-15 04:42:05,577: update.0.child      : update.0                        : update.0.child.subscriber._cancel_monitor_cb: DEBUG   : ru_finalize_child (NOOP)
2018-03-15 04:42:05,577: update.0.child      : update.0                        : update.0.child.subscriber._cancel_monitor_cb: INFO    : put message: [update.0.child.subscriber._cancel_monitor_cb.thread] terminating
2018-03-15 04:42:05,578: update.0.child      : update.0                        : MainThread     : INFO    : parent stops child
2018-03-15 04:42:05,578: update.0.child      : update.0                        : MainThread     : DEBUG   : ru_finalize_parent (NOOP)
2018-03-15 04:42:05,578: update.0.child      : update.0                        : update.0.child.subscriber._state_cb: DEBUG   : ru_finalize_child (NOOP)
2018-03-15 04:42:05,579: update.0.child      : update.0                        : update.0.child.subscriber._state_cb: INFO    : put message: [update.0.child.subscriber._state_cb.thread] terminating
2018-03-15 04:42:05,579: update.0.child      : update.0                        : MainThread     : INFO    : parent stops child
2018-03-15 04:42:05,579: update.0.child      : update.0                        : MainThread     : WARNING : super update.0.child is invalid
2018-03-15 04:42:05,579: update.0.child      : update.0                        : MainThread     : WARNING : component update.0.child is invalid
2018-03-15 04:42:05,581: update.0.child      : update.0                        : MainThread     : INFO    : stop update.0.child (13664 : 13664 : MainThread) [radical.pilot.worker.update.Update.stop]
2018-03-15 04:42:05,581: update.0.child      : update.0                        : MainThread     : DEBUG   : TERM : update.0.child unregister idler update.0.child.idler._idle_cb
2018-03-15 04:42:05,581: update.0.child      : update.0                        : MainThread     : WARNING : timed cb update.0.child.idler._idle_cb is not registered
2018-03-15 04:42:05,581: update.0.child      : update.0                        : MainThread     : DEBUG   : TERM : update.0.child unregister subscriber update.0.child.subscriber._state_cb
2018-03-15 04:42:05,581: update.0.child      : update.0                        : MainThread     : WARNING : subscriber _state_cb is not registered
2018-03-15 04:42:05,581: update.0.child      : update.0                        : MainThread     : DEBUG   : ru_finalize_common()
2018-03-15 04:42:05,581: update.0.child      : update.0                        : MainThread     : WARNING : publisher log_pubsub is not registered
2018-03-15 04:42:05,581: update.0.child      : update.0                        : MainThread     : WARNING : publisher state_pubsub is not registered
2018-03-15 04:42:05,581: update.0.child      : update.0                        : MainThread     : WARNING : publisher control_pubsub is not registered
2018-03-15 04:42:05,581: update.0.child      : update.0                        : MainThread     : DEBUG   : update.0.child close prof
2018-03-15 04:42:05,582: update.0.child      : update.0                        : MainThread     : INFO    : send message: [update.0.child] terminating
2018-03-15 04:42:05,582: update.0.child      : update.0                        : MainThread     : WARNING : send failed ([Errno 9] Bad file descriptor) - terminate
2018-03-15 04:42:05,582: update.0.child      : update.0                        : MainThread     : INFO    : parent stops child
2018-03-15 04:42:05,582: update.0.child      : update.0                        : MainThread     : INFO    : parent stops child
2018-03-15 04:42:05,582: update.0.child      : update.0                        : MainThread     : INFO    : parent stops child
