2018-04-03 18:32:48,441: state.pubsub.pub.0000: agent_0.staging.output.0        : MainThread     : INFO    : python.interpreter   version: 2.7.7 |Continuum Analytics, Inc.| (default, Jun 2 2014, 12:34:02) [GCC 4.1.2 20080704 (Red Hat 4.1.2-54)]
2018-04-03 18:32:48,444: state.pubsub.pub.0000: agent_0.staging.output.0        : MainThread     : INFO    :                      pid: 122612
2018-04-03 18:32:48,444: state.pubsub.pub.0000: agent_0.staging.output.0        : MainThread     : INFO    :                      tid: MainThread
2018-04-03 18:32:48,445: state.pubsub.pub.0000: agent_0.staging.output.0        : MainThread     : INFO    : radical.pilot        version: 0.47-0.47-14-gb1dff8bd@devel
2018-04-03 18:32:48,445: state.pubsub.pub.0000: agent_0.staging.output.0        : MainThread     : INFO    : create state_pubsub - pub - tcp://204.90.41.34:36324
2018-04-03 18:32:48,445: state.pubsub.pub.0000: agent_0.staging.output.0        : MainThread     : DEBUG   : start process
2018-04-03 18:32:48,445: state.pubsub.pub.0000: agent_0.staging.output.0        : MainThread     : DEBUG   : ru_initialize_common (NOOP)
2018-04-03 18:32:48,445: state.pubsub.pub.0000: agent_0.staging.output.0        : MainThread     : DEBUG   : ru_initialize_parent (NOOP)
2018-04-03 18:32:48,445: state.pubsub.pub.0000: agent_0.staging.output.0        : MainThread     : DEBUG   : process class started (no child)
2018-04-03 18:32:48,486: state.pubsub.pub.0000: MainProcess                     : MainThread     : INFO    : python.interpreter   version: 2.7.7 |Continuum Analytics, Inc.| (default, Jun 2 2014, 12:34:02) [GCC 4.1.2 20080704 (Red Hat 4.1.2-54)]
2018-04-03 18:32:48,489: state.pubsub.pub.0000: MainProcess                     : MainThread     : INFO    :                      pid: 122491
2018-04-03 18:32:48,489: state.pubsub.pub.0000: MainProcess                     : MainThread     : INFO    :                      tid: MainThread
2018-04-03 18:32:48,489: state.pubsub.pub.0000: MainProcess                     : MainThread     : INFO    : radical.pilot        version: 0.47-0.47-14-gb1dff8bd@devel
2018-04-03 18:32:48,489: state.pubsub.pub.0000: MainProcess                     : MainThread     : INFO    : create state_pubsub - pub - tcp://204.90.41.34:36324
2018-04-03 18:32:48,490: state.pubsub.pub.0000: MainProcess                     : MainThread     : DEBUG   : start process
2018-04-03 18:32:48,490: state.pubsub.pub.0000: MainProcess                     : MainThread     : DEBUG   : ru_initialize_common (NOOP)
2018-04-03 18:32:48,490: state.pubsub.pub.0000: MainProcess                     : MainThread     : DEBUG   : ru_initialize_parent (NOOP)
2018-04-03 18:32:48,490: state.pubsub.pub.0000: MainProcess                     : MainThread     : DEBUG   : process class started (no child)
2018-04-03 18:45:00,306: state.pubsub.pub.0000: agent_0.staging.output.0        : agent_0.staging.output.0.child.subscriber._cancel_monitor_cb: INFO    : parent stops child  122612 -> None [state.pubsub.pub.0000]
2018-04-03 18:45:00,306: state.pubsub.pub.0000: agent_0.staging.output.0        : agent_0.staging.output.0.child.subscriber._cancel_monitor_cb: DEBUG   : ru_finalize_parent (NOOP)
