2018-03-28 20:46:49,634: state.pubsub.pub.0002: agent_0.staging.input.0         : MainThread     : INFO    : python.interpreter   version: 2.7.7 |Continuum Analytics, Inc.| (default, Jun 2 2014, 12:34:02) [GCC 4.1.2 20080704 (Red Hat 4.1.2-54)]
2018-03-28 20:46:49,637: state.pubsub.pub.0002: agent_0.staging.input.0         : MainThread     : INFO    :                      pid: 59659
2018-03-28 20:46:49,637: state.pubsub.pub.0002: agent_0.staging.input.0         : MainThread     : INFO    :                      tid: MainThread
2018-03-28 20:46:49,637: state.pubsub.pub.0002: agent_0.staging.input.0         : MainThread     : INFO    : radical.pilot        version: 0.47-0.47-14-gb1dff8bd@devel
2018-03-28 20:46:49,637: state.pubsub.pub.0002: agent_0.staging.input.0         : MainThread     : INFO    : create state_pubsub - pub - tcp://204.90.41.37:35842
2018-03-28 20:46:49,638: state.pubsub.pub.0002: agent_0.staging.input.0         : MainThread     : DEBUG   : start process
2018-03-28 20:46:49,638: state.pubsub.pub.0002: agent_0.staging.input.0         : MainThread     : DEBUG   : ru_initialize_common (NOOP)
2018-03-28 20:46:49,638: state.pubsub.pub.0002: agent_0.staging.input.0         : MainThread     : DEBUG   : ru_initialize_parent (NOOP)
2018-03-28 20:46:49,638: state.pubsub.pub.0002: agent_0.staging.input.0         : MainThread     : DEBUG   : process class started (no child)
2018-03-28 20:46:49,684: state.pubsub.pub.0002: MainProcess                     : MainThread     : INFO    : python.interpreter   version: 2.7.7 |Continuum Analytics, Inc.| (default, Jun 2 2014, 12:34:02) [GCC 4.1.2 20080704 (Red Hat 4.1.2-54)]
2018-03-28 20:46:49,686: state.pubsub.pub.0002: MainProcess                     : MainThread     : INFO    :                      pid: 59487
2018-03-28 20:46:49,686: state.pubsub.pub.0002: MainProcess                     : MainThread     : INFO    :                      tid: MainThread
2018-03-28 20:46:49,687: state.pubsub.pub.0002: MainProcess                     : MainThread     : INFO    : radical.pilot        version: 0.47-0.47-14-gb1dff8bd@devel
2018-03-28 20:46:49,687: state.pubsub.pub.0002: MainProcess                     : MainThread     : INFO    : create state_pubsub - pub - tcp://204.90.41.37:35842
2018-03-28 20:46:49,687: state.pubsub.pub.0002: MainProcess                     : MainThread     : DEBUG   : start process
2018-03-28 20:46:49,687: state.pubsub.pub.0002: MainProcess                     : MainThread     : DEBUG   : ru_initialize_common (NOOP)
2018-03-28 20:46:49,687: state.pubsub.pub.0002: MainProcess                     : MainThread     : DEBUG   : ru_initialize_parent (NOOP)
2018-03-28 20:46:49,687: state.pubsub.pub.0002: MainProcess                     : MainThread     : DEBUG   : process class started (no child)
2018-03-28 20:58:59,976: state.pubsub.pub.0002: agent_0.staging.input.0         : agent_0.staging.input.0.child.subscriber._cancel_monitor_cb: INFO    : parent stops child  59659 -> None [state.pubsub.pub.0002]
2018-03-28 20:58:59,976: state.pubsub.pub.0002: agent_0.staging.input.0         : agent_0.staging.input.0.child.subscriber._cancel_monitor_cb: DEBUG   : ru_finalize_parent (NOOP)
