2018-03-28 23:05:14,027: rp.session.one.george.017618.0003: MainProcess                     : MainThread     : INFO    : python.interpreter   version: 2.7.14 (default, Sep 23 2017, 22:06:14) [GCC 7.2.0]
2018-03-28 23:05:14,027: rp.session.one.george.017618.0003: MainProcess                     : MainThread     : INFO    :                      pid: 20514
2018-03-28 23:05:14,027: rp.session.one.george.017618.0003: MainProcess                     : MainThread     : INFO    :                      tid: MainThread
2018-03-28 23:05:14,027: rp.session.one.george.017618.0003: MainProcess                     : MainThread     : INFO    : radical.pilot        version: 0.47-0.47-14-gb1dff8bd@devel
2018-03-28 23:05:14,070: rp.session.one.george.017618.0003: MainProcess                     : MainThread     : INFO    : using database mongodb://rp:rp@ds015335.mlab.com:15335/rp
2018-03-28 23:05:14,093: rp.session.one.george.017618.0003: MainProcess                     : MainThread     : INFO    : Load resource configurations from /home/george/ve-matteo/local/lib/python2.7/site-packages/radical/pilot/configs/resource_stfc.json
2018-03-28 23:05:14,096: rp.session.one.george.017618.0003: MainProcess                     : MainThread     : INFO    : Load resource configurations for stfc.joule_runjob
2018-03-28 23:05:14,097: rp.session.one.george.017618.0003: MainProcess                     : MainThread     : INFO    : Load resource configurations from /home/george/ve-matteo/local/lib/python2.7/site-packages/radical/pilot/configs/resource_rice.json
2018-03-28 23:05:14,102: rp.session.one.george.017618.0003: MainProcess                     : MainThread     : INFO    : Load resource configurations for rice.davinci_ssh
2018-03-28 23:05:14,103: rp.session.one.george.017618.0003: MainProcess                     : MainThread     : INFO    : Load resource configurations for rice.biou_ssh
2018-03-28 23:05:14,103: rp.session.one.george.017618.0003: MainProcess                     : MainThread     : INFO    : Load resource configurations from /home/george/ve-matteo/local/lib/python2.7/site-packages/radical/pilot/configs/resource_xsede.json
2018-03-28 23:05:14,130: rp.session.one.george.017618.0003: MainProcess                     : MainThread     : INFO    : Load resource configurations for xsede.gordon_ssh
2018-03-28 23:05:14,130: rp.session.one.george.017618.0003: MainProcess                     : MainThread     : INFO    : Load resource configurations for xsede.lonestar_ssh
2018-03-28 23:05:14,130: rp.session.one.george.017618.0003: MainProcess                     : MainThread     : INFO    : Load resource configurations for xsede.supermic_spark
2018-03-28 23:05:14,130: rp.session.one.george.017618.0003: MainProcess                     : MainThread     : INFO    : Load resource configurations for xsede.wrangler_yarn
2018-03-28 23:05:14,131: rp.session.one.george.017618.0003: MainProcess                     : MainThread     : INFO    : Load resource configurations for xsede.blacklight_ssh
2018-03-28 23:05:14,131: rp.session.one.george.017618.0003: MainProcess                     : MainThread     : INFO    : Load resource configurations for xsede.stampede_ortelib
2018-03-28 23:05:14,131: rp.session.one.george.017618.0003: MainProcess                     : MainThread     : INFO    : Load resource configurations for xsede.stampede_yarn
2018-03-28 23:05:14,132: rp.session.one.george.017618.0003: MainProcess                     : MainThread     : INFO    : Load resource configurations for xsede.stampede_ssh
2018-03-28 23:05:14,132: rp.session.one.george.017618.0003: MainProcess                     : MainThread     : INFO    : Load resource configurations for xsede.greenfield
2018-03-28 23:05:14,132: rp.session.one.george.017618.0003: MainProcess                     : MainThread     : INFO    : Load resource configurations for xsede.bridges
2018-03-28 23:05:14,132: rp.session.one.george.017618.0003: MainProcess                     : MainThread     : INFO    : Load resource configurations for xsede.trestles_ssh
2018-03-28 23:05:14,133: rp.session.one.george.017618.0003: MainProcess                     : MainThread     : INFO    : Load resource configurations for xsede.supermic_ortelib
2018-03-28 23:05:14,133: rp.session.one.george.017618.0003: MainProcess                     : MainThread     : INFO    : Load resource configurations for xsede.stampede2_ssh
2018-03-28 23:05:14,133: rp.session.one.george.017618.0003: MainProcess                     : MainThread     : INFO    : Load resource configurations for xsede.supermic_ssh
2018-03-28 23:05:14,133: rp.session.one.george.017618.0003: MainProcess                     : MainThread     : INFO    : Load resource configurations for xsede.wrangler_ssh
2018-03-28 23:05:14,134: rp.session.one.george.017618.0003: MainProcess                     : MainThread     : INFO    : Load resource configurations for xsede.supermic_orte
2018-03-28 23:05:14,134: rp.session.one.george.017618.0003: MainProcess                     : MainThread     : INFO    : Load resource configurations for xsede.wrangler_spark
2018-03-28 23:05:14,134: rp.session.one.george.017618.0003: MainProcess                     : MainThread     : INFO    : Load resource configurations for xsede.stampede_orte
2018-03-28 23:05:14,135: rp.session.one.george.017618.0003: MainProcess                     : MainThread     : INFO    : Load resource configurations for xsede.comet_ortelib
2018-03-28 23:05:14,135: rp.session.one.george.017618.0003: MainProcess                     : MainThread     : INFO    : Load resource configurations for xsede.comet_orte
2018-03-28 23:05:14,135: rp.session.one.george.017618.0003: MainProcess                     : MainThread     : INFO    : Load resource configurations for xsede.comet_spark
2018-03-28 23:05:14,135: rp.session.one.george.017618.0003: MainProcess                     : MainThread     : INFO    : Load resource configurations for xsede.comet_ssh
2018-03-28 23:05:14,136: rp.session.one.george.017618.0003: MainProcess                     : MainThread     : INFO    : Load resource configurations for xsede.stampede_spark
2018-03-28 23:05:14,136: rp.session.one.george.017618.0003: MainProcess                     : MainThread     : INFO    : Load resource configurations from /home/george/ve-matteo/local/lib/python2.7/site-packages/radical/pilot/configs/resource_epsrc.json
2018-03-28 23:05:14,138: rp.session.one.george.017618.0003: MainProcess                     : MainThread     : INFO    : Load resource configurations for epsrc.archer_orte
2018-03-28 23:05:14,139: rp.session.one.george.017618.0003: MainProcess                     : MainThread     : INFO    : Load resource configurations for epsrc.archer_aprun
2018-03-28 23:05:14,139: rp.session.one.george.017618.0003: MainProcess                     : MainThread     : INFO    : Load resource configurations from /home/george/ve-matteo/local/lib/python2.7/site-packages/radical/pilot/configs/resource_lrz.json
2018-03-28 23:05:14,140: rp.session.one.george.017618.0003: MainProcess                     : MainThread     : INFO    : Load resource configurations for lrz.supermuc_ssh
2018-03-28 23:05:14,141: rp.session.one.george.017618.0003: MainProcess                     : MainThread     : INFO    : Load resource configurations from /home/george/ve-matteo/local/lib/python2.7/site-packages/radical/pilot/configs/resource_das4.json
2018-03-28 23:05:14,142: rp.session.one.george.017618.0003: MainProcess                     : MainThread     : INFO    : Load resource configurations for das4.fs2_ssh
2018-03-28 23:05:14,142: rp.session.one.george.017618.0003: MainProcess                     : MainThread     : INFO    : Load resource configurations from /home/george/ve-matteo/local/lib/python2.7/site-packages/radical/pilot/configs/resource_radical.json
2018-03-28 23:05:14,145: rp.session.one.george.017618.0003: MainProcess                     : MainThread     : INFO    : Load resource configurations for radical.two
2018-03-28 23:05:14,145: rp.session.one.george.017618.0003: MainProcess                     : MainThread     : INFO    : Load resource configurations for radical.tutorial
2018-03-28 23:05:14,146: rp.session.one.george.017618.0003: MainProcess                     : MainThread     : INFO    : Load resource configurations for radical.one
2018-03-28 23:05:14,146: rp.session.one.george.017618.0003: MainProcess                     : MainThread     : INFO    : Load resource configurations from /home/george/ve-matteo/local/lib/python2.7/site-packages/radical/pilot/configs/resource_osg.json
2018-03-28 23:05:14,148: rp.session.one.george.017618.0003: MainProcess                     : MainThread     : INFO    : Load resource configurations for osg.xsede-virt-clust
2018-03-28 23:05:14,149: rp.session.one.george.017618.0003: MainProcess                     : MainThread     : INFO    : Load resource configurations for osg.connect
2018-03-28 23:05:14,149: rp.session.one.george.017618.0003: MainProcess                     : MainThread     : INFO    : Load resource configurations from /home/george/ve-matteo/local/lib/python2.7/site-packages/radical/pilot/configs/resource_yale.json
2018-03-28 23:05:14,150: rp.session.one.george.017618.0003: MainProcess                     : MainThread     : INFO    : Load resource configurations for yale.grace_ssh
2018-03-28 23:05:14,150: rp.session.one.george.017618.0003: MainProcess                     : MainThread     : INFO    : Load resource configurations from /home/george/ve-matteo/local/lib/python2.7/site-packages/radical/pilot/configs/resource_futuregrid.json
2018-03-28 23:05:14,156: rp.session.one.george.017618.0003: MainProcess                     : MainThread     : INFO    : Load resource configurations for futuregrid.delta_ssh
2018-03-28 23:05:14,156: rp.session.one.george.017618.0003: MainProcess                     : MainThread     : INFO    : Load resource configurations for futuregrid.india_ssh
2018-03-28 23:05:14,156: rp.session.one.george.017618.0003: MainProcess                     : MainThread     : INFO    : Load resource configurations for futuregrid.echo_ssh
2018-03-28 23:05:14,157: rp.session.one.george.017618.0003: MainProcess                     : MainThread     : INFO    : Load resource configurations for futuregrid.xray_ccm
2018-03-28 23:05:14,157: rp.session.one.george.017618.0003: MainProcess                     : MainThread     : INFO    : Load resource configurations for futuregrid.bravo_ssh
2018-03-28 23:05:14,157: rp.session.one.george.017618.0003: MainProcess                     : MainThread     : INFO    : Load resource configurations for futuregrid.xray_aprun
2018-03-28 23:05:14,157: rp.session.one.george.017618.0003: MainProcess                     : MainThread     : INFO    : Load resource configurations from /home/george/ve-matteo/local/lib/python2.7/site-packages/radical/pilot/configs/resource_lumc.json
2018-03-28 23:05:14,160: rp.session.one.george.017618.0003: MainProcess                     : MainThread     : INFO    : Load resource configurations for lumc.gb-ui_ssh
2018-03-28 23:05:14,160: rp.session.one.george.017618.0003: MainProcess                     : MainThread     : INFO    : Load resource configurations for lumc.shark_ssh
2018-03-28 23:05:14,160: rp.session.one.george.017618.0003: MainProcess                     : MainThread     : INFO    : Load resource configurations from /home/george/ve-matteo/local/lib/python2.7/site-packages/radical/pilot/configs/resource_local.json
2018-03-28 23:05:14,167: rp.session.one.george.017618.0003: MainProcess                     : MainThread     : INFO    : Load resource configurations for local.localhost_orte
2018-03-28 23:05:14,167: rp.session.one.george.017618.0003: MainProcess                     : MainThread     : INFO    : Load resource configurations for local.localhost_anaconda
2018-03-28 23:05:14,168: rp.session.one.george.017618.0003: MainProcess                     : MainThread     : INFO    : Load resource configurations for local.localhost_ortelib
2018-03-28 23:05:14,168: rp.session.one.george.017618.0003: MainProcess                     : MainThread     : INFO    : Load resource configurations for local.localhost
2018-03-28 23:05:14,168: rp.session.one.george.017618.0003: MainProcess                     : MainThread     : INFO    : Load resource configurations for local.localhost_spark
2018-03-28 23:05:14,168: rp.session.one.george.017618.0003: MainProcess                     : MainThread     : INFO    : Load resource configurations for local.localhost_spark_anaconda
2018-03-28 23:05:14,168: rp.session.one.george.017618.0003: MainProcess                     : MainThread     : INFO    : Load resource configurations for local.localhost_yarn
2018-03-28 23:05:14,169: rp.session.one.george.017618.0003: MainProcess                     : MainThread     : INFO    : Load resource configurations from /home/george/ve-matteo/local/lib/python2.7/site-packages/radical/pilot/configs/resource_fub.json
2018-03-28 23:05:14,170: rp.session.one.george.017618.0003: MainProcess                     : MainThread     : INFO    : Load resource configurations for fub.allegro_rsh
2018-03-28 23:05:14,170: rp.session.one.george.017618.0003: MainProcess                     : MainThread     : INFO    : Load resource configurations from /home/george/ve-matteo/local/lib/python2.7/site-packages/radical/pilot/configs/resource_iu.json
2018-03-28 23:05:14,172: rp.session.one.george.017618.0003: MainProcess                     : MainThread     : INFO    : Load resource configurations for iu.bigred2_ccm_ssh
2018-03-28 23:05:14,173: rp.session.one.george.017618.0003: MainProcess                     : MainThread     : INFO    : Load resource configurations for iu.bigred2_aprun
2018-03-28 23:05:14,173: rp.session.one.george.017618.0003: MainProcess                     : MainThread     : INFO    : Load resource configurations from /home/george/ve-matteo/local/lib/python2.7/site-packages/radical/pilot/configs/resource_ornl.json
2018-03-28 23:05:14,177: rp.session.one.george.017618.0003: MainProcess                     : MainThread     : INFO    : Load resource configurations for ornl.titan_orte
2018-03-28 23:05:14,177: rp.session.one.george.017618.0003: MainProcess                     : MainThread     : INFO    : Load resource configurations for ornl.titan_aprun
2018-03-28 23:05:14,177: rp.session.one.george.017618.0003: MainProcess                     : MainThread     : INFO    : Load resource configurations for ornl.titan_ortelib
2018-03-28 23:05:14,178: rp.session.one.george.017618.0003: MainProcess                     : MainThread     : INFO    : Load resource configurations from /home/george/ve-matteo/local/lib/python2.7/site-packages/radical/pilot/configs/resource_nersc.json
2018-03-28 23:05:14,184: rp.session.one.george.017618.0003: MainProcess                     : MainThread     : INFO    : Load resource configurations for nersc.edison_ccm_ssh
2018-03-28 23:05:14,185: rp.session.one.george.017618.0003: MainProcess                     : MainThread     : INFO    : Load resource configurations for nersc.hopper_orte
2018-03-28 23:05:14,185: rp.session.one.george.017618.0003: MainProcess                     : MainThread     : INFO    : Load resource configurations for nersc.hopper_ccm_ssh
2018-03-28 23:05:14,185: rp.session.one.george.017618.0003: MainProcess                     : MainThread     : INFO    : Load resource configurations for nersc.edison_aprun
2018-03-28 23:05:14,186: rp.session.one.george.017618.0003: MainProcess                     : MainThread     : INFO    : Load resource configurations for nersc.hopper_aprun
2018-03-28 23:05:14,186: rp.session.one.george.017618.0003: MainProcess                     : MainThread     : INFO    : Load resource configurations for nersc.edison_orte
2018-03-28 23:05:14,186: rp.session.one.george.017618.0003: MainProcess                     : MainThread     : INFO    : Load resource configurations from /home/george/ve-matteo/local/lib/python2.7/site-packages/radical/pilot/configs/resource_chameleon.json
2018-03-28 23:05:14,187: rp.session.one.george.017618.0003: MainProcess                     : MainThread     : INFO    : Load resource configurations for chameleon.cloud_vm_yarn
2018-03-28 23:05:14,187: rp.session.one.george.017618.0003: MainProcess                     : MainThread     : INFO    : Load resource configurations from /home/george/ve-matteo/local/lib/python2.7/site-packages/radical/pilot/configs/resource_ncar.json
2018-03-28 23:05:14,189: rp.session.one.george.017618.0003: MainProcess                     : MainThread     : INFO    : Load resource configurations for ncar.yellowstone_ssh
2018-03-28 23:05:14,189: rp.session.one.george.017618.0003: MainProcess                     : MainThread     : INFO    : Load resource configurations from /home/george/ve-matteo/local/lib/python2.7/site-packages/radical/pilot/configs/resource_ncsa.json
2018-03-28 23:05:14,195: rp.session.one.george.017618.0003: MainProcess                     : MainThread     : INFO    : Load resource configurations for ncsa.bw_orte
2018-03-28 23:05:14,195: rp.session.one.george.017618.0003: MainProcess                     : MainThread     : INFO    : Load resource configurations for ncsa.bw_ccm_ssh
2018-03-28 23:05:14,195: rp.session.one.george.017618.0003: MainProcess                     : MainThread     : INFO    : Load resource configurations for ncsa.bw_ortelib
2018-03-28 23:05:14,195: rp.session.one.george.017618.0003: MainProcess                     : MainThread     : INFO    : Load resource configurations for ncsa.bw_aprun
2018-03-28 23:05:14,196: rp.session.one.george.017618.0003: MainProcess                     : MainThread     : INFO    : Load resource configurations for ncsa.bw_local_orte
2018-03-28 23:05:14,196: rp.session.one.george.017618.0003: MainProcess                     : MainThread     : INFO    : Load resource configurations from /home/george/ve-matteo/local/lib/python2.7/site-packages/radical/pilot/configs/resource_aliases.json
2018-03-28 23:05:14,196: rp.session.one.george.017618.0003: MainProcess                     : MainThread     : INFO    : Load resource configurations from /home/george/ve-matteo/local/lib/python2.7/site-packages/radical/pilot/configs/resource_das5.json
2018-03-28 23:05:14,197: rp.session.one.george.017618.0003: MainProcess                     : MainThread     : INFO    : Load resource configurations for das5.fs1_ssh
2018-03-28 23:05:15,345: rp.session.one.george.017618.0003: MainProcess                     : MainThread     : INFO    : New Session created: rp.session.one.george.017618.0003.
2018-03-28 23:05:15,346: rp.session.one.george.017618.0003: MainProcess                     : MainThread     : DEBUG   : start bridges   : {u'control_pubsub': {u'bulk_size': 0, u'log_level': u'debug', u'stall_hwm': 1},
 u'log_pubsub': {u'bulk_size': 0, u'log_level': u'debug', u'stall_hwm': 1},
 u'state_pubsub': {u'bulk_size': 0, u'log_level': u'debug', u'stall_hwm': 1}}
2018-03-28 23:05:15,346: rp.session.one.george.017618.0003: MainProcess                     : MainThread     : INFO    : create bridge control_pubsub
2018-03-28 23:05:15,365: rp.session.one.george.017618.0003: MainProcess                     : MainThread     : INFO    : created bridge control_pubsub (control.pubsub.bridge.0000)
2018-03-28 23:05:15,366: rp.session.one.george.017618.0003: MainProcess                     : MainThread     : INFO    : create bridge state_pubsub
2018-03-28 23:05:15,379: rp.session.one.george.017618.0003: MainProcess                     : MainThread     : INFO    : created bridge state_pubsub (state.pubsub.bridge.0000)
2018-03-28 23:05:15,379: rp.session.one.george.017618.0003: MainProcess                     : MainThread     : INFO    : create bridge log_pubsub
2018-03-28 23:05:15,394: rp.session.one.george.017618.0003: MainProcess                     : MainThread     : INFO    : created bridge log_pubsub (log.pubsub.bridge.0000)
2018-03-28 23:05:15,395: rp.session.one.george.017618.0003: MainProcess                     : MainThread     : DEBUG   : start components: {u'UpdateWorker': {u'count': 1}}
2018-03-28 23:05:15,395: rp.session.one.george.017618.0003: MainProcess                     : MainThread     : DEBUG   : start 1 component(s) UpdateWorker
2018-03-28 23:05:16,087: rp.session.one.george.017618.0003: MainProcess                     : MainThread     : INFO    : rp.session.one.george.017618.0003 starts update.0
2018-03-28 23:05:16,464: rp.session.one.george.017618.0003: MainProcess                     : MainThread     : DEBUG   : rsup.PTYShell('gsissh://supermic.cct-lsu.xsede.org:2222/')
2018-03-28 23:05:21,677: rp.session.one.george.017618.0003: MainProcess                     : MainThread     : DEBUG   : sandbox base gsissh://supermic.cct-lsu.xsede.org:2222/: '/work/gchantzi'
2018-03-28 23:05:21,888: rp.session.one.george.017618.0003: MainProcess                     : MainThread     : DEBUG   : bulk pilot insert result: {'nModified': 0, 'nUpserted': 0, 'nMatched': 0, 'writeErrors': [], 'upserted': [], 'writeConcernErrors': [], 'nRemoved': 0, 'nInserted': 1}
2018-03-28 23:05:21,896: rp.session.one.george.017618.0003: pmgr.0000.launching.0           : MainThread     : DEBUG   : rsup.PTYShell('gsissh://supermic.cct-lsu.xsede.org:2222/')
2018-03-28 23:05:22,692: rp.session.one.george.017618.0003: MainProcess                     : MainThread     : DEBUG   : bulk unit insert result: {'nModified': 0, 'nUpserted': 0, 'nMatched': 0, 'writeErrors': [], 'upserted': [], 'writeConcernErrors': [], 'nRemoved': 0, 'nInserted': 1}
2018-03-28 23:05:23,641: rp.session.one.george.017618.0003: pmgr.0000.launching.0           : MainThread     : DEBUG   : sandbox base gsissh://supermic.cct-lsu.xsede.org:2222/: '/work/gchantzi'
2018-03-28 23:18:31,078: rp.session.one.george.017618.0003: MainProcess                     : MainThread     : DEBUG   : session rp.session.one.george.017618.0003 closing
2018-03-28 23:18:31,078: rp.session.one.george.017618.0003: MainProcess                     : MainThread     : DEBUG   : session rp.session.one.george.017618.0003 closes umgr   umgr.0000
2018-03-28 23:18:35,624: rp.session.one.george.017618.0003: MainProcess                     : MainThread     : DEBUG   : session rp.session.one.george.017618.0003 closed umgr   umgr.0000
2018-03-28 23:18:35,624: rp.session.one.george.017618.0003: MainProcess                     : MainThread     : DEBUG   : session rp.session.one.george.017618.0003 closes pmgr   pmgr.0000
2018-03-28 23:18:38,840: rp.session.one.george.017618.0003: MainProcess                     : MainThread     : DEBUG   : session rp.session.one.george.017618.0003 closed pmgr   pmgr.0000
2018-03-28 23:18:38,840: rp.session.one.george.017618.0003: MainProcess                     : MainThread     : DEBUG   : session rp.session.one.george.017618.0003 closes comp   update.0
2018-03-28 23:18:38,840: rp.session.one.george.017618.0003: MainProcess                     : MainThread     : DEBUG   :  === update.0 stop called
2018-03-28 23:18:38,895: rp.session.one.george.017618.0003: update.0                        : MainThread     : DEBUG   :  === update.0.child stop called
2018-03-28 23:18:38,991: rp.session.one.george.017618.0003: update.0                        : MainThread     : DEBUG   :  === update.0.child stop called
2018-03-28 23:18:39,033: rp.session.one.george.017618.0003: MainProcess                     : MainThread     : DEBUG   : session rp.session.one.george.017618.0003 closed comp   update.0
2018-03-28 23:18:39,034: rp.session.one.george.017618.0003: MainProcess                     : MainThread     : DEBUG   : session rp.session.one.george.017618.0003 closes bridge control.pubsub.bridge.0000
2018-03-28 23:18:40,013: rp.session.one.george.017618.0003: MainProcess                     : MainThread     : DEBUG   : session rp.session.one.george.017618.0003 closed bridge control.pubsub.bridge.0000
2018-03-28 23:18:40,014: rp.session.one.george.017618.0003: MainProcess                     : MainThread     : DEBUG   : session rp.session.one.george.017618.0003 closes bridge state.pubsub.bridge.0000
2018-03-28 23:18:41,033: rp.session.one.george.017618.0003: MainProcess                     : MainThread     : DEBUG   : session rp.session.one.george.017618.0003 closed bridge state.pubsub.bridge.0000
2018-03-28 23:18:41,033: rp.session.one.george.017618.0003: MainProcess                     : MainThread     : DEBUG   : session rp.session.one.george.017618.0003 closes bridge log.pubsub.bridge.0000
2018-03-28 23:18:41,251: rp.session.one.george.017618.0003: MainProcess                     : MainThread     : DEBUG   : session rp.session.one.george.017618.0003 closed bridge log.pubsub.bridge.0000
2018-03-28 23:18:41,252: rp.session.one.george.017618.0003: MainProcess                     : MainThread     : DEBUG   : session rp.session.one.george.017618.0003 closes db (False)
2018-03-28 23:18:41,252: rp.session.one.george.017618.0003: MainProcess                     : MainThread     : DEBUG   : session rp.session.one.george.017618.0003 closed (delete=False)
2018-03-28 23:18:41,278: rp.session.one.george.017618.0003: MainProcess                     : MainThread     : DEBUG   :  === update.0 stop called
2018-03-28 23:18:41,284: rp.session.one.george.017618.0003: MainProcess                     : MainThread     : DEBUG   : start download
2018-03-28 23:18:42,373: rp.session.one.george.017618.0003: MainProcess                     : MainThread     : INFO    : session written to /home/george/launch-methods-project/orte-example/rp.session.one.george.017618.0003/rp.session.one.george.017618.0003.json
2018-03-28 23:18:42,881: rp.session.one.george.017618.0003: MainProcess                     : MainThread     : DEBUG   : Session: rp.session.one.george.017618.0003
2018-03-28 23:18:42,882: rp.session.one.george.017618.0003: MainProcess                     : MainThread     : DEBUG   : Number of pilots in session: 1
2018-03-28 23:18:42,882: rp.session.one.george.017618.0003: MainProcess                     : MainThread     : DEBUG   : processing pilot 'pilot.0000'
2018-03-28 23:18:44,795: rp.session.one.george.017618.0003: MainProcess                     : MainThread     : INFO    : profiles tarball exists
2018-03-28 23:18:44,795: rp.session.one.george.017618.0003: MainProcess                     : MainThread     : INFO    : fetch 'gsisftp://supermic.cct-lsu.xsede.org:2222/work/gchantzi/radical.pilot.sandbox/rp.session.one.george.017618.0003/pilot.0000/pilot.0000.prof.tgz' to 'file://localhost/home/george/launch-methods-project/orte-example/rp.session.one.george.017618.0003/'.
2018-03-28 23:18:47,464: rp.session.one.george.017618.0003: MainProcess                     : MainThread     : INFO    : Extract tarball /home/george/launch-methods-project/orte-example/rp.session.one.george.017618.0003/pilot.0000.prof.tgz to '/home/george/launch-methods-project/orte-example/rp.session.one.george.017618.0003/'.
2018-03-28 23:18:48,010: rp.session.one.george.017618.0003: MainProcess                     : MainThread     : INFO    : Session: rp.session.one.george.017618.0003
2018-03-28 23:18:48,010: rp.session.one.george.017618.0003: MainProcess                     : MainThread     : INFO    : Number of pilots in session: 1
2018-03-28 23:18:48,760: rp.session.one.george.017618.0003: MainProcess                     : MainThread     : INFO    : logfiles tarball exists
2018-03-28 23:18:48,760: rp.session.one.george.017618.0003: MainProcess                     : MainThread     : INFO    : Fetching 'gsisftp://supermic.cct-lsu.xsede.org:2222/work/gchantzi/radical.pilot.sandbox/rp.session.one.george.017618.0003/pilot.0000/pilot.0000.log.tgz' to 'file://localhost/home/george/launch-methods-project/orte-example/rp.session.one.george.017618.0003/'.
2018-03-28 23:18:50,745: rp.session.one.george.017618.0003: MainProcess                     : MainThread     : DEBUG   : Extract tarball /home/george/launch-methods-project/orte-example/rp.session.one.george.017618.0003/pilot.0000.log.tgz to /home/george/launch-methods-project/orte-example/rp.session.one.george.017618.0003/
2018-03-28 23:18:50,764: rp.session.one.george.017618.0003: MainProcess                     : MainThread     : INFO    : tarball /home/george/launch-methods-project/orte-example/rp.session.one.george.017618.0003/pilot.0000.log.tgz extracted to '/home/george/launch-methods-project/orte-example/rp.session.one.george.017618.0003//pilot.0000/'.
