2018-03-28 23:05:22,148: state.pubsub.pub.0004: umgr.0000.staging.output.0      : MainThread     : INFO    : python.interpreter   version: 2.7.14 (default, Sep 23 2017, 22:06:14) [GCC 7.2.0]
2018-03-28 23:05:22,149: state.pubsub.pub.0004: umgr.0000.staging.output.0      : MainThread     : INFO    :                      pid: 20686
2018-03-28 23:05:22,149: state.pubsub.pub.0004: umgr.0000.staging.output.0      : MainThread     : INFO    :                      tid: MainThread
2018-03-28 23:05:22,149: state.pubsub.pub.0004: umgr.0000.staging.output.0      : MainThread     : INFO    : radical.pilot        version: 0.47-0.47-14-gb1dff8bd@devel
2018-03-28 23:05:22,149: state.pubsub.pub.0004: umgr.0000.staging.output.0      : MainThread     : INFO    : create state_pubsub - pub - tcp://144.76.72.175:37941
2018-03-28 23:05:22,149: state.pubsub.pub.0004: umgr.0000.staging.output.0      : MainThread     : DEBUG   : start process
2018-03-28 23:05:22,149: state.pubsub.pub.0004: umgr.0000.staging.output.0      : MainThread     : DEBUG   : ru_initialize_common (NOOP)
2018-03-28 23:05:22,149: state.pubsub.pub.0004: umgr.0000.staging.output.0      : MainThread     : DEBUG   : ru_initialize_parent (NOOP)
2018-03-28 23:05:22,149: state.pubsub.pub.0004: umgr.0000.staging.output.0      : MainThread     : DEBUG   : process class started (no child)
2018-03-28 23:05:22,168: state.pubsub.pub.0004: MainProcess                     : MainThread     : INFO    : python.interpreter   version: 2.7.14 (default, Sep 23 2017, 22:06:14) [GCC 7.2.0]
2018-03-28 23:05:22,168: state.pubsub.pub.0004: MainProcess                     : MainThread     : INFO    :                      pid: 20514
2018-03-28 23:05:22,168: state.pubsub.pub.0004: MainProcess                     : MainThread     : INFO    :                      tid: MainThread
2018-03-28 23:05:22,168: state.pubsub.pub.0004: MainProcess                     : MainThread     : INFO    : radical.pilot        version: 0.47-0.47-14-gb1dff8bd@devel
2018-03-28 23:05:22,168: state.pubsub.pub.0004: MainProcess                     : MainThread     : INFO    : create state_pubsub - pub - tcp://144.76.72.175:37941
2018-03-28 23:05:22,169: state.pubsub.pub.0004: MainProcess                     : MainThread     : DEBUG   : start process
2018-03-28 23:05:22,169: state.pubsub.pub.0004: MainProcess                     : MainThread     : DEBUG   : ru_initialize_common (NOOP)
2018-03-28 23:05:22,169: state.pubsub.pub.0004: MainProcess                     : MainThread     : DEBUG   : ru_initialize_parent (NOOP)
2018-03-28 23:05:22,169: state.pubsub.pub.0004: MainProcess                     : MainThread     : DEBUG   : process class started (no child)
2018-03-28 23:18:31,746: state.pubsub.pub.0004: MainProcess                     : MainThread     : INFO    : parent stops child  20514 -> None [state.pubsub.pub.0004]
2018-03-28 23:18:31,746: state.pubsub.pub.0004: MainProcess                     : MainThread     : DEBUG   : ru_finalize_parent (NOOP)
2018-03-28 23:18:32,137: state.pubsub.pub.0004: umgr.0000.staging.output.0      : MainThread     : INFO    : parent stops child  20686 -> None [state.pubsub.pub.0004]
2018-03-28 23:18:32,137: state.pubsub.pub.0004: umgr.0000.staging.output.0      : MainThread     : DEBUG   : ru_finalize_parent (NOOP)
