2018-03-28 23:05:15,406: update.0.child      : update.0                        : MainThread     : INFO    : python.interpreter   version: 2.7.14 (default, Sep 23 2017, 22:06:14) [GCC 7.2.0]
2018-03-28 23:05:15,406: update.0.child      : update.0                        : MainThread     : INFO    :                      pid: 20547
2018-03-28 23:05:15,406: update.0.child      : update.0                        : MainThread     : INFO    :                      tid: MainThread
2018-03-28 23:05:15,406: update.0.child      : update.0                        : MainThread     : INFO    : radical.pilot        version: 0.47-0.47-14-gb1dff8bd@devel
2018-03-28 23:05:15,449: update.0.child      : update.0                        : MainThread     : INFO    : initialize update.0.child
2018-03-28 23:05:15,451: update.0.child      : update.0                        : MainThread     : INFO    : cfg: {'agents': {},
 u'bridges': {u'control_pubsub': {'addr_in': 'tcp://144.76.72.175:44101',
                                  'addr_out': 'tcp://144.76.72.175:33939',
                                  u'bulk_size': 0,
                                  u'log_level': u'debug',
                                  u'stall_hwm': 1},
              u'log_pubsub': {'addr_in': 'tcp://144.76.72.175:45999',
                              'addr_out': 'tcp://144.76.72.175:39155',
                              u'bulk_size': 0,
                              u'log_level': u'debug',
                              u'stall_hwm': 1},
              u'state_pubsub': {'addr_in': 'tcp://144.76.72.175:37941',
                                'addr_out': 'tcp://144.76.72.175:35823',
                                u'bulk_size': 0,
                                u'log_level': u'debug',
                                u'stall_hwm': 1}},
 'cname': u'UpdateWorker',
 u'components': {},
 u'count': 1,
 'dburl': 'mongodb://rp:rp@ds015335.mlab.com:15335/rp',
 'debug': 'DEBUG',
 u'default_dburl': u'mongodb://rp:rp@ds015335.mlab.com:15335/rp',
 'logdir': '/home/george/launch-methods-project/orte-example/rp.session.one.george.017618.0003',
 'number': 0,
 'owner': 'rp.session.one.george.017618.0003',
 'session_id': 'rp.session.one.george.017618.0003'}
2018-03-28 23:05:15,451: update.0.child      : update.0                        : MainThread     : DEBUG   : start components: {}
2018-03-28 23:05:15,451: update.0.child      : update.0                        : MainThread     : DEBUG   : alive check in term
2018-03-28 23:05:15,452: update.0.child      : update.0                        : MainThread     : DEBUG   : START: update.0.child register publisher log_pubsub
2018-03-28 23:05:15,452: update.0.child      : update.0                        : MainThread     : DEBUG   : using addr tcp://144.76.72.175:45999 for pubsub log_pubsub
2018-03-28 23:05:15,455: update.0.child      : update.0                        : MainThread     : DEBUG   : registered publisher : log_pubsub : log.pubsub.pub.0000
2018-03-28 23:05:15,455: update.0.child      : update.0                        : MainThread     : DEBUG   : alive check in term
2018-03-28 23:05:15,455: update.0.child      : update.0                        : MainThread     : DEBUG   : START: update.0.child register publisher state_pubsub
2018-03-28 23:05:15,455: update.0.child      : update.0                        : MainThread     : DEBUG   : using addr tcp://144.76.72.175:37941 for pubsub state_pubsub
2018-03-28 23:05:15,458: update.0.child      : update.0                        : MainThread     : DEBUG   : registered publisher : state_pubsub : state.pubsub.pub.0000
2018-03-28 23:05:15,458: update.0.child      : update.0                        : MainThread     : DEBUG   : alive check in term
2018-03-28 23:05:15,458: update.0.child      : update.0                        : MainThread     : DEBUG   : START: update.0.child register publisher control_pubsub
2018-03-28 23:05:15,458: update.0.child      : update.0                        : MainThread     : DEBUG   : using addr tcp://144.76.72.175:44101 for pubsub control_pubsub
2018-03-28 23:05:15,460: update.0.child      : update.0                        : MainThread     : DEBUG   : registered publisher : control_pubsub : control.pubsub.pub.0000
2018-03-28 23:05:15,491: update.0.child      : update.0                        : MainThread     : DEBUG   : alive check in term
2018-03-28 23:05:15,492: update.0.child      : update.0                        : MainThread     : DEBUG   : START: update.0.child register subscriber update.0.child.subscriber._cancel_monitor_cb
2018-03-28 23:05:15,492: update.0.child      : update.0                        : MainThread     : DEBUG   : using addr tcp://144.76.72.175:33939 for pubsub control_pubsub
2018-03-28 23:05:15,494: update.0.child      : update.0                        : MainThread     : DEBUG   : parent name: update.0.child.subscriber._cancel_monitor_cb
2018-03-28 23:05:15,494: update.0.child      : update.0                        : MainThread     : DEBUG   : start thread
2018-03-28 23:05:15,495: update.0.child      : update.0                        : update.0.child.subscriber._cancel_monitor_cb: DEBUG   : child name: update.0.child.subscriber._cancel_monitor_cb.thread
2018-03-28 23:05:15,495: update.0.child      : update.0                        : update.0.child.subscriber._cancel_monitor_cb: INFO    : child (me) initializing
2018-03-28 23:05:15,495: update.0.child      : update.0                        : update.0.child.subscriber._cancel_monitor_cb: DEBUG   : ru_initialize_common (NOOP)
2018-03-28 23:05:15,495: update.0.child      : update.0                        : update.0.child.subscriber._cancel_monitor_cb: DEBUG   : ru_initialize_child (NOOP)
2018-03-28 23:05:15,496: update.0.child      : update.0                        : update.0.child.subscriber._cancel_monitor_cb: INFO    : send alive
2018-03-28 23:05:15,496: update.0.child      : update.0                        : update.0.child.subscriber._cancel_monitor_cb: INFO    : put message: [update.0.child.subscriber._cancel_monitor_cb.thread] alive
2018-03-28 23:05:15,496: update.0.child      : update.0                        : MainThread     : INFO    : get msg: alive
2018-03-28 23:05:15,496: update.0.child      : update.0                        : MainThread     : DEBUG   : ru_initialize_common (NOOP)
2018-03-28 23:05:15,496: update.0.child      : update.0                        : MainThread     : DEBUG   : ru_initialize_parent (NOOP)
2018-03-28 23:05:15,497: update.0.child      : update.0                        : MainThread     : DEBUG   : child thread update.0.child.subscriber._cancel_monitor_cb started
2018-03-28 23:05:15,497: update.0.child      : update.0                        : MainThread     : DEBUG   : update.0.child registered control_pubsub subscriber update.0.child.subscriber._cancel_monitor_cb
2018-03-28 23:05:16,067: update.0.child      : update.0                        : MainThread     : DEBUG   : alive check in term
2018-03-28 23:05:16,068: update.0.child      : update.0                        : MainThread     : DEBUG   : START: update.0.child register subscriber update.0.child.subscriber._state_cb
2018-03-28 23:05:16,068: update.0.child      : update.0                        : MainThread     : DEBUG   : using addr tcp://144.76.72.175:35823 for pubsub state_pubsub
2018-03-28 23:05:16,071: update.0.child      : update.0                        : MainThread     : DEBUG   : parent name: update.0.child.subscriber._state_cb
2018-03-28 23:05:16,071: update.0.child      : update.0                        : MainThread     : DEBUG   : start thread
2018-03-28 23:05:16,071: update.0.child      : update.0                        : update.0.child.subscriber._state_cb: DEBUG   : child name: update.0.child.subscriber._state_cb.thread
2018-03-28 23:05:16,071: update.0.child      : update.0                        : update.0.child.subscriber._state_cb: INFO    : child (me) initializing
2018-03-28 23:05:16,071: update.0.child      : update.0                        : update.0.child.subscriber._state_cb: DEBUG   : ru_initialize_common (NOOP)
2018-03-28 23:05:16,071: update.0.child      : update.0                        : update.0.child.subscriber._state_cb: DEBUG   : ru_initialize_child (NOOP)
2018-03-28 23:05:16,072: update.0.child      : update.0                        : update.0.child.subscriber._state_cb: INFO    : send alive
2018-03-28 23:05:16,072: update.0.child      : update.0                        : update.0.child.subscriber._state_cb: INFO    : put message: [update.0.child.subscriber._state_cb.thread] alive
2018-03-28 23:05:16,072: update.0.child      : update.0                        : MainThread     : INFO    : get msg: alive
2018-03-28 23:05:16,072: update.0.child      : update.0                        : MainThread     : DEBUG   : ru_initialize_common (NOOP)
2018-03-28 23:05:16,073: update.0.child      : update.0                        : MainThread     : DEBUG   : ru_initialize_parent (NOOP)
2018-03-28 23:05:16,073: update.0.child      : update.0                        : MainThread     : DEBUG   : child thread update.0.child.subscriber._state_cb started
2018-03-28 23:05:16,073: update.0.child      : update.0                        : MainThread     : DEBUG   : update.0.child registered state_pubsub subscriber update.0.child.subscriber._state_cb
2018-03-28 23:05:16,073: update.0.child      : update.0                        : MainThread     : DEBUG   : alive check in term
2018-03-28 23:05:16,073: update.0.child      : update.0                        : MainThread     : DEBUG   : START: update.0.child register idler update.0.child.idler._idle_cb
2018-03-28 23:05:16,073: update.0.child      : update.0                        : MainThread     : DEBUG   : parent name: update.0.child.idler._idle_cb
2018-03-28 23:05:16,073: update.0.child      : update.0                        : MainThread     : DEBUG   : start thread
2018-03-28 23:05:16,074: update.0.child      : update.0                        : update.0.child.idler._idle_cb: DEBUG   : child name: update.0.child.idler._idle_cb.thread
2018-03-28 23:05:16,074: update.0.child      : update.0                        : update.0.child.idler._idle_cb: INFO    : child (me) initializing
2018-03-28 23:05:16,074: update.0.child      : update.0                        : update.0.child.idler._idle_cb: DEBUG   : ru_initialize_common (NOOP)
2018-03-28 23:05:16,074: update.0.child      : update.0                        : update.0.child.idler._idle_cb: DEBUG   : ru_initialize_child (NOOP)
2018-03-28 23:05:16,074: update.0.child      : update.0                        : update.0.child.idler._idle_cb: INFO    : send alive
2018-03-28 23:05:16,074: update.0.child      : update.0                        : update.0.child.idler._idle_cb: INFO    : put message: [update.0.child.idler._idle_cb.thread] alive
2018-03-28 23:05:16,075: update.0.child      : update.0                        : MainThread     : INFO    : get msg: alive
2018-03-28 23:05:16,075: update.0.child      : update.0                        : MainThread     : DEBUG   : ru_initialize_common (NOOP)
2018-03-28 23:05:16,075: update.0.child      : update.0                        : MainThread     : DEBUG   : ru_initialize_parent (NOOP)
2018-03-28 23:05:16,075: update.0.child      : update.0                        : MainThread     : DEBUG   : child thread update.0.child.idler._idle_cb started
2018-03-28 23:05:16,076: update.0.child      : update.0                        : MainThread     : DEBUG   : update.0.child registered idler update.0.child.idler._idle_cb
2018-03-28 23:05:16,076: update.0.child      : update.0                        : MainThread     : INFO    : child (me) initializing
2018-03-28 23:05:16,076: update.0.child      : update.0                        : MainThread     : DEBUG   : parent name: update.0.child.watch
2018-03-28 23:05:16,076: update.0.child      : update.0                        : MainThread     : DEBUG   : start thread
2018-03-28 23:05:16,076: update.0.child      : update.0                        : update.0.child.watch: DEBUG   : child name: update.0.child.watch.thread
2018-03-28 23:05:16,077: update.0.child      : update.0                        : update.0.child.watch: INFO    : child (me) initializing
2018-03-28 23:05:16,077: update.0.child      : update.0                        : update.0.child.watch: DEBUG   : ru_initialize_common (NOOP)
2018-03-28 23:05:16,077: update.0.child      : update.0                        : update.0.child.watch: DEBUG   : ru_initialize_child (NOOP)
2018-03-28 23:05:16,077: update.0.child      : update.0                        : update.0.child.watch: INFO    : send alive
2018-03-28 23:05:16,077: update.0.child      : update.0                        : update.0.child.watch: INFO    : put message: [update.0.child.watch.thread] alive
2018-03-28 23:05:16,078: update.0.child      : update.0                        : MainThread     : INFO    : get msg: alive
2018-03-28 23:05:16,078: update.0.child      : update.0                        : MainThread     : DEBUG   : ru_initialize_common (NOOP)
2018-03-28 23:05:16,078: update.0.child      : update.0                        : MainThread     : DEBUG   : ru_initialize_parent (NOOP)
2018-03-28 23:05:16,078: update.0.child      : update.0                        : MainThread     : DEBUG   : child thread update.0.child.watch started
2018-03-28 23:05:16,078: update.0.child      : update.0                        : MainThread     : INFO    : child (me) is alive
2018-03-28 23:05:16,078: update.0.child      : update.0                        : MainThread     : INFO    : send alive
2018-03-28 23:05:16,078: update.0.child      : update.0                        : MainThread     : INFO    : send message: [update.0.child] alive
2018-03-28 23:05:21,999: update.0.child      : update.0                        : update.0.child.subscriber._state_cb: DEBUG   : bulk update result: {'nModified': 1, 'nUpserted': 0, 'nMatched': 1, 'writeErrors': [], 'upserted': [], 'writeConcernErrors': [], 'nRemoved': 0, 'nInserted': 0}
2018-03-28 23:05:22,583: update.0.child      : update.0                        : update.0.child.subscriber._cancel_monitor_cb: DEBUG   : command ignored: add_pilots
2018-03-28 23:05:23,201: update.0.child      : update.0                        : update.0.child.idler._idle_cb: DEBUG   : bulk update result: {'nModified': 6, 'nUpserted': 0, 'nMatched': 6, 'writeErrors': [], 'upserted': [], 'writeConcernErrors': [], 'nRemoved': 0, 'nInserted': 0}
2018-03-28 23:05:50,247: update.0.child      : update.0                        : update.0.child.subscriber._state_cb: DEBUG   : bulk update result: {'nModified': 1, 'nUpserted': 0, 'nMatched': 1, 'writeErrors': [], 'upserted': [], 'writeConcernErrors': [], 'nRemoved': 0, 'nInserted': 0}
2018-03-28 23:06:28,929: update.0.child      : update.0                        : update.0.child.subscriber._state_cb: DEBUG   : bulk update result: {'nModified': 1, 'nUpserted': 0, 'nMatched': 1, 'writeErrors': [], 'upserted': [], 'writeConcernErrors': [], 'nRemoved': 0, 'nInserted': 0}
2018-03-28 23:18:31,160: update.0.child      : update.0                        : update.0.child.subscriber._state_cb: DEBUG   : bulk update result: {'nModified': 1, 'nUpserted': 0, 'nMatched': 1, 'writeErrors': [], 'upserted': [], 'writeConcernErrors': [], 'nRemoved': 0, 'nInserted': 0}
2018-03-28 23:18:32,556: update.0.child      : update.0                        : update.0.child.idler._idle_cb: DEBUG   : bulk update result: {'nModified': 2, 'nUpserted': 0, 'nMatched': 2, 'writeErrors': [], 'upserted': [], 'writeConcernErrors': [], 'nRemoved': 0, 'nInserted': 0}
2018-03-28 23:18:35,627: update.0.child      : update.0                        : update.0.child.subscriber._cancel_monitor_cb: DEBUG   : command ignored: cancel_pilots
2018-03-28 23:18:35,772: update.0.child      : update.0                        : update.0.child.subscriber._state_cb: DEBUG   : bulk update result: {'nModified': 1, 'nUpserted': 0, 'nMatched': 1, 'writeErrors': [], 'upserted': [], 'writeConcernErrors': [], 'nRemoved': 0, 'nInserted': 0}
2018-03-28 23:18:38,878: update.0.child      : update.0                        : update.0.child.watch: INFO    : recv message: STOP
2018-03-28 23:18:38,878: update.0.child      : update.0                        : update.0.child.watch: INFO    : message received: STOP
2018-03-28 23:18:38,879: update.0.child      : update.0                        : update.0.child.watch: INFO    : STOP received: STOP
2018-03-28 23:18:38,879: update.0.child      : update.0                        : update.0.child.watch: INFO    : watcher closes
2018-03-28 23:18:38,879: update.0.child      : update.0                        : update.0.child.watch: INFO    : put message: [update.0.child.watch.thread] work finished
2018-03-28 23:18:38,879: update.0.child      : update.0                        : update.0.child.watch: DEBUG   : ru_finalize_child (NOOP)
2018-03-28 23:18:38,879: update.0.child      : update.0                        : update.0.child.watch: DEBUG   : ru_finalize_common (NOOP)
2018-03-28 23:18:38,879: update.0.child      : update.0                        : update.0.child.watch: INFO    : put message: [update.0.child.watch.thread] terminating
2018-03-28 23:18:38,895: update.0.child      : update.0                        : MainThread     : WARNING : alive check: proc invalid - stop [False - True]
2018-03-28 23:18:38,930: update.0.child      : update.0                        : MainThread     : INFO    : stop update.0.child (20547 : 20547 : MainThread) [radical.pilot.worker.update.Update.stop]
2018-03-28 23:18:38,961: update.0.child      : update.0                        : MainThread     : INFO    : parent stops child  20547 -> 20547 [update.0.child]
2018-03-28 23:18:38,962: update.0.child      : update.0                        : MainThread     : INFO    : send message: [update.0.child] STOP
2018-03-28 23:18:38,962: update.0.child      : update.0                        : MainThread     : WARNING : send failed ([Errno 9] Bad file descriptor) - terminate
2018-03-28 23:18:38,962: update.0.child      : update.0                        : MainThread     : DEBUG   : TERM : update.0.child unregister idler update.0.child.idler._idle_cb
2018-03-28 23:18:38,962: update.0.child      : update.0                        : MainThread     : INFO    : parent stops child
2018-03-28 23:18:38,962: update.0.child      : update.0                        : MainThread     : DEBUG   : ru_finalize_parent (NOOP)
2018-03-28 23:18:38,962: update.0.child      : update.0                        : MainThread     : DEBUG   : ru_finalize_common (NOOP)
2018-03-28 23:18:38,966: update.0.child      : update.0                        : update.0.child.idler._idle_cb: DEBUG   : ru_finalize_child (NOOP)
2018-03-28 23:18:38,967: update.0.child      : update.0                        : update.0.child.idler._idle_cb: DEBUG   : ru_finalize_common (NOOP)
2018-03-28 23:18:38,967: update.0.child      : update.0                        : update.0.child.idler._idle_cb: INFO    : put message: [update.0.child.idler._idle_cb.thread] terminating
2018-03-28 23:18:38,970: update.0.child      : update.0                        : MainThread     : DEBUG   : TERM : update.0.child unregistered idler update.0.child.idler._idle_cb
2018-03-28 23:18:38,970: update.0.child      : update.0                        : MainThread     : DEBUG   : TERM : update.0.child unregister subscriber update.0.child.subscriber._state_cb
2018-03-28 23:18:38,970: update.0.child      : update.0                        : MainThread     : DEBUG   : unregistered subscriber update.0.child.subscriber._state_cb
2018-03-28 23:18:38,970: update.0.child      : update.0                        : MainThread     : DEBUG   : ru_finalize_common()
2018-03-28 23:18:38,970: update.0.child      : update.0                        : MainThread     : DEBUG   : TERM : update.0.child unregister publisher log_pubsub
2018-03-28 23:18:38,971: update.0.child      : update.0                        : MainThread     : DEBUG   : unregistered publisher log_pubsub
2018-03-28 23:18:38,971: update.0.child      : update.0                        : MainThread     : DEBUG   : TERM : update.0.child unregister publisher state_pubsub
2018-03-28 23:18:38,972: update.0.child      : update.0                        : MainThread     : DEBUG   : unregistered publisher state_pubsub
2018-03-28 23:18:38,972: update.0.child      : update.0                        : MainThread     : DEBUG   : TERM : update.0.child unregister publisher control_pubsub
2018-03-28 23:18:38,973: update.0.child      : update.0                        : MainThread     : DEBUG   : unregistered publisher control_pubsub
2018-03-28 23:18:38,973: update.0.child      : update.0                        : MainThread     : DEBUG   : update.0.child close prof
2018-03-28 23:18:38,986: update.0.child      : update.0                        : MainThread     : INFO    : parent stops child
2018-03-28 23:18:38,987: update.0.child      : update.0                        : MainThread     : DEBUG   : ru_finalize_parent (NOOP)
2018-03-28 23:18:38,987: update.0.child      : update.0                        : MainThread     : DEBUG   : ru_finalize_common (NOOP)
2018-03-28 23:18:38,987: update.0.child      : update.0                        : MainThread     : INFO    : parent stops child
2018-03-28 23:18:38,987: update.0.child      : update.0                        : MainThread     : DEBUG   : ru_finalize_parent (NOOP)
2018-03-28 23:18:38,988: update.0.child      : update.0                        : update.0.child.subscriber._cancel_monitor_cb: DEBUG   : ru_finalize_child (NOOP)
2018-03-28 23:18:38,988: update.0.child      : update.0                        : update.0.child.subscriber._cancel_monitor_cb: INFO    : put message: [update.0.child.subscriber._cancel_monitor_cb.thread] terminating
2018-03-28 23:18:38,989: update.0.child      : update.0                        : MainThread     : INFO    : parent stops child
2018-03-28 23:18:38,989: update.0.child      : update.0                        : MainThread     : DEBUG   : ru_finalize_parent (NOOP)
2018-03-28 23:18:38,990: update.0.child      : update.0                        : update.0.child.subscriber._state_cb: DEBUG   : ru_finalize_child (NOOP)
2018-03-28 23:18:38,990: update.0.child      : update.0                        : update.0.child.subscriber._state_cb: INFO    : put message: [update.0.child.subscriber._state_cb.thread] terminating
2018-03-28 23:18:38,990: update.0.child      : update.0                        : MainThread     : INFO    : parent stops child
2018-03-28 23:18:38,990: update.0.child      : update.0                        : MainThread     : WARNING : super update.0.child is invalid
2018-03-28 23:18:38,991: update.0.child      : update.0                        : MainThread     : WARNING : component update.0.child is invalid
2018-03-28 23:18:38,992: update.0.child      : update.0                        : MainThread     : INFO    : stop update.0.child (20547 : 20547 : MainThread) [radical.pilot.worker.update.Update.stop]
2018-03-28 23:18:38,992: update.0.child      : update.0                        : MainThread     : DEBUG   : TERM : update.0.child unregister idler update.0.child.idler._idle_cb
2018-03-28 23:18:38,992: update.0.child      : update.0                        : MainThread     : WARNING : timed cb update.0.child.idler._idle_cb is not registered
2018-03-28 23:18:38,992: update.0.child      : update.0                        : MainThread     : DEBUG   : TERM : update.0.child unregister subscriber update.0.child.subscriber._state_cb
2018-03-28 23:18:38,992: update.0.child      : update.0                        : MainThread     : WARNING : subscriber _state_cb is not registered
2018-03-28 23:18:38,993: update.0.child      : update.0                        : MainThread     : DEBUG   : ru_finalize_common()
2018-03-28 23:18:38,993: update.0.child      : update.0                        : MainThread     : WARNING : publisher log_pubsub is not registered
2018-03-28 23:18:38,993: update.0.child      : update.0                        : MainThread     : WARNING : publisher state_pubsub is not registered
2018-03-28 23:18:38,993: update.0.child      : update.0                        : MainThread     : WARNING : publisher control_pubsub is not registered
2018-03-28 23:18:38,993: update.0.child      : update.0                        : MainThread     : DEBUG   : update.0.child close prof
2018-03-28 23:18:38,993: update.0.child      : update.0                        : MainThread     : INFO    : send message: [update.0.child] terminating
2018-03-28 23:18:38,993: update.0.child      : update.0                        : MainThread     : WARNING : send failed ([Errno 9] Bad file descriptor) - terminate
2018-03-28 23:18:38,993: update.0.child      : update.0                        : MainThread     : INFO    : parent stops child
2018-03-28 23:18:38,993: update.0.child      : update.0                        : MainThread     : INFO    : parent stops child
2018-03-28 23:18:38,993: update.0.child      : update.0                        : MainThread     : INFO    : parent stops child
