2018-03-29 03:45:42,909: log.pubsub.pub.0001 : pmgr.0000.launching.0           : MainThread     : INFO    : python.interpreter   version: 2.7.14 (default, Sep 23 2017, 22:06:14) [GCC 7.2.0]
2018-03-29 03:45:42,909: log.pubsub.pub.0001 : pmgr.0000.launching.0           : MainThread     : INFO    :                      pid: 27683
2018-03-29 03:45:42,910: log.pubsub.pub.0001 : pmgr.0000.launching.0           : MainThread     : INFO    :                      tid: MainThread
2018-03-29 03:45:42,910: log.pubsub.pub.0001 : pmgr.0000.launching.0           : MainThread     : INFO    : radical.pilot        version: 0.47-0.47-14-gb1dff8bd@devel
2018-03-29 03:45:42,910: log.pubsub.pub.0001 : pmgr.0000.launching.0           : MainThread     : INFO    : create log_pubsub - pub - tcp://144.76.72.175:40959
2018-03-29 03:45:42,911: log.pubsub.pub.0001 : pmgr.0000.launching.0           : MainThread     : DEBUG   : start process
2018-03-29 03:45:42,911: log.pubsub.pub.0001 : pmgr.0000.launching.0           : MainThread     : DEBUG   : ru_initialize_common (NOOP)
2018-03-29 03:45:42,911: log.pubsub.pub.0001 : pmgr.0000.launching.0           : MainThread     : DEBUG   : ru_initialize_parent (NOOP)
2018-03-29 03:45:42,911: log.pubsub.pub.0001 : pmgr.0000.launching.0           : MainThread     : DEBUG   : process class started (no child)
2018-03-29 03:45:42,963: log.pubsub.pub.0001 : MainProcess                     : MainThread     : INFO    : python.interpreter   version: 2.7.14 (default, Sep 23 2017, 22:06:14) [GCC 7.2.0]
2018-03-29 03:45:42,963: log.pubsub.pub.0001 : MainProcess                     : MainThread     : INFO    :                      pid: 27624
2018-03-29 03:45:42,963: log.pubsub.pub.0001 : MainProcess                     : MainThread     : INFO    :                      tid: MainThread
2018-03-29 03:45:42,963: log.pubsub.pub.0001 : MainProcess                     : MainThread     : INFO    : radical.pilot        version: 0.47-0.47-14-gb1dff8bd@devel
2018-03-29 03:45:42,964: log.pubsub.pub.0001 : MainProcess                     : MainThread     : INFO    : create log_pubsub - pub - tcp://144.76.72.175:40959
2018-03-29 03:45:42,964: log.pubsub.pub.0001 : MainProcess                     : MainThread     : DEBUG   : start process
2018-03-29 03:45:42,964: log.pubsub.pub.0001 : MainProcess                     : MainThread     : DEBUG   : ru_initialize_common (NOOP)
2018-03-29 03:45:42,964: log.pubsub.pub.0001 : MainProcess                     : MainThread     : DEBUG   : ru_initialize_parent (NOOP)
2018-03-29 03:45:42,964: log.pubsub.pub.0001 : MainProcess                     : MainThread     : DEBUG   : process class started (no child)
2018-03-29 03:58:58,263: log.pubsub.pub.0001 : MainProcess                     : MainThread     : INFO    : parent stops child  27624 -> None [log.pubsub.pub.0001]
2018-03-29 03:58:58,263: log.pubsub.pub.0001 : MainProcess                     : MainThread     : DEBUG   : ru_finalize_parent (NOOP)
