2018-03-29 03:45:42,158: log.pubsub.pub.0000 : update.0                        : MainThread     : INFO    : python.interpreter   version: 2.7.14 (default, Sep 23 2017, 22:06:14) [GCC 7.2.0]
2018-03-29 03:45:42,158: log.pubsub.pub.0000 : update.0                        : MainThread     : INFO    :                      pid: 27655
2018-03-29 03:45:42,158: log.pubsub.pub.0000 : update.0                        : MainThread     : INFO    :                      tid: MainThread
2018-03-29 03:45:42,159: log.pubsub.pub.0000 : update.0                        : MainThread     : INFO    : radical.pilot        version: 0.47-0.47-14-gb1dff8bd@devel
2018-03-29 03:45:42,159: log.pubsub.pub.0000 : update.0                        : MainThread     : INFO    : create log_pubsub - pub - tcp://144.76.72.175:40959
2018-03-29 03:45:42,160: log.pubsub.pub.0000 : update.0                        : MainThread     : DEBUG   : start process
2018-03-29 03:45:42,160: log.pubsub.pub.0000 : update.0                        : MainThread     : DEBUG   : ru_initialize_common (NOOP)
2018-03-29 03:45:42,160: log.pubsub.pub.0000 : update.0                        : MainThread     : DEBUG   : ru_initialize_parent (NOOP)
2018-03-29 03:45:42,160: log.pubsub.pub.0000 : update.0                        : MainThread     : DEBUG   : process class started (no child)
2018-03-29 03:45:42,792: log.pubsub.pub.0000 : MainProcess                     : MainThread     : INFO    : python.interpreter   version: 2.7.14 (default, Sep 23 2017, 22:06:14) [GCC 7.2.0]
2018-03-29 03:45:42,792: log.pubsub.pub.0000 : MainProcess                     : MainThread     : INFO    :                      pid: 27624
2018-03-29 03:45:42,792: log.pubsub.pub.0000 : MainProcess                     : MainThread     : INFO    :                      tid: MainThread
2018-03-29 03:45:42,793: log.pubsub.pub.0000 : MainProcess                     : MainThread     : INFO    : radical.pilot        version: 0.47-0.47-14-gb1dff8bd@devel
2018-03-29 03:45:42,793: log.pubsub.pub.0000 : MainProcess                     : MainThread     : INFO    : create log_pubsub - pub - tcp://144.76.72.175:40959
2018-03-29 03:45:42,794: log.pubsub.pub.0000 : MainProcess                     : MainThread     : DEBUG   : start process
2018-03-29 03:45:42,794: log.pubsub.pub.0000 : MainProcess                     : MainThread     : DEBUG   : ru_initialize_common (NOOP)
2018-03-29 03:45:42,794: log.pubsub.pub.0000 : MainProcess                     : MainThread     : DEBUG   : ru_initialize_parent (NOOP)
2018-03-29 03:45:42,794: log.pubsub.pub.0000 : MainProcess                     : MainThread     : DEBUG   : process class started (no child)
2018-03-29 03:59:01,272: log.pubsub.pub.0000 : MainProcess                     : MainThread     : INFO    : parent stops child  27624 -> None [log.pubsub.pub.0000]
2018-03-29 03:59:01,272: log.pubsub.pub.0000 : MainProcess                     : MainThread     : DEBUG   : ru_finalize_parent (NOOP)
2018-03-29 03:59:01,588: log.pubsub.pub.0000 : update.0                        : MainThread     : INFO    : parent stops child  27655 -> None [log.pubsub.pub.0000]
2018-03-29 03:59:01,588: log.pubsub.pub.0000 : update.0                        : MainThread     : DEBUG   : ru_finalize_parent (NOOP)
