2018-03-29 03:45:42,778: state.pubsub.sub.0000: update.0                        : MainThread     : INFO    : python.interpreter   version: 2.7.14 (default, Sep 23 2017, 22:06:14) [GCC 7.2.0]
2018-03-29 03:45:42,779: state.pubsub.sub.0000: update.0                        : MainThread     : INFO    :                      pid: 27655
2018-03-29 03:45:42,779: state.pubsub.sub.0000: update.0                        : MainThread     : INFO    :                      tid: MainThread
2018-03-29 03:45:42,779: state.pubsub.sub.0000: update.0                        : MainThread     : INFO    : radical.pilot        version: 0.47-0.47-14-gb1dff8bd@devel
2018-03-29 03:45:42,779: state.pubsub.sub.0000: update.0                        : MainThread     : INFO    : create state_pubsub - sub - tcp://144.76.72.175:37719
2018-03-29 03:45:42,780: state.pubsub.sub.0000: update.0                        : MainThread     : DEBUG   : start process
2018-03-29 03:45:42,780: state.pubsub.sub.0000: update.0                        : MainThread     : DEBUG   : ru_initialize_common (NOOP)
2018-03-29 03:45:42,780: state.pubsub.sub.0000: update.0                        : MainThread     : DEBUG   : ru_initialize_parent (NOOP)
2018-03-29 03:45:42,780: state.pubsub.sub.0000: update.0                        : MainThread     : DEBUG   : process class started (no child)
2018-03-29 03:45:42,984: state.pubsub.sub.0000: MainProcess                     : MainThread     : INFO    : python.interpreter   version: 2.7.14 (default, Sep 23 2017, 22:06:14) [GCC 7.2.0]
2018-03-29 03:45:42,984: state.pubsub.sub.0000: MainProcess                     : MainThread     : INFO    :                      pid: 27624
2018-03-29 03:45:42,984: state.pubsub.sub.0000: MainProcess                     : MainThread     : INFO    :                      tid: MainThread
2018-03-29 03:45:42,984: state.pubsub.sub.0000: MainProcess                     : MainThread     : INFO    : radical.pilot        version: 0.47-0.47-14-gb1dff8bd@devel
2018-03-29 03:45:42,984: state.pubsub.sub.0000: MainProcess                     : MainThread     : INFO    : create state_pubsub - sub - tcp://144.76.72.175:37719
2018-03-29 03:45:42,984: state.pubsub.sub.0000: MainProcess                     : MainThread     : DEBUG   : start process
2018-03-29 03:45:42,984: state.pubsub.sub.0000: MainProcess                     : MainThread     : DEBUG   : ru_initialize_common (NOOP)
2018-03-29 03:45:42,984: state.pubsub.sub.0000: MainProcess                     : MainThread     : DEBUG   : ru_initialize_parent (NOOP)
2018-03-29 03:45:42,985: state.pubsub.sub.0000: MainProcess                     : MainThread     : DEBUG   : process class started (no child)
2018-03-29 03:58:58,240: state.pubsub.sub.0000: MainProcess                     : pmgr.0000.subscriber._state_sub_cb: INFO    : parent stops child  27624 -> None [state.pubsub.sub.0000]
2018-03-29 03:58:58,240: state.pubsub.sub.0000: MainProcess                     : pmgr.0000.subscriber._state_sub_cb: DEBUG   : ru_finalize_parent (NOOP)
2018-03-29 03:59:01,633: state.pubsub.sub.0000: update.0                        : MainThread     : INFO    : parent stops child  27655 -> None [state.pubsub.sub.0000]
2018-03-29 03:59:01,633: state.pubsub.sub.0000: update.0                        : MainThread     : DEBUG   : ru_finalize_parent (NOOP)
