2018-03-29 03:45:49,774: umgr.0000.scheduling.0.child: umgr.0000.scheduling.0          : MainThread     : INFO    : python.interpreter   version: 2.7.14 (default, Sep 23 2017, 22:06:14) [GCC 7.2.0]
2018-03-29 03:45:49,774: umgr.0000.scheduling.0.child: umgr.0000.scheduling.0          : MainThread     : INFO    :                      pid: 27839
2018-03-29 03:45:49,774: umgr.0000.scheduling.0.child: umgr.0000.scheduling.0          : MainThread     : INFO    :                      tid: MainThread
2018-03-29 03:45:49,774: umgr.0000.scheduling.0.child: umgr.0000.scheduling.0          : MainThread     : INFO    : radical.pilot        version: 0.47-0.47-14-gb1dff8bd@devel
2018-03-29 03:45:49,839: umgr.0000.scheduling.0.child: umgr.0000.scheduling.0          : MainThread     : INFO    : initialize umgr.0000.scheduling.0.child
2018-03-29 03:45:49,843: umgr.0000.scheduling.0.child: umgr.0000.scheduling.0          : MainThread     : INFO    : cfg: {'agents': {},
 u'bridges': {u'control_pubsub': {'addr_in': 'tcp://144.76.72.175:33541',
                                  'addr_out': 'tcp://144.76.72.175:42827',
                                  u'bulk_size': 0,
                                  u'log_level': u'debug',
                                  u'stall_hwm': 1},
              u'log_pubsub': {'addr_in': 'tcp://144.76.72.175:40959',
                              'addr_out': 'tcp://144.76.72.175:44001',
                              u'bulk_size': 0,
                              u'log_level': u'debug',
                              u'stall_hwm': 1},
              u'state_pubsub': {'addr_in': 'tcp://144.76.72.175:43017',
                                'addr_out': 'tcp://144.76.72.175:37719',
                                u'bulk_size': 0,
                                u'log_level': u'debug',
                                u'stall_hwm': 1},
              u'umgr_reschedule_pubsub': {'addr_in': 'tcp://144.76.72.175:44569',
                                          'addr_out': 'tcp://144.76.72.175:32933',
                                          u'bulk_size': 0,
                                          u'log_level': u'debug',
                                          u'stall_hwm': 1},
              u'umgr_scheduling_queue': {'addr_in': 'tcp://144.76.72.175:42059',
                                         'addr_out': 'tcp://144.76.72.175:38381',
                                         u'bulk_size': 0,
                                         u'log_level': u'debug',
                                         u'stall_hwm': 1},
              u'umgr_staging_input_queue': {'addr_in': 'tcp://144.76.72.175:42201',
                                            'addr_out': 'tcp://144.76.72.175:37615',
                                            u'bulk_size': 0,
                                            u'log_level': u'debug',
                                            u'stall_hwm': 1},
              u'umgr_staging_output_queue': {'addr_in': 'tcp://144.76.72.175:46671',
                                             'addr_out': 'tcp://144.76.72.175:37507',
                                             u'bulk_size': 0,
                                             u'log_level': u'debug',
                                             u'stall_hwm': 1},
              u'umgr_unschedule_pubsub': {'addr_in': 'tcp://144.76.72.175:42425',
                                          'addr_out': 'tcp://144.76.72.175:44163',
                                          u'bulk_size': 0,
                                          u'log_level': u'debug',
                                          u'stall_hwm': 1}},
 u'bulk_collection_size': 100,
 u'bulk_collection_time': 1.0,
 'cname': u'UMGRSchedulingComponent',
 u'components': {},
 u'count': 1,
 u'db_poll_sleeptime': 1.0,
 'number': 0,
 'owner': 'umgr.0000',
 u'scheduler': u'round_robin',
 'uid': 'umgr.0000'}
2018-03-29 03:45:49,843: umgr.0000.scheduling.0.child: umgr.0000.scheduling.0          : MainThread     : DEBUG   : start components: {}
2018-03-29 03:45:49,843: umgr.0000.scheduling.0.child: umgr.0000.scheduling.0          : MainThread     : DEBUG   : alive check in term
2018-03-29 03:45:49,843: umgr.0000.scheduling.0.child: umgr.0000.scheduling.0          : MainThread     : DEBUG   : START: umgr.0000.scheduling.0.child register publisher log_pubsub
2018-03-29 03:45:49,844: umgr.0000.scheduling.0.child: umgr.0000.scheduling.0          : MainThread     : DEBUG   : using addr tcp://144.76.72.175:40959 for pubsub log_pubsub
2018-03-29 03:45:49,847: umgr.0000.scheduling.0.child: umgr.0000.scheduling.0          : MainThread     : DEBUG   : registered publisher : log_pubsub : log.pubsub.pub.0005
2018-03-29 03:45:49,847: umgr.0000.scheduling.0.child: umgr.0000.scheduling.0          : MainThread     : DEBUG   : alive check in term
2018-03-29 03:45:49,847: umgr.0000.scheduling.0.child: umgr.0000.scheduling.0          : MainThread     : DEBUG   : START: umgr.0000.scheduling.0.child register publisher state_pubsub
2018-03-29 03:45:49,847: umgr.0000.scheduling.0.child: umgr.0000.scheduling.0          : MainThread     : DEBUG   : using addr tcp://144.76.72.175:43017 for pubsub state_pubsub
2018-03-29 03:45:49,850: umgr.0000.scheduling.0.child: umgr.0000.scheduling.0          : MainThread     : DEBUG   : registered publisher : state_pubsub : state.pubsub.pub.0005
2018-03-29 03:45:49,850: umgr.0000.scheduling.0.child: umgr.0000.scheduling.0          : MainThread     : DEBUG   : alive check in term
2018-03-29 03:45:49,850: umgr.0000.scheduling.0.child: umgr.0000.scheduling.0          : MainThread     : DEBUG   : START: umgr.0000.scheduling.0.child register publisher control_pubsub
2018-03-29 03:45:49,850: umgr.0000.scheduling.0.child: umgr.0000.scheduling.0          : MainThread     : DEBUG   : using addr tcp://144.76.72.175:33541 for pubsub control_pubsub
2018-03-29 03:45:49,852: umgr.0000.scheduling.0.child: umgr.0000.scheduling.0          : MainThread     : DEBUG   : registered publisher : control_pubsub : control.pubsub.pub.0005
2018-03-29 03:45:49,852: umgr.0000.scheduling.0.child: umgr.0000.scheduling.0          : MainThread     : DEBUG   : alive check in term
2018-03-29 03:45:49,852: umgr.0000.scheduling.0.child: umgr.0000.scheduling.0          : MainThread     : DEBUG   : START: umgr.0000.scheduling.0.child register subscriber umgr.0000.scheduling.0.child.subscriber._cancel_monitor_cb
2018-03-29 03:45:49,852: umgr.0000.scheduling.0.child: umgr.0000.scheduling.0          : MainThread     : DEBUG   : using addr tcp://144.76.72.175:42827 for pubsub control_pubsub
2018-03-29 03:45:49,853: umgr.0000.scheduling.0.child: umgr.0000.scheduling.0          : MainThread     : DEBUG   : parent name: umgr.0000.scheduling.0.child.subscriber._cancel_monitor_cb
2018-03-29 03:45:49,853: umgr.0000.scheduling.0.child: umgr.0000.scheduling.0          : MainThread     : DEBUG   : start thread
2018-03-29 03:45:49,853: umgr.0000.scheduling.0.child: umgr.0000.scheduling.0          : umgr.0000.scheduling.0.child.subscriber._cancel_monitor_cb: DEBUG   : child name: umgr.0000.scheduling.0.child.subscriber._cancel_monitor_cb.thread
2018-03-29 03:45:49,853: umgr.0000.scheduling.0.child: umgr.0000.scheduling.0          : umgr.0000.scheduling.0.child.subscriber._cancel_monitor_cb: INFO    : child (me) initializing
2018-03-29 03:45:49,854: umgr.0000.scheduling.0.child: umgr.0000.scheduling.0          : umgr.0000.scheduling.0.child.subscriber._cancel_monitor_cb: DEBUG   : ru_initialize_common (NOOP)
2018-03-29 03:45:49,854: umgr.0000.scheduling.0.child: umgr.0000.scheduling.0          : umgr.0000.scheduling.0.child.subscriber._cancel_monitor_cb: DEBUG   : ru_initialize_child (NOOP)
2018-03-29 03:45:49,854: umgr.0000.scheduling.0.child: umgr.0000.scheduling.0          : umgr.0000.scheduling.0.child.subscriber._cancel_monitor_cb: INFO    : send alive
2018-03-29 03:45:49,854: umgr.0000.scheduling.0.child: umgr.0000.scheduling.0          : umgr.0000.scheduling.0.child.subscriber._cancel_monitor_cb: INFO    : put message: [umgr.0000.scheduling.0.child.subscriber._cancel_monitor_cb.thread] alive
2018-03-29 03:45:49,855: umgr.0000.scheduling.0.child: umgr.0000.scheduling.0          : MainThread     : INFO    : get msg: alive
2018-03-29 03:45:49,855: umgr.0000.scheduling.0.child: umgr.0000.scheduling.0          : MainThread     : DEBUG   : ru_initialize_common (NOOP)
2018-03-29 03:45:49,855: umgr.0000.scheduling.0.child: umgr.0000.scheduling.0          : MainThread     : DEBUG   : ru_initialize_parent (NOOP)
2018-03-29 03:45:49,855: umgr.0000.scheduling.0.child: umgr.0000.scheduling.0          : MainThread     : DEBUG   : child thread umgr.0000.scheduling.0.child.subscriber._cancel_monitor_cb started
2018-03-29 03:45:49,855: umgr.0000.scheduling.0.child: umgr.0000.scheduling.0          : MainThread     : DEBUG   : umgr.0000.scheduling.0.child registered control_pubsub subscriber umgr.0000.scheduling.0.child.subscriber._cancel_monitor_cb
2018-03-29 03:45:49,855: umgr.0000.scheduling.0.child: umgr.0000.scheduling.0          : MainThread     : DEBUG   : RoundRobin umgr scheduler configured
2018-03-29 03:45:49,855: umgr.0000.scheduling.0.child: umgr.0000.scheduling.0          : MainThread     : DEBUG   : alive check in term
2018-03-29 03:45:49,855: umgr.0000.scheduling.0.child: umgr.0000.scheduling.0          : MainThread     : DEBUG   : using addr tcp://144.76.72.175:38381 for input umgr_scheduling_queue
2018-03-29 03:45:49,856: umgr.0000.scheduling.0.child: umgr.0000.scheduling.0          : MainThread     : DEBUG   : registered input umgr.0000.scheduling.0.child.work.UMGR_SCHEDULING_PENDING
2018-03-29 03:45:49,856: umgr.0000.scheduling.0.child: umgr.0000.scheduling.0          : MainThread     : DEBUG   : START: umgr.0000.scheduling.0.child register input UMGR_SCHEDULING_PENDING: umgr.0000.scheduling.0.child.work.UMGR_SCHEDULING_PENDING
2018-03-29 03:45:49,856: umgr.0000.scheduling.0.child: umgr.0000.scheduling.0          : MainThread     : DEBUG   : registered worker work [UMGR_SCHEDULING_PENDING]
2018-03-29 03:45:49,856: umgr.0000.scheduling.0.child: umgr.0000.scheduling.0          : MainThread     : DEBUG   : alive check in term
2018-03-29 03:45:49,856: umgr.0000.scheduling.0.child: umgr.0000.scheduling.0          : MainThread     : DEBUG   : START: umgr.0000.scheduling.0.child register output UMGR_STAGING_INPUT_PENDING
2018-03-29 03:45:49,856: umgr.0000.scheduling.0.child: umgr.0000.scheduling.0          : MainThread     : DEBUG   : using addr tcp://144.76.72.175:42201 for output umgr_staging_input_queue
2018-03-29 03:45:49,857: umgr.0000.scheduling.0.child: umgr.0000.scheduling.0          : MainThread     : DEBUG   : registered output    : UMGR_STAGING_INPUT_PENDING : umgr_staging_input_queue : umgr.staging.input.queue.input.0000
2018-03-29 03:45:49,857: umgr.0000.scheduling.0.child: umgr.0000.scheduling.0          : MainThread     : DEBUG   : alive check in term
2018-03-29 03:45:49,857: umgr.0000.scheduling.0.child: umgr.0000.scheduling.0          : MainThread     : DEBUG   : START: umgr.0000.scheduling.0.child register subscriber umgr.0000.scheduling.0.child.subscriber._base_state_cb
2018-03-29 03:45:49,857: umgr.0000.scheduling.0.child: umgr.0000.scheduling.0          : MainThread     : DEBUG   : using addr tcp://144.76.72.175:37719 for pubsub state_pubsub
2018-03-29 03:45:49,858: umgr.0000.scheduling.0.child: umgr.0000.scheduling.0          : MainThread     : DEBUG   : parent name: umgr.0000.scheduling.0.child.subscriber._base_state_cb
2018-03-29 03:45:49,858: umgr.0000.scheduling.0.child: umgr.0000.scheduling.0          : MainThread     : DEBUG   : start thread
2018-03-29 03:45:49,858: umgr.0000.scheduling.0.child: umgr.0000.scheduling.0          : umgr.0000.scheduling.0.child.subscriber._base_state_cb: DEBUG   : child name: umgr.0000.scheduling.0.child.subscriber._base_state_cb.thread
2018-03-29 03:45:49,859: umgr.0000.scheduling.0.child: umgr.0000.scheduling.0          : umgr.0000.scheduling.0.child.subscriber._base_state_cb: INFO    : child (me) initializing
2018-03-29 03:45:49,859: umgr.0000.scheduling.0.child: umgr.0000.scheduling.0          : umgr.0000.scheduling.0.child.subscriber._base_state_cb: DEBUG   : ru_initialize_common (NOOP)
2018-03-29 03:45:49,859: umgr.0000.scheduling.0.child: umgr.0000.scheduling.0          : umgr.0000.scheduling.0.child.subscriber._base_state_cb: DEBUG   : ru_initialize_child (NOOP)
2018-03-29 03:45:49,859: umgr.0000.scheduling.0.child: umgr.0000.scheduling.0          : umgr.0000.scheduling.0.child.subscriber._base_state_cb: INFO    : send alive
2018-03-29 03:45:49,859: umgr.0000.scheduling.0.child: umgr.0000.scheduling.0          : umgr.0000.scheduling.0.child.subscriber._base_state_cb: INFO    : put message: [umgr.0000.scheduling.0.child.subscriber._base_state_cb.thread] alive
2018-03-29 03:45:49,860: umgr.0000.scheduling.0.child: umgr.0000.scheduling.0          : MainThread     : INFO    : get msg: alive
2018-03-29 03:45:49,860: umgr.0000.scheduling.0.child: umgr.0000.scheduling.0          : MainThread     : DEBUG   : ru_initialize_common (NOOP)
2018-03-29 03:45:49,860: umgr.0000.scheduling.0.child: umgr.0000.scheduling.0          : MainThread     : DEBUG   : ru_initialize_parent (NOOP)
2018-03-29 03:45:49,860: umgr.0000.scheduling.0.child: umgr.0000.scheduling.0          : MainThread     : DEBUG   : child thread umgr.0000.scheduling.0.child.subscriber._base_state_cb started
2018-03-29 03:45:49,860: umgr.0000.scheduling.0.child: umgr.0000.scheduling.0          : MainThread     : DEBUG   : umgr.0000.scheduling.0.child registered state_pubsub subscriber umgr.0000.scheduling.0.child.subscriber._base_state_cb
2018-03-29 03:45:49,860: umgr.0000.scheduling.0.child: umgr.0000.scheduling.0          : MainThread     : DEBUG   : alive check in term
2018-03-29 03:45:49,860: umgr.0000.scheduling.0.child: umgr.0000.scheduling.0          : MainThread     : DEBUG   : START: umgr.0000.scheduling.0.child register subscriber umgr.0000.scheduling.0.child.subscriber._base_command_cb
2018-03-29 03:45:49,860: umgr.0000.scheduling.0.child: umgr.0000.scheduling.0          : MainThread     : DEBUG   : using addr tcp://144.76.72.175:42827 for pubsub control_pubsub
2018-03-29 03:45:49,861: umgr.0000.scheduling.0.child: umgr.0000.scheduling.0          : MainThread     : DEBUG   : parent name: umgr.0000.scheduling.0.child.subscriber._base_command_cb
2018-03-29 03:45:49,861: umgr.0000.scheduling.0.child: umgr.0000.scheduling.0          : MainThread     : DEBUG   : start thread
2018-03-29 03:45:49,861: umgr.0000.scheduling.0.child: umgr.0000.scheduling.0          : umgr.0000.scheduling.0.child.subscriber._base_command_cb: DEBUG   : child name: umgr.0000.scheduling.0.child.subscriber._base_command_cb.thread
2018-03-29 03:45:49,861: umgr.0000.scheduling.0.child: umgr.0000.scheduling.0          : umgr.0000.scheduling.0.child.subscriber._base_command_cb: INFO    : child (me) initializing
2018-03-29 03:45:49,861: umgr.0000.scheduling.0.child: umgr.0000.scheduling.0          : umgr.0000.scheduling.0.child.subscriber._base_command_cb: DEBUG   : ru_initialize_common (NOOP)
2018-03-29 03:45:49,861: umgr.0000.scheduling.0.child: umgr.0000.scheduling.0          : umgr.0000.scheduling.0.child.subscriber._base_command_cb: DEBUG   : ru_initialize_child (NOOP)
2018-03-29 03:45:49,861: umgr.0000.scheduling.0.child: umgr.0000.scheduling.0          : umgr.0000.scheduling.0.child.subscriber._base_command_cb: INFO    : send alive
2018-03-29 03:45:49,861: umgr.0000.scheduling.0.child: umgr.0000.scheduling.0          : umgr.0000.scheduling.0.child.subscriber._base_command_cb: INFO    : put message: [umgr.0000.scheduling.0.child.subscriber._base_command_cb.thread] alive
2018-03-29 03:45:49,862: umgr.0000.scheduling.0.child: umgr.0000.scheduling.0          : MainThread     : INFO    : get msg: alive
2018-03-29 03:45:49,862: umgr.0000.scheduling.0.child: umgr.0000.scheduling.0          : MainThread     : DEBUG   : ru_initialize_common (NOOP)
2018-03-29 03:45:49,863: umgr.0000.scheduling.0.child: umgr.0000.scheduling.0          : MainThread     : DEBUG   : ru_initialize_parent (NOOP)
2018-03-29 03:45:49,863: umgr.0000.scheduling.0.child: umgr.0000.scheduling.0          : MainThread     : DEBUG   : child thread umgr.0000.scheduling.0.child.subscriber._base_command_cb started
2018-03-29 03:45:49,863: umgr.0000.scheduling.0.child: umgr.0000.scheduling.0          : MainThread     : DEBUG   : umgr.0000.scheduling.0.child registered control_pubsub subscriber umgr.0000.scheduling.0.child.subscriber._base_command_cb
2018-03-29 03:45:49,863: umgr.0000.scheduling.0.child: umgr.0000.scheduling.0          : MainThread     : INFO    : child (me) initializing
2018-03-29 03:45:49,863: umgr.0000.scheduling.0.child: umgr.0000.scheduling.0          : MainThread     : DEBUG   : parent name: umgr.0000.scheduling.0.child.watch
2018-03-29 03:45:49,863: umgr.0000.scheduling.0.child: umgr.0000.scheduling.0          : MainThread     : DEBUG   : start thread
2018-03-29 03:45:49,863: umgr.0000.scheduling.0.child: umgr.0000.scheduling.0          : umgr.0000.scheduling.0.child.watch: DEBUG   : child name: umgr.0000.scheduling.0.child.watch.thread
2018-03-29 03:45:49,863: umgr.0000.scheduling.0.child: umgr.0000.scheduling.0          : umgr.0000.scheduling.0.child.watch: INFO    : child (me) initializing
2018-03-29 03:45:49,863: umgr.0000.scheduling.0.child: umgr.0000.scheduling.0          : umgr.0000.scheduling.0.child.watch: DEBUG   : ru_initialize_common (NOOP)
2018-03-29 03:45:49,863: umgr.0000.scheduling.0.child: umgr.0000.scheduling.0          : umgr.0000.scheduling.0.child.watch: DEBUG   : ru_initialize_child (NOOP)
2018-03-29 03:45:49,863: umgr.0000.scheduling.0.child: umgr.0000.scheduling.0          : umgr.0000.scheduling.0.child.watch: INFO    : send alive
2018-03-29 03:45:49,863: umgr.0000.scheduling.0.child: umgr.0000.scheduling.0          : umgr.0000.scheduling.0.child.watch: INFO    : put message: [umgr.0000.scheduling.0.child.watch.thread] alive
2018-03-29 03:45:49,864: umgr.0000.scheduling.0.child: umgr.0000.scheduling.0          : MainThread     : INFO    : get msg: alive
2018-03-29 03:45:49,864: umgr.0000.scheduling.0.child: umgr.0000.scheduling.0          : MainThread     : DEBUG   : ru_initialize_common (NOOP)
2018-03-29 03:45:49,864: umgr.0000.scheduling.0.child: umgr.0000.scheduling.0          : MainThread     : DEBUG   : ru_initialize_parent (NOOP)
2018-03-29 03:45:49,864: umgr.0000.scheduling.0.child: umgr.0000.scheduling.0          : MainThread     : DEBUG   : child thread umgr.0000.scheduling.0.child.watch started
2018-03-29 03:45:49,864: umgr.0000.scheduling.0.child: umgr.0000.scheduling.0          : MainThread     : INFO    : child (me) is alive
2018-03-29 03:45:49,864: umgr.0000.scheduling.0.child: umgr.0000.scheduling.0          : MainThread     : INFO    : send alive
2018-03-29 03:45:49,864: umgr.0000.scheduling.0.child: umgr.0000.scheduling.0          : MainThread     : INFO    : send message: [umgr.0000.scheduling.0.child] alive
2018-03-29 03:45:50,219: umgr.0000.scheduling.0.child: umgr.0000.scheduling.0          : umgr.0000.scheduling.0.child.subscriber._cancel_monitor_cb: DEBUG   : command ignored: add_pilots
2018-03-29 03:45:50,219: umgr.0000.scheduling.0.child: umgr.0000.scheduling.0          : umgr.0000.scheduling.0.child.subscriber._base_command_cb: INFO    : scheduler command: add_pilots: {'pilots': [{'resource_sandbox': 'gsisftp://supermic.cct-lsu.xsede.org:2222/work/gchantzi/radical.pilot.sandbox', 'resource_details': None, 'resource': 'xsede.supermic_orte', 'uid': 'pilot.0000', 'pmgr': 'pmgr.0000', 'stdout': None, 'js_url': 'torque+gsissh://supermic.cct-lsu.xsede.org:2222/', 'state': 'PMGR_LAUNCHING', 'session': 'rp.session.one.george.017619.0000', 'log': None, 'stderr': None, 'js_hop': 'gsissh://supermic.cct-lsu.xsede.org:2222/', 'client_sandbox': '/home/george/launch-methods-project/orte-example', 'type': 'pilot', 'pilot_sandbox': 'gsisftp://supermic.cct-lsu.xsede.org:2222/work/gchantzi/radical.pilot.sandbox/rp.session.one.george.017619.0000/pilot.0000/', 'description': {'queue': 'workq', 'resource': 'xsede.supermic_orte', 'exit_on_error': True, 'candidate_hosts': None, 'project': 'TG-MCB090174', 'sandbox': None, 'cleanup': None, 'access_schema': 'gsissh', 'memory': None, 'cores': 20, 'runtime': 25}}], 'umgr': 'umgr.0000'}
2018-03-29 03:45:50,219: umgr.0000.scheduling.0.child: umgr.0000.scheduling.0          : umgr.0000.scheduling.0.child.subscriber._base_command_cb: DEBUG   : added pilot: {'info': {}, 'state': None, 'role': 'added', 'pilot': {'resource_sandbox': 'gsisftp://supermic.cct-lsu.xsede.org:2222/work/gchantzi/radical.pilot.sandbox', 'resource_details': None, 'resource': 'xsede.supermic_orte', 'uid': 'pilot.0000', 'pmgr': 'pmgr.0000', 'stdout': None, 'js_url': 'torque+gsissh://supermic.cct-lsu.xsede.org:2222/', 'state': 'PMGR_LAUNCHING', 'session': 'rp.session.one.george.017619.0000', 'log': None, 'stderr': None, 'js_hop': 'gsissh://supermic.cct-lsu.xsede.org:2222/', 'client_sandbox': '/home/george/launch-methods-project/orte-example', 'type': 'pilot', 'pilot_sandbox': 'gsisftp://supermic.cct-lsu.xsede.org:2222/work/gchantzi/radical.pilot.sandbox/rp.session.one.george.017619.0000/pilot.0000/', 'description': {'queue': 'workq', 'resource': 'xsede.supermic_orte', 'exit_on_error': True, 'candidate_hosts': None, 'project': 'TG-MCB090174', 'sandbox': None, 'cleanup': None, 'access_schema': 'gsissh', 'memory': None, 'cores': 20, 'runtime': 25}}}
2018-03-29 03:45:50,219: umgr.0000.scheduling.0.child: umgr.0000.scheduling.0          : umgr.0000.scheduling.0.child.subscriber._base_command_cb: DEBUG   : update pilot states for ['pilot.0000']
2018-03-29 03:45:50,220: umgr.0000.scheduling.0.child: umgr.0000.scheduling.0          : umgr.0000.scheduling.0.child.subscriber._base_command_cb: DEBUG   : update pilot state: None -> ['NEW', 'PMGR_LAUNCHING_PENDING', 'PMGR_LAUNCHING']
2018-03-29 03:45:50,333: umgr.0000.scheduling.0.child: umgr.0000.scheduling.0          : umgr.0000.scheduling.0.child.subscriber._base_state_cb: INFO    : scheduler state_cb: update
2018-03-29 03:45:50,333: umgr.0000.scheduling.0.child: umgr.0000.scheduling.0          : umgr.0000.scheduling.0.child.subscriber._base_state_cb: DEBUG   : update pilots []
2018-03-29 03:45:50,333: umgr.0000.scheduling.0.child: umgr.0000.scheduling.0          : umgr.0000.scheduling.0.child.subscriber._base_state_cb: DEBUG   : update units  ['unit.000000']
2018-03-29 03:45:50,333: umgr.0000.scheduling.0.child: umgr.0000.scheduling.0          : umgr.0000.scheduling.0.child.subscriber._base_state_cb: DEBUG   : update pilot states for []
2018-03-29 03:45:50,334: umgr.0000.scheduling.0.child: umgr.0000.scheduling.0          : MainThread     : DEBUG   : got unit (unit.000000)
2018-03-29 03:45:50,334: umgr.0000.scheduling.0.child: umgr.0000.scheduling.0          : MainThread     : DEBUG   : advance bulk size: 1 [False, True]
2018-03-29 03:45:50,336: umgr.0000.scheduling.0.child: umgr.0000.scheduling.0          : MainThread     : DEBUG   : advance bulk size: 0 [False, True]
2018-03-29 03:45:50,336: umgr.0000.scheduling.0.child: umgr.0000.scheduling.0          : MainThread     : DEBUG   : advance bulk size: 1 [True, True]
2018-03-29 03:45:50,336: umgr.0000.scheduling.0.child: umgr.0000.scheduling.0          : MainThread     : DEBUG   : put bulk UMGR_STAGING_INPUT_PENDING: 1
2018-03-29 03:45:50,337: umgr.0000.scheduling.0.child: umgr.0000.scheduling.0          : umgr.0000.scheduling.0.child.subscriber._base_state_cb: INFO    : scheduler state_cb: update
2018-03-29 03:45:50,337: umgr.0000.scheduling.0.child: umgr.0000.scheduling.0          : umgr.0000.scheduling.0.child.subscriber._base_state_cb: DEBUG   : update pilots []
2018-03-29 03:45:50,337: umgr.0000.scheduling.0.child: umgr.0000.scheduling.0          : umgr.0000.scheduling.0.child.subscriber._base_state_cb: DEBUG   : update units  ['unit.000000']
2018-03-29 03:45:50,338: umgr.0000.scheduling.0.child: umgr.0000.scheduling.0          : umgr.0000.scheduling.0.child.subscriber._base_state_cb: DEBUG   : update pilot states for []
2018-03-29 03:45:50,338: umgr.0000.scheduling.0.child: umgr.0000.scheduling.0          : umgr.0000.scheduling.0.child.subscriber._base_state_cb: INFO    : scheduler state_cb: update
2018-03-29 03:45:50,338: umgr.0000.scheduling.0.child: umgr.0000.scheduling.0          : umgr.0000.scheduling.0.child.subscriber._base_state_cb: DEBUG   : update pilots []
2018-03-29 03:45:50,338: umgr.0000.scheduling.0.child: umgr.0000.scheduling.0          : umgr.0000.scheduling.0.child.subscriber._base_state_cb: DEBUG   : update units  []
2018-03-29 03:45:50,338: umgr.0000.scheduling.0.child: umgr.0000.scheduling.0          : umgr.0000.scheduling.0.child.subscriber._base_state_cb: DEBUG   : update pilot states for []
2018-03-29 03:45:50,338: umgr.0000.scheduling.0.child: umgr.0000.scheduling.0          : umgr.0000.scheduling.0.child.subscriber._base_state_cb: INFO    : scheduler state_cb: update
2018-03-29 03:45:50,339: umgr.0000.scheduling.0.child: umgr.0000.scheduling.0          : umgr.0000.scheduling.0.child.subscriber._base_state_cb: DEBUG   : update pilots []
2018-03-29 03:45:50,339: umgr.0000.scheduling.0.child: umgr.0000.scheduling.0          : umgr.0000.scheduling.0.child.subscriber._base_state_cb: DEBUG   : update units  ['unit.000000']
2018-03-29 03:45:50,339: umgr.0000.scheduling.0.child: umgr.0000.scheduling.0          : umgr.0000.scheduling.0.child.subscriber._base_state_cb: DEBUG   : update pilot states for []
2018-03-29 03:45:50,340: umgr.0000.scheduling.0.child: umgr.0000.scheduling.0          : umgr.0000.scheduling.0.child.subscriber._base_state_cb: INFO    : scheduler state_cb: update
2018-03-29 03:45:50,340: umgr.0000.scheduling.0.child: umgr.0000.scheduling.0          : umgr.0000.scheduling.0.child.subscriber._base_state_cb: DEBUG   : update pilots []
2018-03-29 03:45:50,340: umgr.0000.scheduling.0.child: umgr.0000.scheduling.0          : umgr.0000.scheduling.0.child.subscriber._base_state_cb: DEBUG   : update units  ['unit.000000']
2018-03-29 03:45:50,340: umgr.0000.scheduling.0.child: umgr.0000.scheduling.0          : umgr.0000.scheduling.0.child.subscriber._base_state_cb: DEBUG   : update pilot states for []
2018-03-29 03:45:50,342: umgr.0000.scheduling.0.child: umgr.0000.scheduling.0          : umgr.0000.scheduling.0.child.subscriber._base_state_cb: INFO    : scheduler state_cb: update
2018-03-29 03:45:50,342: umgr.0000.scheduling.0.child: umgr.0000.scheduling.0          : umgr.0000.scheduling.0.child.subscriber._base_state_cb: DEBUG   : update pilots []
2018-03-29 03:45:50,342: umgr.0000.scheduling.0.child: umgr.0000.scheduling.0          : umgr.0000.scheduling.0.child.subscriber._base_state_cb: DEBUG   : update units  ['unit.000000']
2018-03-29 03:45:50,342: umgr.0000.scheduling.0.child: umgr.0000.scheduling.0          : umgr.0000.scheduling.0.child.subscriber._base_state_cb: DEBUG   : update pilot states for []
2018-03-29 03:46:05,526: umgr.0000.scheduling.0.child: umgr.0000.scheduling.0          : umgr.0000.scheduling.0.child.subscriber._base_state_cb: INFO    : scheduler state_cb: update
2018-03-29 03:46:05,527: umgr.0000.scheduling.0.child: umgr.0000.scheduling.0          : umgr.0000.scheduling.0.child.subscriber._base_state_cb: DEBUG   : update pilots ['pilot.0000']
2018-03-29 03:46:05,527: umgr.0000.scheduling.0.child: umgr.0000.scheduling.0          : umgr.0000.scheduling.0.child.subscriber._base_state_cb: DEBUG   : update units  []
2018-03-29 03:46:05,527: umgr.0000.scheduling.0.child: umgr.0000.scheduling.0          : umgr.0000.scheduling.0.child.subscriber._base_state_cb: DEBUG   : update pilot states for ['pilot.0000']
2018-03-29 03:46:05,527: umgr.0000.scheduling.0.child: umgr.0000.scheduling.0          : umgr.0000.scheduling.0.child.subscriber._base_state_cb: DEBUG   : update pilot state: PMGR_LAUNCHING -> ['PMGR_ACTIVE_PENDING']
2018-03-29 03:46:51,942: umgr.0000.scheduling.0.child: umgr.0000.scheduling.0          : umgr.0000.scheduling.0.child.subscriber._base_state_cb: INFO    : scheduler state_cb: update
2018-03-29 03:46:51,942: umgr.0000.scheduling.0.child: umgr.0000.scheduling.0          : umgr.0000.scheduling.0.child.subscriber._base_state_cb: DEBUG   : update pilots ['pilot.0000']
2018-03-29 03:46:51,942: umgr.0000.scheduling.0.child: umgr.0000.scheduling.0          : umgr.0000.scheduling.0.child.subscriber._base_state_cb: DEBUG   : update units  []
2018-03-29 03:46:51,943: umgr.0000.scheduling.0.child: umgr.0000.scheduling.0          : umgr.0000.scheduling.0.child.subscriber._base_state_cb: DEBUG   : update pilot states for ['pilot.0000']
2018-03-29 03:46:51,943: umgr.0000.scheduling.0.child: umgr.0000.scheduling.0          : umgr.0000.scheduling.0.child.subscriber._base_state_cb: DEBUG   : update pilot state: PMGR_ACTIVE_PENDING -> ['PMGR_ACTIVE']
2018-03-29 03:58:52,512: umgr.0000.scheduling.0.child: umgr.0000.scheduling.0          : umgr.0000.scheduling.0.child.subscriber._base_state_cb: INFO    : scheduler state_cb: update
2018-03-29 03:58:52,512: umgr.0000.scheduling.0.child: umgr.0000.scheduling.0          : umgr.0000.scheduling.0.child.subscriber._base_state_cb: DEBUG   : update pilots []
2018-03-29 03:58:52,512: umgr.0000.scheduling.0.child: umgr.0000.scheduling.0          : umgr.0000.scheduling.0.child.subscriber._base_state_cb: DEBUG   : update units  ['unit.000000']
2018-03-29 03:58:52,512: umgr.0000.scheduling.0.child: umgr.0000.scheduling.0          : umgr.0000.scheduling.0.child.subscriber._base_state_cb: DEBUG   : update pilot states for []
2018-03-29 03:58:52,516: umgr.0000.scheduling.0.child: umgr.0000.scheduling.0          : umgr.0000.scheduling.0.child.subscriber._base_state_cb: INFO    : scheduler state_cb: update
2018-03-29 03:58:52,516: umgr.0000.scheduling.0.child: umgr.0000.scheduling.0          : umgr.0000.scheduling.0.child.subscriber._base_state_cb: DEBUG   : update pilots []
2018-03-29 03:58:52,516: umgr.0000.scheduling.0.child: umgr.0000.scheduling.0          : umgr.0000.scheduling.0.child.subscriber._base_state_cb: DEBUG   : update units  ['unit.000000']
2018-03-29 03:58:52,517: umgr.0000.scheduling.0.child: umgr.0000.scheduling.0          : umgr.0000.scheduling.0.child.subscriber._base_state_cb: DEBUG   : update pilot states for []
2018-03-29 03:58:52,518: umgr.0000.scheduling.0.child: umgr.0000.scheduling.0          : umgr.0000.scheduling.0.child.subscriber._base_state_cb: INFO    : scheduler state_cb: update
2018-03-29 03:58:52,518: umgr.0000.scheduling.0.child: umgr.0000.scheduling.0          : umgr.0000.scheduling.0.child.subscriber._base_state_cb: DEBUG   : update pilots []
2018-03-29 03:58:52,518: umgr.0000.scheduling.0.child: umgr.0000.scheduling.0          : umgr.0000.scheduling.0.child.subscriber._base_state_cb: DEBUG   : update units  ['unit.000000']
2018-03-29 03:58:52,518: umgr.0000.scheduling.0.child: umgr.0000.scheduling.0          : umgr.0000.scheduling.0.child.subscriber._base_state_cb: DEBUG   : update pilot states for []
2018-03-29 03:58:53,704: umgr.0000.scheduling.0.child: umgr.0000.scheduling.0          : umgr.0000.scheduling.0.child.watch: INFO    : recv message: STOP
2018-03-29 03:58:53,704: umgr.0000.scheduling.0.child: umgr.0000.scheduling.0          : umgr.0000.scheduling.0.child.watch: INFO    : message received: STOP
2018-03-29 03:58:53,704: umgr.0000.scheduling.0.child: umgr.0000.scheduling.0          : umgr.0000.scheduling.0.child.watch: INFO    : STOP received: STOP
2018-03-29 03:58:53,704: umgr.0000.scheduling.0.child: umgr.0000.scheduling.0          : umgr.0000.scheduling.0.child.watch: INFO    : watcher closes
2018-03-29 03:58:53,705: umgr.0000.scheduling.0.child: umgr.0000.scheduling.0          : umgr.0000.scheduling.0.child.watch: INFO    : put message: [umgr.0000.scheduling.0.child.watch.thread] work finished
2018-03-29 03:58:53,705: umgr.0000.scheduling.0.child: umgr.0000.scheduling.0          : umgr.0000.scheduling.0.child.watch: DEBUG   : ru_finalize_child (NOOP)
2018-03-29 03:58:53,705: umgr.0000.scheduling.0.child: umgr.0000.scheduling.0          : umgr.0000.scheduling.0.child.watch: DEBUG   : ru_finalize_common (NOOP)
2018-03-29 03:58:53,705: umgr.0000.scheduling.0.child: umgr.0000.scheduling.0          : umgr.0000.scheduling.0.child.watch: INFO    : put message: [umgr.0000.scheduling.0.child.watch.thread] terminating
2018-03-29 03:58:54,193: umgr.0000.scheduling.0.child: umgr.0000.scheduling.0          : MainThread     : INFO    : finalize_child
2018-03-29 03:58:54,193: umgr.0000.scheduling.0.child: umgr.0000.scheduling.0          : MainThread     : WARNING : alive check: proc invalid - stop [False - True]
2018-03-29 03:58:54,228: umgr.0000.scheduling.0.child: umgr.0000.scheduling.0          : MainThread     : INFO    : stop umgr.0000.scheduling.0.child (27839 : 27839 : MainThread) [radical.utils.process.RoundRobin.is_valid]
2018-03-29 03:58:54,270: umgr.0000.scheduling.0.child: umgr.0000.scheduling.0          : MainThread     : INFO    : parent stops child  27839 -> 27839 [umgr.0000.scheduling.0.child]
2018-03-29 03:58:54,270: umgr.0000.scheduling.0.child: umgr.0000.scheduling.0          : MainThread     : INFO    : send message: [umgr.0000.scheduling.0.child] STOP
2018-03-29 03:58:54,271: umgr.0000.scheduling.0.child: umgr.0000.scheduling.0          : MainThread     : WARNING : send failed ([Errno 9] Bad file descriptor) - terminate
2018-03-29 03:58:54,271: umgr.0000.scheduling.0.child: umgr.0000.scheduling.0          : MainThread     : INFO    : finalize_child
2018-03-29 03:58:54,271: umgr.0000.scheduling.0.child: umgr.0000.scheduling.0          : MainThread     : DEBUG   : TERM : umgr.0000.scheduling.0.child unregister subscriber umgr.0000.scheduling.0.child.subscriber._base_command_cb
2018-03-29 03:58:54,271: umgr.0000.scheduling.0.child: umgr.0000.scheduling.0          : MainThread     : DEBUG   : unregistered subscriber umgr.0000.scheduling.0.child.subscriber._base_command_cb
2018-03-29 03:58:54,271: umgr.0000.scheduling.0.child: umgr.0000.scheduling.0          : MainThread     : DEBUG   : TERM : umgr.0000.scheduling.0.child unregister subscriber umgr.0000.scheduling.0.child.subscriber._base_state_cb
2018-03-29 03:58:54,271: umgr.0000.scheduling.0.child: umgr.0000.scheduling.0          : MainThread     : DEBUG   : unregistered subscriber umgr.0000.scheduling.0.child.subscriber._base_state_cb
2018-03-29 03:58:54,271: umgr.0000.scheduling.0.child: umgr.0000.scheduling.0          : MainThread     : DEBUG   : TERM : umgr.0000.scheduling.0.child unregister output UMGR_STAGING_INPUT_PENDING
2018-03-29 03:58:54,271: umgr.0000.scheduling.0.child: umgr.0000.scheduling.0          : MainThread     : WARNING : input UMGR_STAGING_INPUT_PENDING is not registered
2018-03-29 03:58:54,271: umgr.0000.scheduling.0.child: umgr.0000.scheduling.0          : MainThread     : WARNING : input umgr.0000.scheduling.0.child.work.UMGR_SCHEDULING_PENDING not registered
2018-03-29 03:58:54,272: umgr.0000.scheduling.0.child: umgr.0000.scheduling.0          : MainThread     : INFO    : finalize_child done
2018-03-29 03:58:54,272: umgr.0000.scheduling.0.child: umgr.0000.scheduling.0          : MainThread     : DEBUG   : ru_finalize_common()
2018-03-29 03:58:54,272: umgr.0000.scheduling.0.child: umgr.0000.scheduling.0          : MainThread     : DEBUG   : TERM : umgr.0000.scheduling.0.child unregister publisher log_pubsub
2018-03-29 03:58:54,273: umgr.0000.scheduling.0.child: umgr.0000.scheduling.0          : MainThread     : DEBUG   : unregistered publisher log_pubsub
2018-03-29 03:58:54,273: umgr.0000.scheduling.0.child: umgr.0000.scheduling.0          : MainThread     : DEBUG   : TERM : umgr.0000.scheduling.0.child unregister publisher state_pubsub
2018-03-29 03:58:54,274: umgr.0000.scheduling.0.child: umgr.0000.scheduling.0          : MainThread     : DEBUG   : unregistered publisher state_pubsub
2018-03-29 03:58:54,274: umgr.0000.scheduling.0.child: umgr.0000.scheduling.0          : MainThread     : DEBUG   : TERM : umgr.0000.scheduling.0.child unregister publisher control_pubsub
2018-03-29 03:58:54,275: umgr.0000.scheduling.0.child: umgr.0000.scheduling.0          : MainThread     : DEBUG   : unregistered publisher control_pubsub
2018-03-29 03:58:54,275: umgr.0000.scheduling.0.child: umgr.0000.scheduling.0          : MainThread     : DEBUG   : umgr.0000.scheduling.0.child close prof
2018-03-29 03:58:54,312: umgr.0000.scheduling.0.child: umgr.0000.scheduling.0          : MainThread     : INFO    : parent stops child
2018-03-29 03:58:54,312: umgr.0000.scheduling.0.child: umgr.0000.scheduling.0          : MainThread     : DEBUG   : ru_finalize_parent (NOOP)
2018-03-29 03:58:54,312: umgr.0000.scheduling.0.child: umgr.0000.scheduling.0          : MainThread     : DEBUG   : ru_finalize_common (NOOP)
2018-03-29 03:58:54,313: umgr.0000.scheduling.0.child: umgr.0000.scheduling.0          : MainThread     : INFO    : parent stops child
2018-03-29 03:58:54,313: umgr.0000.scheduling.0.child: umgr.0000.scheduling.0          : MainThread     : DEBUG   : ru_finalize_parent (NOOP)
2018-03-29 03:58:54,313: umgr.0000.scheduling.0.child: umgr.0000.scheduling.0          : umgr.0000.scheduling.0.child.subscriber._base_state_cb: DEBUG   : ru_finalize_child (NOOP)
2018-03-29 03:58:54,313: umgr.0000.scheduling.0.child: umgr.0000.scheduling.0          : umgr.0000.scheduling.0.child.subscriber._base_state_cb: INFO    : put message: [umgr.0000.scheduling.0.child.subscriber._base_state_cb.thread] terminating
2018-03-29 03:58:54,314: umgr.0000.scheduling.0.child: umgr.0000.scheduling.0          : MainThread     : INFO    : parent stops child
2018-03-29 03:58:54,314: umgr.0000.scheduling.0.child: umgr.0000.scheduling.0          : MainThread     : DEBUG   : ru_finalize_parent (NOOP)
2018-03-29 03:58:54,314: umgr.0000.scheduling.0.child: umgr.0000.scheduling.0          : umgr.0000.scheduling.0.child.subscriber._base_command_cb: DEBUG   : ru_finalize_child (NOOP)
2018-03-29 03:58:54,314: umgr.0000.scheduling.0.child: umgr.0000.scheduling.0          : umgr.0000.scheduling.0.child.subscriber._base_command_cb: INFO    : put message: [umgr.0000.scheduling.0.child.subscriber._base_command_cb.thread] terminating
2018-03-29 03:58:54,315: umgr.0000.scheduling.0.child: umgr.0000.scheduling.0          : MainThread     : INFO    : parent stops child
2018-03-29 03:58:54,315: umgr.0000.scheduling.0.child: umgr.0000.scheduling.0          : MainThread     : DEBUG   : ru_finalize_parent (NOOP)
2018-03-29 03:58:54,315: umgr.0000.scheduling.0.child: umgr.0000.scheduling.0          : umgr.0000.scheduling.0.child.subscriber._cancel_monitor_cb: DEBUG   : ru_finalize_child (NOOP)
2018-03-29 03:58:54,316: umgr.0000.scheduling.0.child: umgr.0000.scheduling.0          : umgr.0000.scheduling.0.child.subscriber._cancel_monitor_cb: INFO    : put message: [umgr.0000.scheduling.0.child.subscriber._cancel_monitor_cb.thread] terminating
2018-03-29 03:58:54,317: umgr.0000.scheduling.0.child: umgr.0000.scheduling.0          : MainThread     : WARNING : super umgr.0000.scheduling.0.child is invalid
2018-03-29 03:58:54,317: umgr.0000.scheduling.0.child: umgr.0000.scheduling.0          : MainThread     : WARNING : component umgr.0000.scheduling.0.child is invalid
2018-03-29 03:58:54,318: umgr.0000.scheduling.0.child: umgr.0000.scheduling.0          : MainThread     : INFO    : stop umgr.0000.scheduling.0.child (27839 : 27839 : MainThread) [radical.pilot.utils.component.RoundRobin.is_valid]
2018-03-29 03:58:54,318: umgr.0000.scheduling.0.child: umgr.0000.scheduling.0          : MainThread     : DEBUG   : TERM : umgr.0000.scheduling.0.child unregister subscriber umgr.0000.scheduling.0.child.subscriber._base_command_cb
2018-03-29 03:58:54,319: umgr.0000.scheduling.0.child: umgr.0000.scheduling.0          : MainThread     : WARNING : subscriber _base_command_cb is not registered
2018-03-29 03:58:54,319: umgr.0000.scheduling.0.child: umgr.0000.scheduling.0          : MainThread     : DEBUG   : TERM : umgr.0000.scheduling.0.child unregister subscriber umgr.0000.scheduling.0.child.subscriber._base_state_cb
2018-03-29 03:58:54,319: umgr.0000.scheduling.0.child: umgr.0000.scheduling.0          : MainThread     : WARNING : subscriber _base_state_cb is not registered
2018-03-29 03:58:54,319: umgr.0000.scheduling.0.child: umgr.0000.scheduling.0          : MainThread     : DEBUG   : TERM : umgr.0000.scheduling.0.child unregister output UMGR_STAGING_INPUT_PENDING
2018-03-29 03:58:54,319: umgr.0000.scheduling.0.child: umgr.0000.scheduling.0          : MainThread     : WARNING : input UMGR_STAGING_INPUT_PENDING is not registered
2018-03-29 03:58:54,319: umgr.0000.scheduling.0.child: umgr.0000.scheduling.0          : MainThread     : WARNING : input umgr.0000.scheduling.0.child.work.UMGR_SCHEDULING_PENDING not registered
2018-03-29 03:58:54,319: umgr.0000.scheduling.0.child: umgr.0000.scheduling.0          : MainThread     : INFO    : finalize_child done
2018-03-29 03:58:54,319: umgr.0000.scheduling.0.child: umgr.0000.scheduling.0          : MainThread     : DEBUG   : ru_finalize_common()
2018-03-29 03:58:54,319: umgr.0000.scheduling.0.child: umgr.0000.scheduling.0          : MainThread     : WARNING : publisher log_pubsub is not registered
2018-03-29 03:58:54,319: umgr.0000.scheduling.0.child: umgr.0000.scheduling.0          : MainThread     : WARNING : publisher state_pubsub is not registered
2018-03-29 03:58:54,320: umgr.0000.scheduling.0.child: umgr.0000.scheduling.0          : MainThread     : WARNING : publisher control_pubsub is not registered
2018-03-29 03:58:54,320: umgr.0000.scheduling.0.child: umgr.0000.scheduling.0          : MainThread     : DEBUG   : umgr.0000.scheduling.0.child close prof
2018-03-29 03:58:54,320: umgr.0000.scheduling.0.child: umgr.0000.scheduling.0          : MainThread     : INFO    : send message: [umgr.0000.scheduling.0.child] terminating
2018-03-29 03:58:54,320: umgr.0000.scheduling.0.child: umgr.0000.scheduling.0          : MainThread     : WARNING : send failed ([Errno 9] Bad file descriptor) - terminate
2018-03-29 03:58:54,320: umgr.0000.scheduling.0.child: umgr.0000.scheduling.0          : MainThread     : INFO    : parent stops child
2018-03-29 03:58:54,320: umgr.0000.scheduling.0.child: umgr.0000.scheduling.0          : MainThread     : INFO    : parent stops child
2018-03-29 03:58:54,320: umgr.0000.scheduling.0.child: umgr.0000.scheduling.0          : MainThread     : INFO    : parent stops child
