2018-03-27 10:33:31,012: state.pubsub.pub.0003: update.0                        : MainThread     : INFO    : python.interpreter   version: 2.7.7 |Continuum Analytics, Inc.| (default, Jun 2 2014, 12:34:02) [GCC 4.1.2 20080704 (Red Hat 4.1.2-54)]
2018-03-27 10:33:31,016: state.pubsub.pub.0003: update.0                        : MainThread     : INFO    :                      pid: 6154
2018-03-27 10:33:31,016: state.pubsub.pub.0003: update.0                        : MainThread     : INFO    :                      tid: MainThread
2018-03-27 10:33:31,016: state.pubsub.pub.0003: update.0                        : MainThread     : INFO    : radical.pilot        version: 0.47-0.47-14-gb1dff8bd@devel
2018-03-27 10:33:31,017: state.pubsub.pub.0003: update.0                        : MainThread     : INFO    : create state_pubsub - pub - tcp://204.90.41.68:39237
2018-03-27 10:33:31,017: state.pubsub.pub.0003: update.0                        : MainThread     : DEBUG   : start process
2018-03-27 10:33:31,017: state.pubsub.pub.0003: update.0                        : MainThread     : DEBUG   : ru_initialize_common (NOOP)
2018-03-27 10:33:31,017: state.pubsub.pub.0003: update.0                        : MainThread     : DEBUG   : ru_initialize_parent (NOOP)
2018-03-27 10:33:31,017: state.pubsub.pub.0003: update.0                        : MainThread     : DEBUG   : process class started (no child)
2018-03-27 10:33:31,418: state.pubsub.pub.0003: MainProcess                     : MainThread     : INFO    : python.interpreter   version: 2.7.7 |Continuum Analytics, Inc.| (default, Jun 2 2014, 12:34:02) [GCC 4.1.2 20080704 (Red Hat 4.1.2-54)]
2018-03-27 10:33:31,421: state.pubsub.pub.0003: MainProcess                     : MainThread     : INFO    :                      pid: 5959
2018-03-27 10:33:31,421: state.pubsub.pub.0003: MainProcess                     : MainThread     : INFO    :                      tid: MainThread
2018-03-27 10:33:31,421: state.pubsub.pub.0003: MainProcess                     : MainThread     : INFO    : radical.pilot        version: 0.47-0.47-14-gb1dff8bd@devel
2018-03-27 10:33:31,421: state.pubsub.pub.0003: MainProcess                     : MainThread     : INFO    : create state_pubsub - pub - tcp://204.90.41.68:39237
2018-03-27 10:33:31,421: state.pubsub.pub.0003: MainProcess                     : MainThread     : DEBUG   : start process
2018-03-27 10:33:31,422: state.pubsub.pub.0003: MainProcess                     : MainThread     : DEBUG   : ru_initialize_common (NOOP)
2018-03-27 10:33:31,422: state.pubsub.pub.0003: MainProcess                     : MainThread     : DEBUG   : ru_initialize_parent (NOOP)
2018-03-27 10:33:31,422: state.pubsub.pub.0003: MainProcess                     : MainThread     : DEBUG   : process class started (no child)
2018-03-27 10:46:33,952: state.pubsub.pub.0003: update.0                        : update.0.child.subscriber._cancel_monitor_cb: INFO    : parent stops child  6154 -> None [state.pubsub.pub.0003]
2018-03-27 10:46:33,952: state.pubsub.pub.0003: update.0                        : update.0.child.subscriber._cancel_monitor_cb: DEBUG   : ru_finalize_parent (NOOP)
2018-03-27 10:46:35,052: state.pubsub.pub.0003: MainProcess                     : MainThread     : INFO    : parent stops child  5959 -> None [state.pubsub.pub.0003]
2018-03-27 10:46:35,052: state.pubsub.pub.0003: MainProcess                     : MainThread     : DEBUG   : ru_finalize_parent (NOOP)
