2018-03-27 17:32:11,216: control.pubsub.pub.0000: update.0                        : MainThread     : INFO    : python.interpreter   version: 2.7.14 (default, Sep 23 2017, 22:06:14) [GCC 7.2.0]
2018-03-27 17:32:11,216: control.pubsub.pub.0000: update.0                        : MainThread     : INFO    :                      pid: 11784
2018-03-27 17:32:11,217: control.pubsub.pub.0000: update.0                        : MainThread     : INFO    :                      tid: MainThread
2018-03-27 17:32:11,217: control.pubsub.pub.0000: update.0                        : MainThread     : INFO    : radical.pilot        version: 0.47-0.47-14-gb1dff8bd@devel
2018-03-27 17:32:11,217: control.pubsub.pub.0000: update.0                        : MainThread     : INFO    : create control_pubsub - pub - tcp://144.76.72.175:41139
2018-03-27 17:32:11,217: control.pubsub.pub.0000: update.0                        : MainThread     : DEBUG   : start process
2018-03-27 17:32:11,218: control.pubsub.pub.0000: update.0                        : MainThread     : DEBUG   : ru_initialize_common (NOOP)
2018-03-27 17:32:11,218: control.pubsub.pub.0000: update.0                        : MainThread     : DEBUG   : ru_initialize_parent (NOOP)
2018-03-27 17:32:11,218: control.pubsub.pub.0000: update.0                        : MainThread     : DEBUG   : process class started (no child)
2018-03-27 17:32:11,787: control.pubsub.pub.0000: MainProcess                     : MainThread     : INFO    : python.interpreter   version: 2.7.14 (default, Sep 23 2017, 22:06:14) [GCC 7.2.0]
2018-03-27 17:32:11,787: control.pubsub.pub.0000: MainProcess                     : MainThread     : INFO    :                      pid: 11747
2018-03-27 17:32:11,787: control.pubsub.pub.0000: MainProcess                     : MainThread     : INFO    :                      tid: MainThread
2018-03-27 17:32:11,787: control.pubsub.pub.0000: MainProcess                     : MainThread     : INFO    : radical.pilot        version: 0.47-0.47-14-gb1dff8bd@devel
2018-03-27 17:32:11,787: control.pubsub.pub.0000: MainProcess                     : MainThread     : INFO    : create control_pubsub - pub - tcp://144.76.72.175:41139
2018-03-27 17:32:11,788: control.pubsub.pub.0000: MainProcess                     : MainThread     : DEBUG   : start process
2018-03-27 17:32:11,788: control.pubsub.pub.0000: MainProcess                     : MainThread     : DEBUG   : ru_initialize_common (NOOP)
2018-03-27 17:32:11,788: control.pubsub.pub.0000: MainProcess                     : MainThread     : DEBUG   : ru_initialize_parent (NOOP)
2018-03-27 17:32:11,788: control.pubsub.pub.0000: MainProcess                     : MainThread     : DEBUG   : process class started (no child)
2018-03-27 17:46:34,748: control.pubsub.pub.0000: MainProcess                     : MainThread     : INFO    : parent stops child  11747 -> None [control.pubsub.pub.0000]
2018-03-27 17:46:34,748: control.pubsub.pub.0000: MainProcess                     : MainThread     : DEBUG   : ru_finalize_parent (NOOP)
2018-03-27 17:46:34,888: control.pubsub.pub.0000: update.0                        : MainThread     : INFO    : parent stops child  11784 -> None [control.pubsub.pub.0000]
2018-03-27 17:46:34,888: control.pubsub.pub.0000: update.0                        : MainThread     : DEBUG   : ru_finalize_parent (NOOP)
