2018-04-03 19:38:42,996: state.pubsub.sub.0000: update.0                        : MainThread     : INFO    : python.interpreter   version: 2.7.14 (default, Sep 23 2017, 22:06:14) [GCC 7.2.0]
2018-04-03 19:38:42,996: state.pubsub.sub.0000: update.0                        : MainThread     : INFO    :                      pid: 25773
2018-04-03 19:38:42,996: state.pubsub.sub.0000: update.0                        : MainThread     : INFO    :                      tid: MainThread
2018-04-03 19:38:42,996: state.pubsub.sub.0000: update.0                        : MainThread     : INFO    : radical.pilot        version: 0.47-0.47-14-gb1dff8bd@devel
2018-04-03 19:38:42,996: state.pubsub.sub.0000: update.0                        : MainThread     : INFO    : create state_pubsub - sub - tcp://144.76.72.175:44265
2018-04-03 19:38:42,997: state.pubsub.sub.0000: update.0                        : MainThread     : DEBUG   : start process
2018-04-03 19:38:42,997: state.pubsub.sub.0000: update.0                        : MainThread     : DEBUG   : ru_initialize_common (NOOP)
2018-04-03 19:38:42,997: state.pubsub.sub.0000: update.0                        : MainThread     : DEBUG   : ru_initialize_parent (NOOP)
2018-04-03 19:38:42,997: state.pubsub.sub.0000: update.0                        : MainThread     : DEBUG   : process class started (no child)
2018-04-03 19:38:45,158: state.pubsub.sub.0000: MainProcess                     : MainThread     : INFO    : python.interpreter   version: 2.7.14 (default, Sep 23 2017, 22:06:14) [GCC 7.2.0]
2018-04-03 19:38:45,158: state.pubsub.sub.0000: MainProcess                     : MainThread     : INFO    :                      pid: 25744
2018-04-03 19:38:45,158: state.pubsub.sub.0000: MainProcess                     : MainThread     : INFO    :                      tid: MainThread
2018-04-03 19:38:45,158: state.pubsub.sub.0000: MainProcess                     : MainThread     : INFO    : radical.pilot        version: 0.47-0.47-14-gb1dff8bd@devel
2018-04-03 19:38:45,158: state.pubsub.sub.0000: MainProcess                     : MainThread     : INFO    : create state_pubsub - sub - tcp://144.76.72.175:44265
2018-04-03 19:38:45,159: state.pubsub.sub.0000: MainProcess                     : MainThread     : DEBUG   : start process
2018-04-03 19:38:45,159: state.pubsub.sub.0000: MainProcess                     : MainThread     : DEBUG   : ru_initialize_common (NOOP)
2018-04-03 19:38:45,159: state.pubsub.sub.0000: MainProcess                     : MainThread     : DEBUG   : ru_initialize_parent (NOOP)
2018-04-03 19:38:45,159: state.pubsub.sub.0000: MainProcess                     : MainThread     : DEBUG   : process class started (no child)
2018-04-03 20:05:27,026: state.pubsub.sub.0000: MainProcess                     : MainThread     : INFO    : parent stops child  25744 -> None [state.pubsub.sub.0000]
2018-04-03 20:05:27,027: state.pubsub.sub.0000: MainProcess                     : MainThread     : DEBUG   : ru_finalize_parent (NOOP)
2018-04-03 20:05:27,276: state.pubsub.sub.0000: update.0                        : MainThread     : INFO    : parent stops child  25773 -> None [state.pubsub.sub.0000]
2018-04-03 20:05:27,276: state.pubsub.sub.0000: update.0                        : MainThread     : DEBUG   : ru_finalize_parent (NOOP)
