2018-04-04 00:58:38,857: pmgr.0000.launching.0: MainProcess                     : MainThread     : INFO    : python.interpreter   version: 2.7.14 (default, Sep 23 2017, 22:06:14) [GCC 7.2.0]
2018-04-04 00:58:38,858: pmgr.0000.launching.0: MainProcess                     : MainThread     : INFO    :                      pid: 9618
2018-04-04 00:58:38,858: pmgr.0000.launching.0: MainProcess                     : MainThread     : INFO    :                      tid: MainThread
2018-04-04 00:58:38,858: pmgr.0000.launching.0: MainProcess                     : MainThread     : INFO    : radical.pilot        version: 0.47-0.47-14-gb1dff8bd@devel
2018-04-04 00:58:38,858: pmgr.0000.launching.0: MainProcess                     : MainThread     : DEBUG   : alive check in term
2018-04-04 00:58:38,858: pmgr.0000.launching.0: MainProcess                     : MainThread     : DEBUG   : start process
2018-04-04 00:58:38,915: pmgr.0000.launching.0: MainProcess                     : MainThread     : INFO    : recv message: alive
2018-04-04 00:58:38,915: pmgr.0000.launching.0: MainProcess                     : MainThread     : INFO    : initialize pmgr.0000.launching.0
2018-04-04 00:58:38,917: pmgr.0000.launching.0: MainProcess                     : MainThread     : INFO    : cfg: {'agents': {},
 u'bridges': {u'control_pubsub': {'addr_in': 'tcp://144.76.72.175:43303',
                                  'addr_out': 'tcp://144.76.72.175:33629',
                                  u'bulk_size': 0,
                                  u'log_level': u'debug',
                                  u'stall_hwm': 1},
              u'log_pubsub': {'addr_in': 'tcp://144.76.72.175:39527',
                              'addr_out': 'tcp://144.76.72.175:38445',
                              u'bulk_size': 0,
                              u'log_level': u'debug',
                              u'stall_hwm': 1},
              u'pmgr_launching_queue': {'addr_in': 'tcp://144.76.72.175:37619',
                                        'addr_out': 'tcp://144.76.72.175:36263',
                                        u'bulk_size': 0,
                                        u'log_level': u'debug',
                                        u'stall_hwm': 1},
              u'state_pubsub': {'addr_in': 'tcp://144.76.72.175:36271',
                                'addr_out': 'tcp://144.76.72.175:45905',
                                u'bulk_size': 0,
                                u'log_level': u'debug',
                                u'stall_hwm': 1}},
 'cname': u'PMGRLaunchingComponent',
 u'components': {},
 u'count': 1,
 u'db_poll_sleeptime': 1.0,
 'number': 0,
 'owner': 'pmgr.0000',
 'uid': 'pmgr.0000'}
2018-04-04 00:58:38,917: pmgr.0000.launching.0: MainProcess                     : MainThread     : DEBUG   : alive check in term
2018-04-04 00:58:38,917: pmgr.0000.launching.0: MainProcess                     : MainThread     : DEBUG   : START: pmgr.0000.launching.0 register publisher log_pubsub
2018-04-04 00:58:38,917: pmgr.0000.launching.0: MainProcess                     : MainThread     : DEBUG   : using addr tcp://144.76.72.175:39527 for pubsub log_pubsub
2018-04-04 00:58:38,920: pmgr.0000.launching.0: MainProcess                     : MainThread     : DEBUG   : registered publisher : log_pubsub : log.pubsub.pub.0001
2018-04-04 00:58:38,920: pmgr.0000.launching.0: MainProcess                     : MainThread     : DEBUG   : alive check in term
2018-04-04 00:58:38,920: pmgr.0000.launching.0: MainProcess                     : MainThread     : DEBUG   : START: pmgr.0000.launching.0 register publisher state_pubsub
2018-04-04 00:58:38,920: pmgr.0000.launching.0: MainProcess                     : MainThread     : DEBUG   : using addr tcp://144.76.72.175:36271 for pubsub state_pubsub
2018-04-04 00:58:38,923: pmgr.0000.launching.0: MainProcess                     : MainThread     : DEBUG   : registered publisher : state_pubsub : state.pubsub.pub.0001
2018-04-04 00:58:38,923: pmgr.0000.launching.0: MainProcess                     : MainThread     : DEBUG   : alive check in term
2018-04-04 00:58:38,923: pmgr.0000.launching.0: MainProcess                     : MainThread     : DEBUG   : START: pmgr.0000.launching.0 register publisher control_pubsub
2018-04-04 00:58:38,923: pmgr.0000.launching.0: MainProcess                     : MainThread     : DEBUG   : using addr tcp://144.76.72.175:43303 for pubsub control_pubsub
2018-04-04 00:58:38,924: pmgr.0000.launching.0: MainProcess                     : MainThread     : DEBUG   : registered publisher : control_pubsub : control.pubsub.pub.0001
2018-04-04 00:58:38,924: pmgr.0000.launching.0: MainProcess                     : MainThread     : DEBUG   : parent name: pmgr.0000.launching.0.watch
2018-04-04 00:58:38,924: pmgr.0000.launching.0: MainProcess                     : MainThread     : DEBUG   : start thread
2018-04-04 00:58:38,925: pmgr.0000.launching.0: MainProcess                     : pmgr.0000.launching.0.watch: DEBUG   : child name: pmgr.0000.launching.0.watch.thread
2018-04-04 00:58:38,925: pmgr.0000.launching.0: MainProcess                     : pmgr.0000.launching.0.watch: INFO    : child (me) initializing
2018-04-04 00:58:38,925: pmgr.0000.launching.0: MainProcess                     : pmgr.0000.launching.0.watch: DEBUG   : ru_initialize_common (NOOP)
2018-04-04 00:58:38,925: pmgr.0000.launching.0: MainProcess                     : pmgr.0000.launching.0.watch: DEBUG   : ru_initialize_child (NOOP)
2018-04-04 00:58:38,925: pmgr.0000.launching.0: MainProcess                     : pmgr.0000.launching.0.watch: INFO    : send alive
2018-04-04 00:58:38,925: pmgr.0000.launching.0: MainProcess                     : pmgr.0000.launching.0.watch: INFO    : put message: [pmgr.0000.launching.0.watch.thread] alive
2018-04-04 00:58:38,926: pmgr.0000.launching.0: MainProcess                     : MainThread     : INFO    : get msg: alive
2018-04-04 00:58:38,926: pmgr.0000.launching.0: MainProcess                     : MainThread     : DEBUG   : ru_initialize_common (NOOP)
2018-04-04 00:58:38,926: pmgr.0000.launching.0: MainProcess                     : MainThread     : DEBUG   : ru_initialize_parent (NOOP)
2018-04-04 00:58:38,926: pmgr.0000.launching.0: MainProcess                     : MainThread     : DEBUG   : child thread pmgr.0000.launching.0.watch started
2018-04-04 00:58:38,926: pmgr.0000.launching.0: MainProcess                     : MainThread     : INFO    : child is alive
2018-04-04 00:58:38,926: pmgr.0000.launching.0: MainProcess                     : MainThread     : DEBUG   : process class started child
2018-04-04 01:11:43,426: pmgr.0000.launching.0: MainProcess                     : MainThread     : INFO    : stop pmgr.0000.launching.0 (9618 : 9686 : MainThread) [radical.pilot.pilot_manager.PilotManager.finalize_parent]
2018-04-04 01:11:43,426: pmgr.0000.launching.0: MainProcess                     : MainThread     : INFO    : parent stops child  9618 -> 9686 [pmgr.0000.launching.0]
2018-04-04 01:11:43,426: pmgr.0000.launching.0: MainProcess                     : MainThread     : INFO    : send message: [pmgr.0000.launching.0] STOP
2018-04-04 01:11:43,426: pmgr.0000.launching.0: MainProcess                     : MainThread     : DEBUG   : ru_finalize_common()
2018-04-04 01:11:43,426: pmgr.0000.launching.0: MainProcess                     : MainThread     : DEBUG   : TERM : pmgr.0000.launching.0 unregister publisher log_pubsub
2018-04-04 01:11:43,427: pmgr.0000.launching.0: MainProcess                     : MainThread     : DEBUG   : unregistered publisher log_pubsub
2018-04-04 01:11:43,427: pmgr.0000.launching.0: MainProcess                     : MainThread     : DEBUG   : TERM : pmgr.0000.launching.0 unregister publisher state_pubsub
2018-04-04 01:11:43,427: pmgr.0000.launching.0: MainProcess                     : MainThread     : DEBUG   : unregistered publisher state_pubsub
2018-04-04 01:11:43,427: pmgr.0000.launching.0: MainProcess                     : MainThread     : DEBUG   : TERM : pmgr.0000.launching.0 unregister publisher control_pubsub
2018-04-04 01:11:43,427: pmgr.0000.launching.0: MainProcess                     : MainThread     : DEBUG   : unregistered publisher control_pubsub
2018-04-04 01:11:43,427: pmgr.0000.launching.0: MainProcess                     : MainThread     : DEBUG   : pmgr.0000.launching.0 close prof
2018-04-04 01:11:43,427: pmgr.0000.launching.0: MainProcess                     : MainThread     : INFO    : parent stops child
2018-04-04 01:11:43,427: pmgr.0000.launching.0: MainProcess                     : MainThread     : DEBUG   : ru_finalize_parent (NOOP)
2018-04-04 01:11:43,427: pmgr.0000.launching.0: MainProcess                     : MainThread     : DEBUG   : ru_finalize_common (NOOP)
2018-04-04 01:11:43,446: pmgr.0000.launching.0: MainProcess                     : pmgr.0000.launching.0.watch: INFO    : watcher closes
2018-04-04 01:11:43,446: pmgr.0000.launching.0: MainProcess                     : pmgr.0000.launching.0.watch: INFO    : put message: [pmgr.0000.launching.0.watch.thread] work finished
2018-04-04 01:11:43,447: pmgr.0000.launching.0: MainProcess                     : pmgr.0000.launching.0.watch: DEBUG   : ru_finalize_child (NOOP)
2018-04-04 01:11:43,447: pmgr.0000.launching.0: MainProcess                     : pmgr.0000.launching.0.watch: DEBUG   : ru_finalize_common (NOOP)
2018-04-04 01:11:43,447: pmgr.0000.launching.0: MainProcess                     : pmgr.0000.launching.0.watch: INFO    : put message: [pmgr.0000.launching.0.watch.thread] terminating
2018-04-04 01:11:45,459: pmgr.0000.launching.0: MainProcess                     : MainThread     : WARNING : failed to stop child - terminate: 9618 -> 9686 [pmgr.0000.launching.0]
2018-04-04 01:11:45,685: pmgr.0000.launching.0: MainProcess                     : MainThread     : INFO    : stop pmgr.0000.launching.0 (9618 : 9686 : MainThread) [radical.pilot.utils.component.PilotManager.ru_finalize_common]
2018-04-04 01:11:48,081: pmgr.0000.launching.0: MainProcess                     : MainThread     : INFO    : stop pmgr.0000.launching.0 (9618 : 9686 : MainThread) [radical.pilot.session.Session.close]
