2018-04-04 00:58:43,907: state.pubsub.pub.0003: umgr.0000.staging.input.0       : MainThread     : INFO    : python.interpreter   version: 2.7.14 (default, Sep 23 2017, 22:06:14) [GCC 7.2.0]
2018-04-04 00:58:43,908: state.pubsub.pub.0003: umgr.0000.staging.input.0       : MainThread     : INFO    :                      pid: 9765
2018-04-04 00:58:43,908: state.pubsub.pub.0003: umgr.0000.staging.input.0       : MainThread     : INFO    :                      tid: MainThread
2018-04-04 00:58:43,908: state.pubsub.pub.0003: umgr.0000.staging.input.0       : MainThread     : INFO    : radical.pilot        version: 0.47-0.47-14-gb1dff8bd@devel
2018-04-04 00:58:43,908: state.pubsub.pub.0003: umgr.0000.staging.input.0       : MainThread     : INFO    : create state_pubsub - pub - tcp://144.76.72.175:36271
2018-04-04 00:58:43,908: state.pubsub.pub.0003: umgr.0000.staging.input.0       : MainThread     : DEBUG   : start process
2018-04-04 00:58:43,908: state.pubsub.pub.0003: umgr.0000.staging.input.0       : MainThread     : DEBUG   : ru_initialize_common (NOOP)
2018-04-04 00:58:43,908: state.pubsub.pub.0003: umgr.0000.staging.input.0       : MainThread     : DEBUG   : ru_initialize_parent (NOOP)
2018-04-04 00:58:43,908: state.pubsub.pub.0003: umgr.0000.staging.input.0       : MainThread     : DEBUG   : process class started (no child)
2018-04-04 00:58:43,952: state.pubsub.pub.0003: MainProcess                     : MainThread     : INFO    : python.interpreter   version: 2.7.14 (default, Sep 23 2017, 22:06:14) [GCC 7.2.0]
2018-04-04 00:58:43,952: state.pubsub.pub.0003: MainProcess                     : MainThread     : INFO    :                      pid: 9618
2018-04-04 00:58:43,953: state.pubsub.pub.0003: MainProcess                     : MainThread     : INFO    :                      tid: MainThread
2018-04-04 00:58:43,953: state.pubsub.pub.0003: MainProcess                     : MainThread     : INFO    : radical.pilot        version: 0.47-0.47-14-gb1dff8bd@devel
2018-04-04 00:58:43,953: state.pubsub.pub.0003: MainProcess                     : MainThread     : INFO    : create state_pubsub - pub - tcp://144.76.72.175:36271
2018-04-04 00:58:43,953: state.pubsub.pub.0003: MainProcess                     : MainThread     : DEBUG   : start process
2018-04-04 00:58:43,953: state.pubsub.pub.0003: MainProcess                     : MainThread     : DEBUG   : ru_initialize_common (NOOP)
2018-04-04 00:58:43,953: state.pubsub.pub.0003: MainProcess                     : MainThread     : DEBUG   : ru_initialize_parent (NOOP)
2018-04-04 00:58:43,953: state.pubsub.pub.0003: MainProcess                     : MainThread     : DEBUG   : process class started (no child)
2018-04-04 01:11:39,785: state.pubsub.pub.0003: MainProcess                     : MainThread     : INFO    : parent stops child  9618 -> None [state.pubsub.pub.0003]
2018-04-04 01:11:39,785: state.pubsub.pub.0003: MainProcess                     : MainThread     : DEBUG   : ru_finalize_parent (NOOP)
2018-04-04 01:11:40,449: state.pubsub.pub.0003: umgr.0000.staging.input.0       : MainThread     : INFO    : parent stops child  9765 -> None [state.pubsub.pub.0003]
2018-04-04 01:11:40,449: state.pubsub.pub.0003: umgr.0000.staging.input.0       : MainThread     : DEBUG   : ru_finalize_parent (NOOP)
