2018-03-28 16:06:27,912: control.pubsub.pub.0004: agent_0.executing.0             : MainThread     : INFO    : python.interpreter   version: 2.7.7 |Continuum Analytics, Inc.| (default, Jun 2 2014, 12:34:02) [GCC 4.1.2 20080704 (Red Hat 4.1.2-54)]
2018-03-28 16:06:27,915: control.pubsub.pub.0004: agent_0.executing.0             : MainThread     : INFO    :                      pid: 28127
2018-03-28 16:06:27,915: control.pubsub.pub.0004: agent_0.executing.0             : MainThread     : INFO    :                      tid: MainThread
2018-03-28 16:06:27,915: control.pubsub.pub.0004: agent_0.executing.0             : MainThread     : INFO    : radical.pilot        version: 0.47-0.47-14-gb1dff8bd@devel
2018-03-28 16:06:27,915: control.pubsub.pub.0004: agent_0.executing.0             : MainThread     : INFO    : create control_pubsub - pub - tcp://204.90.41.204:43619
2018-03-28 16:06:27,916: control.pubsub.pub.0004: agent_0.executing.0             : MainThread     : DEBUG   : start process
2018-03-28 16:06:27,916: control.pubsub.pub.0004: agent_0.executing.0             : MainThread     : DEBUG   : ru_initialize_common (NOOP)
2018-03-28 16:06:27,916: control.pubsub.pub.0004: agent_0.executing.0             : MainThread     : DEBUG   : ru_initialize_parent (NOOP)
2018-03-28 16:06:27,916: control.pubsub.pub.0004: agent_0.executing.0             : MainThread     : DEBUG   : process class started (no child)
2018-03-28 16:06:27,991: control.pubsub.pub.0004: MainProcess                     : MainThread     : INFO    : python.interpreter   version: 2.7.7 |Continuum Analytics, Inc.| (default, Jun 2 2014, 12:34:02) [GCC 4.1.2 20080704 (Red Hat 4.1.2-54)]
2018-03-28 16:06:27,994: control.pubsub.pub.0004: MainProcess                     : MainThread     : INFO    :                      pid: 27911
2018-03-28 16:06:27,994: control.pubsub.pub.0004: MainProcess                     : MainThread     : INFO    :                      tid: MainThread
2018-03-28 16:06:27,994: control.pubsub.pub.0004: MainProcess                     : MainThread     : INFO    : radical.pilot        version: 0.47-0.47-14-gb1dff8bd@devel
2018-03-28 16:06:27,994: control.pubsub.pub.0004: MainProcess                     : MainThread     : INFO    : create control_pubsub - pub - tcp://204.90.41.204:43619
2018-03-28 16:06:27,995: control.pubsub.pub.0004: MainProcess                     : MainThread     : DEBUG   : start process
2018-03-28 16:06:27,995: control.pubsub.pub.0004: MainProcess                     : MainThread     : DEBUG   : ru_initialize_common (NOOP)
2018-03-28 16:06:27,995: control.pubsub.pub.0004: MainProcess                     : MainThread     : DEBUG   : ru_initialize_parent (NOOP)
2018-03-28 16:06:27,995: control.pubsub.pub.0004: MainProcess                     : MainThread     : DEBUG   : process class started (no child)
2018-03-28 16:18:36,943: control.pubsub.pub.0004: agent_0.executing.0             : agent_0.executing.0.child.subscriber._cancel_monitor_cb: INFO    : parent stops child  28127 -> None [control.pubsub.pub.0004]
2018-03-28 16:18:36,944: control.pubsub.pub.0004: agent_0.executing.0             : agent_0.executing.0.child.subscriber._cancel_monitor_cb: DEBUG   : ru_finalize_parent (NOOP)
