2018-03-28 16:06:27,142: log.pubsub.pub.0002 : agent_0.staging.input.0         : MainThread     : INFO    : python.interpreter   version: 2.7.7 |Continuum Analytics, Inc.| (default, Jun 2 2014, 12:34:02) [GCC 4.1.2 20080704 (Red Hat 4.1.2-54)]
2018-03-28 16:06:27,145: log.pubsub.pub.0002 : agent_0.staging.input.0         : MainThread     : INFO    :                      pid: 28082
2018-03-28 16:06:27,145: log.pubsub.pub.0002 : agent_0.staging.input.0         : MainThread     : INFO    :                      tid: MainThread
2018-03-28 16:06:27,145: log.pubsub.pub.0002 : agent_0.staging.input.0         : MainThread     : INFO    : radical.pilot        version: 0.47-0.47-14-gb1dff8bd@devel
2018-03-28 16:06:27,145: log.pubsub.pub.0002 : agent_0.staging.input.0         : MainThread     : INFO    : create log_pubsub - pub - tcp://204.90.41.204:33211
2018-03-28 16:06:27,146: log.pubsub.pub.0002 : agent_0.staging.input.0         : MainThread     : DEBUG   : start process
2018-03-28 16:06:27,146: log.pubsub.pub.0002 : agent_0.staging.input.0         : MainThread     : DEBUG   : ru_initialize_common (NOOP)
2018-03-28 16:06:27,146: log.pubsub.pub.0002 : agent_0.staging.input.0         : MainThread     : DEBUG   : ru_initialize_parent (NOOP)
2018-03-28 16:06:27,146: log.pubsub.pub.0002 : agent_0.staging.input.0         : MainThread     : DEBUG   : process class started (no child)
2018-03-28 16:06:27,194: log.pubsub.pub.0002 : MainProcess                     : MainThread     : INFO    : python.interpreter   version: 2.7.7 |Continuum Analytics, Inc.| (default, Jun 2 2014, 12:34:02) [GCC 4.1.2 20080704 (Red Hat 4.1.2-54)]
2018-03-28 16:06:27,197: log.pubsub.pub.0002 : MainProcess                     : MainThread     : INFO    :                      pid: 27911
2018-03-28 16:06:27,197: log.pubsub.pub.0002 : MainProcess                     : MainThread     : INFO    :                      tid: MainThread
2018-03-28 16:06:27,197: log.pubsub.pub.0002 : MainProcess                     : MainThread     : INFO    : radical.pilot        version: 0.47-0.47-14-gb1dff8bd@devel
2018-03-28 16:06:27,197: log.pubsub.pub.0002 : MainProcess                     : MainThread     : INFO    : create log_pubsub - pub - tcp://204.90.41.204:33211
2018-03-28 16:06:27,198: log.pubsub.pub.0002 : MainProcess                     : MainThread     : DEBUG   : start process
2018-03-28 16:06:27,198: log.pubsub.pub.0002 : MainProcess                     : MainThread     : DEBUG   : ru_initialize_common (NOOP)
2018-03-28 16:06:27,198: log.pubsub.pub.0002 : MainProcess                     : MainThread     : DEBUG   : ru_initialize_parent (NOOP)
2018-03-28 16:06:27,198: log.pubsub.pub.0002 : MainProcess                     : MainThread     : DEBUG   : process class started (no child)
2018-03-28 16:18:36,927: log.pubsub.pub.0002 : agent_0.staging.input.0         : MainThread     : INFO    : parent stops child  28082 -> None [log.pubsub.pub.0002]
2018-03-28 16:18:36,928: log.pubsub.pub.0002 : agent_0.staging.input.0         : MainThread     : DEBUG   : ru_finalize_parent (NOOP)
