2018-03-29 00:16:16,358: control.pubsub.pub.0004: umgr.0000.staging.output.0      : MainThread     : INFO    : python.interpreter   version: 2.7.14 (default, Sep 23 2017, 22:06:14) [GCC 7.2.0]
2018-03-29 00:16:16,358: control.pubsub.pub.0004: umgr.0000.staging.output.0      : MainThread     : INFO    :                      pid: 31629
2018-03-29 00:16:16,358: control.pubsub.pub.0004: umgr.0000.staging.output.0      : MainThread     : INFO    :                      tid: MainThread
2018-03-29 00:16:16,359: control.pubsub.pub.0004: umgr.0000.staging.output.0      : MainThread     : INFO    : radical.pilot        version: 0.47-0.47-14-gb1dff8bd@devel
2018-03-29 00:16:16,359: control.pubsub.pub.0004: umgr.0000.staging.output.0      : MainThread     : INFO    : create control_pubsub - pub - tcp://144.76.72.175:46201
2018-03-29 00:16:16,359: control.pubsub.pub.0004: umgr.0000.staging.output.0      : MainThread     : DEBUG   : start process
2018-03-29 00:16:16,359: control.pubsub.pub.0004: umgr.0000.staging.output.0      : MainThread     : DEBUG   : ru_initialize_common (NOOP)
2018-03-29 00:16:16,359: control.pubsub.pub.0004: umgr.0000.staging.output.0      : MainThread     : DEBUG   : ru_initialize_parent (NOOP)
2018-03-29 00:16:16,359: control.pubsub.pub.0004: umgr.0000.staging.output.0      : MainThread     : DEBUG   : process class started (no child)
2018-03-29 00:16:16,371: control.pubsub.pub.0004: MainProcess                     : MainThread     : INFO    : python.interpreter   version: 2.7.14 (default, Sep 23 2017, 22:06:14) [GCC 7.2.0]
2018-03-29 00:16:16,371: control.pubsub.pub.0004: MainProcess                     : MainThread     : INFO    :                      pid: 31461
2018-03-29 00:16:16,371: control.pubsub.pub.0004: MainProcess                     : MainThread     : INFO    :                      tid: MainThread
2018-03-29 00:16:16,371: control.pubsub.pub.0004: MainProcess                     : MainThread     : INFO    : radical.pilot        version: 0.47-0.47-14-gb1dff8bd@devel
2018-03-29 00:16:16,371: control.pubsub.pub.0004: MainProcess                     : MainThread     : INFO    : create control_pubsub - pub - tcp://144.76.72.175:46201
2018-03-29 00:16:16,371: control.pubsub.pub.0004: MainProcess                     : MainThread     : DEBUG   : start process
2018-03-29 00:16:16,372: control.pubsub.pub.0004: MainProcess                     : MainThread     : DEBUG   : ru_initialize_common (NOOP)
2018-03-29 00:16:16,372: control.pubsub.pub.0004: MainProcess                     : MainThread     : DEBUG   : ru_initialize_parent (NOOP)
2018-03-29 00:16:16,372: control.pubsub.pub.0004: MainProcess                     : MainThread     : DEBUG   : process class started (no child)
2018-03-29 00:57:18,980: control.pubsub.pub.0004: MainProcess                     : MainThread     : INFO    : parent stops child  31461 -> None [control.pubsub.pub.0004]
2018-03-29 00:57:18,980: control.pubsub.pub.0004: MainProcess                     : MainThread     : DEBUG   : ru_finalize_parent (NOOP)
2018-03-29 00:57:19,064: control.pubsub.pub.0004: umgr.0000.staging.output.0      : MainThread     : INFO    : parent stops child  31629 -> None [control.pubsub.pub.0004]
2018-03-29 00:57:19,064: control.pubsub.pub.0004: umgr.0000.staging.output.0      : MainThread     : DEBUG   : ru_finalize_parent (NOOP)
