2018-03-29 00:16:15,102: umgr.reschedule.pubsub.bridge.0000: MainProcess                     : MainThread     : INFO    : python.interpreter   version: 2.7.14 (default, Sep 23 2017, 22:06:14) [GCC 7.2.0]
2018-03-29 00:16:15,102: umgr.reschedule.pubsub.bridge.0000: MainProcess                     : MainThread     : INFO    :                      pid: 31461
2018-03-29 00:16:15,102: umgr.reschedule.pubsub.bridge.0000: MainProcess                     : MainThread     : INFO    :                      tid: MainThread
2018-03-29 00:16:15,102: umgr.reschedule.pubsub.bridge.0000: MainProcess                     : MainThread     : INFO    : radical.pilot        version: 0.47-0.47-14-gb1dff8bd@devel
2018-03-29 00:16:15,102: umgr.reschedule.pubsub.bridge.0000: MainProcess                     : MainThread     : INFO    : create umgr_reschedule_pubsub - bridge - tcp://*:*
2018-03-29 00:16:15,102: umgr.reschedule.pubsub.bridge.0000: MainProcess                     : MainThread     : DEBUG   : start process
2018-03-29 00:16:15,107: umgr.reschedule.pubsub.bridge.0000: umgr.reschedule.pubsub.bridge.0000: MainThread     : DEBUG   : ru_initialize_common (NOOP)
2018-03-29 00:16:15,111: umgr.reschedule.pubsub.bridge.0000: umgr.reschedule.pubsub.bridge.0000.child: MainThread     : INFO    : child (me) initializing
2018-03-29 00:16:15,111: umgr.reschedule.pubsub.bridge.0000: umgr.reschedule.pubsub.bridge.0000.child: MainThread     : DEBUG   : parent name: umgr.reschedule.pubsub.bridge.0000.child.watch
2018-03-29 00:16:15,111: umgr.reschedule.pubsub.bridge.0000: umgr.reschedule.pubsub.bridge.0000.child: MainThread     : DEBUG   : start thread
2018-03-29 00:16:15,111: umgr.reschedule.pubsub.bridge.0000: umgr.reschedule.pubsub.bridge.0000.child: umgr.reschedule.pubsub.bridge.0000.child.watch: DEBUG   : child name: umgr.reschedule.pubsub.bridge.0000.child.watch.thread
2018-03-29 00:16:15,111: umgr.reschedule.pubsub.bridge.0000: umgr.reschedule.pubsub.bridge.0000.child: umgr.reschedule.pubsub.bridge.0000.child.watch: INFO    : child (me) initializing
2018-03-29 00:16:15,111: umgr.reschedule.pubsub.bridge.0000: umgr.reschedule.pubsub.bridge.0000.child: umgr.reschedule.pubsub.bridge.0000.child.watch: DEBUG   : ru_initialize_common (NOOP)
2018-03-29 00:16:15,112: umgr.reschedule.pubsub.bridge.0000: umgr.reschedule.pubsub.bridge.0000.child: umgr.reschedule.pubsub.bridge.0000.child.watch: DEBUG   : ru_initialize_child (NOOP)
2018-03-29 00:16:15,112: umgr.reschedule.pubsub.bridge.0000: umgr.reschedule.pubsub.bridge.0000.child: umgr.reschedule.pubsub.bridge.0000.child.watch: INFO    : send alive
2018-03-29 00:16:15,112: umgr.reschedule.pubsub.bridge.0000: umgr.reschedule.pubsub.bridge.0000.child: umgr.reschedule.pubsub.bridge.0000.child.watch: INFO    : put message: [umgr.reschedule.pubsub.bridge.0000.child.watch.thread] alive
2018-03-29 00:16:15,112: umgr.reschedule.pubsub.bridge.0000: umgr.reschedule.pubsub.bridge.0000.child: MainThread     : INFO    : get msg: alive
2018-03-29 00:16:15,113: umgr.reschedule.pubsub.bridge.0000: umgr.reschedule.pubsub.bridge.0000.child: MainThread     : DEBUG   : ru_initialize_common (NOOP)
2018-03-29 00:16:15,113: umgr.reschedule.pubsub.bridge.0000: umgr.reschedule.pubsub.bridge.0000.child: MainThread     : DEBUG   : ru_initialize_parent (NOOP)
2018-03-29 00:16:15,113: umgr.reschedule.pubsub.bridge.0000: umgr.reschedule.pubsub.bridge.0000.child: MainThread     : DEBUG   : child thread umgr.reschedule.pubsub.bridge.0000.child.watch started
2018-03-29 00:16:15,113: umgr.reschedule.pubsub.bridge.0000: umgr.reschedule.pubsub.bridge.0000.child: MainThread     : INFO    : child (me) is alive
2018-03-29 00:16:15,113: umgr.reschedule.pubsub.bridge.0000: umgr.reschedule.pubsub.bridge.0000.child: MainThread     : INFO    : send alive
2018-03-29 00:16:15,113: umgr.reschedule.pubsub.bridge.0000: umgr.reschedule.pubsub.bridge.0000.child: MainThread     : INFO    : send message: [umgr.reschedule.pubsub.bridge.0000.child] alive
2018-03-29 00:16:15,113: umgr.reschedule.pubsub.bridge.0000: MainProcess                     : MainThread     : INFO    : recv message: alive
2018-03-29 00:16:15,113: umgr.reschedule.pubsub.bridge.0000: MainProcess                     : MainThread     : DEBUG   : ru_initialize_common (NOOP)
2018-03-29 00:16:15,113: umgr.reschedule.pubsub.bridge.0000: MainProcess                     : MainThread     : DEBUG   : ru_initialize_parent (NOOP)
2018-03-29 00:16:15,113: umgr.reschedule.pubsub.bridge.0000: MainProcess                     : MainThread     : DEBUG   : parent name: umgr.reschedule.pubsub.bridge.0000.watch
2018-03-29 00:16:15,113: umgr.reschedule.pubsub.bridge.0000: MainProcess                     : MainThread     : DEBUG   : start thread
2018-03-29 00:16:15,114: umgr.reschedule.pubsub.bridge.0000: MainProcess                     : umgr.reschedule.pubsub.bridge.0000.watch: DEBUG   : child name: umgr.reschedule.pubsub.bridge.0000.watch.thread
2018-03-29 00:16:15,114: umgr.reschedule.pubsub.bridge.0000: MainProcess                     : umgr.reschedule.pubsub.bridge.0000.watch: INFO    : child (me) initializing
2018-03-29 00:16:15,114: umgr.reschedule.pubsub.bridge.0000: MainProcess                     : umgr.reschedule.pubsub.bridge.0000.watch: DEBUG   : ru_initialize_common (NOOP)
2018-03-29 00:16:15,114: umgr.reschedule.pubsub.bridge.0000: MainProcess                     : umgr.reschedule.pubsub.bridge.0000.watch: DEBUG   : ru_initialize_child (NOOP)
2018-03-29 00:16:15,114: umgr.reschedule.pubsub.bridge.0000: MainProcess                     : umgr.reschedule.pubsub.bridge.0000.watch: INFO    : send alive
2018-03-29 00:16:15,114: umgr.reschedule.pubsub.bridge.0000: MainProcess                     : umgr.reschedule.pubsub.bridge.0000.watch: INFO    : put message: [umgr.reschedule.pubsub.bridge.0000.watch.thread] alive
2018-03-29 00:16:15,115: umgr.reschedule.pubsub.bridge.0000: MainProcess                     : MainThread     : INFO    : get msg: alive
2018-03-29 00:16:15,115: umgr.reschedule.pubsub.bridge.0000: MainProcess                     : MainThread     : DEBUG   : ru_initialize_common (NOOP)
2018-03-29 00:16:15,115: umgr.reschedule.pubsub.bridge.0000: MainProcess                     : MainThread     : DEBUG   : ru_initialize_parent (NOOP)
2018-03-29 00:16:15,115: umgr.reschedule.pubsub.bridge.0000: MainProcess                     : MainThread     : DEBUG   : child thread umgr.reschedule.pubsub.bridge.0000.watch started
2018-03-29 00:16:15,115: umgr.reschedule.pubsub.bridge.0000: MainProcess                     : MainThread     : INFO    : child is alive
2018-03-29 00:16:15,115: umgr.reschedule.pubsub.bridge.0000: MainProcess                     : MainThread     : DEBUG   : process class started child
2018-03-29 00:57:19,590: umgr.reschedule.pubsub.bridge.0000: MainProcess                     : MainThread     : INFO    : parent stops child  31461 -> 31574 [umgr.reschedule.pubsub.bridge.0000]
2018-03-29 00:57:19,590: umgr.reschedule.pubsub.bridge.0000: MainProcess                     : MainThread     : INFO    : send message: [umgr.reschedule.pubsub.bridge.0000] STOP
2018-03-29 00:57:19,590: umgr.reschedule.pubsub.bridge.0000: MainProcess                     : MainThread     : DEBUG   : ru_finalize_parent (NOOP)
2018-03-29 00:57:19,590: umgr.reschedule.pubsub.bridge.0000: MainProcess                     : MainThread     : INFO    : parent stops child
2018-03-29 00:57:19,590: umgr.reschedule.pubsub.bridge.0000: MainProcess                     : MainThread     : DEBUG   : ru_finalize_parent (NOOP)
2018-03-29 00:57:19,590: umgr.reschedule.pubsub.bridge.0000: MainProcess                     : MainThread     : DEBUG   : ru_finalize_common (NOOP)
2018-03-29 00:57:19,660: umgr.reschedule.pubsub.bridge.0000: umgr.reschedule.pubsub.bridge.0000.child: umgr.reschedule.pubsub.bridge.0000.child.watch: INFO    : recv message: STOP
2018-03-29 00:57:19,661: umgr.reschedule.pubsub.bridge.0000: umgr.reschedule.pubsub.bridge.0000.child: umgr.reschedule.pubsub.bridge.0000.child.watch: INFO    : message received: STOP
2018-03-29 00:57:19,661: umgr.reschedule.pubsub.bridge.0000: umgr.reschedule.pubsub.bridge.0000.child: umgr.reschedule.pubsub.bridge.0000.child.watch: INFO    : STOP received: STOP
2018-03-29 00:57:19,661: umgr.reschedule.pubsub.bridge.0000: umgr.reschedule.pubsub.bridge.0000.child: umgr.reschedule.pubsub.bridge.0000.child.watch: INFO    : watcher closes
2018-03-29 00:57:19,661: umgr.reschedule.pubsub.bridge.0000: umgr.reschedule.pubsub.bridge.0000.child: umgr.reschedule.pubsub.bridge.0000.child.watch: INFO    : put message: [umgr.reschedule.pubsub.bridge.0000.child.watch.thread] work finished
2018-03-29 00:57:19,661: umgr.reschedule.pubsub.bridge.0000: umgr.reschedule.pubsub.bridge.0000.child: umgr.reschedule.pubsub.bridge.0000.child.watch: DEBUG   : ru_finalize_child (NOOP)
2018-03-29 00:57:19,661: umgr.reschedule.pubsub.bridge.0000: umgr.reschedule.pubsub.bridge.0000.child: umgr.reschedule.pubsub.bridge.0000.child.watch: DEBUG   : ru_finalize_common (NOOP)
2018-03-29 00:57:19,661: umgr.reschedule.pubsub.bridge.0000: umgr.reschedule.pubsub.bridge.0000.child: umgr.reschedule.pubsub.bridge.0000.child.watch: INFO    : put message: [umgr.reschedule.pubsub.bridge.0000.child.watch.thread] terminating
2018-03-29 00:57:19,706: umgr.reschedule.pubsub.bridge.0000: MainProcess                     : umgr.reschedule.pubsub.bridge.0000.watch: INFO    : watcher closes
2018-03-29 00:57:19,706: umgr.reschedule.pubsub.bridge.0000: MainProcess                     : umgr.reschedule.pubsub.bridge.0000.watch: INFO    : put message: [umgr.reschedule.pubsub.bridge.0000.watch.thread] work finished
2018-03-29 00:57:19,706: umgr.reschedule.pubsub.bridge.0000: MainProcess                     : umgr.reschedule.pubsub.bridge.0000.watch: DEBUG   : ru_finalize_child (NOOP)
2018-03-29 00:57:19,706: umgr.reschedule.pubsub.bridge.0000: MainProcess                     : umgr.reschedule.pubsub.bridge.0000.watch: DEBUG   : ru_finalize_common (NOOP)
2018-03-29 00:57:19,707: umgr.reschedule.pubsub.bridge.0000: MainProcess                     : umgr.reschedule.pubsub.bridge.0000.watch: INFO    : put message: [umgr.reschedule.pubsub.bridge.0000.watch.thread] terminating
2018-03-29 00:57:19,718: umgr.reschedule.pubsub.bridge.0000: umgr.reschedule.pubsub.bridge.0000.child: MainThread     : DEBUG   : ru_finalize_child (NOOP)
2018-03-29 00:57:19,718: umgr.reschedule.pubsub.bridge.0000: umgr.reschedule.pubsub.bridge.0000.child: MainThread     : INFO    : send message: [umgr.reschedule.pubsub.bridge.0000.child] terminating
2018-03-29 00:57:19,718: umgr.reschedule.pubsub.bridge.0000: umgr.reschedule.pubsub.bridge.0000.child: MainThread     : WARNING : send failed ([Errno 9] Bad file descriptor) - terminate
