2018-03-27 05:31:31,289: umgr.staging.output.queue.bridge.0000: MainProcess                     : MainThread     : INFO    : python.interpreter   version: 2.7.14 (default, Sep 23 2017, 22:06:14) [GCC 7.2.0]
2018-03-27 05:31:31,290: umgr.staging.output.queue.bridge.0000: MainProcess                     : MainThread     : INFO    :                      pid: 21744
2018-03-27 05:31:31,290: umgr.staging.output.queue.bridge.0000: MainProcess                     : MainThread     : INFO    :                      tid: MainThread
2018-03-27 05:31:31,290: umgr.staging.output.queue.bridge.0000: MainProcess                     : MainThread     : INFO    : radical.pilot        version: 0.47-0.47-14-gb1dff8bd@devel
2018-03-27 05:31:31,290: umgr.staging.output.queue.bridge.0000: MainProcess                     : MainThread     : INFO    : create umgr_staging_output_queue - bridge - tcp://*:*
2018-03-27 05:31:31,291: umgr.staging.output.queue.bridge.0000: MainProcess                     : MainThread     : DEBUG   : start process
2018-03-27 05:31:31,296: umgr.staging.output.queue.bridge.0000: umgr.staging.output.queue.bridge.0000: MainThread     : DEBUG   : ru_initialize_common (NOOP)
2018-03-27 05:31:31,300: umgr.staging.output.queue.bridge.0000: umgr.staging.output.queue.bridge.0000.child: MainThread     : INFO    : child (me) initializing
2018-03-27 05:31:31,300: umgr.staging.output.queue.bridge.0000: umgr.staging.output.queue.bridge.0000.child: MainThread     : DEBUG   : parent name: umgr.staging.output.queue.bridge.0000.child.watch
2018-03-27 05:31:31,300: umgr.staging.output.queue.bridge.0000: umgr.staging.output.queue.bridge.0000.child: MainThread     : DEBUG   : start thread
2018-03-27 05:31:31,301: umgr.staging.output.queue.bridge.0000: umgr.staging.output.queue.bridge.0000.child: umgr.staging.output.queue.bridge.0000.child.watch: DEBUG   : child name: umgr.staging.output.queue.bridge.0000.child.watch.thread
2018-03-27 05:31:31,301: umgr.staging.output.queue.bridge.0000: umgr.staging.output.queue.bridge.0000.child: umgr.staging.output.queue.bridge.0000.child.watch: INFO    : child (me) initializing
2018-03-27 05:31:31,301: umgr.staging.output.queue.bridge.0000: umgr.staging.output.queue.bridge.0000.child: umgr.staging.output.queue.bridge.0000.child.watch: DEBUG   : ru_initialize_common (NOOP)
2018-03-27 05:31:31,301: umgr.staging.output.queue.bridge.0000: umgr.staging.output.queue.bridge.0000.child: umgr.staging.output.queue.bridge.0000.child.watch: DEBUG   : ru_initialize_child (NOOP)
2018-03-27 05:31:31,301: umgr.staging.output.queue.bridge.0000: umgr.staging.output.queue.bridge.0000.child: umgr.staging.output.queue.bridge.0000.child.watch: INFO    : send alive
2018-03-27 05:31:31,301: umgr.staging.output.queue.bridge.0000: umgr.staging.output.queue.bridge.0000.child: umgr.staging.output.queue.bridge.0000.child.watch: INFO    : put message: [umgr.staging.output.queue.bridge.0000.child.watch.thread] alive
2018-03-27 05:31:31,302: umgr.staging.output.queue.bridge.0000: umgr.staging.output.queue.bridge.0000.child: MainThread     : INFO    : get msg: alive
2018-03-27 05:31:31,302: umgr.staging.output.queue.bridge.0000: umgr.staging.output.queue.bridge.0000.child: MainThread     : DEBUG   : ru_initialize_common (NOOP)
2018-03-27 05:31:31,302: umgr.staging.output.queue.bridge.0000: umgr.staging.output.queue.bridge.0000.child: MainThread     : DEBUG   : ru_initialize_parent (NOOP)
2018-03-27 05:31:31,302: umgr.staging.output.queue.bridge.0000: umgr.staging.output.queue.bridge.0000.child: MainThread     : DEBUG   : child thread umgr.staging.output.queue.bridge.0000.child.watch started
2018-03-27 05:31:31,302: umgr.staging.output.queue.bridge.0000: umgr.staging.output.queue.bridge.0000.child: MainThread     : INFO    : child (me) is alive
2018-03-27 05:31:31,302: umgr.staging.output.queue.bridge.0000: umgr.staging.output.queue.bridge.0000.child: MainThread     : INFO    : send alive
2018-03-27 05:31:31,303: umgr.staging.output.queue.bridge.0000: umgr.staging.output.queue.bridge.0000.child: MainThread     : INFO    : send message: [umgr.staging.output.queue.bridge.0000.child] alive
2018-03-27 05:31:31,303: umgr.staging.output.queue.bridge.0000: MainProcess                     : MainThread     : INFO    : recv message: alive
2018-03-27 05:31:31,303: umgr.staging.output.queue.bridge.0000: MainProcess                     : MainThread     : DEBUG   : ru_initialize_common (NOOP)
2018-03-27 05:31:31,303: umgr.staging.output.queue.bridge.0000: MainProcess                     : MainThread     : DEBUG   : ru_initialize_parent (NOOP)
2018-03-27 05:31:31,304: umgr.staging.output.queue.bridge.0000: MainProcess                     : MainThread     : DEBUG   : parent name: umgr.staging.output.queue.bridge.0000.watch
2018-03-27 05:31:31,304: umgr.staging.output.queue.bridge.0000: MainProcess                     : MainThread     : DEBUG   : start thread
2018-03-27 05:31:31,304: umgr.staging.output.queue.bridge.0000: MainProcess                     : umgr.staging.output.queue.bridge.0000.watch: DEBUG   : child name: umgr.staging.output.queue.bridge.0000.watch.thread
2018-03-27 05:31:31,304: umgr.staging.output.queue.bridge.0000: MainProcess                     : umgr.staging.output.queue.bridge.0000.watch: INFO    : child (me) initializing
2018-03-27 05:31:31,305: umgr.staging.output.queue.bridge.0000: MainProcess                     : umgr.staging.output.queue.bridge.0000.watch: DEBUG   : ru_initialize_common (NOOP)
2018-03-27 05:31:31,305: umgr.staging.output.queue.bridge.0000: MainProcess                     : umgr.staging.output.queue.bridge.0000.watch: DEBUG   : ru_initialize_child (NOOP)
2018-03-27 05:31:31,305: umgr.staging.output.queue.bridge.0000: MainProcess                     : umgr.staging.output.queue.bridge.0000.watch: INFO    : send alive
2018-03-27 05:31:31,305: umgr.staging.output.queue.bridge.0000: MainProcess                     : umgr.staging.output.queue.bridge.0000.watch: INFO    : put message: [umgr.staging.output.queue.bridge.0000.watch.thread] alive
2018-03-27 05:31:31,306: umgr.staging.output.queue.bridge.0000: MainProcess                     : MainThread     : INFO    : get msg: alive
2018-03-27 05:31:31,306: umgr.staging.output.queue.bridge.0000: MainProcess                     : MainThread     : DEBUG   : ru_initialize_common (NOOP)
2018-03-27 05:31:31,306: umgr.staging.output.queue.bridge.0000: MainProcess                     : MainThread     : DEBUG   : ru_initialize_parent (NOOP)
2018-03-27 05:31:31,306: umgr.staging.output.queue.bridge.0000: MainProcess                     : MainThread     : DEBUG   : child thread umgr.staging.output.queue.bridge.0000.watch started
2018-03-27 05:31:31,306: umgr.staging.output.queue.bridge.0000: MainProcess                     : MainThread     : INFO    : child is alive
2018-03-27 05:31:31,307: umgr.staging.output.queue.bridge.0000: MainProcess                     : MainThread     : DEBUG   : process class started child
2018-03-27 05:49:14,454: umgr.staging.output.queue.bridge.0000: MainProcess                     : MainThread     : INFO    : parent stops child  21744 -> 21867 [umgr.staging.output.queue.bridge.0000]
2018-03-27 05:49:14,454: umgr.staging.output.queue.bridge.0000: MainProcess                     : MainThread     : INFO    : send message: [umgr.staging.output.queue.bridge.0000] STOP
2018-03-27 05:49:14,454: umgr.staging.output.queue.bridge.0000: MainProcess                     : MainThread     : DEBUG   : ru_finalize_parent (NOOP)
2018-03-27 05:49:14,454: umgr.staging.output.queue.bridge.0000: MainProcess                     : MainThread     : INFO    : parent stops child
2018-03-27 05:49:14,455: umgr.staging.output.queue.bridge.0000: MainProcess                     : MainThread     : DEBUG   : ru_finalize_parent (NOOP)
2018-03-27 05:49:14,455: umgr.staging.output.queue.bridge.0000: MainProcess                     : MainThread     : DEBUG   : ru_finalize_common (NOOP)
2018-03-27 05:49:14,492: umgr.staging.output.queue.bridge.0000: umgr.staging.output.queue.bridge.0000.child: umgr.staging.output.queue.bridge.0000.child.watch: INFO    : recv message: STOP
2018-03-27 05:49:14,492: umgr.staging.output.queue.bridge.0000: umgr.staging.output.queue.bridge.0000.child: umgr.staging.output.queue.bridge.0000.child.watch: INFO    : message received: STOP
2018-03-27 05:49:14,492: umgr.staging.output.queue.bridge.0000: umgr.staging.output.queue.bridge.0000.child: umgr.staging.output.queue.bridge.0000.child.watch: INFO    : STOP received: STOP
2018-03-27 05:49:14,492: umgr.staging.output.queue.bridge.0000: umgr.staging.output.queue.bridge.0000.child: umgr.staging.output.queue.bridge.0000.child.watch: INFO    : watcher closes
2018-03-27 05:49:14,492: umgr.staging.output.queue.bridge.0000: umgr.staging.output.queue.bridge.0000.child: umgr.staging.output.queue.bridge.0000.child.watch: INFO    : put message: [umgr.staging.output.queue.bridge.0000.child.watch.thread] work finished
2018-03-27 05:49:14,493: umgr.staging.output.queue.bridge.0000: umgr.staging.output.queue.bridge.0000.child: umgr.staging.output.queue.bridge.0000.child.watch: DEBUG   : ru_finalize_child (NOOP)
2018-03-27 05:49:14,493: umgr.staging.output.queue.bridge.0000: umgr.staging.output.queue.bridge.0000.child: umgr.staging.output.queue.bridge.0000.child.watch: DEBUG   : ru_finalize_common (NOOP)
2018-03-27 05:49:14,493: umgr.staging.output.queue.bridge.0000: umgr.staging.output.queue.bridge.0000.child: umgr.staging.output.queue.bridge.0000.child.watch: INFO    : put message: [umgr.staging.output.queue.bridge.0000.child.watch.thread] terminating
2018-03-27 05:49:14,507: umgr.staging.output.queue.bridge.0000: MainProcess                     : umgr.staging.output.queue.bridge.0000.watch: INFO    : watcher closes
2018-03-27 05:49:14,507: umgr.staging.output.queue.bridge.0000: MainProcess                     : umgr.staging.output.queue.bridge.0000.watch: INFO    : put message: [umgr.staging.output.queue.bridge.0000.watch.thread] work finished
2018-03-27 05:49:14,507: umgr.staging.output.queue.bridge.0000: MainProcess                     : umgr.staging.output.queue.bridge.0000.watch: DEBUG   : ru_finalize_child (NOOP)
2018-03-27 05:49:14,507: umgr.staging.output.queue.bridge.0000: MainProcess                     : umgr.staging.output.queue.bridge.0000.watch: DEBUG   : ru_finalize_common (NOOP)
2018-03-27 05:49:14,507: umgr.staging.output.queue.bridge.0000: MainProcess                     : umgr.staging.output.queue.bridge.0000.watch: INFO    : put message: [umgr.staging.output.queue.bridge.0000.watch.thread] terminating
2018-03-27 05:49:15,092: umgr.staging.output.queue.bridge.0000: umgr.staging.output.queue.bridge.0000.child: MainThread     : INFO    : send message: [umgr.staging.output.queue.bridge.0000.child] work finished
2018-03-27 05:49:15,092: umgr.staging.output.queue.bridge.0000: umgr.staging.output.queue.bridge.0000.child: MainThread     : WARNING : send failed ([Errno 9] Bad file descriptor) - terminate
2018-03-27 05:49:15,092: umgr.staging.output.queue.bridge.0000: umgr.staging.output.queue.bridge.0000.child: MainThread     : DEBUG   : ru_finalize_child (NOOP)
2018-03-27 05:49:15,093: umgr.staging.output.queue.bridge.0000: umgr.staging.output.queue.bridge.0000.child: MainThread     : INFO    : send message: [umgr.staging.output.queue.bridge.0000.child] terminating
2018-03-27 05:49:15,093: umgr.staging.output.queue.bridge.0000: umgr.staging.output.queue.bridge.0000.child: MainThread     : WARNING : send failed ([Errno 9] Bad file descriptor) - terminate
