2018-04-03 17:02:06,281: state.pubsub.pub.0002: agent_0.staging.input.0         : MainThread     : INFO    : python.interpreter   version: 2.7.7 |Continuum Analytics, Inc.| (default, Jun 2 2014, 12:34:02) [GCC 4.1.2 20080704 (Red Hat 4.1.2-54)]
2018-04-03 17:02:06,285: state.pubsub.pub.0002: agent_0.staging.input.0         : MainThread     : INFO    :                      pid: 44360
2018-04-03 17:02:06,285: state.pubsub.pub.0002: agent_0.staging.input.0         : MainThread     : INFO    :                      tid: MainThread
2018-04-03 17:02:06,285: state.pubsub.pub.0002: agent_0.staging.input.0         : MainThread     : INFO    : radical.pilot        version: 0.47-0.47-14-gb1dff8bd@devel
2018-04-03 17:02:06,285: state.pubsub.pub.0002: agent_0.staging.input.0         : MainThread     : INFO    : create state_pubsub - pub - tcp://204.90.41.61:41873
2018-04-03 17:02:06,286: state.pubsub.pub.0002: agent_0.staging.input.0         : MainThread     : DEBUG   : start process
2018-04-03 17:02:06,286: state.pubsub.pub.0002: agent_0.staging.input.0         : MainThread     : DEBUG   : ru_initialize_common (NOOP)
2018-04-03 17:02:06,286: state.pubsub.pub.0002: agent_0.staging.input.0         : MainThread     : DEBUG   : ru_initialize_parent (NOOP)
2018-04-03 17:02:06,286: state.pubsub.pub.0002: agent_0.staging.input.0         : MainThread     : DEBUG   : process class started (no child)
2018-04-03 17:02:06,332: state.pubsub.pub.0002: MainProcess                     : MainThread     : INFO    : python.interpreter   version: 2.7.7 |Continuum Analytics, Inc.| (default, Jun 2 2014, 12:34:02) [GCC 4.1.2 20080704 (Red Hat 4.1.2-54)]
2018-04-03 17:02:06,335: state.pubsub.pub.0002: MainProcess                     : MainThread     : INFO    :                      pid: 44209
2018-04-03 17:02:06,335: state.pubsub.pub.0002: MainProcess                     : MainThread     : INFO    :                      tid: MainThread
2018-04-03 17:02:06,335: state.pubsub.pub.0002: MainProcess                     : MainThread     : INFO    : radical.pilot        version: 0.47-0.47-14-gb1dff8bd@devel
2018-04-03 17:02:06,335: state.pubsub.pub.0002: MainProcess                     : MainThread     : INFO    : create state_pubsub - pub - tcp://204.90.41.61:41873
2018-04-03 17:02:06,336: state.pubsub.pub.0002: MainProcess                     : MainThread     : DEBUG   : start process
2018-04-03 17:02:06,336: state.pubsub.pub.0002: MainProcess                     : MainThread     : DEBUG   : ru_initialize_common (NOOP)
2018-04-03 17:02:06,336: state.pubsub.pub.0002: MainProcess                     : MainThread     : DEBUG   : ru_initialize_parent (NOOP)
2018-04-03 17:02:06,336: state.pubsub.pub.0002: MainProcess                     : MainThread     : DEBUG   : process class started (no child)
2018-04-03 17:14:23,149: state.pubsub.pub.0002: agent_0.staging.input.0         : agent_0.staging.input.0.child.subscriber._cancel_monitor_cb: INFO    : parent stops child  44360 -> None [state.pubsub.pub.0002]
2018-04-03 17:14:23,150: state.pubsub.pub.0002: agent_0.staging.input.0         : agent_0.staging.input.0.child.subscriber._cancel_monitor_cb: DEBUG   : ru_finalize_parent (NOOP)
2018-04-03 17:14:24,097: state.pubsub.pub.0002: MainProcess                     : MainThread     : INFO    : parent stops child  44209 -> None [state.pubsub.pub.0002]
2018-04-03 17:14:24,097: state.pubsub.pub.0002: MainProcess                     : MainThread     : DEBUG   : ru_finalize_parent (NOOP)
