2018-04-03 21:04:43,878: log.pubsub.pub.0000 : update.0                        : MainThread     : INFO    : python.interpreter   version: 2.7.14 (default, Sep 23 2017, 22:06:14) [GCC 7.2.0]
2018-04-03 21:04:43,878: log.pubsub.pub.0000 : update.0                        : MainThread     : INFO    :                      pid: 6394
2018-04-03 21:04:43,878: log.pubsub.pub.0000 : update.0                        : MainThread     : INFO    :                      tid: MainThread
2018-04-03 21:04:43,878: log.pubsub.pub.0000 : update.0                        : MainThread     : INFO    : radical.pilot        version: 0.47-0.47-14-gb1dff8bd@devel
2018-04-03 21:04:43,879: log.pubsub.pub.0000 : update.0                        : MainThread     : INFO    : create log_pubsub - pub - tcp://144.76.72.175:36733
2018-04-03 21:04:43,879: log.pubsub.pub.0000 : update.0                        : MainThread     : DEBUG   : start process
2018-04-03 21:04:43,880: log.pubsub.pub.0000 : update.0                        : MainThread     : DEBUG   : ru_initialize_common (NOOP)
2018-04-03 21:04:43,880: log.pubsub.pub.0000 : update.0                        : MainThread     : DEBUG   : ru_initialize_parent (NOOP)
2018-04-03 21:04:43,880: log.pubsub.pub.0000 : update.0                        : MainThread     : DEBUG   : process class started (no child)
2018-04-03 21:04:44,474: log.pubsub.pub.0000 : MainProcess                     : MainThread     : INFO    : python.interpreter   version: 2.7.14 (default, Sep 23 2017, 22:06:14) [GCC 7.2.0]
2018-04-03 21:04:44,475: log.pubsub.pub.0000 : MainProcess                     : MainThread     : INFO    :                      pid: 6365
2018-04-03 21:04:44,475: log.pubsub.pub.0000 : MainProcess                     : MainThread     : INFO    :                      tid: MainThread
2018-04-03 21:04:44,475: log.pubsub.pub.0000 : MainProcess                     : MainThread     : INFO    : radical.pilot        version: 0.47-0.47-14-gb1dff8bd@devel
2018-04-03 21:04:44,475: log.pubsub.pub.0000 : MainProcess                     : MainThread     : INFO    : create log_pubsub - pub - tcp://144.76.72.175:36733
2018-04-03 21:04:44,476: log.pubsub.pub.0000 : MainProcess                     : MainThread     : DEBUG   : start process
2018-04-03 21:04:44,476: log.pubsub.pub.0000 : MainProcess                     : MainThread     : DEBUG   : ru_initialize_common (NOOP)
2018-04-03 21:04:44,476: log.pubsub.pub.0000 : MainProcess                     : MainThread     : DEBUG   : ru_initialize_parent (NOOP)
2018-04-03 21:04:44,476: log.pubsub.pub.0000 : MainProcess                     : MainThread     : DEBUG   : process class started (no child)
2018-04-03 21:18:11,715: log.pubsub.pub.0000 : MainProcess                     : MainThread     : INFO    : parent stops child  6365 -> None [log.pubsub.pub.0000]
2018-04-03 21:18:11,715: log.pubsub.pub.0000 : MainProcess                     : MainThread     : DEBUG   : ru_finalize_parent (NOOP)
2018-04-03 21:18:11,980: log.pubsub.pub.0000 : update.0                        : MainThread     : INFO    : parent stops child  6394 -> None [log.pubsub.pub.0000]
2018-04-03 21:18:11,980: log.pubsub.pub.0000 : update.0                        : MainThread     : DEBUG   : ru_finalize_parent (NOOP)
