2018-04-03 21:04:44,537: pmgr.0000.launching.0: MainProcess                     : MainThread     : INFO    : python.interpreter   version: 2.7.14 (default, Sep 23 2017, 22:06:14) [GCC 7.2.0]
2018-04-03 21:04:44,538: pmgr.0000.launching.0: MainProcess                     : MainThread     : INFO    :                      pid: 6365
2018-04-03 21:04:44,538: pmgr.0000.launching.0: MainProcess                     : MainThread     : INFO    :                      tid: MainThread
2018-04-03 21:04:44,538: pmgr.0000.launching.0: MainProcess                     : MainThread     : INFO    : radical.pilot        version: 0.47-0.47-14-gb1dff8bd@devel
2018-04-03 21:04:44,570: pmgr.0000.launching.0: MainProcess                     : MainThread     : DEBUG   : alive check in term
2018-04-03 21:04:44,570: pmgr.0000.launching.0: MainProcess                     : MainThread     : DEBUG   : start process
2018-04-03 21:04:44,676: pmgr.0000.launching.0: MainProcess                     : MainThread     : INFO    : recv message: alive
2018-04-03 21:04:44,676: pmgr.0000.launching.0: MainProcess                     : MainThread     : INFO    : initialize pmgr.0000.launching.0
2018-04-03 21:04:44,678: pmgr.0000.launching.0: MainProcess                     : MainThread     : INFO    : cfg: {'agents': {},
 u'bridges': {u'control_pubsub': {'addr_in': 'tcp://144.76.72.175:43933',
                                  'addr_out': 'tcp://144.76.72.175:38969',
                                  u'bulk_size': 0,
                                  u'log_level': u'debug',
                                  u'stall_hwm': 1},
              u'log_pubsub': {'addr_in': 'tcp://144.76.72.175:36733',
                              'addr_out': 'tcp://144.76.72.175:34297',
                              u'bulk_size': 0,
                              u'log_level': u'debug',
                              u'stall_hwm': 1},
              u'pmgr_launching_queue': {'addr_in': 'tcp://144.76.72.175:38493',
                                        'addr_out': 'tcp://144.76.72.175:44745',
                                        u'bulk_size': 0,
                                        u'log_level': u'debug',
                                        u'stall_hwm': 1},
              u'state_pubsub': {'addr_in': 'tcp://144.76.72.175:38553',
                                'addr_out': 'tcp://144.76.72.175:36081',
                                u'bulk_size': 0,
                                u'log_level': u'debug',
                                u'stall_hwm': 1}},
 'cname': u'PMGRLaunchingComponent',
 u'components': {},
 u'count': 1,
 u'db_poll_sleeptime': 1.0,
 'number': 0,
 'owner': 'pmgr.0000',
 'uid': 'pmgr.0000'}
2018-04-03 21:04:44,678: pmgr.0000.launching.0: MainProcess                     : MainThread     : DEBUG   : alive check in term
2018-04-03 21:04:44,678: pmgr.0000.launching.0: MainProcess                     : MainThread     : DEBUG   : START: pmgr.0000.launching.0 register publisher log_pubsub
2018-04-03 21:04:44,678: pmgr.0000.launching.0: MainProcess                     : MainThread     : DEBUG   : using addr tcp://144.76.72.175:36733 for pubsub log_pubsub
2018-04-03 21:04:44,680: pmgr.0000.launching.0: MainProcess                     : MainThread     : DEBUG   : registered publisher : log_pubsub : log.pubsub.pub.0001
2018-04-03 21:04:44,680: pmgr.0000.launching.0: MainProcess                     : MainThread     : DEBUG   : alive check in term
2018-04-03 21:04:44,681: pmgr.0000.launching.0: MainProcess                     : MainThread     : DEBUG   : START: pmgr.0000.launching.0 register publisher state_pubsub
2018-04-03 21:04:44,681: pmgr.0000.launching.0: MainProcess                     : MainThread     : DEBUG   : using addr tcp://144.76.72.175:38553 for pubsub state_pubsub
2018-04-03 21:04:44,682: pmgr.0000.launching.0: MainProcess                     : MainThread     : DEBUG   : registered publisher : state_pubsub : state.pubsub.pub.0001
2018-04-03 21:04:44,682: pmgr.0000.launching.0: MainProcess                     : MainThread     : DEBUG   : alive check in term
2018-04-03 21:04:44,682: pmgr.0000.launching.0: MainProcess                     : MainThread     : DEBUG   : START: pmgr.0000.launching.0 register publisher control_pubsub
2018-04-03 21:04:44,683: pmgr.0000.launching.0: MainProcess                     : MainThread     : DEBUG   : using addr tcp://144.76.72.175:43933 for pubsub control_pubsub
2018-04-03 21:04:44,684: pmgr.0000.launching.0: MainProcess                     : MainThread     : DEBUG   : registered publisher : control_pubsub : control.pubsub.pub.0001
2018-04-03 21:04:44,684: pmgr.0000.launching.0: MainProcess                     : MainThread     : DEBUG   : parent name: pmgr.0000.launching.0.watch
2018-04-03 21:04:44,684: pmgr.0000.launching.0: MainProcess                     : MainThread     : DEBUG   : start thread
2018-04-03 21:04:44,685: pmgr.0000.launching.0: MainProcess                     : pmgr.0000.launching.0.watch: DEBUG   : child name: pmgr.0000.launching.0.watch.thread
2018-04-03 21:04:44,685: pmgr.0000.launching.0: MainProcess                     : pmgr.0000.launching.0.watch: INFO    : child (me) initializing
2018-04-03 21:04:44,685: pmgr.0000.launching.0: MainProcess                     : pmgr.0000.launching.0.watch: DEBUG   : ru_initialize_common (NOOP)
2018-04-03 21:04:44,685: pmgr.0000.launching.0: MainProcess                     : pmgr.0000.launching.0.watch: DEBUG   : ru_initialize_child (NOOP)
2018-04-03 21:04:44,685: pmgr.0000.launching.0: MainProcess                     : pmgr.0000.launching.0.watch: INFO    : send alive
2018-04-03 21:04:44,685: pmgr.0000.launching.0: MainProcess                     : pmgr.0000.launching.0.watch: INFO    : put message: [pmgr.0000.launching.0.watch.thread] alive
2018-04-03 21:04:44,686: pmgr.0000.launching.0: MainProcess                     : MainThread     : INFO    : get msg: alive
2018-04-03 21:04:44,686: pmgr.0000.launching.0: MainProcess                     : MainThread     : DEBUG   : ru_initialize_common (NOOP)
2018-04-03 21:04:44,686: pmgr.0000.launching.0: MainProcess                     : MainThread     : DEBUG   : ru_initialize_parent (NOOP)
2018-04-03 21:04:44,686: pmgr.0000.launching.0: MainProcess                     : MainThread     : DEBUG   : child thread pmgr.0000.launching.0.watch started
2018-04-03 21:04:44,686: pmgr.0000.launching.0: MainProcess                     : MainThread     : INFO    : child is alive
2018-04-03 21:04:44,686: pmgr.0000.launching.0: MainProcess                     : MainThread     : DEBUG   : process class started child
2018-04-03 21:18:09,175: pmgr.0000.launching.0: MainProcess                     : MainThread     : INFO    : stop pmgr.0000.launching.0 (6365 : 6422 : MainThread) [radical.pilot.pilot_manager.PilotManager.finalize_parent]
2018-04-03 21:18:09,213: pmgr.0000.launching.0: MainProcess                     : MainThread     : INFO    : parent stops child  6365 -> 6422 [pmgr.0000.launching.0]
2018-04-03 21:18:09,213: pmgr.0000.launching.0: MainProcess                     : MainThread     : INFO    : send message: [pmgr.0000.launching.0] STOP
2018-04-03 21:18:09,214: pmgr.0000.launching.0: MainProcess                     : MainThread     : DEBUG   : ru_finalize_common()
2018-04-03 21:18:09,214: pmgr.0000.launching.0: MainProcess                     : MainThread     : DEBUG   : TERM : pmgr.0000.launching.0 unregister publisher log_pubsub
2018-04-03 21:18:09,214: pmgr.0000.launching.0: MainProcess                     : MainThread     : DEBUG   : unregistered publisher log_pubsub
2018-04-03 21:18:09,215: pmgr.0000.launching.0: MainProcess                     : MainThread     : DEBUG   : TERM : pmgr.0000.launching.0 unregister publisher state_pubsub
2018-04-03 21:18:09,215: pmgr.0000.launching.0: MainProcess                     : MainThread     : DEBUG   : unregistered publisher state_pubsub
2018-04-03 21:18:09,215: pmgr.0000.launching.0: MainProcess                     : MainThread     : DEBUG   : TERM : pmgr.0000.launching.0 unregister publisher control_pubsub
2018-04-03 21:18:09,216: pmgr.0000.launching.0: MainProcess                     : MainThread     : DEBUG   : unregistered publisher control_pubsub
2018-04-03 21:18:09,217: pmgr.0000.launching.0: MainProcess                     : MainThread     : DEBUG   : pmgr.0000.launching.0 close prof
2018-04-03 21:18:09,255: pmgr.0000.launching.0: MainProcess                     : MainThread     : INFO    : parent stops child
2018-04-03 21:18:09,255: pmgr.0000.launching.0: MainProcess                     : MainThread     : DEBUG   : ru_finalize_parent (NOOP)
2018-04-03 21:18:09,255: pmgr.0000.launching.0: MainProcess                     : MainThread     : DEBUG   : ru_finalize_common (NOOP)
2018-04-03 21:18:09,295: pmgr.0000.launching.0: MainProcess                     : pmgr.0000.launching.0.watch: INFO    : watcher closes
2018-04-03 21:18:09,295: pmgr.0000.launching.0: MainProcess                     : pmgr.0000.launching.0.watch: INFO    : put message: [pmgr.0000.launching.0.watch.thread] work finished
2018-04-03 21:18:09,295: pmgr.0000.launching.0: MainProcess                     : pmgr.0000.launching.0.watch: DEBUG   : ru_finalize_child (NOOP)
2018-04-03 21:18:09,295: pmgr.0000.launching.0: MainProcess                     : pmgr.0000.launching.0.watch: DEBUG   : ru_finalize_common (NOOP)
2018-04-03 21:18:09,295: pmgr.0000.launching.0: MainProcess                     : pmgr.0000.launching.0.watch: INFO    : put message: [pmgr.0000.launching.0.watch.thread] terminating
2018-04-03 21:18:11,319: pmgr.0000.launching.0: MainProcess                     : MainThread     : WARNING : failed to stop child - terminate: 6365 -> 6422 [pmgr.0000.launching.0]
2018-04-03 21:18:11,673: pmgr.0000.launching.0: MainProcess                     : MainThread     : INFO    : stop pmgr.0000.launching.0 (6365 : 6422 : MainThread) [radical.pilot.utils.component.PilotManager.ru_finalize_common]
2018-04-03 21:18:14,642: pmgr.0000.launching.0: MainProcess                     : MainThread     : INFO    : stop pmgr.0000.launching.0 (6365 : 6422 : MainThread) [radical.pilot.session.Session.close]
