2018-04-03 20:38:19,533: state.pubsub.sub.0000: update.0                        : MainThread     : INFO    : python.interpreter   version: 2.7.14 (default, Sep 23 2017, 22:06:14) [GCC 7.2.0]
2018-04-03 20:38:19,534: state.pubsub.sub.0000: update.0                        : MainThread     : INFO    :                      pid: 2518
2018-04-03 20:38:19,534: state.pubsub.sub.0000: update.0                        : MainThread     : INFO    :                      tid: MainThread
2018-04-03 20:38:19,534: state.pubsub.sub.0000: update.0                        : MainThread     : INFO    : radical.pilot        version: 0.47-0.47-14-gb1dff8bd@devel
2018-04-03 20:38:19,534: state.pubsub.sub.0000: update.0                        : MainThread     : INFO    : create state_pubsub - sub - tcp://144.76.72.175:34539
2018-04-03 20:38:19,534: state.pubsub.sub.0000: update.0                        : MainThread     : DEBUG   : start process
2018-04-03 20:38:19,535: state.pubsub.sub.0000: update.0                        : MainThread     : DEBUG   : ru_initialize_common (NOOP)
2018-04-03 20:38:19,535: state.pubsub.sub.0000: update.0                        : MainThread     : DEBUG   : ru_initialize_parent (NOOP)
2018-04-03 20:38:19,535: state.pubsub.sub.0000: update.0                        : MainThread     : DEBUG   : process class started (no child)
2018-04-03 20:38:19,736: state.pubsub.sub.0000: MainProcess                     : MainThread     : INFO    : python.interpreter   version: 2.7.14 (default, Sep 23 2017, 22:06:14) [GCC 7.2.0]
2018-04-03 20:38:19,736: state.pubsub.sub.0000: MainProcess                     : MainThread     : INFO    :                      pid: 2489
2018-04-03 20:38:19,736: state.pubsub.sub.0000: MainProcess                     : MainThread     : INFO    :                      tid: MainThread
2018-04-03 20:38:19,736: state.pubsub.sub.0000: MainProcess                     : MainThread     : INFO    : radical.pilot        version: 0.47-0.47-14-gb1dff8bd@devel
2018-04-03 20:38:19,736: state.pubsub.sub.0000: MainProcess                     : MainThread     : INFO    : create state_pubsub - sub - tcp://144.76.72.175:34539
2018-04-03 20:38:19,736: state.pubsub.sub.0000: MainProcess                     : MainThread     : DEBUG   : start process
2018-04-03 20:38:19,736: state.pubsub.sub.0000: MainProcess                     : MainThread     : DEBUG   : ru_initialize_common (NOOP)
2018-04-03 20:38:19,736: state.pubsub.sub.0000: MainProcess                     : MainThread     : DEBUG   : ru_initialize_parent (NOOP)
2018-04-03 20:38:19,736: state.pubsub.sub.0000: MainProcess                     : MainThread     : DEBUG   : process class started (no child)
2018-04-03 20:51:51,366: state.pubsub.sub.0000: MainProcess                     : pmgr.0000.subscriber._state_sub_cb: INFO    : parent stops child  2489 -> None [state.pubsub.sub.0000]
2018-04-03 20:51:51,366: state.pubsub.sub.0000: MainProcess                     : pmgr.0000.subscriber._state_sub_cb: DEBUG   : ru_finalize_parent (NOOP)
2018-04-03 20:51:54,083: state.pubsub.sub.0000: update.0                        : MainThread     : INFO    : parent stops child  2518 -> None [state.pubsub.sub.0000]
2018-04-03 20:51:54,083: state.pubsub.sub.0000: update.0                        : MainThread     : DEBUG   : ru_finalize_parent (NOOP)
