2018-03-27 17:47:55,308: state.pubsub.sub.0001: umgr.0000.scheduling.0          : MainThread     : INFO    : python.interpreter   version: 2.7.14 (default, Sep 23 2017, 22:06:14) [GCC 7.2.0]
2018-03-27 17:47:55,308: state.pubsub.sub.0001: umgr.0000.scheduling.0          : MainThread     : INFO    :                      pid: 14319
2018-03-27 17:47:55,308: state.pubsub.sub.0001: umgr.0000.scheduling.0          : MainThread     : INFO    :                      tid: MainThread
2018-03-27 17:47:55,308: state.pubsub.sub.0001: umgr.0000.scheduling.0          : MainThread     : INFO    : radical.pilot        version: 0.47-0.47-14-gb1dff8bd@devel
2018-03-27 17:47:55,308: state.pubsub.sub.0001: umgr.0000.scheduling.0          : MainThread     : INFO    : create state_pubsub - sub - tcp://144.76.72.175:34193
2018-03-27 17:47:55,308: state.pubsub.sub.0001: umgr.0000.scheduling.0          : MainThread     : DEBUG   : start process
2018-03-27 17:47:55,308: state.pubsub.sub.0001: umgr.0000.scheduling.0          : MainThread     : DEBUG   : ru_initialize_common (NOOP)
2018-03-27 17:47:55,308: state.pubsub.sub.0001: umgr.0000.scheduling.0          : MainThread     : DEBUG   : ru_initialize_parent (NOOP)
2018-03-27 17:47:55,308: state.pubsub.sub.0001: umgr.0000.scheduling.0          : MainThread     : DEBUG   : process class started (no child)
2018-03-27 17:47:55,437: state.pubsub.sub.0001: MainProcess                     : MainThread     : INFO    : python.interpreter   version: 2.7.14 (default, Sep 23 2017, 22:06:14) [GCC 7.2.0]
2018-03-27 17:47:55,437: state.pubsub.sub.0001: MainProcess                     : MainThread     : INFO    :                      pid: 14132
2018-03-27 17:47:55,437: state.pubsub.sub.0001: MainProcess                     : MainThread     : INFO    :                      tid: MainThread
2018-03-27 17:47:55,437: state.pubsub.sub.0001: MainProcess                     : MainThread     : INFO    : radical.pilot        version: 0.47-0.47-14-gb1dff8bd@devel
2018-03-27 17:47:55,437: state.pubsub.sub.0001: MainProcess                     : MainThread     : INFO    : create state_pubsub - sub - tcp://144.76.72.175:34193
2018-03-27 17:47:55,438: state.pubsub.sub.0001: MainProcess                     : MainThread     : DEBUG   : start process
2018-03-27 17:47:55,438: state.pubsub.sub.0001: MainProcess                     : MainThread     : DEBUG   : ru_initialize_common (NOOP)
2018-03-27 17:47:55,438: state.pubsub.sub.0001: MainProcess                     : MainThread     : DEBUG   : ru_initialize_parent (NOOP)
2018-03-27 17:47:55,438: state.pubsub.sub.0001: MainProcess                     : MainThread     : DEBUG   : process class started (no child)
2018-03-27 18:01:58,139: state.pubsub.sub.0001: umgr.0000.scheduling.0          : MainThread     : INFO    : parent stops child  14319 -> None [state.pubsub.sub.0001]
2018-03-27 18:01:58,139: state.pubsub.sub.0001: umgr.0000.scheduling.0          : MainThread     : DEBUG   : ru_finalize_parent (NOOP)
2018-03-27 18:02:01,083: state.pubsub.sub.0001: MainProcess                     : MainThread     : INFO    : parent stops child  14132 -> None [state.pubsub.sub.0001]
2018-03-27 18:02:01,084: state.pubsub.sub.0001: MainProcess                     : MainThread     : DEBUG   : ru_finalize_parent (NOOP)
