2018-04-04 02:21:42,800: pmgr.0000.launching.0: MainProcess                     : MainThread     : INFO    : python.interpreter   version: 2.7.14 (default, Sep 23 2017, 22:06:14) [GCC 7.2.0]
2018-04-04 02:21:42,800: pmgr.0000.launching.0: MainProcess                     : MainThread     : INFO    :                      pid: 22089
2018-04-04 02:21:42,800: pmgr.0000.launching.0: MainProcess                     : MainThread     : INFO    :                      tid: MainThread
2018-04-04 02:21:42,800: pmgr.0000.launching.0: MainProcess                     : MainThread     : INFO    : radical.pilot        version: 0.47-0.47-14-gb1dff8bd@devel
2018-04-04 02:21:42,801: pmgr.0000.launching.0: MainProcess                     : MainThread     : DEBUG   : alive check in term
2018-04-04 02:21:42,801: pmgr.0000.launching.0: MainProcess                     : MainThread     : DEBUG   : start process
2018-04-04 02:21:42,869: pmgr.0000.launching.0: MainProcess                     : MainThread     : INFO    : recv message: alive
2018-04-04 02:21:42,869: pmgr.0000.launching.0: MainProcess                     : MainThread     : INFO    : initialize pmgr.0000.launching.0
2018-04-04 02:21:42,871: pmgr.0000.launching.0: MainProcess                     : MainThread     : INFO    : cfg: {'agents': {},
 u'bridges': {u'control_pubsub': {'addr_in': 'tcp://144.76.72.175:43013',
                                  'addr_out': 'tcp://144.76.72.175:32851',
                                  u'bulk_size': 0,
                                  u'log_level': u'debug',
                                  u'stall_hwm': 1},
              u'log_pubsub': {'addr_in': 'tcp://144.76.72.175:45419',
                              'addr_out': 'tcp://144.76.72.175:37205',
                              u'bulk_size': 0,
                              u'log_level': u'debug',
                              u'stall_hwm': 1},
              u'pmgr_launching_queue': {'addr_in': 'tcp://144.76.72.175:42239',
                                        'addr_out': 'tcp://144.76.72.175:37049',
                                        u'bulk_size': 0,
                                        u'log_level': u'debug',
                                        u'stall_hwm': 1},
              u'state_pubsub': {'addr_in': 'tcp://144.76.72.175:34847',
                                'addr_out': 'tcp://144.76.72.175:38349',
                                u'bulk_size': 0,
                                u'log_level': u'debug',
                                u'stall_hwm': 1}},
 'cname': u'PMGRLaunchingComponent',
 u'components': {},
 u'count': 1,
 u'db_poll_sleeptime': 1.0,
 'number': 0,
 'owner': 'pmgr.0000',
 'uid': 'pmgr.0000'}
2018-04-04 02:21:42,871: pmgr.0000.launching.0: MainProcess                     : MainThread     : DEBUG   : alive check in term
2018-04-04 02:21:42,871: pmgr.0000.launching.0: MainProcess                     : MainThread     : DEBUG   : START: pmgr.0000.launching.0 register publisher log_pubsub
2018-04-04 02:21:42,871: pmgr.0000.launching.0: MainProcess                     : MainThread     : DEBUG   : using addr tcp://144.76.72.175:45419 for pubsub log_pubsub
2018-04-04 02:21:42,872: pmgr.0000.launching.0: MainProcess                     : MainThread     : DEBUG   : registered publisher : log_pubsub : log.pubsub.pub.0001
2018-04-04 02:21:42,873: pmgr.0000.launching.0: MainProcess                     : MainThread     : DEBUG   : alive check in term
2018-04-04 02:21:42,873: pmgr.0000.launching.0: MainProcess                     : MainThread     : DEBUG   : START: pmgr.0000.launching.0 register publisher state_pubsub
2018-04-04 02:21:42,873: pmgr.0000.launching.0: MainProcess                     : MainThread     : DEBUG   : using addr tcp://144.76.72.175:34847 for pubsub state_pubsub
2018-04-04 02:21:42,875: pmgr.0000.launching.0: MainProcess                     : MainThread     : DEBUG   : registered publisher : state_pubsub : state.pubsub.pub.0001
2018-04-04 02:21:42,875: pmgr.0000.launching.0: MainProcess                     : MainThread     : DEBUG   : alive check in term
2018-04-04 02:21:42,875: pmgr.0000.launching.0: MainProcess                     : MainThread     : DEBUG   : START: pmgr.0000.launching.0 register publisher control_pubsub
2018-04-04 02:21:42,875: pmgr.0000.launching.0: MainProcess                     : MainThread     : DEBUG   : using addr tcp://144.76.72.175:43013 for pubsub control_pubsub
2018-04-04 02:21:42,877: pmgr.0000.launching.0: MainProcess                     : MainThread     : DEBUG   : registered publisher : control_pubsub : control.pubsub.pub.0001
2018-04-04 02:21:42,877: pmgr.0000.launching.0: MainProcess                     : MainThread     : DEBUG   : parent name: pmgr.0000.launching.0.watch
2018-04-04 02:21:42,877: pmgr.0000.launching.0: MainProcess                     : MainThread     : DEBUG   : start thread
2018-04-04 02:21:42,877: pmgr.0000.launching.0: MainProcess                     : pmgr.0000.launching.0.watch: DEBUG   : child name: pmgr.0000.launching.0.watch.thread
2018-04-04 02:21:42,878: pmgr.0000.launching.0: MainProcess                     : pmgr.0000.launching.0.watch: INFO    : child (me) initializing
2018-04-04 02:21:42,878: pmgr.0000.launching.0: MainProcess                     : pmgr.0000.launching.0.watch: DEBUG   : ru_initialize_common (NOOP)
2018-04-04 02:21:42,878: pmgr.0000.launching.0: MainProcess                     : pmgr.0000.launching.0.watch: DEBUG   : ru_initialize_child (NOOP)
2018-04-04 02:21:42,878: pmgr.0000.launching.0: MainProcess                     : pmgr.0000.launching.0.watch: INFO    : send alive
2018-04-04 02:21:42,878: pmgr.0000.launching.0: MainProcess                     : pmgr.0000.launching.0.watch: INFO    : put message: [pmgr.0000.launching.0.watch.thread] alive
2018-04-04 02:21:42,879: pmgr.0000.launching.0: MainProcess                     : MainThread     : INFO    : get msg: alive
2018-04-04 02:21:42,879: pmgr.0000.launching.0: MainProcess                     : MainThread     : DEBUG   : ru_initialize_common (NOOP)
2018-04-04 02:21:42,879: pmgr.0000.launching.0: MainProcess                     : MainThread     : DEBUG   : ru_initialize_parent (NOOP)
2018-04-04 02:21:42,879: pmgr.0000.launching.0: MainProcess                     : MainThread     : DEBUG   : child thread pmgr.0000.launching.0.watch started
2018-04-04 02:21:42,879: pmgr.0000.launching.0: MainProcess                     : MainThread     : INFO    : child is alive
2018-04-04 02:21:42,879: pmgr.0000.launching.0: MainProcess                     : MainThread     : DEBUG   : process class started child
2018-04-04 02:35:29,971: pmgr.0000.launching.0: MainProcess                     : MainThread     : INFO    : stop pmgr.0000.launching.0 (22089 : 22146 : MainThread) [radical.pilot.pilot_manager.PilotManager.finalize_parent]
2018-04-04 02:35:29,971: pmgr.0000.launching.0: MainProcess                     : MainThread     : INFO    : parent stops child  22089 -> 22146 [pmgr.0000.launching.0]
2018-04-04 02:35:29,971: pmgr.0000.launching.0: MainProcess                     : MainThread     : INFO    : send message: [pmgr.0000.launching.0] STOP
2018-04-04 02:35:29,971: pmgr.0000.launching.0: MainProcess                     : MainThread     : DEBUG   : ru_finalize_common()
2018-04-04 02:35:29,971: pmgr.0000.launching.0: MainProcess                     : MainThread     : DEBUG   : TERM : pmgr.0000.launching.0 unregister publisher log_pubsub
2018-04-04 02:35:29,972: pmgr.0000.launching.0: MainProcess                     : MainThread     : DEBUG   : unregistered publisher log_pubsub
2018-04-04 02:35:29,972: pmgr.0000.launching.0: MainProcess                     : MainThread     : DEBUG   : TERM : pmgr.0000.launching.0 unregister publisher state_pubsub
2018-04-04 02:35:29,972: pmgr.0000.launching.0: MainProcess                     : MainThread     : DEBUG   : unregistered publisher state_pubsub
2018-04-04 02:35:29,972: pmgr.0000.launching.0: MainProcess                     : MainThread     : DEBUG   : TERM : pmgr.0000.launching.0 unregister publisher control_pubsub
2018-04-04 02:35:29,972: pmgr.0000.launching.0: MainProcess                     : MainThread     : DEBUG   : unregistered publisher control_pubsub
2018-04-04 02:35:29,973: pmgr.0000.launching.0: MainProcess                     : MainThread     : DEBUG   : pmgr.0000.launching.0 close prof
2018-04-04 02:35:29,973: pmgr.0000.launching.0: MainProcess                     : MainThread     : INFO    : parent stops child
2018-04-04 02:35:29,973: pmgr.0000.launching.0: MainProcess                     : MainThread     : DEBUG   : ru_finalize_parent (NOOP)
2018-04-04 02:35:29,973: pmgr.0000.launching.0: MainProcess                     : MainThread     : DEBUG   : ru_finalize_common (NOOP)
2018-04-04 02:35:29,980: pmgr.0000.launching.0: MainProcess                     : pmgr.0000.launching.0.watch: INFO    : watcher closes
2018-04-04 02:35:29,980: pmgr.0000.launching.0: MainProcess                     : pmgr.0000.launching.0.watch: INFO    : put message: [pmgr.0000.launching.0.watch.thread] work finished
2018-04-04 02:35:29,981: pmgr.0000.launching.0: MainProcess                     : pmgr.0000.launching.0.watch: DEBUG   : ru_finalize_child (NOOP)
2018-04-04 02:35:29,981: pmgr.0000.launching.0: MainProcess                     : pmgr.0000.launching.0.watch: DEBUG   : ru_finalize_common (NOOP)
2018-04-04 02:35:29,981: pmgr.0000.launching.0: MainProcess                     : pmgr.0000.launching.0.watch: INFO    : put message: [pmgr.0000.launching.0.watch.thread] terminating
2018-04-04 02:35:31,989: pmgr.0000.launching.0: MainProcess                     : MainThread     : WARNING : failed to stop child - terminate: 22089 -> 22146 [pmgr.0000.launching.0]
2018-04-04 02:35:32,576: pmgr.0000.launching.0: MainProcess                     : MainThread     : INFO    : stop pmgr.0000.launching.0 (22089 : 22146 : MainThread) [radical.pilot.utils.component.PilotManager.ru_finalize_common]
2018-04-04 02:35:35,058: pmgr.0000.launching.0: MainProcess                     : MainThread     : INFO    : stop pmgr.0000.launching.0 (22089 : 22146 : MainThread) [radical.pilot.session.Session.close]
