2018-03-27 18:07:47,652: control.pubsub.sub.0000: update.0                        : MainThread     : INFO    : python.interpreter   version: 2.7.14 (default, Sep 23 2017, 22:06:14) [GCC 7.2.0]
2018-03-27 18:07:47,653: control.pubsub.sub.0000: update.0                        : MainThread     : INFO    :                      pid: 17191
2018-03-27 18:07:47,653: control.pubsub.sub.0000: update.0                        : MainThread     : INFO    :                      tid: MainThread
2018-03-27 18:07:47,653: control.pubsub.sub.0000: update.0                        : MainThread     : INFO    : radical.pilot        version: 0.47-0.47-14-gb1dff8bd@devel
2018-03-27 18:07:47,653: control.pubsub.sub.0000: update.0                        : MainThread     : INFO    : create control_pubsub - sub - tcp://144.76.72.175:41909
2018-03-27 18:07:47,654: control.pubsub.sub.0000: update.0                        : MainThread     : DEBUG   : start process
2018-03-27 18:07:47,654: control.pubsub.sub.0000: update.0                        : MainThread     : DEBUG   : ru_initialize_common (NOOP)
2018-03-27 18:07:47,654: control.pubsub.sub.0000: update.0                        : MainThread     : DEBUG   : ru_initialize_parent (NOOP)
2018-03-27 18:07:47,654: control.pubsub.sub.0000: update.0                        : MainThread     : DEBUG   : process class started (no child)
2018-03-27 18:07:48,322: control.pubsub.sub.0000: pmgr.0000.launching.0           : MainThread     : INFO    : python.interpreter   version: 2.7.14 (default, Sep 23 2017, 22:06:14) [GCC 7.2.0]
2018-03-27 18:07:48,322: control.pubsub.sub.0000: pmgr.0000.launching.0           : MainThread     : INFO    :                      pid: 17225
2018-03-27 18:07:48,323: control.pubsub.sub.0000: pmgr.0000.launching.0           : MainThread     : INFO    :                      tid: MainThread
2018-03-27 18:07:48,323: control.pubsub.sub.0000: pmgr.0000.launching.0           : MainThread     : INFO    : radical.pilot        version: 0.47-0.47-14-gb1dff8bd@devel
2018-03-27 18:07:48,323: control.pubsub.sub.0000: pmgr.0000.launching.0           : MainThread     : INFO    : create control_pubsub - sub - tcp://144.76.72.175:41909
2018-03-27 18:07:48,323: control.pubsub.sub.0000: pmgr.0000.launching.0           : MainThread     : DEBUG   : start process
2018-03-27 18:07:48,323: control.pubsub.sub.0000: pmgr.0000.launching.0           : MainThread     : DEBUG   : ru_initialize_common (NOOP)
2018-03-27 18:07:48,323: control.pubsub.sub.0000: pmgr.0000.launching.0           : MainThread     : DEBUG   : ru_initialize_parent (NOOP)
2018-03-27 18:07:48,324: control.pubsub.sub.0000: pmgr.0000.launching.0           : MainThread     : DEBUG   : process class started (no child)
2018-03-27 18:07:48,389: control.pubsub.sub.0000: MainProcess                     : MainThread     : INFO    : python.interpreter   version: 2.7.14 (default, Sep 23 2017, 22:06:14) [GCC 7.2.0]
2018-03-27 18:07:48,389: control.pubsub.sub.0000: MainProcess                     : MainThread     : INFO    :                      pid: 17158
2018-03-27 18:07:48,389: control.pubsub.sub.0000: MainProcess                     : MainThread     : INFO    :                      tid: MainThread
2018-03-27 18:07:48,389: control.pubsub.sub.0000: MainProcess                     : MainThread     : INFO    : radical.pilot        version: 0.47-0.47-14-gb1dff8bd@devel
2018-03-27 18:07:48,389: control.pubsub.sub.0000: MainProcess                     : MainThread     : INFO    : create control_pubsub - sub - tcp://144.76.72.175:41909
2018-03-27 18:07:48,389: control.pubsub.sub.0000: MainProcess                     : MainThread     : DEBUG   : start process
2018-03-27 18:07:48,390: control.pubsub.sub.0000: MainProcess                     : MainThread     : DEBUG   : ru_initialize_common (NOOP)
2018-03-27 18:07:48,390: control.pubsub.sub.0000: MainProcess                     : MainThread     : DEBUG   : ru_initialize_parent (NOOP)
2018-03-27 18:07:48,390: control.pubsub.sub.0000: MainProcess                     : MainThread     : DEBUG   : process class started (no child)
2018-03-27 18:21:12,300: control.pubsub.sub.0000: MainProcess                     : MainThread     : INFO    : parent stops child  17158 -> None [control.pubsub.sub.0000]
2018-03-27 18:21:12,300: control.pubsub.sub.0000: MainProcess                     : MainThread     : DEBUG   : ru_finalize_parent (NOOP)
2018-03-27 18:21:12,699: control.pubsub.sub.0000: update.0                        : MainThread     : INFO    : parent stops child  17191 -> None [control.pubsub.sub.0000]
2018-03-27 18:21:12,699: control.pubsub.sub.0000: update.0                        : MainThread     : DEBUG   : ru_finalize_parent (NOOP)
