2018-03-27 18:07:48,232: pmgr.launching.queue.bridge.0000: MainProcess                     : MainThread     : INFO    : python.interpreter   version: 2.7.14 (default, Sep 23 2017, 22:06:14) [GCC 7.2.0]
2018-03-27 18:07:48,233: pmgr.launching.queue.bridge.0000: MainProcess                     : MainThread     : INFO    :                      pid: 17158
2018-03-27 18:07:48,233: pmgr.launching.queue.bridge.0000: MainProcess                     : MainThread     : INFO    :                      tid: MainThread
2018-03-27 18:07:48,233: pmgr.launching.queue.bridge.0000: MainProcess                     : MainThread     : INFO    : radical.pilot        version: 0.47-0.47-14-gb1dff8bd@devel
2018-03-27 18:07:48,233: pmgr.launching.queue.bridge.0000: MainProcess                     : MainThread     : INFO    : create pmgr_launching_queue - bridge - tcp://*:*
2018-03-27 18:07:48,234: pmgr.launching.queue.bridge.0000: MainProcess                     : MainThread     : DEBUG   : start process
2018-03-27 18:07:48,238: pmgr.launching.queue.bridge.0000: pmgr.launching.queue.bridge.0000: MainThread     : DEBUG   : ru_initialize_common (NOOP)
2018-03-27 18:07:48,242: pmgr.launching.queue.bridge.0000: pmgr.launching.queue.bridge.0000.child: MainThread     : INFO    : child (me) initializing
2018-03-27 18:07:48,242: pmgr.launching.queue.bridge.0000: pmgr.launching.queue.bridge.0000.child: MainThread     : DEBUG   : parent name: pmgr.launching.queue.bridge.0000.child.watch
2018-03-27 18:07:48,242: pmgr.launching.queue.bridge.0000: pmgr.launching.queue.bridge.0000.child: MainThread     : DEBUG   : start thread
2018-03-27 18:07:48,243: pmgr.launching.queue.bridge.0000: pmgr.launching.queue.bridge.0000.child: pmgr.launching.queue.bridge.0000.child.watch: DEBUG   : child name: pmgr.launching.queue.bridge.0000.child.watch.thread
2018-03-27 18:07:48,243: pmgr.launching.queue.bridge.0000: pmgr.launching.queue.bridge.0000.child: pmgr.launching.queue.bridge.0000.child.watch: INFO    : child (me) initializing
2018-03-27 18:07:48,243: pmgr.launching.queue.bridge.0000: pmgr.launching.queue.bridge.0000.child: pmgr.launching.queue.bridge.0000.child.watch: DEBUG   : ru_initialize_common (NOOP)
2018-03-27 18:07:48,243: pmgr.launching.queue.bridge.0000: pmgr.launching.queue.bridge.0000.child: pmgr.launching.queue.bridge.0000.child.watch: DEBUG   : ru_initialize_child (NOOP)
2018-03-27 18:07:48,243: pmgr.launching.queue.bridge.0000: pmgr.launching.queue.bridge.0000.child: pmgr.launching.queue.bridge.0000.child.watch: INFO    : send alive
2018-03-27 18:07:48,243: pmgr.launching.queue.bridge.0000: pmgr.launching.queue.bridge.0000.child: pmgr.launching.queue.bridge.0000.child.watch: INFO    : put message: [pmgr.launching.queue.bridge.0000.child.watch.thread] alive
2018-03-27 18:07:48,244: pmgr.launching.queue.bridge.0000: pmgr.launching.queue.bridge.0000.child: MainThread     : INFO    : get msg: alive
2018-03-27 18:07:48,244: pmgr.launching.queue.bridge.0000: pmgr.launching.queue.bridge.0000.child: MainThread     : DEBUG   : ru_initialize_common (NOOP)
2018-03-27 18:07:48,244: pmgr.launching.queue.bridge.0000: pmgr.launching.queue.bridge.0000.child: MainThread     : DEBUG   : ru_initialize_parent (NOOP)
2018-03-27 18:07:48,244: pmgr.launching.queue.bridge.0000: pmgr.launching.queue.bridge.0000.child: MainThread     : DEBUG   : child thread pmgr.launching.queue.bridge.0000.child.watch started
2018-03-27 18:07:48,245: pmgr.launching.queue.bridge.0000: pmgr.launching.queue.bridge.0000.child: MainThread     : INFO    : child (me) is alive
2018-03-27 18:07:48,245: pmgr.launching.queue.bridge.0000: pmgr.launching.queue.bridge.0000.child: MainThread     : INFO    : send alive
2018-03-27 18:07:48,245: pmgr.launching.queue.bridge.0000: pmgr.launching.queue.bridge.0000.child: MainThread     : INFO    : send message: [pmgr.launching.queue.bridge.0000.child] alive
2018-03-27 18:07:48,245: pmgr.launching.queue.bridge.0000: MainProcess                     : MainThread     : INFO    : recv message: alive
2018-03-27 18:07:48,245: pmgr.launching.queue.bridge.0000: MainProcess                     : MainThread     : DEBUG   : ru_initialize_common (NOOP)
2018-03-27 18:07:48,245: pmgr.launching.queue.bridge.0000: MainProcess                     : MainThread     : DEBUG   : ru_initialize_parent (NOOP)
2018-03-27 18:07:48,245: pmgr.launching.queue.bridge.0000: MainProcess                     : MainThread     : DEBUG   : parent name: pmgr.launching.queue.bridge.0000.watch
2018-03-27 18:07:48,246: pmgr.launching.queue.bridge.0000: MainProcess                     : MainThread     : DEBUG   : start thread
2018-03-27 18:07:48,246: pmgr.launching.queue.bridge.0000: MainProcess                     : pmgr.launching.queue.bridge.0000.watch: DEBUG   : child name: pmgr.launching.queue.bridge.0000.watch.thread
2018-03-27 18:07:48,246: pmgr.launching.queue.bridge.0000: MainProcess                     : pmgr.launching.queue.bridge.0000.watch: INFO    : child (me) initializing
2018-03-27 18:07:48,246: pmgr.launching.queue.bridge.0000: MainProcess                     : pmgr.launching.queue.bridge.0000.watch: DEBUG   : ru_initialize_common (NOOP)
2018-03-27 18:07:48,246: pmgr.launching.queue.bridge.0000: MainProcess                     : pmgr.launching.queue.bridge.0000.watch: DEBUG   : ru_initialize_child (NOOP)
2018-03-27 18:07:48,246: pmgr.launching.queue.bridge.0000: MainProcess                     : pmgr.launching.queue.bridge.0000.watch: INFO    : send alive
2018-03-27 18:07:48,246: pmgr.launching.queue.bridge.0000: MainProcess                     : pmgr.launching.queue.bridge.0000.watch: INFO    : put message: [pmgr.launching.queue.bridge.0000.watch.thread] alive
2018-03-27 18:07:48,247: pmgr.launching.queue.bridge.0000: MainProcess                     : MainThread     : INFO    : get msg: alive
2018-03-27 18:07:48,247: pmgr.launching.queue.bridge.0000: MainProcess                     : MainThread     : DEBUG   : ru_initialize_common (NOOP)
2018-03-27 18:07:48,247: pmgr.launching.queue.bridge.0000: MainProcess                     : MainThread     : DEBUG   : ru_initialize_parent (NOOP)
2018-03-27 18:07:48,247: pmgr.launching.queue.bridge.0000: MainProcess                     : MainThread     : DEBUG   : child thread pmgr.launching.queue.bridge.0000.watch started
2018-03-27 18:07:48,247: pmgr.launching.queue.bridge.0000: MainProcess                     : MainThread     : INFO    : child is alive
2018-03-27 18:07:48,247: pmgr.launching.queue.bridge.0000: MainProcess                     : MainThread     : DEBUG   : process class started child
2018-03-27 18:21:11,370: pmgr.launching.queue.bridge.0000: MainProcess                     : MainThread     : INFO    : parent stops child  17158 -> 17219 [pmgr.launching.queue.bridge.0000]
2018-03-27 18:21:11,370: pmgr.launching.queue.bridge.0000: MainProcess                     : MainThread     : INFO    : send message: [pmgr.launching.queue.bridge.0000] STOP
2018-03-27 18:21:11,370: pmgr.launching.queue.bridge.0000: MainProcess                     : MainThread     : DEBUG   : ru_finalize_parent (NOOP)
2018-03-27 18:21:11,370: pmgr.launching.queue.bridge.0000: MainProcess                     : MainThread     : INFO    : parent stops child
2018-03-27 18:21:11,371: pmgr.launching.queue.bridge.0000: MainProcess                     : MainThread     : DEBUG   : ru_finalize_parent (NOOP)
2018-03-27 18:21:11,371: pmgr.launching.queue.bridge.0000: MainProcess                     : MainThread     : DEBUG   : ru_finalize_common (NOOP)
2018-03-27 18:21:11,398: pmgr.launching.queue.bridge.0000: pmgr.launching.queue.bridge.0000.child: pmgr.launching.queue.bridge.0000.child.watch: INFO    : recv message: STOP
2018-03-27 18:21:11,398: pmgr.launching.queue.bridge.0000: pmgr.launching.queue.bridge.0000.child: pmgr.launching.queue.bridge.0000.child.watch: INFO    : message received: STOP
2018-03-27 18:21:11,399: pmgr.launching.queue.bridge.0000: pmgr.launching.queue.bridge.0000.child: pmgr.launching.queue.bridge.0000.child.watch: INFO    : STOP received: STOP
2018-03-27 18:21:11,399: pmgr.launching.queue.bridge.0000: pmgr.launching.queue.bridge.0000.child: pmgr.launching.queue.bridge.0000.child.watch: INFO    : watcher closes
2018-03-27 18:21:11,399: pmgr.launching.queue.bridge.0000: pmgr.launching.queue.bridge.0000.child: pmgr.launching.queue.bridge.0000.child.watch: INFO    : put message: [pmgr.launching.queue.bridge.0000.child.watch.thread] work finished
2018-03-27 18:21:11,399: pmgr.launching.queue.bridge.0000: pmgr.launching.queue.bridge.0000.child: pmgr.launching.queue.bridge.0000.child.watch: DEBUG   : ru_finalize_child (NOOP)
2018-03-27 18:21:11,399: pmgr.launching.queue.bridge.0000: pmgr.launching.queue.bridge.0000.child: pmgr.launching.queue.bridge.0000.child.watch: DEBUG   : ru_finalize_common (NOOP)
2018-03-27 18:21:11,400: pmgr.launching.queue.bridge.0000: pmgr.launching.queue.bridge.0000.child: pmgr.launching.queue.bridge.0000.child.watch: INFO    : put message: [pmgr.launching.queue.bridge.0000.child.watch.thread] terminating
2018-03-27 18:21:11,424: pmgr.launching.queue.bridge.0000: MainProcess                     : pmgr.launching.queue.bridge.0000.watch: INFO    : watcher closes
2018-03-27 18:21:11,424: pmgr.launching.queue.bridge.0000: MainProcess                     : pmgr.launching.queue.bridge.0000.watch: INFO    : put message: [pmgr.launching.queue.bridge.0000.watch.thread] work finished
2018-03-27 18:21:11,424: pmgr.launching.queue.bridge.0000: MainProcess                     : pmgr.launching.queue.bridge.0000.watch: DEBUG   : ru_finalize_child (NOOP)
2018-03-27 18:21:11,424: pmgr.launching.queue.bridge.0000: MainProcess                     : pmgr.launching.queue.bridge.0000.watch: DEBUG   : ru_finalize_common (NOOP)
2018-03-27 18:21:11,425: pmgr.launching.queue.bridge.0000: MainProcess                     : pmgr.launching.queue.bridge.0000.watch: INFO    : put message: [pmgr.launching.queue.bridge.0000.watch.thread] terminating
2018-03-27 18:21:12,209: pmgr.launching.queue.bridge.0000: pmgr.launching.queue.bridge.0000.child: MainThread     : INFO    : send message: [pmgr.launching.queue.bridge.0000.child] work finished
2018-03-27 18:21:12,210: pmgr.launching.queue.bridge.0000: pmgr.launching.queue.bridge.0000.child: MainThread     : WARNING : send failed ([Errno 9] Bad file descriptor) - terminate
2018-03-27 18:21:12,210: pmgr.launching.queue.bridge.0000: pmgr.launching.queue.bridge.0000.child: MainThread     : DEBUG   : ru_finalize_child (NOOP)
2018-03-27 18:21:12,211: pmgr.launching.queue.bridge.0000: pmgr.launching.queue.bridge.0000.child: MainThread     : INFO    : send message: [pmgr.launching.queue.bridge.0000.child] terminating
2018-03-27 18:21:12,211: pmgr.launching.queue.bridge.0000: pmgr.launching.queue.bridge.0000.child: MainThread     : WARNING : send failed ([Errno 9] Bad file descriptor) - terminate
