2018-03-27 18:07:54,490: state.pubsub.pub.0003: umgr.0000.staging.input.0       : MainThread     : INFO    : python.interpreter   version: 2.7.14 (default, Sep 23 2017, 22:06:14) [GCC 7.2.0]
2018-03-27 18:07:54,490: state.pubsub.pub.0003: umgr.0000.staging.input.0       : MainThread     : INFO    :                      pid: 17311
2018-03-27 18:07:54,491: state.pubsub.pub.0003: umgr.0000.staging.input.0       : MainThread     : INFO    :                      tid: MainThread
2018-03-27 18:07:54,491: state.pubsub.pub.0003: umgr.0000.staging.input.0       : MainThread     : INFO    : radical.pilot        version: 0.47-0.47-14-gb1dff8bd@devel
2018-03-27 18:07:54,491: state.pubsub.pub.0003: umgr.0000.staging.input.0       : MainThread     : INFO    : create state_pubsub - pub - tcp://144.76.72.175:40071
2018-03-27 18:07:54,491: state.pubsub.pub.0003: umgr.0000.staging.input.0       : MainThread     : DEBUG   : start process
2018-03-27 18:07:54,492: state.pubsub.pub.0003: umgr.0000.staging.input.0       : MainThread     : DEBUG   : ru_initialize_common (NOOP)
2018-03-27 18:07:54,492: state.pubsub.pub.0003: umgr.0000.staging.input.0       : MainThread     : DEBUG   : ru_initialize_parent (NOOP)
2018-03-27 18:07:54,492: state.pubsub.pub.0003: umgr.0000.staging.input.0       : MainThread     : DEBUG   : process class started (no child)
2018-03-27 18:07:54,545: state.pubsub.pub.0003: MainProcess                     : MainThread     : INFO    : python.interpreter   version: 2.7.14 (default, Sep 23 2017, 22:06:14) [GCC 7.2.0]
2018-03-27 18:07:54,546: state.pubsub.pub.0003: MainProcess                     : MainThread     : INFO    :                      pid: 17158
2018-03-27 18:07:54,546: state.pubsub.pub.0003: MainProcess                     : MainThread     : INFO    :                      tid: MainThread
2018-03-27 18:07:54,546: state.pubsub.pub.0003: MainProcess                     : MainThread     : INFO    : radical.pilot        version: 0.47-0.47-14-gb1dff8bd@devel
2018-03-27 18:07:54,546: state.pubsub.pub.0003: MainProcess                     : MainThread     : INFO    : create state_pubsub - pub - tcp://144.76.72.175:40071
2018-03-27 18:07:54,546: state.pubsub.pub.0003: MainProcess                     : MainThread     : DEBUG   : start process
2018-03-27 18:07:54,546: state.pubsub.pub.0003: MainProcess                     : MainThread     : DEBUG   : ru_initialize_common (NOOP)
2018-03-27 18:07:54,546: state.pubsub.pub.0003: MainProcess                     : MainThread     : DEBUG   : ru_initialize_parent (NOOP)
2018-03-27 18:07:54,546: state.pubsub.pub.0003: MainProcess                     : MainThread     : DEBUG   : process class started (no child)
2018-03-27 18:21:03,391: state.pubsub.pub.0003: MainProcess                     : MainThread     : INFO    : parent stops child  17158 -> None [state.pubsub.pub.0003]
2018-03-27 18:21:03,391: state.pubsub.pub.0003: MainProcess                     : MainThread     : DEBUG   : ru_finalize_parent (NOOP)
2018-03-27 18:21:03,967: state.pubsub.pub.0003: umgr.0000.staging.input.0       : MainThread     : INFO    : parent stops child  17311 -> None [state.pubsub.pub.0003]
2018-03-27 18:21:03,967: state.pubsub.pub.0003: umgr.0000.staging.input.0       : MainThread     : DEBUG   : ru_finalize_parent (NOOP)
