2018-03-27 18:07:54,672: state.pubsub.pub.0005: umgr.0000.scheduling.0          : MainThread     : INFO    : python.interpreter   version: 2.7.14 (default, Sep 23 2017, 22:06:14) [GCC 7.2.0]
2018-03-27 18:07:54,673: state.pubsub.pub.0005: umgr.0000.scheduling.0          : MainThread     : INFO    :                      pid: 17354
2018-03-27 18:07:54,673: state.pubsub.pub.0005: umgr.0000.scheduling.0          : MainThread     : INFO    :                      tid: MainThread
2018-03-27 18:07:54,673: state.pubsub.pub.0005: umgr.0000.scheduling.0          : MainThread     : INFO    : radical.pilot        version: 0.47-0.47-14-gb1dff8bd@devel
2018-03-27 18:07:54,673: state.pubsub.pub.0005: umgr.0000.scheduling.0          : MainThread     : INFO    : create state_pubsub - pub - tcp://144.76.72.175:40071
2018-03-27 18:07:54,673: state.pubsub.pub.0005: umgr.0000.scheduling.0          : MainThread     : DEBUG   : start process
2018-03-27 18:07:54,673: state.pubsub.pub.0005: umgr.0000.scheduling.0          : MainThread     : DEBUG   : ru_initialize_common (NOOP)
2018-03-27 18:07:54,674: state.pubsub.pub.0005: umgr.0000.scheduling.0          : MainThread     : DEBUG   : ru_initialize_parent (NOOP)
2018-03-27 18:07:54,674: state.pubsub.pub.0005: umgr.0000.scheduling.0          : MainThread     : DEBUG   : process class started (no child)
2018-03-27 18:07:54,696: state.pubsub.pub.0005: MainProcess                     : MainThread     : INFO    : python.interpreter   version: 2.7.14 (default, Sep 23 2017, 22:06:14) [GCC 7.2.0]
2018-03-27 18:07:54,696: state.pubsub.pub.0005: MainProcess                     : MainThread     : INFO    :                      pid: 17158
2018-03-27 18:07:54,696: state.pubsub.pub.0005: MainProcess                     : MainThread     : INFO    :                      tid: MainThread
2018-03-27 18:07:54,696: state.pubsub.pub.0005: MainProcess                     : MainThread     : INFO    : radical.pilot        version: 0.47-0.47-14-gb1dff8bd@devel
2018-03-27 18:07:54,696: state.pubsub.pub.0005: MainProcess                     : MainThread     : INFO    : create state_pubsub - pub - tcp://144.76.72.175:40071
2018-03-27 18:07:54,696: state.pubsub.pub.0005: MainProcess                     : MainThread     : DEBUG   : start process
2018-03-27 18:07:54,696: state.pubsub.pub.0005: MainProcess                     : MainThread     : DEBUG   : ru_initialize_common (NOOP)
2018-03-27 18:07:54,696: state.pubsub.pub.0005: MainProcess                     : MainThread     : DEBUG   : ru_initialize_parent (NOOP)
2018-03-27 18:07:54,697: state.pubsub.pub.0005: MainProcess                     : MainThread     : DEBUG   : process class started (no child)
2018-03-27 18:21:04,342: state.pubsub.pub.0005: MainProcess                     : MainThread     : INFO    : parent stops child  17158 -> None [state.pubsub.pub.0005]
2018-03-27 18:21:04,343: state.pubsub.pub.0005: MainProcess                     : MainThread     : DEBUG   : ru_finalize_parent (NOOP)
2018-03-27 18:21:05,309: state.pubsub.pub.0005: umgr.0000.scheduling.0          : MainThread     : INFO    : parent stops child  17354 -> None [state.pubsub.pub.0005]
2018-03-27 18:21:05,309: state.pubsub.pub.0005: umgr.0000.scheduling.0          : MainThread     : DEBUG   : ru_finalize_parent (NOOP)
