2018-03-27 18:07:54,684: state.pubsub.sub.0001: umgr.0000.scheduling.0          : MainThread     : INFO    : python.interpreter   version: 2.7.14 (default, Sep 23 2017, 22:06:14) [GCC 7.2.0]
2018-03-27 18:07:54,684: state.pubsub.sub.0001: umgr.0000.scheduling.0          : MainThread     : INFO    :                      pid: 17354
2018-03-27 18:07:54,684: state.pubsub.sub.0001: umgr.0000.scheduling.0          : MainThread     : INFO    :                      tid: MainThread
2018-03-27 18:07:54,684: state.pubsub.sub.0001: umgr.0000.scheduling.0          : MainThread     : INFO    : radical.pilot        version: 0.47-0.47-14-gb1dff8bd@devel
2018-03-27 18:07:54,684: state.pubsub.sub.0001: umgr.0000.scheduling.0          : MainThread     : INFO    : create state_pubsub - sub - tcp://144.76.72.175:34343
2018-03-27 18:07:54,685: state.pubsub.sub.0001: umgr.0000.scheduling.0          : MainThread     : DEBUG   : start process
2018-03-27 18:07:54,685: state.pubsub.sub.0001: umgr.0000.scheduling.0          : MainThread     : DEBUG   : ru_initialize_common (NOOP)
2018-03-27 18:07:54,685: state.pubsub.sub.0001: umgr.0000.scheduling.0          : MainThread     : DEBUG   : ru_initialize_parent (NOOP)
2018-03-27 18:07:54,685: state.pubsub.sub.0001: umgr.0000.scheduling.0          : MainThread     : DEBUG   : process class started (no child)
2018-03-27 18:07:54,819: state.pubsub.sub.0001: MainProcess                     : MainThread     : INFO    : python.interpreter   version: 2.7.14 (default, Sep 23 2017, 22:06:14) [GCC 7.2.0]
2018-03-27 18:07:54,819: state.pubsub.sub.0001: MainProcess                     : MainThread     : INFO    :                      pid: 17158
2018-03-27 18:07:54,819: state.pubsub.sub.0001: MainProcess                     : MainThread     : INFO    :                      tid: MainThread
2018-03-27 18:07:54,820: state.pubsub.sub.0001: MainProcess                     : MainThread     : INFO    : radical.pilot        version: 0.47-0.47-14-gb1dff8bd@devel
2018-03-27 18:07:54,820: state.pubsub.sub.0001: MainProcess                     : MainThread     : INFO    : create state_pubsub - sub - tcp://144.76.72.175:34343
2018-03-27 18:07:54,820: state.pubsub.sub.0001: MainProcess                     : MainThread     : DEBUG   : start process
2018-03-27 18:07:54,820: state.pubsub.sub.0001: MainProcess                     : MainThread     : DEBUG   : ru_initialize_common (NOOP)
2018-03-27 18:07:54,821: state.pubsub.sub.0001: MainProcess                     : MainThread     : DEBUG   : ru_initialize_parent (NOOP)
2018-03-27 18:07:54,821: state.pubsub.sub.0001: MainProcess                     : MainThread     : DEBUG   : process class started (no child)
2018-03-27 18:21:05,324: state.pubsub.sub.0001: umgr.0000.scheduling.0          : MainThread     : INFO    : parent stops child  17354 -> None [state.pubsub.sub.0001]
2018-03-27 18:21:05,324: state.pubsub.sub.0001: umgr.0000.scheduling.0          : MainThread     : DEBUG   : ru_finalize_parent (NOOP)
2018-03-27 18:21:09,260: state.pubsub.sub.0001: MainProcess                     : MainThread     : INFO    : parent stops child  17158 -> None [state.pubsub.sub.0001]
2018-03-27 18:21:09,260: state.pubsub.sub.0001: MainProcess                     : MainThread     : DEBUG   : ru_finalize_parent (NOOP)
