2018-03-27 05:54:23,254: control.pubsub.pub.0000: update.0                        : MainThread     : INFO    : python.interpreter   version: 2.7.14 (default, Sep 23 2017, 22:06:14) [GCC 7.2.0]
2018-03-27 05:54:23,254: control.pubsub.pub.0000: update.0                        : MainThread     : INFO    :                      pid: 25238
2018-03-27 05:54:23,254: control.pubsub.pub.0000: update.0                        : MainThread     : INFO    :                      tid: MainThread
2018-03-27 05:54:23,254: control.pubsub.pub.0000: update.0                        : MainThread     : INFO    : radical.pilot        version: 0.47-0.47-14-gb1dff8bd@devel
2018-03-27 05:54:23,255: control.pubsub.pub.0000: update.0                        : MainThread     : INFO    : create control_pubsub - pub - tcp://144.76.72.175:37389
2018-03-27 05:54:23,255: control.pubsub.pub.0000: update.0                        : MainThread     : DEBUG   : start process
2018-03-27 05:54:23,255: control.pubsub.pub.0000: update.0                        : MainThread     : DEBUG   : ru_initialize_common (NOOP)
2018-03-27 05:54:23,255: control.pubsub.pub.0000: update.0                        : MainThread     : DEBUG   : ru_initialize_parent (NOOP)
2018-03-27 05:54:23,256: control.pubsub.pub.0000: update.0                        : MainThread     : DEBUG   : process class started (no child)
2018-03-27 05:54:23,812: control.pubsub.pub.0000: MainProcess                     : MainThread     : INFO    : python.interpreter   version: 2.7.14 (default, Sep 23 2017, 22:06:14) [GCC 7.2.0]
2018-03-27 05:54:23,813: control.pubsub.pub.0000: MainProcess                     : MainThread     : INFO    :                      pid: 25209
2018-03-27 05:54:23,813: control.pubsub.pub.0000: MainProcess                     : MainThread     : INFO    :                      tid: MainThread
2018-03-27 05:54:23,813: control.pubsub.pub.0000: MainProcess                     : MainThread     : INFO    : radical.pilot        version: 0.47-0.47-14-gb1dff8bd@devel
2018-03-27 05:54:23,813: control.pubsub.pub.0000: MainProcess                     : MainThread     : INFO    : create control_pubsub - pub - tcp://144.76.72.175:37389
2018-03-27 05:54:23,813: control.pubsub.pub.0000: MainProcess                     : MainThread     : DEBUG   : start process
2018-03-27 05:54:23,813: control.pubsub.pub.0000: MainProcess                     : MainThread     : DEBUG   : ru_initialize_common (NOOP)
2018-03-27 05:54:23,813: control.pubsub.pub.0000: MainProcess                     : MainThread     : DEBUG   : ru_initialize_parent (NOOP)
2018-03-27 05:54:23,813: control.pubsub.pub.0000: MainProcess                     : MainThread     : DEBUG   : process class started (no child)
2018-03-27 06:13:49,818: control.pubsub.pub.0000: MainProcess                     : MainThread     : INFO    : parent stops child  25209 -> None [control.pubsub.pub.0000]
2018-03-27 06:13:49,818: control.pubsub.pub.0000: MainProcess                     : MainThread     : DEBUG   : ru_finalize_parent (NOOP)
2018-03-27 06:13:50,015: control.pubsub.pub.0000: update.0                        : MainThread     : INFO    : parent stops child  25238 -> None [control.pubsub.pub.0000]
2018-03-27 06:13:50,015: control.pubsub.pub.0000: update.0                        : MainThread     : DEBUG   : ru_finalize_parent (NOOP)
