2018-03-27 05:54:23,276: control.pubsub.sub.0000: update.0                        : MainThread     : INFO    : python.interpreter   version: 2.7.14 (default, Sep 23 2017, 22:06:14) [GCC 7.2.0]
2018-03-27 05:54:23,277: control.pubsub.sub.0000: update.0                        : MainThread     : INFO    :                      pid: 25238
2018-03-27 05:54:23,277: control.pubsub.sub.0000: update.0                        : MainThread     : INFO    :                      tid: MainThread
2018-03-27 05:54:23,277: control.pubsub.sub.0000: update.0                        : MainThread     : INFO    : radical.pilot        version: 0.47-0.47-14-gb1dff8bd@devel
2018-03-27 05:54:23,277: control.pubsub.sub.0000: update.0                        : MainThread     : INFO    : create control_pubsub - sub - tcp://144.76.72.175:41737
2018-03-27 05:54:23,278: control.pubsub.sub.0000: update.0                        : MainThread     : DEBUG   : start process
2018-03-27 05:54:23,278: control.pubsub.sub.0000: update.0                        : MainThread     : DEBUG   : ru_initialize_common (NOOP)
2018-03-27 05:54:23,278: control.pubsub.sub.0000: update.0                        : MainThread     : DEBUG   : ru_initialize_parent (NOOP)
2018-03-27 05:54:23,278: control.pubsub.sub.0000: update.0                        : MainThread     : DEBUG   : process class started (no child)
2018-03-27 05:54:23,894: control.pubsub.sub.0000: pmgr.0000.launching.0           : MainThread     : INFO    : python.interpreter   version: 2.7.14 (default, Sep 23 2017, 22:06:14) [GCC 7.2.0]
2018-03-27 05:54:23,894: control.pubsub.sub.0000: pmgr.0000.launching.0           : MainThread     : INFO    :                      pid: 25266
2018-03-27 05:54:23,894: control.pubsub.sub.0000: pmgr.0000.launching.0           : MainThread     : INFO    :                      tid: MainThread
2018-03-27 05:54:23,894: control.pubsub.sub.0000: pmgr.0000.launching.0           : MainThread     : INFO    : radical.pilot        version: 0.47-0.47-14-gb1dff8bd@devel
2018-03-27 05:54:23,894: control.pubsub.sub.0000: pmgr.0000.launching.0           : MainThread     : INFO    : create control_pubsub - sub - tcp://144.76.72.175:41737
2018-03-27 05:54:23,894: control.pubsub.sub.0000: pmgr.0000.launching.0           : MainThread     : DEBUG   : start process
2018-03-27 05:54:23,895: control.pubsub.sub.0000: pmgr.0000.launching.0           : MainThread     : DEBUG   : ru_initialize_common (NOOP)
2018-03-27 05:54:23,895: control.pubsub.sub.0000: pmgr.0000.launching.0           : MainThread     : DEBUG   : ru_initialize_parent (NOOP)
2018-03-27 05:54:23,895: control.pubsub.sub.0000: pmgr.0000.launching.0           : MainThread     : DEBUG   : process class started (no child)
2018-03-27 05:54:23,943: control.pubsub.sub.0000: MainProcess                     : MainThread     : INFO    : python.interpreter   version: 2.7.14 (default, Sep 23 2017, 22:06:14) [GCC 7.2.0]
2018-03-27 05:54:23,943: control.pubsub.sub.0000: MainProcess                     : MainThread     : INFO    :                      pid: 25209
2018-03-27 05:54:23,943: control.pubsub.sub.0000: MainProcess                     : MainThread     : INFO    :                      tid: MainThread
2018-03-27 05:54:23,943: control.pubsub.sub.0000: MainProcess                     : MainThread     : INFO    : radical.pilot        version: 0.47-0.47-14-gb1dff8bd@devel
2018-03-27 05:54:23,944: control.pubsub.sub.0000: MainProcess                     : MainThread     : INFO    : create control_pubsub - sub - tcp://144.76.72.175:41737
2018-03-27 05:54:23,944: control.pubsub.sub.0000: MainProcess                     : MainThread     : DEBUG   : start process
2018-03-27 05:54:23,944: control.pubsub.sub.0000: MainProcess                     : MainThread     : DEBUG   : ru_initialize_common (NOOP)
2018-03-27 05:54:23,944: control.pubsub.sub.0000: MainProcess                     : MainThread     : DEBUG   : ru_initialize_parent (NOOP)
2018-03-27 05:54:23,944: control.pubsub.sub.0000: MainProcess                     : MainThread     : DEBUG   : process class started (no child)
2018-03-27 06:13:49,774: control.pubsub.sub.0000: MainProcess                     : MainThread     : INFO    : parent stops child  25209 -> None [control.pubsub.sub.0000]
2018-03-27 06:13:49,774: control.pubsub.sub.0000: MainProcess                     : MainThread     : DEBUG   : ru_finalize_parent (NOOP)
2018-03-27 06:13:50,057: control.pubsub.sub.0000: update.0                        : MainThread     : INFO    : parent stops child  25238 -> None [control.pubsub.sub.0000]
2018-03-27 06:13:50,057: control.pubsub.sub.0000: update.0                        : MainThread     : DEBUG   : ru_finalize_parent (NOOP)
