2018-03-27 05:54:29,480: radical.saga.pty    : pmgr.0000.launching.0           : MainThread     : INFO    : python.interpreter   version: 2.7.14 (default, Sep 23 2017, 22:06:14) [GCC 7.2.0]
2018-03-27 05:54:29,481: radical.saga.pty    : pmgr.0000.launching.0           : MainThread     : INFO    :                      pid: 25266
2018-03-27 05:54:29,481: radical.saga.pty    : pmgr.0000.launching.0           : MainThread     : INFO    :                      tid: MainThread
2018-03-27 05:54:29,481: radical.saga.pty    : pmgr.0000.launching.0           : MainThread     : DEBUG   : PTYShell init <saga.utils.pty_shell.PTYShell object at 0x7efe8c9f5690>
2018-03-27 05:54:29,483: radical.saga.pty    : pmgr.0000.launching.0           : MainThread     : INFO    : PTY prompt pattern: [\$#%>\]]\s*$
2018-03-27 05:54:29,483: radical.saga.pty    : pmgr.0000.launching.0           : MainThread     : INFO    : ssh copy  mode set to 'sftp'
2018-03-27 05:54:29,483: radical.saga.pty    : pmgr.0000.launching.0           : MainThread     : INFO    : ssh share mode set to 'auto'
2018-03-27 05:54:29,483: radical.saga.pty    : pmgr.0000.launching.0           : MainThread     : INFO    : ssh timeout    set to '10.0'
2018-03-27 05:54:29,484: radical.saga.pty    : pmgr.0000.launching.0           : MainThread     : DEBUG   : SSH Connection M_FLAGS: -o ControlMaster=auto -o ControlPath=/tmp/saga_ssh_george_%h_%p.ctrl -o TCPKeepAlive=no  -o ServerAliveInterval=10 -o ServerAliveCountMax=20 -o ConnectTimeout=10
2018-03-27 05:54:29,484: radical.saga.pty    : pmgr.0000.launching.0           : MainThread     : DEBUG   : SSH Connection S_FLAGS: -o ControlMaster=auto -o ControlPath=/tmp/saga_ssh_george_%h_%p.ctrl -o TCPKeepAlive=no  -o ServerAliveInterval=10 -o ServerAliveCountMax=20 -o ConnectTimeout=10
2018-03-27 05:54:29,484: radical.saga.pty    : pmgr.0000.launching.0           : MainThread     : DEBUG   : open master pty for [ssh] [supermic.cct-lsu.xsede.org] george: /usr/bin/env TERM=vt100 X509_USER_PROXY='/tmp/x509up_u1012'  "/usr/bin/gsissh" -t -o IdentityFile=/home/george/.ssh/id_rsa -o Port=2222  -o ControlMaster=auto -o ControlPath=/tmp/saga_ssh_george_%h_%p.ctrl -o TCPKeepAlive=no  -o ServerAliveInterval=10 -o ServerAliveCountMax=20 -o ConnectTimeout=10 supermic.cct-lsu.xsede.org'
2018-03-27 05:54:29,484: radical.saga.pty    : pmgr.0000.launching.0           : MainThread     : DEBUG   : PTYProcess init <saga.utils.pty_process.PTYProcess object at 0x7efe8c188250>
2018-03-27 05:54:29,484: radical.saga.pty    : pmgr.0000.launching.0           : MainThread     : INFO    : running: /usr/bin/env TERM=vt100 X509_USER_PROXY=/tmp/x509up_u1012 /usr/bin/gsissh -t -o IdentityFile=/home/george/.ssh/id_rsa -o Port=2222 -o ControlMaster=auto -o ControlPath=/tmp/saga_ssh_george_%h_%p.ctrl -o TCPKeepAlive=no -o ServerAliveInterval=10 -o ServerAliveCountMax=20 -o ConnectTimeout=10 supermic.cct-lsu.xsede.org
2018-03-27 05:54:29,486: radical.saga.pty    : pmgr.0000.launching.0           : MainThread     : DEBUG   : write: [  129] [   51] ( export PROMPT_COMMAND='' PS1='$' ; set prompt='$'\n)
2018-03-27 05:54:29,780: radical.saga.pty    : pmgr.0000.launching.0           : MainThread     : DEBUG   : read : [  129] [ 1569] (Last login: Mon Mar 26 22:54:2 ... **************************\n\n)
2018-03-27 05:54:29,782: radical.saga.pty    : pmgr.0000.launching.0           : MainThread     : DEBUG   : got initial shell prompt (6) (Last login: Mon Mar 26 22:54:28 2018 from 144.76.72.175
##############################################################################)
2018-03-27 05:54:29,782: radical.saga.pty    : pmgr.0000.launching.0           : MainThread     : DEBUG   : Got initial shell prompt (6) (Last login: Mon Mar 26 22:54:28 2018 from 144.76.72.175
##############################################################################)
2018-03-27 05:54:29,783: radical.saga.pty    : pmgr.0000.launching.0           : MainThread     : DEBUG   : PTYProcess init <saga.utils.pty_process.PTYProcess object at 0x7efe8c1883d0>
2018-03-27 05:54:29,783: radical.saga.pty    : pmgr.0000.launching.0           : MainThread     : INFO    : running: /usr/bin/env TERM=vt100 X509_USER_PROXY=/tmp/x509up_u1012 /usr/bin/gsissh -t -o IdentityFile=/home/george/.ssh/id_rsa -o Port=2222 -o ControlMaster=auto -o ControlPath=/tmp/saga_ssh_george_%h_%p.ctrl -o TCPKeepAlive=no -o ServerAliveInterval=10 -o ServerAliveCountMax=20 -o ConnectTimeout=10 supermic.cct-lsu.xsede.org
2018-03-27 05:54:29,785: radical.saga.pty    : pmgr.0000.launching.0           : MainThread     : DEBUG   : write: [  143] [   51] ( export PROMPT_COMMAND='' PS1='$' ; set prompt='$'\n)
2018-03-27 05:54:30,079: radical.saga.pty    : pmgr.0000.launching.0           : MainThread     : DEBUG   : read : [  143] [ 1569] (Last login: Mon Mar 26 22:54:2 ... **************************\n\n)
2018-03-27 05:54:30,082: radical.saga.pty    : pmgr.0000.launching.0           : MainThread     : DEBUG   : got initial shell prompt (6) (Last login: Mon Mar 26 22:54:29 2018 from 144.76.72.175
##############################################################################)
2018-03-27 05:54:30,082: radical.saga.pty    : pmgr.0000.launching.0           : MainThread     : DEBUG   : Got initial shell prompt (6) (Last login: Mon Mar 26 22:54:29 2018 from 144.76.72.175
##############################################################################)
2018-03-27 05:54:30,083: radical.saga.pty    : pmgr.0000.launching.0           : MainThread     : DEBUG   :  ===     1 : <saga.utils.pty_process.PTYProcess object at 0x7efe8c1883d0> : init : ['/usr/bin/env', 'TERM=vt100', 'X509_USER_PROXY=/tmp/x509up_u1012', '/usr/bin/gsissh', '-t', '-o', 'IdentityFile=/home/george/.ssh/id_rsa', '-o', 'Port=2222', '-o', 'ControlMaster=auto', '-o', 'ControlPath=/tmp/saga_ssh_george_%h_%p.ctrl', '-o', 'TCPKeepAlive=no', '-o', 'ServerAliveInterval=10', '-o', 'ServerAliveCountMax=20', '-o', 'ConnectTimeout=10', 'supermic.cct-lsu.xsede.org']
2018-03-27 05:54:30,083: radical.saga.pty    : pmgr.0000.launching.0           : MainThread     : DEBUG   : running command shell: exec /bin/sh -i
2018-03-27 05:54:30,083: radical.saga.pty    : pmgr.0000.launching.0           : MainThread     : DEBUG   : write: [  143] [   30] ( stty -echo ; exec /bin/sh -i\n)
2018-03-27 05:54:30,083: radical.saga.pty    : pmgr.0000.launching.0           : MainThread     : DEBUG   :  ===     1 : <saga.utils.pty_process.PTYProcess object at 0x7efe8c1883d0> : run async :  set HISTFILE=$HOME/.saga_history; PS1='PROMPT-$?->'; PS2=''; PROMPT_COMMAND=''; export PS1 PS2 PROMPT_COMMAND 2>&1 >/dev/null; cd $HOME 2>&1 >/dev/null

2018-03-27 05:54:30,083: radical.saga.pty    : pmgr.0000.launching.0           : MainThread     : DEBUG   : flush: [  143] [     ] (flush pty read cache)
2018-03-27 05:54:30,083: radical.saga.pty    : pmgr.0000.launching.0           : MainThread     : WARNING : flush: [  143] [ 1250] (discard data: '
SuperMIC at LSU (Open for general use) 

23-Sep-2014

SuperMIC is a 1.08 PetaFlop Peak Performance Xeon Phi accelerated cluster.  SuperMIC
has 360 nodes each with 20 Intel Ivybridge 2.8 GHz cores, 64 GB of RAM, and two 
Intel Xeon Phi 7120P co-processors. There are 20 nodes that have NVIDIA K20X GPUs.
This cluster is 40% allocated to the XSEDE user community an 60% dedicated to
authorized users of the LSU community.  Access is restricted to those who meet 
the criteria as stated on our website.

Quotas for the /home volume are enabled at 5 GB.  Please do
not use the /home volume for batch job I/O, use the /work volume 
instead.  Please limit the number of files per directory to 10,000.
No disk GB quotas are in effect for the /work volume, but files are purged that 
are older than 60 days.  There are quotas on file counts.  Manage your files,
but it is against our policy to blatantly circumvent the purge procedure.  
Misconfigured jobs that are wasting CPU resources are subject to deletion.

********************************************************************************
Allocations are required.  Using the -A qsub option to specify your allocation.
********************************************************************************

')
2018-03-27 05:54:30,185: radical.saga.pty    : pmgr.0000.launching.0           : MainThread     : DEBUG   : write: [  143] [  152] (set HISTFILE=$HOME/.saga_history; PS1='PROMPT-$?->'; PS2=''; PROMPT_COMMAND=''; export PS1 PS2 PROMPT_COMMAND 2>&1 >/dev/null; cd $HOME 2>&1 >/dev/null\n)
2018-03-27 05:54:30,772: radical.saga.pty    : pmgr.0000.launching.0           : MainThread     : DEBUG   : read : [  143] [   21] ([gchantzi@smic1 ~]$ $)
2018-03-27 05:54:30,783: radical.saga.pty    : pmgr.0000.launching.0           : MainThread     : DEBUG   : read : [  143] [    1] ($)
2018-03-27 05:54:30,784: radical.saga.pty    : pmgr.0000.launching.0           : MainThread     : DEBUG   : read : [  143] [   10] (PROMPT-0->)
2018-03-27 05:54:30,784: radical.saga.pty    : pmgr.0000.launching.0           : MainThread     : DEBUG   : got new shell prompt
2018-03-27 05:54:30,784: radical.saga.pty    : pmgr.0000.launching.0           : MainThread     : DEBUG   : flush: [  143] [     ] (flush pty read cache)
2018-03-27 05:54:30,885: radical.saga.pty    : pmgr.0000.launching.0           : MainThread     : DEBUG   :  ===     1 : <saga.utils.pty_process.PTYProcess object at 0x7efe8c1883d0> : run sync  :  echo "WORKDIR: /work/$USER"
2018-03-27 05:54:30,885: radical.saga.pty    : pmgr.0000.launching.0           : MainThread     : DEBUG   : flush: [  143] [     ] (flush pty read cache)
2018-03-27 05:54:30,986: radical.saga.pty    : pmgr.0000.launching.0           : MainThread     : DEBUG   : run_sync: echo "WORKDIR: /work/$USER"
2018-03-27 05:54:30,986: radical.saga.pty    : pmgr.0000.launching.0           : MainThread     : DEBUG   : write: [  143] [   28] (echo "WORKDIR: /work/$USER"\n)
2018-03-27 05:54:31,130: radical.saga.pty    : pmgr.0000.launching.0           : MainThread     : DEBUG   : read : [  143] [   35] (WORKDIR: /work/gchantzi\nPROMPT-0->)
2018-03-27 05:54:31,131: radical.saga.pty    : pmgr.0000.launching.0           : MainThread     : DEBUG   : PTYShell del  <saga.utils.pty_shell.PTYShell object at 0x7efe8c9f5690>
2018-03-27 05:54:31,231: radical.saga.pty    : pmgr.0000.launching.0           : MainThread     : DEBUG   : PTYProcess del  <saga.utils.pty_process.PTYProcess object at 0x7efe8c1883d0>
2018-03-27 05:54:31,297: radical.saga.pty    : pmgr.0000.launching.0           : MainThread     : DEBUG   : PTYProcess init <saga.utils.pty_process.PTYProcess object at 0x7efe8d7b2810>
2018-03-27 05:54:31,297: radical.saga.pty    : pmgr.0000.launching.0           : MainThread     : INFO    : running: /usr/bin/env TERM=vt100 X509_USER_PROXY=/tmp/x509up_u1012 /usr/bin/gsissh -t -o IdentityFile=/home/george/.ssh/id_rsa -o Port=2222 -o ControlMaster=auto -o ControlPath=/tmp/saga_ssh_george_%h_%p.ctrl -o TCPKeepAlive=no -o ServerAliveInterval=10 -o ServerAliveCountMax=20 -o ConnectTimeout=10 supermic.cct-lsu.xsede.org
2018-03-27 05:54:31,299: radical.saga.pty    : pmgr.0000.launching.0           : MainThread     : DEBUG   : write: [  143] [   51] ( export PROMPT_COMMAND='' PS1='$' ; set prompt='$'\n)
2018-03-27 05:54:31,592: radical.saga.pty    : pmgr.0000.launching.0           : MainThread     : DEBUG   : read : [  143] [ 1569] (Last login: Mon Mar 26 22:54:3 ... **************************\n\n)
2018-03-27 05:54:31,595: radical.saga.pty    : pmgr.0000.launching.0           : MainThread     : DEBUG   : got initial shell prompt (6) (Last login: Mon Mar 26 22:54:30 2018 from 144.76.72.175
##############################################################################)
2018-03-27 05:54:31,596: radical.saga.pty    : pmgr.0000.launching.0           : MainThread     : DEBUG   : Got initial shell prompt (6) (Last login: Mon Mar 26 22:54:30 2018 from 144.76.72.175
##############################################################################)
2018-03-27 05:54:31,596: radical.saga.pty    : pmgr.0000.launching.0           : MainThread     : DEBUG   : write: [  143] [   30] ( stty -echo ; exec /bin/sh -i\n)
2018-03-27 05:54:31,596: radical.saga.pty    : pmgr.0000.launching.0           : MainThread     : DEBUG   : flush: [  143] [     ] (flush pty read cache)
2018-03-27 05:54:31,596: radical.saga.pty    : pmgr.0000.launching.0           : MainThread     : WARNING : flush: [  143] [ 1250] (discard data: '
SuperMIC at LSU (Open for general use) 

23-Sep-2014

SuperMIC is a 1.08 PetaFlop Peak Performance Xeon Phi accelerated cluster.  SuperMIC
has 360 nodes each with 20 Intel Ivybridge 2.8 GHz cores, 64 GB of RAM, and two 
Intel Xeon Phi 7120P co-processors. There are 20 nodes that have NVIDIA K20X GPUs.
This cluster is 40% allocated to the XSEDE user community an 60% dedicated to
authorized users of the LSU community.  Access is restricted to those who meet 
the criteria as stated on our website.

Quotas for the /home volume are enabled at 5 GB.  Please do
not use the /home volume for batch job I/O, use the /work volume 
instead.  Please limit the number of files per directory to 10,000.
No disk GB quotas are in effect for the /work volume, but files are purged that 
are older than 60 days.  There are quotas on file counts.  Manage your files,
but it is against our policy to blatantly circumvent the purge procedure.  
Misconfigured jobs that are wasting CPU resources are subject to deletion.

********************************************************************************
Allocations are required.  Using the -A qsub option to specify your allocation.
********************************************************************************

')
2018-03-27 05:54:31,698: radical.saga.pty    : pmgr.0000.launching.0           : MainThread     : DEBUG   : write: [  143] [  152] (set HISTFILE=$HOME/.saga_history; PS1='PROMPT-$?->'; PS2=''; PROMPT_COMMAND=''; export PS1 PS2 PROMPT_COMMAND 2>&1 >/dev/null; cd $HOME 2>&1 >/dev/null\n)
2018-03-27 05:54:32,289: radical.saga.pty    : pmgr.0000.launching.0           : MainThread     : DEBUG   : read : [  143] [   21] ([gchantzi@smic1 ~]$ $)
2018-03-27 05:54:32,301: radical.saga.pty    : pmgr.0000.launching.0           : MainThread     : DEBUG   : read : [  143] [   11] ($PROMPT-0->)
2018-03-27 05:54:32,301: radical.saga.pty    : pmgr.0000.launching.0           : MainThread     : DEBUG   : flush: [  143] [     ] (flush pty read cache)
2018-03-27 05:54:32,402: radical.saga.pty    : pmgr.0000.launching.0           : MainThread     : DEBUG   : flush: [  143] [     ] (flush pty read cache)
2018-03-27 05:54:32,504: radical.saga.pty    : pmgr.0000.launching.0           : MainThread     : DEBUG   : write: [  143] [   32] (cd / &&  test -d  '/' && cd '/'\n)
2018-03-27 05:54:32,647: radical.saga.pty    : pmgr.0000.launching.0           : MainThread     : DEBUG   : read : [  143] [   10] (PROMPT-0->)
2018-03-27 05:54:32,648: radical.saga.pty    : pmgr.0000.launching.0           : MainThread     : DEBUG   : flush: [  143] [     ] (flush pty read cache)
2018-03-27 05:54:32,750: radical.saga.pty    : pmgr.0000.launching.0           : MainThread     : DEBUG   : write: [  143] [  106] (mkdir -p / && cd / &&  mkdir -p '/work/gchantzi/radical.pilot.sandbox/rp.session.one.george.017617.0001/'\n)
2018-03-27 05:54:32,903: radical.saga.pty    : pmgr.0000.launching.0           : MainThread     : DEBUG   : read : [  143] [   10] (PROMPT-0->)
2018-03-27 05:54:32,903: radical.saga.pty    : pmgr.0000.launching.0           : MainThread     : DEBUG   : flush: [  143] [     ] (flush pty read cache)
2018-03-27 05:54:33,005: radical.saga.pty    : pmgr.0000.launching.0           : MainThread     : DEBUG   : PTYProcess init <saga.utils.pty_process.PTYProcess object at 0x7efe8c0dd650>
2018-03-27 05:54:33,006: radical.saga.pty    : pmgr.0000.launching.0           : MainThread     : INFO    : running: /usr/bin/env TERM=vt100 X509_USER_PROXY=/tmp/x509up_u1012 /usr/bin/gsisftp -o IdentityFile=/home/george/.ssh/id_rsa -o Port=2222 -o ControlMaster=auto -o ControlPath=/tmp/saga_ssh_george_%h_%p.ctrl -o TCPKeepAlive=no -o ServerAliveInterval=10 -o ServerAliveCountMax=20 -o ConnectTimeout=10 supermic.cct-lsu.xsede.org
2018-03-27 05:54:33,945: radical.saga.pty    : pmgr.0000.launching.0           : MainThread     : DEBUG   : read : [  155] [   42] (Connected to supermic.cct-lsu.xsede.org.\n)
2018-03-27 05:54:34,088: radical.saga.pty    : pmgr.0000.launching.0           : MainThread     : DEBUG   : read : [  155] [    6] (sftp> )
2018-03-27 05:54:34,088: radical.saga.pty    : pmgr.0000.launching.0           : MainThread     : DEBUG   : got initial shell prompt (6) (Connected to supermic.cct-lsu.xsede.org.
sftp> )
2018-03-27 05:54:34,088: radical.saga.pty    : pmgr.0000.launching.0           : MainThread     : DEBUG   : Got initial shell prompt (6) (Connected to supermic.cct-lsu.xsede.org.
sftp> )
2018-03-27 05:54:34,088: radical.saga.pty    : pmgr.0000.launching.0           : MainThread     : DEBUG   : flush: [  155] [     ] (flush pty read cache)
2018-03-27 05:54:34,189: radical.saga.pty    : pmgr.0000.launching.0           : MainThread     : DEBUG   : flush: [  155] [     ] (flush pty read cache)
2018-03-27 05:54:34,291: radical.saga.pty    : pmgr.0000.launching.0           : MainThread     : DEBUG   : write: [  155] [  241] (mput "//tmp/rp_agent_tar_dir_po4Wb/rp.session.one.george.017617.0001.pmgr.0000.launching.0.child.tgz" "/work/gchantzi/radical.pilot.sandbox/rp.session.one.george.017617.0001/rp.session.one.george.017617.0001.pmgr.0000.launching.0.child.tgz"\n)
2018-03-27 05:54:34,291: radical.saga.pty    : pmgr.0000.launching.0           : MainThread     : DEBUG   : read : [  155] [   20] (mput "//tmp/rp_agent)
2018-03-27 05:54:34,292: radical.saga.pty    : pmgr.0000.launching.0           : MainThread     : DEBUG   : read : [  155] [  122] (_tar_dir_po4Wb/rp.session.one.george.017617.0001.pmgr. 0000.launching.0.child.tgz" "/work/gchantzi/radical.pilot.sandbox/)
2018-03-27 05:54:34,292: radical.saga.pty    : pmgr.0000.launching.0           : MainThread     : DEBUG   : read : [  155] [   43] (rp.session.one .george.017617.0001/rp.sess)
2018-03-27 05:54:34,292: radical.saga.pty    : pmgr.0000.launching.0           : MainThread     : DEBUG   : read : [  155] [   36] (ion.one.george.017617.0001.pmgr.0000)
2018-03-27 05:54:34,292: radical.saga.pty    : pmgr.0000.launching.0           : MainThread     : DEBUG   : read : [  155] [   27] (.launching.0.chil d.tgz"\n)
2018-03-27 05:54:34,434: radical.saga.pty    : pmgr.0000.launching.0           : MainThread     : DEBUG   : read : [  155] [  246] (Uploading //tmp/rp_agent_tar_dir_po4Wb/rp.session.one.george.017617.0001.pmgr.0000.launching.0.child.tgz to /work/gchantzi/radical.pilot.sandbox/rp.session.one.george.017617.0001/rp.session.one.george.017617.0001.pmgr.0000.launching.0.child.tgz\n)
2018-03-27 05:54:34,577: radical.saga.pty    : pmgr.0000.launching.0           : MainThread     : DEBUG   : read : [  155] [   79] (//tmp/rp_agent_tar_dir_po4Wb/rp.ses   0%    0     0.0KB/s   0.0KB/s   --:-- ETA)
2018-03-27 05:54:35,577: radical.saga.pty    : pmgr.0000.launching.0           : MainThread     : DEBUG   : read : [  155] [   79] (//tmp/rp_agent_tar_dir_po4Wb/rp.ses  37%  384KB 384.0KB/s 384.0KB/s   00:01 ETA)
2018-03-27 05:54:35,866: radical.saga.pty    : pmgr.0000.launching.0           : MainThread     : DEBUG   : read : [  155] [   81] (//tmp/rp_agent_tar_dir_po4Wb/rp.ses 100% 1011KB 784.1KB/s 626.5KB/s   00:01    \n)
2018-03-27 05:54:36,008: radical.saga.pty    : pmgr.0000.launching.0           : MainThread     : DEBUG   : read : [  155] [    6] (sftp> )
2018-03-27 05:54:36,008: radical.saga.pty    : pmgr.0000.launching.0           : MainThread     : DEBUG   : copy done: ['mput', 'Uploading', '//tmp/rp_agent_tar_dir_po4Wb/rp.ses', 'sftp>']
2018-03-27 05:54:36,025: radical.saga.pty    : pmgr.0000.launching.0           : MainThread     : DEBUG   : PTYProcess init <saga.utils.pty_process.PTYProcess object at 0x7efe8d75e2d0>
2018-03-27 05:54:36,025: radical.saga.pty    : pmgr.0000.launching.0           : MainThread     : INFO    : running: /usr/bin/env TERM=vt100 X509_USER_PROXY=/tmp/x509up_u1012 /usr/bin/gsissh -t -o IdentityFile=/home/george/.ssh/id_rsa -o Port=2222 -o ControlMaster=auto -o ControlPath=/tmp/saga_ssh_george_%h_%p.ctrl -o TCPKeepAlive=no -o ServerAliveInterval=10 -o ServerAliveCountMax=20 -o ConnectTimeout=10 supermic.cct-lsu.xsede.org
2018-03-27 05:54:36,026: radical.saga.pty    : pmgr.0000.launching.0           : MainThread     : DEBUG   : write: [  156] [   51] ( export PROMPT_COMMAND='' PS1='$' ; set prompt='$'\n)
2018-03-27 05:54:36,320: radical.saga.pty    : pmgr.0000.launching.0           : MainThread     : DEBUG   : read : [  156] [ 1569] (Last login: Mon Mar 26 22:54:3 ... **************************\n\n)
2018-03-27 05:54:36,323: radical.saga.pty    : pmgr.0000.launching.0           : MainThread     : DEBUG   : got initial shell prompt (6) (Last login: Mon Mar 26 22:54:31 2018 from 144.76.72.175
##############################################################################)
2018-03-27 05:54:36,324: radical.saga.pty    : pmgr.0000.launching.0           : MainThread     : DEBUG   : Got initial shell prompt (6) (Last login: Mon Mar 26 22:54:31 2018 from 144.76.72.175
##############################################################################)
2018-03-27 05:54:36,324: radical.saga.pty    : pmgr.0000.launching.0           : MainThread     : DEBUG   : write: [  156] [   30] ( stty -echo ; exec /bin/sh -i\n)
2018-03-27 05:54:36,324: radical.saga.pty    : pmgr.0000.launching.0           : MainThread     : DEBUG   : flush: [  156] [     ] (flush pty read cache)
2018-03-27 05:54:36,324: radical.saga.pty    : pmgr.0000.launching.0           : MainThread     : WARNING : flush: [  156] [ 1250] (discard data: '
SuperMIC at LSU (Open for general use) 

23-Sep-2014

SuperMIC is a 1.08 PetaFlop Peak Performance Xeon Phi accelerated cluster.  SuperMIC
has 360 nodes each with 20 Intel Ivybridge 2.8 GHz cores, 64 GB of RAM, and two 
Intel Xeon Phi 7120P co-processors. There are 20 nodes that have NVIDIA K20X GPUs.
This cluster is 40% allocated to the XSEDE user community an 60% dedicated to
authorized users of the LSU community.  Access is restricted to those who meet 
the criteria as stated on our website.

Quotas for the /home volume are enabled at 5 GB.  Please do
not use the /home volume for batch job I/O, use the /work volume 
instead.  Please limit the number of files per directory to 10,000.
No disk GB quotas are in effect for the /work volume, but files are purged that 
are older than 60 days.  There are quotas on file counts.  Manage your files,
but it is against our policy to blatantly circumvent the purge procedure.  
Misconfigured jobs that are wasting CPU resources are subject to deletion.

********************************************************************************
Allocations are required.  Using the -A qsub option to specify your allocation.
********************************************************************************

')
2018-03-27 05:54:36,425: radical.saga.pty    : pmgr.0000.launching.0           : MainThread     : DEBUG   : write: [  156] [  152] (set HISTFILE=$HOME/.saga_history; PS1='PROMPT-$?->'; PS2=''; PROMPT_COMMAND=''; export PS1 PS2 PROMPT_COMMAND 2>&1 >/dev/null; cd $HOME 2>&1 >/dev/null\n)
2018-03-27 05:54:37,016: radical.saga.pty    : pmgr.0000.launching.0           : MainThread     : DEBUG   : read : [  156] [   21] ([gchantzi@smic1 ~]$ $)
2018-03-27 05:54:37,027: radical.saga.pty    : pmgr.0000.launching.0           : MainThread     : DEBUG   : read : [  156] [    1] ($)
2018-03-27 05:54:37,028: radical.saga.pty    : pmgr.0000.launching.0           : MainThread     : DEBUG   : read : [  156] [   10] (PROMPT-0->)
2018-03-27 05:54:37,028: radical.saga.pty    : pmgr.0000.launching.0           : MainThread     : DEBUG   : flush: [  156] [     ] (flush pty read cache)
2018-03-27 05:54:37,132: radical.saga.pty    : pmgr.0000.launching.0           : MainThread     : DEBUG   : PTYProcess init <saga.utils.pty_process.PTYProcess object at 0x7efe8d75e310>
2018-03-27 05:54:37,133: radical.saga.pty    : pmgr.0000.launching.0           : MainThread     : INFO    : running: /usr/bin/env TERM=vt100 X509_USER_PROXY=/tmp/x509up_u1012 /usr/bin/gsissh -t -o IdentityFile=/home/george/.ssh/id_rsa -o Port=2222 -o ControlMaster=auto -o ControlPath=/tmp/saga_ssh_george_%h_%p.ctrl -o TCPKeepAlive=no -o ServerAliveInterval=10 -o ServerAliveCountMax=20 -o ConnectTimeout=10 supermic.cct-lsu.xsede.org
2018-03-27 05:54:37,136: radical.saga.pty    : pmgr.0000.launching.0           : MainThread     : DEBUG   : write: [  157] [   51] ( export PROMPT_COMMAND='' PS1='$' ; set prompt='$'\n)
2018-03-27 05:54:37,431: radical.saga.pty    : pmgr.0000.launching.0           : MainThread     : DEBUG   : read : [  157] [ 1569] (Last login: Mon Mar 26 22:54:3 ... **************************\n\n)
2018-03-27 05:54:37,434: radical.saga.pty    : pmgr.0000.launching.0           : MainThread     : DEBUG   : got initial shell prompt (6) (Last login: Mon Mar 26 22:54:36 2018 from 144.76.72.175
##############################################################################)
2018-03-27 05:54:37,434: radical.saga.pty    : pmgr.0000.launching.0           : MainThread     : DEBUG   : Got initial shell prompt (6) (Last login: Mon Mar 26 22:54:36 2018 from 144.76.72.175
##############################################################################)
2018-03-27 05:54:37,435: radical.saga.pty    : pmgr.0000.launching.0           : MainThread     : DEBUG   : write: [  157] [   30] ( stty -echo ; exec /bin/sh -i\n)
2018-03-27 05:54:37,435: radical.saga.pty    : pmgr.0000.launching.0           : MainThread     : DEBUG   : flush: [  157] [     ] (flush pty read cache)
2018-03-27 05:54:37,435: radical.saga.pty    : pmgr.0000.launching.0           : MainThread     : WARNING : flush: [  157] [ 1250] (discard data: '
SuperMIC at LSU (Open for general use) 

23-Sep-2014

SuperMIC is a 1.08 PetaFlop Peak Performance Xeon Phi accelerated cluster.  SuperMIC
has 360 nodes each with 20 Intel Ivybridge 2.8 GHz cores, 64 GB of RAM, and two 
Intel Xeon Phi 7120P co-processors. There are 20 nodes that have NVIDIA K20X GPUs.
This cluster is 40% allocated to the XSEDE user community an 60% dedicated to
authorized users of the LSU community.  Access is restricted to those who meet 
the criteria as stated on our website.

Quotas for the /home volume are enabled at 5 GB.  Please do
not use the /home volume for batch job I/O, use the /work volume 
instead.  Please limit the number of files per directory to 10,000.
No disk GB quotas are in effect for the /work volume, but files are purged that 
are older than 60 days.  There are quotas on file counts.  Manage your files,
but it is against our policy to blatantly circumvent the purge procedure.  
Misconfigured jobs that are wasting CPU resources are subject to deletion.

********************************************************************************
Allocations are required.  Using the -A qsub option to specify your allocation.
********************************************************************************

')
2018-03-27 05:54:37,537: radical.saga.pty    : pmgr.0000.launching.0           : MainThread     : DEBUG   : write: [  157] [  152] (set HISTFILE=$HOME/.saga_history; PS1='PROMPT-$?->'; PS2=''; PROMPT_COMMAND=''; export PS1 PS2 PROMPT_COMMAND 2>&1 >/dev/null; cd $HOME 2>&1 >/dev/null\n)
2018-03-27 05:54:38,128: radical.saga.pty    : pmgr.0000.launching.0           : MainThread     : DEBUG   : read : [  157] [   21] ([gchantzi@smic1 ~]$ $)
2018-03-27 05:54:38,139: radical.saga.pty    : pmgr.0000.launching.0           : MainThread     : DEBUG   : read : [  157] [    1] ($)
2018-03-27 05:54:38,140: radical.saga.pty    : pmgr.0000.launching.0           : MainThread     : DEBUG   : read : [  157] [   10] (PROMPT-0->)
2018-03-27 05:54:38,140: radical.saga.pty    : pmgr.0000.launching.0           : MainThread     : DEBUG   : flush: [  157] [     ] (flush pty read cache)
2018-03-27 05:54:38,241: radical.saga.pty    : pmgr.0000.launching.0           : MainThread     : DEBUG   : flush: [  156] [     ] (flush pty read cache)
2018-03-27 05:54:38,343: radical.saga.pty    : pmgr.0000.launching.0           : MainThread     : DEBUG   : write: [  156] [   35] (mkdir -p .saga/adaptors/shell_job/\n)
2018-03-27 05:54:38,490: radical.saga.pty    : pmgr.0000.launching.0           : MainThread     : DEBUG   : read : [  156] [   10] (PROMPT-0->)
2018-03-27 05:54:38,490: radical.saga.pty    : pmgr.0000.launching.0           : MainThread     : DEBUG   : flush: [  156] [     ] (flush pty read cache)
2018-03-27 05:54:38,591: radical.saga.pty    : pmgr.0000.launching.0           : MainThread     : DEBUG   : write: [  156] [   45] (test -f .saga/adaptors/shell_job//wrapper.sh\n)
2018-03-27 05:54:38,735: radical.saga.pty    : pmgr.0000.launching.0           : MainThread     : DEBUG   : read : [  156] [   10] (PROMPT-0->)
2018-03-27 05:54:38,735: radical.saga.pty    : pmgr.0000.launching.0           : MainThread     : DEBUG   : flush: [  156] [     ] (flush pty read cache)
2018-03-27 05:54:38,836: radical.saga.pty    : pmgr.0000.launching.0           : MainThread     : DEBUG   : write: [  156] [   71] (/bin/sh .saga/adaptors/shell_job//wrapper.sh .saga/adaptors/shell_job/\n)
2018-03-27 05:54:38,994: radical.saga.pty    : pmgr.0000.launching.0           : MainThread     : DEBUG   : read : [  156] [   11] (PID: 4492\n)
2018-03-27 05:54:39,068: radical.saga.pty    : pmgr.0000.launching.0           : MainThread     : DEBUG   : read : [  156] [   12] (PROMPT-0->\n)
2018-03-27 05:54:39,069: radical.saga.pty    : pmgr.0000.launching.0           : MainThread     : DEBUG   : flush: [  157] [     ] (flush pty read cache)
2018-03-27 05:54:39,171: radical.saga.pty    : pmgr.0000.launching.0           : MainThread     : DEBUG   : write: [  157] [   71] (/bin/sh .saga/adaptors/shell_job//wrapper.sh .saga/adaptors/shell_job/\n)
2018-03-27 05:54:39,328: radical.saga.pty    : pmgr.0000.launching.0           : MainThread     : DEBUG   : read : [  157] [   11] (PID: 4526\n)
2018-03-27 05:54:39,404: radical.saga.pty    : pmgr.0000.launching.0           : MainThread     : DEBUG   : read : [  157] [   12] (PROMPT-0->\n)
2018-03-27 05:54:39,404: radical.saga.pty    : pmgr.0000.launching.0           : Thread-1       : DEBUG   : flush: [  157] [     ] (flush pty read cache)
2018-03-27 05:54:39,404: radical.saga.pty    : pmgr.0000.launching.0           : Thread-1       : WARNING : flush: [  157] [    1] (discard data: '
')
2018-03-27 05:54:39,410: radical.saga.pty    : pmgr.0000.launching.0           : MainThread     : DEBUG   : flush: [  156] [     ] (flush pty read cache)
2018-03-27 05:54:39,410: radical.saga.pty    : pmgr.0000.launching.0           : MainThread     : WARNING : flush: [  156] [    1] (discard data: '
')
2018-03-27 05:54:39,506: radical.saga.pty    : pmgr.0000.launching.0           : Thread-1       : DEBUG   : write: [  157] [    8] (MONITOR\n)
2018-03-27 05:54:39,512: radical.saga.pty    : pmgr.0000.launching.0           : MainThread     : DEBUG   : write: [  156] [  250] (RUN true && ( /bin/sh -c 'tar zmxvf /work/gchantzi/radical.pilot.sandbox/rp.session.one.george.017617.0001/rp.session.one.george.017617.0001.pmgr.0000.launching.0.child.tgz -C /work/gchantzi/radical.pilot.sandbox/rp.session.one.george.017617.0001' )\n)
2018-03-27 05:54:39,656: radical.saga.pty    : pmgr.0000.launching.0           : Thread-1       : DEBUG   : read : [  157] [ 1182] (48942.0:RUNNING: \n48942.0:DON ... RUNNING: \n16856.0:DONE:0   \n)
2018-03-27 05:54:39,684: radical.saga.pty    : pmgr.0000.launching.0           : MainThread     : DEBUG   : read : [  156] [   22] (RUNNING \nOK\n4561.0\n)
2018-03-27 05:54:39,688: radical.saga.pty    : pmgr.0000.launching.0           : MainThread     : DEBUG   : read : [  156] [   12] (PROMPT-0->\n)
2018-03-27 05:54:39,688: radical.saga.pty    : pmgr.0000.launching.0           : MainThread     : DEBUG   : flush: [  156] [     ] (flush pty read cache)
2018-03-27 05:54:39,688: radical.saga.pty    : pmgr.0000.launching.0           : MainThread     : WARNING : flush: [  156] [    1] (discard data: '
')
2018-03-27 05:54:39,790: radical.saga.pty    : pmgr.0000.launching.0           : MainThread     : DEBUG   : write: [  156] [   13] (STATS 4561.0\n)
2018-03-27 05:54:39,951: radical.saga.pty    : pmgr.0000.launching.0           : MainThread     : DEBUG   : read : [  156] [  124] (OK\nSTATE : DONE\n\nSTART  : 1522122879\nSTOP   : 1522122879\n\nSTART_STDERR\n\nEND_STDERR\n\nSTART_STDOUT\n\nEND_STDOUT\n\n)
2018-03-27 05:54:39,953: radical.saga.pty    : pmgr.0000.launching.0           : MainThread     : DEBUG   : read : [  156] [   12] (PROMPT-0->\n)
2018-03-27 05:54:39,954: radical.saga.pty    : pmgr.0000.launching.0           : MainThread     : DEBUG   : flush: [  156] [     ] (flush pty read cache)
2018-03-27 05:54:39,954: radical.saga.pty    : pmgr.0000.launching.0           : MainThread     : WARNING : flush: [  156] [    1] (discard data: '
')
2018-03-27 05:54:40,055: radical.saga.pty    : pmgr.0000.launching.0           : MainThread     : DEBUG   : write: [  156] [   14] (STDOUT 4561.0\n)
2018-03-27 05:54:40,207: radical.saga.pty    : pmgr.0000.launching.0           : MainThread     : DEBUG   : read : [  156] [  482] (OK\n626f6f7473747261705f302e73680a70696c6f742e303030302f0a70696c6f742e303030302f70696c6f742e303030302e6c6f672e74677a0a70696c6f742e303030302f6167656e745f302e6366670a70696c6f742e303030302f70696c6f742e303030302e70726f662e74677a0a7261646963616c2e70696c6f742d302e34372d302e34372d31342d6762316466663862642d646576656c2e7461722e677a0a7261646963616c2e7574696c732d302e34372e312e7461722e677a0a736167612d707974686f6e2d302e34372d76302e34362d34382d6735383235663162302d646576656c2e7461722e677a0a\n)
2018-03-27 05:54:40,208: radical.saga.pty    : pmgr.0000.launching.0           : MainThread     : DEBUG   : read : [  156] [   12] (PROMPT-0->\n)
2018-03-27 05:54:40,210: radical.saga.pty    : pmgr.0000.launching.0           : MainThread     : DEBUG   : flush: [  156] [     ] (flush pty read cache)
2018-03-27 05:54:40,210: radical.saga.pty    : pmgr.0000.launching.0           : MainThread     : WARNING : flush: [  156] [    1] (discard data: '
')
2018-03-27 05:54:40,311: radical.saga.pty    : pmgr.0000.launching.0           : MainThread     : DEBUG   : write: [  156] [   14] (STDERR 4561.0\n)
2018-03-27 05:54:40,461: radical.saga.pty    : pmgr.0000.launching.0           : MainThread     : DEBUG   : read : [  156] [    6] (OK\n\n)
2018-03-27 05:54:40,463: radical.saga.pty    : pmgr.0000.launching.0           : MainThread     : DEBUG   : read : [  156] [   12] (PROMPT-0->\n)
2018-03-27 05:54:40,478: radical.saga.pty    : pmgr.0000.launching.0           : MainThread     : DEBUG   : PTYShell init <saga.utils.pty_shell.PTYShell object at 0x7efe8c110f10>
2018-03-27 05:54:40,478: radical.saga.pty    : pmgr.0000.launching.0           : MainThread     : INFO    : PTY prompt pattern: [\$#%>\]]\s*$
2018-03-27 05:54:40,478: radical.saga.pty    : pmgr.0000.launching.0           : MainThread     : INFO    : ssh copy  mode set to 'sftp'
2018-03-27 05:54:40,478: radical.saga.pty    : pmgr.0000.launching.0           : MainThread     : INFO    : ssh share mode set to 'auto'
2018-03-27 05:54:40,478: radical.saga.pty    : pmgr.0000.launching.0           : MainThread     : INFO    : ssh timeout    set to '10.0'
2018-03-27 05:54:40,479: radical.saga.pty    : pmgr.0000.launching.0           : MainThread     : DEBUG   : SSH Connection M_FLAGS: -o ControlMaster=auto -o ControlPath=/tmp/saga_ssh_george_%h_%p.ctrl -o TCPKeepAlive=no  -o ServerAliveInterval=10 -o ServerAliveCountMax=20 -o ConnectTimeout=10
2018-03-27 05:54:40,479: radical.saga.pty    : pmgr.0000.launching.0           : MainThread     : DEBUG   : SSH Connection S_FLAGS: -o ControlMaster=auto -o ControlPath=/tmp/saga_ssh_george_%h_%p.ctrl -o TCPKeepAlive=no  -o ServerAliveInterval=10 -o ServerAliveCountMax=20 -o ConnectTimeout=10
2018-03-27 05:54:40,479: radical.saga.pty    : pmgr.0000.launching.0           : MainThread     : DEBUG   : PTYProcess init <saga.utils.pty_process.PTYProcess object at 0x7efe8d770b10>
2018-03-27 05:54:40,479: radical.saga.pty    : pmgr.0000.launching.0           : MainThread     : INFO    : running: /usr/bin/env TERM=vt100 X509_USER_PROXY=/tmp/x509up_u1012 /usr/bin/gsissh -t -o IdentityFile=/home/george/.ssh/id_rsa -o Port=2222 -o ControlMaster=auto -o ControlPath=/tmp/saga_ssh_george_%h_%p.ctrl -o TCPKeepAlive=no -o ServerAliveInterval=10 -o ServerAliveCountMax=20 -o ConnectTimeout=10 supermic.cct-lsu.xsede.org
2018-03-27 05:54:40,480: radical.saga.pty    : pmgr.0000.launching.0           : MainThread     : DEBUG   : write: [  158] [   51] ( export PROMPT_COMMAND='' PS1='$' ; set prompt='$'\n)
2018-03-27 05:54:40,657: radical.saga.pty    : pmgr.0000.launching.0           : Thread-1       : DEBUG   : read : [  157] [   36] (4561.0:RUNNING: \n4561.0:DONE:0   \n)
2018-03-27 05:54:40,771: radical.saga.pty    : pmgr.0000.launching.0           : MainThread     : DEBUG   : read : [  158] [ 1569] (Last login: Mon Mar 26 22:54:3 ... **************************\n\n)
2018-03-27 05:54:40,774: radical.saga.pty    : pmgr.0000.launching.0           : MainThread     : DEBUG   : got initial shell prompt (6) (Last login: Mon Mar 26 22:54:37 2018 from 144.76.72.175
##############################################################################)
2018-03-27 05:54:40,774: radical.saga.pty    : pmgr.0000.launching.0           : MainThread     : DEBUG   : Got initial shell prompt (6) (Last login: Mon Mar 26 22:54:37 2018 from 144.76.72.175
##############################################################################)
2018-03-27 05:54:40,775: radical.saga.pty    : pmgr.0000.launching.0           : MainThread     : DEBUG   :  ===     5 : <saga.utils.pty_process.PTYProcess object at 0x7efe8d770b10> : init : ['/usr/bin/env', 'TERM=vt100', 'X509_USER_PROXY=/tmp/x509up_u1012', '/usr/bin/gsissh', '-t', '-o', 'IdentityFile=/home/george/.ssh/id_rsa', '-o', 'Port=2222', '-o', 'ControlMaster=auto', '-o', 'ControlPath=/tmp/saga_ssh_george_%h_%p.ctrl', '-o', 'TCPKeepAlive=no', '-o', 'ServerAliveInterval=10', '-o', 'ServerAliveCountMax=20', '-o', 'ConnectTimeout=10', 'supermic.cct-lsu.xsede.org']
2018-03-27 05:54:40,775: radical.saga.pty    : pmgr.0000.launching.0           : MainThread     : DEBUG   : running command shell: exec /bin/sh -i
2018-03-27 05:54:40,775: radical.saga.pty    : pmgr.0000.launching.0           : MainThread     : DEBUG   : write: [  158] [   30] ( stty -echo ; exec /bin/sh -i\n)
2018-03-27 05:54:40,775: radical.saga.pty    : pmgr.0000.launching.0           : MainThread     : DEBUG   :  ===     5 : <saga.utils.pty_process.PTYProcess object at 0x7efe8d770b10> : run async :  set HISTFILE=$HOME/.saga_history; PS1='PROMPT-$?->'; PS2=''; PROMPT_COMMAND=''; export PS1 PS2 PROMPT_COMMAND 2>&1 >/dev/null; cd $HOME 2>&1 >/dev/null

2018-03-27 05:54:40,775: radical.saga.pty    : pmgr.0000.launching.0           : MainThread     : DEBUG   : flush: [  158] [     ] (flush pty read cache)
2018-03-27 05:54:40,775: radical.saga.pty    : pmgr.0000.launching.0           : MainThread     : WARNING : flush: [  158] [ 1250] (discard data: '
SuperMIC at LSU (Open for general use) 

23-Sep-2014

SuperMIC is a 1.08 PetaFlop Peak Performance Xeon Phi accelerated cluster.  SuperMIC
has 360 nodes each with 20 Intel Ivybridge 2.8 GHz cores, 64 GB of RAM, and two 
Intel Xeon Phi 7120P co-processors. There are 20 nodes that have NVIDIA K20X GPUs.
This cluster is 40% allocated to the XSEDE user community an 60% dedicated to
authorized users of the LSU community.  Access is restricted to those who meet 
the criteria as stated on our website.

Quotas for the /home volume are enabled at 5 GB.  Please do
not use the /home volume for batch job I/O, use the /work volume 
instead.  Please limit the number of files per directory to 10,000.
No disk GB quotas are in effect for the /work volume, but files are purged that 
are older than 60 days.  There are quotas on file counts.  Manage your files,
but it is against our policy to blatantly circumvent the purge procedure.  
Misconfigured jobs that are wasting CPU resources are subject to deletion.

********************************************************************************
Allocations are required.  Using the -A qsub option to specify your allocation.
********************************************************************************

')
2018-03-27 05:54:40,876: radical.saga.pty    : pmgr.0000.launching.0           : MainThread     : DEBUG   : write: [  158] [  152] (set HISTFILE=$HOME/.saga_history; PS1='PROMPT-$?->'; PS2=''; PROMPT_COMMAND=''; export PS1 PS2 PROMPT_COMMAND 2>&1 >/dev/null; cd $HOME 2>&1 >/dev/null\n)
2018-03-27 05:54:41,470: radical.saga.pty    : pmgr.0000.launching.0           : MainThread     : DEBUG   : read : [  158] [   21] ([gchantzi@smic1 ~]$ $)
2018-03-27 05:54:41,481: radical.saga.pty    : pmgr.0000.launching.0           : MainThread     : DEBUG   : read : [  158] [    1] ($)
2018-03-27 05:54:41,482: radical.saga.pty    : pmgr.0000.launching.0           : MainThread     : DEBUG   : read : [  158] [   10] (PROMPT-0->)
2018-03-27 05:54:41,482: radical.saga.pty    : pmgr.0000.launching.0           : MainThread     : DEBUG   : got new shell prompt
2018-03-27 05:54:41,482: radical.saga.pty    : pmgr.0000.launching.0           : MainThread     : DEBUG   : flush: [  158] [     ] (flush pty read cache)
2018-03-27 05:54:41,583: radical.saga.pty    : pmgr.0000.launching.0           : MainThread     : DEBUG   :  ===     5 : <saga.utils.pty_process.PTYProcess object at 0x7efe8d770b10> : run sync  : qstat --version
2018-03-27 05:54:41,583: radical.saga.pty    : pmgr.0000.launching.0           : MainThread     : DEBUG   : flush: [  158] [     ] (flush pty read cache)
2018-03-27 05:54:41,684: radical.saga.pty    : pmgr.0000.launching.0           : MainThread     : DEBUG   : run_sync: qstat --version
2018-03-27 05:54:41,684: radical.saga.pty    : pmgr.0000.launching.0           : MainThread     : DEBUG   : write: [  158] [   16] (qstat --version\n)
2018-03-27 05:54:41,833: radical.saga.pty    : pmgr.0000.launching.0           : MainThread     : DEBUG   : read : [  158] [   26] (version: 3.0.6\nPROMPT-0->)
2018-03-27 05:54:41,833: radical.saga.pty    : pmgr.0000.launching.0           : MainThread     : DEBUG   :  ===     5 : <saga.utils.pty_process.PTYProcess object at 0x7efe8d770b10> : run sync  : which qdel 
2018-03-27 05:54:41,833: radical.saga.pty    : pmgr.0000.launching.0           : MainThread     : DEBUG   : flush: [  158] [     ] (flush pty read cache)
2018-03-27 05:54:41,934: radical.saga.pty    : pmgr.0000.launching.0           : MainThread     : DEBUG   : run_sync: which qdel
2018-03-27 05:54:41,934: radical.saga.pty    : pmgr.0000.launching.0           : MainThread     : DEBUG   : write: [  158] [   11] (which qdel\n)
2018-03-27 05:54:42,081: radical.saga.pty    : pmgr.0000.launching.0           : MainThread     : DEBUG   : read : [  158] [   31] (/usr/local/bin/qdel\nPROMPT-0->)
2018-03-27 05:54:42,081: radical.saga.pty    : pmgr.0000.launching.0           : MainThread     : DEBUG   :  ===     5 : <saga.utils.pty_process.PTYProcess object at 0x7efe8d770b10> : run sync  : which qsub 
2018-03-27 05:54:42,081: radical.saga.pty    : pmgr.0000.launching.0           : MainThread     : DEBUG   : flush: [  158] [     ] (flush pty read cache)
2018-03-27 05:54:42,182: radical.saga.pty    : pmgr.0000.launching.0           : MainThread     : DEBUG   : run_sync: which qsub
2018-03-27 05:54:42,182: radical.saga.pty    : pmgr.0000.launching.0           : MainThread     : DEBUG   : write: [  158] [   11] (which qsub\n)
2018-03-27 05:54:42,328: radical.saga.pty    : pmgr.0000.launching.0           : MainThread     : DEBUG   : read : [  158] [   31] (/usr/local/bin/qsub\nPROMPT-0->)
2018-03-27 05:54:42,328: radical.saga.pty    : pmgr.0000.launching.0           : MainThread     : DEBUG   :  ===     5 : <saga.utils.pty_process.PTYProcess object at 0x7efe8d770b10> : run sync  : which pbsnodes 
2018-03-27 05:54:42,328: radical.saga.pty    : pmgr.0000.launching.0           : MainThread     : DEBUG   : flush: [  158] [     ] (flush pty read cache)
2018-03-27 05:54:42,429: radical.saga.pty    : pmgr.0000.launching.0           : MainThread     : DEBUG   : run_sync: which pbsnodes
2018-03-27 05:54:42,429: radical.saga.pty    : pmgr.0000.launching.0           : MainThread     : DEBUG   : write: [  158] [   15] (which pbsnodes\n)
2018-03-27 05:54:42,575: radical.saga.pty    : pmgr.0000.launching.0           : MainThread     : DEBUG   : read : [  158] [   35] (/usr/local/bin/pbsnodes\nPROMPT-0->)
2018-03-27 05:54:42,575: radical.saga.pty    : pmgr.0000.launching.0           : MainThread     : DEBUG   :  ===     5 : <saga.utils.pty_process.PTYProcess object at 0x7efe8d770b10> : run sync  : which qstat 
2018-03-27 05:54:42,576: radical.saga.pty    : pmgr.0000.launching.0           : MainThread     : DEBUG   : flush: [  158] [     ] (flush pty read cache)
2018-03-27 05:54:42,677: radical.saga.pty    : pmgr.0000.launching.0           : MainThread     : DEBUG   : run_sync: which qstat
2018-03-27 05:54:42,677: radical.saga.pty    : pmgr.0000.launching.0           : MainThread     : DEBUG   : write: [  158] [   12] (which qstat\n)
2018-03-27 05:54:42,823: radical.saga.pty    : pmgr.0000.launching.0           : MainThread     : DEBUG   : read : [  158] [   32] (/usr/local/bin/qstat\nPROMPT-0->)
2018-03-27 05:54:42,823: radical.saga.pty    : pmgr.0000.launching.0           : MainThread     : DEBUG   :  ===     5 : <saga.utils.pty_process.PTYProcess object at 0x7efe8d770b10> : run sync  : which aprun
2018-03-27 05:54:42,823: radical.saga.pty    : pmgr.0000.launching.0           : MainThread     : DEBUG   : flush: [  158] [     ] (flush pty read cache)
2018-03-27 05:54:42,924: radical.saga.pty    : pmgr.0000.launching.0           : MainThread     : DEBUG   : run_sync: which aprun
2018-03-27 05:54:42,924: radical.saga.pty    : pmgr.0000.launching.0           : MainThread     : DEBUG   : write: [  158] [   12] (which aprun\n)
2018-03-27 05:54:43,070: radical.saga.pty    : pmgr.0000.launching.0           : MainThread     : DEBUG   : read : [  158] [  985] (which: no aprun in (/home/gcha ... home/gchantzi/bin)\nPROMPT-1->)
2018-03-27 05:54:43,071: radical.saga.pty    : pmgr.0000.launching.0           : MainThread     : DEBUG   :  ===     5 : <saga.utils.pty_process.PTYProcess object at 0x7efe8d770b10> : run sync  : unset GREP_OPTIONS; /usr/local/bin/pbsnodes -a | grep -E "(np|pcpu)[[:blank:]]*=" 
2018-03-27 05:54:43,071: radical.saga.pty    : pmgr.0000.launching.0           : MainThread     : DEBUG   : flush: [  158] [     ] (flush pty read cache)
2018-03-27 05:54:43,172: radical.saga.pty    : pmgr.0000.launching.0           : MainThread     : DEBUG   : run_sync: unset GREP_OPTIONS; /usr/local/bin/pbsnodes -a | grep -E "(np|pcpu)[[:blank:]]*="
2018-03-27 05:54:43,172: radical.saga.pty    : pmgr.0000.launching.0           : MainThread     : DEBUG   : write: [  158] [   82] (unset GREP_OPTIONS; /usr/local/bin/pbsnodes -a | grep -E "(np|pcpu)[[:blank:]]*="\n)
2018-03-27 05:54:43,349: radical.saga.pty    : pmgr.0000.launching.0           : MainThread     : DEBUG   : read : [  158] [  616] (     np = 20\n     np = 20\n   ... \n     np = 20\n     np = 20\n)
2018-03-27 05:54:43,349: radical.saga.pty    : pmgr.0000.launching.0           : MainThread     : DEBUG   : read : [  158] [  336] (     np = 20\n     np = 20\n     np = 20\n     np = 20\n     np = 20\n     np = 20\n     np = 20\n     np = 20\n     np = 20\n     np = 20\n     np = 20\n     np = 20\n     np = 20\n     np = 20\n     np = 20\n     np = 20\n     np = 20\n     np = 20\n     np = 20\n     np = 20\n     np = 20\n     np = 20\n     np = 20\n     np = 20\n)
2018-03-27 05:54:43,491: radical.saga.pty    : pmgr.0000.launching.0           : MainThread     : DEBUG   : read : [  158] [ 4095] (     np = 20\n     np = 20\n   ... np = 20\n     np = 20\n     np)
2018-03-27 05:54:43,492: radical.saga.pty    : pmgr.0000.launching.0           : MainThread     : DEBUG   : read : [  158] [  325] ( = 20\n     np = 20\n     np = 20\n     np = 20\n     np = 20\n     np = 20\n     np = 20\n     np = 20\n     np = 20\n     np = 20\n     np = 20\n     np = 20\n     np = 20\n     np = 20\n     np = 20\n     np = 20\n     np = 20\n     np = 20\n     np = 20\n     np = 20\n     np = 28\n     np = 28\n     np = 28\nPROMPT-0->)
2018-03-27 05:54:43,506: radical.saga.pty    : pmgr.0000.launching.0           : Thread-3       : DEBUG   :  ===     5 : <saga.utils.pty_process.PTYProcess object at 0x7efe8d770b10> : run sync  : mkdir -p /work/gchantzi/radical.pilot.sandbox/rp.session.one.george.017617.0001/pilot.0000
2018-03-27 05:54:43,506: radical.saga.pty    : pmgr.0000.launching.0           : Thread-3       : DEBUG   : flush: [  158] [     ] (flush pty read cache)
2018-03-27 05:54:43,607: radical.saga.pty    : pmgr.0000.launching.0           : Thread-3       : DEBUG   : run_sync: mkdir -p /work/gchantzi/radical.pilot.sandbox/rp.session.one.george.017617.0001/pilot.0000
2018-03-27 05:54:43,607: radical.saga.pty    : pmgr.0000.launching.0           : Thread-3       : DEBUG   : write: [  158] [   91] (mkdir -p /work/gchantzi/radical.pilot.sandbox/rp.session.one.george.017617.0001/pilot.0000\n)
2018-03-27 05:54:43,756: radical.saga.pty    : pmgr.0000.launching.0           : Thread-3       : DEBUG   : read : [  158] [   10] (PROMPT-0->)
2018-03-27 05:54:43,756: radical.saga.pty    : pmgr.0000.launching.0           : Thread-3       : DEBUG   :  ===     5 : <saga.utils.pty_process.PTYProcess object at 0x7efe8d770b10> : run sync  : SCRIPTFILE=`mktemp -t SAGA-Python-TORQUEJobScript.XXXXXX` &&  echo "
#!/bin/bash 
#PBS -N pilot.0000 
#PBS -V 
#PBS -v RADICAL_PILOT_PROFILE=TRUE
#PBS -o /work/gchantzi/radical.pilot.sandbox/rp.session.one.george.017617.0001/pilot.0000/bootstrap_1.out 
#PBS -e /work/gchantzi/radical.pilot.sandbox/rp.session.one.george.017617.0001/pilot.0000/bootstrap_1.err 
#PBS -l walltime=0:15:00 
#PBS -q workq 
#PBS -A TG-MCB090174 
#PBS -l nodes=2:ppn=20
export    PBS_O_WORKDIR=/work/gchantzi/radical.pilot.sandbox/rp.session.one.george.017617.0001/pilot.0000 
mkdir -p  /work/gchantzi/radical.pilot.sandbox/rp.session.one.george.017617.0001/pilot.0000
cd        /work/gchantzi/radical.pilot.sandbox/rp.session.one.george.017617.0001/pilot.0000
export SAGA_PPN=20
/bin/bash -l /work/gchantzi/radical.pilot.sandbox/rp.session.one.george.017617.0001/bootstrap_0.sh  -d 'radical.utils-0.47.1.tar.gz:saga-python-0.47-v0.46-48-g5825f1b0-devel.tar.gz:radical.pilot-0.47-0.47-14-gb1dff8bd-devel.tar.gz' -p 'pilot.0000' -s 'rp.session.one.george.017617.0001' -m 'create' -r 'local' -b 'default' -g 'default' -v '/work/gchantzi/radical.pilot.sandbox/ve.xsede.supermic_orte.0.47' -y '15' -e 'module load python/2.7.7-anaconda' -e 'module use -a /worka/work/amerzky/radical.pilot.sandbox/openmpi/modules/' -e 'module load openmpi/2017_03_13_6da4dbb' -w 'export PATH=\$PATH' -w 'export LD_LIBRARY_PATH=\$LD_LIBRARY_PATH' " > $SCRIPTFILE && /usr/local/bin/qsub $SCRIPTFILE && rm -f $SCRIPTFILE
2018-03-27 05:54:43,756: radical.saga.pty    : pmgr.0000.launching.0           : Thread-3       : DEBUG   : flush: [  158] [     ] (flush pty read cache)
2018-03-27 05:54:43,857: radical.saga.pty    : pmgr.0000.launching.0           : Thread-3       : DEBUG   : run_sync: SCRIPTFILE=`mktemp -t SAGA-Python-TORQUEJobScript.XXXXXX` &&  echo "
#!/bin/bash 
#PBS -N pilot.0000 
#PBS -V 
#PBS -v RADICAL_PILOT_PROFILE=TRUE
#PBS -o /work/gchantzi/radical.pilot.sandbox/rp.session.one.george.017617.0001/pilot.0000/bootstrap_1.out 
#PBS -e /work/gchantzi/radical.pilot.sandbox/rp.session.one.george.017617.0001/pilot.0000/bootstrap_1.err 
#PBS -l walltime=0:15:00 
#PBS -q workq 
#PBS -A TG-MCB090174 
#PBS -l nodes=2:ppn=20
export    PBS_O_WORKDIR=/work/gchantzi/radical.pilot.sandbox/rp.session.one.george.017617.0001/pilot.0000 
mkdir -p  /work/gchantzi/radical.pilot.sandbox/rp.session.one.george.017617.0001/pilot.0000
cd        /work/gchantzi/radical.pilot.sandbox/rp.session.one.george.017617.0001/pilot.0000
export SAGA_PPN=20
/bin/bash -l /work/gchantzi/radical.pilot.sandbox/rp.session.one.george.017617.0001/bootstrap_0.sh  -d 'radical.utils-0.47.1.tar.gz:saga-python-0.47-v0.46-48-g5825f1b0-devel.tar.gz:radical.pilot-0.47-0.47-14-gb1dff8bd-devel.tar.gz' -p 'pilot.0000' -s 'rp.session.one.george.017617.0001' -m 'create' -r 'local' -b 'default' -g 'default' -v '/work/gchantzi/radical.pilot.sandbox/ve.xsede.supermic_orte.0.47' -y '15' -e 'module load python/2.7.7-anaconda' -e 'module use -a /worka/work/amerzky/radical.pilot.sandbox/openmpi/modules/' -e 'module load openmpi/2017_03_13_6da4dbb' -w 'export PATH=\$PATH' -w 'export LD_LIBRARY_PATH=\$LD_LIBRARY_PATH' " > $SCRIPTFILE && /usr/local/bin/qsub $SCRIPTFILE && rm -f $SCRIPTFILE
2018-03-27 05:54:43,857: radical.saga.pty    : pmgr.0000.launching.0           : Thread-3       : DEBUG   : write: [  158] [ 1473] (SCRIPTFILE=`mktemp -t SAGA-Pyt ... IPTFILE && rm -f $SCRIPTFILE\n)
2018-03-27 05:54:44,195: radical.saga.pty    : pmgr.0000.launching.0           : Thread-3       : DEBUG   : read : [  158] [   14] (401020.smic3\n)
2018-03-27 05:54:44,623: radical.saga.pty    : pmgr.0000.launching.0           : Thread-3       : DEBUG   : read : [  158] [   10] (PROMPT-0->)
2018-03-27 05:55:40,513: radical.saga.pty    : pmgr.0000.launching.0           : Thread-2       : DEBUG   :  ===     5 : <saga.utils.pty_process.PTYProcess object at 0x7efe8d770b10> : run sync  : unset GREP_OPTIONS; /usr/local/bin/qstat -f1 401020 | grep -E -i '(job_state)|(Job_Name)|(exec_host)|(exit_status)|(ctime)|(start_time)|(stime)|(mtime)'
2018-03-27 05:55:40,513: radical.saga.pty    : pmgr.0000.launching.0           : Thread-2       : DEBUG   : flush: [  158] [     ] (flush pty read cache)
2018-03-27 05:55:40,614: radical.saga.pty    : pmgr.0000.launching.0           : Thread-2       : DEBUG   : run_sync: unset GREP_OPTIONS; /usr/local/bin/qstat -f1 401020 | grep -E -i '(job_state)|(Job_Name)|(exec_host)|(exit_status)|(ctime)|(start_time)|(stime)|(mtime)'
2018-03-27 05:55:40,614: radical.saga.pty    : pmgr.0000.launching.0           : Thread-2       : DEBUG   : write: [  158] [  153] (unset GREP_OPTIONS; /usr/local/bin/qstat -f1 401020 | grep -E -i '(job_state)|(Job_Name)|(exec_host)|(exit_status)|(ctime)|(start_time)|(stime)|(mtime)'\n)
2018-03-27 05:55:40,787: radical.saga.pty    : pmgr.0000.launching.0           : Thread-2       : DEBUG   : read : [  158] [  132] (    Job_Name = pilot.0000\n    job_state = Q\n    ctime = Mon Mar 26 22:54:44 2018\n    mtime = Mon Mar 26 22:54:44 2018\nPROMPT-0->)
2018-03-27 05:56:40,831: radical.saga.pty    : pmgr.0000.launching.0           : Thread-2       : DEBUG   :  ===     5 : <saga.utils.pty_process.PTYProcess object at 0x7efe8d770b10> : run sync  : unset GREP_OPTIONS; /usr/local/bin/qstat -f1 401020 | grep -E -i '(job_state)|(Job_Name)|(exec_host)|(exit_status)|(ctime)|(start_time)|(stime)|(mtime)'
2018-03-27 05:56:40,831: radical.saga.pty    : pmgr.0000.launching.0           : Thread-2       : DEBUG   : flush: [  158] [     ] (flush pty read cache)
2018-03-27 05:56:40,932: radical.saga.pty    : pmgr.0000.launching.0           : Thread-2       : DEBUG   : run_sync: unset GREP_OPTIONS; /usr/local/bin/qstat -f1 401020 | grep -E -i '(job_state)|(Job_Name)|(exec_host)|(exit_status)|(ctime)|(start_time)|(stime)|(mtime)'
2018-03-27 05:56:40,932: radical.saga.pty    : pmgr.0000.launching.0           : Thread-2       : DEBUG   : write: [  158] [  153] (unset GREP_OPTIONS; /usr/local/bin/qstat -f1 401020 | grep -E -i '(job_state)|(Job_Name)|(exec_host)|(exit_status)|(ctime)|(start_time)|(stime)|(mtime)'\n)
2018-03-27 05:56:41,106: radical.saga.pty    : pmgr.0000.launching.0           : Thread-2       : DEBUG   : read : [  158] [  132] (    Job_Name = pilot.0000\n    job_state = Q\n    ctime = Mon Mar 26 22:54:44 2018\n    mtime = Mon Mar 26 22:54:44 2018\nPROMPT-0->)
2018-03-27 05:57:41,162: radical.saga.pty    : pmgr.0000.launching.0           : Thread-2       : DEBUG   :  ===     5 : <saga.utils.pty_process.PTYProcess object at 0x7efe8d770b10> : run sync  : unset GREP_OPTIONS; /usr/local/bin/qstat -f1 401020 | grep -E -i '(job_state)|(Job_Name)|(exec_host)|(exit_status)|(ctime)|(start_time)|(stime)|(mtime)'
2018-03-27 05:57:41,162: radical.saga.pty    : pmgr.0000.launching.0           : Thread-2       : DEBUG   : flush: [  158] [     ] (flush pty read cache)
2018-03-27 05:57:41,263: radical.saga.pty    : pmgr.0000.launching.0           : Thread-2       : DEBUG   : run_sync: unset GREP_OPTIONS; /usr/local/bin/qstat -f1 401020 | grep -E -i '(job_state)|(Job_Name)|(exec_host)|(exit_status)|(ctime)|(start_time)|(stime)|(mtime)'
2018-03-27 05:57:41,263: radical.saga.pty    : pmgr.0000.launching.0           : Thread-2       : DEBUG   : write: [  158] [  153] (unset GREP_OPTIONS; /usr/local/bin/qstat -f1 401020 | grep -E -i '(job_state)|(Job_Name)|(exec_host)|(exit_status)|(ctime)|(start_time)|(stime)|(mtime)'\n)
2018-03-27 05:57:41,438: radical.saga.pty    : pmgr.0000.launching.0           : Thread-2       : DEBUG   : read : [  158] [  132] (    Job_Name = pilot.0000\n    job_state = Q\n    ctime = Mon Mar 26 22:54:44 2018\n    mtime = Mon Mar 26 22:54:44 2018\nPROMPT-0->)
2018-03-27 05:58:41,480: radical.saga.pty    : pmgr.0000.launching.0           : Thread-2       : DEBUG   :  ===     5 : <saga.utils.pty_process.PTYProcess object at 0x7efe8d770b10> : run sync  : unset GREP_OPTIONS; /usr/local/bin/qstat -f1 401020 | grep -E -i '(job_state)|(Job_Name)|(exec_host)|(exit_status)|(ctime)|(start_time)|(stime)|(mtime)'
2018-03-27 05:58:41,480: radical.saga.pty    : pmgr.0000.launching.0           : Thread-2       : DEBUG   : flush: [  158] [     ] (flush pty read cache)
2018-03-27 05:58:41,581: radical.saga.pty    : pmgr.0000.launching.0           : Thread-2       : DEBUG   : run_sync: unset GREP_OPTIONS; /usr/local/bin/qstat -f1 401020 | grep -E -i '(job_state)|(Job_Name)|(exec_host)|(exit_status)|(ctime)|(start_time)|(stime)|(mtime)'
2018-03-27 05:58:41,581: radical.saga.pty    : pmgr.0000.launching.0           : Thread-2       : DEBUG   : write: [  158] [  153] (unset GREP_OPTIONS; /usr/local/bin/qstat -f1 401020 | grep -E -i '(job_state)|(Job_Name)|(exec_host)|(exit_status)|(ctime)|(start_time)|(stime)|(mtime)'\n)
2018-03-27 05:58:41,755: radical.saga.pty    : pmgr.0000.launching.0           : Thread-2       : DEBUG   : read : [  158] [  132] (    Job_Name = pilot.0000\n    job_state = Q\n    ctime = Mon Mar 26 22:54:44 2018\n    mtime = Mon Mar 26 22:54:44 2018\nPROMPT-0->)
2018-03-27 05:59:41,798: radical.saga.pty    : pmgr.0000.launching.0           : Thread-2       : DEBUG   :  ===     5 : <saga.utils.pty_process.PTYProcess object at 0x7efe8d770b10> : run sync  : unset GREP_OPTIONS; /usr/local/bin/qstat -f1 401020 | grep -E -i '(job_state)|(Job_Name)|(exec_host)|(exit_status)|(ctime)|(start_time)|(stime)|(mtime)'
2018-03-27 05:59:41,798: radical.saga.pty    : pmgr.0000.launching.0           : Thread-2       : DEBUG   : flush: [  158] [     ] (flush pty read cache)
2018-03-27 05:59:41,899: radical.saga.pty    : pmgr.0000.launching.0           : Thread-2       : DEBUG   : run_sync: unset GREP_OPTIONS; /usr/local/bin/qstat -f1 401020 | grep -E -i '(job_state)|(Job_Name)|(exec_host)|(exit_status)|(ctime)|(start_time)|(stime)|(mtime)'
2018-03-27 05:59:41,899: radical.saga.pty    : pmgr.0000.launching.0           : Thread-2       : DEBUG   : write: [  158] [  153] (unset GREP_OPTIONS; /usr/local/bin/qstat -f1 401020 | grep -E -i '(job_state)|(Job_Name)|(exec_host)|(exit_status)|(ctime)|(start_time)|(stime)|(mtime)'\n)
2018-03-27 05:59:42,076: radical.saga.pty    : pmgr.0000.launching.0           : Thread-2       : DEBUG   : read : [  158] [  132] (    Job_Name = pilot.0000\n    job_state = Q\n    ctime = Mon Mar 26 22:54:44 2018\n    mtime = Mon Mar 26 22:54:44 2018\nPROMPT-0->)
2018-03-27 06:00:42,137: radical.saga.pty    : pmgr.0000.launching.0           : Thread-2       : DEBUG   :  ===     5 : <saga.utils.pty_process.PTYProcess object at 0x7efe8d770b10> : run sync  : unset GREP_OPTIONS; /usr/local/bin/qstat -f1 401020 | grep -E -i '(job_state)|(Job_Name)|(exec_host)|(exit_status)|(ctime)|(start_time)|(stime)|(mtime)'
2018-03-27 06:00:42,137: radical.saga.pty    : pmgr.0000.launching.0           : Thread-2       : DEBUG   : flush: [  158] [     ] (flush pty read cache)
2018-03-27 06:00:42,238: radical.saga.pty    : pmgr.0000.launching.0           : Thread-2       : DEBUG   : run_sync: unset GREP_OPTIONS; /usr/local/bin/qstat -f1 401020 | grep -E -i '(job_state)|(Job_Name)|(exec_host)|(exit_status)|(ctime)|(start_time)|(stime)|(mtime)'
2018-03-27 06:00:42,238: radical.saga.pty    : pmgr.0000.launching.0           : Thread-2       : DEBUG   : write: [  158] [  153] (unset GREP_OPTIONS; /usr/local/bin/qstat -f1 401020 | grep -E -i '(job_state)|(Job_Name)|(exec_host)|(exit_status)|(ctime)|(start_time)|(stime)|(mtime)'\n)
2018-03-27 06:00:42,414: radical.saga.pty    : pmgr.0000.launching.0           : Thread-2       : DEBUG   : read : [  158] [  132] (    Job_Name = pilot.0000\n    job_state = Q\n    ctime = Mon Mar 26 22:54:44 2018\n    mtime = Mon Mar 26 22:54:44 2018\nPROMPT-0->)
2018-03-27 06:01:42,436: radical.saga.pty    : pmgr.0000.launching.0           : Thread-2       : DEBUG   :  ===     5 : <saga.utils.pty_process.PTYProcess object at 0x7efe8d770b10> : run sync  : unset GREP_OPTIONS; /usr/local/bin/qstat -f1 401020 | grep -E -i '(job_state)|(Job_Name)|(exec_host)|(exit_status)|(ctime)|(start_time)|(stime)|(mtime)'
2018-03-27 06:01:42,436: radical.saga.pty    : pmgr.0000.launching.0           : Thread-2       : DEBUG   : flush: [  158] [     ] (flush pty read cache)
2018-03-27 06:01:42,537: radical.saga.pty    : pmgr.0000.launching.0           : Thread-2       : DEBUG   : run_sync: unset GREP_OPTIONS; /usr/local/bin/qstat -f1 401020 | grep -E -i '(job_state)|(Job_Name)|(exec_host)|(exit_status)|(ctime)|(start_time)|(stime)|(mtime)'
2018-03-27 06:01:42,537: radical.saga.pty    : pmgr.0000.launching.0           : Thread-2       : DEBUG   : write: [  158] [  153] (unset GREP_OPTIONS; /usr/local/bin/qstat -f1 401020 | grep -E -i '(job_state)|(Job_Name)|(exec_host)|(exit_status)|(ctime)|(start_time)|(stime)|(mtime)'\n)
2018-03-27 06:01:42,714: radical.saga.pty    : pmgr.0000.launching.0           : Thread-2       : DEBUG   : read : [  158] [  612] (    Job_Name = pilot.0000\n    ... r 26 23:01:12 2018\nPROMPT-0->)
2018-03-27 06:02:42,771: radical.saga.pty    : pmgr.0000.launching.0           : Thread-2       : DEBUG   :  ===     5 : <saga.utils.pty_process.PTYProcess object at 0x7efe8d770b10> : run sync  : unset GREP_OPTIONS; /usr/local/bin/qstat -f1 401020 | grep -E -i '(job_state)|(Job_Name)|(exec_host)|(exit_status)|(ctime)|(start_time)|(stime)|(mtime)'
2018-03-27 06:02:42,771: radical.saga.pty    : pmgr.0000.launching.0           : Thread-2       : DEBUG   : flush: [  158] [     ] (flush pty read cache)
2018-03-27 06:02:42,872: radical.saga.pty    : pmgr.0000.launching.0           : Thread-2       : DEBUG   : run_sync: unset GREP_OPTIONS; /usr/local/bin/qstat -f1 401020 | grep -E -i '(job_state)|(Job_Name)|(exec_host)|(exit_status)|(ctime)|(start_time)|(stime)|(mtime)'
2018-03-27 06:02:42,872: radical.saga.pty    : pmgr.0000.launching.0           : Thread-2       : DEBUG   : write: [  158] [  153] (unset GREP_OPTIONS; /usr/local/bin/qstat -f1 401020 | grep -E -i '(job_state)|(Job_Name)|(exec_host)|(exit_status)|(ctime)|(start_time)|(stime)|(mtime)'\n)
2018-03-27 06:02:43,048: radical.saga.pty    : pmgr.0000.launching.0           : Thread-2       : DEBUG   : read : [  158] [  612] (    Job_Name = pilot.0000\n    ... r 26 23:01:12 2018\nPROMPT-0->)
2018-03-27 06:03:43,069: radical.saga.pty    : pmgr.0000.launching.0           : Thread-2       : DEBUG   :  ===     5 : <saga.utils.pty_process.PTYProcess object at 0x7efe8d770b10> : run sync  : unset GREP_OPTIONS; /usr/local/bin/qstat -f1 401020 | grep -E -i '(job_state)|(Job_Name)|(exec_host)|(exit_status)|(ctime)|(start_time)|(stime)|(mtime)'
2018-03-27 06:03:43,069: radical.saga.pty    : pmgr.0000.launching.0           : Thread-2       : DEBUG   : flush: [  158] [     ] (flush pty read cache)
2018-03-27 06:03:43,170: radical.saga.pty    : pmgr.0000.launching.0           : Thread-2       : DEBUG   : run_sync: unset GREP_OPTIONS; /usr/local/bin/qstat -f1 401020 | grep -E -i '(job_state)|(Job_Name)|(exec_host)|(exit_status)|(ctime)|(start_time)|(stime)|(mtime)'
2018-03-27 06:03:43,170: radical.saga.pty    : pmgr.0000.launching.0           : Thread-2       : DEBUG   : write: [  158] [  153] (unset GREP_OPTIONS; /usr/local/bin/qstat -f1 401020 | grep -E -i '(job_state)|(Job_Name)|(exec_host)|(exit_status)|(ctime)|(start_time)|(stime)|(mtime)'\n)
2018-03-27 06:03:43,345: radical.saga.pty    : pmgr.0000.launching.0           : Thread-2       : DEBUG   : read : [  158] [  612] (    Job_Name = pilot.0000\n    ... r 26 23:01:12 2018\nPROMPT-0->)
2018-03-27 06:04:43,375: radical.saga.pty    : pmgr.0000.launching.0           : Thread-2       : DEBUG   :  ===     5 : <saga.utils.pty_process.PTYProcess object at 0x7efe8d770b10> : run sync  : unset GREP_OPTIONS; /usr/local/bin/qstat -f1 401020 | grep -E -i '(job_state)|(Job_Name)|(exec_host)|(exit_status)|(ctime)|(start_time)|(stime)|(mtime)'
2018-03-27 06:04:43,375: radical.saga.pty    : pmgr.0000.launching.0           : Thread-2       : DEBUG   : flush: [  158] [     ] (flush pty read cache)
2018-03-27 06:04:43,476: radical.saga.pty    : pmgr.0000.launching.0           : Thread-2       : DEBUG   : run_sync: unset GREP_OPTIONS; /usr/local/bin/qstat -f1 401020 | grep -E -i '(job_state)|(Job_Name)|(exec_host)|(exit_status)|(ctime)|(start_time)|(stime)|(mtime)'
2018-03-27 06:04:43,476: radical.saga.pty    : pmgr.0000.launching.0           : Thread-2       : DEBUG   : write: [  158] [  153] (unset GREP_OPTIONS; /usr/local/bin/qstat -f1 401020 | grep -E -i '(job_state)|(Job_Name)|(exec_host)|(exit_status)|(ctime)|(start_time)|(stime)|(mtime)'\n)
2018-03-27 06:04:43,652: radical.saga.pty    : pmgr.0000.launching.0           : Thread-2       : DEBUG   : read : [  158] [  612] (    Job_Name = pilot.0000\n    ... r 26 23:01:12 2018\nPROMPT-0->)
2018-03-27 06:05:43,663: radical.saga.pty    : pmgr.0000.launching.0           : Thread-2       : DEBUG   :  ===     5 : <saga.utils.pty_process.PTYProcess object at 0x7efe8d770b10> : run sync  : unset GREP_OPTIONS; /usr/local/bin/qstat -f1 401020 | grep -E -i '(job_state)|(Job_Name)|(exec_host)|(exit_status)|(ctime)|(start_time)|(stime)|(mtime)'
2018-03-27 06:05:43,663: radical.saga.pty    : pmgr.0000.launching.0           : Thread-2       : DEBUG   : flush: [  158] [     ] (flush pty read cache)
2018-03-27 06:05:43,764: radical.saga.pty    : pmgr.0000.launching.0           : Thread-2       : DEBUG   : run_sync: unset GREP_OPTIONS; /usr/local/bin/qstat -f1 401020 | grep -E -i '(job_state)|(Job_Name)|(exec_host)|(exit_status)|(ctime)|(start_time)|(stime)|(mtime)'
2018-03-27 06:05:43,764: radical.saga.pty    : pmgr.0000.launching.0           : Thread-2       : DEBUG   : write: [  158] [  153] (unset GREP_OPTIONS; /usr/local/bin/qstat -f1 401020 | grep -E -i '(job_state)|(Job_Name)|(exec_host)|(exit_status)|(ctime)|(start_time)|(stime)|(mtime)'\n)
2018-03-27 06:05:43,940: radical.saga.pty    : pmgr.0000.launching.0           : Thread-2       : DEBUG   : read : [  158] [  612] (    Job_Name = pilot.0000\n    ... r 26 23:01:12 2018\nPROMPT-0->)
2018-03-27 06:06:43,978: radical.saga.pty    : pmgr.0000.launching.0           : Thread-2       : DEBUG   :  ===     5 : <saga.utils.pty_process.PTYProcess object at 0x7efe8d770b10> : run sync  : unset GREP_OPTIONS; /usr/local/bin/qstat -f1 401020 | grep -E -i '(job_state)|(Job_Name)|(exec_host)|(exit_status)|(ctime)|(start_time)|(stime)|(mtime)'
2018-03-27 06:06:43,979: radical.saga.pty    : pmgr.0000.launching.0           : Thread-2       : DEBUG   : flush: [  158] [     ] (flush pty read cache)
2018-03-27 06:06:44,080: radical.saga.pty    : pmgr.0000.launching.0           : Thread-2       : DEBUG   : run_sync: unset GREP_OPTIONS; /usr/local/bin/qstat -f1 401020 | grep -E -i '(job_state)|(Job_Name)|(exec_host)|(exit_status)|(ctime)|(start_time)|(stime)|(mtime)'
2018-03-27 06:06:44,080: radical.saga.pty    : pmgr.0000.launching.0           : Thread-2       : DEBUG   : write: [  158] [  153] (unset GREP_OPTIONS; /usr/local/bin/qstat -f1 401020 | grep -E -i '(job_state)|(Job_Name)|(exec_host)|(exit_status)|(ctime)|(start_time)|(stime)|(mtime)'\n)
2018-03-27 06:06:44,253: radical.saga.pty    : pmgr.0000.launching.0           : Thread-2       : DEBUG   : read : [  158] [  612] (    Job_Name = pilot.0000\n    ... r 26 23:01:12 2018\nPROMPT-0->)
2018-03-27 06:07:44,311: radical.saga.pty    : pmgr.0000.launching.0           : Thread-2       : DEBUG   :  ===     5 : <saga.utils.pty_process.PTYProcess object at 0x7efe8d770b10> : run sync  : unset GREP_OPTIONS; /usr/local/bin/qstat -f1 401020 | grep -E -i '(job_state)|(Job_Name)|(exec_host)|(exit_status)|(ctime)|(start_time)|(stime)|(mtime)'
2018-03-27 06:07:44,311: radical.saga.pty    : pmgr.0000.launching.0           : Thread-2       : DEBUG   : flush: [  158] [     ] (flush pty read cache)
2018-03-27 06:07:44,412: radical.saga.pty    : pmgr.0000.launching.0           : Thread-2       : DEBUG   : run_sync: unset GREP_OPTIONS; /usr/local/bin/qstat -f1 401020 | grep -E -i '(job_state)|(Job_Name)|(exec_host)|(exit_status)|(ctime)|(start_time)|(stime)|(mtime)'
2018-03-27 06:07:44,412: radical.saga.pty    : pmgr.0000.launching.0           : Thread-2       : DEBUG   : write: [  158] [  153] (unset GREP_OPTIONS; /usr/local/bin/qstat -f1 401020 | grep -E -i '(job_state)|(Job_Name)|(exec_host)|(exit_status)|(ctime)|(start_time)|(stime)|(mtime)'\n)
2018-03-27 06:07:44,585: radical.saga.pty    : pmgr.0000.launching.0           : Thread-2       : DEBUG   : read : [  158] [  612] (    Job_Name = pilot.0000\n    ... r 26 23:01:12 2018\nPROMPT-0->)
2018-03-27 06:08:44,630: radical.saga.pty    : pmgr.0000.launching.0           : Thread-2       : DEBUG   :  ===     5 : <saga.utils.pty_process.PTYProcess object at 0x7efe8d770b10> : run sync  : unset GREP_OPTIONS; /usr/local/bin/qstat -f1 401020 | grep -E -i '(job_state)|(Job_Name)|(exec_host)|(exit_status)|(ctime)|(start_time)|(stime)|(mtime)'
2018-03-27 06:08:44,630: radical.saga.pty    : pmgr.0000.launching.0           : Thread-2       : DEBUG   : flush: [  158] [     ] (flush pty read cache)
2018-03-27 06:08:44,732: radical.saga.pty    : pmgr.0000.launching.0           : Thread-2       : DEBUG   : run_sync: unset GREP_OPTIONS; /usr/local/bin/qstat -f1 401020 | grep -E -i '(job_state)|(Job_Name)|(exec_host)|(exit_status)|(ctime)|(start_time)|(stime)|(mtime)'
2018-03-27 06:08:44,732: radical.saga.pty    : pmgr.0000.launching.0           : Thread-2       : DEBUG   : write: [  158] [  153] (unset GREP_OPTIONS; /usr/local/bin/qstat -f1 401020 | grep -E -i '(job_state)|(Job_Name)|(exec_host)|(exit_status)|(ctime)|(start_time)|(stime)|(mtime)'\n)
2018-03-27 06:08:44,906: radical.saga.pty    : pmgr.0000.launching.0           : Thread-2       : DEBUG   : read : [  158] [  612] (    Job_Name = pilot.0000\n    ... r 26 23:01:12 2018\nPROMPT-0->)
2018-03-27 06:09:44,954: radical.saga.pty    : pmgr.0000.launching.0           : Thread-2       : DEBUG   :  ===     5 : <saga.utils.pty_process.PTYProcess object at 0x7efe8d770b10> : run sync  : unset GREP_OPTIONS; /usr/local/bin/qstat -f1 401020 | grep -E -i '(job_state)|(Job_Name)|(exec_host)|(exit_status)|(ctime)|(start_time)|(stime)|(mtime)'
2018-03-27 06:09:44,954: radical.saga.pty    : pmgr.0000.launching.0           : Thread-2       : DEBUG   : flush: [  158] [     ] (flush pty read cache)
2018-03-27 06:09:45,056: radical.saga.pty    : pmgr.0000.launching.0           : Thread-2       : DEBUG   : run_sync: unset GREP_OPTIONS; /usr/local/bin/qstat -f1 401020 | grep -E -i '(job_state)|(Job_Name)|(exec_host)|(exit_status)|(ctime)|(start_time)|(stime)|(mtime)'
2018-03-27 06:09:45,056: radical.saga.pty    : pmgr.0000.launching.0           : Thread-2       : DEBUG   : write: [  158] [  153] (unset GREP_OPTIONS; /usr/local/bin/qstat -f1 401020 | grep -E -i '(job_state)|(Job_Name)|(exec_host)|(exit_status)|(ctime)|(start_time)|(stime)|(mtime)'\n)
2018-03-27 06:09:45,232: radical.saga.pty    : pmgr.0000.launching.0           : Thread-2       : DEBUG   : read : [  158] [  612] (    Job_Name = pilot.0000\n    ... r 26 23:01:12 2018\nPROMPT-0->)
2018-03-27 06:10:45,291: radical.saga.pty    : pmgr.0000.launching.0           : Thread-2       : DEBUG   :  ===     5 : <saga.utils.pty_process.PTYProcess object at 0x7efe8d770b10> : run sync  : unset GREP_OPTIONS; /usr/local/bin/qstat -f1 401020 | grep -E -i '(job_state)|(Job_Name)|(exec_host)|(exit_status)|(ctime)|(start_time)|(stime)|(mtime)'
2018-03-27 06:10:45,291: radical.saga.pty    : pmgr.0000.launching.0           : Thread-2       : DEBUG   : flush: [  158] [     ] (flush pty read cache)
2018-03-27 06:10:45,392: radical.saga.pty    : pmgr.0000.launching.0           : Thread-2       : DEBUG   : run_sync: unset GREP_OPTIONS; /usr/local/bin/qstat -f1 401020 | grep -E -i '(job_state)|(Job_Name)|(exec_host)|(exit_status)|(ctime)|(start_time)|(stime)|(mtime)'
2018-03-27 06:10:45,393: radical.saga.pty    : pmgr.0000.launching.0           : Thread-2       : DEBUG   : write: [  158] [  153] (unset GREP_OPTIONS; /usr/local/bin/qstat -f1 401020 | grep -E -i '(job_state)|(Job_Name)|(exec_host)|(exit_status)|(ctime)|(start_time)|(stime)|(mtime)'\n)
2018-03-27 06:10:45,568: radical.saga.pty    : pmgr.0000.launching.0           : Thread-2       : DEBUG   : read : [  158] [  612] (    Job_Name = pilot.0000\n    ... r 26 23:01:12 2018\nPROMPT-0->)
2018-03-27 06:11:45,624: radical.saga.pty    : pmgr.0000.launching.0           : Thread-2       : DEBUG   :  ===     5 : <saga.utils.pty_process.PTYProcess object at 0x7efe8d770b10> : run sync  : unset GREP_OPTIONS; /usr/local/bin/qstat -f1 401020 | grep -E -i '(job_state)|(Job_Name)|(exec_host)|(exit_status)|(ctime)|(start_time)|(stime)|(mtime)'
2018-03-27 06:11:45,624: radical.saga.pty    : pmgr.0000.launching.0           : Thread-2       : DEBUG   : flush: [  158] [     ] (flush pty read cache)
2018-03-27 06:11:45,725: radical.saga.pty    : pmgr.0000.launching.0           : Thread-2       : DEBUG   : run_sync: unset GREP_OPTIONS; /usr/local/bin/qstat -f1 401020 | grep -E -i '(job_state)|(Job_Name)|(exec_host)|(exit_status)|(ctime)|(start_time)|(stime)|(mtime)'
2018-03-27 06:11:45,726: radical.saga.pty    : pmgr.0000.launching.0           : Thread-2       : DEBUG   : write: [  158] [  153] (unset GREP_OPTIONS; /usr/local/bin/qstat -f1 401020 | grep -E -i '(job_state)|(Job_Name)|(exec_host)|(exit_status)|(ctime)|(start_time)|(stime)|(mtime)'\n)
2018-03-27 06:11:45,899: radical.saga.pty    : pmgr.0000.launching.0           : Thread-2       : DEBUG   : read : [  158] [  612] (    Job_Name = pilot.0000\n    ... r 26 23:01:12 2018\nPROMPT-0->)
2018-03-27 06:12:45,934: radical.saga.pty    : pmgr.0000.launching.0           : Thread-2       : DEBUG   :  ===     5 : <saga.utils.pty_process.PTYProcess object at 0x7efe8d770b10> : run sync  : unset GREP_OPTIONS; /usr/local/bin/qstat -f1 401020 | grep -E -i '(job_state)|(Job_Name)|(exec_host)|(exit_status)|(ctime)|(start_time)|(stime)|(mtime)'
2018-03-27 06:12:45,934: radical.saga.pty    : pmgr.0000.launching.0           : Thread-2       : DEBUG   : flush: [  158] [     ] (flush pty read cache)
2018-03-27 06:12:46,035: radical.saga.pty    : pmgr.0000.launching.0           : Thread-2       : DEBUG   : run_sync: unset GREP_OPTIONS; /usr/local/bin/qstat -f1 401020 | grep -E -i '(job_state)|(Job_Name)|(exec_host)|(exit_status)|(ctime)|(start_time)|(stime)|(mtime)'
2018-03-27 06:12:46,035: radical.saga.pty    : pmgr.0000.launching.0           : Thread-2       : DEBUG   : write: [  158] [  153] (unset GREP_OPTIONS; /usr/local/bin/qstat -f1 401020 | grep -E -i '(job_state)|(Job_Name)|(exec_host)|(exit_status)|(ctime)|(start_time)|(stime)|(mtime)'\n)
2018-03-27 06:12:46,207: radical.saga.pty    : pmgr.0000.launching.0           : Thread-2       : DEBUG   : read : [  158] [  612] (    Job_Name = pilot.0000\n    ... r 26 23:01:12 2018\nPROMPT-0->)
2018-03-27 06:13:46,242: radical.saga.pty    : pmgr.0000.launching.0           : Thread-2       : DEBUG   :  ===     5 : <saga.utils.pty_process.PTYProcess object at 0x7efe8d770b10> : run sync  : unset GREP_OPTIONS; /usr/local/bin/qstat -f1 401020 | grep -E -i '(job_state)|(Job_Name)|(exec_host)|(exit_status)|(ctime)|(start_time)|(stime)|(mtime)'
2018-03-27 06:13:46,242: radical.saga.pty    : pmgr.0000.launching.0           : Thread-2       : DEBUG   : flush: [  158] [     ] (flush pty read cache)
2018-03-27 06:13:46,343: radical.saga.pty    : pmgr.0000.launching.0           : Thread-2       : DEBUG   : run_sync: unset GREP_OPTIONS; /usr/local/bin/qstat -f1 401020 | grep -E -i '(job_state)|(Job_Name)|(exec_host)|(exit_status)|(ctime)|(start_time)|(stime)|(mtime)'
2018-03-27 06:13:46,343: radical.saga.pty    : pmgr.0000.launching.0           : Thread-2       : DEBUG   : write: [  158] [  153] (unset GREP_OPTIONS; /usr/local/bin/qstat -f1 401020 | grep -E -i '(job_state)|(Job_Name)|(exec_host)|(exit_status)|(ctime)|(start_time)|(stime)|(mtime