2018-03-27 05:54:29,751: state.pubsub.pub.0004: umgr.0000.staging.output.0      : MainThread     : INFO    : python.interpreter   version: 2.7.14 (default, Sep 23 2017, 22:06:14) [GCC 7.2.0]
2018-03-27 05:54:29,752: state.pubsub.pub.0004: umgr.0000.staging.output.0      : MainThread     : INFO    :                      pid: 25373
2018-03-27 05:54:29,752: state.pubsub.pub.0004: umgr.0000.staging.output.0      : MainThread     : INFO    :                      tid: MainThread
2018-03-27 05:54:29,752: state.pubsub.pub.0004: umgr.0000.staging.output.0      : MainThread     : INFO    : radical.pilot        version: 0.47-0.47-14-gb1dff8bd@devel
2018-03-27 05:54:29,752: state.pubsub.pub.0004: umgr.0000.staging.output.0      : MainThread     : INFO    : create state_pubsub - pub - tcp://144.76.72.175:42749
2018-03-27 05:54:29,752: state.pubsub.pub.0004: umgr.0000.staging.output.0      : MainThread     : DEBUG   : start process
2018-03-27 05:54:29,753: state.pubsub.pub.0004: umgr.0000.staging.output.0      : MainThread     : DEBUG   : ru_initialize_common (NOOP)
2018-03-27 05:54:29,753: state.pubsub.pub.0004: umgr.0000.staging.output.0      : MainThread     : DEBUG   : ru_initialize_parent (NOOP)
2018-03-27 05:54:29,753: state.pubsub.pub.0004: umgr.0000.staging.output.0      : MainThread     : DEBUG   : process class started (no child)
2018-03-27 05:54:29,766: state.pubsub.pub.0004: MainProcess                     : MainThread     : INFO    : python.interpreter   version: 2.7.14 (default, Sep 23 2017, 22:06:14) [GCC 7.2.0]
2018-03-27 05:54:29,766: state.pubsub.pub.0004: MainProcess                     : MainThread     : INFO    :                      pid: 25209
2018-03-27 05:54:29,766: state.pubsub.pub.0004: MainProcess                     : MainThread     : INFO    :                      tid: MainThread
2018-03-27 05:54:29,766: state.pubsub.pub.0004: MainProcess                     : MainThread     : INFO    : radical.pilot        version: 0.47-0.47-14-gb1dff8bd@devel
2018-03-27 05:54:29,766: state.pubsub.pub.0004: MainProcess                     : MainThread     : INFO    : create state_pubsub - pub - tcp://144.76.72.175:42749
2018-03-27 05:54:29,766: state.pubsub.pub.0004: MainProcess                     : MainThread     : DEBUG   : start process
2018-03-27 05:54:29,766: state.pubsub.pub.0004: MainProcess                     : MainThread     : DEBUG   : ru_initialize_common (NOOP)
2018-03-27 05:54:29,766: state.pubsub.pub.0004: MainProcess                     : MainThread     : DEBUG   : ru_initialize_parent (NOOP)
2018-03-27 05:54:29,766: state.pubsub.pub.0004: MainProcess                     : MainThread     : DEBUG   : process class started (no child)
2018-03-27 06:13:42,137: state.pubsub.pub.0004: MainProcess                     : MainThread     : INFO    : parent stops child  25209 -> None [state.pubsub.pub.0004]
2018-03-27 06:13:42,137: state.pubsub.pub.0004: MainProcess                     : MainThread     : DEBUG   : ru_finalize_parent (NOOP)
2018-03-27 06:13:42,246: state.pubsub.pub.0004: umgr.0000.staging.output.0      : MainThread     : INFO    : parent stops child  25373 -> None [state.pubsub.pub.0004]
2018-03-27 06:13:42,246: state.pubsub.pub.0004: umgr.0000.staging.output.0      : MainThread     : DEBUG   : ru_finalize_parent (NOOP)
