2018-03-27 11:23:56,846: state.pubsub.pub.0003: update.0                        : MainThread     : INFO    : python.interpreter   version: 2.7.7 |Continuum Analytics, Inc.| (default, Jun 2 2014, 12:34:02) [GCC 4.1.2 20080704 (Red Hat 4.1.2-54)]
2018-03-27 11:23:56,850: state.pubsub.pub.0003: update.0                        : MainThread     : INFO    :                      pid: 16256
2018-03-27 11:23:56,850: state.pubsub.pub.0003: update.0                        : MainThread     : INFO    :                      tid: MainThread
2018-03-27 11:23:56,850: state.pubsub.pub.0003: update.0                        : MainThread     : INFO    : radical.pilot        version: 0.47-0.47-14-gb1dff8bd@devel
2018-03-27 11:23:56,850: state.pubsub.pub.0003: update.0                        : MainThread     : INFO    : create state_pubsub - pub - tcp://204.90.41.68:38683
2018-03-27 11:23:56,850: state.pubsub.pub.0003: update.0                        : MainThread     : DEBUG   : start process
2018-03-27 11:23:56,851: state.pubsub.pub.0003: update.0                        : MainThread     : DEBUG   : ru_initialize_common (NOOP)
2018-03-27 11:23:56,851: state.pubsub.pub.0003: update.0                        : MainThread     : DEBUG   : ru_initialize_parent (NOOP)
2018-03-27 11:23:56,851: state.pubsub.pub.0003: update.0                        : MainThread     : DEBUG   : process class started (no child)
2018-03-27 11:23:57,198: state.pubsub.pub.0003: MainProcess                     : MainThread     : INFO    : python.interpreter   version: 2.7.7 |Continuum Analytics, Inc.| (default, Jun 2 2014, 12:34:02) [GCC 4.1.2 20080704 (Red Hat 4.1.2-54)]
2018-03-27 11:23:57,201: state.pubsub.pub.0003: MainProcess                     : MainThread     : INFO    :                      pid: 16062
2018-03-27 11:23:57,201: state.pubsub.pub.0003: MainProcess                     : MainThread     : INFO    :                      tid: MainThread
2018-03-27 11:23:57,201: state.pubsub.pub.0003: MainProcess                     : MainThread     : INFO    : radical.pilot        version: 0.47-0.47-14-gb1dff8bd@devel
2018-03-27 11:23:57,201: state.pubsub.pub.0003: MainProcess                     : MainThread     : INFO    : create state_pubsub - pub - tcp://204.90.41.68:38683
2018-03-27 11:23:57,201: state.pubsub.pub.0003: MainProcess                     : MainThread     : DEBUG   : start process
2018-03-27 11:23:57,202: state.pubsub.pub.0003: MainProcess                     : MainThread     : DEBUG   : ru_initialize_common (NOOP)
2018-03-27 11:23:57,202: state.pubsub.pub.0003: MainProcess                     : MainThread     : DEBUG   : ru_initialize_parent (NOOP)
2018-03-27 11:23:57,202: state.pubsub.pub.0003: MainProcess                     : MainThread     : DEBUG   : process class started (no child)
2018-03-27 11:36:18,115: state.pubsub.pub.0003: update.0                        : update.0.child.subscriber._cancel_monitor_cb: INFO    : parent stops child  16256 -> None [state.pubsub.pub.0003]
2018-03-27 11:36:18,115: state.pubsub.pub.0003: update.0                        : update.0.child.subscriber._cancel_monitor_cb: DEBUG   : ru_finalize_parent (NOOP)
