2018-04-04 00:00:42,154: state.pubsub.pub.0005: umgr.0000.scheduling.0          : MainThread     : INFO    : python.interpreter   version: 2.7.14 (default, Sep 23 2017, 22:06:14) [GCC 7.2.0]
2018-04-04 00:00:42,154: state.pubsub.pub.0005: umgr.0000.scheduling.0          : MainThread     : INFO    :                      pid: 974
2018-04-04 00:00:42,155: state.pubsub.pub.0005: umgr.0000.scheduling.0          : MainThread     : INFO    :                      tid: MainThread
2018-04-04 00:00:42,155: state.pubsub.pub.0005: umgr.0000.scheduling.0          : MainThread     : INFO    : radical.pilot        version: 0.47-0.47-14-gb1dff8bd@devel
2018-04-04 00:00:42,155: state.pubsub.pub.0005: umgr.0000.scheduling.0          : MainThread     : INFO    : create state_pubsub - pub - tcp://144.76.72.175:40091
2018-04-04 00:00:42,155: state.pubsub.pub.0005: umgr.0000.scheduling.0          : MainThread     : DEBUG   : start process
2018-04-04 00:00:42,155: state.pubsub.pub.0005: umgr.0000.scheduling.0          : MainThread     : DEBUG   : ru_initialize_common (NOOP)
2018-04-04 00:00:42,156: state.pubsub.pub.0005: umgr.0000.scheduling.0          : MainThread     : DEBUG   : ru_initialize_parent (NOOP)
2018-04-04 00:00:42,156: state.pubsub.pub.0005: umgr.0000.scheduling.0          : MainThread     : DEBUG   : process class started (no child)
2018-04-04 00:00:42,174: state.pubsub.pub.0005: MainProcess                     : MainThread     : INFO    : python.interpreter   version: 2.7.14 (default, Sep 23 2017, 22:06:14) [GCC 7.2.0]
2018-04-04 00:00:42,174: state.pubsub.pub.0005: MainProcess                     : MainThread     : INFO    :                      pid: 786
2018-04-04 00:00:42,174: state.pubsub.pub.0005: MainProcess                     : MainThread     : INFO    :                      tid: MainThread
2018-04-04 00:00:42,175: state.pubsub.pub.0005: MainProcess                     : MainThread     : INFO    : radical.pilot        version: 0.47-0.47-14-gb1dff8bd@devel
2018-04-04 00:00:42,175: state.pubsub.pub.0005: MainProcess                     : MainThread     : INFO    : create state_pubsub - pub - tcp://144.76.72.175:40091
2018-04-04 00:00:42,175: state.pubsub.pub.0005: MainProcess                     : MainThread     : DEBUG   : start process
2018-04-04 00:00:42,175: state.pubsub.pub.0005: MainProcess                     : MainThread     : DEBUG   : ru_initialize_common (NOOP)
2018-04-04 00:00:42,175: state.pubsub.pub.0005: MainProcess                     : MainThread     : DEBUG   : ru_initialize_parent (NOOP)
2018-04-04 00:00:42,175: state.pubsub.pub.0005: MainProcess                     : MainThread     : DEBUG   : process class started (no child)
2018-04-04 00:14:19,515: state.pubsub.pub.0005: MainProcess                     : MainThread     : INFO    : parent stops child  786 -> None [state.pubsub.pub.0005]
2018-04-04 00:14:19,515: state.pubsub.pub.0005: MainProcess                     : MainThread     : DEBUG   : ru_finalize_parent (NOOP)
2018-04-04 00:14:20,388: state.pubsub.pub.0005: umgr.0000.scheduling.0          : MainThread     : INFO    : parent stops child  974 -> None [state.pubsub.pub.0005]
2018-04-04 00:14:20,388: state.pubsub.pub.0005: umgr.0000.scheduling.0          : MainThread     : DEBUG   : ru_finalize_parent (NOOP)
