2018-04-03 20:17:44,685: log.pubsub.pub.0004 : umgr.0000.staging.output.0      : MainThread     : INFO    : python.interpreter   version: 2.7.14 (default, Sep 23 2017, 22:06:14) [GCC 7.2.0]
2018-04-03 20:17:44,685: log.pubsub.pub.0004 : umgr.0000.staging.output.0      : MainThread     : INFO    :                      pid: 31868
2018-04-03 20:17:44,685: log.pubsub.pub.0004 : umgr.0000.staging.output.0      : MainThread     : INFO    :                      tid: MainThread
2018-04-03 20:17:44,685: log.pubsub.pub.0004 : umgr.0000.staging.output.0      : MainThread     : INFO    : radical.pilot        version: 0.47-0.47-14-gb1dff8bd@devel
2018-04-03 20:17:44,686: log.pubsub.pub.0004 : umgr.0000.staging.output.0      : MainThread     : INFO    : create log_pubsub - pub - tcp://144.76.72.175:36515
2018-04-03 20:17:44,686: log.pubsub.pub.0004 : umgr.0000.staging.output.0      : MainThread     : DEBUG   : start process
2018-04-03 20:17:44,686: log.pubsub.pub.0004 : umgr.0000.staging.output.0      : MainThread     : DEBUG   : ru_initialize_common (NOOP)
2018-04-03 20:17:44,687: log.pubsub.pub.0004 : umgr.0000.staging.output.0      : MainThread     : DEBUG   : ru_initialize_parent (NOOP)
2018-04-03 20:17:44,687: log.pubsub.pub.0004 : umgr.0000.staging.output.0      : MainThread     : DEBUG   : process class started (no child)
2018-04-03 20:17:44,704: log.pubsub.pub.0004 : MainProcess                     : MainThread     : INFO    : python.interpreter   version: 2.7.14 (default, Sep 23 2017, 22:06:14) [GCC 7.2.0]
2018-04-03 20:17:44,704: log.pubsub.pub.0004 : MainProcess                     : MainThread     : INFO    :                      pid: 31675
2018-04-03 20:17:44,704: log.pubsub.pub.0004 : MainProcess                     : MainThread     : INFO    :                      tid: MainThread
2018-04-03 20:17:44,704: log.pubsub.pub.0004 : MainProcess                     : MainThread     : INFO    : radical.pilot        version: 0.47-0.47-14-gb1dff8bd@devel
2018-04-03 20:17:44,704: log.pubsub.pub.0004 : MainProcess                     : MainThread     : INFO    : create log_pubsub - pub - tcp://144.76.72.175:36515
2018-04-03 20:17:44,705: log.pubsub.pub.0004 : MainProcess                     : MainThread     : DEBUG   : start process
2018-04-03 20:17:44,705: log.pubsub.pub.0004 : MainProcess                     : MainThread     : DEBUG   : ru_initialize_common (NOOP)
2018-04-03 20:17:44,705: log.pubsub.pub.0004 : MainProcess                     : MainThread     : DEBUG   : ru_initialize_parent (NOOP)
2018-04-03 20:17:44,705: log.pubsub.pub.0004 : MainProcess                     : MainThread     : DEBUG   : process class started (no child)
2018-04-03 20:31:14,975: log.pubsub.pub.0004 : MainProcess                     : MainThread     : INFO    : parent stops child  31675 -> None [log.pubsub.pub.0004]
2018-04-03 20:31:14,975: log.pubsub.pub.0004 : MainProcess                     : MainThread     : DEBUG   : ru_finalize_parent (NOOP)
2018-04-03 20:31:15,384: log.pubsub.pub.0004 : umgr.0000.staging.output.0      : MainThread     : INFO    : parent stops child  31868 -> None [log.pubsub.pub.0004]
2018-04-03 20:31:15,384: log.pubsub.pub.0004 : umgr.0000.staging.output.0      : MainThread     : DEBUG   : ru_finalize_parent (NOOP)
