2018-03-29 00:16:09,540: pmgr.0000.launching.0: MainProcess                     : MainThread     : INFO    : python.interpreter   version: 2.7.14 (default, Sep 23 2017, 22:06:14) [GCC 7.2.0]
2018-03-29 00:16:09,540: pmgr.0000.launching.0: MainProcess                     : MainThread     : INFO    :                      pid: 31461
2018-03-29 00:16:09,540: pmgr.0000.launching.0: MainProcess                     : MainThread     : INFO    :                      tid: MainThread
2018-03-29 00:16:09,541: pmgr.0000.launching.0: MainProcess                     : MainThread     : INFO    : radical.pilot        version: 0.47-0.47-14-gb1dff8bd@devel
2018-03-29 00:16:09,546: pmgr.0000.launching.0: MainProcess                     : MainThread     : DEBUG   : alive check in term
2018-03-29 00:16:09,546: pmgr.0000.launching.0: MainProcess                     : MainThread     : DEBUG   : start process
2018-03-29 00:16:09,676: pmgr.0000.launching.0: MainProcess                     : MainThread     : INFO    : recv message: alive
2018-03-29 00:16:09,677: pmgr.0000.launching.0: MainProcess                     : MainThread     : INFO    : initialize pmgr.0000.launching.0
2018-03-29 00:16:09,679: pmgr.0000.launching.0: MainProcess                     : MainThread     : INFO    : cfg: {'agents': {},
 u'bridges': {u'control_pubsub': {'addr_in': 'tcp://144.76.72.175:46201',
                                  'addr_out': 'tcp://144.76.72.175:43179',
                                  u'bulk_size': 0,
                                  u'log_level': u'debug',
                                  u'stall_hwm': 1},
              u'log_pubsub': {'addr_in': 'tcp://144.76.72.175:36971',
                              'addr_out': 'tcp://144.76.72.175:45965',
                              u'bulk_size': 0,
                              u'log_level': u'debug',
                              u'stall_hwm': 1},
              u'pmgr_launching_queue': {'addr_in': 'tcp://144.76.72.175:38019',
                                        'addr_out': 'tcp://144.76.72.175:45801',
                                        u'bulk_size': 0,
                                        u'log_level': u'debug',
                                        u'stall_hwm': 1},
              u'state_pubsub': {'addr_in': 'tcp://144.76.72.175:35297',
                                'addr_out': 'tcp://144.76.72.175:44783',
                                u'bulk_size': 0,
                                u'log_level': u'debug',
                                u'stall_hwm': 1}},
 'cname': u'PMGRLaunchingComponent',
 u'components': {},
 u'count': 1,
 u'db_poll_sleeptime': 1.0,
 'number': 0,
 'owner': 'pmgr.0000',
 'uid': 'pmgr.0000'}
2018-03-29 00:16:09,679: pmgr.0000.launching.0: MainProcess                     : MainThread     : DEBUG   : alive check in term
2018-03-29 00:16:09,680: pmgr.0000.launching.0: MainProcess                     : MainThread     : DEBUG   : START: pmgr.0000.launching.0 register publisher log_pubsub
2018-03-29 00:16:09,680: pmgr.0000.launching.0: MainProcess                     : MainThread     : DEBUG   : using addr tcp://144.76.72.175:36971 for pubsub log_pubsub
2018-03-29 00:16:09,683: pmgr.0000.launching.0: MainProcess                     : MainThread     : DEBUG   : registered publisher : log_pubsub : log.pubsub.pub.0001
2018-03-29 00:16:09,683: pmgr.0000.launching.0: MainProcess                     : MainThread     : DEBUG   : alive check in term
2018-03-29 00:16:09,683: pmgr.0000.launching.0: MainProcess                     : MainThread     : DEBUG   : START: pmgr.0000.launching.0 register publisher state_pubsub
2018-03-29 00:16:09,683: pmgr.0000.launching.0: MainProcess                     : MainThread     : DEBUG   : using addr tcp://144.76.72.175:35297 for pubsub state_pubsub
2018-03-29 00:16:09,685: pmgr.0000.launching.0: MainProcess                     : MainThread     : DEBUG   : registered publisher : state_pubsub : state.pubsub.pub.0001
2018-03-29 00:16:09,685: pmgr.0000.launching.0: MainProcess                     : MainThread     : DEBUG   : alive check in term
2018-03-29 00:16:09,685: pmgr.0000.launching.0: MainProcess                     : MainThread     : DEBUG   : START: pmgr.0000.launching.0 register publisher control_pubsub
2018-03-29 00:16:09,685: pmgr.0000.launching.0: MainProcess                     : MainThread     : DEBUG   : using addr tcp://144.76.72.175:46201 for pubsub control_pubsub
2018-03-29 00:16:09,687: pmgr.0000.launching.0: MainProcess                     : MainThread     : DEBUG   : registered publisher : control_pubsub : control.pubsub.pub.0001
2018-03-29 00:16:09,688: pmgr.0000.launching.0: MainProcess                     : MainThread     : DEBUG   : parent name: pmgr.0000.launching.0.watch
2018-03-29 00:16:09,688: pmgr.0000.launching.0: MainProcess                     : MainThread     : DEBUG   : start thread
2018-03-29 00:16:09,688: pmgr.0000.launching.0: MainProcess                     : pmgr.0000.launching.0.watch: DEBUG   : child name: pmgr.0000.launching.0.watch.thread
2018-03-29 00:16:09,688: pmgr.0000.launching.0: MainProcess                     : pmgr.0000.launching.0.watch: INFO    : child (me) initializing
2018-03-29 00:16:09,688: pmgr.0000.launching.0: MainProcess                     : pmgr.0000.launching.0.watch: DEBUG   : ru_initialize_common (NOOP)
2018-03-29 00:16:09,688: pmgr.0000.launching.0: MainProcess                     : pmgr.0000.launching.0.watch: DEBUG   : ru_initialize_child (NOOP)
2018-03-29 00:16:09,688: pmgr.0000.launching.0: MainProcess                     : pmgr.0000.launching.0.watch: INFO    : send alive
2018-03-29 00:16:09,688: pmgr.0000.launching.0: MainProcess                     : pmgr.0000.launching.0.watch: INFO    : put message: [pmgr.0000.launching.0.watch.thread] alive
2018-03-29 00:16:09,689: pmgr.0000.launching.0: MainProcess                     : MainThread     : INFO    : get msg: alive
2018-03-29 00:16:09,689: pmgr.0000.launching.0: MainProcess                     : MainThread     : DEBUG   : ru_initialize_common (NOOP)
2018-03-29 00:16:09,689: pmgr.0000.launching.0: MainProcess                     : MainThread     : DEBUG   : ru_initialize_parent (NOOP)
2018-03-29 00:16:09,689: pmgr.0000.launching.0: MainProcess                     : MainThread     : DEBUG   : child thread pmgr.0000.launching.0.watch started
2018-03-29 00:16:09,689: pmgr.0000.launching.0: MainProcess                     : MainThread     : INFO    : child is alive
2018-03-29 00:16:09,689: pmgr.0000.launching.0: MainProcess                     : MainThread     : DEBUG   : process class started child
2018-03-29 00:57:22,365: pmgr.0000.launching.0: MainProcess                     : MainThread     : INFO    : stop pmgr.0000.launching.0 (31461 : 31518 : MainThread) [radical.pilot.pilot_manager.PilotManager.finalize_parent]
2018-03-29 00:57:22,387: pmgr.0000.launching.0: MainProcess                     : MainThread     : INFO    : parent stops child  31461 -> 31518 [pmgr.0000.launching.0]
2018-03-29 00:57:22,387: pmgr.0000.launching.0: MainProcess                     : MainThread     : INFO    : send message: [pmgr.0000.launching.0] STOP
2018-03-29 00:57:22,387: pmgr.0000.launching.0: MainProcess                     : MainThread     : DEBUG   : ru_finalize_common()
2018-03-29 00:57:22,387: pmgr.0000.launching.0: MainProcess                     : MainThread     : DEBUG   : TERM : pmgr.0000.launching.0 unregister publisher log_pubsub
2018-03-29 00:57:22,388: pmgr.0000.launching.0: MainProcess                     : MainThread     : DEBUG   : unregistered publisher log_pubsub
2018-03-29 00:57:22,388: pmgr.0000.launching.0: MainProcess                     : MainThread     : DEBUG   : TERM : pmgr.0000.launching.0 unregister publisher state_pubsub
2018-03-29 00:57:22,389: pmgr.0000.launching.0: MainProcess                     : pmgr.0000.launching.0.watch: INFO    : recv message: 
2018-03-29 00:57:22,389: pmgr.0000.launching.0: MainProcess                     : pmgr.0000.launching.0.watch: INFO    : message received: 
2018-03-29 00:57:22,389: pmgr.0000.launching.0: MainProcess                     : pmgr.0000.launching.0.watch: WARNING : received empty string, parent closed ep
2018-03-29 00:57:22,389: pmgr.0000.launching.0: MainProcess                     : MainThread     : DEBUG   : unregistered publisher state_pubsub
2018-03-29 00:57:22,389: pmgr.0000.launching.0: MainProcess                     : pmgr.0000.launching.0.watch: INFO    : watcher closes
2018-03-29 00:57:22,390: pmgr.0000.launching.0: MainProcess                     : MainThread     : DEBUG   : TERM : pmgr.0000.launching.0 unregister publisher control_pubsub
2018-03-29 00:57:22,390: pmgr.0000.launching.0: MainProcess                     : pmgr.0000.launching.0.watch: INFO    : put message: [pmgr.0000.launching.0.watch.thread] work finished
2018-03-29 00:57:22,390: pmgr.0000.launching.0: MainProcess                     : pmgr.0000.launching.0.watch: DEBUG   : ru_finalize_child (NOOP)
2018-03-29 00:57:22,390: pmgr.0000.launching.0: MainProcess                     : pmgr.0000.launching.0.watch: DEBUG   : ru_finalize_common (NOOP)
2018-03-29 00:57:22,391: pmgr.0000.launching.0: MainProcess                     : pmgr.0000.launching.0.watch: INFO    : put message: [pmgr.0000.launching.0.watch.thread] terminating
2018-03-29 00:57:22,391: pmgr.0000.launching.0: MainProcess                     : MainThread     : DEBUG   : unregistered publisher control_pubsub
2018-03-29 00:57:22,391: pmgr.0000.launching.0: MainProcess                     : MainThread     : DEBUG   : pmgr.0000.launching.0 close prof
2018-03-29 00:57:22,404: pmgr.0000.launching.0: MainProcess                     : MainThread     : INFO    : parent stops child
2018-03-29 00:57:22,404: pmgr.0000.launching.0: MainProcess                     : MainThread     : DEBUG   : ru_finalize_parent (NOOP)
2018-03-29 00:57:22,404: pmgr.0000.launching.0: MainProcess                     : MainThread     : DEBUG   : ru_finalize_common (NOOP)
2018-03-29 00:57:24,404: pmgr.0000.launching.0: MainProcess                     : MainThread     : WARNING : failed to stop child - terminate: 31461 -> 31518 [pmgr.0000.launching.0]
2018-03-29 00:57:24,763: pmgr.0000.launching.0: MainProcess                     : MainThread     : INFO    : stop pmgr.0000.launching.0 (31461 : 31518 : MainThread) [radical.pilot.utils.component.PilotManager.ru_finalize_common]
2018-03-29 00:57:27,547: pmgr.0000.launching.0: MainProcess                     : MainThread     : INFO    : stop pmgr.0000.launching.0 (31461 : 31518 : MainThread) [radical.pilot.session.Session.close]
