2018-03-29 00:16:08,887: update.0.child      : update.0                        : MainThread     : INFO    : python.interpreter   version: 2.7.14 (default, Sep 23 2017, 22:06:14) [GCC 7.2.0]
2018-03-29 00:16:08,888: update.0.child      : update.0                        : MainThread     : INFO    :                      pid: 31490
2018-03-29 00:16:08,888: update.0.child      : update.0                        : MainThread     : INFO    :                      tid: MainThread
2018-03-29 00:16:08,888: update.0.child      : update.0                        : MainThread     : INFO    : radical.pilot        version: 0.47-0.47-14-gb1dff8bd@devel
2018-03-29 00:16:08,926: update.0.child      : update.0                        : MainThread     : INFO    : initialize update.0.child
2018-03-29 00:16:08,928: update.0.child      : update.0                        : MainThread     : INFO    : cfg: {'agents': {},
 u'bridges': {u'control_pubsub': {'addr_in': 'tcp://144.76.72.175:46201',
                                  'addr_out': 'tcp://144.76.72.175:43179',
                                  u'bulk_size': 0,
                                  u'log_level': u'debug',
                                  u'stall_hwm': 1},
              u'log_pubsub': {'addr_in': 'tcp://144.76.72.175:36971',
                              'addr_out': 'tcp://144.76.72.175:45965',
                              u'bulk_size': 0,
                              u'log_level': u'debug',
                              u'stall_hwm': 1},
              u'state_pubsub': {'addr_in': 'tcp://144.76.72.175:35297',
                                'addr_out': 'tcp://144.76.72.175:44783',
                                u'bulk_size': 0,
                                u'log_level': u'debug',
                                u'stall_hwm': 1}},
 'cname': u'UpdateWorker',
 u'components': {},
 u'count': 1,
 'dburl': 'mongodb://rp:rp@ds015335.mlab.com:15335/rp',
 'debug': 'DEBUG',
 u'default_dburl': u'mongodb://rp:rp@ds015335.mlab.com:15335/rp',
 'logdir': '/home/george/launch-methods-project/orte-example/rp.session.one.george.017618.0006',
 'number': 0,
 'owner': 'rp.session.one.george.017618.0006',
 'session_id': 'rp.session.one.george.017618.0006'}
2018-03-29 00:16:08,929: update.0.child      : update.0                        : MainThread     : DEBUG   : start components: {}
2018-03-29 00:16:08,929: update.0.child      : update.0                        : MainThread     : DEBUG   : alive check in term
2018-03-29 00:16:08,929: update.0.child      : update.0                        : MainThread     : DEBUG   : START: update.0.child register publisher log_pubsub
2018-03-29 00:16:08,929: update.0.child      : update.0                        : MainThread     : DEBUG   : using addr tcp://144.76.72.175:36971 for pubsub log_pubsub
2018-03-29 00:16:08,932: update.0.child      : update.0                        : MainThread     : DEBUG   : registered publisher : log_pubsub : log.pubsub.pub.0000
2018-03-29 00:16:08,932: update.0.child      : update.0                        : MainThread     : DEBUG   : alive check in term
2018-03-29 00:16:08,932: update.0.child      : update.0                        : MainThread     : DEBUG   : START: update.0.child register publisher state_pubsub
2018-03-29 00:16:08,933: update.0.child      : update.0                        : MainThread     : DEBUG   : using addr tcp://144.76.72.175:35297 for pubsub state_pubsub
2018-03-29 00:16:08,935: update.0.child      : update.0                        : MainThread     : DEBUG   : registered publisher : state_pubsub : state.pubsub.pub.0000
2018-03-29 00:16:08,935: update.0.child      : update.0                        : MainThread     : DEBUG   : alive check in term
2018-03-29 00:16:08,935: update.0.child      : update.0                        : MainThread     : DEBUG   : START: update.0.child register publisher control_pubsub
2018-03-29 00:16:08,935: update.0.child      : update.0                        : MainThread     : DEBUG   : using addr tcp://144.76.72.175:46201 for pubsub control_pubsub
2018-03-29 00:16:08,937: update.0.child      : update.0                        : MainThread     : DEBUG   : registered publisher : control_pubsub : control.pubsub.pub.0000
2018-03-29 00:16:08,959: update.0.child      : update.0                        : MainThread     : DEBUG   : alive check in term
2018-03-29 00:16:08,960: update.0.child      : update.0                        : MainThread     : DEBUG   : START: update.0.child register subscriber update.0.child.subscriber._cancel_monitor_cb
2018-03-29 00:16:08,960: update.0.child      : update.0                        : MainThread     : DEBUG   : using addr tcp://144.76.72.175:43179 for pubsub control_pubsub
2018-03-29 00:16:08,962: update.0.child      : update.0                        : MainThread     : DEBUG   : parent name: update.0.child.subscriber._cancel_monitor_cb
2018-03-29 00:16:08,962: update.0.child      : update.0                        : MainThread     : DEBUG   : start thread
2018-03-29 00:16:08,963: update.0.child      : update.0                        : update.0.child.subscriber._cancel_monitor_cb: DEBUG   : child name: update.0.child.subscriber._cancel_monitor_cb.thread
2018-03-29 00:16:08,963: update.0.child      : update.0                        : update.0.child.subscriber._cancel_monitor_cb: INFO    : child (me) initializing
2018-03-29 00:16:08,963: update.0.child      : update.0                        : update.0.child.subscriber._cancel_monitor_cb: DEBUG   : ru_initialize_common (NOOP)
2018-03-29 00:16:08,963: update.0.child      : update.0                        : update.0.child.subscriber._cancel_monitor_cb: DEBUG   : ru_initialize_child (NOOP)
2018-03-29 00:16:08,963: update.0.child      : update.0                        : update.0.child.subscriber._cancel_monitor_cb: INFO    : send alive
2018-03-29 00:16:08,963: update.0.child      : update.0                        : update.0.child.subscriber._cancel_monitor_cb: INFO    : put message: [update.0.child.subscriber._cancel_monitor_cb.thread] alive
2018-03-29 00:16:08,964: update.0.child      : update.0                        : MainThread     : INFO    : get msg: alive
2018-03-29 00:16:08,964: update.0.child      : update.0                        : MainThread     : DEBUG   : ru_initialize_common (NOOP)
2018-03-29 00:16:08,964: update.0.child      : update.0                        : MainThread     : DEBUG   : ru_initialize_parent (NOOP)
2018-03-29 00:16:08,964: update.0.child      : update.0                        : MainThread     : DEBUG   : child thread update.0.child.subscriber._cancel_monitor_cb started
2018-03-29 00:16:08,964: update.0.child      : update.0                        : MainThread     : DEBUG   : update.0.child registered control_pubsub subscriber update.0.child.subscriber._cancel_monitor_cb
2018-03-29 00:16:09,491: update.0.child      : update.0                        : MainThread     : DEBUG   : alive check in term
2018-03-29 00:16:09,491: update.0.child      : update.0                        : MainThread     : DEBUG   : START: update.0.child register subscriber update.0.child.subscriber._state_cb
2018-03-29 00:16:09,491: update.0.child      : update.0                        : MainThread     : DEBUG   : using addr tcp://144.76.72.175:44783 for pubsub state_pubsub
2018-03-29 00:16:09,493: update.0.child      : update.0                        : MainThread     : DEBUG   : parent name: update.0.child.subscriber._state_cb
2018-03-29 00:16:09,494: update.0.child      : update.0                        : MainThread     : DEBUG   : start thread
2018-03-29 00:16:09,494: update.0.child      : update.0                        : update.0.child.subscriber._state_cb: DEBUG   : child name: update.0.child.subscriber._state_cb.thread
2018-03-29 00:16:09,494: update.0.child      : update.0                        : update.0.child.subscriber._state_cb: INFO    : child (me) initializing
2018-03-29 00:16:09,494: update.0.child      : update.0                        : update.0.child.subscriber._state_cb: DEBUG   : ru_initialize_common (NOOP)
2018-03-29 00:16:09,494: update.0.child      : update.0                        : update.0.child.subscriber._state_cb: DEBUG   : ru_initialize_child (NOOP)
2018-03-29 00:16:09,495: update.0.child      : update.0                        : update.0.child.subscriber._state_cb: INFO    : send alive
2018-03-29 00:16:09,495: update.0.child      : update.0                        : update.0.child.subscriber._state_cb: INFO    : put message: [update.0.child.subscriber._state_cb.thread] alive
2018-03-29 00:16:09,495: update.0.child      : update.0                        : MainThread     : INFO    : get msg: alive
2018-03-29 00:16:09,496: update.0.child      : update.0                        : MainThread     : DEBUG   : ru_initialize_common (NOOP)
2018-03-29 00:16:09,496: update.0.child      : update.0                        : MainThread     : DEBUG   : ru_initialize_parent (NOOP)
2018-03-29 00:16:09,496: update.0.child      : update.0                        : MainThread     : DEBUG   : child thread update.0.child.subscriber._state_cb started
2018-03-29 00:16:09,496: update.0.child      : update.0                        : MainThread     : DEBUG   : update.0.child registered state_pubsub subscriber update.0.child.subscriber._state_cb
2018-03-29 00:16:09,496: update.0.child      : update.0                        : MainThread     : DEBUG   : alive check in term
2018-03-29 00:16:09,496: update.0.child      : update.0                        : MainThread     : DEBUG   : START: update.0.child register idler update.0.child.idler._idle_cb
2018-03-29 00:16:09,496: update.0.child      : update.0                        : MainThread     : DEBUG   : parent name: update.0.child.idler._idle_cb
2018-03-29 00:16:09,497: update.0.child      : update.0                        : MainThread     : DEBUG   : start thread
2018-03-29 00:16:09,497: update.0.child      : update.0                        : update.0.child.idler._idle_cb: DEBUG   : child name: update.0.child.idler._idle_cb.thread
2018-03-29 00:16:09,497: update.0.child      : update.0                        : update.0.child.idler._idle_cb: INFO    : child (me) initializing
2018-03-29 00:16:09,497: update.0.child      : update.0                        : update.0.child.idler._idle_cb: DEBUG   : ru_initialize_common (NOOP)
2018-03-29 00:16:09,498: update.0.child      : update.0                        : update.0.child.idler._idle_cb: DEBUG   : ru_initialize_child (NOOP)
2018-03-29 00:16:09,498: update.0.child      : update.0                        : update.0.child.idler._idle_cb: INFO    : send alive
2018-03-29 00:16:09,498: update.0.child      : update.0                        : update.0.child.idler._idle_cb: INFO    : put message: [update.0.child.idler._idle_cb.thread] alive
2018-03-29 00:16:09,499: update.0.child      : update.0                        : MainThread     : INFO    : get msg: alive
2018-03-29 00:16:09,499: update.0.child      : update.0                        : MainThread     : DEBUG   : ru_initialize_common (NOOP)
2018-03-29 00:16:09,499: update.0.child      : update.0                        : MainThread     : DEBUG   : ru_initialize_parent (NOOP)
2018-03-29 00:16:09,499: update.0.child      : update.0                        : MainThread     : DEBUG   : child thread update.0.child.idler._idle_cb started
2018-03-29 00:16:09,499: update.0.child      : update.0                        : MainThread     : DEBUG   : update.0.child registered idler update.0.child.idler._idle_cb
2018-03-29 00:16:09,499: update.0.child      : update.0                        : MainThread     : INFO    : child (me) initializing
2018-03-29 00:16:09,499: update.0.child      : update.0                        : MainThread     : DEBUG   : parent name: update.0.child.watch
2018-03-29 00:16:09,500: update.0.child      : update.0                        : MainThread     : DEBUG   : start thread
2018-03-29 00:16:09,500: update.0.child      : update.0                        : update.0.child.watch: DEBUG   : child name: update.0.child.watch.thread
2018-03-29 00:16:09,500: update.0.child      : update.0                        : update.0.child.watch: INFO    : child (me) initializing
2018-03-29 00:16:09,500: update.0.child      : update.0                        : update.0.child.watch: DEBUG   : ru_initialize_common (NOOP)
2018-03-29 00:16:09,500: update.0.child      : update.0                        : update.0.child.watch: DEBUG   : ru_initialize_child (NOOP)
2018-03-29 00:16:09,500: update.0.child      : update.0                        : update.0.child.watch: INFO    : send alive
2018-03-29 00:16:09,500: update.0.child      : update.0                        : update.0.child.watch: INFO    : put message: [update.0.child.watch.thread] alive
2018-03-29 00:16:09,501: update.0.child      : update.0                        : MainThread     : INFO    : get msg: alive
2018-03-29 00:16:09,501: update.0.child      : update.0                        : MainThread     : DEBUG   : ru_initialize_common (NOOP)
2018-03-29 00:16:09,501: update.0.child      : update.0                        : MainThread     : DEBUG   : ru_initialize_parent (NOOP)
2018-03-29 00:16:09,501: update.0.child      : update.0                        : MainThread     : DEBUG   : child thread update.0.child.watch started
2018-03-29 00:16:09,501: update.0.child      : update.0                        : MainThread     : INFO    : child (me) is alive
2018-03-29 00:16:09,501: update.0.child      : update.0                        : MainThread     : INFO    : send alive
2018-03-29 00:16:09,501: update.0.child      : update.0                        : MainThread     : INFO    : send message: [update.0.child] alive
2018-03-29 00:16:15,194: update.0.child      : update.0                        : update.0.child.subscriber._state_cb: DEBUG   : bulk update result: {'nModified': 1, 'nUpserted': 0, 'nMatched': 1, 'writeErrors': [], 'upserted': [], 'writeConcernErrors': [], 'nRemoved': 0, 'nInserted': 0}
2018-03-29 00:16:16,613: update.0.child      : update.0                        : update.0.child.idler._idle_cb: DEBUG   : bulk update result: {'nModified': 1, 'nUpserted': 0, 'nMatched': 1, 'writeErrors': [], 'upserted': [], 'writeConcernErrors': [], 'nRemoved': 0, 'nInserted': 0}
2018-03-29 00:16:18,777: update.0.child      : update.0                        : update.0.child.subscriber._cancel_monitor_cb: DEBUG   : command ignored: add_pilots
2018-03-29 00:16:19,882: update.0.child      : update.0                        : update.0.child.subscriber._state_cb: DEBUG   : bulk update result: {'nModified': 256, 'nUpserted': 0, 'nMatched': 256, 'writeErrors': [], 'upserted': [], 'writeConcernErrors': [], 'nRemoved': 0, 'nInserted': 0}
2018-03-29 00:16:20,030: update.0.child      : update.0                        : update.0.child.subscriber._state_cb: DEBUG   : bulk update result: {'nModified': 256, 'nUpserted': 0, 'nMatched': 256, 'writeErrors': [], 'upserted': [], 'writeConcernErrors': [], 'nRemoved': 0, 'nInserted': 0}
2018-03-29 00:16:20,270: update.0.child      : update.0                        : update.0.child.subscriber._state_cb: DEBUG   : bulk update result: {'nModified': 256, 'nUpserted': 0, 'nMatched': 256, 'writeErrors': [], 'upserted': [], 'writeConcernErrors': [], 'nRemoved': 0, 'nInserted': 0}
2018-03-29 00:16:20,428: update.0.child      : update.0                        : update.0.child.subscriber._state_cb: DEBUG   : bulk update result: {'nModified': 256, 'nUpserted': 0, 'nMatched': 256, 'writeErrors': [], 'upserted': [], 'writeConcernErrors': [], 'nRemoved': 0, 'nInserted': 0}
2018-03-29 00:16:33,532: update.0.child      : update.0                        : update.0.child.subscriber._state_cb: DEBUG   : bulk update result: {'nModified': 256, 'nUpserted': 0, 'nMatched': 256, 'writeErrors': [], 'upserted': [], 'writeConcernErrors': [], 'nRemoved': 0, 'nInserted': 0}
2018-03-29 00:16:34,321: update.0.child      : update.0                        : update.0.child.subscriber._state_cb: DEBUG   : bulk update result: {'nModified': 1, 'nUpserted': 0, 'nMatched': 1, 'writeErrors': [], 'upserted': [], 'writeConcernErrors': [], 'nRemoved': 0, 'nInserted': 0}
2018-03-29 00:45:08,176: update.0.child      : update.0                        : update.0.child.subscriber._state_cb: DEBUG   : bulk update result: {'nModified': 1, 'nUpserted': 0, 'nMatched': 1, 'writeErrors': [], 'upserted': [], 'writeConcernErrors': [], 'nRemoved': 0, 'nInserted': 0}
2018-03-29 00:57:10,537: update.0.child      : update.0                        : update.0.child.subscriber._state_cb: DEBUG   : bulk update result: {'nModified': 66, 'nUpserted': 0, 'nMatched': 66, 'writeErrors': [], 'upserted': [], 'writeConcernErrors': [], 'nRemoved': 0, 'nInserted': 0}
2018-03-29 00:57:10,889: update.0.child      : update.0                        : update.0.child.subscriber._state_cb: DEBUG   : bulk update result: {'nModified': 132, 'nUpserted': 0, 'nMatched': 132, 'writeErrors': [], 'upserted': [], 'writeConcernErrors': [], 'nRemoved': 0, 'nInserted': 0}
2018-03-29 00:57:12,069: update.0.child      : update.0                        : update.0.child.subscriber._state_cb: DEBUG   : bulk update result: {'nModified': 66, 'nUpserted': 0, 'nMatched': 66, 'writeErrors': [], 'upserted': [], 'writeConcernErrors': [], 'nRemoved': 0, 'nInserted': 0}
2018-03-29 00:57:12,420: update.0.child      : update.0                        : update.0.child.subscriber._state_cb: DEBUG   : bulk update result: {'nModified': 132, 'nUpserted': 0, 'nMatched': 132, 'writeErrors': [], 'upserted': [], 'writeConcernErrors': [], 'nRemoved': 0, 'nInserted': 0}
2018-03-29 00:57:14,184: update.0.child      : update.0                        : update.0.child.subscriber._state_cb: DEBUG   : bulk update result: {'nModified': 67, 'nUpserted': 0, 'nMatched': 67, 'writeErrors': [], 'upserted': [], 'writeConcernErrors': [], 'nRemoved': 0, 'nInserted': 0}
2018-03-29 00:57:14,538: update.0.child      : update.0                        : update.0.child.subscriber._state_cb: DEBUG   : bulk update result: {'nModified': 134, 'nUpserted': 0, 'nMatched': 134, 'writeErrors': [], 'upserted': [], 'writeConcernErrors': [], 'nRemoved': 0, 'nInserted': 0}
2018-03-29 00:57:16,001: update.0.child      : update.0                        : update.0.child.subscriber._state_cb: DEBUG   : bulk update result: {'nModified': 29, 'nUpserted': 0, 'nMatched': 29, 'writeErrors': [], 'upserted': [], 'writeConcernErrors': [], 'nRemoved': 0, 'nInserted': 0}
2018-03-29 00:57:17,319: update.0.child      : update.0                        : update.0.child.idler._idle_cb: DEBUG   : bulk update result: {'nModified': 58, 'nUpserted': 0, 'nMatched': 58, 'writeErrors': [], 'upserted': [], 'writeConcernErrors': [], 'nRemoved': 0, 'nInserted': 0}
2018-03-29 00:57:18,646: update.0.child      : update.0                        : update.0.child.idler._idle_cb: DEBUG   : bulk update result: {'nModified': 84, 'nUpserted': 0, 'nMatched': 84, 'writeErrors': [], 'upserted': [], 'writeConcernErrors': [], 'nRemoved': 0, 'nInserted': 0}
2018-03-29 00:57:22,319: update.0.child      : update.0                        : update.0.child.subscriber._cancel_monitor_cb: DEBUG   : command ignored: cancel_pilots
2018-03-29 00:57:22,467: update.0.child      : update.0                        : update.0.child.subscriber._state_cb: DEBUG   : bulk update result: {'nModified': 1, 'nUpserted': 0, 'nMatched': 1, 'writeErrors': [], 'upserted': [], 'writeConcernErrors': [], 'nRemoved': 0, 'nInserted': 0}
2018-03-29 00:57:24,793: update.0.child      : update.0                        : update.0.child.watch: INFO    : recv message: STOP
2018-03-29 00:57:24,793: update.0.child      : update.0                        : update.0.child.watch: INFO    : message received: STOP
2018-03-29 00:57:24,793: update.0.child      : update.0                        : update.0.child.watch: INFO    : STOP received: STOP
2018-03-29 00:57:24,793: update.0.child      : update.0                        : update.0.child.watch: INFO    : watcher closes
2018-03-29 00:57:24,793: update.0.child      : update.0                        : update.0.child.watch: INFO    : put message: [update.0.child.watch.thread] work finished
2018-03-29 00:57:24,794: update.0.child      : update.0                        : update.0.child.watch: DEBUG   : ru_finalize_child (NOOP)
2018-03-29 00:57:24,794: update.0.child      : update.0                        : update.0.child.watch: DEBUG   : ru_finalize_common (NOOP)
2018-03-29 00:57:24,794: update.0.child      : update.0                        : update.0.child.watch: INFO    : put message: [update.0.child.watch.thread] terminating
2018-03-29 00:57:24,870: update.0.child      : update.0                        : MainThread     : WARNING : alive check: proc invalid - stop [False - True]
2018-03-29 00:57:24,907: update.0.child      : update.0                        : MainThread     : INFO    : stop update.0.child (31490 : 31490 : MainThread) [radical.pilot.worker.update.Update.stop]
2018-03-29 00:57:24,929: update.0.child      : update.0                        : MainThread     : INFO    : parent stops child  31490 -> 31490 [update.0.child]
2018-03-29 00:57:24,929: update.0.child      : update.0                        : MainThread     : INFO    : send message: [update.0.child] STOP
2018-03-29 00:57:24,929: update.0.child      : update.0                        : MainThread     : WARNING : send failed ([Errno 9] Bad file descriptor) - terminate
2018-03-29 00:57:24,930: update.0.child      : update.0                        : MainThread     : DEBUG   : TERM : update.0.child unregister idler update.0.child.idler._idle_cb
2018-03-29 00:57:24,930: update.0.child      : update.0                        : MainThread     : INFO    : parent stops child
2018-03-29 00:57:24,930: update.0.child      : update.0                        : MainThread     : DEBUG   : ru_finalize_parent (NOOP)
2018-03-29 00:57:24,930: update.0.child      : update.0                        : MainThread     : DEBUG   : ru_finalize_common (NOOP)
2018-03-29 00:57:24,958: update.0.child      : update.0                        : update.0.child.idler._idle_cb: DEBUG   : ru_finalize_child (NOOP)
2018-03-29 00:57:24,958: update.0.child      : update.0                        : update.0.child.idler._idle_cb: DEBUG   : ru_finalize_common (NOOP)
2018-03-29 00:57:24,958: update.0.child      : update.0                        : update.0.child.idler._idle_cb: INFO    : put message: [update.0.child.idler._idle_cb.thread] terminating
2018-03-29 00:57:24,961: update.0.child      : update.0                        : MainThread     : DEBUG   : TERM : update.0.child unregistered idler update.0.child.idler._idle_cb
2018-03-29 00:57:24,962: update.0.child      : update.0                        : MainThread     : DEBUG   : TERM : update.0.child unregister subscriber update.0.child.subscriber._state_cb
2018-03-29 00:57:24,962: update.0.child      : update.0                        : MainThread     : DEBUG   : unregistered subscriber update.0.child.subscriber._state_cb
2018-03-29 00:57:24,962: update.0.child      : update.0                        : MainThread     : DEBUG   : ru_finalize_common()
2018-03-29 00:57:24,962: update.0.child      : update.0                        : MainThread     : DEBUG   : TERM : update.0.child unregister publisher log_pubsub
2018-03-29 00:57:24,963: update.0.child      : update.0                        : MainThread     : DEBUG   : unregistered publisher log_pubsub
2018-03-29 00:57:24,963: update.0.child      : update.0                        : MainThread     : DEBUG   : TERM : update.0.child unregister publisher state_pubsub
2018-03-29 00:57:24,964: update.0.child      : update.0                        : MainThread     : DEBUG   : unregistered publisher state_pubsub
2018-03-29 00:57:24,964: update.0.child      : update.0                        : MainThread     : DEBUG   : TERM : update.0.child unregister publisher control_pubsub
2018-03-29 00:57:24,965: update.0.child      : update.0                        : MainThread     : DEBUG   : unregistered publisher control_pubsub
2018-03-29 00:57:24,965: update.0.child      : update.0                        : MainThread     : DEBUG   : update.0.child close prof
2018-03-29 00:57:24,979: update.0.child      : update.0                        : MainThread     : INFO    : parent stops child
2018-03-29 00:57:24,979: update.0.child      : update.0                        : MainThread     : DEBUG   : ru_finalize_parent (NOOP)
2018-03-29 00:57:24,979: update.0.child      : update.0                        : MainThread     : DEBUG   : ru_finalize_common (NOOP)
2018-03-29 00:57:24,980: update.0.child      : update.0                        : MainThread     : INFO    : parent stops child
2018-03-29 00:57:24,980: update.0.child      : update.0                        : MainThread     : DEBUG   : ru_finalize_parent (NOOP)
2018-03-29 00:57:24,980: update.0.child      : update.0                        : update.0.child.subscriber._cancel_monitor_cb: DEBUG   : ru_finalize_child (NOOP)
2018-03-29 00:57:24,980: update.0.child      : update.0                        : update.0.child.subscriber._cancel_monitor_cb: INFO    : put message: [update.0.child.subscriber._cancel_monitor_cb.thread] terminating
2018-03-29 00:57:24,982: update.0.child      : update.0                        : MainThread     : INFO    : parent stops child
2018-03-29 00:57:24,982: update.0.child      : update.0                        : MainThread     : DEBUG   : ru_finalize_parent (NOOP)
2018-03-29 00:57:24,982: update.0.child      : update.0                        : update.0.child.subscriber._state_cb: DEBUG   : ru_finalize_child (NOOP)
2018-03-29 00:57:24,982: update.0.child      : update.0                        : update.0.child.subscriber._state_cb: INFO    : put message: [update.0.child.subscriber._state_cb.thread] terminating
2018-03-29 00:57:24,984: update.0.child      : update.0                        : MainThread     : INFO    : parent stops child
2018-03-29 00:57:24,984: update.0.child      : update.0                        : MainThread     : WARNING : super update.0.child is invalid
2018-03-29 00:57:24,984: update.0.child      : update.0                        : MainThread     : WARNING : component update.0.child is invalid
2018-03-29 00:57:24,985: update.0.child      : update.0                        : MainThread     : INFO    : stop update.0.child (31490 : 31490 : MainThread) [radical.pilot.worker.update.Update.stop]
2018-03-29 00:57:24,985: update.0.child      : update.0                        : MainThread     : DEBUG   : TERM : update.0.child unregister idler update.0.child.idler._idle_cb
2018-03-29 00:57:24,986: update.0.child      : update.0                        : MainThread     : WARNING : timed cb update.0.child.idler._idle_cb is not registered
2018-03-29 00:57:24,986: update.0.child      : update.0                        : MainThread     : DEBUG   : TERM : update.0.child unregister subscriber update.0.child.subscriber._state_cb
2018-03-29 00:57:24,986: update.0.child      : update.0                        : MainThread     : WARNING : subscriber _state_cb is not registered
2018-03-29 00:57:24,986: update.0.child      : update.0                        : MainThread     : DEBUG   : ru_finalize_common()
2018-03-29 00:57:24,986: update.0.child      : update.0                        : MainThread     : WARNING : publisher log_pubsub is not registered
2018-03-29 00:57:24,986: update.0.child      : update.0                        : MainThread     : WARNING : publisher state_pubsub is not registered
2018-03-29 00:57:24,986: update.0.child      : update.0                        : MainThread     : WARNING : publisher control_pubsub is not registered
2018-03-29 00:57:24,986: update.0.child      : update.0                        : MainThread     : DEBUG   : update.0.child close prof
2018-03-29 00:57:24,986: update.0.child      : update.0                        : MainThread     : INFO    : send message: [update.0.child] terminating
2018-03-29 00:57:24,986: update.0.child      : update.0                        : MainThread     : WARNING : send failed ([Errno 9] Bad file descriptor) - terminate
2018-03-29 00:57:24,986: update.0.child      : update.0                        : MainThread     : INFO    : parent stops child
2018-03-29 00:57:24,987: update.0.child      : update.0                        : MainThread     : INFO    : parent stops child
2018-03-29 00:57:24,987: update.0.child      : update.0                        : MainThread     : INFO    : parent stops child
