2018-03-26 23:01:35,082: control.pubsub.sub.0000: agent_0.staging.output.0        : MainThread     : INFO    : python.interpreter   version: 2.7.7 |Continuum Analytics, Inc.| (default, Jun 2 2014, 12:34:02) [GCC 4.1.2 20080704 (Red Hat 4.1.2-54)]
2018-03-26 23:01:35,086: control.pubsub.sub.0000: agent_0.staging.output.0        : MainThread     : INFO    :                      pid: 112978
2018-03-26 23:01:35,086: control.pubsub.sub.0000: agent_0.staging.output.0        : MainThread     : INFO    :                      tid: MainThread
2018-03-26 23:01:35,086: control.pubsub.sub.0000: agent_0.staging.output.0        : MainThread     : INFO    : radical.pilot        version: 0.47-0.47-14-gb1dff8bd@devel
2018-03-26 23:01:35,086: control.pubsub.sub.0000: agent_0.staging.output.0        : MainThread     : INFO    : create control_pubsub - sub - tcp://204.90.41.127:36448
2018-03-26 23:01:35,087: control.pubsub.sub.0000: agent_0.staging.output.0        : MainThread     : DEBUG   : start process
2018-03-26 23:01:35,087: control.pubsub.sub.0000: agent_0.staging.output.0        : MainThread     : DEBUG   : ru_initialize_common (NOOP)
2018-03-26 23:01:35,087: control.pubsub.sub.0000: agent_0.staging.output.0        : MainThread     : DEBUG   : ru_initialize_parent (NOOP)
2018-03-26 23:01:35,087: control.pubsub.sub.0000: agent_0.staging.output.0        : MainThread     : DEBUG   : process class started (no child)
2018-03-26 23:01:35,366: control.pubsub.sub.0000: agent_0.scheduling.0            : MainThread     : INFO    : python.interpreter   version: 2.7.7 |Continuum Analytics, Inc.| (default, Jun 2 2014, 12:34:02) [GCC 4.1.2 20080704 (Red Hat 4.1.2-54)]
2018-03-26 23:01:35,370: control.pubsub.sub.0000: agent_0.scheduling.0            : MainThread     : INFO    :                      pid: 112998
2018-03-26 23:01:35,370: control.pubsub.sub.0000: agent_0.scheduling.0            : MainThread     : INFO    :                      tid: MainThread
2018-03-26 23:01:35,370: control.pubsub.sub.0000: agent_0.scheduling.0            : MainThread     : INFO    : radical.pilot        version: 0.47-0.47-14-gb1dff8bd@devel
2018-03-26 23:01:35,370: control.pubsub.sub.0000: agent_0.scheduling.0            : MainThread     : INFO    : create control_pubsub - sub - tcp://204.90.41.127:36448
2018-03-26 23:01:35,370: control.pubsub.sub.0000: agent_0.scheduling.0            : MainThread     : DEBUG   : start process
2018-03-26 23:01:35,370: control.pubsub.sub.0000: agent_0.scheduling.0            : MainThread     : DEBUG   : ru_initialize_common (NOOP)
2018-03-26 23:01:35,370: control.pubsub.sub.0000: agent_0.scheduling.0            : MainThread     : DEBUG   : ru_initialize_parent (NOOP)
2018-03-26 23:01:35,370: control.pubsub.sub.0000: agent_0.scheduling.0            : MainThread     : DEBUG   : process class started (no child)
2018-03-26 23:01:35,724: control.pubsub.sub.0000: agent_0.staging.input.0         : MainThread     : INFO    : python.interpreter   version: 2.7.7 |Continuum Analytics, Inc.| (default, Jun 2 2014, 12:34:02) [GCC 4.1.2 20080704 (Red Hat 4.1.2-54)]
2018-03-26 23:01:35,727: control.pubsub.sub.0000: agent_0.staging.input.0         : MainThread     : INFO    :                      pid: 113029
2018-03-26 23:01:35,727: control.pubsub.sub.0000: agent_0.staging.input.0         : MainThread     : INFO    :                      tid: MainThread
2018-03-26 23:01:35,728: control.pubsub.sub.0000: agent_0.staging.input.0         : MainThread     : INFO    : radical.pilot        version: 0.47-0.47-14-gb1dff8bd@devel
2018-03-26 23:01:35,728: control.pubsub.sub.0000: agent_0.staging.input.0         : MainThread     : INFO    : create control_pubsub - sub - tcp://204.90.41.127:36448
2018-03-26 23:01:35,728: control.pubsub.sub.0000: agent_0.staging.input.0         : MainThread     : DEBUG   : start process
2018-03-26 23:01:35,728: control.pubsub.sub.0000: agent_0.staging.input.0         : MainThread     : DEBUG   : ru_initialize_common (NOOP)
2018-03-26 23:01:35,728: control.pubsub.sub.0000: agent_0.staging.input.0         : MainThread     : DEBUG   : ru_initialize_parent (NOOP)
2018-03-26 23:01:35,728: control.pubsub.sub.0000: agent_0.staging.input.0         : MainThread     : DEBUG   : process class started (no child)
2018-03-26 23:01:36,183: control.pubsub.sub.0000: update.0                        : MainThread     : INFO    : python.interpreter   version: 2.7.7 |Continuum Analytics, Inc.| (default, Jun 2 2014, 12:34:02) [GCC 4.1.2 20080704 (Red Hat 4.1.2-54)]
2018-03-26 23:01:36,186: control.pubsub.sub.0000: update.0                        : MainThread     : INFO    :                      pid: 113051
2018-03-26 23:01:36,186: control.pubsub.sub.0000: update.0                        : MainThread     : INFO    :                      tid: MainThread
2018-03-26 23:01:36,186: control.pubsub.sub.0000: update.0                        : MainThread     : INFO    : radical.pilot        version: 0.47-0.47-14-gb1dff8bd@devel
2018-03-26 23:01:36,186: control.pubsub.sub.0000: update.0                        : MainThread     : INFO    : create control_pubsub - sub - tcp://204.90.41.127:36448
2018-03-26 23:01:36,186: control.pubsub.sub.0000: update.0                        : MainThread     : DEBUG   : start process
2018-03-26 23:01:36,186: control.pubsub.sub.0000: update.0                        : MainThread     : DEBUG   : ru_initialize_common (NOOP)
2018-03-26 23:01:36,186: control.pubsub.sub.0000: update.0                        : MainThread     : DEBUG   : ru_initialize_parent (NOOP)
2018-03-26 23:01:36,187: control.pubsub.sub.0000: update.0                        : MainThread     : DEBUG   : process class started (no child)
2018-03-26 23:01:36,794: control.pubsub.sub.0000: agent_0.executing.0             : MainThread     : INFO    : python.interpreter   version: 2.7.7 |Continuum Analytics, Inc.| (default, Jun 2 2014, 12:34:02) [GCC 4.1.2 20080704 (Red Hat 4.1.2-54)]
2018-03-26 23:01:36,798: control.pubsub.sub.0000: agent_0.executing.0             : MainThread     : INFO    :                      pid: 113073
2018-03-26 23:01:36,798: control.pubsub.sub.0000: agent_0.executing.0             : MainThread     : INFO    :                      tid: MainThread
2018-03-26 23:01:36,798: control.pubsub.sub.0000: agent_0.executing.0             : MainThread     : INFO    : radical.pilot        version: 0.47-0.47-14-gb1dff8bd@devel
2018-03-26 23:01:36,798: control.pubsub.sub.0000: agent_0.executing.0             : MainThread     : INFO    : create control_pubsub - sub - tcp://204.90.41.127:36448
2018-03-26 23:01:36,798: control.pubsub.sub.0000: agent_0.executing.0             : MainThread     : DEBUG   : start process
2018-03-26 23:01:36,798: control.pubsub.sub.0000: agent_0.executing.0             : MainThread     : DEBUG   : ru_initialize_common (NOOP)
2018-03-26 23:01:36,798: control.pubsub.sub.0000: agent_0.executing.0             : MainThread     : DEBUG   : ru_initialize_parent (NOOP)
2018-03-26 23:01:36,799: control.pubsub.sub.0000: agent_0.executing.0             : MainThread     : DEBUG   : process class started (no child)
2018-03-26 23:13:48,097: control.pubsub.sub.0000: agent_0.staging.output.0        : agent_0.staging.output.0.child.subscriber._cancel_monitor_cb: INFO    : parent stops child  112978 -> None [control.pubsub.sub.0000]
2018-03-26 23:13:48,097: control.pubsub.sub.0000: agent_0.staging.output.0        : agent_0.staging.output.0.child.subscriber._cancel_monitor_cb: DEBUG   : ru_finalize_parent (NOOP)
2018-03-26 23:13:48,097: control.pubsub.sub.0000: agent_0.executing.0             : agent_0.executing.0.child.subscriber._cancel_monitor_cb: INFO    : parent stops child  113073 -> None [control.pubsub.sub.0000]
2018-03-26 23:13:48,097: control.pubsub.sub.0000: update.0                        : update.0.child.subscriber._cancel_monitor_cb: INFO    : parent stops child  113051 -> None [control.pubsub.sub.0000]
2018-03-26 23:13:48,097: control.pubsub.sub.0000: agent_0.executing.0             : agent_0.executing.0.child.subscriber._cancel_monitor_cb: DEBUG   : ru_finalize_parent (NOOP)
2018-03-26 23:13:48,097: control.pubsub.sub.0000: agent_0.scheduling.0            : agent_0.scheduling.0.child.subscriber._cancel_monitor_cb: INFO    : parent stops child  112998 -> None [control.pubsub.sub.0000]
2018-03-26 23:13:48,097: control.pubsub.sub.0000: update.0                        : update.0.child.subscriber._cancel_monitor_cb: DEBUG   : ru_finalize_parent (NOOP)
2018-03-26 23:13:48,097: control.pubsub.sub.0000: agent_0.scheduling.0            : agent_0.scheduling.0.child.subscriber._cancel_monitor_cb: DEBUG   : ru_finalize_parent (NOOP)
2018-03-26 23:13:48,112: control.pubsub.sub.0000: agent_0.staging.input.0         : agent_0.staging.input.0.child.subscriber._cancel_monitor_cb: INFO    : parent stops child  113029 -> None [control.pubsub.sub.0000]
2018-03-26 23:13:48,112: control.pubsub.sub.0000: agent_0.staging.input.0         : agent_0.staging.input.0.child.subscriber._cancel_monitor_cb: DEBUG   : ru_finalize_parent (NOOP)
