2018-04-03 05:26:42,221: log.pubsub.pub.0000 : update.0                        : MainThread     : INFO    : python.interpreter   version: 2.7.14 (default, Sep 23 2017, 22:06:14) [GCC 7.2.0]
2018-04-03 05:26:42,221: log.pubsub.pub.0000 : update.0                        : MainThread     : INFO    :                      pid: 11736
2018-04-03 05:26:42,221: log.pubsub.pub.0000 : update.0                        : MainThread     : INFO    :                      tid: MainThread
2018-04-03 05:26:42,221: log.pubsub.pub.0000 : update.0                        : MainThread     : INFO    : radical.pilot        version: 0.47-0.47-14-gb1dff8bd@devel
2018-04-03 05:26:42,222: log.pubsub.pub.0000 : update.0                        : MainThread     : INFO    : create log_pubsub - pub - tcp://144.76.72.175:37365
2018-04-03 05:26:42,222: log.pubsub.pub.0000 : update.0                        : MainThread     : DEBUG   : start process
2018-04-03 05:26:42,223: log.pubsub.pub.0000 : update.0                        : MainThread     : DEBUG   : ru_initialize_common (NOOP)
2018-04-03 05:26:42,223: log.pubsub.pub.0000 : update.0                        : MainThread     : DEBUG   : ru_initialize_parent (NOOP)
2018-04-03 05:26:42,223: log.pubsub.pub.0000 : update.0                        : MainThread     : DEBUG   : process class started (no child)
2018-04-03 05:26:42,796: log.pubsub.pub.0000 : MainProcess                     : MainThread     : INFO    : python.interpreter   version: 2.7.14 (default, Sep 23 2017, 22:06:14) [GCC 7.2.0]
2018-04-03 05:26:42,796: log.pubsub.pub.0000 : MainProcess                     : MainThread     : INFO    :                      pid: 11707
2018-04-03 05:26:42,796: log.pubsub.pub.0000 : MainProcess                     : MainThread     : INFO    :                      tid: MainThread
2018-04-03 05:26:42,796: log.pubsub.pub.0000 : MainProcess                     : MainThread     : INFO    : radical.pilot        version: 0.47-0.47-14-gb1dff8bd@devel
2018-04-03 05:26:42,796: log.pubsub.pub.0000 : MainProcess                     : MainThread     : INFO    : create log_pubsub - pub - tcp://144.76.72.175:37365
2018-04-03 05:26:42,796: log.pubsub.pub.0000 : MainProcess                     : MainThread     : DEBUG   : start process
2018-04-03 05:26:42,797: log.pubsub.pub.0000 : MainProcess                     : MainThread     : DEBUG   : ru_initialize_common (NOOP)
2018-04-03 05:26:42,797: log.pubsub.pub.0000 : MainProcess                     : MainThread     : DEBUG   : ru_initialize_parent (NOOP)
2018-04-03 05:26:42,797: log.pubsub.pub.0000 : MainProcess                     : MainThread     : DEBUG   : process class started (no child)
2018-04-03 05:39:57,135: log.pubsub.pub.0000 : MainProcess                     : MainThread     : INFO    : parent stops child  11707 -> None [log.pubsub.pub.0000]
2018-04-03 05:39:57,135: log.pubsub.pub.0000 : MainProcess                     : MainThread     : DEBUG   : ru_finalize_parent (NOOP)
2018-04-03 05:39:57,342: log.pubsub.pub.0000 : update.0                        : MainThread     : INFO    : parent stops child  11736 -> None [log.pubsub.pub.0000]
2018-04-03 05:39:57,343: log.pubsub.pub.0000 : update.0                        : MainThread     : DEBUG   : ru_finalize_parent (NOOP)
