2018-04-03 05:26:42,806: pmgr.0000           : MainProcess                     : MainThread     : INFO    : python.interpreter   version: 2.7.14 (default, Sep 23 2017, 22:06:14) [GCC 7.2.0]
2018-04-03 05:26:42,806: pmgr.0000           : MainProcess                     : MainThread     : INFO    :                      pid: 11707
2018-04-03 05:26:42,806: pmgr.0000           : MainProcess                     : MainThread     : INFO    :                      tid: MainThread
2018-04-03 05:26:42,806: pmgr.0000           : MainProcess                     : MainThread     : INFO    : radical.pilot        version: 0.47-0.47-14-gb1dff8bd@devel
2018-04-03 05:26:42,851: pmgr.0000           : MainProcess                     : MainThread     : DEBUG   : alive check in term
2018-04-03 05:26:42,851: pmgr.0000           : MainProcess                     : MainThread     : DEBUG   : start process
2018-04-03 05:26:42,852: pmgr.0000           : MainProcess                     : MainThread     : INFO    : initialize pmgr.0000
2018-04-03 05:26:42,852: pmgr.0000           : MainProcess                     : MainThread     : INFO    : cfg: {u'bridges': {u'pmgr_launching_queue': {u'bulk_size': 0,
                                        u'log_level': u'debug',
                                        u'stall_hwm': 1}},
 u'components': {u'PMGRLaunchingComponent': {u'count': 1}},
 u'db_poll_sleeptime': 1.0,
 'owner': 'pmgr.0000'}
2018-04-03 05:26:42,853: pmgr.0000           : MainProcess                     : MainThread     : DEBUG   : start bridges   : {u'pmgr_launching_queue': {u'bulk_size': 0,
                           u'log_level': u'debug',
                           u'stall_hwm': 1}}
2018-04-03 05:26:42,853: pmgr.0000           : MainProcess                     : MainThread     : INFO    : create bridge pmgr_launching_queue
2018-04-03 05:26:42,870: pmgr.0000           : MainProcess                     : MainThread     : INFO    : created bridge pmgr_launching_queue (pmgr.launching.queue.bridge.0000)
2018-04-03 05:26:42,870: pmgr.0000           : MainProcess                     : MainThread     : DEBUG   : start components: {u'PMGRLaunchingComponent': {u'count': 1}}
2018-04-03 05:26:42,870: pmgr.0000           : MainProcess                     : MainThread     : DEBUG   : start 1 component(s) PMGRLaunchingComponent
2018-04-03 05:26:43,061: pmgr.0000           : MainProcess                     : MainThread     : INFO    : pmgr.0000                      starts pmgr.0000.launching.0
2018-04-03 05:26:43,061: pmgr.0000           : MainProcess                     : MainThread     : DEBUG   : alive check in term
2018-04-03 05:26:43,061: pmgr.0000           : MainProcess                     : MainThread     : DEBUG   : START: pmgr.0000 register publisher log_pubsub
2018-04-03 05:26:43,062: pmgr.0000           : MainProcess                     : MainThread     : DEBUG   : using addr tcp://144.76.72.175:37365 for pubsub log_pubsub
2018-04-03 05:26:43,063: pmgr.0000           : MainProcess                     : MainThread     : DEBUG   : registered publisher : log_pubsub : log.pubsub.pub.0002
2018-04-03 05:26:43,063: pmgr.0000           : MainProcess                     : MainThread     : DEBUG   : alive check in term
2018-04-03 05:26:43,063: pmgr.0000           : MainProcess                     : MainThread     : DEBUG   : START: pmgr.0000 register publisher state_pubsub
2018-04-03 05:26:43,063: pmgr.0000           : MainProcess                     : MainThread     : DEBUG   : using addr tcp://144.76.72.175:36923 for pubsub state_pubsub
2018-04-03 05:26:43,064: pmgr.0000           : MainProcess                     : MainThread     : DEBUG   : registered publisher : state_pubsub : state.pubsub.pub.0002
2018-04-03 05:26:43,064: pmgr.0000           : MainProcess                     : MainThread     : DEBUG   : alive check in term
2018-04-03 05:26:43,064: pmgr.0000           : MainProcess                     : MainThread     : DEBUG   : START: pmgr.0000 register publisher control_pubsub
2018-04-03 05:26:43,064: pmgr.0000           : MainProcess                     : MainThread     : DEBUG   : using addr tcp://144.76.72.175:33595 for pubsub control_pubsub
2018-04-03 05:26:43,066: pmgr.0000           : MainProcess                     : MainThread     : DEBUG   : registered publisher : control_pubsub : control.pubsub.pub.0002
2018-04-03 05:26:43,066: pmgr.0000           : MainProcess                     : MainThread     : DEBUG   : process class started (no child)
2018-04-03 05:26:43,066: pmgr.0000           : MainProcess                     : MainThread     : DEBUG   : START: pmgr.0000 register output PMGR_LAUNCHING_PENDING
2018-04-03 05:26:43,066: pmgr.0000           : MainProcess                     : MainThread     : DEBUG   : using addr tcp://144.76.72.175:44341 for output pmgr_launching_queue
2018-04-03 05:26:43,067: pmgr.0000           : MainProcess                     : MainThread     : DEBUG   : registered output    : PMGR_LAUNCHING_PENDING : pmgr_launching_queue : pmgr.launching.queue.input.0000
2018-04-03 05:26:43,067: pmgr.0000           : MainProcess                     : MainThread     : DEBUG   : START: pmgr.0000 register subscriber pmgr.0000.subscriber._staging_ack_cb
2018-04-03 05:26:43,067: pmgr.0000           : MainProcess                     : MainThread     : DEBUG   : using addr tcp://144.76.72.175:37021 for pubsub control_pubsub
2018-04-03 05:26:43,069: pmgr.0000           : MainProcess                     : MainThread     : DEBUG   : parent name: pmgr.0000.subscriber._staging_ack_cb
2018-04-03 05:26:43,069: pmgr.0000           : MainProcess                     : MainThread     : DEBUG   : start thread
2018-04-03 05:26:43,069: pmgr.0000           : MainProcess                     : pmgr.0000.subscriber._staging_ack_cb: DEBUG   : child name: pmgr.0000.subscriber._staging_ack_cb.thread
2018-04-03 05:26:43,069: pmgr.0000           : MainProcess                     : pmgr.0000.subscriber._staging_ack_cb: INFO    : child (me) initializing
2018-04-03 05:26:43,069: pmgr.0000           : MainProcess                     : pmgr.0000.subscriber._staging_ack_cb: DEBUG   : ru_initialize_common (NOOP)
2018-04-03 05:26:43,069: pmgr.0000           : MainProcess                     : pmgr.0000.subscriber._staging_ack_cb: DEBUG   : ru_initialize_child (NOOP)
2018-04-03 05:26:43,069: pmgr.0000           : MainProcess                     : pmgr.0000.subscriber._staging_ack_cb: INFO    : send alive
2018-04-03 05:26:43,069: pmgr.0000           : MainProcess                     : pmgr.0000.subscriber._staging_ack_cb: INFO    : put message: [pmgr.0000.subscriber._staging_ack_cb.thread] alive
2018-04-03 05:26:43,070: pmgr.0000           : MainProcess                     : MainThread     : INFO    : get msg: alive
2018-04-03 05:26:43,070: pmgr.0000           : MainProcess                     : MainThread     : DEBUG   : ru_initialize_common (NOOP)
2018-04-03 05:26:43,070: pmgr.0000           : MainProcess                     : MainThread     : DEBUG   : ru_initialize_parent (NOOP)
2018-04-03 05:26:43,070: pmgr.0000           : MainProcess                     : MainThread     : DEBUG   : child thread pmgr.0000.subscriber._staging_ack_cb started
2018-04-03 05:26:43,070: pmgr.0000           : MainProcess                     : MainThread     : DEBUG   : pmgr.0000 registered control_pubsub subscriber pmgr.0000.subscriber._staging_ack_cb
2018-04-03 05:26:43,070: pmgr.0000           : MainProcess                     : MainThread     : DEBUG   : START: pmgr.0000 register idler pmgr.0000.idler._state_pull_cb
2018-04-03 05:26:43,070: pmgr.0000           : MainProcess                     : MainThread     : DEBUG   : parent name: pmgr.0000.idler._state_pull_cb
2018-04-03 05:26:43,070: pmgr.0000           : MainProcess                     : MainThread     : DEBUG   : start thread
2018-04-03 05:26:43,070: pmgr.0000           : MainProcess                     : pmgr.0000.idler._state_pull_cb: DEBUG   : child name: pmgr.0000.idler._state_pull_cb.thread
2018-04-03 05:26:43,071: pmgr.0000           : MainProcess                     : pmgr.0000.idler._state_pull_cb: INFO    : child (me) initializing
2018-04-03 05:26:43,071: pmgr.0000           : MainProcess                     : pmgr.0000.idler._state_pull_cb: DEBUG   : ru_initialize_common (NOOP)
2018-04-03 05:26:43,071: pmgr.0000           : MainProcess                     : pmgr.0000.idler._state_pull_cb: DEBUG   : ru_initialize_child (NOOP)
2018-04-03 05:26:43,071: pmgr.0000           : MainProcess                     : pmgr.0000.idler._state_pull_cb: INFO    : send alive
2018-04-03 05:26:43,071: pmgr.0000           : MainProcess                     : pmgr.0000.idler._state_pull_cb: INFO    : put message: [pmgr.0000.idler._state_pull_cb.thread] alive
2018-04-03 05:26:43,072: pmgr.0000           : MainProcess                     : MainThread     : INFO    : get msg: alive
2018-04-03 05:26:43,072: pmgr.0000           : MainProcess                     : MainThread     : DEBUG   : ru_initialize_common (NOOP)
2018-04-03 05:26:43,072: pmgr.0000           : MainProcess                     : MainThread     : DEBUG   : ru_initialize_parent (NOOP)
2018-04-03 05:26:43,072: pmgr.0000           : MainProcess                     : MainThread     : DEBUG   : child thread pmgr.0000.idler._state_pull_cb started
2018-04-03 05:26:43,072: pmgr.0000           : MainProcess                     : MainThread     : DEBUG   : pmgr.0000 registered idler pmgr.0000.idler._state_pull_cb
2018-04-03 05:26:43,072: pmgr.0000           : MainProcess                     : MainThread     : DEBUG   : START: pmgr.0000 register subscriber pmgr.0000.subscriber._state_sub_cb
2018-04-03 05:26:43,072: pmgr.0000           : MainProcess                     : MainThread     : DEBUG   : using addr tcp://144.76.72.175:45745 for pubsub state_pubsub
2018-04-03 05:26:43,074: pmgr.0000           : MainProcess                     : MainThread     : DEBUG   : parent name: pmgr.0000.subscriber._state_sub_cb
2018-04-03 05:26:43,074: pmgr.0000           : MainProcess                     : MainThread     : DEBUG   : start thread
2018-04-03 05:26:43,074: pmgr.0000           : MainProcess                     : pmgr.0000.subscriber._state_sub_cb: DEBUG   : child name: pmgr.0000.subscriber._state_sub_cb.thread
2018-04-03 05:26:43,074: pmgr.0000           : MainProcess                     : pmgr.0000.subscriber._state_sub_cb: INFO    : child (me) initializing
2018-04-03 05:26:43,074: pmgr.0000           : MainProcess                     : pmgr.0000.subscriber._state_sub_cb: DEBUG   : ru_initialize_common (NOOP)
2018-04-03 05:26:43,074: pmgr.0000           : MainProcess                     : pmgr.0000.subscriber._state_sub_cb: DEBUG   : ru_initialize_child (NOOP)
2018-04-03 05:26:43,074: pmgr.0000           : MainProcess                     : pmgr.0000.subscriber._state_sub_cb: INFO    : send alive
2018-04-03 05:26:43,074: pmgr.0000           : MainProcess                     : pmgr.0000.subscriber._state_sub_cb: INFO    : put message: [pmgr.0000.subscriber._state_sub_cb.thread] alive
2018-04-03 05:26:43,075: pmgr.0000           : MainProcess                     : MainThread     : INFO    : get msg: alive
2018-04-03 05:26:43,075: pmgr.0000           : MainProcess                     : MainThread     : DEBUG   : ru_initialize_common (NOOP)
2018-04-03 05:26:43,075: pmgr.0000           : MainProcess                     : MainThread     : DEBUG   : ru_initialize_parent (NOOP)
2018-04-03 05:26:43,075: pmgr.0000           : MainProcess                     : MainThread     : DEBUG   : child thread pmgr.0000.subscriber._state_sub_cb started
2018-04-03 05:26:43,170: pmgr.0000           : MainProcess                     : MainThread     : DEBUG   : pmgr.0000 registered state_pubsub subscriber pmgr.0000.subscriber._state_sub_cb
2018-04-03 05:26:43,273: pmgr.0000           : MainProcess                     : MainThread     : DEBUG   :  ===== 1:  [<class 'radical.utils.url.Url'>]
2018-04-03 05:26:43,273: pmgr.0000           : MainProcess                     : MainThread     : DEBUG   :  ===== 2:  [<type 'str'>]
2018-04-03 05:26:48,084: pmgr.0000           : MainProcess                     : MainThread     : DEBUG   :  ===== 3: gsisftp://supermic.cct-lsu.xsede.org:2222/work/gchantzi/radical.pilot.sandbox/rp.session.one.george.017624.0001/pilot.0000/ [<class 'saga.url.Url'>]
2018-04-03 05:26:48,085: pmgr.0000           : MainProcess                     : MainThread     : DEBUG   : advance bulk size: 1 [False, False]
2018-04-03 05:26:48,184: pmgr.0000           : MainProcess                     : MainThread     : DEBUG   : pilot.0000 calls cb <bound method ComputePilot._default_state_cb of ['pilot.0000', 'xsede.supermic_ssh', 'PMGR_LAUNCHING_PENDING']>
2018-04-03 05:26:48,184: pmgr.0000           : MainProcess                     : MainThread     : INFO    : [Callback]: pilot pilot.0000 state: PMGR_LAUNCHING_PENDING.
2018-04-03 05:26:48,184: pmgr.0000           : MainProcess                     : MainThread     : DEBUG   : advance bulk size: 1 [True, True]
2018-04-03 05:26:48,185: pmgr.0000           : MainProcess                     : MainThread     : DEBUG   : put bulk PMGR_LAUNCHING_PENDING: 1
2018-04-03 05:26:48,186: pmgr.0000           : MainProcess                     : pmgr.0000.subscriber._state_sub_cb: DEBUG   : state event: {'cmd': 'update', 'arg': [{'state': 'PMGR_LAUNCHING_PENDING', 'type': 'pilot', 'uid': 'pilot.0000'}]}
2018-04-03 05:26:48,188: pmgr.0000           : MainProcess                     : pmgr.0000.subscriber._state_sub_cb: DEBUG   : state event: {'cmd': 'update', 'arg': [{'state': 'PMGR_LAUNCHING', 'type': 'pilot', 'uid': 'pilot.0000'}]}
2018-04-03 05:26:48,189: pmgr.0000           : MainProcess                     : pmgr.0000.subscriber._state_sub_cb: DEBUG   : pilot.0000 calls cb <bound method ComputePilot._default_state_cb of ['pilot.0000', 'xsede.supermic_ssh', 'PMGR_LAUNCHING']>
2018-04-03 05:26:48,189: pmgr.0000           : MainProcess                     : pmgr.0000.subscriber._state_sub_cb: INFO    : [Callback]: pilot pilot.0000 state: PMGR_LAUNCHING.
2018-04-03 05:26:48,189: pmgr.0000           : MainProcess                     : pmgr.0000.subscriber._state_sub_cb: DEBUG   : advance bulk size: 1 [False, False]
2018-04-03 05:26:49,242: pmgr.0000           : MainProcess                     : pmgr.0000.subscriber._state_sub_cb: DEBUG   : state event: {'cmd': 'update', 'arg': [{'state': 'UMGR_SCHEDULING_PENDING', 'type': 'unit', 'uid': 'unit.000000'}]}
2018-04-03 05:26:49,245: pmgr.0000           : MainProcess                     : pmgr.0000.subscriber._state_sub_cb: DEBUG   : state event: {'cmd': 'update', 'arg': [{'state': 'UMGR_SCHEDULING', 'type': 'unit', 'uid': 'unit.000000'}]}
2018-04-03 05:26:49,246: pmgr.0000           : MainProcess                     : pmgr.0000.subscriber._state_sub_cb: DEBUG   : state event: {'cmd': 'update', 'arg': []}
2018-04-03 05:26:49,246: pmgr.0000           : MainProcess                     : pmgr.0000.subscriber._state_sub_cb: DEBUG   : state event: {'cmd': 'update', 'arg': [{'state': 'UMGR_STAGING_INPUT_PENDING', 'type': 'unit', 'uid': 'unit.000000'}]}
2018-04-03 05:26:49,249: pmgr.0000           : MainProcess                     : pmgr.0000.subscriber._state_sub_cb: DEBUG   : state event: {'cmd': 'update', 'arg': [{'state': 'UMGR_STAGING_INPUT', 'type': 'unit', 'uid': 'unit.000000'}]}
2018-04-03 05:26:49,250: pmgr.0000           : MainProcess                     : pmgr.0000.subscriber._state_sub_cb: DEBUG   : state event: {'cmd': 'update', 'arg': [{'resource_sandbox': 'gsisftp://supermic.cct-lsu.xsede.org:2222/work/gchantzi/radical.pilot.sandbox', 'control': 'agent_pending', 'client_sandbox': '/home/george/launch-methods-project/mpi-exec', 'description': {'kernel': None, 'executable': 'stress-ng --cpu 1  --timeout 720s', 'name': None, 'restartable': False, 'output_staging': [], 'stdout': None, 'pre_exec': None, 'mpi': False, 'environment': None, 'cleanup': False, 'arguments': None, 'stderr': None, 'cores': 1, 'post_exec': None, 'input_staging': [], 'pilot': None}, 'stdout': None, 'cmd': [], 'exit_code': None, 'states': ['NEW'], 'state': 'AGENT_STAGING_INPUT_PENDING', 'umgr': 'umgr.0000', 'pilot': 'pilot.0000', 'uid': 'unit.000000', 'pilot_sandbox': 'gsisftp://supermic.cct-lsu.xsede.org:2222/work/gchantzi/radical.pilot.sandbox/rp.session.one.george.017624.0001/pilot.0000/', '_id': 'unit.000000', 'type': 'unit', 'stderr': None, 'unit_sandbox': 'gsisftp://supermic.cct-lsu.xsede.org:2222/work/gchantzi/radical.pilot.sandbox/rp.session.one.george.017624.0001/pilot.0000//unit.000000/', 'name': None}]}
2018-04-03 05:27:02,974: pmgr.0000           : MainProcess                     : pmgr.0000.subscriber._state_sub_cb: DEBUG   : state event: {'cmd': 'update', 'arg': [{'control': 'pmgr', 'resource_sandbox': 'gsisftp://supermic.cct-lsu.xsede.org:2222/work/gchantzi/radical.pilot.sandbox', '_id': 'pilot.0000', 'resource': 'xsede.supermic_ssh', 'js_url': 'torque+gsissh://supermic.cct-lsu.xsede.org:2222/', 'pmgr': 'pmgr.0000', 'stdout': None, 'cfg': {'export_to_cu': None, 'spawner': 'POPEN', 'cu_pre_exec': None, 'owner': 'agent_0', 'bridges': {'state_pubsub': {'bulk_size': 0, 'stall_hwm': 1, 'log_level': 'debug'}, 'agent_unschedule_pubsub': {'bulk_size': 0, 'stall_hwm': 1, 'log_level': 'debug'}, 'log_pubsub': {'bulk_size': 0, 'stall_hwm': 1, 'log_level': 'debug'}, 'agent_staging_output_queue': {'bulk_size': 0, 'stall_hwm': 1, 'log_level': 'debug'}, 'agent_scheduling_queue': {'bulk_size': 0, 'stall_hwm': 1, 'log_level': 'debug'}, 'control_pubsub': {'bulk_size': 0, 'stall_hwm': 1, 'log_level': 'debug'}, 'agent_executing_queue': {'bulk_size': 0, 'stall_hwm': 1, 'log_level': 'debug'}, 'agent_reschedule_pubsub': {'bulk_size': 0, 'stall_hwm': 1, 'log_level': 'debug'}, 'agent_staging_input_queue': {'bulk_size': 0, 'stall_hwm': 1, 'log_level': 'debug'}}, 'logdir': '.', 'task_launch_method': 'SSH', 'pilot_sandbox': '/work/gchantzi/radical.pilot.sandbox/rp.session.one.george.017624.0001/pilot.0000/', 'cu_tmp': None, 'cu_post_exec': None, 'max_io_loglength': 1024, 'cores_per_node': 20, 'agent_launch_method': 'SSH', 'bulk_collection_time': 1.0, 'mpi_launch_method': 'MPIEXEC', 'scheduler': 'CONTINUOUS', 'session_sandbox': '/work/gchantzi/radical.pilot.sandbox/rp.session.one.george.017624.0001', 'lrms': 'TORQUE', 'pilot_id': 'pilot.0000', 'runtime': 25, 'dburl': 'mongodb://rp:rp@ds015335.mlab.com:15335/rp', 'target': 'local', 'staging_area': 'staging_area', 'bulk_collection_size': 100, 'staging_schema': 'staging', 'resource_sandbox': '/work/gchantzi/radical.pilot.sandbox', 'session_id': 'rp.session.one.george.017624.0001', 'mode': 'shared', 'components': {'AgentStagingOutputComponent': {'count': 1}, 'AgentSchedulingComponent': {'count': 1}, 'AgentStagingInputComponent': {'count': 1}, 'UpdateWorker': {'count': 1}, 'AgentExecutingComponent': {'count': 1}}, 'debug': 10, 'cores': 20, 'resource_cfg': {'agent_scheduler': 'CONTINUOUS', 'default_remote_workdir': '/work/$USER', 'rp_version': 'local', 'pre_bootstrap_1': ['module load python/2.7.7-anaconda'], 'python_dist': 'default', 'agent_spawner': 'POPEN', 'job_manager_endpoint': 'torque+gsissh://supermic.cct-lsu.xsede.org:2222/', 'schemas': ['gsissh', 'ssh'], 'filesystem_endpoint': 'gsisftp://supermic.cct-lsu.xsede.org:2222/', 'label': 'xsede.supermic_ssh', 'gsissh': {'filesystem_endpoint': 'gsisftp://supermic.cct-lsu.xsede.org:2222/', 'job_manager_endpoint': 'torque+gsissh://supermic.cct-lsu.xsede.org:2222/'}, 'valid_roots': ['/work'], 'task_launch_method': 'SSH', 'virtenv_mode': 'create', 'description': "SuperMIC (pronounced 'Super Mick') is Louisiana State University's (LSU) newest supercomputer funded by the National Science Foundation's (NSF) Major Research Instrumentation (MRI) award to the Center for Computation & Technology. (https://portal.xsede.org/lsu-supermic)", 'default_queue': 'workq', 'cores_per_node': '20', 'agent_launch_method': 'SSH', 'mpi_launch_method': 'MPIEXEC', 'ssh': {'filesystem_endpoint': 'sftp://supermic.cct-lsu.xsede.org/', 'job_manager_endpoint': 'torque+ssh://supermic.cct-lsu.xsede.org/'}, 'lrms': 'TORQUE', 'notes': 'Partially allocated through XSEDE. Primary access through GSISSH. Allows SSH key authentication too.'}, 'db_poll_sleeptime': 1.0}, 'description': {'queue': 'workq', 'resource': 'xsede.supermic_ssh', 'exit_on_error': True, 'candidate_hosts': None, 'project': 'TG-MCB090174', 'sandbox': None, 'cleanup': None, 'access_schema': 'gsissh', 'memory': None, 'cores': 20, 'runtime': 25}, 'cmd': [], 'states': ['NEW'], 'state': 'PMGR_ACTIVE_PENDING', 'session': 'rp.session.one.george.017624.0001', 'log': None, 'stderr': None, 'resource_details': None, 'js_hop': 'gsissh://supermic.cct-lsu.xsede.org:2222/', 'client_sandbox': '/home/george/launch-methods-project/mpi-exec', 'type': 'pilot', 'pilot_sandbox': 'gsisftp://supermic.cct-lsu.xsede.org:2222/work/gchantzi/radical.pilot.sandbox/rp.session.one.george.017624.0001/pilot.0000/', 'uid': 'pilot.0000'}]}
2018-04-03 05:27:02,975: pmgr.0000           : MainProcess                     : pmgr.0000.subscriber._state_sub_cb: DEBUG   : pilot.0000 calls cb <bound method UnitManager._pilot_state_cb of <UnitManager(umgr.0000, initial)>>
2018-04-03 05:27:02,975: pmgr.0000           : MainProcess                     : pmgr.0000.subscriber._state_sub_cb: DEBUG   : pilot.0000 calls cb <bound method ComputePilot._default_state_cb of ['pilot.0000', 'xsede.supermic_ssh', 'PMGR_ACTIVE_PENDING']>
2018-04-03 05:27:02,975: pmgr.0000           : MainProcess                     : pmgr.0000.subscriber._state_sub_cb: INFO    : [Callback]: pilot pilot.0000 state: PMGR_ACTIVE_PENDING.
2018-04-03 05:27:02,975: pmgr.0000           : MainProcess                     : pmgr.0000.subscriber._state_sub_cb: DEBUG   : advance bulk size: 1 [False, False]
2018-04-03 05:27:43,683: pmgr.0000           : MainProcess                     : pmgr.0000.idler._state_pull_cb: DEBUG   : pilot.0000 calls cb <bound method UnitManager._pilot_state_cb of <UnitManager(umgr.0000, initial)>>
2018-04-03 05:27:43,683: pmgr.0000           : MainProcess                     : pmgr.0000.idler._state_pull_cb: DEBUG   : pilot.0000 calls cb <bound method ComputePilot._default_state_cb of ['pilot.0000', 'xsede.supermic_ssh', u'PMGR_ACTIVE']>
2018-04-03 05:27:43,683: pmgr.0000           : MainProcess                     : pmgr.0000.idler._state_pull_cb: INFO    : [Callback]: pilot pilot.0000 state: PMGR_ACTIVE.
2018-04-03 05:27:43,683: pmgr.0000           : MainProcess                     : pmgr.0000.idler._state_pull_cb: DEBUG   : advance bulk size: 1 [False, True]
2018-04-03 05:27:43,684: pmgr.0000           : MainProcess                     : pmgr.0000.idler._state_pull_cb: INFO    : pilot pilot.0000 is PMGR_ACTIVE: None [None]
2018-04-03 05:27:43,685: pmgr.0000           : MainProcess                     : pmgr.0000.subscriber._state_sub_cb: DEBUG   : state event: {'cmd': 'update', 'arg': [{'state': 'PMGR_ACTIVE', 'type': 'pilot', 'uid': 'pilot.0000'}]}
2018-04-03 05:39:46,162: pmgr.0000           : MainProcess                     : pmgr.0000.subscriber._state_sub_cb: DEBUG   : state event: {'cmd': 'update', 'arg': [{'state': 'UMGR_STAGING_OUTPUT_PENDING', 'type': 'unit', 'uid': 'unit.000000'}]}
2018-04-03 05:39:46,165: pmgr.0000           : MainProcess                     : pmgr.0000.subscriber._state_sub_cb: DEBUG   : state event: {'cmd': 'update', 'arg': [{'state': 'UMGR_STAGING_OUTPUT', 'type': 'unit', 'uid': 'unit.000000'}]}
2018-04-03 05:39:46,167: pmgr.0000           : MainProcess                     : pmgr.0000.subscriber._state_sub_cb: DEBUG   : state event: {'cmd': 'update', 'arg': [{'control': None, 'uid': 'unit.000000', 'stdout': '', 'states': ['NEW', 'UMGR_SCHEDULING_PENDING', 'UMGR_SCHEDULING', 'UMGR_STAGING_INPUT_PENDING', 'UMGR_STAGING_INPUT', 'AGENT_STAGING_INPUT_PENDING', 'AGENT_STAGING_INPUT', 'AGENT_SCHEDULING_PENDING', 'AGENT_SCHEDULING', 'AGENT_EXECUTING_PENDING', 'AGENT_EXECUTING', 'AGENT_STAGING_OUTPUT_PENDING', 'AGENT_STAGING_OUTPUT', 'UMGR_STAGING_OUTPUT_PENDING'], 'target_state': 'DONE', 'opaque_slots': {'task_slots': ['smic012:0'], 'task_offsets': 0, 'lm_info': {}}, 'umgr': 'umgr.0000', 'exit_code': 0, 'state': 'DONE', 'client_sandbox': '/home/george/launch-methods-project/mpi-exec', 'type': 'unit', 'pilot_sandbox': 'gsisftp://supermic.cct-lsu.xsede.org:2222/work/gchantzi/radical.pilot.sandbox/rp.session.one.george.017624.0001/pilot.0000/', 'resource_sandbox': 'gsisftp://supermic.cct-lsu.xsede.org:2222/work/gchantzi/radical.pilot.sandbox', 'description': {'kernel': None, 'executable': 'stress-ng --cpu 1  --timeout 720s', 'name': None, 'restartable': False, 'output_staging': [], 'stdout': None, 'pre_exec': None, 'mpi': False, 'environment': None, 'cleanup': False, 'arguments': None, 'stderr': None, 'cores': 1, 'post_exec': None, 'input_staging': [], 'pilot': None}, 'stderr_file': '/worka/work/gchantzi/radical.pilot.sandbox/rp.session.one.george.017624.0001/pilot.0000/unit.000000/STDERR', 'stdout_file': '/worka/work/gchantzi/radical.pilot.sandbox/rp.session.one.george.017624.0001/pilot.0000/unit.000000/STDOUT', 'pilot': 'pilot.0000', 'name': None, 'cmd': [], 'stderr': 'stress-ng: info:  [111448] dispatching hogs: 1 cpu\nstress-ng: info:  [111448] successful run completed in 720.01s (12 mins, 0.01 secs)\n', '_id': 'unit.000000', 'unit_sandbox': 'gsisftp://supermic.cct-lsu.xsede.org:2222/work/gchantzi/radical.pilot.sandbox/rp.session.one.george.017624.0001/pilot.0000//unit.000000/'}]}
2018-04-03 05:39:54,164: pmgr.0000           : MainProcess                     : MainThread     : DEBUG   : in cancel_pilots: ['  File "00_getting_started.py", line 133, in <module>\n    session.close(download=True)\n', '  File "/home/george/ve-matteo/local/lib/python2.7/site-packages/radical/pilot/session.py", line 463, in close\n    pmgr.close(terminate=terminate)\n', '  File "/home/george/ve-matteo/local/lib/python2.7/site-packages/radical/pilot/pilot_manager.py", line 196, in close\n    self.cancel_pilots(_timeout=10)\n', '  File "/home/george/ve-matteo/local/lib/python2.7/site-packages/radical/pilot/pilot_manager.py", line 718, in cancel_pilots\n    self._log.debug(\'in cancel_pilots: %s\', ru.get_stacktrace())\n']
2018-04-03 05:39:54,164: pmgr.0000           : MainProcess                     : MainThread     : INFO    : stop pmgr.0000 (11707 : None : MainThread) [radical.pilot.pilot_manager.PilotManager.close]
2018-04-03 05:39:54,209: pmgr.0000           : MainProcess                     : MainThread     : INFO    : parent stops child  11707 -> None [pmgr.0000]
2018-04-03 05:39:54,209: pmgr.0000           : MainProcess                     : MainThread     : DEBUG   : advance bulk size: 1 [False, True]
2018-04-03 05:39:54,249: pmgr.0000           : MainProcess                     : pmgr.0000.subscriber._state_sub_cb: INFO    : put message: [pmgr.0000.subscriber._state_sub_cb.thread] work finished
2018-04-03 05:39:54,249: pmgr.0000           : MainProcess                     : pmgr.0000.subscriber._state_sub_cb: DEBUG   : ru_finalize_child (NOOP)
2018-04-03 05:39:54,250: pmgr.0000           : MainProcess                     : pmgr.0000.subscriber._state_sub_cb: INFO    : put message: [pmgr.0000.subscriber._state_sub_cb.thread] terminating
2018-04-03 05:39:55,251: pmgr.0000           : MainProcess                     : pmgr.0000.idler._state_pull_cb: INFO    : put message: [pmgr.0000.idler._state_pull_cb.thread] work finished
2018-04-03 05:39:55,251: pmgr.0000           : MainProcess                     : pmgr.0000.idler._state_pull_cb: DEBUG   : ru_finalize_child (NOOP)
2018-04-03 05:39:55,251: pmgr.0000           : MainProcess                     : pmgr.0000.idler._state_pull_cb: DEBUG   : ru_finalize_common (NOOP)
2018-04-03 05:39:55,251: pmgr.0000           : MainProcess                     : pmgr.0000.idler._state_pull_cb: INFO    : put message: [pmgr.0000.idler._state_pull_cb.thread] terminating
2018-04-03 05:39:57,067: pmgr.0000           : MainProcess                     : MainThread     : DEBUG   : ru_finalize_common()
2018-04-03 05:39:57,067: pmgr.0000           : MainProcess                     : MainThread     : DEBUG   : TERM : pmgr.0000 unregister publisher log_pubsub
2018-04-03 05:39:57,068: pmgr.0000           : MainProcess                     : MainThread     : DEBUG   : unregistered publisher log_pubsub
2018-04-03 05:39:57,068: pmgr.0000           : MainProcess                     : MainThread     : DEBUG   : TERM : pmgr.0000 unregister publisher state_pubsub
2018-04-03 05:39:57,069: pmgr.0000           : MainProcess                     : MainThread     : DEBUG   : unregistered publisher state_pubsub
2018-04-03 05:39:57,069: pmgr.0000           : MainProcess                     : MainThread     : DEBUG   : TERM : pmgr.0000 unregister publisher control_pubsub
2018-04-03 05:39:57,070: pmgr.0000           : MainProcess                     : MainThread     : DEBUG   : unregistered publisher control_pubsub
2018-04-03 05:39:57,070: pmgr.0000           : MainProcess                     : MainThread     : DEBUG   : pmgr.0000 close prof
2018-04-03 05:39:57,111: pmgr.0000           : MainProcess                     : MainThread     : INFO    : parent stops child
2018-04-03 05:39:57,111: pmgr.0000           : MainProcess                     : MainThread     : DEBUG   : ru_finalize_parent (NOOP)
2018-04-03 05:39:57,111: pmgr.0000           : MainProcess                     : pmgr.0000.subscriber._staging_ack_cb: DEBUG   : ru_finalize_child (NOOP)
2018-04-03 05:39:57,111: pmgr.0000           : MainProcess                     : pmgr.0000.subscriber._staging_ack_cb: INFO    : put message: [pmgr.0000.subscriber._staging_ack_cb.thread] terminating
2018-04-03 05:39:57,113: pmgr.0000           : MainProcess                     : MainThread     : INFO    : parent stops child
2018-04-03 05:39:57,113: pmgr.0000           : MainProcess                     : MainThread     : DEBUG   : ru_finalize_parent (NOOP)
2018-04-03 05:39:57,113: pmgr.0000           : MainProcess                     : MainThread     : INFO    : parent stops child
2018-04-03 05:39:57,113: pmgr.0000           : MainProcess                     : MainThread     : DEBUG   : ru_finalize_parent (NOOP)
2018-04-03 05:39:57,113: pmgr.0000           : MainProcess                     : MainThread     : DEBUG   : ru_finalize_common (NOOP)
2018-04-03 05:39:57,113: pmgr.0000           : MainProcess                     : MainThread     : INFO    : Closed PilotManager pmgr.0000.
2018-04-03 05:39:59,995: pmgr.0000           : MainProcess                     : MainThread     : INFO    : stop pmgr.0000 (11707 : None : MainThread) [radical.pilot.session.Session.close]
2018-04-03 05:39:59,996: pmgr.0000           : MainProcess                     : MainThread     : INFO    : parent stops child
2018-04-03 05:39:59,996: pmgr.0000           : MainProcess                     : MainThread     : INFO    : parent stops child
2018-04-03 05:39:59,996: pmgr.0000           : MainProcess                     : MainThread     : INFO    : parent stops child
