2018-04-03 05:26:48,500: umgr.0000.staging.output.0: MainProcess                     : MainThread     : INFO    : python.interpreter   version: 2.7.14 (default, Sep 23 2017, 22:06:14) [GCC 7.2.0]
2018-04-03 05:26:48,500: umgr.0000.staging.output.0: MainProcess                     : MainThread     : INFO    :                      pid: 11707
2018-04-03 05:26:48,500: umgr.0000.staging.output.0: MainProcess                     : MainThread     : INFO    :                      tid: MainThread
2018-04-03 05:26:48,501: umgr.0000.staging.output.0: MainProcess                     : MainThread     : INFO    : radical.pilot        version: 0.47-0.47-14-gb1dff8bd@devel
2018-04-03 05:26:48,560: umgr.0000.staging.output.0: MainProcess                     : MainThread     : DEBUG   : alive check in term
2018-04-03 05:26:48,560: umgr.0000.staging.output.0: MainProcess                     : MainThread     : DEBUG   : start process
2018-04-03 05:26:48,646: umgr.0000.staging.output.0: MainProcess                     : MainThread     : INFO    : recv message: alive
2018-04-03 05:26:48,646: umgr.0000.staging.output.0: MainProcess                     : MainThread     : INFO    : initialize umgr.0000.staging.output.0
2018-04-03 05:26:48,648: umgr.0000.staging.output.0: MainProcess                     : MainThread     : INFO    : cfg: {'agents': {},
 u'bridges': {u'control_pubsub': {'addr_in': 'tcp://144.76.72.175:33595',
                                  'addr_out': 'tcp://144.76.72.175:37021',
                                  u'bulk_size': 0,
                                  u'log_level': u'debug',
                                  u'stall_hwm': 1},
              u'log_pubsub': {'addr_in': 'tcp://144.76.72.175:37365',
                              'addr_out': 'tcp://144.76.72.175:33475',
                              u'bulk_size': 0,
                              u'log_level': u'debug',
                              u'stall_hwm': 1},
              u'state_pubsub': {'addr_in': 'tcp://144.76.72.175:36923',
                                'addr_out': 'tcp://144.76.72.175:45745',
                                u'bulk_size': 0,
                                u'log_level': u'debug',
                                u'stall_hwm': 1},
              u'umgr_reschedule_pubsub': {'addr_in': 'tcp://144.76.72.175:41715',
                                          'addr_out': 'tcp://144.76.72.175:33613',
                                          u'bulk_size': 0,
                                          u'log_level': u'debug',
                                          u'stall_hwm': 1},
              u'umgr_scheduling_queue': {'addr_in': 'tcp://144.76.72.175:33501',
                                         'addr_out': 'tcp://144.76.72.175:35363',
                                         u'bulk_size': 0,
                                         u'log_level': u'debug',
                                         u'stall_hwm': 1},
              u'umgr_staging_input_queue': {'addr_in': 'tcp://144.76.72.175:40059',
                                            'addr_out': 'tcp://144.76.72.175:34279',
                                            u'bulk_size': 0,
                                            u'log_level': u'debug',
                                            u'stall_hwm': 1},
              u'umgr_staging_output_queue': {'addr_in': 'tcp://144.76.72.175:34083',
                                             'addr_out': 'tcp://144.76.72.175:44617',
                                             u'bulk_size': 0,
                                             u'log_level': u'debug',
                                             u'stall_hwm': 1},
              u'umgr_unschedule_pubsub': {'addr_in': 'tcp://144.76.72.175:35289',
                                          'addr_out': 'tcp://144.76.72.175:45089',
                                          u'bulk_size': 0,
                                          u'log_level': u'debug',
                                          u'stall_hwm': 1}},
 u'bulk_collection_size': 100,
 u'bulk_collection_time': 1.0,
 'cname': u'UMGRStagingOutputComponent',
 u'components': {},
 u'count': 1,
 u'db_poll_sleeptime': 1.0,
 'number': 0,
 'owner': 'umgr.0000',
 u'scheduler': u'round_robin',
 'uid': 'umgr.0000'}
2018-04-03 05:26:48,648: umgr.0000.staging.output.0: MainProcess                     : MainThread     : DEBUG   : alive check in term
2018-04-03 05:26:48,648: umgr.0000.staging.output.0: MainProcess                     : MainThread     : DEBUG   : START: umgr.0000.staging.output.0 register publisher log_pubsub
2018-04-03 05:26:48,648: umgr.0000.staging.output.0: MainProcess                     : MainThread     : DEBUG   : using addr tcp://144.76.72.175:37365 for pubsub log_pubsub
2018-04-03 05:26:48,650: umgr.0000.staging.output.0: MainProcess                     : MainThread     : DEBUG   : registered publisher : log_pubsub : log.pubsub.pub.0004
2018-04-03 05:26:48,650: umgr.0000.staging.output.0: MainProcess                     : MainThread     : DEBUG   : alive check in term
2018-04-03 05:26:48,650: umgr.0000.staging.output.0: MainProcess                     : MainThread     : DEBUG   : START: umgr.0000.staging.output.0 register publisher state_pubsub
2018-04-03 05:26:48,650: umgr.0000.staging.output.0: MainProcess                     : MainThread     : DEBUG   : using addr tcp://144.76.72.175:36923 for pubsub state_pubsub
2018-04-03 05:26:48,652: umgr.0000.staging.output.0: MainProcess                     : MainThread     : DEBUG   : registered publisher : state_pubsub : state.pubsub.pub.0004
2018-04-03 05:26:48,652: umgr.0000.staging.output.0: MainProcess                     : MainThread     : DEBUG   : alive check in term
2018-04-03 05:26:48,652: umgr.0000.staging.output.0: MainProcess                     : MainThread     : DEBUG   : START: umgr.0000.staging.output.0 register publisher control_pubsub
2018-04-03 05:26:48,652: umgr.0000.staging.output.0: MainProcess                     : MainThread     : DEBUG   : using addr tcp://144.76.72.175:33595 for pubsub control_pubsub
2018-04-03 05:26:48,654: umgr.0000.staging.output.0: MainProcess                     : MainThread     : DEBUG   : registered publisher : control_pubsub : control.pubsub.pub.0004
2018-04-03 05:26:48,654: umgr.0000.staging.output.0: MainProcess                     : MainThread     : DEBUG   : parent name: umgr.0000.staging.output.0.watch
2018-04-03 05:26:48,654: umgr.0000.staging.output.0: MainProcess                     : MainThread     : DEBUG   : start thread
2018-04-03 05:26:48,654: umgr.0000.staging.output.0: MainProcess                     : umgr.0000.staging.output.0.watch: DEBUG   : child name: umgr.0000.staging.output.0.watch.thread
2018-04-03 05:26:48,654: umgr.0000.staging.output.0: MainProcess                     : umgr.0000.staging.output.0.watch: INFO    : child (me) initializing
2018-04-03 05:26:48,655: umgr.0000.staging.output.0: MainProcess                     : umgr.0000.staging.output.0.watch: DEBUG   : ru_initialize_common (NOOP)
2018-04-03 05:26:48,655: umgr.0000.staging.output.0: MainProcess                     : umgr.0000.staging.output.0.watch: DEBUG   : ru_initialize_child (NOOP)
2018-04-03 05:26:48,655: umgr.0000.staging.output.0: MainProcess                     : umgr.0000.staging.output.0.watch: INFO    : send alive
2018-04-03 05:26:48,655: umgr.0000.staging.output.0: MainProcess                     : umgr.0000.staging.output.0.watch: INFO    : put message: [umgr.0000.staging.output.0.watch.thread] alive
2018-04-03 05:26:48,656: umgr.0000.staging.output.0: MainProcess                     : MainThread     : INFO    : get msg: alive
2018-04-03 05:26:48,656: umgr.0000.staging.output.0: MainProcess                     : MainThread     : DEBUG   : ru_initialize_common (NOOP)
2018-04-03 05:26:48,656: umgr.0000.staging.output.0: MainProcess                     : MainThread     : DEBUG   : ru_initialize_parent (NOOP)
2018-04-03 05:26:48,656: umgr.0000.staging.output.0: MainProcess                     : MainThread     : DEBUG   : child thread umgr.0000.staging.output.0.watch started
2018-04-03 05:26:48,656: umgr.0000.staging.output.0: MainProcess                     : MainThread     : INFO    : child is alive
2018-04-03 05:26:48,656: umgr.0000.staging.output.0: MainProcess                     : MainThread     : DEBUG   : process class started child
2018-04-03 05:39:47,246: umgr.0000.staging.output.0: MainProcess                     : MainThread     : INFO    : stop umgr.0000.staging.output.0 (11707 : 11871 : MainThread) [radical.pilot.unit_manager.UnitManager.finalize_parent]
2018-04-03 05:39:47,275: umgr.0000.staging.output.0: MainProcess                     : MainThread     : INFO    : parent stops child  11707 -> 11871 [umgr.0000.staging.output.0]
2018-04-03 05:39:47,276: umgr.0000.staging.output.0: MainProcess                     : MainThread     : INFO    : send message: [umgr.0000.staging.output.0] STOP
2018-04-03 05:39:47,276: umgr.0000.staging.output.0: MainProcess                     : MainThread     : DEBUG   : ru_finalize_common()
2018-04-03 05:39:47,276: umgr.0000.staging.output.0: MainProcess                     : MainThread     : DEBUG   : TERM : umgr.0000.staging.output.0 unregister publisher log_pubsub
2018-04-03 05:39:47,276: umgr.0000.staging.output.0: MainProcess                     : umgr.0000.staging.output.0.watch: INFO    : recv message: 
2018-04-03 05:39:47,277: umgr.0000.staging.output.0: MainProcess                     : MainThread     : DEBUG   : unregistered publisher log_pubsub
2018-04-03 05:39:47,277: umgr.0000.staging.output.0: MainProcess                     : MainThread     : DEBUG   : TERM : umgr.0000.staging.output.0 unregister publisher state_pubsub
2018-04-03 05:39:47,277: umgr.0000.staging.output.0: MainProcess                     : umgr.0000.staging.output.0.watch: INFO    : message received: 
2018-04-03 05:39:47,278: umgr.0000.staging.output.0: MainProcess                     : umgr.0000.staging.output.0.watch: WARNING : received empty string, parent closed ep
2018-04-03 05:39:47,278: umgr.0000.staging.output.0: MainProcess                     : umgr.0000.staging.output.0.watch: INFO    : watcher closes
2018-04-03 05:39:47,278: umgr.0000.staging.output.0: MainProcess                     : umgr.0000.staging.output.0.watch: INFO    : put message: [umgr.0000.staging.output.0.watch.thread] work finished
2018-04-03 05:39:47,278: umgr.0000.staging.output.0: MainProcess                     : MainThread     : DEBUG   : unregistered publisher state_pubsub
2018-04-03 05:39:47,278: umgr.0000.staging.output.0: MainProcess                     : umgr.0000.staging.output.0.watch: DEBUG   : ru_finalize_child (NOOP)
2018-04-03 05:39:47,278: umgr.0000.staging.output.0: MainProcess                     : MainThread     : DEBUG   : TERM : umgr.0000.staging.output.0 unregister publisher control_pubsub
2018-04-03 05:39:47,278: umgr.0000.staging.output.0: MainProcess                     : umgr.0000.staging.output.0.watch: DEBUG   : ru_finalize_common (NOOP)
2018-04-03 05:39:47,279: umgr.0000.staging.output.0: MainProcess                     : umgr.0000.staging.output.0.watch: INFO    : put message: [umgr.0000.staging.output.0.watch.thread] terminating
2018-04-03 05:39:47,279: umgr.0000.staging.output.0: MainProcess                     : MainThread     : DEBUG   : unregistered publisher control_pubsub
2018-04-03 05:39:47,280: umgr.0000.staging.output.0: MainProcess                     : MainThread     : DEBUG   : umgr.0000.staging.output.0 close prof
2018-04-03 05:39:47,292: umgr.0000.staging.output.0: MainProcess                     : MainThread     : INFO    : parent stops child
2018-04-03 05:39:47,292: umgr.0000.staging.output.0: MainProcess                     : MainThread     : DEBUG   : ru_finalize_parent (NOOP)
2018-04-03 05:39:47,293: umgr.0000.staging.output.0: MainProcess                     : MainThread     : DEBUG   : ru_finalize_common (NOOP)
2018-04-03 05:39:54,161: umgr.0000.staging.output.0: MainProcess                     : MainThread     : INFO    : stop umgr.0000.staging.output.0 (11707 : 11871 : MainThread) [radical.pilot.utils.component.UnitManager.ru_finalize_common]
2018-04-03 05:39:59,997: umgr.0000.staging.output.0: MainProcess                     : MainThread     : INFO    : stop umgr.0000.staging.output.0 (11707 : 11871 : MainThread) [radical.pilot.session.Session.close]
