2018-03-14 22:41:53,586: control.pubsub.pub.0004: agent_0.executing.0             : MainThread     : INFO    : python.interpreter   version: 2.7.7 |Continuum Analytics, Inc.| (default, Jun 2 2014, 12:34:02) [GCC 4.1.2 20080704 (Red Hat 4.1.2-54)]
2018-03-14 22:41:53,589: control.pubsub.pub.0004: agent_0.executing.0             : MainThread     : INFO    :                      pid: 73613
2018-03-14 22:41:53,589: control.pubsub.pub.0004: agent_0.executing.0             : MainThread     : INFO    :                      tid: MainThread
2018-03-14 22:41:53,589: control.pubsub.pub.0004: agent_0.executing.0             : MainThread     : INFO    : radical.pilot        version: 0.47-0.47-14-gb1dff8bd@devel
2018-03-14 22:41:53,590: control.pubsub.pub.0004: agent_0.executing.0             : MainThread     : INFO    : create control_pubsub - pub - tcp://204.90.41.119:34637
2018-03-14 22:41:53,590: control.pubsub.pub.0004: agent_0.executing.0             : MainThread     : DEBUG   : start process
2018-03-14 22:41:53,590: control.pubsub.pub.0004: agent_0.executing.0             : MainThread     : DEBUG   : ru_initialize_common (NOOP)
2018-03-14 22:41:53,590: control.pubsub.pub.0004: agent_0.executing.0             : MainThread     : DEBUG   : ru_initialize_parent (NOOP)
2018-03-14 22:41:53,590: control.pubsub.pub.0004: agent_0.executing.0             : MainThread     : DEBUG   : process class started (no child)
2018-03-14 22:41:53,667: control.pubsub.pub.0004: MainProcess                     : MainThread     : INFO    : python.interpreter   version: 2.7.7 |Continuum Analytics, Inc.| (default, Jun 2 2014, 12:34:02) [GCC 4.1.2 20080704 (Red Hat 4.1.2-54)]
2018-03-14 22:41:53,671: control.pubsub.pub.0004: MainProcess                     : MainThread     : INFO    :                      pid: 73396
2018-03-14 22:41:53,671: control.pubsub.pub.0004: MainProcess                     : MainThread     : INFO    :                      tid: MainThread
2018-03-14 22:41:53,671: control.pubsub.pub.0004: MainProcess                     : MainThread     : INFO    : radical.pilot        version: 0.47-0.47-14-gb1dff8bd@devel
2018-03-14 22:41:53,671: control.pubsub.pub.0004: MainProcess                     : MainThread     : INFO    : create control_pubsub - pub - tcp://204.90.41.119:34637
2018-03-14 22:41:53,671: control.pubsub.pub.0004: MainProcess                     : MainThread     : DEBUG   : start process
2018-03-14 22:41:53,672: control.pubsub.pub.0004: MainProcess                     : MainThread     : DEBUG   : ru_initialize_common (NOOP)
2018-03-14 22:41:53,672: control.pubsub.pub.0004: MainProcess                     : MainThread     : DEBUG   : ru_initialize_parent (NOOP)
2018-03-14 22:41:53,672: control.pubsub.pub.0004: MainProcess                     : MainThread     : DEBUG   : process class started (no child)
2018-03-14 22:42:03,224: control.pubsub.pub.0004: agent_0.executing.0             : agent_0.executing.0.child.subscriber._cancel_monitor_cb: INFO    : parent stops child  73613 -> None [control.pubsub.pub.0004]
2018-03-14 22:42:03,224: control.pubsub.pub.0004: agent_0.executing.0             : agent_0.executing.0.child.subscriber._cancel_monitor_cb: DEBUG   : ru_finalize_parent (NOOP)
2018-03-14 22:42:04,176: control.pubsub.pub.0004: MainProcess                     : agent_0.idler._check_units_cb: INFO    : parent stops child  73396 -> None [control.pubsub.pub.0004]
2018-03-14 22:42:04,176: control.pubsub.pub.0004: MainProcess                     : agent_0.idler._check_units_cb: DEBUG   : ru_finalize_parent (NOOP)
