2018-03-14 22:41:52,325: log.pubsub.pub.0000 : agent_0.staging.output.0        : MainThread     : INFO    : python.interpreter   version: 2.7.7 |Continuum Analytics, Inc.| (default, Jun 2 2014, 12:34:02) [GCC 4.1.2 20080704 (Red Hat 4.1.2-54)]
2018-03-14 22:41:52,329: log.pubsub.pub.0000 : agent_0.staging.output.0        : MainThread     : INFO    :                      pid: 73518
2018-03-14 22:41:52,329: log.pubsub.pub.0000 : agent_0.staging.output.0        : MainThread     : INFO    :                      tid: MainThread
2018-03-14 22:41:52,329: log.pubsub.pub.0000 : agent_0.staging.output.0        : MainThread     : INFO    : radical.pilot        version: 0.47-0.47-14-gb1dff8bd@devel
2018-03-14 22:41:52,329: log.pubsub.pub.0000 : agent_0.staging.output.0        : MainThread     : INFO    : create log_pubsub - pub - tcp://204.90.41.119:41707
2018-03-14 22:41:52,330: log.pubsub.pub.0000 : agent_0.staging.output.0        : MainThread     : DEBUG   : start process
2018-03-14 22:41:52,330: log.pubsub.pub.0000 : agent_0.staging.output.0        : MainThread     : DEBUG   : ru_initialize_common (NOOP)
2018-03-14 22:41:52,330: log.pubsub.pub.0000 : agent_0.staging.output.0        : MainThread     : DEBUG   : ru_initialize_parent (NOOP)
2018-03-14 22:41:52,330: log.pubsub.pub.0000 : agent_0.staging.output.0        : MainThread     : DEBUG   : process class started (no child)
2018-03-14 22:41:52,373: log.pubsub.pub.0000 : MainProcess                     : MainThread     : INFO    : python.interpreter   version: 2.7.7 |Continuum Analytics, Inc.| (default, Jun 2 2014, 12:34:02) [GCC 4.1.2 20080704 (Red Hat 4.1.2-54)]
2018-03-14 22:41:52,376: log.pubsub.pub.0000 : MainProcess                     : MainThread     : INFO    :                      pid: 73396
2018-03-14 22:41:52,376: log.pubsub.pub.0000 : MainProcess                     : MainThread     : INFO    :                      tid: MainThread
2018-03-14 22:41:52,376: log.pubsub.pub.0000 : MainProcess                     : MainThread     : INFO    : radical.pilot        version: 0.47-0.47-14-gb1dff8bd@devel
2018-03-14 22:41:52,376: log.pubsub.pub.0000 : MainProcess                     : MainThread     : INFO    : create log_pubsub - pub - tcp://204.90.41.119:41707
2018-03-14 22:41:52,376: log.pubsub.pub.0000 : MainProcess                     : MainThread     : DEBUG   : start process
2018-03-14 22:41:52,377: log.pubsub.pub.0000 : MainProcess                     : MainThread     : DEBUG   : ru_initialize_common (NOOP)
2018-03-14 22:41:52,377: log.pubsub.pub.0000 : MainProcess                     : MainThread     : DEBUG   : ru_initialize_parent (NOOP)
2018-03-14 22:41:52,377: log.pubsub.pub.0000 : MainProcess                     : MainThread     : DEBUG   : process class started (no child)
2018-03-14 22:42:03,223: log.pubsub.pub.0000 : agent_0.staging.output.0        : agent_0.staging.output.0.child.subscriber._cancel_monitor_cb: INFO    : parent stops child  73518 -> None [log.pubsub.pub.0000]
2018-03-14 22:42:03,223: log.pubsub.pub.0000 : agent_0.staging.output.0        : agent_0.staging.output.0.child.subscriber._cancel_monitor_cb: DEBUG   : ru_finalize_parent (NOOP)
2018-03-14 22:42:03,427: log.pubsub.pub.0000 : MainProcess                     : agent_0.idler._check_units_cb: INFO    : parent stops child  73396 -> None [log.pubsub.pub.0000]
2018-03-14 22:42:03,428: log.pubsub.pub.0000 : MainProcess                     : agent_0.idler._check_units_cb: DEBUG   : ru_finalize_parent (NOOP)
