2018-04-03 18:45:00,627: pmgr.0000.launching.0: MainProcess                     : MainThread     : INFO    : python.interpreter   version: 2.7.14 (default, Sep 23 2017, 22:06:14) [GCC 7.2.0]
2018-04-03 18:45:00,628: pmgr.0000.launching.0: MainProcess                     : MainThread     : INFO    :                      pid: 18209
2018-04-03 18:45:00,628: pmgr.0000.launching.0: MainProcess                     : MainThread     : INFO    :                      tid: MainThread
2018-04-03 18:45:00,628: pmgr.0000.launching.0: MainProcess                     : MainThread     : INFO    : radical.pilot        version: 0.47-0.47-14-gb1dff8bd@devel
2018-04-03 18:45:00,747: pmgr.0000.launching.0: MainProcess                     : MainThread     : DEBUG   : alive check in term
2018-04-03 18:45:00,747: pmgr.0000.launching.0: MainProcess                     : MainThread     : DEBUG   : start process
2018-04-03 18:45:00,995: pmgr.0000.launching.0: MainProcess                     : MainThread     : INFO    : recv message: alive
2018-04-03 18:45:00,995: pmgr.0000.launching.0: MainProcess                     : MainThread     : INFO    : initialize pmgr.0000.launching.0
2018-04-03 18:45:00,996: pmgr.0000.launching.0: MainProcess                     : MainThread     : INFO    : cfg: {'agents': {},
 u'bridges': {u'control_pubsub': {'addr_in': 'tcp://144.76.72.175:35791',
                                  'addr_out': 'tcp://144.76.72.175:44579',
                                  u'bulk_size': 0,
                                  u'log_level': u'debug',
                                  u'stall_hwm': 1},
              u'log_pubsub': {'addr_in': 'tcp://144.76.72.175:37499',
                              'addr_out': 'tcp://144.76.72.175:46655',
                              u'bulk_size': 0,
                              u'log_level': u'debug',
                              u'stall_hwm': 1},
              u'pmgr_launching_queue': {'addr_in': 'tcp://144.76.72.175:42177',
                                        'addr_out': 'tcp://144.76.72.175:46699',
                                        u'bulk_size': 0,
                                        u'log_level': u'debug',
                                        u'stall_hwm': 1},
              u'state_pubsub': {'addr_in': 'tcp://144.76.72.175:36919',
                                'addr_out': 'tcp://144.76.72.175:38751',
                                u'bulk_size': 0,
                                u'log_level': u'debug',
                                u'stall_hwm': 1}},
 'cname': u'PMGRLaunchingComponent',
 u'components': {},
 u'count': 1,
 u'db_poll_sleeptime': 1.0,
 'number': 0,
 'owner': 'pmgr.0000',
 'uid': 'pmgr.0000'}
2018-04-03 18:45:00,996: pmgr.0000.launching.0: MainProcess                     : MainThread     : DEBUG   : alive check in term
2018-04-03 18:45:00,996: pmgr.0000.launching.0: MainProcess                     : MainThread     : DEBUG   : START: pmgr.0000.launching.0 register publisher log_pubsub
2018-04-03 18:45:00,996: pmgr.0000.launching.0: MainProcess                     : MainThread     : DEBUG   : using addr tcp://144.76.72.175:37499 for pubsub log_pubsub
2018-04-03 18:45:00,997: pmgr.0000.launching.0: MainProcess                     : MainThread     : DEBUG   : registered publisher : log_pubsub : log.pubsub.pub.0001
2018-04-03 18:45:00,997: pmgr.0000.launching.0: MainProcess                     : MainThread     : DEBUG   : alive check in term
2018-04-03 18:45:00,997: pmgr.0000.launching.0: MainProcess                     : MainThread     : DEBUG   : START: pmgr.0000.launching.0 register publisher state_pubsub
2018-04-03 18:45:00,997: pmgr.0000.launching.0: MainProcess                     : MainThread     : DEBUG   : using addr tcp://144.76.72.175:36919 for pubsub state_pubsub
2018-04-03 18:45:00,998: pmgr.0000.launching.0: MainProcess                     : MainThread     : DEBUG   : registered publisher : state_pubsub : state.pubsub.pub.0001
2018-04-03 18:45:00,998: pmgr.0000.launching.0: MainProcess                     : MainThread     : DEBUG   : alive check in term
2018-04-03 18:45:00,999: pmgr.0000.launching.0: MainProcess                     : MainThread     : DEBUG   : START: pmgr.0000.launching.0 register publisher control_pubsub
2018-04-03 18:45:00,999: pmgr.0000.launching.0: MainProcess                     : MainThread     : DEBUG   : using addr tcp://144.76.72.175:35791 for pubsub control_pubsub
2018-04-03 18:45:01,000: pmgr.0000.launching.0: MainProcess                     : MainThread     : DEBUG   : registered publisher : control_pubsub : control.pubsub.pub.0001
2018-04-03 18:45:01,000: pmgr.0000.launching.0: MainProcess                     : MainThread     : DEBUG   : parent name: pmgr.0000.launching.0.watch
2018-04-03 18:45:01,000: pmgr.0000.launching.0: MainProcess                     : MainThread     : DEBUG   : start thread
2018-04-03 18:45:01,000: pmgr.0000.launching.0: MainProcess                     : pmgr.0000.launching.0.watch: DEBUG   : child name: pmgr.0000.launching.0.watch.thread
2018-04-03 18:45:01,000: pmgr.0000.launching.0: MainProcess                     : pmgr.0000.launching.0.watch: INFO    : child (me) initializing
2018-04-03 18:45:01,000: pmgr.0000.launching.0: MainProcess                     : pmgr.0000.launching.0.watch: DEBUG   : ru_initialize_common (NOOP)
2018-04-03 18:45:01,000: pmgr.0000.launching.0: MainProcess                     : pmgr.0000.launching.0.watch: DEBUG   : ru_initialize_child (NOOP)
2018-04-03 18:45:01,001: pmgr.0000.launching.0: MainProcess                     : pmgr.0000.launching.0.watch: INFO    : send alive
2018-04-03 18:45:01,001: pmgr.0000.launching.0: MainProcess                     : pmgr.0000.launching.0.watch: INFO    : put message: [pmgr.0000.launching.0.watch.thread] alive
2018-04-03 18:45:01,001: pmgr.0000.launching.0: MainProcess                     : MainThread     : INFO    : get msg: alive
2018-04-03 18:45:01,002: pmgr.0000.launching.0: MainProcess                     : MainThread     : DEBUG   : ru_initialize_common (NOOP)
2018-04-03 18:45:01,002: pmgr.0000.launching.0: MainProcess                     : MainThread     : DEBUG   : ru_initialize_parent (NOOP)
2018-04-03 18:45:01,002: pmgr.0000.launching.0: MainProcess                     : MainThread     : DEBUG   : child thread pmgr.0000.launching.0.watch started
2018-04-03 18:45:01,002: pmgr.0000.launching.0: MainProcess                     : MainThread     : INFO    : child is alive
2018-04-03 18:45:01,002: pmgr.0000.launching.0: MainProcess                     : MainThread     : DEBUG   : process class started child
2018-04-03 18:58:17,006: pmgr.0000.launching.0: MainProcess                     : MainThread     : INFO    : stop pmgr.0000.launching.0 (18209 : 18268 : MainThread) [radical.pilot.pilot_manager.PilotManager.finalize_parent]
2018-04-03 18:58:17,044: pmgr.0000.launching.0: MainProcess                     : MainThread     : INFO    : parent stops child  18209 -> 18268 [pmgr.0000.launching.0]
2018-04-03 18:58:17,045: pmgr.0000.launching.0: MainProcess                     : MainThread     : INFO    : send message: [pmgr.0000.launching.0] STOP
2018-04-03 18:58:17,045: pmgr.0000.launching.0: MainProcess                     : MainThread     : DEBUG   : ru_finalize_common()
2018-04-03 18:58:17,045: pmgr.0000.launching.0: MainProcess                     : MainThread     : DEBUG   : TERM : pmgr.0000.launching.0 unregister publisher log_pubsub
2018-04-03 18:58:17,045: pmgr.0000.launching.0: MainProcess                     : pmgr.0000.launching.0.watch: INFO    : recv message: 
2018-04-03 18:58:17,046: pmgr.0000.launching.0: MainProcess                     : pmgr.0000.launching.0.watch: INFO    : message received: 
2018-04-03 18:58:17,046: pmgr.0000.launching.0: MainProcess                     : pmgr.0000.launching.0.watch: WARNING : received empty string, parent closed ep
2018-04-03 18:58:17,046: pmgr.0000.launching.0: MainProcess                     : MainThread     : DEBUG   : unregistered publisher log_pubsub
2018-04-03 18:58:17,046: pmgr.0000.launching.0: MainProcess                     : pmgr.0000.launching.0.watch: INFO    : watcher closes
2018-04-03 18:58:17,046: pmgr.0000.launching.0: MainProcess                     : MainThread     : DEBUG   : TERM : pmgr.0000.launching.0 unregister publisher state_pubsub
2018-04-03 18:58:17,047: pmgr.0000.launching.0: MainProcess                     : pmgr.0000.launching.0.watch: INFO    : put message: [pmgr.0000.launching.0.watch.thread] work finished
2018-04-03 18:58:17,047: pmgr.0000.launching.0: MainProcess                     : pmgr.0000.launching.0.watch: DEBUG   : ru_finalize_child (NOOP)
2018-04-03 18:58:17,047: pmgr.0000.launching.0: MainProcess                     : pmgr.0000.launching.0.watch: DEBUG   : ru_finalize_common (NOOP)
2018-04-03 18:58:17,048: pmgr.0000.launching.0: MainProcess                     : pmgr.0000.launching.0.watch: INFO    : put message: [pmgr.0000.launching.0.watch.thread] terminating
2018-04-03 18:58:17,048: pmgr.0000.launching.0: MainProcess                     : MainThread     : DEBUG   : unregistered publisher state_pubsub
2018-04-03 18:58:17,048: pmgr.0000.launching.0: MainProcess                     : MainThread     : DEBUG   : TERM : pmgr.0000.launching.0 unregister publisher control_pubsub
2018-04-03 18:58:17,049: pmgr.0000.launching.0: MainProcess                     : MainThread     : DEBUG   : unregistered publisher control_pubsub
2018-04-03 18:58:17,049: pmgr.0000.launching.0: MainProcess                     : MainThread     : DEBUG   : pmgr.0000.launching.0 close prof
2018-04-03 18:58:17,086: pmgr.0000.launching.0: MainProcess                     : MainThread     : INFO    : parent stops child
2018-04-03 18:58:17,086: pmgr.0000.launching.0: MainProcess                     : MainThread     : DEBUG   : ru_finalize_parent (NOOP)
2018-04-03 18:58:17,087: pmgr.0000.launching.0: MainProcess                     : MainThread     : DEBUG   : ru_finalize_common (NOOP)
2018-04-03 18:58:19,087: pmgr.0000.launching.0: MainProcess                     : MainThread     : WARNING : failed to stop child - terminate: 18209 -> 18268 [pmgr.0000.launching.0]
2018-04-03 18:58:20,220: pmgr.0000.launching.0: MainProcess                     : MainThread     : INFO    : stop pmgr.0000.launching.0 (18209 : 18268 : MainThread) [radical.pilot.utils.component.PilotManager.ru_finalize_common]
2018-04-03 18:58:23,505: pmgr.0000.launching.0: MainProcess                     : MainThread     : INFO    : stop pmgr.0000.launching.0 (18209 : 18268 : MainThread) [radical.pilot.session.Session.close]
