2018-04-03 18:44:59,698: update.0.child      : update.0                        : MainThread     : INFO    : python.interpreter   version: 2.7.14 (default, Sep 23 2017, 22:06:14) [GCC 7.2.0]
2018-04-03 18:44:59,698: update.0.child      : update.0                        : MainThread     : INFO    :                      pid: 18238
2018-04-03 18:44:59,698: update.0.child      : update.0                        : MainThread     : INFO    :                      tid: MainThread
2018-04-03 18:44:59,699: update.0.child      : update.0                        : MainThread     : INFO    : radical.pilot        version: 0.47-0.47-14-gb1dff8bd@devel
2018-04-03 18:44:59,855: update.0.child      : update.0                        : MainThread     : INFO    : initialize update.0.child
2018-04-03 18:44:59,857: update.0.child      : update.0                        : MainThread     : INFO    : cfg: {'agents': {},
 u'bridges': {u'control_pubsub': {'addr_in': 'tcp://144.76.72.175:35791',
                                  'addr_out': 'tcp://144.76.72.175:44579',
                                  u'bulk_size': 0,
                                  u'log_level': u'debug',
                                  u'stall_hwm': 1},
              u'log_pubsub': {'addr_in': 'tcp://144.76.72.175:37499',
                              'addr_out': 'tcp://144.76.72.175:46655',
                              u'bulk_size': 0,
                              u'log_level': u'debug',
                              u'stall_hwm': 1},
              u'state_pubsub': {'addr_in': 'tcp://144.76.72.175:36919',
                                'addr_out': 'tcp://144.76.72.175:38751',
                                u'bulk_size': 0,
                                u'log_level': u'debug',
                                u'stall_hwm': 1}},
 'cname': u'UpdateWorker',
 u'components': {},
 u'count': 1,
 'dburl': 'mongodb://rp:rp@ds015335.mlab.com:15335/rp',
 'debug': 'DEBUG',
 u'default_dburl': u'mongodb://rp:rp@ds015335.mlab.com:15335/rp',
 'logdir': '/home/george/launch-methods-project/mpi-exec/rp.session.one.george.017624.0002',
 'number': 0,
 'owner': 'rp.session.one.george.017624.0002',
 'session_id': 'rp.session.one.george.017624.0002'}
2018-04-03 18:44:59,858: update.0.child      : update.0                        : MainThread     : DEBUG   : start components: {}
2018-04-03 18:44:59,858: update.0.child      : update.0                        : MainThread     : DEBUG   : alive check in term
2018-04-03 18:44:59,858: update.0.child      : update.0                        : MainThread     : DEBUG   : START: update.0.child register publisher log_pubsub
2018-04-03 18:44:59,858: update.0.child      : update.0                        : MainThread     : DEBUG   : using addr tcp://144.76.72.175:37499 for pubsub log_pubsub
2018-04-03 18:44:59,861: update.0.child      : update.0                        : MainThread     : DEBUG   : registered publisher : log_pubsub : log.pubsub.pub.0000
2018-04-03 18:44:59,861: update.0.child      : update.0                        : MainThread     : DEBUG   : alive check in term
2018-04-03 18:44:59,861: update.0.child      : update.0                        : MainThread     : DEBUG   : START: update.0.child register publisher state_pubsub
2018-04-03 18:44:59,861: update.0.child      : update.0                        : MainThread     : DEBUG   : using addr tcp://144.76.72.175:36919 for pubsub state_pubsub
2018-04-03 18:44:59,864: update.0.child      : update.0                        : MainThread     : DEBUG   : registered publisher : state_pubsub : state.pubsub.pub.0000
2018-04-03 18:44:59,864: update.0.child      : update.0                        : MainThread     : DEBUG   : alive check in term
2018-04-03 18:44:59,864: update.0.child      : update.0                        : MainThread     : DEBUG   : START: update.0.child register publisher control_pubsub
2018-04-03 18:44:59,864: update.0.child      : update.0                        : MainThread     : DEBUG   : using addr tcp://144.76.72.175:35791 for pubsub control_pubsub
2018-04-03 18:44:59,866: update.0.child      : update.0                        : MainThread     : DEBUG   : registered publisher : control_pubsub : control.pubsub.pub.0000
2018-04-03 18:44:59,891: update.0.child      : update.0                        : MainThread     : DEBUG   : alive check in term
2018-04-03 18:44:59,892: update.0.child      : update.0                        : MainThread     : DEBUG   : START: update.0.child register subscriber update.0.child.subscriber._cancel_monitor_cb
2018-04-03 18:44:59,892: update.0.child      : update.0                        : MainThread     : DEBUG   : using addr tcp://144.76.72.175:44579 for pubsub control_pubsub
2018-04-03 18:44:59,894: update.0.child      : update.0                        : MainThread     : DEBUG   : parent name: update.0.child.subscriber._cancel_monitor_cb
2018-04-03 18:44:59,894: update.0.child      : update.0                        : MainThread     : DEBUG   : start thread
2018-04-03 18:44:59,895: update.0.child      : update.0                        : update.0.child.subscriber._cancel_monitor_cb: DEBUG   : child name: update.0.child.subscriber._cancel_monitor_cb.thread
2018-04-03 18:44:59,895: update.0.child      : update.0                        : update.0.child.subscriber._cancel_monitor_cb: INFO    : child (me) initializing
2018-04-03 18:44:59,895: update.0.child      : update.0                        : update.0.child.subscriber._cancel_monitor_cb: DEBUG   : ru_initialize_common (NOOP)
2018-04-03 18:44:59,895: update.0.child      : update.0                        : update.0.child.subscriber._cancel_monitor_cb: DEBUG   : ru_initialize_child (NOOP)
2018-04-03 18:44:59,895: update.0.child      : update.0                        : update.0.child.subscriber._cancel_monitor_cb: INFO    : send alive
2018-04-03 18:44:59,895: update.0.child      : update.0                        : update.0.child.subscriber._cancel_monitor_cb: INFO    : put message: [update.0.child.subscriber._cancel_monitor_cb.thread] alive
2018-04-03 18:44:59,896: update.0.child      : update.0                        : MainThread     : INFO    : get msg: alive
2018-04-03 18:44:59,896: update.0.child      : update.0                        : MainThread     : DEBUG   : ru_initialize_common (NOOP)
2018-04-03 18:44:59,896: update.0.child      : update.0                        : MainThread     : DEBUG   : ru_initialize_parent (NOOP)
2018-04-03 18:44:59,896: update.0.child      : update.0                        : MainThread     : DEBUG   : child thread update.0.child.subscriber._cancel_monitor_cb started
2018-04-03 18:44:59,896: update.0.child      : update.0                        : MainThread     : DEBUG   : update.0.child registered control_pubsub subscriber update.0.child.subscriber._cancel_monitor_cb
2018-04-03 18:45:00,452: update.0.child      : update.0                        : MainThread     : DEBUG   : alive check in term
2018-04-03 18:45:00,452: update.0.child      : update.0                        : MainThread     : DEBUG   : START: update.0.child register subscriber update.0.child.subscriber._state_cb
2018-04-03 18:45:00,452: update.0.child      : update.0                        : MainThread     : DEBUG   : using addr tcp://144.76.72.175:38751 for pubsub state_pubsub
2018-04-03 18:45:00,455: update.0.child      : update.0                        : MainThread     : DEBUG   : parent name: update.0.child.subscriber._state_cb
2018-04-03 18:45:00,455: update.0.child      : update.0                        : MainThread     : DEBUG   : start thread
2018-04-03 18:45:00,455: update.0.child      : update.0                        : update.0.child.subscriber._state_cb: DEBUG   : child name: update.0.child.subscriber._state_cb.thread
2018-04-03 18:45:00,455: update.0.child      : update.0                        : update.0.child.subscriber._state_cb: INFO    : child (me) initializing
2018-04-03 18:45:00,456: update.0.child      : update.0                        : update.0.child.subscriber._state_cb: DEBUG   : ru_initialize_common (NOOP)
2018-04-03 18:45:00,456: update.0.child      : update.0                        : update.0.child.subscriber._state_cb: DEBUG   : ru_initialize_child (NOOP)
2018-04-03 18:45:00,456: update.0.child      : update.0                        : update.0.child.subscriber._state_cb: INFO    : send alive
2018-04-03 18:45:00,456: update.0.child      : update.0                        : update.0.child.subscriber._state_cb: INFO    : put message: [update.0.child.subscriber._state_cb.thread] alive
2018-04-03 18:45:00,456: update.0.child      : update.0                        : MainThread     : INFO    : get msg: alive
2018-04-03 18:45:00,457: update.0.child      : update.0                        : MainThread     : DEBUG   : ru_initialize_common (NOOP)
2018-04-03 18:45:00,457: update.0.child      : update.0                        : MainThread     : DEBUG   : ru_initialize_parent (NOOP)
2018-04-03 18:45:00,457: update.0.child      : update.0                        : MainThread     : DEBUG   : child thread update.0.child.subscriber._state_cb started
2018-04-03 18:45:00,457: update.0.child      : update.0                        : MainThread     : DEBUG   : update.0.child registered state_pubsub subscriber update.0.child.subscriber._state_cb
2018-04-03 18:45:00,457: update.0.child      : update.0                        : MainThread     : DEBUG   : alive check in term
2018-04-03 18:45:00,457: update.0.child      : update.0                        : MainThread     : DEBUG   : START: update.0.child register idler update.0.child.idler._idle_cb
2018-04-03 18:45:00,457: update.0.child      : update.0                        : MainThread     : DEBUG   : parent name: update.0.child.idler._idle_cb
2018-04-03 18:45:00,457: update.0.child      : update.0                        : MainThread     : DEBUG   : start thread
2018-04-03 18:45:00,458: update.0.child      : update.0                        : update.0.child.idler._idle_cb: DEBUG   : child name: update.0.child.idler._idle_cb.thread
2018-04-03 18:45:00,458: update.0.child      : update.0                        : update.0.child.idler._idle_cb: INFO    : child (me) initializing
2018-04-03 18:45:00,458: update.0.child      : update.0                        : update.0.child.idler._idle_cb: DEBUG   : ru_initialize_common (NOOP)
2018-04-03 18:45:00,458: update.0.child      : update.0                        : update.0.child.idler._idle_cb: DEBUG   : ru_initialize_child (NOOP)
2018-04-03 18:45:00,458: update.0.child      : update.0                        : update.0.child.idler._idle_cb: INFO    : send alive
2018-04-03 18:45:00,458: update.0.child      : update.0                        : update.0.child.idler._idle_cb: INFO    : put message: [update.0.child.idler._idle_cb.thread] alive
2018-04-03 18:45:00,459: update.0.child      : update.0                        : MainThread     : INFO    : get msg: alive
2018-04-03 18:45:00,460: update.0.child      : update.0                        : MainThread     : DEBUG   : ru_initialize_common (NOOP)
2018-04-03 18:45:00,460: update.0.child      : update.0                        : MainThread     : DEBUG   : ru_initialize_parent (NOOP)
2018-04-03 18:45:00,460: update.0.child      : update.0                        : MainThread     : DEBUG   : child thread update.0.child.idler._idle_cb started
2018-04-03 18:45:00,460: update.0.child      : update.0                        : MainThread     : DEBUG   : update.0.child registered idler update.0.child.idler._idle_cb
2018-04-03 18:45:00,460: update.0.child      : update.0                        : MainThread     : INFO    : child (me) initializing
2018-04-03 18:45:00,460: update.0.child      : update.0                        : MainThread     : DEBUG   : parent name: update.0.child.watch
2018-04-03 18:45:00,461: update.0.child      : update.0                        : MainThread     : DEBUG   : start thread
2018-04-03 18:45:00,461: update.0.child      : update.0                        : update.0.child.watch: DEBUG   : child name: update.0.child.watch.thread
2018-04-03 18:45:00,461: update.0.child      : update.0                        : update.0.child.watch: INFO    : child (me) initializing
2018-04-03 18:45:00,461: update.0.child      : update.0                        : update.0.child.watch: DEBUG   : ru_initialize_common (NOOP)
2018-04-03 18:45:00,461: update.0.child      : update.0                        : update.0.child.watch: DEBUG   : ru_initialize_child (NOOP)
2018-04-03 18:45:00,461: update.0.child      : update.0                        : update.0.child.watch: INFO    : send alive
2018-04-03 18:45:00,462: update.0.child      : update.0                        : update.0.child.watch: INFO    : put message: [update.0.child.watch.thread] alive
2018-04-03 18:45:00,462: update.0.child      : update.0                        : MainThread     : INFO    : get msg: alive
2018-04-03 18:45:00,462: update.0.child      : update.0                        : MainThread     : DEBUG   : ru_initialize_common (NOOP)
2018-04-03 18:45:00,462: update.0.child      : update.0                        : MainThread     : DEBUG   : ru_initialize_parent (NOOP)
2018-04-03 18:45:00,462: update.0.child      : update.0                        : MainThread     : DEBUG   : child thread update.0.child.watch started
2018-04-03 18:45:00,463: update.0.child      : update.0                        : MainThread     : INFO    : child (me) is alive
2018-04-03 18:45:00,463: update.0.child      : update.0                        : MainThread     : INFO    : send alive
2018-04-03 18:45:00,463: update.0.child      : update.0                        : MainThread     : INFO    : send message: [update.0.child] alive
2018-04-03 18:45:08,394: update.0.child      : update.0                        : update.0.child.subscriber._state_cb: DEBUG   : bulk update result: {'nModified': 1, 'nUpserted': 0, 'nMatched': 1, 'writeErrors': [], 'upserted': [], 'writeConcernErrors': [], 'nRemoved': 0, 'nInserted': 0}
2018-04-03 18:45:09,009: update.0.child      : update.0                        : update.0.child.subscriber._cancel_monitor_cb: DEBUG   : command ignored: add_pilots
2018-04-03 18:45:09,998: update.0.child      : update.0                        : update.0.child.idler._idle_cb: DEBUG   : bulk update result: {'nModified': 1, 'nUpserted': 0, 'nMatched': 1, 'writeErrors': [], 'upserted': [], 'writeConcernErrors': [], 'nRemoved': 0, 'nInserted': 0}
2018-04-03 18:45:11,237: update.0.child      : update.0                        : update.0.child.idler._idle_cb: DEBUG   : bulk update result: {'nModified': 80, 'nUpserted': 0, 'nMatched': 80, 'writeErrors': [], 'upserted': [], 'writeConcernErrors': [], 'nRemoved': 0, 'nInserted': 0}
2018-04-03 18:45:23,366: update.0.child      : update.0                        : update.0.child.subscriber._state_cb: DEBUG   : bulk update result: {'nModified': 1, 'nUpserted': 0, 'nMatched': 1, 'writeErrors': [], 'upserted': [], 'writeConcernErrors': [], 'nRemoved': 0, 'nInserted': 0}
2018-04-03 18:46:09,894: update.0.child      : update.0                        : update.0.child.subscriber._state_cb: DEBUG   : bulk update result: {'nModified': 1, 'nUpserted': 0, 'nMatched': 1, 'writeErrors': [], 'upserted': [], 'writeConcernErrors': [], 'nRemoved': 0, 'nInserted': 0}
2018-04-03 18:58:12,311: update.0.child      : update.0                        : update.0.child.subscriber._state_cb: DEBUG   : bulk update result: {'nModified': 16, 'nUpserted': 0, 'nMatched': 16, 'writeErrors': [], 'upserted': [], 'writeConcernErrors': [], 'nRemoved': 0, 'nInserted': 0}
2018-04-03 18:58:13,792: update.0.child      : update.0                        : update.0.child.idler._idle_cb: DEBUG   : bulk update result: {'nModified': 32, 'nUpserted': 0, 'nMatched': 32, 'writeErrors': [], 'upserted': [], 'writeConcernErrors': [], 'nRemoved': 0, 'nInserted': 0}
2018-04-03 18:58:16,960: update.0.child      : update.0                        : update.0.child.subscriber._cancel_monitor_cb: DEBUG   : command ignored: cancel_pilots
2018-04-03 18:58:17,113: update.0.child      : update.0                        : update.0.child.subscriber._state_cb: DEBUG   : bulk update result: {'nModified': 1, 'nUpserted': 0, 'nMatched': 1, 'writeErrors': [], 'upserted': [], 'writeConcernErrors': [], 'nRemoved': 0, 'nInserted': 0}
2018-04-03 18:58:20,262: update.0.child      : update.0                        : update.0.child.watch: INFO    : recv message: STOP
2018-04-03 18:58:20,262: update.0.child      : update.0                        : update.0.child.watch: INFO    : message received: STOP
2018-04-03 18:58:20,262: update.0.child      : update.0                        : update.0.child.watch: INFO    : STOP received: STOP
2018-04-03 18:58:20,262: update.0.child      : update.0                        : update.0.child.watch: INFO    : watcher closes
2018-04-03 18:58:20,262: update.0.child      : update.0                        : update.0.child.watch: INFO    : put message: [update.0.child.watch.thread] work finished
2018-04-03 18:58:20,262: update.0.child      : update.0                        : update.0.child.watch: DEBUG   : ru_finalize_child (NOOP)
2018-04-03 18:58:20,262: update.0.child      : update.0                        : update.0.child.watch: DEBUG   : ru_finalize_common (NOOP)
2018-04-03 18:58:20,263: update.0.child      : update.0                        : update.0.child.watch: INFO    : put message: [update.0.child.watch.thread] terminating
2018-04-03 18:58:20,279: update.0.child      : update.0                        : MainThread     : WARNING : alive check: proc invalid - stop [False - True]
2018-04-03 18:58:20,313: update.0.child      : update.0                        : MainThread     : INFO    : stop update.0.child (18238 : 18238 : MainThread) [radical.pilot.worker.update.Update.stop]
2018-04-03 18:58:20,353: update.0.child      : update.0                        : MainThread     : INFO    : parent stops child  18238 -> 18238 [update.0.child]
2018-04-03 18:58:20,353: update.0.child      : update.0                        : MainThread     : INFO    : send message: [update.0.child] STOP
2018-04-03 18:58:20,353: update.0.child      : update.0                        : MainThread     : WARNING : send failed ([Errno 9] Bad file descriptor) - terminate
2018-04-03 18:58:20,354: update.0.child      : update.0                        : MainThread     : DEBUG   : TERM : update.0.child unregister idler update.0.child.idler._idle_cb
2018-04-03 18:58:20,354: update.0.child      : update.0                        : MainThread     : INFO    : parent stops child
2018-04-03 18:58:20,354: update.0.child      : update.0                        : MainThread     : DEBUG   : ru_finalize_parent (NOOP)
2018-04-03 18:58:20,354: update.0.child      : update.0                        : MainThread     : DEBUG   : ru_finalize_common (NOOP)
2018-04-03 18:58:20,403: update.0.child      : update.0                        : update.0.child.idler._idle_cb: DEBUG   : ru_finalize_child (NOOP)
2018-04-03 18:58:20,403: update.0.child      : update.0                        : update.0.child.idler._idle_cb: DEBUG   : ru_finalize_common (NOOP)
2018-04-03 18:58:20,403: update.0.child      : update.0                        : update.0.child.idler._idle_cb: INFO    : put message: [update.0.child.idler._idle_cb.thread] terminating
2018-04-03 18:58:20,418: update.0.child      : update.0                        : MainThread     : DEBUG   : TERM : update.0.child unregistered idler update.0.child.idler._idle_cb
2018-04-03 18:58:20,418: update.0.child      : update.0                        : MainThread     : DEBUG   : TERM : update.0.child unregister subscriber update.0.child.subscriber._state_cb
2018-04-03 18:58:20,418: update.0.child      : update.0                        : MainThread     : DEBUG   : unregistered subscriber update.0.child.subscriber._state_cb
2018-04-03 18:58:20,418: update.0.child      : update.0                        : MainThread     : DEBUG   : ru_finalize_common()
2018-04-03 18:58:20,418: update.0.child      : update.0                        : MainThread     : DEBUG   : TERM : update.0.child unregister publisher log_pubsub
2018-04-03 18:58:20,419: update.0.child      : update.0                        : MainThread     : DEBUG   : unregistered publisher log_pubsub
2018-04-03 18:58:20,419: update.0.child      : update.0                        : MainThread     : DEBUG   : TERM : update.0.child unregister publisher state_pubsub
2018-04-03 18:58:20,420: update.0.child      : update.0                        : MainThread     : DEBUG   : unregistered publisher state_pubsub
2018-04-03 18:58:20,420: update.0.child      : update.0                        : MainThread     : DEBUG   : TERM : update.0.child unregister publisher control_pubsub
2018-04-03 18:58:20,421: update.0.child      : update.0                        : MainThread     : DEBUG   : unregistered publisher control_pubsub
2018-04-03 18:58:20,421: update.0.child      : update.0                        : MainThread     : DEBUG   : update.0.child close prof
2018-04-03 18:58:20,462: update.0.child      : update.0                        : MainThread     : INFO    : parent stops child
2018-04-03 18:58:20,462: update.0.child      : update.0                        : MainThread     : DEBUG   : ru_finalize_parent (NOOP)
2018-04-03 18:58:20,462: update.0.child      : update.0                        : MainThread     : DEBUG   : ru_finalize_common (NOOP)
2018-04-03 18:58:20,462: update.0.child      : update.0                        : MainThread     : INFO    : parent stops child
2018-04-03 18:58:20,462: update.0.child      : update.0                        : MainThread     : DEBUG   : ru_finalize_parent (NOOP)
2018-04-03 18:58:20,463: update.0.child      : update.0                        : update.0.child.subscriber._cancel_monitor_cb: DEBUG   : ru_finalize_child (NOOP)
2018-04-03 18:58:20,463: update.0.child      : update.0                        : update.0.child.subscriber._cancel_monitor_cb: INFO    : put message: [update.0.child.subscriber._cancel_monitor_cb.thread] terminating
2018-04-03 18:58:20,464: update.0.child      : update.0                        : MainThread     : INFO    : parent stops child
2018-04-03 18:58:20,464: update.0.child      : update.0                        : MainThread     : DEBUG   : ru_finalize_parent (NOOP)
2018-04-03 18:58:20,465: update.0.child      : update.0                        : update.0.child.subscriber._state_cb: DEBUG   : ru_finalize_child (NOOP)
2018-04-03 18:58:20,465: update.0.child      : update.0                        : update.0.child.subscriber._state_cb: INFO    : put message: [update.0.child.subscriber._state_cb.thread] terminating
2018-04-03 18:58:20,466: update.0.child      : update.0                        : MainThread     : INFO    : parent stops child
2018-04-03 18:58:20,466: update.0.child      : update.0                        : MainThread     : WARNING : super update.0.child is invalid
2018-04-03 18:58:20,466: update.0.child      : update.0                        : MainThread     : WARNING : component update.0.child is invalid
2018-04-03 18:58:20,468: update.0.child      : update.0                        : MainThread     : INFO    : stop update.0.child (18238 : 18238 : MainThread) [radical.pilot.worker.update.Update.stop]
2018-04-03 18:58:20,468: update.0.child      : update.0                        : MainThread     : DEBUG   : TERM : update.0.child unregister idler update.0.child.idler._idle_cb
2018-04-03 18:58:20,468: update.0.child      : update.0                        : MainThread     : WARNING : timed cb update.0.child.idler._idle_cb is not registered
2018-04-03 18:58:20,468: update.0.child      : update.0                        : MainThread     : DEBUG   : TERM : update.0.child unregister subscriber update.0.child.subscriber._state_cb
2018-04-03 18:58:20,468: update.0.child      : update.0                        : MainThread     : WARNING : subscriber _state_cb is not registered
2018-04-03 18:58:20,469: update.0.child      : update.0                        : MainThread     : DEBUG   : ru_finalize_common()
2018-04-03 18:58:20,469: update.0.child      : update.0                        : MainThread     : WARNING : publisher log_pubsub is not registered
2018-04-03 18:58:20,469: update.0.child      : update.0                        : MainThread     : WARNING : publisher state_pubsub is not registered
2018-04-03 18:58:20,469: update.0.child      : update.0                        : MainThread     : WARNING : publisher control_pubsub is not registered
2018-04-03 18:58:20,469: update.0.child      : update.0                        : MainThread     : DEBUG   : update.0.child close prof
2018-04-03 18:58:20,469: update.0.child      : update.0                        : MainThread     : INFO    : send message: [update.0.child] terminating
2018-04-03 18:58:20,469: update.0.child      : update.0                        : MainThread     : WARNING : send failed ([Errno 9] Bad file descriptor) - terminate
2018-04-03 18:58:20,469: update.0.child      : update.0                        : MainThread     : INFO    : parent stops child
2018-04-03 18:58:20,469: update.0.child      : update.0                        : MainThread     : INFO    : parent stops child
2018-04-03 18:58:20,469: update.0.child      : update.0                        : MainThread     : INFO    : parent stops child
