2018-03-28 23:50:20,644: state.pubsub.pub.0000: update.0                        : MainThread     : INFO    : python.interpreter   version: 2.7.14 (default, Sep 23 2017, 22:06:14) [GCC 7.2.0]
2018-03-28 23:50:20,644: state.pubsub.pub.0000: update.0                        : MainThread     : INFO    :                      pid: 27603
2018-03-28 23:50:20,644: state.pubsub.pub.0000: update.0                        : MainThread     : INFO    :                      tid: MainThread
2018-03-28 23:50:20,644: state.pubsub.pub.0000: update.0                        : MainThread     : INFO    : radical.pilot        version: 0.47-0.47-14-gb1dff8bd@devel
2018-03-28 23:50:20,644: state.pubsub.pub.0000: update.0                        : MainThread     : INFO    : create state_pubsub - pub - tcp://144.76.72.175:35251
2018-03-28 23:50:20,645: state.pubsub.pub.0000: update.0                        : MainThread     : DEBUG   : start process
2018-03-28 23:50:20,645: state.pubsub.pub.0000: update.0                        : MainThread     : DEBUG   : ru_initialize_common (NOOP)
2018-03-28 23:50:20,645: state.pubsub.pub.0000: update.0                        : MainThread     : DEBUG   : ru_initialize_parent (NOOP)
2018-03-28 23:50:20,645: state.pubsub.pub.0000: update.0                        : MainThread     : DEBUG   : process class started (no child)
2018-03-28 23:50:21,287: state.pubsub.pub.0000: MainProcess                     : MainThread     : INFO    : python.interpreter   version: 2.7.14 (default, Sep 23 2017, 22:06:14) [GCC 7.2.0]
2018-03-28 23:50:21,288: state.pubsub.pub.0000: MainProcess                     : MainThread     : INFO    :                      pid: 27572
2018-03-28 23:50:21,288: state.pubsub.pub.0000: MainProcess                     : MainThread     : INFO    :                      tid: MainThread
2018-03-28 23:50:21,288: state.pubsub.pub.0000: MainProcess                     : MainThread     : INFO    : radical.pilot        version: 0.47-0.47-14-gb1dff8bd@devel
2018-03-28 23:50:21,288: state.pubsub.pub.0000: MainProcess                     : MainThread     : INFO    : create state_pubsub - pub - tcp://144.76.72.175:35251
2018-03-28 23:50:21,289: state.pubsub.pub.0000: MainProcess                     : MainThread     : DEBUG   : start process
2018-03-28 23:50:21,289: state.pubsub.pub.0000: MainProcess                     : MainThread     : DEBUG   : ru_initialize_common (NOOP)
2018-03-28 23:50:21,289: state.pubsub.pub.0000: MainProcess                     : MainThread     : DEBUG   : ru_initialize_parent (NOOP)
2018-03-28 23:50:21,289: state.pubsub.pub.0000: MainProcess                     : MainThread     : DEBUG   : process class started (no child)
2018-03-29 00:04:01,945: state.pubsub.pub.0000: MainProcess                     : MainThread     : INFO    : parent stops child  27572 -> None [state.pubsub.pub.0000]
2018-03-29 00:04:01,945: state.pubsub.pub.0000: MainProcess                     : MainThread     : DEBUG   : ru_finalize_parent (NOOP)
2018-03-29 00:04:02,201: state.pubsub.pub.0000: update.0                        : MainThread     : INFO    : parent stops child  27603 -> None [state.pubsub.pub.0000]
2018-03-29 00:04:02,201: state.pubsub.pub.0000: update.0                        : MainThread     : DEBUG   : ru_finalize_parent (NOOP)
