2018-04-03 12:39:49,943: control.pubsub.pub.0003: update.0                        : MainThread     : INFO    : python.interpreter   version: 2.7.7 |Continuum Analytics, Inc.| (default, Jun 2 2014, 12:34:02) [GCC 4.1.2 20080704 (Red Hat 4.1.2-54)]
2018-04-03 12:39:49,947: control.pubsub.pub.0003: update.0                        : MainThread     : INFO    :                      pid: 15068
2018-04-03 12:39:49,947: control.pubsub.pub.0003: update.0                        : MainThread     : INFO    :                      tid: MainThread
2018-04-03 12:39:49,947: control.pubsub.pub.0003: update.0                        : MainThread     : INFO    : radical.pilot        version: 0.47-0.47-14-gb1dff8bd@devel
2018-04-03 12:39:49,947: control.pubsub.pub.0003: update.0                        : MainThread     : INFO    : create control_pubsub - pub - tcp://204.90.41.70:35133
2018-04-03 12:39:49,947: control.pubsub.pub.0003: update.0                        : MainThread     : DEBUG   : start process
2018-04-03 12:39:49,948: control.pubsub.pub.0003: update.0                        : MainThread     : DEBUG   : ru_initialize_common (NOOP)
2018-04-03 12:39:49,948: control.pubsub.pub.0003: update.0                        : MainThread     : DEBUG   : ru_initialize_parent (NOOP)
2018-04-03 12:39:49,948: control.pubsub.pub.0003: update.0                        : MainThread     : DEBUG   : process class started (no child)
2018-04-03 12:39:50,233: control.pubsub.pub.0003: MainProcess                     : MainThread     : INFO    : python.interpreter   version: 2.7.7 |Continuum Analytics, Inc.| (default, Jun 2 2014, 12:34:02) [GCC 4.1.2 20080704 (Red Hat 4.1.2-54)]
2018-04-03 12:39:50,236: control.pubsub.pub.0003: MainProcess                     : MainThread     : INFO    :                      pid: 14893
2018-04-03 12:39:50,236: control.pubsub.pub.0003: MainProcess                     : MainThread     : INFO    :                      tid: MainThread
2018-04-03 12:39:50,236: control.pubsub.pub.0003: MainProcess                     : MainThread     : INFO    : radical.pilot        version: 0.47-0.47-14-gb1dff8bd@devel
2018-04-03 12:39:50,236: control.pubsub.pub.0003: MainProcess                     : MainThread     : INFO    : create control_pubsub - pub - tcp://204.90.41.70:35133
2018-04-03 12:39:50,237: control.pubsub.pub.0003: MainProcess                     : MainThread     : DEBUG   : start process
2018-04-03 12:39:50,237: control.pubsub.pub.0003: MainProcess                     : MainThread     : DEBUG   : ru_initialize_common (NOOP)
2018-04-03 12:39:50,237: control.pubsub.pub.0003: MainProcess                     : MainThread     : DEBUG   : ru_initialize_parent (NOOP)
2018-04-03 12:39:50,237: control.pubsub.pub.0003: MainProcess                     : MainThread     : DEBUG   : process class started (no child)
2018-04-03 13:04:47,041: control.pubsub.pub.0003: update.0                        : update.0.child.subscriber._cancel_monitor_cb: INFO    : parent stops child  15068 -> None [control.pubsub.pub.0003]
2018-04-03 13:04:47,041: control.pubsub.pub.0003: update.0                        : update.0.child.subscriber._cancel_monitor_cb: DEBUG   : ru_finalize_parent (NOOP)
2018-04-03 13:04:47,449: control.pubsub.pub.0003: MainProcess                     : agent_0.idler._agent_command_cb: INFO    : parent stops child  14893 -> None [control.pubsub.pub.0003]
2018-04-03 13:04:47,449: control.pubsub.pub.0003: MainProcess                     : agent_0.idler._agent_command_cb: DEBUG   : ru_finalize_parent (NOOP)
