2018-04-03 12:39:49,775: update.0            : MainProcess                     : MainThread     : INFO    : python.interpreter   version: 2.7.7 |Continuum Analytics, Inc.| (default, Jun 2 2014, 12:34:02) [GCC 4.1.2 20080704 (Red Hat 4.1.2-54)]
2018-04-03 12:39:49,781: update.0            : MainProcess                     : MainThread     : INFO    :                      pid: 14893
2018-04-03 12:39:49,781: update.0            : MainProcess                     : MainThread     : INFO    :                      tid: MainThread
2018-04-03 12:39:49,781: update.0            : MainProcess                     : MainThread     : INFO    : radical.pilot        version: 0.47-0.47-14-gb1dff8bd@devel
2018-04-03 12:39:49,854: update.0            : MainProcess                     : MainThread     : DEBUG   : alive check in term
2018-04-03 12:39:49,854: update.0            : MainProcess                     : MainThread     : DEBUG   : start process
2018-04-03 12:39:50,214: update.0            : MainProcess                     : MainThread     : INFO    : recv message: alive
2018-04-03 12:39:50,214: update.0            : MainProcess                     : MainThread     : INFO    : initialize update.0
2018-04-03 12:39:50,222: update.0            : MainProcess                     : MainThread     : INFO    : cfg: {'agent_launch_method': 'SSH',
 'agent_name': 'agent_0',
 'agents': {},
 'bridges': {'agent_executing_queue': {'addr_in': 'tcp://204.90.41.70:34718',
                                       'addr_out': 'tcp://204.90.41.70:41605',
                                       'bulk_size': 0,
                                       'log_level': 'debug',
                                       'stall_hwm': 1},
             'agent_reschedule_pubsub': {'addr_in': 'tcp://204.90.41.70:38686',
                                         'addr_out': 'tcp://204.90.41.70:34059',
                                         'bulk_size': 0,
                                         'log_level': 'debug',
                                         'stall_hwm': 1},
             'agent_scheduling_queue': {'addr_in': 'tcp://204.90.41.70:34979',
                                        'addr_out': 'tcp://204.90.41.70:41433',
                                        'bulk_size': 0,
                                        'log_level': 'debug',
                                        'stall_hwm': 1},
             'agent_staging_input_queue': {'addr_in': 'tcp://204.90.41.70:40427',
                                           'addr_out': 'tcp://204.90.41.70:44027',
                                           'bulk_size': 0,
                                           'log_level': 'debug',
                                           'stall_hwm': 1},
             'agent_staging_output_queue': {'addr_in': 'tcp://204.90.41.70:36856',
                                            'addr_out': 'tcp://204.90.41.70:45682',
                                            'bulk_size': 0,
                                            'log_level': 'debug',
                                            'stall_hwm': 1},
             'agent_unschedule_pubsub': {'addr_in': 'tcp://204.90.41.70:44394',
                                         'addr_out': 'tcp://204.90.41.70:44785',
                                         'bulk_size': 0,
                                         'log_level': 'debug',
                                         'stall_hwm': 1},
             'control_pubsub': {'addr_in': 'tcp://204.90.41.70:35133',
                                'addr_out': 'tcp://204.90.41.70:46635',
                                'bulk_size': 0,
                                'log_level': 'debug',
                                'stall_hwm': 1},
             'log_pubsub': {'addr_in': 'tcp://204.90.41.70:37819',
                            'addr_out': 'tcp://204.90.41.70:36285',
                            'bulk_size': 0,
                            'log_level': 'debug',
                            'stall_hwm': 1},
             'state_pubsub': {'addr_in': 'tcp://204.90.41.70:40907',
                              'addr_out': 'tcp://204.90.41.70:42528',
                              'bulk_size': 0,
                              'log_level': 'debug',
                              'stall_hwm': 1}},
 'bulk_collection_size': 100,
 'bulk_collection_time': 1.0,
 'cname': 'UpdateWorker',
 'components': {},
 'cores': 40,
 'cores_per_node': 20,
 'count': 1,
 'cu_post_exec': None,
 'cu_pre_exec': None,
 'cu_tmp': None,
 'db_poll_sleeptime': 1.0,
 'dburl': 'mongodb://rp:rp@ds015335.mlab.com:15335/rp',
 'debug': 10,
 'export_to_cu': None,
 'logdir': '.',
 'lrms': 'TORQUE',
 'lrms_info': {'agent_nodes': {},
               'cores_per_node': 20,
               'lm_info': {},
               'name': 'Torque',
               'node_list': ['smic070', 'smic238']},
 'max_io_loglength': 1024,
 'mode': 'shared',
 'mpi_launch_method': 'MPIEXEC',
 'number': 0,
 'owner': 'agent_0',
 'pilot_id': 'pilot.0000',
 'pilot_sandbox': '/work/gchantzi/radical.pilot.sandbox/rp.session.one.george.017624.0003/pilot.0000/',
 'resource_cfg': {'agent_launch_method': 'SSH',
                  'agent_scheduler': 'CONTINUOUS',
                  'agent_spawner': 'POPEN',
                  'cores_per_node': '20',
                  'default_queue': 'workq',
                  'default_remote_workdir': '/work/$USER',
                  'description': "SuperMIC (pronounced 'Super Mick') is Louisiana State University's (LSU) newest supercomputer funded by the National Science Foundation's (NSF) Major Research Instrumentation (MRI) award to the Center for Computation & Technology. (https://portal.xsede.org/lsu-supermic)",
                  'filesystem_endpoint': 'gsisftp://supermic.cct-lsu.xsede.org:2222/',
                  'gsissh': {'filesystem_endpoint': 'gsisftp://supermic.cct-lsu.xsede.org:2222/',
                             'job_manager_endpoint': 'torque+gsissh://supermic.cct-lsu.xsede.org:2222/'},
                  'job_manager_endpoint': 'torque+gsissh://supermic.cct-lsu.xsede.org:2222/',
                  'label': 'xsede.supermic_ssh',
                  'lrms': 'TORQUE',
                  'mpi_launch_method': 'MPIEXEC',
                  'notes': 'Partially allocated through XSEDE. Primary access through GSISSH. Allows SSH key authentication too.',
                  'pre_bootstrap_1': ['module load python/2.7.7-anaconda'],
                  'python_dist': 'default',
                  'rp_version': 'local',
                  'schemas': ['gsissh', 'ssh'],
                  'ssh': {'filesystem_endpoint': 'sftp://supermic.cct-lsu.xsede.org/',
                          'job_manager_endpoint': 'torque+ssh://supermic.cct-lsu.xsede.org/'},
                  'task_launch_method': 'SSH',
                  'valid_roots': ['/work'],
                  'virtenv_mode': 'create'},
 'resource_sandbox': '/work/gchantzi/radical.pilot.sandbox',
 'runtime': 25,
 'scheduler': 'CONTINUOUS',
 'session_id': 'rp.session.one.george.017624.0003',
 'session_sandbox': '/work/gchantzi/radical.pilot.sandbox/rp.session.one.george.017624.0003',
 'spawner': 'POPEN',
 'staging_area': 'staging_area',
 'staging_schema': 'staging',
 'target': 'local',
 'task_launch_method': 'SSH',
 'uid': 'agent_0',
 'workdir': '/worka/work/gchantzi/radical.pilot.sandbox/rp.session.one.george.017624.0003/pilot.0000'}
2018-04-03 12:39:50,222: update.0            : MainProcess                     : MainThread     : DEBUG   : alive check in term
2018-04-03 12:39:50,222: update.0            : MainProcess                     : MainThread     : DEBUG   : START: update.0 register publisher log_pubsub
2018-04-03 12:39:50,222: update.0            : MainProcess                     : MainThread     : DEBUG   : using addr tcp://204.90.41.70:37819 for pubsub log_pubsub
2018-04-03 12:39:50,227: update.0            : MainProcess                     : MainThread     : DEBUG   : registered publisher : log_pubsub : log.pubsub.pub.0003
2018-04-03 12:39:50,227: update.0            : MainProcess                     : MainThread     : DEBUG   : alive check in term
2018-04-03 12:39:50,227: update.0            : MainProcess                     : MainThread     : DEBUG   : START: update.0 register publisher state_pubsub
2018-04-03 12:39:50,227: update.0            : MainProcess                     : MainThread     : DEBUG   : using addr tcp://204.90.41.70:40907 for pubsub state_pubsub
2018-04-03 12:39:50,232: update.0            : MainProcess                     : MainThread     : DEBUG   : registered publisher : state_pubsub : state.pubsub.pub.0003
2018-04-03 12:39:50,232: update.0            : MainProcess                     : MainThread     : DEBUG   : alive check in term
2018-04-03 12:39:50,232: update.0            : MainProcess                     : MainThread     : DEBUG   : START: update.0 register publisher control_pubsub
2018-04-03 12:39:50,232: update.0            : MainProcess                     : MainThread     : DEBUG   : using addr tcp://204.90.41.70:35133 for pubsub control_pubsub
2018-04-03 12:39:50,237: update.0            : MainProcess                     : MainThread     : DEBUG   : registered publisher : control_pubsub : control.pubsub.pub.0003
2018-04-03 12:39:50,237: update.0            : MainProcess                     : MainThread     : DEBUG   : parent name: update.0.watch
2018-04-03 12:39:50,238: update.0            : MainProcess                     : MainThread     : DEBUG   : start thread
2018-04-03 12:39:50,238: update.0            : MainProcess                     : update.0.watch : DEBUG   : child name: update.0.watch.thread
2018-04-03 12:39:50,238: update.0            : MainProcess                     : update.0.watch : INFO    : child (me) initializing
2018-04-03 12:39:50,238: update.0            : MainProcess                     : update.0.watch : DEBUG   : ru_initialize_common (NOOP)
2018-04-03 12:39:50,238: update.0            : MainProcess                     : update.0.watch : DEBUG   : ru_initialize_child (NOOP)
2018-04-03 12:39:50,238: update.0            : MainProcess                     : update.0.watch : INFO    : send alive
2018-04-03 12:39:50,238: update.0            : MainProcess                     : update.0.watch : INFO    : put message: [update.0.watch.thread] alive
2018-04-03 12:39:50,239: update.0            : MainProcess                     : MainThread     : INFO    : get msg: alive
2018-04-03 12:39:50,239: update.0            : MainProcess                     : MainThread     : DEBUG   : ru_initialize_common (NOOP)
2018-04-03 12:39:50,239: update.0            : MainProcess                     : MainThread     : DEBUG   : ru_initialize_parent (NOOP)
2018-04-03 12:39:50,239: update.0            : MainProcess                     : MainThread     : DEBUG   : child thread update.0.watch started
2018-04-03 12:39:50,239: update.0            : MainProcess                     : MainThread     : INFO    : child is alive
2018-04-03 12:39:50,239: update.0            : MainProcess                     : MainThread     : DEBUG   : process class started child
2018-04-03 13:04:47,107: update.0            : MainProcess                     : update.0.watch : INFO    : recv message: STOP
2018-04-03 13:04:47,107: update.0            : MainProcess                     : update.0.watch : INFO    : message received: STOP
2018-04-03 13:04:47,107: update.0            : MainProcess                     : update.0.watch : INFO    : STOP received: STOP
2018-04-03 13:04:47,107: update.0            : MainProcess                     : update.0.watch : INFO    : watcher closes
2018-04-03 13:04:47,107: update.0            : MainProcess                     : update.0.watch : INFO    : put message: [update.0.watch.thread] work finished
2018-04-03 13:04:47,107: update.0            : MainProcess                     : update.0.watch : DEBUG   : ru_finalize_child (NOOP)
2018-04-03 13:04:47,107: update.0            : MainProcess                     : update.0.watch : DEBUG   : ru_finalize_common (NOOP)
2018-04-03 13:04:47,108: update.0            : MainProcess                     : update.0.watch : INFO    : put message: [update.0.watch.thread] terminating
2018-04-03 13:04:47,435: update.0            : MainProcess                     : agent_0.idler._agent_command_cb: INFO    : stop update.0 (14893 : 15068 : agent_0.idler._agent_command_cb) [radical.pilot.worker.update.Update.stop]
2018-04-03 13:04:47,448: update.0            : MainProcess                     : agent_0.idler._agent_command_cb: INFO    : parent stops child  14893 -> 15068 [update.0]
2018-04-03 13:04:47,448: update.0            : MainProcess                     : agent_0.idler._agent_command_cb: INFO    : send message: [update.0] STOP
2018-04-03 13:04:47,448: update.0            : MainProcess                     : agent_0.idler._agent_command_cb: WARNING : send failed ([Errno 9] Bad file descriptor) - terminate
2018-04-03 13:04:47,448: update.0            : MainProcess                     : agent_0.idler._agent_command_cb: DEBUG   : ru_finalize_common()
2018-04-03 13:04:47,448: update.0            : MainProcess                     : agent_0.idler._agent_command_cb: DEBUG   : TERM : update.0 unregister publisher log_pubsub
2018-04-03 13:04:47,449: update.0            : MainProcess                     : agent_0.idler._agent_command_cb: DEBUG   : unregistered publisher log_pubsub
2018-04-03 13:04:47,449: update.0            : MainProcess                     : agent_0.idler._agent_command_cb: DEBUG   : TERM : update.0 unregister publisher state_pubsub
2018-04-03 13:04:47,449: update.0            : MainProcess                     : agent_0.idler._agent_command_cb: DEBUG   : unregistered publisher state_pubsub
2018-04-03 13:04:47,449: update.0            : MainProcess                     : agent_0.idler._agent_command_cb: DEBUG   : TERM : update.0 unregister publisher control_pubsub
2018-04-03 13:04:47,450: update.0            : MainProcess                     : agent_0.idler._agent_command_cb: DEBUG   : unregistered publisher control_pubsub
2018-04-03 13:04:47,450: update.0            : MainProcess                     : agent_0.idler._agent_command_cb: DEBUG   : update.0 close prof
2018-04-03 13:04:47,457: update.0            : MainProcess                     : agent_0.idler._agent_command_cb: INFO    : signal stop for agent_0.idler._agent_command_cb - do not join
