2018-04-03 13:19:03,313: state.pubsub.pub.0002: agent_0.staging.input.0         : MainThread     : INFO    : python.interpreter   version: 2.7.7 |Continuum Analytics, Inc.| (default, Jun 2 2014, 12:34:02) [GCC 4.1.2 20080704 (Red Hat 4.1.2-54)]
2018-04-03 13:19:03,317: state.pubsub.pub.0002: agent_0.staging.input.0         : MainThread     : INFO    :                      pid: 71366
2018-04-03 13:19:03,317: state.pubsub.pub.0002: agent_0.staging.input.0         : MainThread     : INFO    :                      tid: MainThread
2018-04-03 13:19:03,317: state.pubsub.pub.0002: agent_0.staging.input.0         : MainThread     : INFO    : radical.pilot        version: 0.47-0.47-14-gb1dff8bd@devel
2018-04-03 13:19:03,317: state.pubsub.pub.0002: agent_0.staging.input.0         : MainThread     : INFO    : create state_pubsub - pub - tcp://204.90.41.250:42020
2018-04-03 13:19:03,317: state.pubsub.pub.0002: agent_0.staging.input.0         : MainThread     : DEBUG   : start process
2018-04-03 13:19:03,317: state.pubsub.pub.0002: agent_0.staging.input.0         : MainThread     : DEBUG   : ru_initialize_common (NOOP)
2018-04-03 13:19:03,317: state.pubsub.pub.0002: agent_0.staging.input.0         : MainThread     : DEBUG   : ru_initialize_parent (NOOP)
2018-04-03 13:19:03,318: state.pubsub.pub.0002: agent_0.staging.input.0         : MainThread     : DEBUG   : process class started (no child)
2018-04-03 13:19:03,362: state.pubsub.pub.0002: MainProcess                     : MainThread     : INFO    : python.interpreter   version: 2.7.7 |Continuum Analytics, Inc.| (default, Jun 2 2014, 12:34:02) [GCC 4.1.2 20080704 (Red Hat 4.1.2-54)]
2018-04-03 13:19:03,365: state.pubsub.pub.0002: MainProcess                     : MainThread     : INFO    :                      pid: 71215
2018-04-03 13:19:03,365: state.pubsub.pub.0002: MainProcess                     : MainThread     : INFO    :                      tid: MainThread
2018-04-03 13:19:03,365: state.pubsub.pub.0002: MainProcess                     : MainThread     : INFO    : radical.pilot        version: 0.47-0.47-14-gb1dff8bd@devel
2018-04-03 13:19:03,365: state.pubsub.pub.0002: MainProcess                     : MainThread     : INFO    : create state_pubsub - pub - tcp://204.90.41.250:42020
2018-04-03 13:19:03,365: state.pubsub.pub.0002: MainProcess                     : MainThread     : DEBUG   : start process
2018-04-03 13:19:03,366: state.pubsub.pub.0002: MainProcess                     : MainThread     : DEBUG   : ru_initialize_common (NOOP)
2018-04-03 13:19:03,366: state.pubsub.pub.0002: MainProcess                     : MainThread     : DEBUG   : ru_initialize_parent (NOOP)
2018-04-03 13:19:03,366: state.pubsub.pub.0002: MainProcess                     : MainThread     : DEBUG   : process class started (no child)
2018-04-03 13:31:20,945: state.pubsub.pub.0002: agent_0.staging.input.0         : agent_0.staging.input.0.child.subscriber._cancel_monitor_cb: INFO    : parent stops child  71366 -> None [state.pubsub.pub.0002]
2018-04-03 13:31:20,945: state.pubsub.pub.0002: agent_0.staging.input.0         : agent_0.staging.input.0.child.subscriber._cancel_monitor_cb: DEBUG   : ru_finalize_parent (NOOP)
2018-04-03 13:31:21,787: state.pubsub.pub.0002: MainProcess                     : agent_0.idler._check_units_cb: INFO    : parent stops child  71215 -> None [state.pubsub.pub.0002]
2018-04-03 13:31:21,787: state.pubsub.pub.0002: MainProcess                     : agent_0.idler._check_units_cb: DEBUG   : ru_finalize_parent (NOOP)
