2018-04-04 01:17:11,590: log.pubsub.pub.0000 : update.0                        : MainThread     : INFO    : python.interpreter   version: 2.7.14 (default, Sep 23 2017, 22:06:14) [GCC 7.2.0]
2018-04-04 01:17:11,590: log.pubsub.pub.0000 : update.0                        : MainThread     : INFO    :                      pid: 12662
2018-04-04 01:17:11,590: log.pubsub.pub.0000 : update.0                        : MainThread     : INFO    :                      tid: MainThread
2018-04-04 01:17:11,590: log.pubsub.pub.0000 : update.0                        : MainThread     : INFO    : radical.pilot        version: 0.47-0.47-14-gb1dff8bd@devel
2018-04-04 01:17:11,590: log.pubsub.pub.0000 : update.0                        : MainThread     : INFO    : create log_pubsub - pub - tcp://144.76.72.175:44055
2018-04-04 01:17:11,591: log.pubsub.pub.0000 : update.0                        : MainThread     : DEBUG   : start process
2018-04-04 01:17:11,591: log.pubsub.pub.0000 : update.0                        : MainThread     : DEBUG   : ru_initialize_common (NOOP)
2018-04-04 01:17:11,591: log.pubsub.pub.0000 : update.0                        : MainThread     : DEBUG   : ru_initialize_parent (NOOP)
2018-04-04 01:17:11,591: log.pubsub.pub.0000 : update.0                        : MainThread     : DEBUG   : process class started (no child)
2018-04-04 01:17:12,146: log.pubsub.pub.0000 : MainProcess                     : MainThread     : INFO    : python.interpreter   version: 2.7.14 (default, Sep 23 2017, 22:06:14) [GCC 7.2.0]
2018-04-04 01:17:12,146: log.pubsub.pub.0000 : MainProcess                     : MainThread     : INFO    :                      pid: 12633
2018-04-04 01:17:12,146: log.pubsub.pub.0000 : MainProcess                     : MainThread     : INFO    :                      tid: MainThread
2018-04-04 01:17:12,146: log.pubsub.pub.0000 : MainProcess                     : MainThread     : INFO    : radical.pilot        version: 0.47-0.47-14-gb1dff8bd@devel
2018-04-04 01:17:12,146: log.pubsub.pub.0000 : MainProcess                     : MainThread     : INFO    : create log_pubsub - pub - tcp://144.76.72.175:44055
2018-04-04 01:17:12,146: log.pubsub.pub.0000 : MainProcess                     : MainThread     : DEBUG   : start process
2018-04-04 01:17:12,146: log.pubsub.pub.0000 : MainProcess                     : MainThread     : DEBUG   : ru_initialize_common (NOOP)
2018-04-04 01:17:12,147: log.pubsub.pub.0000 : MainProcess                     : MainThread     : DEBUG   : ru_initialize_parent (NOOP)
2018-04-04 01:17:12,147: log.pubsub.pub.0000 : MainProcess                     : MainThread     : DEBUG   : process class started (no child)
2018-04-04 01:30:44,929: log.pubsub.pub.0000 : MainProcess                     : MainThread     : INFO    : parent stops child  12633 -> None [log.pubsub.pub.0000]
2018-04-04 01:30:44,929: log.pubsub.pub.0000 : MainProcess                     : MainThread     : DEBUG   : ru_finalize_parent (NOOP)
2018-04-04 01:30:45,035: log.pubsub.pub.0000 : update.0                        : MainThread     : INFO    : parent stops child  12662 -> None [log.pubsub.pub.0000]
2018-04-04 01:30:45,035: log.pubsub.pub.0000 : update.0                        : MainThread     : DEBUG   : ru_finalize_parent (NOOP)
