2018-04-03 11:46:08,219: control.pubsub.pub.0004: agent_0.executing.0             : MainThread     : INFO    : python.interpreter   version: 2.7.7 |Continuum Analytics, Inc.| (default, Jun 2 2014, 12:34:02) [GCC 4.1.2 20080704 (Red Hat 4.1.2-54)]
2018-04-03 11:46:08,222: control.pubsub.pub.0004: agent_0.executing.0             : MainThread     : INFO    :                      pid: 18615
2018-04-03 11:46:08,223: control.pubsub.pub.0004: agent_0.executing.0             : MainThread     : INFO    :                      tid: MainThread
2018-04-03 11:46:08,223: control.pubsub.pub.0004: agent_0.executing.0             : MainThread     : INFO    : radical.pilot        version: 0.47-0.47-14-gb1dff8bd@devel
2018-04-03 11:46:08,223: control.pubsub.pub.0004: agent_0.executing.0             : MainThread     : INFO    : create control_pubsub - pub - tcp://204.90.41.238:37655
2018-04-03 11:46:08,223: control.pubsub.pub.0004: agent_0.executing.0             : MainThread     : DEBUG   : start process
2018-04-03 11:46:08,223: control.pubsub.pub.0004: agent_0.executing.0             : MainThread     : DEBUG   : ru_initialize_common (NOOP)
2018-04-03 11:46:08,223: control.pubsub.pub.0004: agent_0.executing.0             : MainThread     : DEBUG   : ru_initialize_parent (NOOP)
2018-04-03 11:46:08,223: control.pubsub.pub.0004: agent_0.executing.0             : MainThread     : DEBUG   : process class started (no child)
2018-04-03 11:46:08,306: control.pubsub.pub.0004: MainProcess                     : MainThread     : INFO    : python.interpreter   version: 2.7.7 |Continuum Analytics, Inc.| (default, Jun 2 2014, 12:34:02) [GCC 4.1.2 20080704 (Red Hat 4.1.2-54)]
2018-04-03 11:46:08,309: control.pubsub.pub.0004: MainProcess                     : MainThread     : INFO    :                      pid: 18419
2018-04-03 11:46:08,309: control.pubsub.pub.0004: MainProcess                     : MainThread     : INFO    :                      tid: MainThread
2018-04-03 11:46:08,309: control.pubsub.pub.0004: MainProcess                     : MainThread     : INFO    : radical.pilot        version: 0.47-0.47-14-gb1dff8bd@devel
2018-04-03 11:46:08,309: control.pubsub.pub.0004: MainProcess                     : MainThread     : INFO    : create control_pubsub - pub - tcp://204.90.41.238:37655
2018-04-03 11:46:08,310: control.pubsub.pub.0004: MainProcess                     : MainThread     : DEBUG   : start process
2018-04-03 11:46:08,310: control.pubsub.pub.0004: MainProcess                     : MainThread     : DEBUG   : ru_initialize_common (NOOP)
2018-04-03 11:46:08,310: control.pubsub.pub.0004: MainProcess                     : MainThread     : DEBUG   : ru_initialize_parent (NOOP)
2018-04-03 11:46:08,310: control.pubsub.pub.0004: MainProcess                     : MainThread     : DEBUG   : process class started (no child)
2018-04-03 11:58:18,070: control.pubsub.pub.0004: agent_0.executing.0             : agent_0.executing.0.child.subscriber._cancel_monitor_cb: INFO    : parent stops child  18615 -> None [control.pubsub.pub.0004]
2018-04-03 11:58:18,070: control.pubsub.pub.0004: agent_0.executing.0             : agent_0.executing.0.child.subscriber._cancel_monitor_cb: DEBUG   : ru_finalize_parent (NOOP)
2018-04-03 11:58:18,710: control.pubsub.pub.0004: MainProcess                     : MainThread     : INFO    : parent stops child  18419 -> None [control.pubsub.pub.0004]
2018-04-03 11:58:18,710: control.pubsub.pub.0004: MainProcess                     : MainThread     : DEBUG   : ru_finalize_parent (NOOP)
