2018-04-03 11:46:06,912: log.pubsub.pub.0001 : agent_0.scheduling.0            : MainThread     : INFO    : python.interpreter   version: 2.7.7 |Continuum Analytics, Inc.| (default, Jun 2 2014, 12:34:02) [GCC 4.1.2 20080704 (Red Hat 4.1.2-54)]
2018-04-03 11:46:06,915: log.pubsub.pub.0001 : agent_0.scheduling.0            : MainThread     : INFO    :                      pid: 18541
2018-04-03 11:46:06,915: log.pubsub.pub.0001 : agent_0.scheduling.0            : MainThread     : INFO    :                      tid: MainThread
2018-04-03 11:46:06,915: log.pubsub.pub.0001 : agent_0.scheduling.0            : MainThread     : INFO    : radical.pilot        version: 0.47-0.47-14-gb1dff8bd@devel
2018-04-03 11:46:06,916: log.pubsub.pub.0001 : agent_0.scheduling.0            : MainThread     : INFO    : create log_pubsub - pub - tcp://204.90.41.238:36214
2018-04-03 11:46:06,916: log.pubsub.pub.0001 : agent_0.scheduling.0            : MainThread     : DEBUG   : start process
2018-04-03 11:46:06,916: log.pubsub.pub.0001 : agent_0.scheduling.0            : MainThread     : DEBUG   : ru_initialize_common (NOOP)
2018-04-03 11:46:06,916: log.pubsub.pub.0001 : agent_0.scheduling.0            : MainThread     : DEBUG   : ru_initialize_parent (NOOP)
2018-04-03 11:46:06,916: log.pubsub.pub.0001 : agent_0.scheduling.0            : MainThread     : DEBUG   : process class started (no child)
2018-04-03 11:46:06,995: log.pubsub.pub.0001 : MainProcess                     : MainThread     : INFO    : python.interpreter   version: 2.7.7 |Continuum Analytics, Inc.| (default, Jun 2 2014, 12:34:02) [GCC 4.1.2 20080704 (Red Hat 4.1.2-54)]
2018-04-03 11:46:06,998: log.pubsub.pub.0001 : MainProcess                     : MainThread     : INFO    :                      pid: 18419
2018-04-03 11:46:06,998: log.pubsub.pub.0001 : MainProcess                     : MainThread     : INFO    :                      tid: MainThread
2018-04-03 11:46:06,998: log.pubsub.pub.0001 : MainProcess                     : MainThread     : INFO    : radical.pilot        version: 0.47-0.47-14-gb1dff8bd@devel
2018-04-03 11:46:06,998: log.pubsub.pub.0001 : MainProcess                     : MainThread     : INFO    : create log_pubsub - pub - tcp://204.90.41.238:36214
2018-04-03 11:46:06,999: log.pubsub.pub.0001 : MainProcess                     : MainThread     : DEBUG   : start process
2018-04-03 11:46:06,999: log.pubsub.pub.0001 : MainProcess                     : MainThread     : DEBUG   : ru_initialize_common (NOOP)
2018-04-03 11:46:06,999: log.pubsub.pub.0001 : MainProcess                     : MainThread     : DEBUG   : ru_initialize_parent (NOOP)
2018-04-03 11:46:06,999: log.pubsub.pub.0001 : MainProcess                     : MainThread     : DEBUG   : process class started (no child)
2018-04-03 11:58:18,070: log.pubsub.pub.0001 : agent_0.scheduling.0            : agent_0.scheduling.0.child.subscriber._cancel_monitor_cb: INFO    : parent stops child  18541 -> None [log.pubsub.pub.0001]
2018-04-03 11:58:18,070: log.pubsub.pub.0001 : agent_0.scheduling.0            : agent_0.scheduling.0.child.subscriber._cancel_monitor_cb: DEBUG   : ru_finalize_parent (NOOP)
2018-04-03 11:58:18,618: log.pubsub.pub.0001 : MainProcess                     : MainThread     : INFO    : parent stops child  18419 -> None [log.pubsub.pub.0001]
2018-04-03 11:58:18,618: log.pubsub.pub.0001 : MainProcess                     : MainThread     : DEBUG   : ru_finalize_parent (NOOP)
