2018-04-03 11:46:07,605: log.pubsub.pub.0003 : update.0                        : MainThread     : INFO    : python.interpreter   version: 2.7.7 |Continuum Analytics, Inc.| (default, Jun 2 2014, 12:34:02) [GCC 4.1.2 20080704 (Red Hat 4.1.2-54)]
2018-04-03 11:46:07,608: log.pubsub.pub.0003 : update.0                        : MainThread     : INFO    :                      pid: 18593
2018-04-03 11:46:07,608: log.pubsub.pub.0003 : update.0                        : MainThread     : INFO    :                      tid: MainThread
2018-04-03 11:46:07,609: log.pubsub.pub.0003 : update.0                        : MainThread     : INFO    : radical.pilot        version: 0.47-0.47-14-gb1dff8bd@devel
2018-04-03 11:46:07,609: log.pubsub.pub.0003 : update.0                        : MainThread     : INFO    : create log_pubsub - pub - tcp://204.90.41.238:36214
2018-04-03 11:46:07,609: log.pubsub.pub.0003 : update.0                        : MainThread     : DEBUG   : start process
2018-04-03 11:46:07,609: log.pubsub.pub.0003 : update.0                        : MainThread     : DEBUG   : ru_initialize_common (NOOP)
2018-04-03 11:46:07,609: log.pubsub.pub.0003 : update.0                        : MainThread     : DEBUG   : ru_initialize_parent (NOOP)
2018-04-03 11:46:07,609: log.pubsub.pub.0003 : update.0                        : MainThread     : DEBUG   : process class started (no child)
2018-04-03 11:46:07,877: log.pubsub.pub.0003 : MainProcess                     : MainThread     : INFO    : python.interpreter   version: 2.7.7 |Continuum Analytics, Inc.| (default, Jun 2 2014, 12:34:02) [GCC 4.1.2 20080704 (Red Hat 4.1.2-54)]
2018-04-03 11:46:07,880: log.pubsub.pub.0003 : MainProcess                     : MainThread     : INFO    :                      pid: 18419
2018-04-03 11:46:07,880: log.pubsub.pub.0003 : MainProcess                     : MainThread     : INFO    :                      tid: MainThread
2018-04-03 11:46:07,880: log.pubsub.pub.0003 : MainProcess                     : MainThread     : INFO    : radical.pilot        version: 0.47-0.47-14-gb1dff8bd@devel
2018-04-03 11:46:07,880: log.pubsub.pub.0003 : MainProcess                     : MainThread     : INFO    : create log_pubsub - pub - tcp://204.90.41.238:36214
2018-04-03 11:46:07,880: log.pubsub.pub.0003 : MainProcess                     : MainThread     : DEBUG   : start process
2018-04-03 11:46:07,880: log.pubsub.pub.0003 : MainProcess                     : MainThread     : DEBUG   : ru_initialize_common (NOOP)
2018-04-03 11:46:07,881: log.pubsub.pub.0003 : MainProcess                     : MainThread     : DEBUG   : ru_initialize_parent (NOOP)
2018-04-03 11:46:07,881: log.pubsub.pub.0003 : MainProcess                     : MainThread     : DEBUG   : process class started (no child)
2018-04-03 11:58:18,070: log.pubsub.pub.0003 : update.0                        : update.0.child.subscriber._cancel_monitor_cb: INFO    : parent stops child  18593 -> None [log.pubsub.pub.0003]
2018-04-03 11:58:18,070: log.pubsub.pub.0003 : update.0                        : update.0.child.subscriber._cancel_monitor_cb: DEBUG   : ru_finalize_parent (NOOP)
2018-04-03 11:58:18,680: log.pubsub.pub.0003 : MainProcess                     : MainThread     : INFO    : parent stops child  18419 -> None [log.pubsub.pub.0003]
2018-04-03 11:58:18,680: log.pubsub.pub.0003 : MainProcess                     : MainThread     : DEBUG   : ru_finalize_parent (NOOP)
