2018-03-28 23:05:22,219: control.pubsub.pub.0005: umgr.0000.scheduling.0          : MainThread     : INFO    : python.interpreter   version: 2.7.14 (default, Sep 23 2017, 22:06:14) [GCC 7.2.0]
2018-03-28 23:05:22,220: control.pubsub.pub.0005: umgr.0000.scheduling.0          : MainThread     : INFO    :                      pid: 20706
2018-03-28 23:05:22,220: control.pubsub.pub.0005: umgr.0000.scheduling.0          : MainThread     : INFO    :                      tid: MainThread
2018-03-28 23:05:22,220: control.pubsub.pub.0005: umgr.0000.scheduling.0          : MainThread     : INFO    : radical.pilot        version: 0.47-0.47-14-gb1dff8bd@devel
2018-03-28 23:05:22,220: control.pubsub.pub.0005: umgr.0000.scheduling.0          : MainThread     : INFO    : create control_pubsub - pub - tcp://144.76.72.175:44101
2018-03-28 23:05:22,220: control.pubsub.pub.0005: umgr.0000.scheduling.0          : MainThread     : DEBUG   : start process
2018-03-28 23:05:22,220: control.pubsub.pub.0005: umgr.0000.scheduling.0          : MainThread     : DEBUG   : ru_initialize_common (NOOP)
2018-03-28 23:05:22,220: control.pubsub.pub.0005: umgr.0000.scheduling.0          : MainThread     : DEBUG   : ru_initialize_parent (NOOP)
2018-03-28 23:05:22,220: control.pubsub.pub.0005: umgr.0000.scheduling.0          : MainThread     : DEBUG   : process class started (no child)
2018-03-28 23:05:22,240: control.pubsub.pub.0005: MainProcess                     : MainThread     : INFO    : python.interpreter   version: 2.7.14 (default, Sep 23 2017, 22:06:14) [GCC 7.2.0]
2018-03-28 23:05:22,241: control.pubsub.pub.0005: MainProcess                     : MainThread     : INFO    :                      pid: 20514
2018-03-28 23:05:22,241: control.pubsub.pub.0005: MainProcess                     : MainThread     : INFO    :                      tid: MainThread
2018-03-28 23:05:22,241: control.pubsub.pub.0005: MainProcess                     : MainThread     : INFO    : radical.pilot        version: 0.47-0.47-14-gb1dff8bd@devel
2018-03-28 23:05:22,241: control.pubsub.pub.0005: MainProcess                     : MainThread     : INFO    : create control_pubsub - pub - tcp://144.76.72.175:44101
2018-03-28 23:05:22,241: control.pubsub.pub.0005: MainProcess                     : MainThread     : DEBUG   : start process
2018-03-28 23:05:22,241: control.pubsub.pub.0005: MainProcess                     : MainThread     : DEBUG   : ru_initialize_common (NOOP)
2018-03-28 23:05:22,241: control.pubsub.pub.0005: MainProcess                     : MainThread     : DEBUG   : ru_initialize_parent (NOOP)
2018-03-28 23:05:22,241: control.pubsub.pub.0005: MainProcess                     : MainThread     : DEBUG   : process class started (no child)
2018-03-28 23:18:32,247: control.pubsub.pub.0005: MainProcess                     : MainThread     : INFO    : parent stops child  20514 -> None [control.pubsub.pub.0005]
2018-03-28 23:18:32,248: control.pubsub.pub.0005: MainProcess                     : MainThread     : DEBUG   : ru_finalize_parent (NOOP)
2018-03-28 23:18:32,647: control.pubsub.pub.0005: umgr.0000.scheduling.0          : MainThread     : INFO    : parent stops child  20706 -> None [control.pubsub.pub.0005]
2018-03-28 23:18:32,647: control.pubsub.pub.0005: umgr.0000.scheduling.0          : MainThread     : DEBUG   : ru_finalize_parent (NOOP)
