2018-04-03 05:26:40,866: rp.session.one.george.017624.0001: MainProcess                     : MainThread     : INFO    : python.interpreter   version: 2.7.14 (default, Sep 23 2017, 22:06:14) [GCC 7.2.0]
2018-04-03 05:26:40,866: rp.session.one.george.017624.0001: MainProcess                     : MainThread     : INFO    :                      pid: 11707
2018-04-03 05:26:40,866: rp.session.one.george.017624.0001: MainProcess                     : MainThread     : INFO    :                      tid: MainThread
2018-04-03 05:26:40,866: rp.session.one.george.017624.0001: MainProcess                     : MainThread     : INFO    : radical.pilot        version: 0.47-0.47-14-gb1dff8bd@devel
2018-04-03 05:26:40,909: rp.session.one.george.017624.0001: MainProcess                     : MainThread     : INFO    : using database mongodb://rp:rp@ds015335.mlab.com:15335/rp
2018-04-03 05:26:40,924: rp.session.one.george.017624.0001: MainProcess                     : MainThread     : INFO    : Load resource configurations from /home/george/ve-matteo/local/lib/python2.7/site-packages/radical/pilot/configs/resource_stfc.json
2018-04-03 05:26:40,927: rp.session.one.george.017624.0001: MainProcess                     : MainThread     : INFO    : Load resource configurations for stfc.joule_runjob
2018-04-03 05:26:40,927: rp.session.one.george.017624.0001: MainProcess                     : MainThread     : INFO    : Load resource configurations from /home/george/ve-matteo/local/lib/python2.7/site-packages/radical/pilot/configs/resource_rice.json
2018-04-03 05:26:40,932: rp.session.one.george.017624.0001: MainProcess                     : MainThread     : INFO    : Load resource configurations for rice.davinci_ssh
2018-04-03 05:26:40,933: rp.session.one.george.017624.0001: MainProcess                     : MainThread     : INFO    : Load resource configurations for rice.biou_ssh
2018-04-03 05:26:40,933: rp.session.one.george.017624.0001: MainProcess                     : MainThread     : INFO    : Load resource configurations from /home/george/ve-matteo/local/lib/python2.7/site-packages/radical/pilot/configs/resource_xsede.json
2018-04-03 05:26:40,963: rp.session.one.george.017624.0001: MainProcess                     : MainThread     : INFO    : Load resource configurations for xsede.gordon_ssh
2018-04-03 05:26:40,963: rp.session.one.george.017624.0001: MainProcess                     : MainThread     : INFO    : Load resource configurations for xsede.lonestar_ssh
2018-04-03 05:26:40,963: rp.session.one.george.017624.0001: MainProcess                     : MainThread     : INFO    : Load resource configurations for xsede.supermic_spark
2018-04-03 05:26:40,964: rp.session.one.george.017624.0001: MainProcess                     : MainThread     : INFO    : Load resource configurations for xsede.wrangler_yarn
2018-04-03 05:26:40,964: rp.session.one.george.017624.0001: MainProcess                     : MainThread     : INFO    : Load resource configurations for xsede.blacklight_ssh
2018-04-03 05:26:40,964: rp.session.one.george.017624.0001: MainProcess                     : MainThread     : INFO    : Load resource configurations for xsede.stampede_ortelib
2018-04-03 05:26:40,965: rp.session.one.george.017624.0001: MainProcess                     : MainThread     : INFO    : Load resource configurations for xsede.stampede_yarn
2018-04-03 05:26:40,965: rp.session.one.george.017624.0001: MainProcess                     : MainThread     : INFO    : Load resource configurations for xsede.stampede_ssh
2018-04-03 05:26:40,965: rp.session.one.george.017624.0001: MainProcess                     : MainThread     : INFO    : Load resource configurations for xsede.greenfield
2018-04-03 05:26:40,965: rp.session.one.george.017624.0001: MainProcess                     : MainThread     : INFO    : Load resource configurations for xsede.bridges
2018-04-03 05:26:40,966: rp.session.one.george.017624.0001: MainProcess                     : MainThread     : INFO    : Load resource configurations for xsede.trestles_ssh
2018-04-03 05:26:40,966: rp.session.one.george.017624.0001: MainProcess                     : MainThread     : INFO    : Load resource configurations for xsede.supermic_ortelib
2018-04-03 05:26:40,966: rp.session.one.george.017624.0001: MainProcess                     : MainThread     : INFO    : Load resource configurations for xsede.stampede2_ssh
2018-04-03 05:26:40,967: rp.session.one.george.017624.0001: MainProcess                     : MainThread     : INFO    : Load resource configurations for xsede.supermic_ssh
2018-04-03 05:26:40,967: rp.session.one.george.017624.0001: MainProcess                     : MainThread     : INFO    : Load resource configurations for xsede.wrangler_ssh
2018-04-03 05:26:40,967: rp.session.one.george.017624.0001: MainProcess                     : MainThread     : INFO    : Load resource configurations for xsede.supermic_orte
2018-04-03 05:26:40,967: rp.session.one.george.017624.0001: MainProcess                     : MainThread     : INFO    : Load resource configurations for xsede.wrangler_spark
2018-04-03 05:26:40,968: rp.session.one.george.017624.0001: MainProcess                     : MainThread     : INFO    : Load resource configurations for xsede.stampede_orte
2018-04-03 05:26:40,968: rp.session.one.george.017624.0001: MainProcess                     : MainThread     : INFO    : Load resource configurations for xsede.comet_ortelib
2018-04-03 05:26:40,968: rp.session.one.george.017624.0001: MainProcess                     : MainThread     : INFO    : Load resource configurations for xsede.comet_orte
2018-04-03 05:26:40,969: rp.session.one.george.017624.0001: MainProcess                     : MainThread     : INFO    : Load resource configurations for xsede.comet_spark
2018-04-03 05:26:40,969: rp.session.one.george.017624.0001: MainProcess                     : MainThread     : INFO    : Load resource configurations for xsede.comet_ssh
2018-04-03 05:26:40,969: rp.session.one.george.017624.0001: MainProcess                     : MainThread     : INFO    : Load resource configurations for xsede.stampede_spark
2018-04-03 05:26:40,969: rp.session.one.george.017624.0001: MainProcess                     : MainThread     : INFO    : Load resource configurations from /home/george/ve-matteo/local/lib/python2.7/site-packages/radical/pilot/configs/resource_epsrc.json
2018-04-03 05:26:40,972: rp.session.one.george.017624.0001: MainProcess                     : MainThread     : INFO    : Load resource configurations for epsrc.archer_orte
2018-04-03 05:26:40,972: rp.session.one.george.017624.0001: MainProcess                     : MainThread     : INFO    : Load resource configurations for epsrc.archer_aprun
2018-04-03 05:26:40,973: rp.session.one.george.017624.0001: MainProcess                     : MainThread     : INFO    : Load resource configurations from /home/george/ve-matteo/local/lib/python2.7/site-packages/radical/pilot/configs/resource_lrz.json
2018-04-03 05:26:40,974: rp.session.one.george.017624.0001: MainProcess                     : MainThread     : INFO    : Load resource configurations for lrz.supermuc_ssh
2018-04-03 05:26:40,974: rp.session.one.george.017624.0001: MainProcess                     : MainThread     : INFO    : Load resource configurations from /home/george/ve-matteo/local/lib/python2.7/site-packages/radical/pilot/configs/resource_das4.json
2018-04-03 05:26:40,975: rp.session.one.george.017624.0001: MainProcess                     : MainThread     : INFO    : Load resource configurations for das4.fs2_ssh
2018-04-03 05:26:40,975: rp.session.one.george.017624.0001: MainProcess                     : MainThread     : INFO    : Load resource configurations from /home/george/ve-matteo/local/lib/python2.7/site-packages/radical/pilot/configs/resource_radical.json
2018-04-03 05:26:40,979: rp.session.one.george.017624.0001: MainProcess                     : MainThread     : INFO    : Load resource configurations for radical.two
2018-04-03 05:26:40,979: rp.session.one.george.017624.0001: MainProcess                     : MainThread     : INFO    : Load resource configurations for radical.tutorial
2018-04-03 05:26:40,979: rp.session.one.george.017624.0001: MainProcess                     : MainThread     : INFO    : Load resource configurations for radical.one
2018-04-03 05:26:40,980: rp.session.one.george.017624.0001: MainProcess                     : MainThread     : INFO    : Load resource configurations from /home/george/ve-matteo/local/lib/python2.7/site-packages/radical/pilot/configs/resource_osg.json
2018-04-03 05:26:40,982: rp.session.one.george.017624.0001: MainProcess                     : MainThread     : INFO    : Load resource configurations for osg.xsede-virt-clust
2018-04-03 05:26:40,982: rp.session.one.george.017624.0001: MainProcess                     : MainThread     : INFO    : Load resource configurations for osg.connect
2018-04-03 05:26:40,983: rp.session.one.george.017624.0001: MainProcess                     : MainThread     : INFO    : Load resource configurations from /home/george/ve-matteo/local/lib/python2.7/site-packages/radical/pilot/configs/resource_yale.json
2018-04-03 05:26:40,984: rp.session.one.george.017624.0001: MainProcess                     : MainThread     : INFO    : Load resource configurations for yale.grace_ssh
2018-04-03 05:26:40,984: rp.session.one.george.017624.0001: MainProcess                     : MainThread     : INFO    : Load resource configurations from /home/george/ve-matteo/local/lib/python2.7/site-packages/radical/pilot/configs/resource_futuregrid.json
2018-04-03 05:26:40,990: rp.session.one.george.017624.0001: MainProcess                     : MainThread     : INFO    : Load resource configurations for futuregrid.delta_ssh
2018-04-03 05:26:40,990: rp.session.one.george.017624.0001: MainProcess                     : MainThread     : INFO    : Load resource configurations for futuregrid.india_ssh
2018-04-03 05:26:40,990: rp.session.one.george.017624.0001: MainProcess                     : MainThread     : INFO    : Load resource configurations for futuregrid.echo_ssh
2018-04-03 05:26:40,990: rp.session.one.george.017624.0001: MainProcess                     : MainThread     : INFO    : Load resource configurations for futuregrid.xray_ccm
2018-04-03 05:26:40,991: rp.session.one.george.017624.0001: MainProcess                     : MainThread     : INFO    : Load resource configurations for futuregrid.bravo_ssh
2018-04-03 05:26:40,991: rp.session.one.george.017624.0001: MainProcess                     : MainThread     : INFO    : Load resource configurations for futuregrid.xray_aprun
2018-04-03 05:26:40,991: rp.session.one.george.017624.0001: MainProcess                     : MainThread     : INFO    : Load resource configurations from /home/george/ve-matteo/local/lib/python2.7/site-packages/radical/pilot/configs/resource_lumc.json
2018-04-03 05:26:40,993: rp.session.one.george.017624.0001: MainProcess                     : MainThread     : INFO    : Load resource configurations for lumc.gb-ui_ssh
2018-04-03 05:26:40,994: rp.session.one.george.017624.0001: MainProcess                     : MainThread     : INFO    : Load resource configurations for lumc.shark_ssh
2018-04-03 05:26:40,994: rp.session.one.george.017624.0001: MainProcess                     : MainThread     : INFO    : Load resource configurations from /home/george/ve-matteo/local/lib/python2.7/site-packages/radical/pilot/configs/resource_local.json
2018-04-03 05:26:41,001: rp.session.one.george.017624.0001: MainProcess                     : MainThread     : INFO    : Load resource configurations for local.localhost_orte
2018-04-03 05:26:41,001: rp.session.one.george.017624.0001: MainProcess                     : MainThread     : INFO    : Load resource configurations for local.localhost_anaconda
2018-04-03 05:26:41,001: rp.session.one.george.017624.0001: MainProcess                     : MainThread     : INFO    : Load resource configurations for local.localhost_ortelib
2018-04-03 05:26:41,002: rp.session.one.george.017624.0001: MainProcess                     : MainThread     : INFO    : Load resource configurations for local.localhost
2018-04-03 05:26:41,002: rp.session.one.george.017624.0001: MainProcess                     : MainThread     : INFO    : Load resource configurations for local.localhost_spark
2018-04-03 05:26:41,002: rp.session.one.george.017624.0001: MainProcess                     : MainThread     : INFO    : Load resource configurations for local.localhost_spark_anaconda
2018-04-03 05:26:41,002: rp.session.one.george.017624.0001: MainProcess                     : MainThread     : INFO    : Load resource configurations for local.localhost_yarn
2018-04-03 05:26:41,002: rp.session.one.george.017624.0001: MainProcess                     : MainThread     : INFO    : Load resource configurations from /home/george/ve-matteo/local/lib/python2.7/site-packages/radical/pilot/configs/resource_fub.json
2018-04-03 05:26:41,004: rp.session.one.george.017624.0001: MainProcess                     : MainThread     : INFO    : Load resource configurations for fub.allegro_rsh
2018-04-03 05:26:41,004: rp.session.one.george.017624.0001: MainProcess                     : MainThread     : INFO    : Load resource configurations from /home/george/ve-matteo/local/lib/python2.7/site-packages/radical/pilot/configs/resource_iu.json
2018-04-03 05:26:41,006: rp.session.one.george.017624.0001: MainProcess                     : MainThread     : INFO    : Load resource configurations for iu.bigred2_ccm_ssh
2018-04-03 05:26:41,006: rp.session.one.george.017624.0001: MainProcess                     : MainThread     : INFO    : Load resource configurations for iu.bigred2_aprun
2018-04-03 05:26:41,007: rp.session.one.george.017624.0001: MainProcess                     : MainThread     : INFO    : Load resource configurations from /home/george/ve-matteo/local/lib/python2.7/site-packages/radical/pilot/configs/resource_ornl.json
2018-04-03 05:26:41,010: rp.session.one.george.017624.0001: MainProcess                     : MainThread     : INFO    : Load resource configurations for ornl.titan_orte
2018-04-03 05:26:41,011: rp.session.one.george.017624.0001: MainProcess                     : MainThread     : INFO    : Load resource configurations for ornl.titan_aprun
2018-04-03 05:26:41,011: rp.session.one.george.017624.0001: MainProcess                     : MainThread     : INFO    : Load resource configurations for ornl.titan_ortelib
2018-04-03 05:26:41,011: rp.session.one.george.017624.0001: MainProcess                     : MainThread     : INFO    : Load resource configurations from /home/george/ve-matteo/local/lib/python2.7/site-packages/radical/pilot/configs/resource_nersc.json
2018-04-03 05:26:41,018: rp.session.one.george.017624.0001: MainProcess                     : MainThread     : INFO    : Load resource configurations for nersc.edison_ccm_ssh
2018-04-03 05:26:41,019: rp.session.one.george.017624.0001: MainProcess                     : MainThread     : INFO    : Load resource configurations for nersc.hopper_orte
2018-04-03 05:26:41,019: rp.session.one.george.017624.0001: MainProcess                     : MainThread     : INFO    : Load resource configurations for nersc.hopper_ccm_ssh
2018-04-03 05:26:41,019: rp.session.one.george.017624.0001: MainProcess                     : MainThread     : INFO    : Load resource configurations for nersc.edison_aprun
2018-04-03 05:26:41,020: rp.session.one.george.017624.0001: MainProcess                     : MainThread     : INFO    : Load resource configurations for nersc.hopper_aprun
2018-04-03 05:26:41,020: rp.session.one.george.017624.0001: MainProcess                     : MainThread     : INFO    : Load resource configurations for nersc.edison_orte
2018-04-03 05:26:41,020: rp.session.one.george.017624.0001: MainProcess                     : MainThread     : INFO    : Load resource configurations from /home/george/ve-matteo/local/lib/python2.7/site-packages/radical/pilot/configs/resource_chameleon.json
2018-04-03 05:26:41,021: rp.session.one.george.017624.0001: MainProcess                     : MainThread     : INFO    : Load resource configurations for chameleon.cloud_vm_yarn
2018-04-03 05:26:41,021: rp.session.one.george.017624.0001: MainProcess                     : MainThread     : INFO    : Load resource configurations from /home/george/ve-matteo/local/lib/python2.7/site-packages/radical/pilot/configs/resource_ncar.json
2018-04-03 05:26:41,023: rp.session.one.george.017624.0001: MainProcess                     : MainThread     : INFO    : Load resource configurations for ncar.yellowstone_ssh
2018-04-03 05:26:41,023: rp.session.one.george.017624.0001: MainProcess                     : MainThread     : INFO    : Load resource configurations from /home/george/ve-matteo/local/lib/python2.7/site-packages/radical/pilot/configs/resource_ncsa.json
2018-04-03 05:26:41,028: rp.session.one.george.017624.0001: MainProcess                     : MainThread     : INFO    : Load resource configurations for ncsa.bw_orte
2018-04-03 05:26:41,029: rp.session.one.george.017624.0001: MainProcess                     : MainThread     : INFO    : Load resource configurations for ncsa.bw_ccm_ssh
2018-04-03 05:26:41,029: rp.session.one.george.017624.0001: MainProcess                     : MainThread     : INFO    : Load resource configurations for ncsa.bw_ortelib
2018-04-03 05:26:41,029: rp.session.one.george.017624.0001: MainProcess                     : MainThread     : INFO    : Load resource configurations for ncsa.bw_aprun
2018-04-03 05:26:41,030: rp.session.one.george.017624.0001: MainProcess                     : MainThread     : INFO    : Load resource configurations for ncsa.bw_local_orte
2018-04-03 05:26:41,030: rp.session.one.george.017624.0001: MainProcess                     : MainThread     : INFO    : Load resource configurations from /home/george/ve-matteo/local/lib/python2.7/site-packages/radical/pilot/configs/resource_aliases.json
2018-04-03 05:26:41,030: rp.session.one.george.017624.0001: MainProcess                     : MainThread     : INFO    : Load resource configurations from /home/george/ve-matteo/local/lib/python2.7/site-packages/radical/pilot/configs/resource_das5.json
2018-04-03 05:26:41,031: rp.session.one.george.017624.0001: MainProcess                     : MainThread     : INFO    : Load resource configurations for das5.fs1_ssh
2018-04-03 05:26:42,037: rp.session.one.george.017624.0001: MainProcess                     : MainThread     : INFO    : New Session created: rp.session.one.george.017624.0001.
2018-04-03 05:26:42,037: rp.session.one.george.017624.0001: MainProcess                     : MainThread     : DEBUG   : start bridges   : {u'control_pubsub': {u'bulk_size': 0, u'log_level': u'debug', u'stall_hwm': 1},
 u'log_pubsub': {u'bulk_size': 0, u'log_level': u'debug', u'stall_hwm': 1},
 u'state_pubsub': {u'bulk_size': 0, u'log_level': u'debug', u'stall_hwm': 1}}
2018-04-03 05:26:42,038: rp.session.one.george.017624.0001: MainProcess                     : MainThread     : INFO    : create bridge control_pubsub
2018-04-03 05:26:42,057: rp.session.one.george.017624.0001: MainProcess                     : MainThread     : INFO    : created bridge control_pubsub (control.pubsub.bridge.0000)
2018-04-03 05:26:42,057: rp.session.one.george.017624.0001: MainProcess                     : MainThread     : INFO    : create bridge state_pubsub
2018-04-03 05:26:42,069: rp.session.one.george.017624.0001: MainProcess                     : MainThread     : INFO    : created bridge state_pubsub (state.pubsub.bridge.0000)
2018-04-03 05:26:42,069: rp.session.one.george.017624.0001: MainProcess                     : MainThread     : INFO    : create bridge log_pubsub
2018-04-03 05:26:42,083: rp.session.one.george.017624.0001: MainProcess                     : MainThread     : INFO    : created bridge log_pubsub (log.pubsub.bridge.0000)
2018-04-03 05:26:42,083: rp.session.one.george.017624.0001: MainProcess                     : MainThread     : DEBUG   : start components: {u'UpdateWorker': {u'count': 1}}
2018-04-03 05:26:42,083: rp.session.one.george.017624.0001: MainProcess                     : MainThread     : DEBUG   : start 1 component(s) UpdateWorker
2018-04-03 05:26:42,803: rp.session.one.george.017624.0001: MainProcess                     : MainThread     : INFO    : rp.session.one.george.017624.0001 starts update.0
2018-04-03 05:26:43,274: rp.session.one.george.017624.0001: MainProcess                     : MainThread     : DEBUG   : rsup.PTYShell('gsissh://supermic.cct-lsu.xsede.org:2222/')
2018-04-03 05:26:47,983: rp.session.one.george.017624.0001: MainProcess                     : MainThread     : DEBUG   : sandbox base gsissh://supermic.cct-lsu.xsede.org:2222/: '/work/gchantzi'
2018-04-03 05:26:48,183: rp.session.one.george.017624.0001: MainProcess                     : MainThread     : DEBUG   : bulk pilot insert result: {'nModified': 0, 'nUpserted': 0, 'nMatched': 0, 'writeErrors': [], 'upserted': [], 'writeConcernErrors': [], 'nRemoved': 0, 'nInserted': 1}
2018-04-03 05:26:48,191: rp.session.one.george.017624.0001: pmgr.0000.launching.0           : MainThread     : DEBUG   : rsup.PTYShell('gsissh://supermic.cct-lsu.xsede.org:2222/')
2018-04-03 05:26:49,241: rp.session.one.george.017624.0001: MainProcess                     : MainThread     : DEBUG   : bulk unit insert result: {'nModified': 0, 'nUpserted': 0, 'nMatched': 0, 'writeErrors': [], 'upserted': [], 'writeConcernErrors': [], 'nRemoved': 0, 'nInserted': 1}
2018-04-03 05:26:49,819: rp.session.one.george.017624.0001: pmgr.0000.launching.0           : MainThread     : DEBUG   : sandbox base gsissh://supermic.cct-lsu.xsede.org:2222/: '/work/gchantzi'
2018-04-03 05:39:46,270: rp.session.one.george.017624.0001: MainProcess                     : MainThread     : DEBUG   : session rp.session.one.george.017624.0001 closing
2018-04-03 05:39:46,270: rp.session.one.george.017624.0001: MainProcess                     : MainThread     : DEBUG   : session rp.session.one.george.017624.0001 closes umgr   umgr.0000
2018-04-03 05:39:54,163: rp.session.one.george.017624.0001: MainProcess                     : MainThread     : DEBUG   : session rp.session.one.george.017624.0001 closed umgr   umgr.0000
2018-04-03 05:39:54,163: rp.session.one.george.017624.0001: MainProcess                     : MainThread     : DEBUG   : session rp.session.one.george.017624.0001 closes pmgr   pmgr.0000
2018-04-03 05:39:57,113: rp.session.one.george.017624.0001: MainProcess                     : MainThread     : DEBUG   : session rp.session.one.george.017624.0001 closed pmgr   pmgr.0000
2018-04-03 05:39:57,114: rp.session.one.george.017624.0001: MainProcess                     : MainThread     : DEBUG   : session rp.session.one.george.017624.0001 closes comp   update.0
2018-04-03 05:39:57,114: rp.session.one.george.017624.0001: MainProcess                     : MainThread     : DEBUG   :  === update.0 stop called
2018-04-03 05:39:57,202: rp.session.one.george.017624.0001: update.0                        : MainThread     : DEBUG   :  === update.0.child stop called
2018-04-03 05:39:57,390: rp.session.one.george.017624.0001: update.0                        : MainThread     : DEBUG   :  === update.0.child stop called
2018-04-03 05:39:57,423: rp.session.one.george.017624.0001: MainProcess                     : MainThread     : DEBUG   : session rp.session.one.george.017624.0001 closed comp   update.0
2018-04-03 05:39:57,423: rp.session.one.george.017624.0001: MainProcess                     : MainThread     : DEBUG   : session rp.session.one.george.017624.0001 closes bridge control.pubsub.bridge.0000
2018-04-03 05:39:58,393: rp.session.one.george.017624.0001: MainProcess                     : MainThread     : DEBUG   : session rp.session.one.george.017624.0001 closed bridge control.pubsub.bridge.0000
2018-04-03 05:39:58,393: rp.session.one.george.017624.0001: MainProcess                     : MainThread     : DEBUG   : session rp.session.one.george.017624.0001 closes bridge state.pubsub.bridge.0000
2018-04-03 05:39:59,423: rp.session.one.george.017624.0001: MainProcess                     : MainThread     : DEBUG   : session rp.session.one.george.017624.0001 closed bridge state.pubsub.bridge.0000
2018-04-03 05:39:59,423: rp.session.one.george.017624.0001: MainProcess                     : MainThread     : DEBUG   : session rp.session.one.george.017624.0001 closes bridge log.pubsub.bridge.0000
2018-04-03 05:39:59,954: rp.session.one.george.017624.0001: MainProcess                     : MainThread     : DEBUG   : session rp.session.one.george.017624.0001 closed bridge log.pubsub.bridge.0000
2018-04-03 05:39:59,954: rp.session.one.george.017624.0001: MainProcess                     : MainThread     : DEBUG   : session rp.session.one.george.017624.0001 closes db (False)
2018-04-03 05:39:59,954: rp.session.one.george.017624.0001: MainProcess                     : MainThread     : DEBUG   : session rp.session.one.george.017624.0001 closed (delete=False)
2018-04-03 05:39:59,994: rp.session.one.george.017624.0001: MainProcess                     : MainThread     : DEBUG   :  === update.0 stop called
2018-04-03 05:40:00,000: rp.session.one.george.017624.0001: MainProcess                     : MainThread     : DEBUG   : start download
2018-04-03 05:40:01,065: rp.session.one.george.017624.0001: MainProcess                     : MainThread     : INFO    : session written to /home/george/launch-methods-project/mpi-exec/rp.session.one.george.017624.0001/rp.session.one.george.017624.0001.json
2018-04-03 05:40:01,575: rp.session.one.george.017624.0001: MainProcess                     : MainThread     : DEBUG   : Session: rp.session.one.george.017624.0001
2018-04-03 05:40:01,575: rp.session.one.george.017624.0001: MainProcess                     : MainThread     : DEBUG   : Number of pilots in session: 1
2018-04-03 05:40:01,575: rp.session.one.george.017624.0001: MainProcess                     : MainThread     : DEBUG   : processing pilot 'pilot.0000'
2018-04-03 05:40:03,471: rp.session.one.george.017624.0001: MainProcess                     : MainThread     : INFO    : profiles tarball exists
2018-04-03 05:40:03,471: rp.session.one.george.017624.0001: MainProcess                     : MainThread     : INFO    : fetch 'gsisftp://supermic.cct-lsu.xsede.org:2222/work/gchantzi/radical.pilot.sandbox/rp.session.one.george.017624.0001/pilot.0000/pilot.0000.prof.tgz' to 'file://localhost/home/george/launch-methods-project/mpi-exec/rp.session.one.george.017624.0001/'.
2018-04-03 05:40:06,062: rp.session.one.george.017624.0001: MainProcess                     : MainThread     : INFO    : Extract tarball /home/george/launch-methods-project/mpi-exec/rp.session.one.george.017624.0001/pilot.0000.prof.tgz to '/home/george/launch-methods-project/mpi-exec/rp.session.one.george.017624.0001/'.
2018-04-03 05:40:06,624: rp.session.one.george.017624.0001: MainProcess                     : MainThread     : INFO    : Session: rp.session.one.george.017624.0001
2018-04-03 05:40:06,625: rp.session.one.george.017624.0001: MainProcess                     : MainThread     : INFO    : Number of pilots in session: 1
2018-04-03 05:40:07,346: rp.session.one.george.017624.0001: MainProcess                     : MainThread     : INFO    : logfiles tarball exists
2018-04-03 05:40:07,347: rp.session.one.george.017624.0001: MainProcess                     : MainThread     : INFO    : Fetching 'gsisftp://supermic.cct-lsu.xsede.org:2222/work/gchantzi/radical.pilot.sandbox/rp.session.one.george.017624.0001/pilot.0000/pilot.0000.log.tgz' to 'file://localhost/home/george/launch-methods-project/mpi-exec/rp.session.one.george.017624.0001/'.
2018-04-03 05:40:09,241: rp.session.one.george.017624.0001: MainProcess                     : MainThread     : DEBUG   : Extract tarball /home/george/launch-methods-project/mpi-exec/rp.session.one.george.017624.0001/pilot.0000.log.tgz to /home/george/launch-methods-project/mpi-exec/rp.session.one.george.017624.0001/
2018-04-03 05:40:09,254: rp.session.one.george.017624.0001: MainProcess                     : MainThread     : INFO    : tarball /home/george/launch-methods-project/mpi-exec/rp.session.one.george.017624.0001/pilot.0000.log.tgz extracted to '/home/george/launch-methods-project/mpi-exec/rp.session.one.george.017624.0001//pilot.0000/'.
