2018-04-04 02:36:01,126: control.pubsub.sub.0000: update.0                        : MainThread     : INFO    : python.interpreter   version: 2.7.14 (default, Sep 23 2017, 22:06:14) [GCC 7.2.0]
2018-04-04 02:36:01,151: control.pubsub.sub.0000: update.0                        : MainThread     : INFO    :                      pid: 24379
2018-04-04 02:36:01,152: control.pubsub.sub.0000: update.0                        : MainThread     : INFO    :                      tid: MainThread
2018-04-04 02:36:01,152: control.pubsub.sub.0000: update.0                        : MainThread     : INFO    : radical.pilot        version: 0.47-0.47-14-gb1dff8bd@devel
2018-04-04 02:36:01,152: control.pubsub.sub.0000: update.0                        : MainThread     : INFO    : create control_pubsub - sub - tcp://144.76.72.175:42389
2018-04-04 02:36:01,152: control.pubsub.sub.0000: update.0                        : MainThread     : DEBUG   : start process
2018-04-04 02:36:01,153: control.pubsub.sub.0000: update.0                        : MainThread     : DEBUG   : ru_initialize_common (NOOP)
2018-04-04 02:36:01,153: control.pubsub.sub.0000: update.0                        : MainThread     : DEBUG   : ru_initialize_parent (NOOP)
2018-04-04 02:36:01,153: control.pubsub.sub.0000: update.0                        : MainThread     : DEBUG   : process class started (no child)
2018-04-04 02:36:01,751: control.pubsub.sub.0000: pmgr.0000.launching.0           : MainThread     : INFO    : python.interpreter   version: 2.7.14 (default, Sep 23 2017, 22:06:14) [GCC 7.2.0]
2018-04-04 02:36:01,751: control.pubsub.sub.0000: pmgr.0000.launching.0           : MainThread     : INFO    :                      pid: 24411
2018-04-04 02:36:01,751: control.pubsub.sub.0000: pmgr.0000.launching.0           : MainThread     : INFO    :                      tid: MainThread
2018-04-04 02:36:01,751: control.pubsub.sub.0000: pmgr.0000.launching.0           : MainThread     : INFO    : radical.pilot        version: 0.47-0.47-14-gb1dff8bd@devel
2018-04-04 02:36:01,751: control.pubsub.sub.0000: pmgr.0000.launching.0           : MainThread     : INFO    : create control_pubsub - sub - tcp://144.76.72.175:42389
2018-04-04 02:36:01,752: control.pubsub.sub.0000: pmgr.0000.launching.0           : MainThread     : DEBUG   : start process
2018-04-04 02:36:01,752: control.pubsub.sub.0000: pmgr.0000.launching.0           : MainThread     : DEBUG   : ru_initialize_common (NOOP)
2018-04-04 02:36:01,752: control.pubsub.sub.0000: pmgr.0000.launching.0           : MainThread     : DEBUG   : ru_initialize_parent (NOOP)
2018-04-04 02:36:01,752: control.pubsub.sub.0000: pmgr.0000.launching.0           : MainThread     : DEBUG   : process class started (no child)
2018-04-04 02:36:01,802: control.pubsub.sub.0000: MainProcess                     : MainThread     : INFO    : python.interpreter   version: 2.7.14 (default, Sep 23 2017, 22:06:14) [GCC 7.2.0]
2018-04-04 02:36:01,803: control.pubsub.sub.0000: MainProcess                     : MainThread     : INFO    :                      pid: 24327
2018-04-04 02:36:01,803: control.pubsub.sub.0000: MainProcess                     : MainThread     : INFO    :                      tid: MainThread
2018-04-04 02:36:01,803: control.pubsub.sub.0000: MainProcess                     : MainThread     : INFO    : radical.pilot        version: 0.47-0.47-14-gb1dff8bd@devel
2018-04-04 02:36:01,803: control.pubsub.sub.0000: MainProcess                     : MainThread     : INFO    : create control_pubsub - sub - tcp://144.76.72.175:42389
2018-04-04 02:36:01,803: control.pubsub.sub.0000: MainProcess                     : MainThread     : DEBUG   : start process
2018-04-04 02:36:01,803: control.pubsub.sub.0000: MainProcess                     : MainThread     : DEBUG   : ru_initialize_common (NOOP)
2018-04-04 02:36:01,803: control.pubsub.sub.0000: MainProcess                     : MainThread     : DEBUG   : ru_initialize_parent (NOOP)
2018-04-04 02:36:01,803: control.pubsub.sub.0000: MainProcess                     : MainThread     : DEBUG   : process class started (no child)
2018-04-04 02:49:52,813: control.pubsub.sub.0000: MainProcess                     : MainThread     : INFO    : parent stops child  24327 -> None [control.pubsub.sub.0000]
2018-04-04 02:49:52,813: control.pubsub.sub.0000: MainProcess                     : MainThread     : DEBUG   : ru_finalize_parent (NOOP)
2018-04-04 02:49:52,931: control.pubsub.sub.0000: update.0                        : MainThread     : INFO    : parent stops child  24379 -> None [control.pubsub.sub.0000]
2018-04-04 02:49:52,931: control.pubsub.sub.0000: update.0                        : MainThread     : DEBUG   : ru_finalize_parent (NOOP)
