2018-04-04 02:36:06,923: radical.saga.pty    : pmgr.0000.launching.0           : MainThread     : INFO    : python.interpreter   version: 2.7.14 (default, Sep 23 2017, 22:06:14) [GCC 7.2.0]
2018-04-04 02:36:06,923: radical.saga.pty    : pmgr.0000.launching.0           : MainThread     : INFO    :                      pid: 24411
2018-04-04 02:36:06,923: radical.saga.pty    : pmgr.0000.launching.0           : MainThread     : INFO    :                      tid: MainThread
2018-04-04 02:36:06,923: radical.saga.pty    : pmgr.0000.launching.0           : MainThread     : DEBUG   : PTYShell init <saga.utils.pty_shell.PTYShell object at 0x7f09be557ed0>
2018-04-04 02:36:06,925: radical.saga.pty    : pmgr.0000.launching.0           : MainThread     : INFO    : PTY prompt pattern: [\$#%>\]]\s*$
2018-04-04 02:36:06,926: radical.saga.pty    : pmgr.0000.launching.0           : MainThread     : INFO    : ssh copy  mode set to 'sftp'
2018-04-04 02:36:06,926: radical.saga.pty    : pmgr.0000.launching.0           : MainThread     : INFO    : ssh share mode set to 'auto'
2018-04-04 02:36:06,926: radical.saga.pty    : pmgr.0000.launching.0           : MainThread     : INFO    : ssh timeout    set to '10.0'
2018-04-04 02:36:06,927: radical.saga.pty    : pmgr.0000.launching.0           : MainThread     : DEBUG   : SSH Connection M_FLAGS: -o ControlMaster=auto -o ControlPath=/tmp/saga_ssh_george_%h_%p.ctrl -o TCPKeepAlive=no  -o ServerAliveInterval=10 -o ServerAliveCountMax=20 -o ConnectTimeout=10
2018-04-04 02:36:06,927: radical.saga.pty    : pmgr.0000.launching.0           : MainThread     : DEBUG   : SSH Connection S_FLAGS: -o ControlMaster=auto -o ControlPath=/tmp/saga_ssh_george_%h_%p.ctrl -o TCPKeepAlive=no  -o ServerAliveInterval=10 -o ServerAliveCountMax=20 -o ConnectTimeout=10
2018-04-04 02:36:06,927: radical.saga.pty    : pmgr.0000.launching.0           : MainThread     : DEBUG   : open master pty for [ssh] [supermic.cct-lsu.xsede.org] george: /usr/bin/env TERM=vt100 X509_USER_PROXY='/tmp/x509up_u1012'  "/usr/bin/gsissh" -t -o IdentityFile=/home/george/.ssh/id_rsa -o Port=2222  -o ControlMaster=auto -o ControlPath=/tmp/saga_ssh_george_%h_%p.ctrl -o TCPKeepAlive=no  -o ServerAliveInterval=10 -o ServerAliveCountMax=20 -o ConnectTimeout=10 supermic.cct-lsu.xsede.org'
2018-04-04 02:36:06,927: radical.saga.pty    : pmgr.0000.launching.0           : MainThread     : DEBUG   : PTYProcess init <saga.utils.pty_process.PTYProcess object at 0x7f09bc656310>
2018-04-04 02:36:06,928: radical.saga.pty    : pmgr.0000.launching.0           : MainThread     : INFO    : running: /usr/bin/env TERM=vt100 X509_USER_PROXY=/tmp/x509up_u1012 /usr/bin/gsissh -t -o IdentityFile=/home/george/.ssh/id_rsa -o Port=2222 -o ControlMaster=auto -o ControlPath=/tmp/saga_ssh_george_%h_%p.ctrl -o TCPKeepAlive=no -o ServerAliveInterval=10 -o ServerAliveCountMax=20 -o ConnectTimeout=10 supermic.cct-lsu.xsede.org
2018-04-04 02:36:06,929: radical.saga.pty    : pmgr.0000.launching.0           : MainThread     : DEBUG   : write: [  125] [   51] ( export PROMPT_COMMAND='' PS1='$' ; set prompt='$'\n)
2018-04-04 02:36:07,201: radical.saga.pty    : pmgr.0000.launching.0           : MainThread     : DEBUG   : read : [  125] [ 1569] (Last login: Tue Apr  3 19:36:0 ... **************************\n\n)
2018-04-04 02:36:07,204: radical.saga.pty    : pmgr.0000.launching.0           : MainThread     : DEBUG   : got initial shell prompt (6) (Last login: Tue Apr  3 19:36:05 2018 from 144.76.72.175
##############################################################################)
2018-04-04 02:36:07,204: radical.saga.pty    : pmgr.0000.launching.0           : MainThread     : DEBUG   : Got initial shell prompt (6) (Last login: Tue Apr  3 19:36:05 2018 from 144.76.72.175
##############################################################################)
2018-04-04 02:36:07,204: radical.saga.pty    : pmgr.0000.launching.0           : MainThread     : DEBUG   : PTYProcess init <saga.utils.pty_process.PTYProcess object at 0x7f09bc656510>
2018-04-04 02:36:07,205: radical.saga.pty    : pmgr.0000.launching.0           : MainThread     : INFO    : running: /usr/bin/env TERM=vt100 X509_USER_PROXY=/tmp/x509up_u1012 /usr/bin/gsissh -t -o IdentityFile=/home/george/.ssh/id_rsa -o Port=2222 -o ControlMaster=auto -o ControlPath=/tmp/saga_ssh_george_%h_%p.ctrl -o TCPKeepAlive=no -o ServerAliveInterval=10 -o ServerAliveCountMax=20 -o ConnectTimeout=10 supermic.cct-lsu.xsede.org
2018-04-04 02:36:07,208: radical.saga.pty    : pmgr.0000.launching.0           : MainThread     : DEBUG   : write: [  139] [   51] ( export PROMPT_COMMAND='' PS1='$' ; set prompt='$'\n)
2018-04-04 02:36:07,485: radical.saga.pty    : pmgr.0000.launching.0           : MainThread     : DEBUG   : read : [  139] [ 1569] (Last login: Tue Apr  3 19:36:0 ... **************************\n\n)
2018-04-04 02:36:07,487: radical.saga.pty    : pmgr.0000.launching.0           : MainThread     : DEBUG   : got initial shell prompt (6) (Last login: Tue Apr  3 19:36:07 2018 from 144.76.72.175
##############################################################################)
2018-04-04 02:36:07,487: radical.saga.pty    : pmgr.0000.launching.0           : MainThread     : DEBUG   : Got initial shell prompt (6) (Last login: Tue Apr  3 19:36:07 2018 from 144.76.72.175
##############################################################################)
2018-04-04 02:36:07,487: radical.saga.pty    : pmgr.0000.launching.0           : MainThread     : DEBUG   :  ===     1 : <saga.utils.pty_process.PTYProcess object at 0x7f09bc656510> : init : ['/usr/bin/env', 'TERM=vt100', 'X509_USER_PROXY=/tmp/x509up_u1012', '/usr/bin/gsissh', '-t', '-o', 'IdentityFile=/home/george/.ssh/id_rsa', '-o', 'Port=2222', '-o', 'ControlMaster=auto', '-o', 'ControlPath=/tmp/saga_ssh_george_%h_%p.ctrl', '-o', 'TCPKeepAlive=no', '-o', 'ServerAliveInterval=10', '-o', 'ServerAliveCountMax=20', '-o', 'ConnectTimeout=10', 'supermic.cct-lsu.xsede.org']
2018-04-04 02:36:07,487: radical.saga.pty    : pmgr.0000.launching.0           : MainThread     : DEBUG   : running command shell: exec /bin/sh -i
2018-04-04 02:36:07,487: radical.saga.pty    : pmgr.0000.launching.0           : MainThread     : DEBUG   : write: [  139] [   30] ( stty -echo ; exec /bin/sh -i\n)
2018-04-04 02:36:07,487: radical.saga.pty    : pmgr.0000.launching.0           : MainThread     : DEBUG   :  ===     1 : <saga.utils.pty_process.PTYProcess object at 0x7f09bc656510> : run async :  set HISTFILE=$HOME/.saga_history; PS1='PROMPT-$?->'; PS2=''; PROMPT_COMMAND=''; export PS1 PS2 PROMPT_COMMAND 2>&1 >/dev/null; cd $HOME 2>&1 >/dev/null

2018-04-04 02:36:07,487: radical.saga.pty    : pmgr.0000.launching.0           : MainThread     : DEBUG   : flush: [  139] [     ] (flush pty read cache)
2018-04-04 02:36:07,487: radical.saga.pty    : pmgr.0000.launching.0           : MainThread     : WARNING : flush: [  139] [ 1250] (discard data: '
SuperMIC at LSU (Open for general use) 

23-Sep-2014

SuperMIC is a 1.08 PetaFlop Peak Performance Xeon Phi accelerated cluster.  SuperMIC
has 360 nodes each with 20 Intel Ivybridge 2.8 GHz cores, 64 GB of RAM, and two 
Intel Xeon Phi 7120P co-processors. There are 20 nodes that have NVIDIA K20X GPUs.
This cluster is 40% allocated to the XSEDE user community an 60% dedicated to
authorized users of the LSU community.  Access is restricted to those who meet 
the criteria as stated on our website.

Quotas for the /home volume are enabled at 5 GB.  Please do
not use the /home volume for batch job I/O, use the /work volume 
instead.  Please limit the number of files per directory to 10,000.
No disk GB quotas are in effect for the /work volume, but files are purged that 
are older than 60 days.  There are quotas on file counts.  Manage your files,
but it is against our policy to blatantly circumvent the purge procedure.  
Misconfigured jobs that are wasting CPU resources are subject to deletion.

********************************************************************************
Allocations are required.  Using the -A qsub option to specify your allocation.
********************************************************************************

')
2018-04-04 02:36:07,588: radical.saga.pty    : pmgr.0000.launching.0           : MainThread     : DEBUG   : write: [  139] [  152] (set HISTFILE=$HOME/.saga_history; PS1='PROMPT-$?->'; PS2=''; PROMPT_COMMAND=''; export PS1 PS2 PROMPT_COMMAND 2>&1 >/dev/null; cd $HOME 2>&1 >/dev/null\n)
2018-04-04 02:36:08,206: radical.saga.pty    : pmgr.0000.launching.0           : MainThread     : DEBUG   : read : [  139] [   21] ([gchantzi@smic1 ~]$ $)
2018-04-04 02:36:08,222: radical.saga.pty    : pmgr.0000.launching.0           : MainThread     : DEBUG   : read : [  139] [    1] ($)
2018-04-04 02:36:08,223: radical.saga.pty    : pmgr.0000.launching.0           : MainThread     : DEBUG   : read : [  139] [   10] (PROMPT-0->)
2018-04-04 02:36:08,223: radical.saga.pty    : pmgr.0000.launching.0           : MainThread     : DEBUG   : got new shell prompt
2018-04-04 02:36:08,223: radical.saga.pty    : pmgr.0000.launching.0           : MainThread     : DEBUG   : flush: [  139] [     ] (flush pty read cache)
2018-04-04 02:36:08,323: radical.saga.pty    : pmgr.0000.launching.0           : MainThread     : DEBUG   :  ===     1 : <saga.utils.pty_process.PTYProcess object at 0x7f09bc656510> : run sync  :  echo "WORKDIR: /work/$USER"
2018-04-04 02:36:08,323: radical.saga.pty    : pmgr.0000.launching.0           : MainThread     : DEBUG   : flush: [  139] [     ] (flush pty read cache)
2018-04-04 02:36:08,424: radical.saga.pty    : pmgr.0000.launching.0           : MainThread     : DEBUG   : run_sync: echo "WORKDIR: /work/$USER"
2018-04-04 02:36:08,424: radical.saga.pty    : pmgr.0000.launching.0           : MainThread     : DEBUG   : write: [  139] [   28] (echo "WORKDIR: /work/$USER"\n)
2018-04-04 02:36:08,558: radical.saga.pty    : pmgr.0000.launching.0           : MainThread     : DEBUG   : read : [  139] [   35] (WORKDIR: /work/gchantzi\nPROMPT-0->)
2018-04-04 02:36:08,559: radical.saga.pty    : pmgr.0000.launching.0           : MainThread     : DEBUG   : PTYShell del  <saga.utils.pty_shell.PTYShell object at 0x7f09be557ed0>
2018-04-04 02:36:08,659: radical.saga.pty    : pmgr.0000.launching.0           : MainThread     : DEBUG   : PTYProcess del  <saga.utils.pty_process.PTYProcess object at 0x7f09bc656510>
2018-04-04 02:36:08,704: radical.saga.pty    : pmgr.0000.launching.0           : MainThread     : DEBUG   : PTYProcess init <saga.utils.pty_process.PTYProcess object at 0x7f09bec8e850>
2018-04-04 02:36:08,704: radical.saga.pty    : pmgr.0000.launching.0           : MainThread     : INFO    : running: /usr/bin/env TERM=vt100 X509_USER_PROXY=/tmp/x509up_u1012 /usr/bin/gsissh -t -o IdentityFile=/home/george/.ssh/id_rsa -o Port=2222 -o ControlMaster=auto -o ControlPath=/tmp/saga_ssh_george_%h_%p.ctrl -o TCPKeepAlive=no -o ServerAliveInterval=10 -o ServerAliveCountMax=20 -o ConnectTimeout=10 supermic.cct-lsu.xsede.org
2018-04-04 02:36:08,706: radical.saga.pty    : pmgr.0000.launching.0           : MainThread     : DEBUG   : write: [  139] [   51] ( export PROMPT_COMMAND='' PS1='$' ; set prompt='$'\n)
2018-04-04 02:36:08,977: radical.saga.pty    : pmgr.0000.launching.0           : MainThread     : DEBUG   : read : [  139] [ 1569] (Last login: Tue Apr  3 19:36:0 ... **************************\n\n)
2018-04-04 02:36:08,980: radical.saga.pty    : pmgr.0000.launching.0           : MainThread     : DEBUG   : got initial shell prompt (6) (Last login: Tue Apr  3 19:36:08 2018 from 144.76.72.175
##############################################################################)
2018-04-04 02:36:08,980: radical.saga.pty    : pmgr.0000.launching.0           : MainThread     : DEBUG   : Got initial shell prompt (6) (Last login: Tue Apr  3 19:36:08 2018 from 144.76.72.175
##############################################################################)
2018-04-04 02:36:08,980: radical.saga.pty    : pmgr.0000.launching.0           : MainThread     : DEBUG   : write: [  139] [   30] ( stty -echo ; exec /bin/sh -i\n)
2018-04-04 02:36:08,981: radical.saga.pty    : pmgr.0000.launching.0           : MainThread     : DEBUG   : flush: [  139] [     ] (flush pty read cache)
2018-04-04 02:36:08,981: radical.saga.pty    : pmgr.0000.launching.0           : MainThread     : WARNING : flush: [  139] [ 1250] (discard data: '
SuperMIC at LSU (Open for general use) 

23-Sep-2014

SuperMIC is a 1.08 PetaFlop Peak Performance Xeon Phi accelerated cluster.  SuperMIC
has 360 nodes each with 20 Intel Ivybridge 2.8 GHz cores, 64 GB of RAM, and two 
Intel Xeon Phi 7120P co-processors. There are 20 nodes that have NVIDIA K20X GPUs.
This cluster is 40% allocated to the XSEDE user community an 60% dedicated to
authorized users of the LSU community.  Access is restricted to those who meet 
the criteria as stated on our website.

Quotas for the /home volume are enabled at 5 GB.  Please do
not use the /home volume for batch job I/O, use the /work volume 
instead.  Please limit the number of files per directory to 10,000.
No disk GB quotas are in effect for the /work volume, but files are purged that 
are older than 60 days.  There are quotas on file counts.  Manage your files,
but it is against our policy to blatantly circumvent the purge procedure.  
Misconfigured jobs that are wasting CPU resources are subject to deletion.

********************************************************************************
Allocations are required.  Using the -A qsub option to specify your allocation.
********************************************************************************

')
2018-04-04 02:36:09,082: radical.saga.pty    : pmgr.0000.launching.0           : MainThread     : DEBUG   : write: [  139] [  152] (set HISTFILE=$HOME/.saga_history; PS1='PROMPT-$?->'; PS2=''; PROMPT_COMMAND=''; export PS1 PS2 PROMPT_COMMAND 2>&1 >/dev/null; cd $HOME 2>&1 >/dev/null\n)
2018-04-04 02:36:09,706: radical.saga.pty    : pmgr.0000.launching.0           : MainThread     : DEBUG   : read : [  139] [   21] ([gchantzi@smic1 ~]$ $)
2018-04-04 02:36:09,722: radical.saga.pty    : pmgr.0000.launching.0           : MainThread     : DEBUG   : read : [  139] [    1] ($)
2018-04-04 02:36:09,723: radical.saga.pty    : pmgr.0000.launching.0           : MainThread     : DEBUG   : read : [  139] [   10] (PROMPT-0->)
2018-04-04 02:36:09,723: radical.saga.pty    : pmgr.0000.launching.0           : MainThread     : DEBUG   : flush: [  139] [     ] (flush pty read cache)
2018-04-04 02:36:09,825: radical.saga.pty    : pmgr.0000.launching.0           : MainThread     : DEBUG   : flush: [  139] [     ] (flush pty read cache)
2018-04-04 02:36:09,926: radical.saga.pty    : pmgr.0000.launching.0           : MainThread     : DEBUG   : write: [  139] [   32] (cd / &&  test -d  '/' && cd '/'\n)
2018-04-04 02:36:10,060: radical.saga.pty    : pmgr.0000.launching.0           : MainThread     : DEBUG   : read : [  139] [   10] (PROMPT-0->)
2018-04-04 02:36:10,062: radical.saga.pty    : pmgr.0000.launching.0           : MainThread     : DEBUG   : flush: [  139] [     ] (flush pty read cache)
2018-04-04 02:36:10,163: radical.saga.pty    : pmgr.0000.launching.0           : MainThread     : DEBUG   : write: [  139] [  106] (mkdir -p / && cd / &&  mkdir -p '/work/gchantzi/radical.pilot.sandbox/rp.session.one.george.017625.0001/'\n)
2018-04-04 02:36:10,305: radical.saga.pty    : pmgr.0000.launching.0           : MainThread     : DEBUG   : read : [  139] [   10] (PROMPT-0->)
2018-04-04 02:36:10,306: radical.saga.pty    : pmgr.0000.launching.0           : MainThread     : DEBUG   : flush: [  139] [     ] (flush pty read cache)
2018-04-04 02:36:10,407: radical.saga.pty    : pmgr.0000.launching.0           : MainThread     : DEBUG   : PTYProcess init <saga.utils.pty_process.PTYProcess object at 0x7f09ac7f7790>
2018-04-04 02:36:10,408: radical.saga.pty    : pmgr.0000.launching.0           : MainThread     : INFO    : running: /usr/bin/env TERM=vt100 X509_USER_PROXY=/tmp/x509up_u1012 /usr/bin/gsisftp -o IdentityFile=/home/george/.ssh/id_rsa -o Port=2222 -o ControlMaster=auto -o ControlPath=/tmp/saga_ssh_george_%h_%p.ctrl -o TCPKeepAlive=no -o ServerAliveInterval=10 -o ServerAliveCountMax=20 -o ConnectTimeout=10 supermic.cct-lsu.xsede.org
2018-04-04 02:36:11,368: radical.saga.pty    : pmgr.0000.launching.0           : MainThread     : DEBUG   : read : [  151] [   42] (Connected to supermic.cct-lsu.xsede.org.\n)
2018-04-04 02:36:11,501: radical.saga.pty    : pmgr.0000.launching.0           : MainThread     : DEBUG   : read : [  151] [    6] (sftp> )
2018-04-04 02:36:11,502: radical.saga.pty    : pmgr.0000.launching.0           : MainThread     : DEBUG   : got initial shell prompt (6) (Connected to supermic.cct-lsu.xsede.org.
sftp> )
2018-04-04 02:36:11,502: radical.saga.pty    : pmgr.0000.launching.0           : MainThread     : DEBUG   : Got initial shell prompt (6) (Connected to supermic.cct-lsu.xsede.org.
sftp> )
2018-04-04 02:36:11,502: radical.saga.pty    : pmgr.0000.launching.0           : MainThread     : DEBUG   : flush: [  151] [     ] (flush pty read cache)
2018-04-04 02:36:11,603: radical.saga.pty    : pmgr.0000.launching.0           : MainThread     : DEBUG   : flush: [  151] [     ] (flush pty read cache)
2018-04-04 02:36:11,704: radical.saga.pty    : pmgr.0000.launching.0           : MainThread     : DEBUG   : write: [  151] [  241] (mput "//tmp/rp_agent_tar_dirA5FXtZ/rp.session.one.george.017625.0001.pmgr.0000.launching.0.child.tgz" "/work/gchantzi/radical.pilot.sandbox/rp.session.one.george.017625.0001/rp.session.one.george.017625.0001.pmgr.0000.launching.0.child.tgz"\n)
2018-04-04 02:36:11,705: radical.saga.pty    : pmgr.0000.launching.0           : MainThread     : DEBUG   : read : [  151] [   20] (mput "//tmp/rp_agent)
2018-04-04 02:36:11,705: radical.saga.pty    : pmgr.0000.launching.0           : MainThread     : DEBUG   : read : [  151] [  116] (_tar_dirA5FXtZ/rp.session.one.george.017625.0001.pmgr. 0000.launching.0.child.tgz" "/work/gchantzi/radical.pilot.sa)
2018-04-04 02:36:11,705: radical.saga.pty    : pmgr.0000.launching.0           : MainThread     : DEBUG   : read : [  151] [   44] (ndbox/rp.session.one .george.017625.0001/rp)
2018-04-04 02:36:11,706: radical.saga.pty    : pmgr.0000.launching.0           : MainThread     : DEBUG   : read : [  151] [   36] (.session.one.george.017625.0001.pmgr)
2018-04-04 02:36:11,706: radical.saga.pty    : pmgr.0000.launching.0           : MainThread     : DEBUG   : read : [  151] [   32] (.0000.launching.0.chil d.tgz"\n)
2018-04-04 02:36:11,839: radical.saga.pty    : pmgr.0000.launching.0           : MainThread     : DEBUG   : read : [  151] [  246] (Uploading //tmp/rp_agent_tar_dirA5FXtZ/rp.session.one.george.017625.0001.pmgr.0000.launching.0.child.tgz to /work/gchantzi/radical.pilot.sandbox/rp.session.one.george.017625.0001/rp.session.one.george.017625.0001.pmgr.0000.launching.0.child.tgz\n)
2018-04-04 02:36:11,972: radical.saga.pty    : pmgr.0000.launching.0           : MainThread     : DEBUG   : read : [  151] [   79] (//tmp/rp_agent_tar_dirA5FXtZ/rp.ses   0%    0     0.0KB/s   0.0KB/s   --:-- ETA)
2018-04-04 02:36:12,972: radical.saga.pty    : pmgr.0000.launching.0           : MainThread     : DEBUG   : read : [  151] [   79] (//tmp/rp_agent_tar_dirA5FXtZ/rp.ses  44%  448KB 448.0KB/s 448.0KB/s   00:01 ETA)
2018-04-04 02:36:13,210: radical.saga.pty    : pmgr.0000.launching.0           : MainThread     : DEBUG   : read : [  151] [   81] (//tmp/rp_agent_tar_dirA5FXtZ/rp.ses 100% 1011KB 816.8KB/s 563.4KB/s   00:01    \n)
2018-04-04 02:36:13,343: radical.saga.pty    : pmgr.0000.launching.0           : MainThread     : DEBUG   : read : [  151] [    6] (sftp> )
2018-04-04 02:36:13,343: radical.saga.pty    : pmgr.0000.launching.0           : MainThread     : DEBUG   : copy done: ['mput', 'Uploading', '//tmp/rp_agent_tar_dirA5FXtZ/rp.ses', 'sftp>']
2018-04-04 02:36:13,360: radical.saga.pty    : pmgr.0000.launching.0           : MainThread     : DEBUG   : PTYProcess init <saga.utils.pty_process.PTYProcess object at 0x7f09bec3a350>
2018-04-04 02:36:13,360: radical.saga.pty    : pmgr.0000.launching.0           : MainThread     : INFO    : running: /usr/bin/env TERM=vt100 X509_USER_PROXY=/tmp/x509up_u1012 /usr/bin/gsissh -t -o IdentityFile=/home/george/.ssh/id_rsa -o Port=2222 -o ControlMaster=auto -o ControlPath=/tmp/saga_ssh_george_%h_%p.ctrl -o TCPKeepAlive=no -o ServerAliveInterval=10 -o ServerAliveCountMax=20 -o ConnectTimeout=10 supermic.cct-lsu.xsede.org
2018-04-04 02:36:13,361: radical.saga.pty    : pmgr.0000.launching.0           : MainThread     : DEBUG   : write: [  152] [   51] ( export PROMPT_COMMAND='' PS1='$' ; set prompt='$'\n)
2018-04-04 02:36:13,635: radical.saga.pty    : pmgr.0000.launching.0           : MainThread     : DEBUG   : read : [  152] [ 1569] (Last login: Tue Apr  3 19:36:1 ... **************************\n\n)
2018-04-04 02:36:13,638: radical.saga.pty    : pmgr.0000.launching.0           : MainThread     : DEBUG   : got initial shell prompt (6) (Last login: Tue Apr  3 19:36:12 2018 from 144.76.72.175
##############################################################################)
2018-04-04 02:36:13,638: radical.saga.pty    : pmgr.0000.launching.0           : MainThread     : DEBUG   : Got initial shell prompt (6) (Last login: Tue Apr  3 19:36:12 2018 from 144.76.72.175
##############################################################################)
2018-04-04 02:36:13,639: radical.saga.pty    : pmgr.0000.launching.0           : MainThread     : DEBUG   : write: [  152] [   30] ( stty -echo ; exec /bin/sh -i\n)
2018-04-04 02:36:13,639: radical.saga.pty    : pmgr.0000.launching.0           : MainThread     : DEBUG   : flush: [  152] [     ] (flush pty read cache)
2018-04-04 02:36:13,639: radical.saga.pty    : pmgr.0000.launching.0           : MainThread     : WARNING : flush: [  152] [ 1250] (discard data: '
SuperMIC at LSU (Open for general use) 

23-Sep-2014

SuperMIC is a 1.08 PetaFlop Peak Performance Xeon Phi accelerated cluster.  SuperMIC
has 360 nodes each with 20 Intel Ivybridge 2.8 GHz cores, 64 GB of RAM, and two 
Intel Xeon Phi 7120P co-processors. There are 20 nodes that have NVIDIA K20X GPUs.
This cluster is 40% allocated to the XSEDE user community an 60% dedicated to
authorized users of the LSU community.  Access is restricted to those who meet 
the criteria as stated on our website.

Quotas for the /home volume are enabled at 5 GB.  Please do
not use the /home volume for batch job I/O, use the /work volume 
instead.  Please limit the number of files per directory to 10,000.
No disk GB quotas are in effect for the /work volume, but files are purged that 
are older than 60 days.  There are quotas on file counts.  Manage your files,
but it is against our policy to blatantly circumvent the purge procedure.  
Misconfigured jobs that are wasting CPU resources are subject to deletion.

********************************************************************************
Allocations are required.  Using the -A qsub option to specify your allocation.
********************************************************************************

')
2018-04-04 02:36:13,740: radical.saga.pty    : pmgr.0000.launching.0           : MainThread     : DEBUG   : write: [  152] [  152] (set HISTFILE=$HOME/.saga_history; PS1='PROMPT-$?->'; PS2=''; PROMPT_COMMAND=''; export PS1 PS2 PROMPT_COMMAND 2>&1 >/dev/null; cd $HOME 2>&1 >/dev/null\n)
2018-04-04 02:36:14,364: radical.saga.pty    : pmgr.0000.launching.0           : MainThread     : DEBUG   : read : [  152] [   21] ([gchantzi@smic1 ~]$ $)
2018-04-04 02:36:14,380: radical.saga.pty    : pmgr.0000.launching.0           : MainThread     : DEBUG   : read : [  152] [    1] ($)
2018-04-04 02:36:14,381: radical.saga.pty    : pmgr.0000.launching.0           : MainThread     : DEBUG   : read : [  152] [   10] (PROMPT-0->)
2018-04-04 02:36:14,381: radical.saga.pty    : pmgr.0000.launching.0           : MainThread     : DEBUG   : flush: [  152] [     ] (flush pty read cache)
2018-04-04 02:36:14,485: radical.saga.pty    : pmgr.0000.launching.0           : MainThread     : DEBUG   : PTYProcess init <saga.utils.pty_process.PTYProcess object at 0x7f09bec3a390>
2018-04-04 02:36:14,486: radical.saga.pty    : pmgr.0000.launching.0           : MainThread     : INFO    : running: /usr/bin/env TERM=vt100 X509_USER_PROXY=/tmp/x509up_u1012 /usr/bin/gsissh -t -o IdentityFile=/home/george/.ssh/id_rsa -o Port=2222 -o ControlMaster=auto -o ControlPath=/tmp/saga_ssh_george_%h_%p.ctrl -o TCPKeepAlive=no -o ServerAliveInterval=10 -o ServerAliveCountMax=20 -o ConnectTimeout=10 supermic.cct-lsu.xsede.org
2018-04-04 02:36:14,489: radical.saga.pty    : pmgr.0000.launching.0           : MainThread     : DEBUG   : write: [  153] [   51] ( export PROMPT_COMMAND='' PS1='$' ; set prompt='$'\n)
2018-04-04 02:36:14,631: radical.saga.pty    : pmgr.0000.launching.0           : MainThread     : DEBUG   : read : [  153] [   82] (mux_client_request_session: session request failed: Session open refused by peer\n)
2018-04-04 02:36:15,495: radical.saga.pty    : pmgr.0000.launching.0           : MainThread     : DEBUG   : write: [  153] [   69] ( export PROMPT_COMMAND='' PS1='$' > /dev/null 2>&1 || set prompt='$'\n)
2018-04-04 02:36:15,495: radical.saga.pty    : pmgr.0000.launching.0           : MainThread     : DEBUG   : write: [  153] [   28] ( printf 'HELLO_%d_SAGA\n' 1\n)
2018-04-04 02:36:16,502: radical.saga.pty    : pmgr.0000.launching.0           : MainThread     : DEBUG   : write: [  153] [   69] ( export PROMPT_COMMAND='' PS1='$' > /dev/null 2>&1 || set prompt='$'\n)
2018-04-04 02:36:16,502: radical.saga.pty    : pmgr.0000.launching.0           : MainThread     : DEBUG   : write: [  153] [   28] ( printf 'HELLO_%d_SAGA\n' 2\n)
2018-04-04 02:36:17,148: radical.saga.pty    : pmgr.0000.launching.0           : MainThread     : DEBUG   : read : [  153] [  112] (ControlSocket /tmp/saga_ssh_george_supermic.cct-lsu.xsede.org_2222.ctrl already exists, disabling multiplexing\n)
2018-04-04 02:36:17,418: radical.saga.pty    : pmgr.0000.launching.0           : MainThread     : DEBUG   : read : [  153] [ 1569] (Last login: Tue Apr  3 19:36:1 ... **************************\n\n)
2018-04-04 02:36:17,422: radical.saga.pty    : pmgr.0000.launching.0           : MainThread     : DEBUG   : got initial shell prompt (6) (mux_client_request_session: session request failed: Session open refused by peer
ControlSocket /tmp/saga_ssh_george_supermic.cct-lsu.xsede.org_2222.ctrl already exists, disabling multiplexing
Last login: Tue Apr  3 19:36:13 2018 from 144.76.72.175
##############################################################################)
2018-04-04 02:36:17,422: radical.saga.pty    : pmgr.0000.launching.0           : MainThread     : DEBUG   : waiting for prompt trigger HELLO_2_SAGA: (6) (mux_client_request_session: session request failed: Session open refused by peer
ControlSocket /tmp/saga_ssh_george_supermic.cct-lsu.xsede.org_2222.ctrl already exists, disabling multiplexing
Last login: Tue Apr  3 19:36:13 2018 from 144.76.72.175
##############################################################################)
2018-04-04 02:36:17,425: radical.saga.pty    : pmgr.0000.launching.0           : MainThread     : DEBUG   : got initial shell prompt (6) (
Send questions and comments to the email ticket system at sys-help@loni.org.
##############################################################################
)
2018-04-04 02:36:17,425: radical.saga.pty    : pmgr.0000.launching.0           : MainThread     : DEBUG   : waiting for prompt trigger HELLO_2_SAGA: (6) (
Send questions and comments to the email ticket system at sys-help@loni.org.
##############################################################################
)
2018-04-04 02:36:18,139: radical.saga.pty    : pmgr.0000.launching.0           : MainThread     : DEBUG   : read : [  153] [   20] ([gchantzi@smic1 ~]$ )
2018-04-04 02:36:18,141: radical.saga.pty    : pmgr.0000.launching.0           : MainThread     : DEBUG   : got initial shell prompt (6) (
SuperMIC at LSU (Open for general use) 

23-Sep-2014

SuperMIC is a 1.08 PetaFlop Peak Performance Xeon Phi accelerated cluster.  SuperMIC
has 360 nodes each with 20 Intel Ivybridge 2.8 GHz cores, 64 GB of RAM, and two 
Intel Xeon Phi 7120P co-processors. There are 20 nodes that have NVIDIA K20X GPUs.
This cluster is 40% allocated to the XSEDE user community an 60% dedicated to
authorized users of the LSU community.  Access is restricted to those who meet 
the criteria as stated on our website.

Quotas for the /home volume are enabled at 5 GB.  Please do
not use the /home volume for batch job I/O, use the /work volume 
instead.  Please limit the number of files per directory to 10,000.
No disk GB quotas are in effect for the /work volume, but files are purged that 
are older than 60 days.  There are quotas on file counts.  Manage your files,
but it is against our policy to blatantly circumvent the purge procedure.  
Misconfigured jobs that are wasting CPU resources are subject to deletion.

********************************************************************************
Allocations are required.  Using the -A qsub option to specify your allocation.
********************************************************************************

[gchantzi@smic1 ~]$ )
2018-04-04 02:36:18,141: radical.saga.pty    : pmgr.0000.launching.0           : MainThread     : DEBUG   : waiting for prompt trigger HELLO_2_SAGA: (6) (
SuperMIC at LSU (Open for general use) 

23-Sep-2014

SuperMIC is a 1.08 PetaFlop Peak Performance Xeon Phi accelerated cluster.  SuperMIC
has 360 nodes each with 20 Intel Ivybridge 2.8 GHz cores, 64 GB of RAM, and two 
Intel Xeon Phi 7120P co-processors. There are 20 nodes that have NVIDIA K20X GPUs.
This cluster is 40% allocated to the XSEDE user community an 60% dedicated to
authorized users of the LSU community.  Access is restricted to those who meet 
the criteria as stated on our website.

Quotas for the /home volume are enabled at 5 GB.  Please do
not use the /home volume for batch job I/O, use the /work volume 
instead.  Please limit the number of files per directory to 10,000.
No disk GB quotas are in effect for the /work volume, but files are purged that 
are older than 60 days.  There are quotas on file counts.  Manage your files,
but it is against our policy to blatantly circumvent the purge procedure.  
Misconfigured jobs that are wasting CPU resources are subject to deletion.

********************************************************************************
Allocations are required.  Using the -A qsub option to specify your allocation.
********************************************************************************

[gchantzi@smic1 ~]$ )
2018-04-04 02:36:18,141: radical.saga.pty    : pmgr.0000.launching.0           : MainThread     : DEBUG   : read : [  153] [   33] ($$HELLO_1_SAGA\n$$HELLO_2_SAGA\n$)
2018-04-04 02:36:18,141: radical.saga.pty    : pmgr.0000.launching.0           : MainThread     : DEBUG   : got shell prompt trigger (5) ($$HELLO_1_SAGA
$$HELLO_2_SAGA)
2018-04-04 02:36:18,141: radical.saga.pty    : pmgr.0000.launching.0           : MainThread     : DEBUG   : got initial shell prompt (6) (
$)
2018-04-04 02:36:18,141: radical.saga.pty    : pmgr.0000.launching.0           : MainThread     : DEBUG   : Got initial shell prompt (6) (
$)
2018-04-04 02:36:18,142: radical.saga.pty    : pmgr.0000.launching.0           : MainThread     : DEBUG   : write: [  153] [   30] ( stty -echo ; exec /bin/sh -i\n)
2018-04-04 02:36:18,292: radical.saga.pty    : pmgr.0000.launching.0           : MainThread     : DEBUG   : read : [  153] [    1] ($)
2018-04-04 02:36:18,292: radical.saga.pty    : pmgr.0000.launching.0           : MainThread     : DEBUG   : flush: [  153] [     ] (flush pty read cache)
2018-04-04 02:36:18,393: radical.saga.pty    : pmgr.0000.launching.0           : MainThread     : DEBUG   : write: [  153] [  152] (set HISTFILE=$HOME/.saga_history; PS1='PROMPT-$?->'; PS2=''; PROMPT_COMMAND=''; export PS1 PS2 PROMPT_COMMAND 2>&1 >/dev/null; cd $HOME 2>&1 >/dev/null\n)
2018-04-04 02:36:18,531: radical.saga.pty    : pmgr.0000.launching.0           : MainThread     : DEBUG   : read : [  153] [   10] (PROMPT-0->)
2018-04-04 02:36:18,531: radical.saga.pty    : pmgr.0000.launching.0           : MainThread     : DEBUG   : flush: [  153] [     ] (flush pty read cache)
2018-04-04 02:36:18,632: radical.saga.pty    : pmgr.0000.launching.0           : MainThread     : DEBUG   : flush: [  152] [     ] (flush pty read cache)
2018-04-04 02:36:18,732: radical.saga.pty    : pmgr.0000.launching.0           : MainThread     : DEBUG   : write: [  152] [   35] (mkdir -p .saga/adaptors/shell_job/\n)
2018-04-04 02:36:18,871: radical.saga.pty    : pmgr.0000.launching.0           : MainThread     : DEBUG   : read : [  152] [   10] (PROMPT-0->)
2018-04-04 02:36:18,871: radical.saga.pty    : pmgr.0000.launching.0           : MainThread     : DEBUG   : flush: [  152] [     ] (flush pty read cache)
2018-04-04 02:36:18,972: radical.saga.pty    : pmgr.0000.launching.0           : MainThread     : DEBUG   : write: [  152] [   45] (test -f .saga/adaptors/shell_job//wrapper.sh\n)
2018-04-04 02:36:19,108: radical.saga.pty    : pmgr.0000.launching.0           : MainThread     : DEBUG   : read : [  152] [   10] (PROMPT-0->)
2018-04-04 02:36:19,108: radical.saga.pty    : pmgr.0000.launching.0           : MainThread     : DEBUG   : flush: [  152] [     ] (flush pty read cache)
2018-04-04 02:36:19,209: radical.saga.pty    : pmgr.0000.launching.0           : MainThread     : DEBUG   : write: [  152] [   71] (/bin/sh .saga/adaptors/shell_job//wrapper.sh .saga/adaptors/shell_job/\n)
2018-04-04 02:36:19,359: radical.saga.pty    : pmgr.0000.launching.0           : MainThread     : DEBUG   : read : [  152] [   12] (PID: 23901\n)
2018-04-04 02:36:20,001: radical.saga.pty    : pmgr.0000.launching.0           : MainThread     : DEBUG   : read : [  152] [   12] (PROMPT-0->\n)
2018-04-04 02:36:20,002: radical.saga.pty    : pmgr.0000.launching.0           : MainThread     : DEBUG   : flush: [  153] [     ] (flush pty read cache)
2018-04-04 02:36:20,103: radical.saga.pty    : pmgr.0000.launching.0           : MainThread     : DEBUG   : write: [  153] [   71] (/bin/sh .saga/adaptors/shell_job//wrapper.sh .saga/adaptors/shell_job/\n)
2018-04-04 02:36:20,254: radical.saga.pty    : pmgr.0000.launching.0           : MainThread     : DEBUG   : read : [  153] [   12] (PID: 24770\n)
2018-04-04 02:36:20,895: radical.saga.pty    : pmgr.0000.launching.0           : MainThread     : DEBUG   : read : [  153] [   12] (PROMPT-0->\n)
2018-04-04 02:36:20,895: radical.saga.pty    : pmgr.0000.launching.0           : Thread-1       : DEBUG   : flush: [  153] [     ] (flush pty read cache)
2018-04-04 02:36:20,898: radical.saga.pty    : pmgr.0000.launching.0           : Thread-1       : WARNING : flush: [  153] [    1] (discard data: '
')
2018-04-04 02:36:20,902: radical.saga.pty    : pmgr.0000.launching.0           : MainThread     : DEBUG   : flush: [  152] [     ] (flush pty read cache)
2018-04-04 02:36:20,902: radical.saga.pty    : pmgr.0000.launching.0           : MainThread     : WARNING : flush: [  152] [    1] (discard data: '
')
2018-04-04 02:36:20,999: radical.saga.pty    : pmgr.0000.launching.0           : Thread-1       : DEBUG   : write: [  153] [    8] (MONITOR\n)
2018-04-04 02:36:21,003: radical.saga.pty    : pmgr.0000.launching.0           : MainThread     : DEBUG   : write: [  152] [  250] (RUN true && ( /bin/sh -c 'tar zmxvf /work/gchantzi/radical.pilot.sandbox/rp.session.one.george.017625.0001/rp.session.one.george.017625.0001.pmgr.0000.launching.0.child.tgz -C /work/gchantzi/radical.pilot.sandbox/rp.session.one.george.017625.0001' )\n)
2018-04-04 02:36:21,141: radical.saga.pty    : pmgr.0000.launching.0           : Thread-1       : DEBUG   : read : [  153] [ 3166] (48942.0:RUNNING: \n48942.0:DON ... RUNNING: \n23624.0:FAILED:2 \n)
2018-04-04 02:36:21,166: radical.saga.pty    : pmgr.0000.launching.0           : MainThread     : DEBUG   : read : [  152] [   10] (RUNNING \n)
2018-04-04 02:36:21,166: radical.saga.pty    : pmgr.0000.launching.0           : MainThread     : DEBUG   : read : [  152] [   13] (OK\n25136.0\n)
2018-04-04 02:36:21,170: radical.saga.pty    : pmgr.0000.launching.0           : MainThread     : DEBUG   : read : [  152] [   12] (PROMPT-0->\n)
2018-04-04 02:36:21,170: radical.saga.pty    : pmgr.0000.launching.0           : MainThread     : DEBUG   : flush: [  152] [     ] (flush pty read cache)
2018-04-04 02:36:21,170: radical.saga.pty    : pmgr.0000.launching.0           : MainThread     : WARNING : flush: [  152] [    1] (discard data: '
')
2018-04-04 02:36:21,272: radical.saga.pty    : pmgr.0000.launching.0           : MainThread     : DEBUG   : write: [  152] [   14] (STATS 25136.0\n)
2018-04-04 02:36:21,423: radical.saga.pty    : pmgr.0000.launching.0           : MainThread     : DEBUG   : read : [  152] [  124] (OK\nSTATE : DONE\n\nSTART  : 1522802181\nSTOP   : 1522802181\n\nSTART_STDERR\n\nEND_STDERR\n\nSTART_STDOUT\n\nEND_STDOUT\n\n)
2018-04-04 02:36:21,426: radical.saga.pty    : pmgr.0000.launching.0           : MainThread     : DEBUG   : read : [  152] [   12] (PROMPT-0->\n)
2018-04-04 02:36:21,427: radical.saga.pty    : pmgr.0000.launching.0           : MainThread     : DEBUG   : flush: [  152] [     ] (flush pty read cache)
2018-04-04 02:36:21,427: radical.saga.pty    : pmgr.0000.launching.0           : MainThread     : WARNING : flush: [  152] [    1] (discard data: '
')
2018-04-04 02:36:21,528: radical.saga.pty    : pmgr.0000.launching.0           : MainThread     : DEBUG   : write: [  152] [   15] (STDOUT 25136.0\n)
2018-04-04 02:36:21,670: radical.saga.pty    : pmgr.0000.launching.0           : MainThread     : DEBUG   : read : [  152] [  420] (OK\n626f6f7473747261705f302e73680a70696c6f742e303030302f0a70696c6f742e303030302f70696c6f742e303030302e6c6f672e74677a0a70696c6f742e303030302f6167656e745f302e6366670a7261646963616c2e70696c6f742d302e34372d302e34372d31342d6762316466663862642d646576656c2e7461722e677a0a7261646963616c2e7574696c732d302e34372e342e7461722e677a0a736167612d707974686f6e2d302e34372d76302e34362d34382d6735383235663162302d646576656c2e7461722e677a0a\n)
2018-04-04 02:36:21,672: radical.saga.pty    : pmgr.0000.launching.0           : MainThread     : DEBUG   : read : [  152] [   12] (PROMPT-0->\n)
2018-04-04 02:36:21,673: radical.saga.pty    : pmgr.0000.launching.0           : MainThread     : DEBUG   : flush: [  152] [     ] (flush pty read cache)
2018-04-04 02:36:21,673: radical.saga.pty    : pmgr.0000.launching.0           : MainThread     : WARNING : flush: [  152] [    1] (discard data: '
')
2018-04-04 02:36:21,774: radical.saga.pty    : pmgr.0000.launching.0           : MainThread     : DEBUG   : write: [  152] [   15] (STDERR 25136.0\n)
2018-04-04 02:36:21,915: radical.saga.pty    : pmgr.0000.launching.0           : MainThread     : DEBUG   : read : [  152] [    6] (OK\n\n)
2018-04-04 02:36:21,917: radical.saga.pty    : pmgr.0000.launching.0           : MainThread     : DEBUG   : read : [  152] [   12] (PROMPT-0->\n)
2018-04-04 02:36:21,931: radical.saga.pty    : pmgr.0000.launching.0           : MainThread     : DEBUG   : PTYShell init <saga.utils.pty_shell.PTYShell object at 0x7f09ac73d090>
2018-04-04 02:36:21,931: radical.saga.pty    : pmgr.0000.launching.0           : MainThread     : INFO    : PTY prompt pattern: [\$#%>\]]\s*$
2018-04-04 02:36:21,931: radical.saga.pty    : pmgr.0000.launching.0           : MainThread     : INFO    : ssh copy  mode set to 'sftp'
2018-04-04 02:36:21,931: radical.saga.pty    : pmgr.0000.launching.0           : MainThread     : INFO    : ssh share mode set to 'auto'
2018-04-04 02:36:21,931: radical.saga.pty    : pmgr.0000.launching.0           : MainThread     : INFO    : ssh timeout    set to '10.0'
2018-04-04 02:36:21,932: radical.saga.pty    : pmgr.0000.launching.0           : MainThread     : DEBUG   : SSH Connection M_FLAGS: -o ControlMaster=auto -o ControlPath=/tmp/saga_ssh_george_%h_%p.ctrl -o TCPKeepAlive=no  -o ServerAliveInterval=10 -o ServerAliveCountMax=20 -o ConnectTimeout=10
2018-04-04 02:36:21,932: radical.saga.pty    : pmgr.0000.launching.0           : MainThread     : DEBUG   : SSH Connection S_FLAGS: -o ControlMaster=auto -o ControlPath=/tmp/saga_ssh_george_%h_%p.ctrl -o TCPKeepAlive=no  -o ServerAliveInterval=10 -o ServerAliveCountMax=20 -o ConnectTimeout=10
2018-04-04 02:36:21,932: radical.saga.pty    : pmgr.0000.launching.0           : MainThread     : DEBUG   : PTYProcess init <saga.utils.pty_process.PTYProcess object at 0x7f09bec4cb50>
2018-04-04 02:36:21,932: radical.saga.pty    : pmgr.0000.launching.0           : MainThread     : INFO    : running: /usr/bin/env TERM=vt100 X509_USER_PROXY=/tmp/x509up_u1012 /usr/bin/gsissh -t -o IdentityFile=/home/george/.ssh/id_rsa -o Port=2222 -o ControlMaster=auto -o ControlPath=/tmp/saga_ssh_george_%h_%p.ctrl -o TCPKeepAlive=no -o ServerAliveInterval=10 -o ServerAliveCountMax=20 -o ConnectTimeout=10 supermic.cct-lsu.xsede.org
2018-04-04 02:36:21,933: radical.saga.pty    : pmgr.0000.launching.0           : MainThread     : DEBUG   : write: [  154] [   51] ( export PROMPT_COMMAND='' PS1='$' ; set prompt='$'\n)
2018-04-04 02:36:22,074: radical.saga.pty    : pmgr.0000.launching.0           : MainThread     : DEBUG   : read : [  154] [   82] (mux_client_request_session: session request failed: Session open refused by peer\n)
2018-04-04 02:36:22,141: radical.saga.pty    : pmgr.0000.launching.0           : Thread-1       : DEBUG   : read : [  153] [   38] (25136.0:RUNNING: \n25136.0:DONE:0   \n)
2018-04-04 02:36:22,938: radical.saga.pty    : pmgr.0000.launching.0           : MainThread     : DEBUG   : write: [  154] [   69] ( export PROMPT_COMMAND='' PS1='$' > /dev/null 2>&1 || set prompt='$'\n)
2018-04-04 02:36:22,938: radical.saga.pty    : pmgr.0000.launching.0           : MainThread     : DEBUG   : write: [  154] [   28] ( printf 'HELLO_%d_SAGA\n' 1\n)
2018-04-04 02:36:23,945: radical.saga.pty    : pmgr.0000.launching.0           : MainThread     : DEBUG   : write: [  154] [   69] ( export PROMPT_COMMAND='' PS1='$' > /dev/null 2>&1 || set prompt='$'\n)
2018-04-04 02:36:23,945: radical.saga.pty    : pmgr.0000.launching.0           : MainThread     : DEBUG   : write: [  154] [   28] ( printf 'HELLO_%d_SAGA\n' 2\n)
2018-04-04 02:36:24,398: radical.saga.pty    : pmgr.0000.launching.0           : MainThread     : DEBUG   : read : [  154] [  112] (ControlSocket /tmp/saga_ssh_george_supermic.cct-lsu.xsede.org_2222.ctrl already exists, disabling multiplexing\n)
2018-04-04 02:36:24,670: radical.saga.pty    : pmgr.0000.launching.0           : MainThread     : DEBUG   : read : [  154] [ 1569] (Last login: Tue Apr  3 19:36:1 ... **************************\n\n)
2018-04-04 02:36:24,673: radical.saga.pty    : pmgr.0000.launching.0           : MainThread     : DEBUG   : got initial shell prompt (6) (mux_client_request_session: session request failed: Session open refused by peer
ControlSocket /tmp/saga_ssh_george_supermic.cct-lsu.xsede.org_2222.ctrl already exists, disabling multiplexing
Last login: Tue Apr  3 19:36:17 2018 from 144.76.72.175
##############################################################################)
2018-04-04 02:36:24,673: radical.saga.pty    : pmgr.0000.launching.0           : MainThread     : DEBUG   : waiting for prompt trigger HELLO_2_SAGA: (6) (mux_client_request_session: session request failed: Session open refused by peer
ControlSocket /tmp/saga_ssh_george_supermic.cct-lsu.xsede.org_2222.ctrl already exists, disabling multiplexing
Last login: Tue Apr  3 19:36:17 2018 from 144.76.72.175
##############################################################################)
2018-04-04 02:36:24,676: radical.saga.pty    : pmgr.0000.launching.0           : MainThread     : DEBUG   : got initial shell prompt (6) (
Send questions and comments to the email ticket system at sys-help@loni.org.
##############################################################################
)
2018-04-04 02:36:24,676: radical.saga.pty    : pmgr.0000.launching.0           : MainThread     : DEBUG   : waiting for prompt trigger HELLO_2_SAGA: (6) (
Send questions and comments to the email ticket system at sys-help@loni.org.
##############################################################################
)
2018-04-04 02:36:25,392: radical.saga.pty    : pmgr.0000.launching.0           : MainThread     : DEBUG   : read : [  154] [   22] ([gchantzi@smic1 ~]$ $$)
2018-04-04 02:36:25,394: radical.saga.pty    : pmgr.0000.launching.0           : MainThread     : DEBUG   : got initial shell prompt (6) (
SuperMIC at LSU (Open for general use) 

23-Sep-2014

SuperMIC is a 1.08 PetaFlop Peak Performance Xeon Phi accelerated cluster.  SuperMIC
has 360 nodes each with 20 Intel Ivybridge 2.8 GHz cores, 64 GB of RAM, and two 
Intel Xeon Phi 7120P co-processors. There are 20 nodes that have NVIDIA K20X GPUs.
This cluster is 40% allocated to the XSEDE user community an 60% dedicated to
authorized users of the LSU community.  Access is restricted to those who meet 
the criteria as stated on our website.

Quotas for the /home volume are enabled at 5 GB.  Please do
not use the /home volume for batch job I/O, use the /work volume 
instead.  Please limit the number of files per directory to 10,000.
No disk GB quotas are in effect for the /work volume, but files are purged that 
are older than 60 days.  There are quotas on file counts.  Manage your files,
but it is against our policy to blatantly circumvent the purge procedure.  
Misconfigured jobs that are wasting CPU resources are subject to deletion.

********************************************************************************
Allocations are required.  Using the -A qsub option to specify your allocation.
********************************************************************************

[gchantzi@smic1 ~]$ $$)
2018-04-04 02:36:25,394: radical.saga.pty    : pmgr.0000.launching.0           : MainThread     : DEBUG   : waiting for prompt trigger HELLO_2_SAGA: (6) (
SuperMIC at LSU (Open for general use) 

23-Sep-2014

SuperMIC is a 1.08 PetaFlop Peak Performance Xeon Phi accelerated cluster.  SuperMIC
has 360 nodes each with 20 Intel Ivybridge 2.8 GHz cores, 64 GB of RAM, and two 
Intel Xeon Phi 7120P co-processors. There are 20 nodes that have NVIDIA K20X GPUs.
This cluster is 40% allocated to the XSEDE user community an 60% dedicated to
authorized users of the LSU community.  Access is restricted to those who meet 
the criteria as stated on our website.

Quotas for the /home volume are enabled at 5 GB.  Please do
not use the /home volume for batch job I/O, use the /work volume 
instead.  Please limit the number of files per directory to 10,000.
No disk GB quotas are in effect for the /work volume, but files are purged that 
are older than 60 days.  There are quotas on file counts.  Manage your files,
but it is against our policy to blatantly circumvent the purge procedure.  
Misconfigured jobs that are wasting CPU resources are subject to deletion.

********************************************************************************
Allocations are required.  Using the -A qsub option to specify your allocation.
********************************************************************************

[gchantzi@smic1 ~]$ $$)
2018-04-04 02:36:25,394: radical.saga.pty    : pmgr.0000.launching.0           : MainThread     : DEBUG   : read : [  154] [   31] (HELLO_1_SAGA\n$$HELLO_2_SAGA\n$)
2018-04-04 02:36:25,394: radical.saga.pty    : pmgr.0000.launching.0           : MainThread     : DEBUG   : got shell prompt trigger (5) (HELLO_1_SAGA
$$HELLO_2_SAGA)
2018-04-04 02:36:25,395: radical.saga.pty    : pmgr.0000.launching.0           : MainThread     : DEBUG   : got initial shell prompt (6) (
$)
2018-04-04 02:36:25,395: radical.saga.pty    : pmgr.0000.launching.0           : MainThread     : DEBUG   : Got initial shell prompt (6) (
$)
2018-04-04 02:36:25,395: radical.saga.pty    : pmgr.0000.launching.0           : MainThread     : DEBUG   :  ===     5 : <saga.utils.pty_process.PTYProcess object at 0x7f09bec4cb50> : init : ['/usr/bin/env', 'TERM=vt100', 'X509_USER_PROXY=/tmp/x509up_u1012', '/usr/bin/gsissh', '-t', '-o', 'IdentityFile=/home/george/.ssh/id_rsa', '-o', 'Port=2222', '-o', 'ControlMaster=auto', '-o', 'ControlPath=/tmp/saga_ssh_george_%h_%p.ctrl', '-o', 'TCPKeepAlive=no', '-o', 'ServerAliveInterval=10', '-o', 'ServerAliveCountMax=20', '-o', 'ConnectTimeout=10', 'supermic.cct-lsu.xsede.org']
2018-04-04 02:36:25,395: radical.saga.pty    : pmgr.0000.launching.0           : MainThread     : DEBUG   : running command shell: exec /bin/sh -i
2018-04-04 02:36:25,395: radical.saga.pty    : pmgr.0000.launching.0           : MainThread     : DEBUG   : write: [  154] [   30] ( stty -echo ; exec /bin/sh -i\n)
2018-04-04 02:36:25,546: radical.saga.pty    : pmgr.0000.launching.0           : MainThread     : DEBUG   : read : [  154] [    1] ($)
2018-04-04 02:36:25,546: radical.saga.pty    : pmgr.0000.launching.0           : MainThread     : DEBUG   :  ===     5 : <saga.utils.pty_process.PTYProcess object at 0x7f09bec4cb50> : run async :  set HISTFILE=$HOME/.saga_history; PS1='PROMPT-$?->'; PS2=''; PROMPT_COMMAND=''; export PS1 PS2 PROMPT_COMMAND 2>&1 >/dev/null; cd $HOME 2>&1 >/dev/null

2018-04-04 02:36:25,546: radical.saga.pty    : pmgr.0000.launching.0           : MainThread     : DEBUG   : flush: [  154] [     ] (flush pty read cache)
2018-04-04 02:36:25,647: radical.saga.pty    : pmgr.0000.launching.0           : MainThread     : DEBUG   : write: [  154] [  152] (set HISTFILE=$HOME/.saga_history; PS1='PROMPT-$?->'; PS2=''; PROMPT_COMMAND=''; export PS1 PS2 PROMPT_COMMAND 2>&1 >/dev/null; cd $HOME 2>&1 >/dev/null\n)
2018-04-04 02:36:25,784: radical.saga.pty    : pmgr.0000.launching.0           : MainThread     : DEBUG   : read : [  154] [   10] (PROMPT-0->)
2018-04-04 02:36:25,784: radical.saga.pty    : pmgr.0000.launching.0           : MainThread     : DEBUG   : got new shell prompt
2018-04-04 02:36:25,784: radical.saga.pty    : pmgr.0000.launching.0           : MainThread     : DEBUG   : flush: [  154] [     ] (flush pty read cache)
2018-04-04 02:36:25,885: radical.saga.pty    : pmgr.0000.launching.0           : MainThread     : DEBUG   :  ===     5 : <saga.utils.pty_process.PTYProcess object at 0x7f09bec4cb50> : run sync  : qstat --version
2018-04-04 02:36:25,885: radical.saga.pty    : pmgr.0000.launching.0           : MainThread     : DEBUG   : flush: [  154] [     ] (flush pty read cache)
2018-04-04 02:36:25,987: radical.saga.pty    : pmgr.0000.launching.0           : MainThread     : DEBUG   : run_sync: qstat --version
2018-04-04 02:36:25,987: radical.saga.pty    : pmgr.0000.launching.0           : MainThread     : DEBUG   : write: [  154] [   16] (qstat --version\n)
2018-04-04 02:36:26,127: radical.saga.pty    : pmgr.0000.launching.0           : MainThread     : DEBUG   : read : [  154] [   26] (version: 3.0.6\nPROMPT-0->)
2018-04-04 02:36:26,127: radical.saga.pty    : pmgr.0000.launching.0           : MainThread     : DEBUG   :  ===     5 : <saga.utils.pty_process.PTYProcess object at 0x7f09bec4cb50> : run sync  : which qdel 
2018-04-04 02:36:26,127: radical.saga.pty    : pmgr.0000.launching.0           : MainThread     : DEBUG   : flush: [  154] [     ] (flush pty read cache)
2018-04-04 02:36:26,229: radical.saga.pty    : pmgr.0000.launching.0           : MainThread     : DEBUG   : run_sync: which qdel
2018-04-04 02:36:26,229: radical.saga.pty    : pmgr.0000.launching.0           : MainThread     : DEBUG   : write: [  154] [   11] (which qdel\n)
2018-04-04 02:36:26,366: radical.saga.pty    : pmgr.0000.launching.0           : MainThread     : DEBUG   : read : [  154] [   31] (/usr/local/bin/qdel\nPROMPT-0->)
2018-04-04 02:36:26,366: radical.saga.pty    : pmgr.0000.launching.0           : MainThread     : DEBUG   :  ===     5 : <saga.utils.pty_process.PTYProcess object at 0x7f09bec4cb50> : run sync  : which qsub 
2018-04-04 02:36:26,366: radical.saga.pty    : pmgr.0000.launching.0           : MainThread     : DEBUG   : flush: [  154] [     ] (flush pty read cache)
2018-04-04 02:36:26,467: radical.saga.pty    : pmgr.0000.launching.0           : MainThread     : DEBUG   : run_sync: which qsub
2018-04-04 02:36:26,467: radical.saga.pty    : pmgr.0000.launching.0           : MainThread     : DEBUG   : write: [  154] [   11] (which qsub\n)
2018-04-04 02:36:26,605: radical.saga.pty    : pmgr.0000.launching.0           : MainThread     : DEBUG   : read : [  154] [   31] (/usr/local/bin/qsub\nPROMPT-0->)
2018-04-04 02:36:26,605: radical.saga.pty    : pmgr.0000.launching.0           : MainThread     : DEBUG   :  ===     5 : <saga.utils.pty_process.PTYProcess object at 0x7f09bec4cb50> : run sync  : which pbsnodes 
2018-04-04 02:36:26,605: radical.saga.pty    : pmgr.0000.launching.0           : MainThread     : DEBUG   : flush: [  154] [     ] (flush pty read cache)
2018-04-04 02:36:26,706: radical.saga.pty    : pmgr.0000.launching.0           : MainThread     : DEBUG   : run_sync: which pbsnodes
2018-04-04 02:36:26,706: radical.saga.pty    : pmgr.0000.launching.0           : MainThread     : DEBUG   : write: [  154] [   15] (which pbsnodes\n)
2018-04-04 02:36:26,844: radical.saga.pty    : pmgr.0000.launching.0           : MainThread     : DEBUG   : read : [  154] [   35] (/usr/local/bin/pbsnodes\nPROMPT-0->)
2018-04-04 02:36:26,845: radical.saga.pty    : pmgr.0000.launching.0           : MainThread     : DEBUG   :  ===     5 : <saga.utils.pty_process.PTYProcess object at 0x7f09bec4cb50> : run sync  : which qstat 
2018-04-04 02:36:26,845: radical.saga.pty    : pmgr.0000.launching.0           : MainThread     : DEBUG   : flush: [  154] [     ] (flush pty read cache)
2018-04-04 02:36:26,946: radical.saga.pty    : pmgr.0000.launching.0           : MainThread     : DEBUG   : run_sync: which qstat
2018-04-04 02:36:26,946: radical.saga.pty    : pmgr.0000.launching.0           : MainThread     : DEBUG   : write: [  154] [   12] (which qstat\n)
2018-04-04 02:36:27,086: radical.saga.pty    : pmgr.0000.launching.0           : MainThread     : DEBUG   : read : [  154] [   32] (/usr/local/bin/qstat\nPROMPT-0->)
2018-04-04 02:36:27,086: radical.saga.pty    : pmgr.0000.launching.0           : MainThread     : DEBUG   :  ===     5 : <saga.utils.pty_process.PTYProcess object at 0x7f09bec4cb50> : run sync  : which aprun
2018-04-04 02:36:27,086: radical.saga.pty    : pmgr.0000.launching.0           : MainThread     : DEBUG   : flush: [  154] [     ] (flush pty read cache)
2018-04-04 02:36:27,187: radical.saga.pty    : pmgr.0000.launching.0           : MainThread     : DEBUG   : run_sync: which aprun
2018-04-04 02:36:27,187: radical.saga.pty    : pmgr.0000.launching.0           : MainThread     : DEBUG   : write: [  154] [   12] (which aprun\n)
2018-04-04 02:36:27,327: radical.saga.pty    : pmgr.0000.launching.0           : MainThread     : DEBUG   : read : [  154] [ 1029] (which: no aprun in (/home/gcha ... home/gchantzi/bin)\nPROMPT-1->)
2018-04-04 02:36:27,327: radical.saga.pty    : pmgr.0000.launching.0           : MainThread     : DEBUG   :  ===     5 : <saga.utils.pty_process.PTYProcess object at 0x7f09bec4cb50> : run sync  : unset GREP_OPTIONS; /usr/local/bin/pbsnodes -a | grep -E "(np|pcpu)[[:blank:]]*=" 
2018-04-04 02:36:27,327: radical.saga.pty    : pmgr.0000.launching.0           : MainThread     : DEBUG   : flush: [  154] [     ] (flush pty read cache)
2018-04-04 02:36:27,428: radical.saga.pty    : pmgr.0000.launching.0           : MainThread     : DEBUG   : run_sync: unset GREP_OPTIONS; /usr/local/bin/pbsnodes -a | grep -E "(np|pcpu)[[:blank:]]*="
2018-04-04 02:36:27,428: radical.saga.pty    : pmgr.0000.launching.0           : MainThread     : DEBUG   : write: [  154] [   82] (unset GREP_OPTIONS; /usr/local/bin/pbsnodes -a | grep -E "(np|pcpu)[[:blank:]]*="\n)
2018-04-04 02:36:27,599: radical.saga.pty    : pmgr.0000.launching.0           : MainThread     : DEBUG   : read : [  154] [ 1456] (     np = 20\n     np = 20\n   ... \n     np = 20\n     np = 20\n)
2018-04-04 02:36:27,733: radical.saga.pty    : pmgr.0000.launching.0           : MainThread     : DEBUG   : read : [  154] [ 3916] (     np = 20\n     np = 20\n   ... = 28\n     np = 28\nPROMPT-0->)
2018-04-04 02:36:27,745: radical.saga.pty    : pmgr.0000.launching.0           : Thread-3       : DEBUG   :  ===     5 : <saga.utils.pty_process.PTYProcess object at 0x7f09bec4cb50> : run sync  : mkdir -p /work/gchantzi/radical.pilot.sandbox/rp.session.one.george.017625.0001/pilot.0000
2018-04-04 02:36:27,745: radical.saga.pty    : pmgr.0000.launching.0           : Thread-3       : DEBUG   : flush: [  154] [     ] (flush pty read cache)
2018-04-04 02:36:27,846: radical.saga.pty    : pmgr.0000.launching.0           : Thread-3       : DEBUG   : run_sync: mkdir -p /work/gchantzi/radical.pilot.sandbox/rp.session.one.george.017625.0001/pilot.0000
2018-04-04 02:36:27,846: radical.saga.pty    : pmgr.0000.launching.0           : Thread-3       : DEBUG   : write: [  154] [   91] (mkdir -p /work/gchantzi/radical.pilot.sandbox/rp.session.one.george.017625.0001/pilot.0000\n)
2018-04-04 02:36:27,988: radical.saga.pty    : pmgr.0000.launching.0           : Thread-3       : DEBUG   : read : [  154] [   10] (PROMPT-0->)
2018-04-04 02:36:27,988: radical.saga.pty    : pmgr.0000.launching.0           : Thread-3       : DEBUG   :  ===     5 : <saga.utils.pty_process.PTYProcess object at 0x7f09bec4cb50> : run sync  : SCRIPTFILE=`mktemp -t SAGA-Python-TORQUEJobScript.XXXXXX` &&  echo "
#!/bin/bash 
#PBS -N pilot.0000 
#PBS -V 
#PBS -v RADICAL_PILOT_PROFILE=TRUE
#PBS -o /work/gchantzi/radical.pilot.sandbox/rp.session.one.george.017625.0001/pilot.0000/bootstrap_1.out 
#PBS -e /work/gchantzi/radical.pilot.sandbox/rp.session.one.george.017625.0001/pilot.0000/bootstrap_1.err 
#PBS -l walltime=0:25:00 
#PBS -q workq 
#PBS -A TG-MCB090174 
#PBS -l nodes=13:ppn=20
export    PBS_O_WORKDIR=/work/gchantzi/radical.pilot.sandbox/rp.session.one.george.017625.0001/pilot.0000 
mkdir -p  /work/gchantzi/radical.pilot.sandbox/rp.session.one.george.017625.0001/pilot.0000
cd        /work/gchantzi/radical.pilot.sandbox/rp.session.one.george.017625.0001/pilot.0000
export SAGA_PPN=20
/bin/bash -l /work/gchantzi/radical.pilot.sandbox/rp.session.one.george.017625.0001/bootstrap_0.sh  -d 'radical.utils-0.47.4.tar.gz:saga-python-0.47-v0.46-48-g5825f1b0-devel.tar.gz:radical.pilot-0.47-0.47-14-gb1dff8bd-devel.tar.gz' -p 'pilot.0000' -s 'rp.session.one.george.017625.0001' -m 'create' -r 'local' -b 'default' -g 'default' -v '/work/gchantzi/radical.pilot.sandbox/ve.xsede.supermic_orte.0.47' -y '25' -e 'module load python/2.7.7-anaconda' -e 'module use -a /worka/work/amerzky/radical.pilot.sandbox/openmpi/modules/' -e 'module load openmpi/2017_03_13_6da4dbb' -w 'export PATH=\$PATH' -w 'export LD_LIBRARY_PATH=\$LD_LIBRARY_PATH' " > $SCRIPTFILE && /usr/local/bin/qsub $SCRIPTFILE && rm -f $SCRIPTFILE
2018-04-04 02:36:27,988: radical.saga.pty    : pmgr.0000.launching.0           : Thread-3       : DEBUG   : flush: [  154] [     ] (flush pty read cache)
2018-04-04 02:36:28,089: radical.saga.pty    : pmgr.0000.launching.0           : Thread-3       : DEBUG   : run_sync: SCRIPTFILE=`mktemp -t SAGA-Python-TORQUEJobScript.XXXXXX` &&  echo "
#!/bin/bash 
#PBS -N pilot.0000 
#PBS -V 
#PBS -v RADICAL_PILOT_PROFILE=TRUE
#PBS -o /work/gchantzi/radical.pilot.sandbox/rp.session.one.george.017625.0001/pilot.0000/bootstrap_1.out 
#PBS -e /work/gchantzi/radical.pilot.sandbox/rp.session.one.george.017625.0001/pilot.0000/bootstrap_1.err 
#PBS -l walltime=0:25:00 
#PBS -q workq 
#PBS -A TG-MCB090174 
#PBS -l nodes=13:ppn=20
export    PBS_O_WORKDIR=/work/gchantzi/radical.pilot.sandbox/rp.session.one.george.017625.0001/pilot.0000 
mkdir -p  /work/gchantzi/radical.pilot.sandbox/rp.session.one.george.017625.0001/pilot.0000
cd        /work/gchantzi/radical.pilot.sandbox/rp.session.one.george.017625.0001/pilot.0000
export SAGA_PPN=20
/bin/bash -l /work/gchantzi/radical.pilot.sandbox/rp.session.one.george.017625.0001/bootstrap_0.sh  -d 'radical.utils-0.47.4.tar.gz:saga-python-0.47-v0.46-48-g5825f1b0-devel.tar.gz:radical.pilot-0.47-0.47-14-gb1dff8bd-devel.tar.gz' -p 'pilot.0000' -s 'rp.session.one.george.017625.0001' -m 'create' -r 'local' -b 'default' -g 'default' -v '/work/gchantzi/radical.pilot.sandbox/ve.xsede.supermic_orte.0.47' -y '25' -e 'module load python/2.7.7-anaconda' -e 'module use -a /worka/work/amerzky/radical.pilot.sandbox/openmpi/modules/' -e 'module load openmpi/2017_03_13_6da4dbb' -w 'export PATH=\$PATH' -w 'export LD_LIBRARY_PATH=\$LD_LIBRARY_PATH' " > $SCRIPTFILE && /usr/local/bin/qsub $SCRIPTFILE && rm -f $SCRIPTFILE
2018-04-04 02:36:28,089: radical.saga.pty    : pmgr.0000.launching.0           : Thread-3       : DEBUG   : write: [  154] [ 1474] (SCRIPTFILE=`mktemp -t SAGA-Pyt ... IPTFILE && rm -f $SCRIPTFILE\n)
2018-04-04 02:36:28,423: radical.saga.pty    : pmgr.0000.launching.0           : Thread-3       : DEBUG   : read : [  154] [   14] (403387.smic3\n)
2018-04-04 02:36:28,778: radical.saga.pty    : pmgr.0000.launching.0           : Thread-3       : DEBUG   : read : [  154] [   10] (PROMPT-0->)
2018-04-04 02:37:21,982: radical.saga.pty    : pmgr.0000.launching.0           : Thread-2       : DEBUG   :  ===     5 : <saga.utils.pty_process.PTYProcess object at 0x7f09bec4cb50> : run sync  : unset GREP_OPTIONS; /usr/local/bin/qstat -f1 403387 | grep -E -i '(job_state)|(Job_Name)|(exec_host)|(exit_status)|(ctime)|(start_time)|(stime)|(mtime)'
2018-04-04 02:37:21,982: radical.saga.pty    : pmgr.0000.launching.0           : Thread-2       : DEBUG   : flush: [  154] [     ] (flush pty read cache)
2018-04-04 02:37:22,083: radical.saga.pty    : pmgr.0000.launching.0           : Thread-2       : DEBUG   : run_sync: unset GREP_OPTIONS; /usr/local/bin/qstat -f1 403387 | grep -E -i '(job_state)|(Job_Name)|(exec_host)|(exit_status)|(ctime)|(start_time)|(stime)|(mtime)'
2018-04-04 02:37:22,083: radical.saga.pty    : pmgr.0000.launching.0           : Thread-2       : DEBUG   : write: [  154] [  153] (unset GREP_OPTIONS; /usr/local/bin/qstat -f1 403387 | grep -E -i '(job_state)|(Job_Name)|(exec_host)|(exit_status)|(ctime)|(start_time)|(stime)|(mtime)'\n)
2018-04-04 02:37:22,252: radical.saga.pty    : pmgr.0000.launching.0           : Thread-2       : DEBUG   : read : [  154] [ 2922] (    Job_Name = pilot.0000\n    ... r  3 19:36:48 2018\nPROMPT-0->)
2018-04-04 02:38:22,297: radical.saga.pty    : pmgr.0000.launching.0           : Thread-2       : DEBUG   :  ===     5 : <saga.utils.pty_process.PTYProcess object at 0x7f09bec4cb50> : run sync  : unset GREP_OPTIONS; /usr/local/bin/qstat -f1 403387 | grep -E -i '(job_state)|(Job_Name)|(exec_host)|(exit_status)|(ctime)|(start_time)|(stime)|(mtime)'
2018-04-04 02:38:22,297: radical.saga.pty    : pmgr.0000.launching.0           : Thread-2       : DEBUG   : flush: [  154] [     ] (flush pty read cache)
2018-04-04 02:38:22,399: radical.saga.pty    : pmgr.0000.launching.0           : Thread-2       : DEBUG   : run_sync: unset GREP_OPTIONS; /usr/local/bin/qstat -f1 403387 | grep -E -i '(job_state)|(Job_Name)|(exec_host)|(exit_status)|(ctime)|(start_time)|(stime)|(mtime)'
2018-04-04 02:38:22,399: radical.saga.pty    : pmgr.0000.launching.0           : Thread-2       : DEBUG   : write: [  154] [  153] (unset GREP_OPTIONS; /usr/local/bin/qstat -f1 403387 | grep -E -i '(job_state)|(Job_Name)|(exec_host)|(exit_status)|(ctime)|(start_time)|(stime)|(mtime)'\n)
2018-04-04 02:38:22,564: radical.saga.pty    : pmgr.0000.launching.0           : Thread-2       : DEBUG   : read : [  154] [ 2922] (    Job_Name = pilot.0000\n    ... r  3 19:36:48 2018\nPROMPT-0->)
2018-04-04 02:39:22,620: radical.saga.pty    : pmgr.0000.launching.0           : Thread-2       : DEBUG   :  ===     5 : <saga.utils.pty_process.PTYProcess object at 0x7f09bec4cb50> : run sync  : unset GREP_OPTIONS; /usr/local/bin/qstat -f1 403387 | grep -E -i '(job_state)|(Job_Name)|(exec_host)|(exit_status)|(ctime)|(start_time)|(stime)|(mtime)'
2018-04-04 02:39:22,621: radical.saga.pty    : pmgr.0000.launching.0           : Thread-2       : DEBUG   : flush: [  154] [     ] (flush pty read cache)
2018-04-04 02:39:22,722: radical.saga.pty    : pmgr.0000.launching.0           : Thread-2       : DEBUG   : run_sync: unset GREP_OPTIONS; /usr/local/bin/qstat -f1 403387 | grep -E -i '(job_state)|(Job_Name)|(exec_host)|(exit_status)|(ctime)|(start_time)|(stime)|(mtime)'
2018-04-04 02:39:22,722: radical.saga.pty    : pmgr.0000.launching.0           : Thread-2       : DEBUG   : write: [  154] [  153] (unset GREP_OPTIONS; /usr/local/bin/qstat -f1 403387 | grep -E -i '(job_state)|(Job_Name)|(exec_host)|(exit_status)|(ctime)|(start_time)|(stime)|(mtime)'\n)
2018-04-04 02:39:22,889: radical.saga.pty    : pmgr.0000.launching.0           : Thread-2       : DEBUG   : read : [  154] [ 2922] (    Job_Name = pilot.0000\n    ... r  3 19:36:48 2018\nPROMPT-0->)
2018-04-04 02:40:22,949: radical.saga.pty    : pmgr.0000.launching.0           : Thread-2       : DEBUG   :  ===     5 : <saga.utils.pty_process.PTYProcess object at 0x7f09bec4cb50> : run sync  : unset GREP_OPTIONS; /usr/local/bin/qstat -f1 403387 | grep -E -i '(job_state)|(Job_Name)|(exec_host)|(exit_status)|(ctime)|(start_time)|(stime)|(mtime)'
2018-04-04 02:40:22,950: radical.saga.pty    : pmgr.0000.launching.0           : Thread-2       : DEBUG   : flush: [  154] [     ] (flush pty read cache)
2018-04-04 02:40:23,051: radical.saga.pty    : pmgr.0000.launching.0           : Thread-2       : DEBUG   : run_sync: unset GREP_OPTIONS; /usr/local/bin/qstat -f1 403387 | grep -E -i '(job_state)|(Job_Name)|(exec_host)|(exit_status)|(ctime)|(start_time)|(stime)|(mtime)'
2018-04-04 02:40:23,051: radical.saga.pty    : pmgr.0000.launching.0           : Thread-2       : DEBUG   : write: [  154] [  153] (unset GREP_OPTIONS; /usr/local/bin/qstat -f1 403387 | grep -E -i '(job_state)|(Job_Name)|(exec_host)|(exit_status)|(ctime)|(start_time)|(stime)|(mtime)'\n)
2018-04-04 02:40:23,218: radical.saga.pty    : pmgr.0000.launching.0           : Thread-2       : DEBUG   : read : [  154] [ 2922] (    Job_Name = pilot.0000\n    ... r  3 19:36:48 2018\nPROMPT-0->)
2018-04-04 02:41:23,261: radical.saga.pty    : pmgr.0000.launching.0           : Thread-2       : DEBUG   :  ===     5 : <saga.utils.pty_process.PTYProcess object at 0x7f09bec4cb50> : run sync  : unset GREP_OPTIONS; /usr/local/bin/qstat -f1 403387 | grep -E -i '(job_state)|(Job_Name)|(exec_host)|(exit_status)|(ctime)|(start_time)|(stime)|(mtime)'
2018-04-04 02:41:23,261: radical.saga.pty    : pmgr.0000.launching.0           : Thread-2       : DEBUG   : flush: [  154] [     ] (flush pty read cache)
2018-04-04 02:41:23,362: radical.saga.pty    : pmgr.0000.launching.0           : Thread-2       : DEBUG   : run_sync: unset GREP_OPTIONS; /usr/local/bin/qstat -f1 403387 | grep -E -i '(job_state)|(Job_Name)|(exec_host)|(exit_status)|(ctime)|(start_time)|(stime)|(mtime)'
2018-04-04 02:41:23,362: radical.saga.pty    : pmgr.0000.launching.0           : Thread-2       : DEBUG   : write: [  154] [  153] (unset GREP_OPTIONS; /usr/local/bin/qstat -f1 403387 | grep -E -i '(job_state)|(Job_Name)|(exec_host)|(exit_status)|(ctime)|(start_time)|(stime)|(mtime)'\n)
2018-04-04 02:41:23,542: radical.saga.pty    : pmgr.0000.launching.0           : Thread-2       : DEBUG   : read : [  154] [ 2922] (    Job_Name = pilot.0000\n    ... r  3 19:36:48 2018\nPROMPT-0->)
2018-04-04 02:42:23,587: radical.saga.pty    : pmgr.0000.launching.0           : Thread-2       : DEBUG   :  ===     5 : <saga.utils.pty_process.PTYProcess object at 0x7f09bec4cb50> : run sync  : unset GREP_OPTIONS; /usr/local/bin/qstat -f1 403387 | grep -E -i '(job_state)|(Job_Name)|(exec_host)|(exit_status)|(ctime)|(start_time)|(stime)|(mtime)'
2018-04-04 02:42:23,587: radical.saga.pty    : pmgr.0000.launching.0           : Thread-2       : DEBUG   : flush: [  154] [     ] (flush pty read cache)
2018-04-04 02:42:23,688: radical.saga.pty    : pmgr.0000.launching.0           : Thread-2       : DEBUG   : run_sync: unset GREP_OPTIONS; /usr/local/bin/qstat -f1 403387 | grep -E -i '(job_state)|(Job_Name)|(exec_host)|(exit_status)|(ctime)|(start_time)|(stime)|(mtime)'
2018-04-04 02:42:23,688: radical.saga.pty    : pmgr.0000.launching.0           : Thread-2       : DEBUG   : write: [  154] [  153] (unset GREP_OPTIONS; /usr/local/bin/qstat -f1 403387 | grep -E -i '(job_state)|(Job_Name)|(exec_host)|(exit_status)|(ctime)|(start_time)|(stime)|(mtime)'\n)
2018-04-04 02:42:23,877: radical.saga.pty    : pmgr.0000.launching.0           : Thread-2       : DEBUG   : read : [  154] [ 2922] (    Job_Name = pilot.0000\n    ... r  3 19:36:48 2018\nPROMPT-0->)
2018-04-04 02:43:23,899: radical.saga.pty    : pmgr.0000.launching.0           : Thread-2       : DEBUG   :  ===     5 : <saga.utils.pty_process.PTYProcess object at 0x7f09bec4cb50> : run sync  : unset GREP_OPTIONS; /usr/local/bin/qstat -f1 403387 | grep -E -i '(job_state)|(Job_Name)|(exec_host)|(exit_status)|(ctime)|(start_time)|(stime)|(mtime)'
2018-04-04 02:43:23,900: radical.saga.pty    : pmgr.0000.launching.0           : Thread-2       : DEBUG   : flush: [  154] [     ] (flush pty read cache)
2018-04-04 02:43:24,001: radical.saga.pty    : pmgr.0000.launching.0           : Thread-2       : DEBUG   : run_sync: unset GREP_OPTIONS; /usr/local/bin/qstat -f1 403387 | grep -E -i '(job_state)|(Job_Name)|(exec_host)|(exit_status)|(ctime)|(start_time)|(stime)|(mtime)'
2018-04-04 02:43:24,001: radical.saga.pty    : pmgr.0000.launching.0           : Thread-2       : DEBUG   : write: [  154] [  153] (unset GREP_OPTIONS; /usr/local/bin/qstat -f1 403387 | grep -E -i '(job_state)|(Job_Name)|(exec_host)|(exit_status)|(ctime)|(start_time)|(stime)|(mtime)'\n)
2018-04-04 02:43:24,168: radical.saga.pty    : pmgr.0000.launching.0           : Thread-2       : DEBUG   : read : [  154] [ 2922] (    Job_Name = pilot.0000\n    ... r  3 19:36:48 2018\nPROMPT-0->)
2018-04-04 02:44:24,222: radical.saga.pty    : pmgr.0000.launching.0           : Thread-2       : DEBUG   :  ===     5 : <saga.utils.pty_process.PTYProcess object at 0x7f09bec4cb50> : run sync  : unset GREP_OPTIONS; /usr/local/bin/qstat -f1 403387 | grep -E -i '(job_state)|(Job_Name)|(exec_host)|(exit_status)|(ctime)|(start_time)|(stime)|(mtime)'
2018-04-04 02:44:24,222: radical.saga.pty    : pmgr.0000.launching.0           : Thread-2       : DEBUG   : flush: [  154] [     ] (flush pty read cache)
2018-04-04 02:44:24,324: radical.saga.pty    : pmgr.0000.launching.0           : Thread-2       : DEBUG   : run_sync: unset GREP_OPTIONS; /usr/local/bin/qstat -f1 403387 | grep -E -i '(job_state)|(Job_Name)|(exec_host)|(exit_status)|(ctime)|(start_time)|(stime)|(mtime)'
2018-04-04 02:44:24,324: radical.saga.pty    : pmgr.0000.launching.0           : Thread-2       : DEBUG   : write: [  154] [  153] (unset GREP_OPTIONS; /usr/local/bin/qstat -f1 403387 | grep -E -i '(job_state)|(Job_Name)|(exec_host)|(exit_status)|(ctime)|(start_time)|(stime)|(mtime)'\n)
2018-04-04 02:44:24,492: radical.saga.pty    : pmgr.0000.launching.0           : Thread-2       : DEBUG   : read : [  154] [ 2922] (    Job_Name = pilot.0000\n    ... r  3 19:36:48 2018\nPROMPT-0->)
2018-04-04 02:45:24,550: radical.saga.pty    : pmgr.0000.launching.0           : Thread-2       : DEBUG   :  ===     5 : <saga.utils.pty_process.PTYProcess object at 0x7f09bec4cb50> : run sync  : unset GREP_OPTIONS; /usr/local/bin/qstat -f1 403387 | grep -E -i '(job_state)|(Job_Name)|(exec_host)|(exit_status)|(ctime)|(start_time)|(stime)|(mtime)'
2018-04-04 02:45:24,550: radical.saga.pty    : pmgr.0000.launching.0           : Thread-2       : DEBUG   : flush: [  154] [     ] (flush pty read cache)
2018-04-04 02:45:24,651: radical.saga.pty    : pmgr.0000.launching.0           : Thread-2       : DEBUG   : run_sync: unset GREP_OPTIONS; /usr/local/bin/qstat -f1 403387 | grep -E -i '(job_state)|(Job_Name)|(exec_host)|(exit_status)|(ctime)|(start_time)|(stime)|(mtime)'
2018-04-04 02:45:24,651: radical.saga.pty    : pmgr.0000.launching.0           : Thread-2       : DEBUG   : write: [  154] [  153] (unset GREP_OPTIONS; /usr/local/bin/qstat -f1 403387 | grep -E -i '(job_state)|(Job_Name)|(exec_host)|(exit_status)|(ctime)|(start_time)|(stime)|(mtime)'\n)
2018-04-04 02:45:24,819: radical.saga.pty    : pmgr.0000.launching.0           : Thread-2       : DEBUG   : read : [  154] [ 2922] (    Job_Name = pilot.0000\n    ... r  3 19:36:48 2018\nPROMPT-0->)
2018-04-04 02:46:24,874: radical.saga.pty    : pmgr.0000.launching.0           : Thread-2       : DEBUG   :  ===     5 : <saga.utils.pty_process.PTYProcess object at 0x7f09bec4cb50> : run sync  : unset GREP_OPTIONS; /usr/local/bin/qstat -f1 403387 | grep -E -i '(job_state)|(Job_Name)|(exec_host)|(exit_status)|(ctime)|(start_time)|(stime)|(mtime)'
2018-04-04 02:46:24,874: radical.saga.pty    : pmgr.0000.launching.0           : Thread-2       : DEBUG   : flush: [  154] [     ] (flush pty read cache)
2018-04-04 02:46:24,975: radical.saga.pty    : pmgr.0000.launching.0           : Thread-2       : DEBUG   : run_sync: unset GREP_OPTIONS; /usr/local/bin/qstat -f1 403387 | grep -E -i '(job_state)|(Job_Name)|(exec_host)|(exit_status)|(ctime)|(start_time)|(stime)|(mtime)'
2018-04-04 02:46:24,975: radical.saga.pty    : pmgr.0000.launching.0           : Thread-2       : DEBUG   : write: [  154] [  153] (unset GREP_OPTIONS; /usr/local/bin/qstat -f1 403387 | grep -E -i '(job_state)|(Job_Name)|(exec_host)|(exit_status)|(ctime)|(start_time)|(stime)|(mtime)'\n)
2018-04-04 02:46:25,143: radical.saga.pty    : pmgr.0000.launching.0           : Thread-2       : DEBUG   : read : [  154] [ 2922] (    Job_Name = pilot.0000\n    ... r  3 19:36:48 2018\nPROMPT-0->)
2018-04-04 02:47:25,202: radical.saga.pty    : pmgr.0000.launching.0           : Thread-2       : DEBUG   :  ===     5 : <saga.utils.pty_process.PTYProcess object at 0x7f09bec4cb50> : run sync  : unset GREP_OPTIONS; /usr/local/bin/qstat -f1 403387 | grep -E -i '(job_state)|(Job_Name)|(exec_host)|(exit_status)|(ctime)|(start_time)|(stime)|(mtime)'
2018-04-04 02:47:25,202: radical.saga.pty    : pmgr.0000.launching.0           : Thread-2       : DEBUG   : flush: [  154] [     ] (flush pty read cache)
2018-04-04 02:47:25,304: radical.saga.pty    : pmgr.0000.launching.0           : Thread-2       : DEBUG   : run_sync: unset GREP_OPTIONS; /usr/local/bin/qstat -f1 403387 | grep -E -i '(job_state)|(Job_Name)|(exec_host)|(exit_status)|(ctime)|(start_time)|(stime)|(mtime)'
2018-04-04 02:47:25,304: radical.saga.pty    : pmgr.0000.launching.0           : Thread-2       : DEBUG   : write: [  154] [  153] (unset GREP_OPTIONS; /usr/local/bin/qstat -f1 403387 | grep -E -i '(job_state)|(Job_Name)|(exec_host)|(exit_status)|(ctime)|(start_time)|(stime)|(mtime)'\n)
2018-04-04 02:47:25,469: radical.saga.pty    : pmgr.0000.launching.0           : Thread-2       : DEBUG   : read : [  154] [ 2922] (    Job_Name = pilot.0000\n    ... r  3 19:36:48 2018\nPROMPT-0->)
2018-04-04 02:48:25,515: radical.saga.pty    : pmgr.0000.launching.0           : Thread-2       : DEBUG   :  ===     5 : <saga.utils.pty_process.PTYProcess object at 0x7f09bec4cb50> : run sync  : unset GREP_OPTIONS; /usr/local/bin/qstat -f1 403387 | grep -E -i '(job_state)|(Job_Name)|(exec_host)|(exit_status)|(ctime)|(start_time)|(stime)|(mtime)'
2018-04-04 02:48:25,515: radical.saga.pty    : pmgr.0000.launching.0           : Thread-2       : DEBUG   : flush: [  154] [     ] (flush pty read cache)
2018-04-04 02:48:25,616: radical.saga.pty    : pmgr.0000.launching.0           : Thread-2       : DEBUG   : run_sync: unset GREP_OPTIONS; /usr/local/bin/qstat -f1 403387 | grep -E -i '(job_state)|(Job_Name)|(exec_host)|(exit_status)|(ctime)|(start_time)|(stime)|(mtime)'
2018-04-04 02:48:25,617: radical.saga.pty    : pmgr.0000.launching.0           : Thread-2       : DEBUG   : write: [  154] [  153] (unset GREP_OPTIONS; /usr/local/bin/qstat -f1 403387 | grep -E -i '(job_state)|(Job_Name)|(exec_host)|(exit_status)|(ctime)|(start_time)|(stime)|(mtime)'\n)
2018-04-04 02:48:25,783: radical.saga.pty    : pmgr.0000.launching.0           : Thread-2       : DEBUG   : read : [  154] [ 2922] (    Job_Name = pilot.0000\n    ... r  3 19:36:48 2018\nPROMPT-0->)
2018-04-04 02:49:25,841: radical.saga.pty    : pmgr.0000.launching.0           : Thread-2       : DEBUG   :  ===     5 : <saga.utils.pty_process.PTYProcess object at 0x7f09bec4cb50> : run sync  : unset GREP_OPTIONS; /usr/local/bin/qstat -f1 403387 | grep -E -i '(job_state)|(Job_Name)|(exec_host)|(exit_status)|(ctime)|(start_time)|(stime)|(mtime)'
2018-04-04 02:49:25,841: radical.saga.pty    : pmgr.0000.launching.0           : Thread-2       : DEBUG   : flush: [  154] [     ] (flush pty read cache)
2018-04-04 02:49:25,942: radical.saga.pty    : pmgr.0000.launching.0           : Thread-2       : DEBUG   : run_sync: unset GREP_OPTIONS; /usr/local/bin/qstat -f1 403387 | grep -E -i '(job_state)|(Job_Name)|(exec_host)|(exit_status)|(ctime)|(start_time)|(stime)|(mtime)'
2018-04-04 02:49:25,942: radical.saga.pty    : pmgr.0000.launching.0           : Thread-2       : DEBUG   : write: [  154] [  153] (unset GREP_OPTIONS; /usr/local/bin/qstat -f1 403387 | grep -E -i '(job_state)|(Job_Name)|(exec_host)|(exit_status)|(ctime)|(start_time)|(stime)|(mtime)'\n)
2018-04-04 02:49:26,110: radical.saga.pty    : pmgr.0000.launching.0           : Thread-2       : DEBUG   : read : [  154] [ 2922] (    Job_Name = pilo