2018-04-04 02:36:01,746: state.pubsub.pub.0001: pmgr.0000.launching.0           : MainThread     : INFO    : python.interpreter   version: 2.7.14 (default, Sep 23 2017, 22:06:14) [GCC 7.2.0]
2018-04-04 02:36:01,746: state.pubsub.pub.0001: pmgr.0000.launching.0           : MainThread     : INFO    :                      pid: 24411
2018-04-04 02:36:01,746: state.pubsub.pub.0001: pmgr.0000.launching.0           : MainThread     : INFO    :                      tid: MainThread
2018-04-04 02:36:01,747: state.pubsub.pub.0001: pmgr.0000.launching.0           : MainThread     : INFO    : radical.pilot        version: 0.47-0.47-14-gb1dff8bd@devel
2018-04-04 02:36:01,747: state.pubsub.pub.0001: pmgr.0000.launching.0           : MainThread     : INFO    : create state_pubsub - pub - tcp://144.76.72.175:46753
2018-04-04 02:36:01,747: state.pubsub.pub.0001: pmgr.0000.launching.0           : MainThread     : DEBUG   : start process
2018-04-04 02:36:01,747: state.pubsub.pub.0001: pmgr.0000.launching.0           : MainThread     : DEBUG   : ru_initialize_common (NOOP)
2018-04-04 02:36:01,747: state.pubsub.pub.0001: pmgr.0000.launching.0           : MainThread     : DEBUG   : ru_initialize_parent (NOOP)
2018-04-04 02:36:01,747: state.pubsub.pub.0001: pmgr.0000.launching.0           : MainThread     : DEBUG   : process class started (no child)
2018-04-04 02:36:01,790: state.pubsub.pub.0001: MainProcess                     : MainThread     : INFO    : python.interpreter   version: 2.7.14 (default, Sep 23 2017, 22:06:14) [GCC 7.2.0]
2018-04-04 02:36:01,790: state.pubsub.pub.0001: MainProcess                     : MainThread     : INFO    :                      pid: 24327
2018-04-04 02:36:01,790: state.pubsub.pub.0001: MainProcess                     : MainThread     : INFO    :                      tid: MainThread
2018-04-04 02:36:01,790: state.pubsub.pub.0001: MainProcess                     : MainThread     : INFO    : radical.pilot        version: 0.47-0.47-14-gb1dff8bd@devel
2018-04-04 02:36:01,790: state.pubsub.pub.0001: MainProcess                     : MainThread     : INFO    : create state_pubsub - pub - tcp://144.76.72.175:46753
2018-04-04 02:36:01,791: state.pubsub.pub.0001: MainProcess                     : MainThread     : DEBUG   : start process
2018-04-04 02:36:01,791: state.pubsub.pub.0001: MainProcess                     : MainThread     : DEBUG   : ru_initialize_common (NOOP)
2018-04-04 02:36:01,791: state.pubsub.pub.0001: MainProcess                     : MainThread     : DEBUG   : ru_initialize_parent (NOOP)
2018-04-04 02:36:01,791: state.pubsub.pub.0001: MainProcess                     : MainThread     : DEBUG   : process class started (no child)
2018-04-04 02:49:50,216: state.pubsub.pub.0001: MainProcess                     : MainThread     : INFO    : parent stops child  24327 -> None [state.pubsub.pub.0001]
2018-04-04 02:49:50,216: state.pubsub.pub.0001: MainProcess                     : MainThread     : DEBUG   : ru_finalize_parent (NOOP)
