2018-04-04 02:36:07,051: umgr.0000.staging.output.0: MainProcess                     : MainThread     : INFO    : python.interpreter   version: 2.7.14 (default, Sep 23 2017, 22:06:14) [GCC 7.2.0]
2018-04-04 02:36:07,051: umgr.0000.staging.output.0: MainProcess                     : MainThread     : INFO    :                      pid: 24327
2018-04-04 02:36:07,051: umgr.0000.staging.output.0: MainProcess                     : MainThread     : INFO    :                      tid: MainThread
2018-04-04 02:36:07,051: umgr.0000.staging.output.0: MainProcess                     : MainThread     : INFO    : radical.pilot        version: 0.47-0.47-14-gb1dff8bd@devel
2018-04-04 02:36:07,051: umgr.0000.staging.output.0: MainProcess                     : MainThread     : DEBUG   : alive check in term
2018-04-04 02:36:07,051: umgr.0000.staging.output.0: MainProcess                     : MainThread     : DEBUG   : start process
2018-04-04 02:36:07,071: umgr.0000.staging.output.0: MainProcess                     : MainThread     : INFO    : recv message: alive
2018-04-04 02:36:07,071: umgr.0000.staging.output.0: MainProcess                     : MainThread     : INFO    : initialize umgr.0000.staging.output.0
2018-04-04 02:36:07,073: umgr.0000.staging.output.0: MainProcess                     : MainThread     : INFO    : cfg: {'agents': {},
 u'bridges': {u'control_pubsub': {'addr_in': 'tcp://144.76.72.175:35047',
                                  'addr_out': 'tcp://144.76.72.175:42389',
                                  u'bulk_size': 0,
                                  u'log_level': u'debug',
                                  u'stall_hwm': 1},
              u'log_pubsub': {'addr_in': 'tcp://144.76.72.175:45189',
                              'addr_out': 'tcp://144.76.72.175:44587',
                              u'bulk_size': 0,
                              u'log_level': u'debug',
                              u'stall_hwm': 1},
              u'state_pubsub': {'addr_in': 'tcp://144.76.72.175:46753',
                                'addr_out': 'tcp://144.76.72.175:46755',
                                u'bulk_size': 0,
                                u'log_level': u'debug',
                                u'stall_hwm': 1},
              u'umgr_reschedule_pubsub': {'addr_in': 'tcp://144.76.72.175:42193',
                                          'addr_out': 'tcp://144.76.72.175:37825',
                                          u'bulk_size': 0,
                                          u'log_level': u'debug',
                                          u'stall_hwm': 1},
              u'umgr_scheduling_queue': {'addr_in': 'tcp://144.76.72.175:36493',
                                         'addr_out': 'tcp://144.76.72.175:36231',
                                         u'bulk_size': 0,
                                         u'log_level': u'debug',
                                         u'stall_hwm': 1},
              u'umgr_staging_input_queue': {'addr_in': 'tcp://144.76.72.175:39231',
                                            'addr_out': 'tcp://144.76.72.175:39601',
                                            u'bulk_size': 0,
                                            u'log_level': u'debug',
                                            u'stall_hwm': 1},
              u'umgr_staging_output_queue': {'addr_in': 'tcp://144.76.72.175:40165',
                                             'addr_out': 'tcp://144.76.72.175:33953',
                                             u'bulk_size': 0,
                                             u'log_level': u'debug',
                                             u'stall_hwm': 1},
              u'umgr_unschedule_pubsub': {'addr_in': 'tcp://144.76.72.175:36825',
                                          'addr_out': 'tcp://144.76.72.175:46059',
                                          u'bulk_size': 0,
                                          u'log_level': u'debug',
                                          u'stall_hwm': 1}},
 u'bulk_collection_size': 100,
 u'bulk_collection_time': 1.0,
 'cname': u'UMGRStagingOutputComponent',
 u'components': {},
 u'count': 1,
 u'db_poll_sleeptime': 1.0,
 'number': 0,
 'owner': 'umgr.0000',
 u'scheduler': u'round_robin',
 'uid': 'umgr.0000'}
2018-04-04 02:36:07,073: umgr.0000.staging.output.0: MainProcess                     : MainThread     : DEBUG   : alive check in term
2018-04-04 02:36:07,073: umgr.0000.staging.output.0: MainProcess                     : MainThread     : DEBUG   : START: umgr.0000.staging.output.0 register publisher log_pubsub
2018-04-04 02:36:07,073: umgr.0000.staging.output.0: MainProcess                     : MainThread     : DEBUG   : using addr tcp://144.76.72.175:45189 for pubsub log_pubsub
2018-04-04 02:36:07,093: umgr.0000.staging.output.0: MainProcess                     : MainThread     : DEBUG   : registered publisher : log_pubsub : log.pubsub.pub.0004
2018-04-04 02:36:07,093: umgr.0000.staging.output.0: MainProcess                     : MainThread     : DEBUG   : alive check in term
2018-04-04 02:36:07,093: umgr.0000.staging.output.0: MainProcess                     : MainThread     : DEBUG   : START: umgr.0000.staging.output.0 register publisher state_pubsub
2018-04-04 02:36:07,093: umgr.0000.staging.output.0: MainProcess                     : MainThread     : DEBUG   : using addr tcp://144.76.72.175:46753 for pubsub state_pubsub
2018-04-04 02:36:07,095: umgr.0000.staging.output.0: MainProcess                     : MainThread     : DEBUG   : registered publisher : state_pubsub : state.pubsub.pub.0004
2018-04-04 02:36:07,096: umgr.0000.staging.output.0: MainProcess                     : MainThread     : DEBUG   : alive check in term
2018-04-04 02:36:07,096: umgr.0000.staging.output.0: MainProcess                     : MainThread     : DEBUG   : START: umgr.0000.staging.output.0 register publisher control_pubsub
2018-04-04 02:36:07,096: umgr.0000.staging.output.0: MainProcess                     : MainThread     : DEBUG   : using addr tcp://144.76.72.175:35047 for pubsub control_pubsub
2018-04-04 02:36:07,098: umgr.0000.staging.output.0: MainProcess                     : MainThread     : DEBUG   : registered publisher : control_pubsub : control.pubsub.pub.0004
2018-04-04 02:36:07,099: umgr.0000.staging.output.0: MainProcess                     : MainThread     : DEBUG   : parent name: umgr.0000.staging.output.0.watch
2018-04-04 02:36:07,099: umgr.0000.staging.output.0: MainProcess                     : MainThread     : DEBUG   : start thread
2018-04-04 02:36:07,099: umgr.0000.staging.output.0: MainProcess                     : umgr.0000.staging.output.0.watch: DEBUG   : child name: umgr.0000.staging.output.0.watch.thread
2018-04-04 02:36:07,099: umgr.0000.staging.output.0: MainProcess                     : umgr.0000.staging.output.0.watch: INFO    : child (me) initializing
2018-04-04 02:36:07,099: umgr.0000.staging.output.0: MainProcess                     : umgr.0000.staging.output.0.watch: DEBUG   : ru_initialize_common (NOOP)
2018-04-04 02:36:07,099: umgr.0000.staging.output.0: MainProcess                     : umgr.0000.staging.output.0.watch: DEBUG   : ru_initialize_child (NOOP)
2018-04-04 02:36:07,100: umgr.0000.staging.output.0: MainProcess                     : umgr.0000.staging.output.0.watch: INFO    : send alive
2018-04-04 02:36:07,100: umgr.0000.staging.output.0: MainProcess                     : umgr.0000.staging.output.0.watch: INFO    : put message: [umgr.0000.staging.output.0.watch.thread] alive
2018-04-04 02:36:07,100: umgr.0000.staging.output.0: MainProcess                     : MainThread     : INFO    : get msg: alive
2018-04-04 02:36:07,100: umgr.0000.staging.output.0: MainProcess                     : MainThread     : DEBUG   : ru_initialize_common (NOOP)
2018-04-04 02:36:07,100: umgr.0000.staging.output.0: MainProcess                     : MainThread     : DEBUG   : ru_initialize_parent (NOOP)
2018-04-04 02:36:07,100: umgr.0000.staging.output.0: MainProcess                     : MainThread     : DEBUG   : child thread umgr.0000.staging.output.0.watch started
2018-04-04 02:36:07,101: umgr.0000.staging.output.0: MainProcess                     : MainThread     : INFO    : child is alive
2018-04-04 02:36:07,101: umgr.0000.staging.output.0: MainProcess                     : MainThread     : DEBUG   : process class started child
2018-04-04 02:49:47,713: umgr.0000.staging.output.0: MainProcess                     : MainThread     : INFO    : stop umgr.0000.staging.output.0 (24327 : 24514 : MainThread) [radical.pilot.unit_manager.UnitManager.finalize_parent]
2018-04-04 02:49:47,713: umgr.0000.staging.output.0: MainProcess                     : MainThread     : INFO    : parent stops child  24327 -> 24514 [umgr.0000.staging.output.0]
2018-04-04 02:49:47,713: umgr.0000.staging.output.0: MainProcess                     : MainThread     : INFO    : send message: [umgr.0000.staging.output.0] STOP
2018-04-04 02:49:47,713: umgr.0000.staging.output.0: MainProcess                     : MainThread     : DEBUG   : ru_finalize_common()
2018-04-04 02:49:47,713: umgr.0000.staging.output.0: MainProcess                     : MainThread     : DEBUG   : TERM : umgr.0000.staging.output.0 unregister publisher log_pubsub
2018-04-04 02:49:47,714: umgr.0000.staging.output.0: MainProcess                     : umgr.0000.staging.output.0.watch: INFO    : recv message: 
2018-04-04 02:49:47,714: umgr.0000.staging.output.0: MainProcess                     : umgr.0000.staging.output.0.watch: INFO    : message received: 
2018-04-04 02:49:47,714: umgr.0000.staging.output.0: MainProcess                     : MainThread     : DEBUG   : unregistered publisher log_pubsub
2018-04-04 02:49:47,714: umgr.0000.staging.output.0: MainProcess                     : umgr.0000.staging.output.0.watch: WARNING : received empty string, parent closed ep
2018-04-04 02:49:47,714: umgr.0000.staging.output.0: MainProcess                     : MainThread     : DEBUG   : TERM : umgr.0000.staging.output.0 unregister publisher state_pubsub
2018-04-04 02:49:47,715: umgr.0000.staging.output.0: MainProcess                     : umgr.0000.staging.output.0.watch: INFO    : watcher closes
2018-04-04 02:49:47,715: umgr.0000.staging.output.0: MainProcess                     : umgr.0000.staging.output.0.watch: INFO    : put message: [umgr.0000.staging.output.0.watch.thread] work finished
2018-04-04 02:49:47,715: umgr.0000.staging.output.0: MainProcess                     : umgr.0000.staging.output.0.watch: DEBUG   : ru_finalize_child (NOOP)
2018-04-04 02:49:47,716: umgr.0000.staging.output.0: MainProcess                     : umgr.0000.staging.output.0.watch: DEBUG   : ru_finalize_common (NOOP)
2018-04-04 02:49:47,716: umgr.0000.staging.output.0: MainProcess                     : MainThread     : DEBUG   : unregistered publisher state_pubsub
2018-04-04 02:49:47,716: umgr.0000.staging.output.0: MainProcess                     : umgr.0000.staging.output.0.watch: INFO    : put message: [umgr.0000.staging.output.0.watch.thread] terminating
2018-04-04 02:49:47,716: umgr.0000.staging.output.0: MainProcess                     : MainThread     : DEBUG   : TERM : umgr.0000.staging.output.0 unregister publisher control_pubsub
2018-04-04 02:49:47,717: umgr.0000.staging.output.0: MainProcess                     : MainThread     : DEBUG   : unregistered publisher control_pubsub
2018-04-04 02:49:47,717: umgr.0000.staging.output.0: MainProcess                     : MainThread     : DEBUG   : umgr.0000.staging.output.0 close prof
2018-04-04 02:49:47,717: umgr.0000.staging.output.0: MainProcess                     : MainThread     : INFO    : parent stops child
2018-04-04 02:49:47,717: umgr.0000.staging.output.0: MainProcess                     : MainThread     : DEBUG   : ru_finalize_parent (NOOP)
2018-04-04 02:49:47,717: umgr.0000.staging.output.0: MainProcess                     : MainThread     : DEBUG   : ru_finalize_common (NOOP)
2018-04-04 02:49:50,206: umgr.0000.staging.output.0: MainProcess                     : MainThread     : INFO    : stop umgr.0000.staging.output.0 (24327 : 24514 : MainThread) [radical.pilot.utils.component.UnitManager.ru_finalize_common]
2018-04-04 02:49:55,012: umgr.0000.staging.output.0: MainProcess                     : MainThread     : INFO    : stop umgr.0000.staging.output.0 (24327 : 24514 : MainThread) [radical.pilot.session.Session.close]
