2018-04-04 02:36:01,116: update.0.child      : update.0                        : MainThread     : INFO    : python.interpreter   version: 2.7.14 (default, Sep 23 2017, 22:06:14) [GCC 7.2.0]
2018-04-04 02:36:01,116: update.0.child      : update.0                        : MainThread     : INFO    :                      pid: 24379
2018-04-04 02:36:01,116: update.0.child      : update.0                        : MainThread     : INFO    :                      tid: MainThread
2018-04-04 02:36:01,116: update.0.child      : update.0                        : MainThread     : INFO    : radical.pilot        version: 0.47-0.47-14-gb1dff8bd@devel
2018-04-04 02:36:01,116: update.0.child      : update.0                        : MainThread     : INFO    : initialize update.0.child
2018-04-04 02:36:01,118: update.0.child      : update.0                        : MainThread     : INFO    : cfg: {'agents': {},
 u'bridges': {u'control_pubsub': {'addr_in': 'tcp://144.76.72.175:35047',
                                  'addr_out': 'tcp://144.76.72.175:42389',
                                  u'bulk_size': 0,
                                  u'log_level': u'debug',
                                  u'stall_hwm': 1},
              u'log_pubsub': {'addr_in': 'tcp://144.76.72.175:45189',
                              'addr_out': 'tcp://144.76.72.175:44587',
                              u'bulk_size': 0,
                              u'log_level': u'debug',
                              u'stall_hwm': 1},
              u'state_pubsub': {'addr_in': 'tcp://144.76.72.175:46753',
                                'addr_out': 'tcp://144.76.72.175:46755',
                                u'bulk_size': 0,
                                u'log_level': u'debug',
                                u'stall_hwm': 1}},
 'cname': u'UpdateWorker',
 u'components': {},
 u'count': 1,
 'dburl': 'mongodb://rp:rp@ds015335.mlab.com:15335/rp',
 'debug': 'DEBUG',
 u'default_dburl': u'mongodb://rp:rp@ds015335.mlab.com:15335/rp',
 'logdir': '/home/george/launch-methods-project/orte-example/rp.session.one.george.017625.0001',
 'number': 0,
 'owner': 'rp.session.one.george.017625.0001',
 'session_id': 'rp.session.one.george.017625.0001'}
2018-04-04 02:36:01,118: update.0.child      : update.0                        : MainThread     : DEBUG   : start components: {}
2018-04-04 02:36:01,119: update.0.child      : update.0                        : MainThread     : DEBUG   : alive check in term
2018-04-04 02:36:01,119: update.0.child      : update.0                        : MainThread     : DEBUG   : START: update.0.child register publisher log_pubsub
2018-04-04 02:36:01,119: update.0.child      : update.0                        : MainThread     : DEBUG   : using addr tcp://144.76.72.175:45189 for pubsub log_pubsub
2018-04-04 02:36:01,122: update.0.child      : update.0                        : MainThread     : DEBUG   : registered publisher : log_pubsub : log.pubsub.pub.0000
2018-04-04 02:36:01,122: update.0.child      : update.0                        : MainThread     : DEBUG   : alive check in term
2018-04-04 02:36:01,122: update.0.child      : update.0                        : MainThread     : DEBUG   : START: update.0.child register publisher state_pubsub
2018-04-04 02:36:01,122: update.0.child      : update.0                        : MainThread     : DEBUG   : using addr tcp://144.76.72.175:46753 for pubsub state_pubsub
2018-04-04 02:36:01,123: update.0.child      : update.0                        : MainThread     : DEBUG   : registered publisher : state_pubsub : state.pubsub.pub.0000
2018-04-04 02:36:01,124: update.0.child      : update.0                        : MainThread     : DEBUG   : alive check in term
2018-04-04 02:36:01,124: update.0.child      : update.0                        : MainThread     : DEBUG   : START: update.0.child register publisher control_pubsub
2018-04-04 02:36:01,124: update.0.child      : update.0                        : MainThread     : DEBUG   : using addr tcp://144.76.72.175:35047 for pubsub control_pubsub
2018-04-04 02:36:01,125: update.0.child      : update.0                        : MainThread     : DEBUG   : registered publisher : control_pubsub : control.pubsub.pub.0000
2018-04-04 02:36:01,126: update.0.child      : update.0                        : MainThread     : DEBUG   : alive check in term
2018-04-04 02:36:01,126: update.0.child      : update.0                        : MainThread     : DEBUG   : START: update.0.child register subscriber update.0.child.subscriber._cancel_monitor_cb
2018-04-04 02:36:01,126: update.0.child      : update.0                        : MainThread     : DEBUG   : using addr tcp://144.76.72.175:42389 for pubsub control_pubsub
2018-04-04 02:36:01,153: update.0.child      : update.0                        : MainThread     : DEBUG   : parent name: update.0.child.subscriber._cancel_monitor_cb
2018-04-04 02:36:01,153: update.0.child      : update.0                        : MainThread     : DEBUG   : start thread
2018-04-04 02:36:01,154: update.0.child      : update.0                        : update.0.child.subscriber._cancel_monitor_cb: DEBUG   : child name: update.0.child.subscriber._cancel_monitor_cb.thread
2018-04-04 02:36:01,154: update.0.child      : update.0                        : update.0.child.subscriber._cancel_monitor_cb: INFO    : child (me) initializing
2018-04-04 02:36:01,154: update.0.child      : update.0                        : update.0.child.subscriber._cancel_monitor_cb: DEBUG   : ru_initialize_common (NOOP)
2018-04-04 02:36:01,154: update.0.child      : update.0                        : update.0.child.subscriber._cancel_monitor_cb: DEBUG   : ru_initialize_child (NOOP)
2018-04-04 02:36:01,154: update.0.child      : update.0                        : update.0.child.subscriber._cancel_monitor_cb: INFO    : send alive
2018-04-04 02:36:01,154: update.0.child      : update.0                        : update.0.child.subscriber._cancel_monitor_cb: INFO    : put message: [update.0.child.subscriber._cancel_monitor_cb.thread] alive
2018-04-04 02:36:01,155: update.0.child      : update.0                        : MainThread     : INFO    : get msg: alive
2018-04-04 02:36:01,155: update.0.child      : update.0                        : MainThread     : DEBUG   : ru_initialize_common (NOOP)
2018-04-04 02:36:01,155: update.0.child      : update.0                        : MainThread     : DEBUG   : ru_initialize_parent (NOOP)
2018-04-04 02:36:01,156: update.0.child      : update.0                        : MainThread     : DEBUG   : child thread update.0.child.subscriber._cancel_monitor_cb started
2018-04-04 02:36:01,156: update.0.child      : update.0                        : MainThread     : DEBUG   : update.0.child registered control_pubsub subscriber update.0.child.subscriber._cancel_monitor_cb
2018-04-04 02:36:01,690: update.0.child      : update.0                        : MainThread     : DEBUG   : alive check in term
2018-04-04 02:36:01,690: update.0.child      : update.0                        : MainThread     : DEBUG   : START: update.0.child register subscriber update.0.child.subscriber._state_cb
2018-04-04 02:36:01,690: update.0.child      : update.0                        : MainThread     : DEBUG   : using addr tcp://144.76.72.175:46755 for pubsub state_pubsub
2018-04-04 02:36:01,693: update.0.child      : update.0                        : MainThread     : DEBUG   : parent name: update.0.child.subscriber._state_cb
2018-04-04 02:36:01,693: update.0.child      : update.0                        : MainThread     : DEBUG   : start thread
2018-04-04 02:36:01,693: update.0.child      : update.0                        : update.0.child.subscriber._state_cb: DEBUG   : child name: update.0.child.subscriber._state_cb.thread
2018-04-04 02:36:01,694: update.0.child      : update.0                        : update.0.child.subscriber._state_cb: INFO    : child (me) initializing
2018-04-04 02:36:01,694: update.0.child      : update.0                        : update.0.child.subscriber._state_cb: DEBUG   : ru_initialize_common (NOOP)
2018-04-04 02:36:01,694: update.0.child      : update.0                        : update.0.child.subscriber._state_cb: DEBUG   : ru_initialize_child (NOOP)
2018-04-04 02:36:01,694: update.0.child      : update.0                        : update.0.child.subscriber._state_cb: INFO    : send alive
2018-04-04 02:36:01,694: update.0.child      : update.0                        : update.0.child.subscriber._state_cb: INFO    : put message: [update.0.child.subscriber._state_cb.thread] alive
2018-04-04 02:36:01,695: update.0.child      : update.0                        : MainThread     : INFO    : get msg: alive
2018-04-04 02:36:01,695: update.0.child      : update.0                        : MainThread     : DEBUG   : ru_initialize_common (NOOP)
2018-04-04 02:36:01,695: update.0.child      : update.0                        : MainThread     : DEBUG   : ru_initialize_parent (NOOP)
2018-04-04 02:36:01,695: update.0.child      : update.0                        : MainThread     : DEBUG   : child thread update.0.child.subscriber._state_cb started
2018-04-04 02:36:01,695: update.0.child      : update.0                        : MainThread     : DEBUG   : update.0.child registered state_pubsub subscriber update.0.child.subscriber._state_cb
2018-04-04 02:36:01,695: update.0.child      : update.0                        : MainThread     : DEBUG   : alive check in term
2018-04-04 02:36:01,696: update.0.child      : update.0                        : MainThread     : DEBUG   : START: update.0.child register idler update.0.child.idler._idle_cb
2018-04-04 02:36:01,696: update.0.child      : update.0                        : MainThread     : DEBUG   : parent name: update.0.child.idler._idle_cb
2018-04-04 02:36:01,696: update.0.child      : update.0                        : MainThread     : DEBUG   : start thread
2018-04-04 02:36:01,696: update.0.child      : update.0                        : update.0.child.idler._idle_cb: DEBUG   : child name: update.0.child.idler._idle_cb.thread
2018-04-04 02:36:01,696: update.0.child      : update.0                        : update.0.child.idler._idle_cb: INFO    : child (me) initializing
2018-04-04 02:36:01,697: update.0.child      : update.0                        : update.0.child.idler._idle_cb: DEBUG   : ru_initialize_common (NOOP)
2018-04-04 02:36:01,697: update.0.child      : update.0                        : update.0.child.idler._idle_cb: DEBUG   : ru_initialize_child (NOOP)
2018-04-04 02:36:01,697: update.0.child      : update.0                        : update.0.child.idler._idle_cb: INFO    : send alive
2018-04-04 02:36:01,697: update.0.child      : update.0                        : update.0.child.idler._idle_cb: INFO    : put message: [update.0.child.idler._idle_cb.thread] alive
2018-04-04 02:36:01,698: update.0.child      : update.0                        : MainThread     : INFO    : get msg: alive
2018-04-04 02:36:01,698: update.0.child      : update.0                        : MainThread     : DEBUG   : ru_initialize_common (NOOP)
2018-04-04 02:36:01,698: update.0.child      : update.0                        : MainThread     : DEBUG   : ru_initialize_parent (NOOP)
2018-04-04 02:36:01,698: update.0.child      : update.0                        : MainThread     : DEBUG   : child thread update.0.child.idler._idle_cb started
2018-04-04 02:36:01,698: update.0.child      : update.0                        : MainThread     : DEBUG   : update.0.child registered idler update.0.child.idler._idle_cb
2018-04-04 02:36:01,698: update.0.child      : update.0                        : MainThread     : INFO    : child (me) initializing
2018-04-04 02:36:01,698: update.0.child      : update.0                        : MainThread     : DEBUG   : parent name: update.0.child.watch
2018-04-04 02:36:01,699: update.0.child      : update.0                        : MainThread     : DEBUG   : start thread
2018-04-04 02:36:01,699: update.0.child      : update.0                        : update.0.child.watch: DEBUG   : child name: update.0.child.watch.thread
2018-04-04 02:36:01,699: update.0.child      : update.0                        : update.0.child.watch: INFO    : child (me) initializing
2018-04-04 02:36:01,699: update.0.child      : update.0                        : update.0.child.watch: DEBUG   : ru_initialize_common (NOOP)
2018-04-04 02:36:01,699: update.0.child      : update.0                        : update.0.child.watch: DEBUG   : ru_initialize_child (NOOP)
2018-04-04 02:36:01,700: update.0.child      : update.0                        : update.0.child.watch: INFO    : send alive
2018-04-04 02:36:01,700: update.0.child      : update.0                        : update.0.child.watch: INFO    : put message: [update.0.child.watch.thread] alive
2018-04-04 02:36:01,700: update.0.child      : update.0                        : MainThread     : INFO    : get msg: alive
2018-04-04 02:36:01,701: update.0.child      : update.0                        : MainThread     : DEBUG   : ru_initialize_common (NOOP)
2018-04-04 02:36:01,701: update.0.child      : update.0                        : MainThread     : DEBUG   : ru_initialize_parent (NOOP)
2018-04-04 02:36:01,701: update.0.child      : update.0                        : MainThread     : DEBUG   : child thread update.0.child.watch started
2018-04-04 02:36:01,701: update.0.child      : update.0                        : MainThread     : INFO    : child (me) is alive
2018-04-04 02:36:01,701: update.0.child      : update.0                        : MainThread     : INFO    : send alive
2018-04-04 02:36:01,701: update.0.child      : update.0                        : MainThread     : INFO    : send message: [update.0.child] alive
2018-04-04 02:36:07,021: update.0.child      : update.0                        : update.0.child.subscriber._state_cb: DEBUG   : bulk update result: {'nModified': 1, 'nUpserted': 0, 'nMatched': 1, 'writeErrors': [], 'upserted': [], 'writeConcernErrors': [], 'nRemoved': 0, 'nInserted': 0}
2018-04-04 02:36:07,468: update.0.child      : update.0                        : update.0.child.subscriber._cancel_monitor_cb: DEBUG   : command ignored: add_pilots
2018-04-04 02:36:08,613: update.0.child      : update.0                        : update.0.child.subscriber._state_cb: DEBUG   : bulk update result: {'nModified': 257, 'nUpserted': 0, 'nMatched': 257, 'writeErrors': [], 'upserted': [], 'writeConcernErrors': [], 'nRemoved': 0, 'nInserted': 0}
2018-04-04 02:36:08,810: update.0.child      : update.0                        : update.0.child.subscriber._state_cb: DEBUG   : bulk update result: {'nModified': 256, 'nUpserted': 0, 'nMatched': 256, 'writeErrors': [], 'upserted': [], 'writeConcernErrors': [], 'nRemoved': 0, 'nInserted': 0}
2018-04-04 02:36:09,069: update.0.child      : update.0                        : update.0.child.subscriber._state_cb: DEBUG   : bulk update result: {'nModified': 256, 'nUpserted': 0, 'nMatched': 256, 'writeErrors': [], 'upserted': [], 'writeConcernErrors': [], 'nRemoved': 0, 'nInserted': 0}
2018-04-04 02:36:09,224: update.0.child      : update.0                        : update.0.child.subscriber._state_cb: DEBUG   : bulk update result: {'nModified': 256, 'nUpserted': 0, 'nMatched': 256, 'writeErrors': [], 'upserted': [], 'writeConcernErrors': [], 'nRemoved': 0, 'nInserted': 0}
2018-04-04 02:36:19,227: update.0.child      : update.0                        : update.0.child.subscriber._state_cb: DEBUG   : bulk update result: {'nModified': 256, 'nUpserted': 0, 'nMatched': 256, 'writeErrors': [], 'upserted': [], 'writeConcernErrors': [], 'nRemoved': 0, 'nInserted': 0}
2018-04-04 02:36:28,889: update.0.child      : update.0                        : update.0.child.subscriber._state_cb: DEBUG   : bulk update result: {'nModified': 1, 'nUpserted': 0, 'nMatched': 1, 'writeErrors': [], 'upserted': [], 'writeConcernErrors': [], 'nRemoved': 0, 'nInserted': 0}
2018-04-04 02:37:37,403: update.0.child      : update.0                        : update.0.child.subscriber._state_cb: DEBUG   : bulk update result: {'nModified': 1, 'nUpserted': 0, 'nMatched': 1, 'writeErrors': [], 'upserted': [], 'writeConcernErrors': [], 'nRemoved': 0, 'nInserted': 0}
2018-04-04 02:49:39,876: update.0.child      : update.0                        : update.0.child.subscriber._state_cb: DEBUG   : bulk update result: {'nModified': 66, 'nUpserted': 0, 'nMatched': 66, 'writeErrors': [], 'upserted': [], 'writeConcernErrors': [], 'nRemoved': 0, 'nInserted': 0}
2018-04-04 02:49:40,229: update.0.child      : update.0                        : update.0.child.subscriber._state_cb: DEBUG   : bulk update result: {'nModified': 132, 'nUpserted': 0, 'nMatched': 132, 'writeErrors': [], 'upserted': [], 'writeConcernErrors': [], 'nRemoved': 0, 'nInserted': 0}
2018-04-04 02:49:41,540: update.0.child      : update.0                        : update.0.child.subscriber._state_cb: DEBUG   : bulk update result: {'nModified': 65, 'nUpserted': 0, 'nMatched': 65, 'writeErrors': [], 'upserted': [], 'writeConcernErrors': [], 'nRemoved': 0, 'nInserted': 0}
2018-04-04 02:49:41,892: update.0.child      : update.0                        : update.0.child.subscriber._state_cb: DEBUG   : bulk update result: {'nModified': 130, 'nUpserted': 0, 'nMatched': 130, 'writeErrors': [], 'upserted': [], 'writeConcernErrors': [], 'nRemoved': 0, 'nInserted': 0}
2018-04-04 02:49:43,596: update.0.child      : update.0                        : update.0.child.subscriber._state_cb: DEBUG   : bulk update result: {'nModified': 65, 'nUpserted': 0, 'nMatched': 65, 'writeErrors': [], 'upserted': [], 'writeConcernErrors': [], 'nRemoved': 0, 'nInserted': 0}
2018-04-04 02:49:43,956: update.0.child      : update.0                        : update.0.child.subscriber._state_cb: DEBUG   : bulk update result: {'nModified': 130, 'nUpserted': 0, 'nMatched': 130, 'writeErrors': [], 'upserted': [], 'writeConcernErrors': [], 'nRemoved': 0, 'nInserted': 0}
2018-04-04 02:49:45,024: update.0.child      : update.0                        : update.0.child.subscriber._state_cb: DEBUG   : bulk update result: {'nModified': 33, 'nUpserted': 0, 'nMatched': 33, 'writeErrors': [], 'upserted': [], 'writeConcernErrors': [], 'nRemoved': 0, 'nInserted': 0}
2018-04-04 02:49:46,928: update.0.child      : update.0                        : update.0.child.idler._idle_cb: DEBUG   : bulk update result: {'nModified': 66, 'nUpserted': 0, 'nMatched': 66, 'writeErrors': [], 'upserted': [], 'writeConcernErrors': [], 'nRemoved': 0, 'nInserted': 0}
2018-04-04 02:49:48,254: update.0.child      : update.0                        : update.0.child.idler._idle_cb: DEBUG   : bulk update result: {'nModified': 81, 'nUpserted': 0, 'nMatched': 81, 'writeErrors': [], 'upserted': [], 'writeConcernErrors': [], 'nRemoved': 0, 'nInserted': 0}
2018-04-04 02:49:50,210: update.0.child      : update.0                        : update.0.child.subscriber._cancel_monitor_cb: DEBUG   : command ignored: cancel_pilots
2018-04-04 02:49:50,318: update.0.child      : update.0                        : update.0.child.subscriber._state_cb: DEBUG   : bulk update result: {'nModified': 1, 'nUpserted': 0, 'nMatched': 1, 'writeErrors': [], 'upserted': [], 'writeConcernErrors': [], 'nRemoved': 0, 'nInserted': 0}
2018-04-04 02:49:52,817: update.0.child      : update.0                        : update.0.child.watch: INFO    : recv message: STOP
2018-04-04 02:49:52,817: update.0.child      : update.0                        : update.0.child.watch: INFO    : message received: STOP
2018-04-04 02:49:52,817: update.0.child      : update.0                        : update.0.child.watch: INFO    : STOP received: STOP
2018-04-04 02:49:52,817: update.0.child      : update.0                        : update.0.child.watch: INFO    : watcher closes
2018-04-04 02:49:52,817: update.0.child      : update.0                        : update.0.child.watch: INFO    : put message: [update.0.child.watch.thread] work finished
2018-04-04 02:49:52,818: update.0.child      : update.0                        : update.0.child.watch: DEBUG   : ru_finalize_child (NOOP)
2018-04-04 02:49:52,818: update.0.child      : update.0                        : update.0.child.watch: DEBUG   : ru_finalize_common (NOOP)
2018-04-04 02:49:52,818: update.0.child      : update.0                        : update.0.child.watch: INFO    : put message: [update.0.child.watch.thread] terminating
2018-04-04 02:49:52,875: update.0.child      : update.0                        : MainThread     : WARNING : alive check: proc invalid - stop [False - True]
2018-04-04 02:49:52,911: update.0.child      : update.0                        : MainThread     : INFO    : stop update.0.child (24379 : 24379 : MainThread) [radical.pilot.worker.update.Update.stop]
2018-04-04 02:49:52,911: update.0.child      : update.0                        : MainThread     : INFO    : parent stops child  24379 -> 24379 [update.0.child]
2018-04-04 02:49:52,911: update.0.child      : update.0                        : MainThread     : INFO    : send message: [update.0.child] STOP
2018-04-04 02:49:52,911: update.0.child      : update.0                        : MainThread     : WARNING : send failed ([Errno 9] Bad file descriptor) - terminate
2018-04-04 02:49:52,911: update.0.child      : update.0                        : MainThread     : DEBUG   : TERM : update.0.child unregister idler update.0.child.idler._idle_cb
2018-04-04 02:49:52,911: update.0.child      : update.0                        : MainThread     : INFO    : parent stops child
2018-04-04 02:49:52,911: update.0.child      : update.0                        : MainThread     : DEBUG   : ru_finalize_parent (NOOP)
2018-04-04 02:49:52,911: update.0.child      : update.0                        : MainThread     : DEBUG   : ru_finalize_common (NOOP)
2018-04-04 02:49:52,922: update.0.child      : update.0                        : update.0.child.idler._idle_cb: DEBUG   : ru_finalize_child (NOOP)
2018-04-04 02:49:52,922: update.0.child      : update.0                        : update.0.child.idler._idle_cb: DEBUG   : ru_finalize_common (NOOP)
2018-04-04 02:49:52,922: update.0.child      : update.0                        : update.0.child.idler._idle_cb: INFO    : put message: [update.0.child.idler._idle_cb.thread] terminating
2018-04-04 02:49:52,927: update.0.child      : update.0                        : MainThread     : DEBUG   : TERM : update.0.child unregistered idler update.0.child.idler._idle_cb
2018-04-04 02:49:52,927: update.0.child      : update.0                        : MainThread     : DEBUG   : TERM : update.0.child unregister subscriber update.0.child.subscriber._state_cb
2018-04-04 02:49:52,927: update.0.child      : update.0                        : MainThread     : DEBUG   : unregistered subscriber update.0.child.subscriber._state_cb
2018-04-04 02:49:52,927: update.0.child      : update.0                        : MainThread     : DEBUG   : ru_finalize_common()
2018-04-04 02:49:52,927: update.0.child      : update.0                        : MainThread     : DEBUG   : TERM : update.0.child unregister publisher log_pubsub
2018-04-04 02:49:52,928: update.0.child      : update.0                        : MainThread     : DEBUG   : unregistered publisher log_pubsub
2018-04-04 02:49:52,928: update.0.child      : update.0                        : MainThread     : DEBUG   : TERM : update.0.child unregister publisher state_pubsub
2018-04-04 02:49:52,929: update.0.child      : update.0                        : MainThread     : DEBUG   : unregistered publisher state_pubsub
2018-04-04 02:49:52,929: update.0.child      : update.0                        : MainThread     : DEBUG   : TERM : update.0.child unregister publisher control_pubsub
2018-04-04 02:49:52,930: update.0.child      : update.0                        : MainThread     : DEBUG   : unregistered publisher control_pubsub
2018-04-04 02:49:52,930: update.0.child      : update.0                        : MainThread     : DEBUG   : update.0.child close prof
2018-04-04 02:49:52,930: update.0.child      : update.0                        : MainThread     : INFO    : parent stops child
2018-04-04 02:49:52,930: update.0.child      : update.0                        : MainThread     : DEBUG   : ru_finalize_parent (NOOP)
2018-04-04 02:49:52,931: update.0.child      : update.0                        : MainThread     : DEBUG   : ru_finalize_common (NOOP)
2018-04-04 02:49:52,931: update.0.child      : update.0                        : MainThread     : INFO    : parent stops child
2018-04-04 02:49:52,931: update.0.child      : update.0                        : MainThread     : DEBUG   : ru_finalize_parent (NOOP)
2018-04-04 02:49:52,931: update.0.child      : update.0                        : update.0.child.subscriber._cancel_monitor_cb: DEBUG   : ru_finalize_child (NOOP)
2018-04-04 02:49:52,932: update.0.child      : update.0                        : update.0.child.subscriber._cancel_monitor_cb: INFO    : put message: [update.0.child.subscriber._cancel_monitor_cb.thread] terminating
2018-04-04 02:49:52,933: update.0.child      : update.0                        : MainThread     : INFO    : parent stops child
2018-04-04 02:49:52,933: update.0.child      : update.0                        : MainThread     : DEBUG   : ru_finalize_parent (NOOP)
2018-04-04 02:49:52,933: update.0.child      : update.0                        : update.0.child.subscriber._state_cb: DEBUG   : ru_finalize_child (NOOP)
2018-04-04 02:49:52,934: update.0.child      : update.0                        : update.0.child.subscriber._state_cb: INFO    : put message: [update.0.child.subscriber._state_cb.thread] terminating
2018-04-04 02:49:52,934: update.0.child      : update.0                        : MainThread     : INFO    : parent stops child
2018-04-04 02:49:52,934: update.0.child      : update.0                        : MainThread     : WARNING : super update.0.child is invalid
2018-04-04 02:49:52,934: update.0.child      : update.0                        : MainThread     : WARNING : component update.0.child is invalid
2018-04-04 02:49:52,936: update.0.child      : update.0                        : MainThread     : INFO    : stop update.0.child (24379 : 24379 : MainThread) [radical.pilot.worker.update.Update.stop]
2018-04-04 02:49:52,936: update.0.child      : update.0                        : MainThread     : DEBUG   : TERM : update.0.child unregister idler update.0.child.idler._idle_cb
2018-04-04 02:49:52,936: update.0.child      : update.0                        : MainThread     : WARNING : timed cb update.0.child.idler._idle_cb is not registered
2018-04-04 02:49:52,936: update.0.child      : update.0                        : MainThread     : DEBUG   : TERM : update.0.child unregister subscriber update.0.child.subscriber._state_cb
2018-04-04 02:49:52,936: update.0.child      : update.0                        : MainThread     : WARNING : subscriber _state_cb is not registered
2018-04-04 02:49:52,936: update.0.child      : update.0                        : MainThread     : DEBUG   : ru_finalize_common()
2018-04-04 02:49:52,936: update.0.child      : update.0                        : MainThread     : WARNING : publisher log_pubsub is not registered
2018-04-04 02:49:52,936: update.0.child      : update.0                        : MainThread     : WARNING : publisher state_pubsub is not registered
2018-04-04 02:49:52,936: update.0.child      : update.0                        : MainThread     : WARNING : publisher control_pubsub is not registered
2018-04-04 02:49:52,936: update.0.child      : update.0                        : MainThread     : DEBUG   : update.0.child close prof
2018-04-04 02:49:52,936: update.0.child      : update.0                        : MainThread     : INFO    : send message: [update.0.child] terminating
2018-04-04 02:49:52,936: update.0.child      : update.0                        : MainThread     : WARNING : send failed ([Errno 9] Bad file descriptor) - terminate
2018-04-04 02:49:52,936: update.0.child      : update.0                        : MainThread     : INFO    : parent stops child
2018-04-04 02:49:52,936: update.0.child      : update.0                        : MainThread     : INFO    : parent stops child
2018-04-04 02:49:52,937: update.0.child      : update.0                        : MainThread     : INFO    : parent stops child
