2018-04-04 00:24:22,099: umgr.0000.staging.input.0.child: umgr.0000.staging.input.0       : MainThread     : INFO    : python.interpreter   version: 2.7.14 (default, Sep 23 2017, 22:06:14) [GCC 7.2.0]
2018-04-04 00:24:22,099: umgr.0000.staging.input.0.child: umgr.0000.staging.input.0       : MainThread     : INFO    :                      pid: 4531
2018-04-04 00:24:22,099: umgr.0000.staging.input.0.child: umgr.0000.staging.input.0       : MainThread     : INFO    :                      tid: MainThread
2018-04-04 00:24:22,099: umgr.0000.staging.input.0.child: umgr.0000.staging.input.0       : MainThread     : INFO    : radical.pilot        version: 0.47-0.47-14-gb1dff8bd@devel
2018-04-04 00:24:22,100: umgr.0000.staging.input.0.child: umgr.0000.staging.input.0       : MainThread     : INFO    : initialize umgr.0000.staging.input.0.child
2018-04-04 00:24:22,103: umgr.0000.staging.input.0.child: umgr.0000.staging.input.0       : MainThread     : INFO    : cfg: {'agents': {},
 u'bridges': {u'control_pubsub': {'addr_in': 'tcp://144.76.72.175:36457',
                                  'addr_out': 'tcp://144.76.72.175:45913',
                                  u'bulk_size': 0,
                                  u'log_level': u'debug',
                                  u'stall_hwm': 1},
              u'log_pubsub': {'addr_in': 'tcp://144.76.72.175:38707',
                              'addr_out': 'tcp://144.76.72.175:43527',
                              u'bulk_size': 0,
                              u'log_level': u'debug',
                              u'stall_hwm': 1},
              u'state_pubsub': {'addr_in': 'tcp://144.76.72.175:41443',
                                'addr_out': 'tcp://144.76.72.175:33215',
                                u'bulk_size': 0,
                                u'log_level': u'debug',
                                u'stall_hwm': 1},
              u'umgr_reschedule_pubsub': {'addr_in': 'tcp://144.76.72.175:38799',
                                          'addr_out': 'tcp://144.76.72.175:43577',
                                          u'bulk_size': 0,
                                          u'log_level': u'debug',
                                          u'stall_hwm': 1},
              u'umgr_scheduling_queue': {'addr_in': 'tcp://144.76.72.175:39469',
                                         'addr_out': 'tcp://144.76.72.175:42143',
                                         u'bulk_size': 0,
                                         u'log_level': u'debug',
                                         u'stall_hwm': 1},
              u'umgr_staging_input_queue': {'addr_in': 'tcp://144.76.72.175:40191',
                                            'addr_out': 'tcp://144.76.72.175:37669',
                                            u'bulk_size': 0,
                                            u'log_level': u'debug',
                                            u'stall_hwm': 1},
              u'umgr_staging_output_queue': {'addr_in': 'tcp://144.76.72.175:40457',
                                             'addr_out': 'tcp://144.76.72.175:34537',
                                             u'bulk_size': 0,
                                             u'log_level': u'debug',
                                             u'stall_hwm': 1},
              u'umgr_unschedule_pubsub': {'addr_in': 'tcp://144.76.72.175:46343',
                                          'addr_out': 'tcp://144.76.72.175:39905',
                                          u'bulk_size': 0,
                                          u'log_level': u'debug',
                                          u'stall_hwm': 1}},
 u'bulk_collection_size': 100,
 u'bulk_collection_time': 1.0,
 'cname': u'UMGRStagingInputComponent',
 u'components': {},
 u'count': 1,
 u'db_poll_sleeptime': 1.0,
 'number': 0,
 'owner': 'umgr.0000',
 u'scheduler': u'round_robin',
 'uid': 'umgr.0000'}
2018-04-04 00:24:22,103: umgr.0000.staging.input.0.child: umgr.0000.staging.input.0       : MainThread     : DEBUG   : start components: {}
2018-04-04 00:24:22,103: umgr.0000.staging.input.0.child: umgr.0000.staging.input.0       : MainThread     : DEBUG   : alive check in term
2018-04-04 00:24:22,103: umgr.0000.staging.input.0.child: umgr.0000.staging.input.0       : MainThread     : DEBUG   : START: umgr.0000.staging.input.0.child register publisher log_pubsub
2018-04-04 00:24:22,103: umgr.0000.staging.input.0.child: umgr.0000.staging.input.0       : MainThread     : DEBUG   : using addr tcp://144.76.72.175:38707 for pubsub log_pubsub
2018-04-04 00:24:22,105: umgr.0000.staging.input.0.child: umgr.0000.staging.input.0       : MainThread     : DEBUG   : registered publisher : log_pubsub : log.pubsub.pub.0003
2018-04-04 00:24:22,106: umgr.0000.staging.input.0.child: umgr.0000.staging.input.0       : MainThread     : DEBUG   : alive check in term
2018-04-04 00:24:22,106: umgr.0000.staging.input.0.child: umgr.0000.staging.input.0       : MainThread     : DEBUG   : START: umgr.0000.staging.input.0.child register publisher state_pubsub
2018-04-04 00:24:22,106: umgr.0000.staging.input.0.child: umgr.0000.staging.input.0       : MainThread     : DEBUG   : using addr tcp://144.76.72.175:41443 for pubsub state_pubsub
2018-04-04 00:24:22,107: umgr.0000.staging.input.0.child: umgr.0000.staging.input.0       : MainThread     : DEBUG   : registered publisher : state_pubsub : state.pubsub.pub.0003
2018-04-04 00:24:22,107: umgr.0000.staging.input.0.child: umgr.0000.staging.input.0       : MainThread     : DEBUG   : alive check in term
2018-04-04 00:24:22,107: umgr.0000.staging.input.0.child: umgr.0000.staging.input.0       : MainThread     : DEBUG   : START: umgr.0000.staging.input.0.child register publisher control_pubsub
2018-04-04 00:24:22,107: umgr.0000.staging.input.0.child: umgr.0000.staging.input.0       : MainThread     : DEBUG   : using addr tcp://144.76.72.175:36457 for pubsub control_pubsub
2018-04-04 00:24:22,109: umgr.0000.staging.input.0.child: umgr.0000.staging.input.0       : MainThread     : DEBUG   : registered publisher : control_pubsub : control.pubsub.pub.0003
2018-04-04 00:24:22,109: umgr.0000.staging.input.0.child: umgr.0000.staging.input.0       : MainThread     : DEBUG   : alive check in term
2018-04-04 00:24:22,109: umgr.0000.staging.input.0.child: umgr.0000.staging.input.0       : MainThread     : DEBUG   : START: umgr.0000.staging.input.0.child register subscriber umgr.0000.staging.input.0.child.subscriber._cancel_monitor_cb
2018-04-04 00:24:22,109: umgr.0000.staging.input.0.child: umgr.0000.staging.input.0       : MainThread     : DEBUG   : using addr tcp://144.76.72.175:45913 for pubsub control_pubsub
2018-04-04 00:24:22,136: umgr.0000.staging.input.0.child: umgr.0000.staging.input.0       : MainThread     : DEBUG   : parent name: umgr.0000.staging.input.0.child.subscriber._cancel_monitor_cb
2018-04-04 00:24:22,137: umgr.0000.staging.input.0.child: umgr.0000.staging.input.0       : MainThread     : DEBUG   : start thread
2018-04-04 00:24:22,137: umgr.0000.staging.input.0.child: umgr.0000.staging.input.0       : umgr.0000.staging.input.0.child.subscriber._cancel_monitor_cb: DEBUG   : child name: umgr.0000.staging.input.0.child.subscriber._cancel_monitor_cb.thread
2018-04-04 00:24:22,137: umgr.0000.staging.input.0.child: umgr.0000.staging.input.0       : umgr.0000.staging.input.0.child.subscriber._cancel_monitor_cb: INFO    : child (me) initializing
2018-04-04 00:24:22,137: umgr.0000.staging.input.0.child: umgr.0000.staging.input.0       : umgr.0000.staging.input.0.child.subscriber._cancel_monitor_cb: DEBUG   : ru_initialize_common (NOOP)
2018-04-04 00:24:22,137: umgr.0000.staging.input.0.child: umgr.0000.staging.input.0       : umgr.0000.staging.input.0.child.subscriber._cancel_monitor_cb: DEBUG   : ru_initialize_child (NOOP)
2018-04-04 00:24:22,138: umgr.0000.staging.input.0.child: umgr.0000.staging.input.0       : umgr.0000.staging.input.0.child.subscriber._cancel_monitor_cb: INFO    : send alive
2018-04-04 00:24:22,138: umgr.0000.staging.input.0.child: umgr.0000.staging.input.0       : umgr.0000.staging.input.0.child.subscriber._cancel_monitor_cb: INFO    : put message: [umgr.0000.staging.input.0.child.subscriber._cancel_monitor_cb.thread] alive
2018-04-04 00:24:22,138: umgr.0000.staging.input.0.child: umgr.0000.staging.input.0       : MainThread     : INFO    : get msg: alive
2018-04-04 00:24:22,138: umgr.0000.staging.input.0.child: umgr.0000.staging.input.0       : MainThread     : DEBUG   : ru_initialize_common (NOOP)
2018-04-04 00:24:22,139: umgr.0000.staging.input.0.child: umgr.0000.staging.input.0       : MainThread     : DEBUG   : ru_initialize_parent (NOOP)
2018-04-04 00:24:22,139: umgr.0000.staging.input.0.child: umgr.0000.staging.input.0       : MainThread     : DEBUG   : child thread umgr.0000.staging.input.0.child.subscriber._cancel_monitor_cb started
2018-04-04 00:24:22,139: umgr.0000.staging.input.0.child: umgr.0000.staging.input.0       : MainThread     : DEBUG   : umgr.0000.staging.input.0.child registered control_pubsub subscriber umgr.0000.staging.input.0.child.subscriber._cancel_monitor_cb
2018-04-04 00:24:22,139: umgr.0000.staging.input.0.child: umgr.0000.staging.input.0       : MainThread     : DEBUG   : alive check in term
2018-04-04 00:24:22,139: umgr.0000.staging.input.0.child: umgr.0000.staging.input.0       : MainThread     : DEBUG   : using addr tcp://144.76.72.175:37669 for input umgr_staging_input_queue
2018-04-04 00:24:22,141: umgr.0000.staging.input.0.child: umgr.0000.staging.input.0       : MainThread     : DEBUG   : registered input umgr.0000.staging.input.0.child.work.UMGR_STAGING_INPUT_PENDING
2018-04-04 00:24:22,141: umgr.0000.staging.input.0.child: umgr.0000.staging.input.0       : MainThread     : DEBUG   : START: umgr.0000.staging.input.0.child register input UMGR_STAGING_INPUT_PENDING: umgr.0000.staging.input.0.child.work.UMGR_STAGING_INPUT_PENDING
2018-04-04 00:24:22,141: umgr.0000.staging.input.0.child: umgr.0000.staging.input.0       : MainThread     : DEBUG   : registered worker work [UMGR_STAGING_INPUT_PENDING]
2018-04-04 00:24:22,142: umgr.0000.staging.input.0.child: umgr.0000.staging.input.0       : MainThread     : DEBUG   : alive check in term
2018-04-04 00:24:22,142: umgr.0000.staging.input.0.child: umgr.0000.staging.input.0       : MainThread     : DEBUG   : START: umgr.0000.staging.input.0.child register output AGENT_STAGING_INPUT_PENDING
2018-04-04 00:24:22,142: umgr.0000.staging.input.0.child: umgr.0000.staging.input.0       : MainThread     : DEBUG   : alive check in term
2018-04-04 00:24:22,142: umgr.0000.staging.input.0.child: umgr.0000.staging.input.0       : MainThread     : DEBUG   : START: umgr.0000.staging.input.0.child register subscriber umgr.0000.staging.input.0.child.subscriber._base_command_cb
2018-04-04 00:24:22,142: umgr.0000.staging.input.0.child: umgr.0000.staging.input.0       : MainThread     : DEBUG   : using addr tcp://144.76.72.175:45913 for pubsub control_pubsub
2018-04-04 00:24:22,144: umgr.0000.staging.input.0.child: umgr.0000.staging.input.0       : MainThread     : DEBUG   : parent name: umgr.0000.staging.input.0.child.subscriber._base_command_cb
2018-04-04 00:24:22,144: umgr.0000.staging.input.0.child: umgr.0000.staging.input.0       : MainThread     : DEBUG   : start thread
2018-04-04 00:24:22,145: umgr.0000.staging.input.0.child: umgr.0000.staging.input.0       : umgr.0000.staging.input.0.child.subscriber._base_command_cb: DEBUG   : child name: umgr.0000.staging.input.0.child.subscriber._base_command_cb.thread
2018-04-04 00:24:22,145: umgr.0000.staging.input.0.child: umgr.0000.staging.input.0       : umgr.0000.staging.input.0.child.subscriber._base_command_cb: INFO    : child (me) initializing
2018-04-04 00:24:22,145: umgr.0000.staging.input.0.child: umgr.0000.staging.input.0       : umgr.0000.staging.input.0.child.subscriber._base_command_cb: DEBUG   : ru_initialize_common (NOOP)
2018-04-04 00:24:22,145: umgr.0000.staging.input.0.child: umgr.0000.staging.input.0       : umgr.0000.staging.input.0.child.subscriber._base_command_cb: DEBUG   : ru_initialize_child (NOOP)
2018-04-04 00:24:22,145: umgr.0000.staging.input.0.child: umgr.0000.staging.input.0       : umgr.0000.staging.input.0.child.subscriber._base_command_cb: INFO    : send alive
2018-04-04 00:24:22,145: umgr.0000.staging.input.0.child: umgr.0000.staging.input.0       : umgr.0000.staging.input.0.child.subscriber._base_command_cb: INFO    : put message: [umgr.0000.staging.input.0.child.subscriber._base_command_cb.thread] alive
2018-04-04 00:24:22,146: umgr.0000.staging.input.0.child: umgr.0000.staging.input.0       : MainThread     : INFO    : get msg: alive
2018-04-04 00:24:22,146: umgr.0000.staging.input.0.child: umgr.0000.staging.input.0       : MainThread     : DEBUG   : ru_initialize_common (NOOP)
2018-04-04 00:24:22,146: umgr.0000.staging.input.0.child: umgr.0000.staging.input.0       : MainThread     : DEBUG   : ru_initialize_parent (NOOP)
2018-04-04 00:24:22,146: umgr.0000.staging.input.0.child: umgr.0000.staging.input.0       : MainThread     : DEBUG   : child thread umgr.0000.staging.input.0.child.subscriber._base_command_cb started
2018-04-04 00:24:22,146: umgr.0000.staging.input.0.child: umgr.0000.staging.input.0       : MainThread     : DEBUG   : umgr.0000.staging.input.0.child registered control_pubsub subscriber umgr.0000.staging.input.0.child.subscriber._base_command_cb
2018-04-04 00:24:22,146: umgr.0000.staging.input.0.child: umgr.0000.staging.input.0       : MainThread     : INFO    : child (me) initializing
2018-04-04 00:24:22,146: umgr.0000.staging.input.0.child: umgr.0000.staging.input.0       : MainThread     : DEBUG   : parent name: umgr.0000.staging.input.0.child.watch
2018-04-04 00:24:22,147: umgr.0000.staging.input.0.child: umgr.0000.staging.input.0       : MainThread     : DEBUG   : start thread
2018-04-04 00:24:22,147: umgr.0000.staging.input.0.child: umgr.0000.staging.input.0       : umgr.0000.staging.input.0.child.watch: DEBUG   : child name: umgr.0000.staging.input.0.child.watch.thread
2018-04-04 00:24:22,147: umgr.0000.staging.input.0.child: umgr.0000.staging.input.0       : umgr.0000.staging.input.0.child.watch: INFO    : child (me) initializing
2018-04-04 00:24:22,147: umgr.0000.staging.input.0.child: umgr.0000.staging.input.0       : umgr.0000.staging.input.0.child.watch: DEBUG   : ru_initialize_common (NOOP)
2018-04-04 00:24:22,147: umgr.0000.staging.input.0.child: umgr.0000.staging.input.0       : umgr.0000.staging.input.0.child.watch: DEBUG   : ru_initialize_child (NOOP)
2018-04-04 00:24:22,147: umgr.0000.staging.input.0.child: umgr.0000.staging.input.0       : umgr.0000.staging.input.0.child.watch: INFO    : send alive
2018-04-04 00:24:22,147: umgr.0000.staging.input.0.child: umgr.0000.staging.input.0       : umgr.0000.staging.input.0.child.watch: INFO    : put message: [umgr.0000.staging.input.0.child.watch.thread] alive
2018-04-04 00:24:22,148: umgr.0000.staging.input.0.child: umgr.0000.staging.input.0       : MainThread     : INFO    : get msg: alive
2018-04-04 00:24:22,148: umgr.0000.staging.input.0.child: umgr.0000.staging.input.0       : MainThread     : DEBUG   : ru_initialize_common (NOOP)
2018-04-04 00:24:22,148: umgr.0000.staging.input.0.child: umgr.0000.staging.input.0       : MainThread     : DEBUG   : ru_initialize_parent (NOOP)
2018-04-04 00:24:22,148: umgr.0000.staging.input.0.child: umgr.0000.staging.input.0       : MainThread     : DEBUG   : child thread umgr.0000.staging.input.0.child.watch started
2018-04-04 00:24:22,148: umgr.0000.staging.input.0.child: umgr.0000.staging.input.0       : MainThread     : INFO    : child (me) is alive
2018-04-04 00:24:22,148: umgr.0000.staging.input.0.child: umgr.0000.staging.input.0       : MainThread     : INFO    : send alive
2018-04-04 00:24:22,149: umgr.0000.staging.input.0.child: umgr.0000.staging.input.0       : MainThread     : INFO    : send message: [umgr.0000.staging.input.0.child] alive
2018-04-04 00:24:22,593: umgr.0000.staging.input.0.child: umgr.0000.staging.input.0       : umgr.0000.staging.input.0.child.subscriber._base_command_cb: DEBUG   :  === add pilot pilot.0000
2018-04-04 00:24:22,594: umgr.0000.staging.input.0.child: umgr.0000.staging.input.0       : umgr.0000.staging.input.0.child.subscriber._cancel_monitor_cb: DEBUG   : command ignored: add_pilots
2018-04-04 00:24:22,703: umgr.0000.staging.input.0.child: umgr.0000.staging.input.0       : MainThread     : DEBUG   : got unit (unit.000000)
2018-04-04 00:24:22,703: umgr.0000.staging.input.0.child: umgr.0000.staging.input.0       : MainThread     : DEBUG   : advance bulk size: 1 [False, True]
2018-04-04 00:24:22,703: umgr.0000.staging.input.0.child: umgr.0000.staging.input.0       : MainThread     : DEBUG   : {'pilot.0000': ['gsisftp://supermic.cct-lsu.xsede.org:2222/work/gchantzi/radical.pilot.sandbox/rp.session.one.george.017624.0013/pilot.0000//unit.000000/']}
2018-04-04 00:24:22,703: umgr.0000.staging.input.0.child: umgr.0000.staging.input.0       : MainThread     : DEBUG   :  === pid pilot.0000
2018-04-04 00:24:22,703: umgr.0000.staging.input.0.child: umgr.0000.staging.input.0       : MainThread     : DEBUG   :  ==== sbox: gsisftp://supermic.cct-lsu.xsede.org:2222/work/gchantzi/radical.pilot.sandbox/rp.session.one.george.017624.0013 [<class 'saga.url.Url'>]
2018-04-04 00:24:22,703: umgr.0000.staging.input.0.child: umgr.0000.staging.input.0       : MainThread     : DEBUG   :  === 1 >= 128 ?
2018-04-04 00:24:22,703: umgr.0000.staging.input.0.child: umgr.0000.staging.input.0       : MainThread     : DEBUG   : advance bulk size: 1 [True, True]
2018-04-04 00:24:22,704: umgr.0000.staging.input.0.child: umgr.0000.staging.input.0       : MainThread     : DEBUG   : drop  unit.000000 [AGENT_STAGING_INPUT_PENDING]
2018-04-04 00:37:23,475: umgr.0000.staging.input.0.child: umgr.0000.staging.input.0       : umgr.0000.staging.input.0.child.watch: INFO    : recv message: STOP
2018-04-04 00:37:23,476: umgr.0000.staging.input.0.child: umgr.0000.staging.input.0       : umgr.0000.staging.input.0.child.watch: INFO    : message received: STOP
2018-04-04 00:37:23,476: umgr.0000.staging.input.0.child: umgr.0000.staging.input.0       : umgr.0000.staging.input.0.child.watch: INFO    : STOP received: STOP
2018-04-04 00:37:23,476: umgr.0000.staging.input.0.child: umgr.0000.staging.input.0       : umgr.0000.staging.input.0.child.watch: INFO    : watcher closes
2018-04-04 00:37:23,476: umgr.0000.staging.input.0.child: umgr.0000.staging.input.0       : umgr.0000.staging.input.0.child.watch: INFO    : put message: [umgr.0000.staging.input.0.child.watch.thread] work finished
2018-04-04 00:37:23,476: umgr.0000.staging.input.0.child: umgr.0000.staging.input.0       : umgr.0000.staging.input.0.child.watch: DEBUG   : ru_finalize_child (NOOP)
2018-04-04 00:37:23,476: umgr.0000.staging.input.0.child: umgr.0000.staging.input.0       : umgr.0000.staging.input.0.child.watch: DEBUG   : ru_finalize_common (NOOP)
2018-04-04 00:37:23,476: umgr.0000.staging.input.0.child: umgr.0000.staging.input.0       : umgr.0000.staging.input.0.child.watch: INFO    : put message: [umgr.0000.staging.input.0.child.watch.thread] terminating
2018-04-04 00:37:23,558: umgr.0000.staging.input.0.child: umgr.0000.staging.input.0       : MainThread     : WARNING : alive check: proc invalid - stop [False - True]
2018-04-04 00:37:23,595: umgr.0000.staging.input.0.child: umgr.0000.staging.input.0       : MainThread     : INFO    : stop umgr.0000.staging.input.0.child (4531 : 4531 : MainThread) [radical.utils.process.Default.is_valid]
2018-04-04 00:37:23,595: umgr.0000.staging.input.0.child: umgr.0000.staging.input.0       : MainThread     : INFO    : parent stops child  4531 -> 4531 [umgr.0000.staging.input.0.child]
2018-04-04 00:37:23,595: umgr.0000.staging.input.0.child: umgr.0000.staging.input.0       : MainThread     : INFO    : send message: [umgr.0000.staging.input.0.child] STOP
2018-04-04 00:37:23,595: umgr.0000.staging.input.0.child: umgr.0000.staging.input.0       : MainThread     : WARNING : send failed ([Errno 9] Bad file descriptor) - terminate
2018-04-04 00:37:23,595: umgr.0000.staging.input.0.child: umgr.0000.staging.input.0       : MainThread     : DEBUG   : TERM : umgr.0000.staging.input.0.child unregister subscriber umgr.0000.staging.input.0.child.subscriber._base_command_cb
2018-04-04 00:37:23,595: umgr.0000.staging.input.0.child: umgr.0000.staging.input.0       : MainThread     : DEBUG   : unregistered subscriber umgr.0000.staging.input.0.child.subscriber._base_command_cb
2018-04-04 00:37:23,596: umgr.0000.staging.input.0.child: umgr.0000.staging.input.0       : MainThread     : DEBUG   : ru_finalize_common()
2018-04-04 00:37:23,596: umgr.0000.staging.input.0.child: umgr.0000.staging.input.0       : MainThread     : DEBUG   : TERM : umgr.0000.staging.input.0.child unregister publisher log_pubsub
2018-04-04 00:37:23,597: umgr.0000.staging.input.0.child: umgr.0000.staging.input.0       : MainThread     : DEBUG   : unregistered publisher log_pubsub
2018-04-04 00:37:23,597: umgr.0000.staging.input.0.child: umgr.0000.staging.input.0       : MainThread     : DEBUG   : TERM : umgr.0000.staging.input.0.child unregister publisher state_pubsub
2018-04-04 00:37:23,597: umgr.0000.staging.input.0.child: umgr.0000.staging.input.0       : MainThread     : DEBUG   : unregistered publisher state_pubsub
2018-04-04 00:37:23,597: umgr.0000.staging.input.0.child: umgr.0000.staging.input.0       : MainThread     : DEBUG   : TERM : umgr.0000.staging.input.0.child unregister publisher control_pubsub
2018-04-04 00:37:23,598: umgr.0000.staging.input.0.child: umgr.0000.staging.input.0       : MainThread     : DEBUG   : unregistered publisher control_pubsub
2018-04-04 00:37:23,598: umgr.0000.staging.input.0.child: umgr.0000.staging.input.0       : MainThread     : DEBUG   : umgr.0000.staging.input.0.child close prof
2018-04-04 00:37:23,598: umgr.0000.staging.input.0.child: umgr.0000.staging.input.0       : MainThread     : INFO    : parent stops child
2018-04-04 00:37:23,599: umgr.0000.staging.input.0.child: umgr.0000.staging.input.0       : MainThread     : DEBUG   : ru_finalize_parent (NOOP)
2018-04-04 00:37:23,599: umgr.0000.staging.input.0.child: umgr.0000.staging.input.0       : MainThread     : DEBUG   : ru_finalize_common (NOOP)
2018-04-04 00:37:23,599: umgr.0000.staging.input.0.child: umgr.0000.staging.input.0       : MainThread     : INFO    : parent stops child
2018-04-04 00:37:23,599: umgr.0000.staging.input.0.child: umgr.0000.staging.input.0       : MainThread     : DEBUG   : ru_finalize_parent (NOOP)
2018-04-04 00:37:23,599: umgr.0000.staging.input.0.child: umgr.0000.staging.input.0       : umgr.0000.staging.input.0.child.subscriber._base_command_cb: DEBUG   : ru_finalize_child (NOOP)
2018-04-04 00:37:23,600: umgr.0000.staging.input.0.child: umgr.0000.staging.input.0       : umgr.0000.staging.input.0.child.subscriber._base_command_cb: INFO    : put message: [umgr.0000.staging.input.0.child.subscriber._base_command_cb.thread] terminating
2018-04-04 00:37:23,601: umgr.0000.staging.input.0.child: umgr.0000.staging.input.0       : MainThread     : INFO    : parent stops child
2018-04-04 00:37:23,601: umgr.0000.staging.input.0.child: umgr.0000.staging.input.0       : MainThread     : DEBUG   : ru_finalize_parent (NOOP)
2018-04-04 00:37:23,601: umgr.0000.staging.input.0.child: umgr.0000.staging.input.0       : umgr.0000.staging.input.0.child.subscriber._cancel_monitor_cb: DEBUG   : ru_finalize_child (NOOP)
2018-04-04 00:37:23,601: umgr.0000.staging.input.0.child: umgr.0000.staging.input.0       : umgr.0000.staging.input.0.child.subscriber._cancel_monitor_cb: INFO    : put message: [umgr.0000.staging.input.0.child.subscriber._cancel_monitor_cb.thread] terminating
2018-04-04 00:37:23,601: umgr.0000.staging.input.0.child: umgr.0000.staging.input.0       : MainThread     : WARNING : super umgr.0000.staging.input.0.child is invalid
2018-04-04 00:37:23,602: umgr.0000.staging.input.0.child: umgr.0000.staging.input.0       : MainThread     : WARNING : component umgr.0000.staging.input.0.child is invalid
2018-04-04 00:37:23,603: umgr.0000.staging.input.0.child: umgr.0000.staging.input.0       : MainThread     : INFO    : stop umgr.0000.staging.input.0.child (4531 : 4531 : MainThread) [radical.pilot.utils.component.Default.is_valid]
2018-04-04 00:37:23,603: umgr.0000.staging.input.0.child: umgr.0000.staging.input.0       : MainThread     : DEBUG   : TERM : umgr.0000.staging.input.0.child unregister subscriber umgr.0000.staging.input.0.child.subscriber._base_command_cb
2018-04-04 00:37:23,603: umgr.0000.staging.input.0.child: umgr.0000.staging.input.0       : MainThread     : WARNING : subscriber _base_command_cb is not registered
2018-04-04 00:37:23,603: umgr.0000.staging.input.0.child: umgr.0000.staging.input.0       : MainThread     : DEBUG   : ru_finalize_common()
2018-04-04 00:37:23,603: umgr.0000.staging.input.0.child: umgr.0000.staging.input.0       : MainThread     : WARNING : publisher log_pubsub is not registered
2018-04-04 00:37:23,603: umgr.0000.staging.input.0.child: umgr.0000.staging.input.0       : MainThread     : WARNING : publisher state_pubsub is not registered
2018-04-04 00:37:23,603: umgr.0000.staging.input.0.child: umgr.0000.staging.input.0       : MainThread     : WARNING : publisher control_pubsub is not registered
2018-04-04 00:37:23,604: umgr.0000.staging.input.0.child: umgr.0000.staging.input.0       : MainThread     : DEBUG   : umgr.0000.staging.input.0.child close prof
2018-04-04 00:37:23,604: umgr.0000.staging.input.0.child: umgr.0000.staging.input.0       : MainThread     : INFO    : send message: [umgr.0000.staging.input.0.child] terminating
2018-04-04 00:37:23,604: umgr.0000.staging.input.0.child: umgr.0000.staging.input.0       : MainThread     : WARNING : send failed ([Errno 9] Bad file descriptor) - terminate
2018-04-04 00:37:23,604: umgr.0000.staging.input.0.child: umgr.0000.staging.input.0       : MainThread     : INFO    : parent stops child
2018-04-04 00:37:23,604: umgr.0000.staging.input.0.child: umgr.0000.staging.input.0       : MainThread     : INFO    : parent stops child
