2018-03-27 13:14:19,878: control.pubsub.pub.0003: update.0                        : MainThread     : INFO    : python.interpreter   version: 2.7.7 |Continuum Analytics, Inc.| (default, Jun 2 2014, 12:34:02) [GCC 4.1.2 20080704 (Red Hat 4.1.2-54)]
2018-03-27 13:14:19,882: control.pubsub.pub.0003: update.0                        : MainThread     : INFO    :                      pid: 91033
2018-03-27 13:14:19,882: control.pubsub.pub.0003: update.0                        : MainThread     : INFO    :                      tid: MainThread
2018-03-27 13:14:19,882: control.pubsub.pub.0003: update.0                        : MainThread     : INFO    : radical.pilot        version: 0.47-0.47-14-gb1dff8bd@devel
2018-03-27 13:14:19,882: control.pubsub.pub.0003: update.0                        : MainThread     : INFO    : create control_pubsub - pub - tcp://204.90.41.233:43162
2018-03-27 13:14:19,882: control.pubsub.pub.0003: update.0                        : MainThread     : DEBUG   : start process
2018-03-27 13:14:19,883: control.pubsub.pub.0003: update.0                        : MainThread     : DEBUG   : ru_initialize_common (NOOP)
2018-03-27 13:14:19,883: control.pubsub.pub.0003: update.0                        : MainThread     : DEBUG   : ru_initialize_parent (NOOP)
2018-03-27 13:14:19,883: control.pubsub.pub.0003: update.0                        : MainThread     : DEBUG   : process class started (no child)
2018-03-27 13:14:20,155: control.pubsub.pub.0003: MainProcess                     : MainThread     : INFO    : python.interpreter   version: 2.7.7 |Continuum Analytics, Inc.| (default, Jun 2 2014, 12:34:02) [GCC 4.1.2 20080704 (Red Hat 4.1.2-54)]
2018-03-27 13:14:20,159: control.pubsub.pub.0003: MainProcess                     : MainThread     : INFO    :                      pid: 90840
2018-03-27 13:14:20,159: control.pubsub.pub.0003: MainProcess                     : MainThread     : INFO    :                      tid: MainThread
2018-03-27 13:14:20,159: control.pubsub.pub.0003: MainProcess                     : MainThread     : INFO    : radical.pilot        version: 0.47-0.47-14-gb1dff8bd@devel
2018-03-27 13:14:20,159: control.pubsub.pub.0003: MainProcess                     : MainThread     : INFO    : create control_pubsub - pub - tcp://204.90.41.233:43162
2018-03-27 13:14:20,159: control.pubsub.pub.0003: MainProcess                     : MainThread     : DEBUG   : start process
2018-03-27 13:14:20,159: control.pubsub.pub.0003: MainProcess                     : MainThread     : DEBUG   : ru_initialize_common (NOOP)
2018-03-27 13:14:20,159: control.pubsub.pub.0003: MainProcess                     : MainThread     : DEBUG   : ru_initialize_parent (NOOP)
2018-03-27 13:14:20,160: control.pubsub.pub.0003: MainProcess                     : MainThread     : DEBUG   : process class started (no child)
2018-03-27 13:26:31,295: control.pubsub.pub.0003: update.0                        : update.0.child.subscriber._cancel_monitor_cb: INFO    : parent stops child  91033 -> None [control.pubsub.pub.0003]
2018-03-27 13:26:31,295: control.pubsub.pub.0003: update.0                        : update.0.child.subscriber._cancel_monitor_cb: DEBUG   : ru_finalize_parent (NOOP)
2018-03-27 13:26:32,066: control.pubsub.pub.0003: MainProcess                     : agent_0.idler._check_units_cb: INFO    : parent stops child  90840 -> None [control.pubsub.pub.0003]
2018-03-27 13:26:32,066: control.pubsub.pub.0003: MainProcess                     : agent_0.idler._check_units_cb: DEBUG   : ru_finalize_parent (NOOP)
