2018-03-27 13:14:19,487: state.pubsub.pub.0001: agent_0.scheduling.0            : MainThread     : INFO    : python.interpreter   version: 2.7.7 |Continuum Analytics, Inc.| (default, Jun 2 2014, 12:34:02) [GCC 4.1.2 20080704 (Red Hat 4.1.2-54)]
2018-03-27 13:14:19,490: state.pubsub.pub.0001: agent_0.scheduling.0            : MainThread     : INFO    :                      pid: 90981
2018-03-27 13:14:19,491: state.pubsub.pub.0001: agent_0.scheduling.0            : MainThread     : INFO    :                      tid: MainThread
2018-03-27 13:14:19,491: state.pubsub.pub.0001: agent_0.scheduling.0            : MainThread     : INFO    : radical.pilot        version: 0.47-0.47-14-gb1dff8bd@devel
2018-03-27 13:14:19,491: state.pubsub.pub.0001: agent_0.scheduling.0            : MainThread     : INFO    : create state_pubsub - pub - tcp://204.90.41.233:34202
2018-03-27 13:14:19,491: state.pubsub.pub.0001: agent_0.scheduling.0            : MainThread     : DEBUG   : start process
2018-03-27 13:14:19,491: state.pubsub.pub.0001: agent_0.scheduling.0            : MainThread     : DEBUG   : ru_initialize_common (NOOP)
2018-03-27 13:14:19,491: state.pubsub.pub.0001: agent_0.scheduling.0            : MainThread     : DEBUG   : ru_initialize_parent (NOOP)
2018-03-27 13:14:19,491: state.pubsub.pub.0001: agent_0.scheduling.0            : MainThread     : DEBUG   : process class started (no child)
2018-03-27 13:14:19,557: state.pubsub.pub.0001: MainProcess                     : MainThread     : INFO    : python.interpreter   version: 2.7.7 |Continuum Analytics, Inc.| (default, Jun 2 2014, 12:34:02) [GCC 4.1.2 20080704 (Red Hat 4.1.2-54)]
2018-03-27 13:14:19,559: state.pubsub.pub.0001: MainProcess                     : MainThread     : INFO    :                      pid: 90840
2018-03-27 13:14:19,559: state.pubsub.pub.0001: MainProcess                     : MainThread     : INFO    :                      tid: MainThread
2018-03-27 13:14:19,560: state.pubsub.pub.0001: MainProcess                     : MainThread     : INFO    : radical.pilot        version: 0.47-0.47-14-gb1dff8bd@devel
2018-03-27 13:14:19,560: state.pubsub.pub.0001: MainProcess                     : MainThread     : INFO    : create state_pubsub - pub - tcp://204.90.41.233:34202
2018-03-27 13:14:19,560: state.pubsub.pub.0001: MainProcess                     : MainThread     : DEBUG   : start process
2018-03-27 13:14:19,560: state.pubsub.pub.0001: MainProcess                     : MainThread     : DEBUG   : ru_initialize_common (NOOP)
2018-03-27 13:14:19,560: state.pubsub.pub.0001: MainProcess                     : MainThread     : DEBUG   : ru_initialize_parent (NOOP)
2018-03-27 13:14:19,560: state.pubsub.pub.0001: MainProcess                     : MainThread     : DEBUG   : process class started (no child)
2018-03-27 13:26:31,293: state.pubsub.pub.0001: agent_0.scheduling.0            : agent_0.scheduling.0.child.subscriber._cancel_monitor_cb: INFO    : parent stops child  90981 -> None [state.pubsub.pub.0001]
2018-03-27 13:26:31,293: state.pubsub.pub.0001: agent_0.scheduling.0            : agent_0.scheduling.0.child.subscriber._cancel_monitor_cb: DEBUG   : ru_finalize_parent (NOOP)
2018-03-27 13:26:31,439: state.pubsub.pub.0001: MainProcess                     : agent_0.idler._check_units_cb: INFO    : parent stops child  90840 -> None [state.pubsub.pub.0001]
2018-03-27 13:26:31,439: state.pubsub.pub.0001: MainProcess                     : agent_0.idler._check_units_cb: DEBUG   : ru_finalize_parent (NOOP)
