2018-03-27 13:14:19,871: state.pubsub.pub.0003: update.0                        : MainThread     : INFO    : python.interpreter   version: 2.7.7 |Continuum Analytics, Inc.| (default, Jun 2 2014, 12:34:02) [GCC 4.1.2 20080704 (Red Hat 4.1.2-54)]
2018-03-27 13:14:19,875: state.pubsub.pub.0003: update.0                        : MainThread     : INFO    :                      pid: 91033
2018-03-27 13:14:19,875: state.pubsub.pub.0003: update.0                        : MainThread     : INFO    :                      tid: MainThread
2018-03-27 13:14:19,876: state.pubsub.pub.0003: update.0                        : MainThread     : INFO    : radical.pilot        version: 0.47-0.47-14-gb1dff8bd@devel
2018-03-27 13:14:19,876: state.pubsub.pub.0003: update.0                        : MainThread     : INFO    : create state_pubsub - pub - tcp://204.90.41.233:34202
2018-03-27 13:14:19,876: state.pubsub.pub.0003: update.0                        : MainThread     : DEBUG   : start process
2018-03-27 13:14:19,876: state.pubsub.pub.0003: update.0                        : MainThread     : DEBUG   : ru_initialize_common (NOOP)
2018-03-27 13:14:19,876: state.pubsub.pub.0003: update.0                        : MainThread     : DEBUG   : ru_initialize_parent (NOOP)
2018-03-27 13:14:19,876: state.pubsub.pub.0003: update.0                        : MainThread     : DEBUG   : process class started (no child)
2018-03-27 13:14:20,151: state.pubsub.pub.0003: MainProcess                     : MainThread     : INFO    : python.interpreter   version: 2.7.7 |Continuum Analytics, Inc.| (default, Jun 2 2014, 12:34:02) [GCC 4.1.2 20080704 (Red Hat 4.1.2-54)]
2018-03-27 13:14:20,153: state.pubsub.pub.0003: MainProcess                     : MainThread     : INFO    :                      pid: 90840
2018-03-27 13:14:20,153: state.pubsub.pub.0003: MainProcess                     : MainThread     : INFO    :                      tid: MainThread
2018-03-27 13:14:20,154: state.pubsub.pub.0003: MainProcess                     : MainThread     : INFO    : radical.pilot        version: 0.47-0.47-14-gb1dff8bd@devel
2018-03-27 13:14:20,154: state.pubsub.pub.0003: MainProcess                     : MainThread     : INFO    : create state_pubsub - pub - tcp://204.90.41.233:34202
2018-03-27 13:14:20,154: state.pubsub.pub.0003: MainProcess                     : MainThread     : DEBUG   : start process
2018-03-27 13:14:20,154: state.pubsub.pub.0003: MainProcess                     : MainThread     : DEBUG   : ru_initialize_common (NOOP)
2018-03-27 13:14:20,154: state.pubsub.pub.0003: MainProcess                     : MainThread     : DEBUG   : ru_initialize_parent (NOOP)
2018-03-27 13:14:20,154: state.pubsub.pub.0003: MainProcess                     : MainThread     : DEBUG   : process class started (no child)
2018-03-27 13:26:31,294: state.pubsub.pub.0003: update.0                        : update.0.child.subscriber._cancel_monitor_cb: INFO    : parent stops child  91033 -> None [state.pubsub.pub.0003]
2018-03-27 13:26:31,294: state.pubsub.pub.0003: update.0                        : update.0.child.subscriber._cancel_monitor_cb: DEBUG   : ru_finalize_parent (NOOP)
2018-03-27 13:26:32,065: state.pubsub.pub.0003: MainProcess                     : agent_0.idler._check_units_cb: INFO    : parent stops child  90840 -> None [state.pubsub.pub.0003]
2018-03-27 13:26:32,066: state.pubsub.pub.0003: MainProcess                     : agent_0.idler._check_units_cb: DEBUG   : ru_finalize_parent (NOOP)
