2018-03-27 13:14:20,322: state.pubsub.pub.0004: agent_0.executing.0             : MainThread     : INFO    : python.interpreter   version: 2.7.7 |Continuum Analytics, Inc.| (default, Jun 2 2014, 12:34:02) [GCC 4.1.2 20080704 (Red Hat 4.1.2-54)]
2018-03-27 13:14:20,325: state.pubsub.pub.0004: agent_0.executing.0             : MainThread     : INFO    :                      pid: 91056
2018-03-27 13:14:20,325: state.pubsub.pub.0004: agent_0.executing.0             : MainThread     : INFO    :                      tid: MainThread
2018-03-27 13:14:20,326: state.pubsub.pub.0004: agent_0.executing.0             : MainThread     : INFO    : radical.pilot        version: 0.47-0.47-14-gb1dff8bd@devel
2018-03-27 13:14:20,326: state.pubsub.pub.0004: agent_0.executing.0             : MainThread     : INFO    : create state_pubsub - pub - tcp://204.90.41.233:34202
2018-03-27 13:14:20,326: state.pubsub.pub.0004: agent_0.executing.0             : MainThread     : DEBUG   : start process
2018-03-27 13:14:20,326: state.pubsub.pub.0004: agent_0.executing.0             : MainThread     : DEBUG   : ru_initialize_common (NOOP)
2018-03-27 13:14:20,326: state.pubsub.pub.0004: agent_0.executing.0             : MainThread     : DEBUG   : ru_initialize_parent (NOOP)
2018-03-27 13:14:20,326: state.pubsub.pub.0004: agent_0.executing.0             : MainThread     : DEBUG   : process class started (no child)
2018-03-27 13:14:20,404: state.pubsub.pub.0004: MainProcess                     : MainThread     : INFO    : python.interpreter   version: 2.7.7 |Continuum Analytics, Inc.| (default, Jun 2 2014, 12:34:02) [GCC 4.1.2 20080704 (Red Hat 4.1.2-54)]
2018-03-27 13:14:20,407: state.pubsub.pub.0004: MainProcess                     : MainThread     : INFO    :                      pid: 90840
2018-03-27 13:14:20,407: state.pubsub.pub.0004: MainProcess                     : MainThread     : INFO    :                      tid: MainThread
2018-03-27 13:14:20,407: state.pubsub.pub.0004: MainProcess                     : MainThread     : INFO    : radical.pilot        version: 0.47-0.47-14-gb1dff8bd@devel
2018-03-27 13:14:20,407: state.pubsub.pub.0004: MainProcess                     : MainThread     : INFO    : create state_pubsub - pub - tcp://204.90.41.233:34202
2018-03-27 13:14:20,407: state.pubsub.pub.0004: MainProcess                     : MainThread     : DEBUG   : start process
2018-03-27 13:14:20,407: state.pubsub.pub.0004: MainProcess                     : MainThread     : DEBUG   : ru_initialize_common (NOOP)
2018-03-27 13:14:20,407: state.pubsub.pub.0004: MainProcess                     : MainThread     : DEBUG   : ru_initialize_parent (NOOP)
2018-03-27 13:14:20,408: state.pubsub.pub.0004: MainProcess                     : MainThread     : DEBUG   : process class started (no child)
2018-03-27 13:26:31,295: state.pubsub.pub.0004: agent_0.executing.0             : agent_0.executing.0.child.subscriber._cancel_monitor_cb: INFO    : parent stops child  91056 -> None [state.pubsub.pub.0004]
2018-03-27 13:26:31,295: state.pubsub.pub.0004: agent_0.executing.0             : agent_0.executing.0.child.subscriber._cancel_monitor_cb: DEBUG   : ru_finalize_parent (NOOP)
2018-03-27 13:26:32,176: state.pubsub.pub.0004: MainProcess                     : agent_0.idler._check_units_cb: INFO    : parent stops child  90840 -> None [state.pubsub.pub.0004]
2018-03-27 13:26:32,177: state.pubsub.pub.0004: MainProcess                     : agent_0.idler._check_units_cb: DEBUG   : ru_finalize_parent (NOOP)
