2018-04-03 21:22:32,893: radical.saga.pty    : pmgr.0000.launching.0           : MainThread     : INFO    : python.interpreter   version: 2.7.14 (default, Sep 23 2017, 22:06:14) [GCC 7.2.0]
2018-04-03 21:22:32,894: radical.saga.pty    : pmgr.0000.launching.0           : MainThread     : INFO    :                      pid: 9901
2018-04-03 21:22:32,894: radical.saga.pty    : pmgr.0000.launching.0           : MainThread     : INFO    :                      tid: MainThread
2018-04-03 21:22:32,894: radical.saga.pty    : pmgr.0000.launching.0           : MainThread     : DEBUG   : PTYShell init <saga.utils.pty_shell.PTYShell object at 0x7f47c4e3bed0>
2018-04-03 21:22:32,896: radical.saga.pty    : pmgr.0000.launching.0           : MainThread     : INFO    : PTY prompt pattern: [\$#%>\]]\s*$
2018-04-03 21:22:32,896: radical.saga.pty    : pmgr.0000.launching.0           : MainThread     : INFO    : ssh copy  mode set to 'sftp'
2018-04-03 21:22:32,896: radical.saga.pty    : pmgr.0000.launching.0           : MainThread     : INFO    : ssh share mode set to 'auto'
2018-04-03 21:22:32,896: radical.saga.pty    : pmgr.0000.launching.0           : MainThread     : INFO    : ssh timeout    set to '10.0'
2018-04-03 21:22:32,897: radical.saga.pty    : pmgr.0000.launching.0           : MainThread     : DEBUG   : SSH Connection M_FLAGS: -o ControlMaster=auto -o ControlPath=/tmp/saga_ssh_george_%h_%p.ctrl -o TCPKeepAlive=no  -o ServerAliveInterval=10 -o ServerAliveCountMax=20 -o ConnectTimeout=10
2018-04-03 21:22:32,897: radical.saga.pty    : pmgr.0000.launching.0           : MainThread     : DEBUG   : SSH Connection S_FLAGS: -o ControlMaster=auto -o ControlPath=/tmp/saga_ssh_george_%h_%p.ctrl -o TCPKeepAlive=no  -o ServerAliveInterval=10 -o ServerAliveCountMax=20 -o ConnectTimeout=10
2018-04-03 21:22:32,897: radical.saga.pty    : pmgr.0000.launching.0           : MainThread     : DEBUG   : open master pty for [ssh] [supermic.cct-lsu.xsede.org] george: /usr/bin/env TERM=vt100 X509_USER_PROXY='/tmp/x509up_u1012'  "/usr/bin/gsissh" -t -o IdentityFile=/home/george/.ssh/id_rsa -o Port=2222  -o ControlMaster=auto -o ControlPath=/tmp/saga_ssh_george_%h_%p.ctrl -o TCPKeepAlive=no  -o ServerAliveInterval=10 -o ServerAliveCountMax=20 -o ConnectTimeout=10 supermic.cct-lsu.xsede.org'
2018-04-03 21:22:32,897: radical.saga.pty    : pmgr.0000.launching.0           : MainThread     : DEBUG   : PTYProcess init <saga.utils.pty_process.PTYProcess object at 0x7f47c0732310>
2018-04-03 21:22:32,897: radical.saga.pty    : pmgr.0000.launching.0           : MainThread     : INFO    : running: /usr/bin/env TERM=vt100 X509_USER_PROXY=/tmp/x509up_u1012 /usr/bin/gsissh -t -o IdentityFile=/home/george/.ssh/id_rsa -o Port=2222 -o ControlMaster=auto -o ControlPath=/tmp/saga_ssh_george_%h_%p.ctrl -o TCPKeepAlive=no -o ServerAliveInterval=10 -o ServerAliveCountMax=20 -o ConnectTimeout=10 supermic.cct-lsu.xsede.org
2018-04-03 21:22:32,899: radical.saga.pty    : pmgr.0000.launching.0           : MainThread     : DEBUG   : write: [  137] [   51] ( export PROMPT_COMMAND='' PS1='$' ; set prompt='$'\n)
2018-04-03 21:22:33,168: radical.saga.pty    : pmgr.0000.launching.0           : MainThread     : DEBUG   : read : [  137] [ 1569] (Last login: Tue Apr  3 14:22:3 ... **************************\n\n)
2018-04-03 21:22:33,171: radical.saga.pty    : pmgr.0000.launching.0           : MainThread     : DEBUG   : got initial shell prompt (6) (Last login: Tue Apr  3 14:22:31 2018 from 144.76.72.175
##############################################################################)
2018-04-03 21:22:33,171: radical.saga.pty    : pmgr.0000.launching.0           : MainThread     : DEBUG   : Got initial shell prompt (6) (Last login: Tue Apr  3 14:22:31 2018 from 144.76.72.175
##############################################################################)
2018-04-03 21:22:33,171: radical.saga.pty    : pmgr.0000.launching.0           : MainThread     : DEBUG   : PTYProcess init <saga.utils.pty_process.PTYProcess object at 0x7f47c0732510>
2018-04-03 21:22:33,172: radical.saga.pty    : pmgr.0000.launching.0           : MainThread     : INFO    : running: /usr/bin/env TERM=vt100 X509_USER_PROXY=/tmp/x509up_u1012 /usr/bin/gsissh -t -o IdentityFile=/home/george/.ssh/id_rsa -o Port=2222 -o ControlMaster=auto -o ControlPath=/tmp/saga_ssh_george_%h_%p.ctrl -o TCPKeepAlive=no -o ServerAliveInterval=10 -o ServerAliveCountMax=20 -o ConnectTimeout=10 supermic.cct-lsu.xsede.org
2018-04-03 21:22:33,174: radical.saga.pty    : pmgr.0000.launching.0           : MainThread     : DEBUG   : write: [  139] [   51] ( export PROMPT_COMMAND='' PS1='$' ; set prompt='$'\n)
2018-04-03 21:22:33,448: radical.saga.pty    : pmgr.0000.launching.0           : MainThread     : DEBUG   : read : [  139] [ 1569] (Last login: Tue Apr  3 14:22:3 ... **************************\n\n)
2018-04-03 21:22:33,451: radical.saga.pty    : pmgr.0000.launching.0           : MainThread     : DEBUG   : got initial shell prompt (6) (Last login: Tue Apr  3 14:22:33 2018 from 144.76.72.175
##############################################################################)
2018-04-03 21:22:33,451: radical.saga.pty    : pmgr.0000.launching.0           : MainThread     : DEBUG   : Got initial shell prompt (6) (Last login: Tue Apr  3 14:22:33 2018 from 144.76.72.175
##############################################################################)
2018-04-03 21:22:33,451: radical.saga.pty    : pmgr.0000.launching.0           : MainThread     : DEBUG   :  ===     1 : <saga.utils.pty_process.PTYProcess object at 0x7f47c0732510> : init : ['/usr/bin/env', 'TERM=vt100', 'X509_USER_PROXY=/tmp/x509up_u1012', '/usr/bin/gsissh', '-t', '-o', 'IdentityFile=/home/george/.ssh/id_rsa', '-o', 'Port=2222', '-o', 'ControlMaster=auto', '-o', 'ControlPath=/tmp/saga_ssh_george_%h_%p.ctrl', '-o', 'TCPKeepAlive=no', '-o', 'ServerAliveInterval=10', '-o', 'ServerAliveCountMax=20', '-o', 'ConnectTimeout=10', 'supermic.cct-lsu.xsede.org']
2018-04-03 21:22:33,451: radical.saga.pty    : pmgr.0000.launching.0           : MainThread     : DEBUG   : running command shell: exec /bin/sh -i
2018-04-03 21:22:33,451: radical.saga.pty    : pmgr.0000.launching.0           : MainThread     : DEBUG   : write: [  139] [   30] ( stty -echo ; exec /bin/sh -i\n)
2018-04-03 21:22:33,451: radical.saga.pty    : pmgr.0000.launching.0           : MainThread     : DEBUG   :  ===     1 : <saga.utils.pty_process.PTYProcess object at 0x7f47c0732510> : run async :  set HISTFILE=$HOME/.saga_history; PS1='PROMPT-$?->'; PS2=''; PROMPT_COMMAND=''; export PS1 PS2 PROMPT_COMMAND 2>&1 >/dev/null; cd $HOME 2>&1 >/dev/null

2018-04-03 21:22:33,451: radical.saga.pty    : pmgr.0000.launching.0           : MainThread     : DEBUG   : flush: [  139] [     ] (flush pty read cache)
2018-04-03 21:22:33,451: radical.saga.pty    : pmgr.0000.launching.0           : MainThread     : WARNING : flush: [  139] [ 1250] (discard data: '
SuperMIC at LSU (Open for general use) 

23-Sep-2014

SuperMIC is a 1.08 PetaFlop Peak Performance Xeon Phi accelerated cluster.  SuperMIC
has 360 nodes each with 20 Intel Ivybridge 2.8 GHz cores, 64 GB of RAM, and two 
Intel Xeon Phi 7120P co-processors. There are 20 nodes that have NVIDIA K20X GPUs.
This cluster is 40% allocated to the XSEDE user community an 60% dedicated to
authorized users of the LSU community.  Access is restricted to those who meet 
the criteria as stated on our website.

Quotas for the /home volume are enabled at 5 GB.  Please do
not use the /home volume for batch job I/O, use the /work volume 
instead.  Please limit the number of files per directory to 10,000.
No disk GB quotas are in effect for the /work volume, but files are purged that 
are older than 60 days.  There are quotas on file counts.  Manage your files,
but it is against our policy to blatantly circumvent the purge procedure.  
Misconfigured jobs that are wasting CPU resources are subject to deletion.

********************************************************************************
Allocations are required.  Using the -A qsub option to specify your allocation.
********************************************************************************

')
2018-04-03 21:22:33,552: radical.saga.pty    : pmgr.0000.launching.0           : MainThread     : DEBUG   : write: [  139] [  152] (set HISTFILE=$HOME/.saga_history; PS1='PROMPT-$?->'; PS2=''; PROMPT_COMMAND=''; export PS1 PS2 PROMPT_COMMAND 2>&1 >/dev/null; cd $HOME 2>&1 >/dev/null\n)
2018-04-03 21:22:34,175: radical.saga.pty    : pmgr.0000.launching.0           : MainThread     : DEBUG   : read : [  139] [   21] ([gchantzi@smic1 ~]$ $)
2018-04-03 21:22:34,189: radical.saga.pty    : pmgr.0000.launching.0           : MainThread     : DEBUG   : read : [  139] [    1] ($)
2018-04-03 21:22:34,190: radical.saga.pty    : pmgr.0000.launching.0           : MainThread     : DEBUG   : read : [  139] [   10] (PROMPT-0->)
2018-04-03 21:22:34,190: radical.saga.pty    : pmgr.0000.launching.0           : MainThread     : DEBUG   : got new shell prompt
2018-04-03 21:22:34,190: radical.saga.pty    : pmgr.0000.launching.0           : MainThread     : DEBUG   : flush: [  139] [     ] (flush pty read cache)
2018-04-03 21:22:34,291: radical.saga.pty    : pmgr.0000.launching.0           : MainThread     : DEBUG   :  ===     1 : <saga.utils.pty_process.PTYProcess object at 0x7f47c0732510> : run sync  :  echo "WORKDIR: /work/$USER"
2018-04-03 21:22:34,291: radical.saga.pty    : pmgr.0000.launching.0           : MainThread     : DEBUG   : flush: [  139] [     ] (flush pty read cache)
2018-04-03 21:22:34,392: radical.saga.pty    : pmgr.0000.launching.0           : MainThread     : DEBUG   : run_sync: echo "WORKDIR: /work/$USER"
2018-04-03 21:22:34,392: radical.saga.pty    : pmgr.0000.launching.0           : MainThread     : DEBUG   : write: [  139] [   28] (echo "WORKDIR: /work/$USER"\n)
2018-04-03 21:22:34,525: radical.saga.pty    : pmgr.0000.launching.0           : MainThread     : DEBUG   : read : [  139] [   35] (WORKDIR: /work/gchantzi\nPROMPT-0->)
2018-04-03 21:22:34,526: radical.saga.pty    : pmgr.0000.launching.0           : MainThread     : DEBUG   : PTYShell del  <saga.utils.pty_shell.PTYShell object at 0x7f47c4e3bed0>
2018-04-03 21:22:34,627: radical.saga.pty    : pmgr.0000.launching.0           : MainThread     : DEBUG   : PTYProcess del  <saga.utils.pty_process.PTYProcess object at 0x7f47c0732510>
2018-04-03 21:22:34,691: radical.saga.pty    : pmgr.0000.launching.0           : MainThread     : DEBUG   : PTYProcess init <saga.utils.pty_process.PTYProcess object at 0x7f47c5570850>
2018-04-03 21:22:34,692: radical.saga.pty    : pmgr.0000.launching.0           : MainThread     : INFO    : running: /usr/bin/env TERM=vt100 X509_USER_PROXY=/tmp/x509up_u1012 /usr/bin/gsissh -t -o IdentityFile=/home/george/.ssh/id_rsa -o Port=2222 -o ControlMaster=auto -o ControlPath=/tmp/saga_ssh_george_%h_%p.ctrl -o TCPKeepAlive=no -o ServerAliveInterval=10 -o ServerAliveCountMax=20 -o ConnectTimeout=10 supermic.cct-lsu.xsede.org
2018-04-03 21:22:34,694: radical.saga.pty    : pmgr.0000.launching.0           : MainThread     : DEBUG   : write: [  139] [   51] ( export PROMPT_COMMAND='' PS1='$' ; set prompt='$'\n)
2018-04-03 21:22:34,965: radical.saga.pty    : pmgr.0000.launching.0           : MainThread     : DEBUG   : read : [  139] [ 1569] (Last login: Tue Apr  3 14:22:3 ... **************************\n\n)
2018-04-03 21:22:34,968: radical.saga.pty    : pmgr.0000.launching.0           : MainThread     : DEBUG   : got initial shell prompt (6) (Last login: Tue Apr  3 14:22:33 2018 from 144.76.72.175
##############################################################################)
2018-04-03 21:22:34,969: radical.saga.pty    : pmgr.0000.launching.0           : MainThread     : DEBUG   : Got initial shell prompt (6) (Last login: Tue Apr  3 14:22:33 2018 from 144.76.72.175
##############################################################################)
2018-04-03 21:22:34,969: radical.saga.pty    : pmgr.0000.launching.0           : MainThread     : DEBUG   : write: [  139] [   30] ( stty -echo ; exec /bin/sh -i\n)
2018-04-03 21:22:34,970: radical.saga.pty    : pmgr.0000.launching.0           : MainThread     : DEBUG   : flush: [  139] [     ] (flush pty read cache)
2018-04-03 21:22:34,970: radical.saga.pty    : pmgr.0000.launching.0           : MainThread     : WARNING : flush: [  139] [ 1250] (discard data: '
SuperMIC at LSU (Open for general use) 

23-Sep-2014

SuperMIC is a 1.08 PetaFlop Peak Performance Xeon Phi accelerated cluster.  SuperMIC
has 360 nodes each with 20 Intel Ivybridge 2.8 GHz cores, 64 GB of RAM, and two 
Intel Xeon Phi 7120P co-processors. There are 20 nodes that have NVIDIA K20X GPUs.
This cluster is 40% allocated to the XSEDE user community an 60% dedicated to
authorized users of the LSU community.  Access is restricted to those who meet 
the criteria as stated on our website.

Quotas for the /home volume are enabled at 5 GB.  Please do
not use the /home volume for batch job I/O, use the /work volume 
instead.  Please limit the number of files per directory to 10,000.
No disk GB quotas are in effect for the /work volume, but files are purged that 
are older than 60 days.  There are quotas on file counts.  Manage your files,
but it is against our policy to blatantly circumvent the purge procedure.  
Misconfigured jobs that are wasting CPU resources are subject to deletion.

********************************************************************************
Allocations are required.  Using the -A qsub option to specify your allocation.
********************************************************************************

')
2018-04-03 21:22:35,071: radical.saga.pty    : pmgr.0000.launching.0           : MainThread     : DEBUG   : write: [  139] [  152] (set HISTFILE=$HOME/.saga_history; PS1='PROMPT-$?->'; PS2=''; PROMPT_COMMAND=''; export PS1 PS2 PROMPT_COMMAND 2>&1 >/dev/null; cd $HOME 2>&1 >/dev/null\n)
2018-04-03 21:22:35,684: radical.saga.pty    : pmgr.0000.launching.0           : MainThread     : DEBUG   : read : [  139] [   21] ([gchantzi@smic1 ~]$ $)
2018-04-03 21:22:35,699: radical.saga.pty    : pmgr.0000.launching.0           : MainThread     : DEBUG   : read : [  139] [    1] ($)
2018-04-03 21:22:35,700: radical.saga.pty    : pmgr.0000.launching.0           : MainThread     : DEBUG   : read : [  139] [   10] (PROMPT-0->)
2018-04-03 21:22:35,700: radical.saga.pty    : pmgr.0000.launching.0           : MainThread     : DEBUG   : flush: [  139] [     ] (flush pty read cache)
2018-04-03 21:22:35,802: radical.saga.pty    : pmgr.0000.launching.0           : MainThread     : DEBUG   : flush: [  139] [     ] (flush pty read cache)
2018-04-03 21:22:35,903: radical.saga.pty    : pmgr.0000.launching.0           : MainThread     : DEBUG   : write: [  139] [   32] (cd / &&  test -d  '/' && cd '/'\n)
2018-04-03 21:22:36,036: radical.saga.pty    : pmgr.0000.launching.0           : MainThread     : DEBUG   : read : [  139] [   10] (PROMPT-0->)
2018-04-03 21:22:36,037: radical.saga.pty    : pmgr.0000.launching.0           : MainThread     : DEBUG   : flush: [  139] [     ] (flush pty read cache)
2018-04-03 21:22:36,139: radical.saga.pty    : pmgr.0000.launching.0           : MainThread     : DEBUG   : write: [  139] [  106] (mkdir -p / && cd / &&  mkdir -p '/work/gchantzi/radical.pilot.sandbox/rp.session.one.george.017624.0007/'\n)
2018-04-03 21:22:36,282: radical.saga.pty    : pmgr.0000.launching.0           : MainThread     : DEBUG   : read : [  139] [   10] (PROMPT-0->)
2018-04-03 21:22:36,282: radical.saga.pty    : pmgr.0000.launching.0           : MainThread     : DEBUG   : flush: [  139] [     ] (flush pty read cache)
2018-04-03 21:22:36,384: radical.saga.pty    : pmgr.0000.launching.0           : MainThread     : DEBUG   : PTYProcess init <saga.utils.pty_process.PTYProcess object at 0x7f47c00dc790>
2018-04-03 21:22:36,385: radical.saga.pty    : pmgr.0000.launching.0           : MainThread     : INFO    : running: /usr/bin/env TERM=vt100 X509_USER_PROXY=/tmp/x509up_u1012 /usr/bin/gsisftp -o IdentityFile=/home/george/.ssh/id_rsa -o Port=2222 -o ControlMaster=auto -o ControlPath=/tmp/saga_ssh_george_%h_%p.ctrl -o TCPKeepAlive=no -o ServerAliveInterval=10 -o ServerAliveCountMax=20 -o ConnectTimeout=10 supermic.cct-lsu.xsede.org
2018-04-03 21:22:37,347: radical.saga.pty    : pmgr.0000.launching.0           : MainThread     : DEBUG   : read : [  151] [   42] (Connected to supermic.cct-lsu.xsede.org.\n)
2018-04-03 21:22:37,479: radical.saga.pty    : pmgr.0000.launching.0           : MainThread     : DEBUG   : read : [  151] [    6] (sftp> )
2018-04-03 21:22:37,479: radical.saga.pty    : pmgr.0000.launching.0           : MainThread     : DEBUG   : got initial shell prompt (6) (Connected to supermic.cct-lsu.xsede.org.
sftp> )
2018-04-03 21:22:37,479: radical.saga.pty    : pmgr.0000.launching.0           : MainThread     : DEBUG   : Got initial shell prompt (6) (Connected to supermic.cct-lsu.xsede.org.
sftp> )
2018-04-03 21:22:37,479: radical.saga.pty    : pmgr.0000.launching.0           : MainThread     : DEBUG   : flush: [  151] [     ] (flush pty read cache)
2018-04-03 21:22:37,581: radical.saga.pty    : pmgr.0000.launching.0           : MainThread     : DEBUG   : flush: [  151] [     ] (flush pty read cache)
2018-04-03 21:22:37,682: radical.saga.pty    : pmgr.0000.launching.0           : MainThread     : DEBUG   : write: [  151] [  241] (mput "//tmp/rp_agent_tar_dirFFaI9t/rp.session.one.george.017624.0007.pmgr.0000.launching.0.child.tgz" "/work/gchantzi/radical.pilot.sandbox/rp.session.one.george.017624.0007/rp.session.one.george.017624.0007.pmgr.0000.launching.0.child.tgz"\n)
2018-04-03 21:22:37,682: radical.saga.pty    : pmgr.0000.launching.0           : MainThread     : DEBUG   : read : [  151] [   21] (mput "//tmp/rp_agent_)
2018-04-03 21:22:37,683: radical.saga.pty    : pmgr.0000.launching.0           : MainThread     : DEBUG   : read : [  151] [  118] (tar_dirFFaI9t/rp.session.one.george.017624.0007.pmgr. 0000.launching.0.child.tgz" "/work/gchantzi/radical.pilot.sandb)
2018-04-03 21:22:37,683: radical.saga.pty    : pmgr.0000.launching.0           : MainThread     : DEBUG   : read : [  151] [   44] (ox/rp.session.one .george.017624.0007/rp.se)
2018-04-03 21:22:37,683: radical.saga.pty    : pmgr.0000.launching.0           : MainThread     : DEBUG   : read : [  151] [   34] (ssion.one.george.017624.0007.pmgr.)
2018-04-03 21:22:37,683: radical.saga.pty    : pmgr.0000.launching.0           : MainThread     : DEBUG   : read : [  151] [   31] (0000.launching.0.chil d.tgz"\n)
2018-04-03 21:22:37,815: radical.saga.pty    : pmgr.0000.launching.0           : MainThread     : DEBUG   : read : [  151] [  246] (Uploading //tmp/rp_agent_tar_dirFFaI9t/rp.session.one.george.017624.0007.pmgr.0000.launching.0.child.tgz to /work/gchantzi/radical.pilot.sandbox/rp.session.one.george.017624.0007/rp.session.one.george.017624.0007.pmgr.0000.launching.0.child.tgz\n)
2018-04-03 21:22:37,947: radical.saga.pty    : pmgr.0000.launching.0           : MainThread     : DEBUG   : read : [  151] [   79] (//tmp/rp_agent_tar_dirFFaI9t/rp.ses   0%    0     0.0KB/s   0.0KB/s   --:-- ETA)
2018-04-03 21:22:38,947: radical.saga.pty    : pmgr.0000.launching.0           : MainThread     : DEBUG   : read : [  151] [   79] (//tmp/rp_agent_tar_dirFFaI9t/rp.ses  41%  416KB 416.0KB/s 416.0KB/s   00:01 ETA)
2018-04-03 21:22:39,190: radical.saga.pty    : pmgr.0000.launching.0           : MainThread     : DEBUG   : read : [  151] [   81] (//tmp/rp_agent_tar_dirFFaI9t/rp.ses 100% 1011KB 813.9KB/s 595.3KB/s   00:01    \n)
2018-04-03 21:22:39,321: radical.saga.pty    : pmgr.0000.launching.0           : MainThread     : DEBUG   : read : [  151] [    6] (sftp> )
2018-04-03 21:22:39,321: radical.saga.pty    : pmgr.0000.launching.0           : MainThread     : DEBUG   : copy done: ['mput', 'Uploading', '//tmp/rp_agent_tar_dirFFaI9t/rp.ses', 'sftp>']
2018-04-03 21:22:39,339: radical.saga.pty    : pmgr.0000.launching.0           : MainThread     : DEBUG   : PTYProcess init <saga.utils.pty_process.PTYProcess object at 0x7f47c557c350>
2018-04-03 21:22:39,339: radical.saga.pty    : pmgr.0000.launching.0           : MainThread     : INFO    : running: /usr/bin/env TERM=vt100 X509_USER_PROXY=/tmp/x509up_u1012 /usr/bin/gsissh -t -o IdentityFile=/home/george/.ssh/id_rsa -o Port=2222 -o ControlMaster=auto -o ControlPath=/tmp/saga_ssh_george_%h_%p.ctrl -o TCPKeepAlive=no -o ServerAliveInterval=10 -o ServerAliveCountMax=20 -o ConnectTimeout=10 supermic.cct-lsu.xsede.org
2018-04-03 21:22:39,340: radical.saga.pty    : pmgr.0000.launching.0           : MainThread     : DEBUG   : write: [  152] [   51] ( export PROMPT_COMMAND='' PS1='$' ; set prompt='$'\n)
2018-04-03 21:22:39,613: radical.saga.pty    : pmgr.0000.launching.0           : MainThread     : DEBUG   : read : [  152] [ 1569] (Last login: Tue Apr  3 14:22:3 ... **************************\n\n)
2018-04-03 21:22:39,617: radical.saga.pty    : pmgr.0000.launching.0           : MainThread     : DEBUG   : got initial shell prompt (6) (Last login: Tue Apr  3 14:22:34 2018 from 144.76.72.175
##############################################################################)
2018-04-03 21:22:39,617: radical.saga.pty    : pmgr.0000.launching.0           : MainThread     : DEBUG   : Got initial shell prompt (6) (Last login: Tue Apr  3 14:22:34 2018 from 144.76.72.175
##############################################################################)
2018-04-03 21:22:39,617: radical.saga.pty    : pmgr.0000.launching.0           : MainThread     : DEBUG   : write: [  152] [   30] ( stty -echo ; exec /bin/sh -i\n)
2018-04-03 21:22:39,617: radical.saga.pty    : pmgr.0000.launching.0           : MainThread     : DEBUG   : flush: [  152] [     ] (flush pty read cache)
2018-04-03 21:22:39,617: radical.saga.pty    : pmgr.0000.launching.0           : MainThread     : WARNING : flush: [  152] [ 1250] (discard data: '
SuperMIC at LSU (Open for general use) 

23-Sep-2014

SuperMIC is a 1.08 PetaFlop Peak Performance Xeon Phi accelerated cluster.  SuperMIC
has 360 nodes each with 20 Intel Ivybridge 2.8 GHz cores, 64 GB of RAM, and two 
Intel Xeon Phi 7120P co-processors. There are 20 nodes that have NVIDIA K20X GPUs.
This cluster is 40% allocated to the XSEDE user community an 60% dedicated to
authorized users of the LSU community.  Access is restricted to those who meet 
the criteria as stated on our website.

Quotas for the /home volume are enabled at 5 GB.  Please do
not use the /home volume for batch job I/O, use the /work volume 
instead.  Please limit the number of files per directory to 10,000.
No disk GB quotas are in effect for the /work volume, but files are purged that 
are older than 60 days.  There are quotas on file counts.  Manage your files,
but it is against our policy to blatantly circumvent the purge procedure.  
Misconfigured jobs that are wasting CPU resources are subject to deletion.

********************************************************************************
Allocations are required.  Using the -A qsub option to specify your allocation.
********************************************************************************

')
2018-04-03 21:22:39,719: radical.saga.pty    : pmgr.0000.launching.0           : MainThread     : DEBUG   : write: [  152] [  152] (set HISTFILE=$HOME/.saga_history; PS1='PROMPT-$?->'; PS2=''; PROMPT_COMMAND=''; export PS1 PS2 PROMPT_COMMAND 2>&1 >/dev/null; cd $HOME 2>&1 >/dev/null\n)
2018-04-03 21:22:40,342: radical.saga.pty    : pmgr.0000.launching.0           : MainThread     : DEBUG   : read : [  152] [   21] ([gchantzi@smic1 ~]$ $)
2018-04-03 21:22:40,357: radical.saga.pty    : pmgr.0000.launching.0           : MainThread     : DEBUG   : read : [  152] [    1] ($)
2018-04-03 21:22:40,358: radical.saga.pty    : pmgr.0000.launching.0           : MainThread     : DEBUG   : read : [  152] [   10] (PROMPT-0->)
2018-04-03 21:22:40,358: radical.saga.pty    : pmgr.0000.launching.0           : MainThread     : DEBUG   : flush: [  152] [     ] (flush pty read cache)
2018-04-03 21:22:40,462: radical.saga.pty    : pmgr.0000.launching.0           : MainThread     : DEBUG   : PTYProcess init <saga.utils.pty_process.PTYProcess object at 0x7f47c557c390>
2018-04-03 21:22:40,463: radical.saga.pty    : pmgr.0000.launching.0           : MainThread     : INFO    : running: /usr/bin/env TERM=vt100 X509_USER_PROXY=/tmp/x509up_u1012 /usr/bin/gsissh -t -o IdentityFile=/home/george/.ssh/id_rsa -o Port=2222 -o ControlMaster=auto -o ControlPath=/tmp/saga_ssh_george_%h_%p.ctrl -o TCPKeepAlive=no -o ServerAliveInterval=10 -o ServerAliveCountMax=20 -o ConnectTimeout=10 supermic.cct-lsu.xsede.org
2018-04-03 21:22:40,465: radical.saga.pty    : pmgr.0000.launching.0           : MainThread     : DEBUG   : write: [  153] [   51] ( export PROMPT_COMMAND='' PS1='$' ; set prompt='$'\n)
2018-04-03 21:22:40,739: radical.saga.pty    : pmgr.0000.launching.0           : MainThread     : DEBUG   : read : [  153] [ 1569] (Last login: Tue Apr  3 14:22:3 ... **************************\n\n)
2018-04-03 21:22:40,742: radical.saga.pty    : pmgr.0000.launching.0           : MainThread     : DEBUG   : got initial shell prompt (6) (Last login: Tue Apr  3 14:22:39 2018 from 144.76.72.175
##############################################################################)
2018-04-03 21:22:40,742: radical.saga.pty    : pmgr.0000.launching.0           : MainThread     : DEBUG   : Got initial shell prompt (6) (Last login: Tue Apr  3 14:22:39 2018 from 144.76.72.175
##############################################################################)
2018-04-03 21:22:40,742: radical.saga.pty    : pmgr.0000.launching.0           : MainThread     : DEBUG   : write: [  153] [   30] ( stty -echo ; exec /bin/sh -i\n)
2018-04-03 21:22:40,743: radical.saga.pty    : pmgr.0000.launching.0           : MainThread     : DEBUG   : flush: [  153] [     ] (flush pty read cache)
2018-04-03 21:22:40,743: radical.saga.pty    : pmgr.0000.launching.0           : MainThread     : WARNING : flush: [  153] [ 1250] (discard data: '
SuperMIC at LSU (Open for general use) 

23-Sep-2014

SuperMIC is a 1.08 PetaFlop Peak Performance Xeon Phi accelerated cluster.  SuperMIC
has 360 nodes each with 20 Intel Ivybridge 2.8 GHz cores, 64 GB of RAM, and two 
Intel Xeon Phi 7120P co-processors. There are 20 nodes that have NVIDIA K20X GPUs.
This cluster is 40% allocated to the XSEDE user community an 60% dedicated to
authorized users of the LSU community.  Access is restricted to those who meet 
the criteria as stated on our website.

Quotas for the /home volume are enabled at 5 GB.  Please do
not use the /home volume for batch job I/O, use the /work volume 
instead.  Please limit the number of files per directory to 10,000.
No disk GB quotas are in effect for the /work volume, but files are purged that 
are older than 60 days.  There are quotas on file counts.  Manage your files,
but it is against our policy to blatantly circumvent the purge procedure.  
Misconfigured jobs that are wasting CPU resources are subject to deletion.

********************************************************************************
Allocations are required.  Using the -A qsub option to specify your allocation.
********************************************************************************

')
2018-04-03 21:22:40,844: radical.saga.pty    : pmgr.0000.launching.0           : MainThread     : DEBUG   : write: [  153] [  152] (set HISTFILE=$HOME/.saga_history; PS1='PROMPT-$?->'; PS2=''; PROMPT_COMMAND=''; export PS1 PS2 PROMPT_COMMAND 2>&1 >/dev/null; cd $HOME 2>&1 >/dev/null\n)
2018-04-03 21:22:41,466: radical.saga.pty    : pmgr.0000.launching.0           : MainThread     : DEBUG   : read : [  153] [   21] ([gchantzi@smic1 ~]$ $)
2018-04-03 21:22:41,481: radical.saga.pty    : pmgr.0000.launching.0           : MainThread     : DEBUG   : read : [  153] [   11] ($PROMPT-0->)
2018-04-03 21:22:41,481: radical.saga.pty    : pmgr.0000.launching.0           : MainThread     : DEBUG   : flush: [  153] [     ] (flush pty read cache)
2018-04-03 21:22:41,582: radical.saga.pty    : pmgr.0000.launching.0           : MainThread     : DEBUG   : flush: [  152] [     ] (flush pty read cache)
2018-04-03 21:22:41,684: radical.saga.pty    : pmgr.0000.launching.0           : MainThread     : DEBUG   : write: [  152] [   35] (mkdir -p .saga/adaptors/shell_job/\n)
2018-04-03 21:22:41,822: radical.saga.pty    : pmgr.0000.launching.0           : MainThread     : DEBUG   : read : [  152] [   10] (PROMPT-0->)
2018-04-03 21:22:41,822: radical.saga.pty    : pmgr.0000.launching.0           : MainThread     : DEBUG   : flush: [  152] [     ] (flush pty read cache)
2018-04-03 21:22:41,923: radical.saga.pty    : pmgr.0000.launching.0           : MainThread     : DEBUG   : write: [  152] [   45] (test -f .saga/adaptors/shell_job//wrapper.sh\n)
2018-04-03 21:22:42,056: radical.saga.pty    : pmgr.0000.launching.0           : MainThread     : DEBUG   : read : [  152] [   10] (PROMPT-0->)
2018-04-03 21:22:42,056: radical.saga.pty    : pmgr.0000.launching.0           : MainThread     : DEBUG   : flush: [  152] [     ] (flush pty read cache)
2018-04-03 21:22:42,157: radical.saga.pty    : pmgr.0000.launching.0           : MainThread     : DEBUG   : write: [  152] [   71] (/bin/sh .saga/adaptors/shell_job//wrapper.sh .saga/adaptors/shell_job/\n)
2018-04-03 21:22:42,303: radical.saga.pty    : pmgr.0000.launching.0           : MainThread     : DEBUG   : read : [  152] [   12] (PID: 42144\n)
2018-04-03 21:22:42,585: radical.saga.pty    : pmgr.0000.launching.0           : MainThread     : DEBUG   : read : [  152] [   12] (PROMPT-0->\n)
2018-04-03 21:22:42,585: radical.saga.pty    : pmgr.0000.launching.0           : MainThread     : DEBUG   : flush: [  153] [     ] (flush pty read cache)
2018-04-03 21:22:42,687: radical.saga.pty    : pmgr.0000.launching.0           : MainThread     : DEBUG   : write: [  153] [   71] (/bin/sh .saga/adaptors/shell_job//wrapper.sh .saga/adaptors/shell_job/\n)
2018-04-03 21:22:42,836: radical.saga.pty    : pmgr.0000.launching.0           : MainThread     : DEBUG   : read : [  153] [   12] (PID: 42431\n)
2018-04-03 21:22:43,106: radical.saga.pty    : pmgr.0000.launching.0           : MainThread     : DEBUG   : read : [  153] [   12] (PROMPT-0->\n)
2018-04-03 21:22:43,108: radical.saga.pty    : pmgr.0000.launching.0           : Thread-1       : DEBUG   : flush: [  153] [     ] (flush pty read cache)
2018-04-03 21:22:43,109: radical.saga.pty    : pmgr.0000.launching.0           : Thread-1       : WARNING : flush: [  153] [    1] (discard data: '
')
2018-04-03 21:22:43,112: radical.saga.pty    : pmgr.0000.launching.0           : MainThread     : DEBUG   : flush: [  152] [     ] (flush pty read cache)
2018-04-03 21:22:43,112: radical.saga.pty    : pmgr.0000.launching.0           : MainThread     : WARNING : flush: [  152] [    1] (discard data: '
')
2018-04-03 21:22:43,210: radical.saga.pty    : pmgr.0000.launching.0           : Thread-1       : DEBUG   : write: [  153] [    8] (MONITOR\n)
2018-04-03 21:22:43,214: radical.saga.pty    : pmgr.0000.launching.0           : MainThread     : DEBUG   : write: [  152] [  250] (RUN true && ( /bin/sh -c 'tar zmxvf /work/gchantzi/radical.pilot.sandbox/rp.session.one.george.017624.0007/rp.session.one.george.017624.0007.pmgr.0000.launching.0.child.tgz -C /work/gchantzi/radical.pilot.sandbox/rp.session.one.george.017624.0007' )\n)
2018-04-03 21:22:43,350: radical.saga.pty    : pmgr.0000.launching.0           : Thread-1       : DEBUG   : read : [  153] [ 2412] (48942.0:RUNNING: \n48942.0:DON ... RUNNING: \n22659.0:DONE:0   \n)
2018-04-03 21:22:43,376: radical.saga.pty    : pmgr.0000.launching.0           : MainThread     : DEBUG   : read : [  152] [   23] (RUNNING \nOK\n42707.0\n)
2018-04-03 21:22:43,380: radical.saga.pty    : pmgr.0000.launching.0           : MainThread     : DEBUG   : read : [  152] [   12] (PROMPT-0->\n)
2018-04-03 21:22:43,380: radical.saga.pty    : pmgr.0000.launching.0           : MainThread     : DEBUG   : flush: [  152] [     ] (flush pty read cache)
2018-04-03 21:22:43,380: radical.saga.pty    : pmgr.0000.launching.0           : MainThread     : WARNING : flush: [  152] [    1] (discard data: '
')
2018-04-03 21:22:43,482: radical.saga.pty    : pmgr.0000.launching.0           : MainThread     : DEBUG   : write: [  152] [   14] (STATS 42707.0\n)
2018-04-03 21:22:43,631: radical.saga.pty    : pmgr.0000.launching.0           : MainThread     : DEBUG   : read : [  152] [  124] (OK\nSTATE : DONE\n\nSTART  : 1522783363\nSTOP   : 1522783363\n\nSTART_STDERR\n\nEND_STDERR\n\nSTART_STDOUT\n\nEND_STDOUT\n\n)
2018-04-03 21:22:43,635: radical.saga.pty    : pmgr.0000.launching.0           : MainThread     : DEBUG   : read : [  152] [   12] (PROMPT-0->\n)
2018-04-03 21:22:43,635: radical.saga.pty    : pmgr.0000.launching.0           : MainThread     : DEBUG   : flush: [  152] [     ] (flush pty read cache)
2018-04-03 21:22:43,636: radical.saga.pty    : pmgr.0000.launching.0           : MainThread     : WARNING : flush: [  152] [    1] (discard data: '
')
2018-04-03 21:22:43,737: radical.saga.pty    : pmgr.0000.launching.0           : MainThread     : DEBUG   : write: [  152] [   15] (STDOUT 42707.0\n)
2018-04-03 21:22:43,877: radical.saga.pty    : pmgr.0000.launching.0           : MainThread     : DEBUG   : read : [  152] [  420] (OK\n626f6f7473747261705f302e73680a70696c6f742e303030302f0a70696c6f742e303030302f70696c6f742e303030302e6c6f672e74677a0a70696c6f742e303030302f6167656e745f302e6366670a7261646963616c2e70696c6f742d302e34372d302e34372d31342d6762316466663862642d646576656c2e7461722e677a0a7261646963616c2e7574696c732d302e34372e342e7461722e677a0a736167612d707974686f6e2d302e34372d76302e34362d34382d6735383235663162302d646576656c2e7461722e677a0a\n)
2018-04-03 21:22:43,879: radical.saga.pty    : pmgr.0000.launching.0           : MainThread     : DEBUG   : read : [  152] [   12] (PROMPT-0->\n)
2018-04-03 21:22:43,880: radical.saga.pty    : pmgr.0000.launching.0           : MainThread     : DEBUG   : flush: [  152] [     ] (flush pty read cache)
2018-04-03 21:22:43,880: radical.saga.pty    : pmgr.0000.launching.0           : MainThread     : WARNING : flush: [  152] [    1] (discard data: '
')
2018-04-03 21:22:43,981: radical.saga.pty    : pmgr.0000.launching.0           : MainThread     : DEBUG   : write: [  152] [   15] (STDERR 42707.0\n)
2018-04-03 21:22:44,120: radical.saga.pty    : pmgr.0000.launching.0           : MainThread     : DEBUG   : read : [  152] [    6] (OK\n\n)
2018-04-03 21:22:44,122: radical.saga.pty    : pmgr.0000.launching.0           : MainThread     : DEBUG   : read : [  152] [   12] (PROMPT-0->\n)
2018-04-03 21:22:44,136: radical.saga.pty    : pmgr.0000.launching.0           : MainThread     : DEBUG   : PTYShell init <saga.utils.pty_shell.PTYShell object at 0x7f47c0021090>
2018-04-03 21:22:44,136: radical.saga.pty    : pmgr.0000.launching.0           : MainThread     : INFO    : PTY prompt pattern: [\$#%>\]]\s*$
2018-04-03 21:22:44,136: radical.saga.pty    : pmgr.0000.launching.0           : MainThread     : INFO    : ssh copy  mode set to 'sftp'
2018-04-03 21:22:44,136: radical.saga.pty    : pmgr.0000.launching.0           : MainThread     : INFO    : ssh share mode set to 'auto'
2018-04-03 21:22:44,136: radical.saga.pty    : pmgr.0000.launching.0           : MainThread     : INFO    : ssh timeout    set to '10.0'
2018-04-03 21:22:44,136: radical.saga.pty    : pmgr.0000.launching.0           : MainThread     : DEBUG   : SSH Connection M_FLAGS: -o ControlMaster=auto -o ControlPath=/tmp/saga_ssh_george_%h_%p.ctrl -o TCPKeepAlive=no  -o ServerAliveInterval=10 -o ServerAliveCountMax=20 -o ConnectTimeout=10
2018-04-03 21:22:44,137: radical.saga.pty    : pmgr.0000.launching.0           : MainThread     : DEBUG   : SSH Connection S_FLAGS: -o ControlMaster=auto -o ControlPath=/tmp/saga_ssh_george_%h_%p.ctrl -o TCPKeepAlive=no  -o ServerAliveInterval=10 -o ServerAliveCountMax=20 -o ConnectTimeout=10
2018-04-03 21:22:44,137: radical.saga.pty    : pmgr.0000.launching.0           : MainThread     : DEBUG   : PTYProcess init <saga.utils.pty_process.PTYProcess object at 0x7f47c552eb50>
2018-04-03 21:22:44,137: radical.saga.pty    : pmgr.0000.launching.0           : MainThread     : INFO    : running: /usr/bin/env TERM=vt100 X509_USER_PROXY=/tmp/x509up_u1012 /usr/bin/gsissh -t -o IdentityFile=/home/george/.ssh/id_rsa -o Port=2222 -o ControlMaster=auto -o ControlPath=/tmp/saga_ssh_george_%h_%p.ctrl -o TCPKeepAlive=no -o ServerAliveInterval=10 -o ServerAliveCountMax=20 -o ConnectTimeout=10 supermic.cct-lsu.xsede.org
2018-04-03 21:22:44,138: radical.saga.pty    : pmgr.0000.launching.0           : MainThread     : DEBUG   : write: [  154] [   51] ( export PROMPT_COMMAND='' PS1='$' ; set prompt='$'\n)
2018-04-03 21:22:44,350: radical.saga.pty    : pmgr.0000.launching.0           : Thread-1       : DEBUG   : read : [  153] [   38] (42707.0:RUNNING: \n42707.0:DONE:0   \n)
2018-04-03 21:22:44,410: radical.saga.pty    : pmgr.0000.launching.0           : MainThread     : DEBUG   : read : [  154] [ 1569] (Last login: Tue Apr  3 14:22:4 ... **************************\n\n)
2018-04-03 21:22:44,413: radical.saga.pty    : pmgr.0000.launching.0           : MainThread     : DEBUG   : got initial shell prompt (6) (Last login: Tue Apr  3 14:22:40 2018 from 144.76.72.175
##############################################################################)
2018-04-03 21:22:44,414: radical.saga.pty    : pmgr.0000.launching.0           : MainThread     : DEBUG   : Got initial shell prompt (6) (Last login: Tue Apr  3 14:22:40 2018 from 144.76.72.175
##############################################################################)
2018-04-03 21:22:44,414: radical.saga.pty    : pmgr.0000.launching.0           : MainThread     : DEBUG   :  ===     5 : <saga.utils.pty_process.PTYProcess object at 0x7f47c552eb50> : init : ['/usr/bin/env', 'TERM=vt100', 'X509_USER_PROXY=/tmp/x509up_u1012', '/usr/bin/gsissh', '-t', '-o', 'IdentityFile=/home/george/.ssh/id_rsa', '-o', 'Port=2222', '-o', 'ControlMaster=auto', '-o', 'ControlPath=/tmp/saga_ssh_george_%h_%p.ctrl', '-o', 'TCPKeepAlive=no', '-o', 'ServerAliveInterval=10', '-o', 'ServerAliveCountMax=20', '-o', 'ConnectTimeout=10', 'supermic.cct-lsu.xsede.org']
2018-04-03 21:22:44,414: radical.saga.pty    : pmgr.0000.launching.0           : MainThread     : DEBUG   : running command shell: exec /bin/sh -i
2018-04-03 21:22:44,414: radical.saga.pty    : pmgr.0000.launching.0           : MainThread     : DEBUG   : write: [  154] [   30] ( stty -echo ; exec /bin/sh -i\n)
2018-04-03 21:22:44,414: radical.saga.pty    : pmgr.0000.launching.0           : MainThread     : DEBUG   :  ===     5 : <saga.utils.pty_process.PTYProcess object at 0x7f47c552eb50> : run async :  set HISTFILE=$HOME/.saga_history; PS1='PROMPT-$?->'; PS2=''; PROMPT_COMMAND=''; export PS1 PS2 PROMPT_COMMAND 2>&1 >/dev/null; cd $HOME 2>&1 >/dev/null

2018-04-03 21:22:44,414: radical.saga.pty    : pmgr.0000.launching.0           : MainThread     : DEBUG   : flush: [  154] [     ] (flush pty read cache)
2018-04-03 21:22:44,415: radical.saga.pty    : pmgr.0000.launching.0           : MainThread     : WARNING : flush: [  154] [ 1250] (discard data: '
SuperMIC at LSU (Open for general use) 

23-Sep-2014

SuperMIC is a 1.08 PetaFlop Peak Performance Xeon Phi accelerated cluster.  SuperMIC
has 360 nodes each with 20 Intel Ivybridge 2.8 GHz cores, 64 GB of RAM, and two 
Intel Xeon Phi 7120P co-processors. There are 20 nodes that have NVIDIA K20X GPUs.
This cluster is 40% allocated to the XSEDE user community an 60% dedicated to
authorized users of the LSU community.  Access is restricted to those who meet 
the criteria as stated on our website.

Quotas for the /home volume are enabled at 5 GB.  Please do
not use the /home volume for batch job I/O, use the /work volume 
instead.  Please limit the number of files per directory to 10,000.
No disk GB quotas are in effect for the /work volume, but files are purged that 
are older than 60 days.  There are quotas on file counts.  Manage your files,
but it is against our policy to blatantly circumvent the purge procedure.  
Misconfigured jobs that are wasting CPU resources are subject to deletion.

********************************************************************************
Allocations are required.  Using the -A qsub option to specify your allocation.
********************************************************************************

')
2018-04-03 21:22:44,516: radical.saga.pty    : pmgr.0000.launching.0           : MainThread     : DEBUG   : write: [  154] [  152] (set HISTFILE=$HOME/.saga_history; PS1='PROMPT-$?->'; PS2=''; PROMPT_COMMAND=''; export PS1 PS2 PROMPT_COMMAND 2>&1 >/dev/null; cd $HOME 2>&1 >/dev/null\n)
2018-04-03 21:22:45,147: radical.saga.pty    : pmgr.0000.launching.0           : MainThread     : DEBUG   : read : [  154] [   21] ([gchantzi@smic1 ~]$ $)
2018-04-03 21:22:45,161: radical.saga.pty    : pmgr.0000.launching.0           : MainThread     : DEBUG   : read : [  154] [    1] ($)
2018-04-03 21:22:45,162: radical.saga.pty    : pmgr.0000.launching.0           : MainThread     : DEBUG   : read : [  154] [   10] (PROMPT-0->)
2018-04-03 21:22:45,162: radical.saga.pty    : pmgr.0000.launching.0           : MainThread     : DEBUG   : got new shell prompt
2018-04-03 21:22:45,162: radical.saga.pty    : pmgr.0000.launching.0           : MainThread     : DEBUG   : flush: [  154] [     ] (flush pty read cache)
2018-04-03 21:22:45,263: radical.saga.pty    : pmgr.0000.launching.0           : MainThread     : DEBUG   :  ===     5 : <saga.utils.pty_process.PTYProcess object at 0x7f47c552eb50> : run sync  : qstat --version
2018-04-03 21:22:45,263: radical.saga.pty    : pmgr.0000.launching.0           : MainThread     : DEBUG   : flush: [  154] [     ] (flush pty read cache)
2018-04-03 21:22:45,364: radical.saga.pty    : pmgr.0000.launching.0           : MainThread     : DEBUG   : run_sync: qstat --version
2018-04-03 21:22:45,365: radical.saga.pty    : pmgr.0000.launching.0           : MainThread     : DEBUG   : write: [  154] [   16] (qstat --version\n)
2018-04-03 21:22:45,503: radical.saga.pty    : pmgr.0000.launching.0           : MainThread     : DEBUG   : read : [  154] [   26] (version: 3.0.6\nPROMPT-0->)
2018-04-03 21:22:45,503: radical.saga.pty    : pmgr.0000.launching.0           : MainThread     : DEBUG   :  ===     5 : <saga.utils.pty_process.PTYProcess object at 0x7f47c552eb50> : run sync  : which qdel 
2018-04-03 21:22:45,503: radical.saga.pty    : pmgr.0000.launching.0           : MainThread     : DEBUG   : flush: [  154] [     ] (flush pty read cache)
2018-04-03 21:22:45,604: radical.saga.pty    : pmgr.0000.launching.0           : MainThread     : DEBUG   : run_sync: which qdel
2018-04-03 21:22:45,604: radical.saga.pty    : pmgr.0000.launching.0           : MainThread     : DEBUG   : write: [  154] [   11] (which qdel\n)
2018-04-03 21:22:45,739: radical.saga.pty    : pmgr.0000.launching.0           : MainThread     : DEBUG   : read : [  154] [   31] (/usr/local/bin/qdel\nPROMPT-0->)
2018-04-03 21:22:45,739: radical.saga.pty    : pmgr.0000.launching.0           : MainThread     : DEBUG   :  ===     5 : <saga.utils.pty_process.PTYProcess object at 0x7f47c552eb50> : run sync  : which qsub 
2018-04-03 21:22:45,739: radical.saga.pty    : pmgr.0000.launching.0           : MainThread     : DEBUG   : flush: [  154] [     ] (flush pty read cache)
2018-04-03 21:22:45,840: radical.saga.pty    : pmgr.0000.launching.0           : MainThread     : DEBUG   : run_sync: which qsub
2018-04-03 21:22:45,840: radical.saga.pty    : pmgr.0000.launching.0           : MainThread     : DEBUG   : write: [  154] [   11] (which qsub\n)
2018-04-03 21:22:45,975: radical.saga.pty    : pmgr.0000.launching.0           : MainThread     : DEBUG   : read : [  154] [   31] (/usr/local/bin/qsub\nPROMPT-0->)
2018-04-03 21:22:45,975: radical.saga.pty    : pmgr.0000.launching.0           : MainThread     : DEBUG   :  ===     5 : <saga.utils.pty_process.PTYProcess object at 0x7f47c552eb50> : run sync  : which pbsnodes 
2018-04-03 21:22:45,975: radical.saga.pty    : pmgr.0000.launching.0           : MainThread     : DEBUG   : flush: [  154] [     ] (flush pty read cache)
2018-04-03 21:22:46,076: radical.saga.pty    : pmgr.0000.launching.0           : MainThread     : DEBUG   : run_sync: which pbsnodes
2018-04-03 21:22:46,076: radical.saga.pty    : pmgr.0000.launching.0           : MainThread     : DEBUG   : write: [  154] [   15] (which pbsnodes\n)
2018-04-03 21:22:46,211: radical.saga.pty    : pmgr.0000.launching.0           : MainThread     : DEBUG   : read : [  154] [   35] (/usr/local/bin/pbsnodes\nPROMPT-0->)
2018-04-03 21:22:46,212: radical.saga.pty    : pmgr.0000.launching.0           : MainThread     : DEBUG   :  ===     5 : <saga.utils.pty_process.PTYProcess object at 0x7f47c552eb50> : run sync  : which qstat 
2018-04-03 21:22:46,212: radical.saga.pty    : pmgr.0000.launching.0           : MainThread     : DEBUG   : flush: [  154] [     ] (flush pty read cache)
2018-04-03 21:22:46,313: radical.saga.pty    : pmgr.0000.launching.0           : MainThread     : DEBUG   : run_sync: which qstat
2018-04-03 21:22:46,313: radical.saga.pty    : pmgr.0000.launching.0           : MainThread     : DEBUG   : write: [  154] [   12] (which qstat\n)
2018-04-03 21:22:46,448: radical.saga.pty    : pmgr.0000.launching.0           : MainThread     : DEBUG   : read : [  154] [   32] (/usr/local/bin/qstat\nPROMPT-0->)
2018-04-03 21:22:46,448: radical.saga.pty    : pmgr.0000.launching.0           : MainThread     : DEBUG   :  ===     5 : <saga.utils.pty_process.PTYProcess object at 0x7f47c552eb50> : run sync  : which aprun
2018-04-03 21:22:46,448: radical.saga.pty    : pmgr.0000.launching.0           : MainThread     : DEBUG   : flush: [  154] [     ] (flush pty read cache)
2018-04-03 21:22:46,549: radical.saga.pty    : pmgr.0000.launching.0           : MainThread     : DEBUG   : run_sync: which aprun
2018-04-03 21:22:46,549: radical.saga.pty    : pmgr.0000.launching.0           : MainThread     : DEBUG   : write: [  154] [   12] (which aprun\n)
2018-04-03 21:22:46,686: radical.saga.pty    : pmgr.0000.launching.0           : MainThread     : DEBUG   : read : [  154] [ 1029] (which: no aprun in (/home/gcha ... home/gchantzi/bin)\nPROMPT-1->)
2018-04-03 21:22:46,686: radical.saga.pty    : pmgr.0000.launching.0           : MainThread     : DEBUG   :  ===     5 : <saga.utils.pty_process.PTYProcess object at 0x7f47c552eb50> : run sync  : unset GREP_OPTIONS; /usr/local/bin/pbsnodes -a | grep -E "(np|pcpu)[[:blank:]]*=" 
2018-04-03 21:22:46,686: radical.saga.pty    : pmgr.0000.launching.0           : MainThread     : DEBUG   : flush: [  154] [     ] (flush pty read cache)
2018-04-03 21:22:46,787: radical.saga.pty    : pmgr.0000.launching.0           : MainThread     : DEBUG   : run_sync: unset GREP_OPTIONS; /usr/local/bin/pbsnodes -a | grep -E "(np|pcpu)[[:blank:]]*="
2018-04-03 21:22:46,787: radical.saga.pty    : pmgr.0000.launching.0           : MainThread     : DEBUG   : write: [  154] [   82] (unset GREP_OPTIONS; /usr/local/bin/pbsnodes -a | grep -E "(np|pcpu)[[:blank:]]*="\n)
2018-04-03 21:22:46,952: radical.saga.pty    : pmgr.0000.launching.0           : MainThread     : DEBUG   : read : [  154] [ 1624] (     np = 20\n     np = 20\n   ... \n     np = 20\n     np = 20\n)
2018-04-03 21:22:47,083: radical.saga.pty    : pmgr.0000.launching.0           : MainThread     : DEBUG   : read : [  154] [ 3748] (     np = 20\n     np = 20\n   ... = 28\n     np = 28\nPROMPT-0->)
2018-04-03 21:22:47,098: radical.saga.pty    : pmgr.0000.launching.0           : Thread-3       : DEBUG   :  ===     5 : <saga.utils.pty_process.PTYProcess object at 0x7f47c552eb50> : run sync  : mkdir -p /work/gchantzi/radical.pilot.sandbox/rp.session.one.george.017624.0007/pilot.0000
2018-04-03 21:22:47,098: radical.saga.pty    : pmgr.0000.launching.0           : Thread-3       : DEBUG   : flush: [  154] [     ] (flush pty read cache)
2018-04-03 21:22:47,199: radical.saga.pty    : pmgr.0000.launching.0           : Thread-3       : DEBUG   : run_sync: mkdir -p /work/gchantzi/radical.pilot.sandbox/rp.session.one.george.017624.0007/pilot.0000
2018-04-03 21:22:47,199: radical.saga.pty    : pmgr.0000.launching.0           : Thread-3       : DEBUG   : write: [  154] [   91] (mkdir -p /work/gchantzi/radical.pilot.sandbox/rp.session.one.george.017624.0007/pilot.0000\n)
2018-04-03 21:22:47,337: radical.saga.pty    : pmgr.0000.launching.0           : Thread-3       : DEBUG   : read : [  154] [   10] (PROMPT-0->)
2018-04-03 21:22:47,338: radical.saga.pty    : pmgr.0000.launching.0           : Thread-3       : DEBUG   :  ===     5 : <saga.utils.pty_process.PTYProcess object at 0x7f47c552eb50> : run sync  : SCRIPTFILE=`mktemp -t SAGA-Python-TORQUEJobScript.XXXXXX` &&  echo "
#!/bin/bash 
#PBS -N pilot.0000 
#PBS -V 
#PBS -v RADICAL_PILOT_PROFILE=TRUE
#PBS -o /work/gchantzi/radical.pilot.sandbox/rp.session.one.george.017624.0007/pilot.0000/bootstrap_1.out 
#PBS -e /work/gchantzi/radical.pilot.sandbox/rp.session.one.george.017624.0007/pilot.0000/bootstrap_1.err 
#PBS -l walltime=0:25:00 
#PBS -q workq 
#PBS -A TG-MCB090174 
#PBS -l nodes=1:ppn=20
export    PBS_O_WORKDIR=/work/gchantzi/radical.pilot.sandbox/rp.session.one.george.017624.0007/pilot.0000 
mkdir -p  /work/gchantzi/radical.pilot.sandbox/rp.session.one.george.017624.0007/pilot.0000
cd        /work/gchantzi/radical.pilot.sandbox/rp.session.one.george.017624.0007/pilot.0000
export SAGA_PPN=20
/bin/bash -l /work/gchantzi/radical.pilot.sandbox/rp.session.one.george.017624.0007/bootstrap_0.sh  -d 'radical.utils-0.47.4.tar.gz:saga-python-0.47-v0.46-48-g5825f1b0-devel.tar.gz:radical.pilot-0.47-0.47-14-gb1dff8bd-devel.tar.gz' -p 'pilot.0000' -s 'rp.session.one.george.017624.0007' -m 'create' -r 'local' -b 'default' -g 'default' -v '/work/gchantzi/radical.pilot.sandbox/ve.xsede.supermic_ssh.0.47' -y '25' -e 'module load python/2.7.7-anaconda' " > $SCRIPTFILE && /usr/local/bin/qsub $SCRIPTFILE && rm -f $SCRIPTFILE
2018-04-03 21:22:47,338: radical.saga.pty    : pmgr.0000.launching.0           : Thread-3       : DEBUG   : flush: [  154] [     ] (flush pty read cache)
2018-04-03 21:22:47,439: radical.saga.pty    : pmgr.0000.launching.0           : Thread-3       : DEBUG   : run_sync: SCRIPTFILE=`mktemp -t SAGA-Python-TORQUEJobScript.XXXXXX` &&  echo "
#!/bin/bash 
#PBS -N pilot.0000 
#PBS -V 
#PBS -v RADICAL_PILOT_PROFILE=TRUE
#PBS -o /work/gchantzi/radical.pilot.sandbox/rp.session.one.george.017624.0007/pilot.0000/bootstrap_1.out 
#PBS -e /work/gchantzi/radical.pilot.sandbox/rp.session.one.george.017624.0007/pilot.0000/bootstrap_1.err 
#PBS -l walltime=0:25:00 
#PBS -q workq 
#PBS -A TG-MCB090174 
#PBS -l nodes=1:ppn=20
export    PBS_O_WORKDIR=/work/gchantzi/radical.pilot.sandbox/rp.session.one.george.017624.0007/pilot.0000 
mkdir -p  /work/gchantzi/radical.pilot.sandbox/rp.session.one.george.017624.0007/pilot.0000
cd        /work/gchantzi/radical.pilot.sandbox/rp.session.one.george.017624.0007/pilot.0000
export SAGA_PPN=20
/bin/bash -l /work/gchantzi/radical.pilot.sandbox/rp.session.one.george.017624.0007/bootstrap_0.sh  -d 'radical.utils-0.47.4.tar.gz:saga-python-0.47-v0.46-48-g5825f1b0-devel.tar.gz:radical.pilot-0.47-0.47-14-gb1dff8bd-devel.tar.gz' -p 'pilot.0000' -s 'rp.session.one.george.017624.0007' -m 'create' -r 'local' -b 'default' -g 'default' -v '/work/gchantzi/radical.pilot.sandbox/ve.xsede.supermic_ssh.0.47' -y '25' -e 'module load python/2.7.7-anaconda' " > $SCRIPTFILE && /usr/local/bin/qsub $SCRIPTFILE && rm -f $SCRIPTFILE
2018-04-03 21:22:47,439: radical.saga.pty    : pmgr.0000.launching.0           : Thread-3       : DEBUG   : write: [  154] [ 1280] (SCRIPTFILE=`mktemp -t SAGA-Pyt ... IPTFILE && rm -f $SCRIPTFILE\n)
2018-04-03 21:22:47,767: radical.saga.pty    : pmgr.0000.launching.0           : Thread-3       : DEBUG   : read : [  154] [   14] (403280.smic3\n)
2018-04-03 21:22:48,095: radical.saga.pty    : pmgr.0000.launching.0           : Thread-3       : DEBUG   : read : [  154] [   10] (PROMPT-0->)
2018-04-03 21:23:44,183: radical.saga.pty    : pmgr.0000.launching.0           : Thread-2       : DEBUG   :  ===     5 : <saga.utils.pty_process.PTYProcess object at 0x7f47c552eb50> : run sync  : unset GREP_OPTIONS; /usr/local/bin/qstat -f1 403280 | grep -E -i '(job_state)|(Job_Name)|(exec_host)|(exit_status)|(ctime)|(start_time)|(stime)|(mtime)'
2018-04-03 21:23:44,183: radical.saga.pty    : pmgr.0000.launching.0           : Thread-2       : DEBUG   : flush: [  154] [     ] (flush pty read cache)
2018-04-03 21:23:44,284: radical.saga.pty    : pmgr.0000.launching.0           : Thread-2       : DEBUG   : run_sync: unset GREP_OPTIONS; /usr/local/bin/qstat -f1 403280 | grep -E -i '(job_state)|(Job_Name)|(exec_host)|(exit_status)|(ctime)|(start_time)|(stime)|(mtime)'
2018-04-03 21:23:44,284: radical.saga.pty    : pmgr.0000.launching.0           : Thread-2       : DEBUG   : write: [  154] [  153] (unset GREP_OPTIONS; /usr/local/bin/qstat -f1 403280 | grep -E -i '(job_state)|(Job_Name)|(exec_host)|(exit_status)|(ctime)|(start_time)|(stime)|(mtime)'\n)
2018-04-03 21:23:44,449: radical.saga.pty    : pmgr.0000.launching.0           : Thread-2       : DEBUG   : read : [  154] [  402] (    Job_Name = pilot.0000\n    job_state = R\n    ctime = Tue Apr  3 14:22:47 2018\n    exec_host = smic012/19+smic012/18+smic012/17+smic012/16+smic012/15+smic012/14+smic012/13+smic012/12+smic012/11+smic012/10+smic012/9+smic012/8+smic012/7+smic012/6+smic012/5+smic012/4+smic012/3+smic012/2+smic012/1+smic012/0\n    mtime = Tue Apr  3 14:23:02 2018\n    start_time = Tue Apr  3 14:23:00 2018\nPROMPT-0->)
2018-04-03 21:24:44,463: radical.saga.pty    : pmgr.0000.launching.0           : Thread-2       : DEBUG   :  ===     5 : <saga.utils.pty_process.PTYProcess object at 0x7f47c552eb50> : run sync  : unset GREP_OPTIONS; /usr/local/bin/qstat -f1 403280 | grep -E -i '(job_state)|(Job_Name)|(exec_host)|(exit_status)|(ctime)|(start_time)|(stime)|(mtime)'
2018-04-03 21:24:44,463: radical.saga.pty    : pmgr.0000.launching.0           : Thread-2       : DEBUG   : flush: [  154] [     ] (flush pty read cache)
2018-04-03 21:24:44,565: radical.saga.pty    : pmgr.0000.launching.0           : Thread-2       : DEBUG   : run_sync: unset GREP_OPTIONS; /usr/local/bin/qstat -f1 403280 | grep -E -i '(job_state)|(Job_Name)|(exec_host)|(exit_status)|(ctime)|(start_time)|(stime)|(mtime)'
2018-04-03 21:24:44,565: radical.saga.pty    : pmgr.0000.launching.0           : Thread-2       : DEBUG   : write: [  154] [  153] (unset GREP_OPTIONS; /usr/local/bin/qstat -f1 403280 | grep -E -i '(job_state)|(Job_Name)|(exec_host)|(exit_status)|(ctime)|(start_time)|(stime)|(mtime)'\n)
2018-04-03 21:24:44,730: radical.saga.pty    : pmgr.0000.launching.0           : Thread-2       : DEBUG   : read : [  154] [  402] (    Job_Name = pilot.0000\n    job_state = R\n    ctime = Tue Apr  3 14:22:47 2018\n    exec_host = smic012/19+smic012/18+smic012/17+smic012/16+smic012/15+smic012/14+smic012/13+smic012/12+smic012/11+smic012/10+smic012/9+smic012/8+smic012/7+smic012/6+smic012/5+smic012/4+smic012/3+smic012/2+smic012/1+smic012/0\n    mtime = Tue Apr  3 14:23:02 2018\n    start_time = Tue Apr  3 14:23:00 2018\nPROMPT-0->)
2018-04-03 21:25:44,789: radical.saga.pty    : pmgr.0000.launching.0           : Thread-2       : DEBUG   :  ===     5 : <saga.utils.pty_process.PTYProcess object at 0x7f47c552eb50> : run sync  : unset GREP_OPTIONS; /usr/local/bin/qstat -f1 403280 | grep -E -i '(job_state)|(Job_Name)|(exec_host)|(exit_status)|(ctime)|(start_time)|(stime)|(mtime)'
2018-04-03 21:25:44,789: radical.saga.pty    : pmgr.0000.launching.0           : Thread-2       : DEBUG   : flush: [  154] [     ] (flush pty read cache)
2018-04-03 21:25:44,890: radical.saga.pty    : pmgr.0000.launching.0           : Thread-2       : DEBUG   : run_sync: unset GREP_OPTIONS; /usr/local/bin/qstat -f1 403280 | grep -E -i '(job_state)|(Job_Name)|(exec_host)|(exit_status)|(ctime)|(start_time)|(stime)|(mtime)'
2018-04-03 21:25:44,890: radical.saga.pty    : pmgr.0000.launching.0           : Thread-2       : DEBUG   : write: [  154] [  153] (unset GREP_OPTIONS; /usr/local/bin/qstat -f1 403280 | grep -E -i '(job_state)|(Job_Name)|(exec_host)|(exit_status)|(ctime)|(start_time)|(stime)|(mtime)'\n)
2018-04-03 21:25:45,053: radical.saga.pty    : pmgr.0000.launching.0           : Thread-2       : DEBUG   : read : [  154] [  402] (    Job_Name = pilot.0000\n    job_state = R\n    ctime = Tue Apr  3 14:22:47 2018\n    exec_host = smic012/19+smic012/18+smic012/17+smic012/16+smic012/15+smic012/14+smic012/13+smic012/12+smic012/11+smic012/10+smic012/9+smic012/8+smic012/7+smic012/6+smic012/5+smic012/4+smic012/3+smic012/2+smic012/1+smic012/0\n    mtime = Tue Apr  3 14:23:02 2018\n    start_time = Tue Apr  3 14:23:00 2018\nPROMPT-0->)
2018-04-03 21:26:45,067: radical.saga.pty    : pmgr.0000.launching.0           : Thread-2       : DEBUG   :  ===     5 : <saga.utils.pty_process.PTYProcess object at 0x7f47c552eb50> : run sync  : unset GREP_OPTIONS; /usr/local/bin/qstat -f1 403280 | grep -E -i '(job_state)|(Job_Name)|(exec_host)|(exit_status)|(ctime)|(start_time)|(stime)|(mtime)'
2018-04-03 21:26:45,067: radical.saga.pty    : pmgr.0000.launching.0           : Thread-2       : DEBUG   : flush: [  154] [     ] (flush pty read cache)
2018-04-03 21:26:45,167: radical.saga.pty    : pmgr.0000.launching.0           : Thread-2       : DEBUG   : run_sync: unset GREP_OPTIONS; /usr/local/bin/qstat -f1 403280 | grep -E -i '(job_state)|(Job_Name)|(exec_host)|(exit_status)|(ctime)|(start_time)|(stime)|(mtime)'
2018-04-03 21:26:45,168: radical.saga.pty    : pmgr.0000.launching.0           : Thread-2       : DEBUG   : write: [  154] [  153] (unset GREP_OPTIONS; /usr/local/bin/qstat -f1 403280 | grep -E -i '(job_state)|(Job_Name)|(exec_host)|(exit_status)|(ctime)|(start_time)|(stime)|(mtime)'\n)
2018-04-03 21:26:45,333: radical.saga.pty    : pmgr.0000.launching.0           : Thread-2       : DEBUG   : read : [  154] [  402] (    Job_Name = pilot.0000\n    job_state = R\n    ctime = Tue Apr  3 14:22:47 2018\n    exec_host = smic012/19+smic012/18+smic012/17+smic012/16+smic012/15+smic012/14+smic012/13+smic012/12+smic012/11+smic012/10+smic012/9+smic012/8+smic012/7+smic012/6+smic012/5+smic012/4+smic012/3+smic012/2+smic012/1+smic012/0\n    mtime = Tue Apr  3 14:23:02 2018\n    start_time = Tue Apr  3 14:23:00 2018\nPROMPT-0->)
2018-04-03 21:27:45,384: radical.saga.pty    : pmgr.0000.launching.0           : Thread-2       : DEBUG   :  ===     5 : <saga.utils.pty_process.PTYProcess object at 0x7f47c552eb50> : run sync  : unset GREP_OPTIONS; /usr/local/bin/qstat -f1 403280 | grep -E -i '(job_state)|(Job_Name)|(exec_host)|(exit_status)|(ctime)|(start_time)|(stime)|(mtime)'
2018-04-03 21:27:45,384: radical.saga.pty    : pmgr.0000.launching.0           : Thread-2       : DEBUG   : flush: [  154] [     ] (flush pty read cache)
2018-04-03 21:27:45,485: radical.saga.pty    : pmgr.0000.launching.0           : Thread-2       : DEBUG   : run_sync: unset GREP_OPTIONS; /usr/local/bin/qstat -f1 403280 | grep -E -i '(job_state)|(Job_Name)|(exec_host)|(exit_status)|(ctime)|(start_time)|(stime)|(mtime)'
2018-04-03 21:27:45,485: radical.saga.pty    : pmgr.0000.launching.0           : Thread-2       : DEBUG   : write: [  154] [  153] (unset GREP_OPTIONS; /usr/local/bin/qstat -f1 403280 | grep -E -i '(job_state)|(Job_Name)|(exec_host)|(exit_status)|(ctime)|(start_time)|(stime)|(mtime)'\n)
2018-04-03 21:27:45,638: radical.saga.pty    : pmgr.0000.launching.0           : Thread-2       : DEBUG   : read : [  154] [  402] (    Job_Name = pilot.0000\n    job_state = R\n    ctime = Tue Apr  3 14:22:47 2018\n    exec_host = smic012/19+smic012/18+smic012/17+smic012/16+smic012/15+smic012/14+smic012/13+smic012/12+smic012/11+smic012/10+smic012/9+smic012/8+smic012/7+smic012/6+smic012/5+smic012/4+smic012/3+smic012/2+smic012/1+smic012/0\n    mtime = Tue Apr  3 14:23:02 2018\n    start_time = Tue Apr  3 14:23:00 2018\nPROMPT-0->)
2018-04-03 21:28:45,659: radical.saga.pty    : pmgr.0000.launching.0           : Thread-2       : DEBUG   :  ===     5 : <saga.utils.pty_process.PTYProcess object at 0x7f47c552eb50> : run sync  : unset GREP_OPTIONS; /usr/local/bin/qstat -f1 403280 | grep -E -i '(job_state)|(Job_Name)|(exec_host)|(exit_status)|(ctime)|(start_time)|(stime)|(mtime)'
2018-04-03 21:28:45,660: radical.saga.pty    : pmgr.0000.launching.0           : Thread-2       : DEBUG   : flush: [  154] [     ] (flush pty read cache)
2018-04-03 21:28:45,761: radical.saga.pty    : pmgr.0000.launching.0           : Thread-2       : DEBUG   : run_sync: unset GREP_OPTIONS; /usr/local/bin/qstat -f1 403280 | grep -E -i '(job_state)|(Job_Name)|(exec_host)|(exit_status)|(ctime)|(start_time)|(stime)|(mtime)'
2018-04-03 21:28:45,761: radical.saga.pty    : pmgr.0000.launching.0           : Thread-2       : DEBUG   : write: [  154] [  153] (unset GREP_OPTIONS; /usr/local/bin/qstat -f1 403280 | grep -E -i '(job_state)|(Job_Name)|(exec_host)|(exit_status)|(ctime)|(start_time)|(stime)|(mtime)'\n)
2018-04-03 21:28:45,915: radical.saga.pty    : pmgr.0000.launching.0           : Thread-2       : DEBUG   : read : [  154] [  402] (    Job_Name = pilot.0000\n    job_state = R\n    ctime = Tue Apr  3 14:22:47 2018\n    exec_host = smic012/19+smic012/18+smic012/17+smic012/16+smic012/15+smic012/14+smic012/13+smic012/12+smic012/11+smic012/10+smic012/9+smic012/8+smic012/7+smic012/6+smic012/5+smic012/4+smic012/3+smic012/2+smic012/1+smic012/0\n    mtime = Tue Apr  3 14:23:02 2018\n    start_time = Tue Apr  3 14:23:00 2018\nPROMPT-0->)
2018-04-03 21:29:45,934: radical.saga.pty    : pmgr.0000.launching.0           : Thread-2       : DEBUG   :  ===     5 : <saga.utils.pty_process.PTYProcess object at 0x7f47c552eb50> : run sync  : unset GREP_OPTIONS; /usr/local/bin/qstat -f1 403280 | grep -E -i '(job_state)|(Job_Name)|(exec_host)|(exit_status)|(ctime)|(start_time)|(stime)|(mtime)'
2018-04-03 21:29:45,934: radical.saga.pty    : pmgr.0000.launching.0           : Thread-2       : DEBUG   : flush: [  154] [     ] (flush pty read cache)
2018-04-03 21:29:46,035: radical.saga.pty    : pmgr.0000.launching.0           : Thread-2       : DEBUG   : run_sync: unset GREP_OPTIONS; /usr/local/bin/qstat -f1 403280 | grep -E -i '(job_state)|(Job_Name)|(exec_host)|(exit_status)|(ctime)|(start_time)|(stime)|(mtime)'
2018-04-03 21:29:46,035: radical.saga.pty    : pmgr.0000.launching.0           : Thread-2       : DEBUG   : write: [  154] [  153] (unset GREP_OPTIONS; /usr/local/bin/qstat -f1 403280 | grep -E -i '(job_state)|(Job_Name)|(exec_host)|(exit_status)|(ctime)|(start_time)|(stime)|(mtime)'\n)
2018-04-03 21:29:46,200: radical.saga.pty    : pmgr.0000.launching.0           : Thread-2       : DEBUG   : read : [  154] [  402] (    Job_Name = pilot.0000\n    job_state = R\n    ctime = Tue Apr  3 14:22:47 2018\n    exec_host = smic012/19+smic012/18+smic012/17+smic012/16+smic012/15+smic012/14+smic012/13+smic012/12+smic012/11+smic012/10+smic012/9+smic012/8+smic012/7+smic012/6+smic012/5+smic012/4+smic012/3+smic012/2+smic012/1+smic012/0\n    mtime = Tue Apr  3 14:23:02 2018\n    start_time = Tue Apr  3 14:23:00 2018\nPROMPT-0->)
2018-04-03 21:30:46,234: radical.saga.pty    : pmgr.0000.launching.0           : Thread-2       : DEBUG   :  ===     5 : <saga.utils.pty_process.PTYProcess object at 0x7f47c552eb50> : run sync  : unset GREP_OPTIONS; /usr/local/bin/qstat -f1 403280 | grep -E -i '(job_state)|(Job_Name)|(exec_host)|(exit_status)|(ctime)|(start_time)|(stime)|(mtime)'
2018-04-03 21:30:46,235: radical.saga.pty    : pmgr.0000.launching.0           : Thread-2       : DEBUG   : flush: [  154] [     ] (flush pty read cache)
2018-04-03 21:30:46,336: radical.saga.pty    : pmgr.0000.launching.0           : Thread-2       : DEBUG   : run_sync: unset GREP_OPTIONS; /usr/local/bin/qstat -f1 403280 | grep -E -i '(job_state)|(Job_Name)|(exec_host)|(exit_status)|(ctime)|(start_time)|(stime)|(mtime)'
2018-04-03 21:30:46,336: radical.saga.pty    : pmgr.0000.launching.0           : Thread-2       : DEBUG   : write: [  154] [  153] (unset GREP_OPTIONS; /usr/local/bin/qstat -f1 403280 | grep -E -i '(job_state)|(Job_Name)|(exec_host)|(exit_status)|(ctime)|(start_time)|(stime)|(mtime)'\n)
2018-04-03 21:30:46,488: radical.saga.pty    : pmgr.0000.launching.0           : Thread-2       : DEBUG   : read : [  154] [  402] (    Job_Name = pilot.0000\n    job_state = R\n    ctime = Tue Apr  3 14:22:47 2018\n    exec_host = smic012/19+smic012/18+smic012/17+smic012/16+smic012/15+smic012/14+smic012/13+smic012/12+smic012/11+smic012/10+smic012/9+smic012/8+smic012/7+smic012/6+smic012/5+smic012/4+smic012/3+smic012/2+smic012/1+smic012/0\n    mtime = Tue Apr  3 14:23:02 2018\n    start_time = Tue Apr  3 14:23:00 2018\nPROMPT-0->)
2018-04-03 21:31:46,545: radical.saga.pty    : pmgr.0000.launching.0           : Thread-2       : DEBUG   :  ===     5 : <saga.utils.pty_process.PTYProcess object at 0x7f47c552eb50> : run sync  : unset GREP_OPTIONS; /usr/local/bin/qstat -f1 403280 | grep -E -i '(job_state)|(Job_Name)|(exec_host)|(exit_status)|(ctime)|(start_time)|(stime)|(mtime)'
2018-04-03 21:31:46,545: radical.saga.pty    : pmgr.0000.launching.0           : Thread-2       : DEBUG   : flush: [  154] [     ] (flush pty read cache)
2018-04-03 21:31:46,646: radical.saga.pty    : pmgr.0000.launching.0           : Thread-2       : DEBUG   : run_sync: unset GREP_OPTIONS; /usr/local/bin/qstat -f1 403280 | grep -E -i '(job_state)|(Job_Name)|(exec_host)|(exit_status)|(ctime)|(start_time)|(stime)|(mtime)'
2018-04-03 21:31:46,646: radical.saga.pty    : pmgr.0000.launching.0           : Thread-2       : DEBUG   : write: [  154] [  153] (unset GREP_OPTIONS; /usr/local/bin/qstat -f1 403280 | grep -E -i '(job_state)|(Job_Name)|(exec_host)|(exit_status)|(ctime)|(start_time)|(stime)|(mtime)'\n)
2018-04-03 21:31:46,795: radical.saga.pty    : pmgr.0000.launching.0           : Thread-2       : DEBUG   : read : [  154] [  402] (    Job_Name = pilot.0000\n    job_state = R\n    ctime = Tue Apr  3 14:22:47 2018\n    exec_host = smic012/19+smic012/18+smic012/17+smic012/16+smic012/15+smic012/14+smic012/13+smic012/12+smic012/11+smic012/10+smic012/9+smic012/8+smic012/7+smic012/6+smic012/5+smic012/4+smic012/3+smic012/2+smic012/1+smic012/0\n    mtime = Tue Apr  3 14:23:02 2018\n    start_time = Tue Apr  3 14:23:00 2018\nPROMPT-0->)
2018-04-03 21:32:46,839: radical.saga.pty    : pmgr.0000.launching.0           : Thread-2       : DEBUG   :  ===     5 : <saga.utils.pty_process.PTYProcess object at 0x7f47c552eb50> : run sync  : unset GREP_OPTIONS; /usr/local/bin/qstat -f1 403280 | grep -E -i '(job_state)|(Job_Name)|(exec_host)|(exit_status)|(ctime)|(start_time)|(stime)|(mtime)'
2018-04-03 21:32:46,839: radical.saga.pty    : pmgr.0000.launching.0           : Thread-2       : DEBUG   : flush: [  154] [     ] (flush pty read cache)
2018-04-03 21:32:46,940: radical.saga.pty    : pmgr.0000.launching.0           : Thread-2       : DEBUG   : run_sync: unset GREP_OPTIONS; /usr/local/bin/qstat -f1 403280 | grep -E -i '(job_state)|(Job_Name)|(exec_host)|(exit_status)|(ctime)|(start_time)|(stime)|(mtime)'
2018-04-03 21:32:46,940: radical.saga.pty    : pmgr.0000.launching.0           : Thread-2       : DEBUG   : write: [  154] [  153] (unset GREP_OPTIONS; /usr/local/bin/qstat -f1 403280 | grep -E -i '(job_state)|(Job_Name)|(exec_host)|(exit_status)|(ctime)|(start_time)|(stime)|(mtime)'\n)
2018-04-03 21:32:47,106: radical.saga.pty    : pmgr.0000.launching.0           : Thread-2       : DEBUG   : read : [  154] [  402] (    Job_Name = pilot.0000\n    job_state = R\n    ctime = Tue Apr  3 14:22:47 2018\n    exec_host = smic012/19+smic012/18+smic012/17+smic012/16+smic012/15+smic012/14+smic012/13+smic012/12+smic012/11+smic012/10+smic012/9+smic012/8+smic012/7+smic012/6+smic012/5+smic012/4+smic012/3+smic012/2+smic012/1+smic012/0\n    mtime = Tue Apr  3 14:23:02 2018\n    start_time = Tue Apr  3 14:23:00 2018\nPROMPT-0->)
2018-04-03 21:33:47,166: radical.saga.pty    : pmgr.0000.launching.0           : Thread-2       : DEBUG   :  ===     5 : <saga.utils.pty_process.PTYProcess object at 0x7f47c552eb50> : run sync  : unset GREP_OPTIONS; /usr/local/bin/qstat -f1 403280 | grep -E -i '(job_state)|(Job_Name)|(exec_host)|(exit_status)|(ctime)|(start_time)|(stime)|(mtime)'
2018-04-03 21:33:47,166: radical.saga.pty    : pmgr.0000.launching.0           : Thread-2       : DEBUG   : flush: [  154] [     ] (flush pty read cache)
2018-04-03 21:33:47,267: radical.saga.pty    : pmgr.0000.launching.0           : Thread-2       : DEBUG   : run_sync: unset GREP_OPTIONS; /usr/local/bin/qstat -f1 403280 | grep -E -i '(job_state)|(Job_Name)|(exec_host)|(exit_status)|(ctime)|(start_time)|(stime)|(mtime)'
2018-04-03 21:33:47,267: radical.saga.pty    : pmgr.0000.launching.0           : Thread-2       : DEBUG   : write: [  154] [  153] (unset GREP_OPTIONS; /usr/local/bin/qstat -f1 403280 | grep -E -i '(job_state)|(Job_Name)|(exec_host)|(exit_status)|(ctime)|(start_time)|(stime)|(mtime)'\n)
2018-04-03 21:33:47,431: radical.saga.pty    : pmgr.0000.launching.0           : Thread-2       : DEBUG   : read : [  154] [  402] (    Job_Name = pilot.0000\n    job_state = R\n    ctime = Tue Apr  3 14:22:47 2018\n    exec_host = smic012/19+smic012/18+smic012/17+smic012/16+smic012/15+smic0