2018-04-03 21:22:27,035: update.0.child      : update.0                        : MainThread     : INFO    : python.interpreter   version: 2.7.14 (default, Sep 23 2017, 22:06:14) [GCC 7.2.0]
2018-04-03 21:22:27,035: update.0.child      : update.0                        : MainThread     : INFO    :                      pid: 9867
2018-04-03 21:22:27,035: update.0.child      : update.0                        : MainThread     : INFO    :                      tid: MainThread
2018-04-03 21:22:27,035: update.0.child      : update.0                        : MainThread     : INFO    : radical.pilot        version: 0.47-0.47-14-gb1dff8bd@devel
2018-04-03 21:22:27,035: update.0.child      : update.0                        : MainThread     : INFO    : initialize update.0.child
2018-04-03 21:22:27,036: update.0.child      : update.0                        : MainThread     : INFO    : cfg: {'agents': {},
 u'bridges': {u'control_pubsub': {'addr_in': 'tcp://144.76.72.175:39067',
                                  'addr_out': 'tcp://144.76.72.175:37993',
                                  u'bulk_size': 0,
                                  u'log_level': u'debug',
                                  u'stall_hwm': 1},
              u'log_pubsub': {'addr_in': 'tcp://144.76.72.175:33151',
                              'addr_out': 'tcp://144.76.72.175:38853',
                              u'bulk_size': 0,
                              u'log_level': u'debug',
                              u'stall_hwm': 1},
              u'state_pubsub': {'addr_in': 'tcp://144.76.72.175:43617',
                                'addr_out': 'tcp://144.76.72.175:44249',
                                u'bulk_size': 0,
                                u'log_level': u'debug',
                                u'stall_hwm': 1}},
 'cname': u'UpdateWorker',
 u'components': {},
 u'count': 1,
 'dburl': 'mongodb://rp:rp@ds015335.mlab.com:15335/rp',
 'debug': 'DEBUG',
 u'default_dburl': u'mongodb://rp:rp@ds015335.mlab.com:15335/rp',
 'logdir': '/home/george/launch-methods-project/mpi-exec/rp.session.one.george.017624.0007',
 'number': 0,
 'owner': 'rp.session.one.george.017624.0007',
 'session_id': 'rp.session.one.george.017624.0007'}
2018-04-03 21:22:27,036: update.0.child      : update.0                        : MainThread     : DEBUG   : start components: {}
2018-04-03 21:22:27,036: update.0.child      : update.0                        : MainThread     : DEBUG   : alive check in term
2018-04-03 21:22:27,036: update.0.child      : update.0                        : MainThread     : DEBUG   : START: update.0.child register publisher log_pubsub
2018-04-03 21:22:27,036: update.0.child      : update.0                        : MainThread     : DEBUG   : using addr tcp://144.76.72.175:33151 for pubsub log_pubsub
2018-04-03 21:22:27,038: update.0.child      : update.0                        : MainThread     : DEBUG   : registered publisher : log_pubsub : log.pubsub.pub.0000
2018-04-03 21:22:27,038: update.0.child      : update.0                        : MainThread     : DEBUG   : alive check in term
2018-04-03 21:22:27,038: update.0.child      : update.0                        : MainThread     : DEBUG   : START: update.0.child register publisher state_pubsub
2018-04-03 21:22:27,038: update.0.child      : update.0                        : MainThread     : DEBUG   : using addr tcp://144.76.72.175:43617 for pubsub state_pubsub
2018-04-03 21:22:27,039: update.0.child      : update.0                        : MainThread     : DEBUG   : registered publisher : state_pubsub : state.pubsub.pub.0000
2018-04-03 21:22:27,039: update.0.child      : update.0                        : MainThread     : DEBUG   : alive check in term
2018-04-03 21:22:27,039: update.0.child      : update.0                        : MainThread     : DEBUG   : START: update.0.child register publisher control_pubsub
2018-04-03 21:22:27,039: update.0.child      : update.0                        : MainThread     : DEBUG   : using addr tcp://144.76.72.175:39067 for pubsub control_pubsub
2018-04-03 21:22:27,040: update.0.child      : update.0                        : MainThread     : DEBUG   : registered publisher : control_pubsub : control.pubsub.pub.0000
2018-04-03 21:22:27,040: update.0.child      : update.0                        : MainThread     : DEBUG   : alive check in term
2018-04-03 21:22:27,040: update.0.child      : update.0                        : MainThread     : DEBUG   : START: update.0.child register subscriber update.0.child.subscriber._cancel_monitor_cb
2018-04-03 21:22:27,040: update.0.child      : update.0                        : MainThread     : DEBUG   : using addr tcp://144.76.72.175:37993 for pubsub control_pubsub
2018-04-03 21:22:27,060: update.0.child      : update.0                        : MainThread     : DEBUG   : parent name: update.0.child.subscriber._cancel_monitor_cb
2018-04-03 21:22:27,060: update.0.child      : update.0                        : MainThread     : DEBUG   : start thread
2018-04-03 21:22:27,060: update.0.child      : update.0                        : update.0.child.subscriber._cancel_monitor_cb: DEBUG   : child name: update.0.child.subscriber._cancel_monitor_cb.thread
2018-04-03 21:22:27,060: update.0.child      : update.0                        : update.0.child.subscriber._cancel_monitor_cb: INFO    : child (me) initializing
2018-04-03 21:22:27,061: update.0.child      : update.0                        : update.0.child.subscriber._cancel_monitor_cb: DEBUG   : ru_initialize_common (NOOP)
2018-04-03 21:22:27,061: update.0.child      : update.0                        : update.0.child.subscriber._cancel_monitor_cb: DEBUG   : ru_initialize_child (NOOP)
2018-04-03 21:22:27,061: update.0.child      : update.0                        : update.0.child.subscriber._cancel_monitor_cb: INFO    : send alive
2018-04-03 21:22:27,061: update.0.child      : update.0                        : update.0.child.subscriber._cancel_monitor_cb: INFO    : put message: [update.0.child.subscriber._cancel_monitor_cb.thread] alive
2018-04-03 21:22:27,062: update.0.child      : update.0                        : MainThread     : INFO    : get msg: alive
2018-04-03 21:22:27,062: update.0.child      : update.0                        : MainThread     : DEBUG   : ru_initialize_common (NOOP)
2018-04-03 21:22:27,062: update.0.child      : update.0                        : MainThread     : DEBUG   : ru_initialize_parent (NOOP)
2018-04-03 21:22:27,062: update.0.child      : update.0                        : MainThread     : DEBUG   : child thread update.0.child.subscriber._cancel_monitor_cb started
2018-04-03 21:22:27,062: update.0.child      : update.0                        : MainThread     : DEBUG   : update.0.child registered control_pubsub subscriber update.0.child.subscriber._cancel_monitor_cb
2018-04-03 21:22:27,587: update.0.child      : update.0                        : MainThread     : DEBUG   : alive check in term
2018-04-03 21:22:27,587: update.0.child      : update.0                        : MainThread     : DEBUG   : START: update.0.child register subscriber update.0.child.subscriber._state_cb
2018-04-03 21:22:27,587: update.0.child      : update.0                        : MainThread     : DEBUG   : using addr tcp://144.76.72.175:44249 for pubsub state_pubsub
2018-04-03 21:22:27,590: update.0.child      : update.0                        : MainThread     : DEBUG   : parent name: update.0.child.subscriber._state_cb
2018-04-03 21:22:27,590: update.0.child      : update.0                        : MainThread     : DEBUG   : start thread
2018-04-03 21:22:27,590: update.0.child      : update.0                        : update.0.child.subscriber._state_cb: DEBUG   : child name: update.0.child.subscriber._state_cb.thread
2018-04-03 21:22:27,590: update.0.child      : update.0                        : update.0.child.subscriber._state_cb: INFO    : child (me) initializing
2018-04-03 21:22:27,590: update.0.child      : update.0                        : update.0.child.subscriber._state_cb: DEBUG   : ru_initialize_common (NOOP)
2018-04-03 21:22:27,590: update.0.child      : update.0                        : update.0.child.subscriber._state_cb: DEBUG   : ru_initialize_child (NOOP)
2018-04-03 21:22:27,591: update.0.child      : update.0                        : update.0.child.subscriber._state_cb: INFO    : send alive
2018-04-03 21:22:27,591: update.0.child      : update.0                        : update.0.child.subscriber._state_cb: INFO    : put message: [update.0.child.subscriber._state_cb.thread] alive
2018-04-03 21:22:27,591: update.0.child      : update.0                        : MainThread     : INFO    : get msg: alive
2018-04-03 21:22:27,591: update.0.child      : update.0                        : MainThread     : DEBUG   : ru_initialize_common (NOOP)
2018-04-03 21:22:27,592: update.0.child      : update.0                        : MainThread     : DEBUG   : ru_initialize_parent (NOOP)
2018-04-03 21:22:27,592: update.0.child      : update.0                        : MainThread     : DEBUG   : child thread update.0.child.subscriber._state_cb started
2018-04-03 21:22:27,592: update.0.child      : update.0                        : MainThread     : DEBUG   : update.0.child registered state_pubsub subscriber update.0.child.subscriber._state_cb
2018-04-03 21:22:27,592: update.0.child      : update.0                        : MainThread     : DEBUG   : alive check in term
2018-04-03 21:22:27,592: update.0.child      : update.0                        : MainThread     : DEBUG   : START: update.0.child register idler update.0.child.idler._idle_cb
2018-04-03 21:22:27,592: update.0.child      : update.0                        : MainThread     : DEBUG   : parent name: update.0.child.idler._idle_cb
2018-04-03 21:22:27,592: update.0.child      : update.0                        : MainThread     : DEBUG   : start thread
2018-04-03 21:22:27,593: update.0.child      : update.0                        : update.0.child.idler._idle_cb: DEBUG   : child name: update.0.child.idler._idle_cb.thread
2018-04-03 21:22:27,593: update.0.child      : update.0                        : update.0.child.idler._idle_cb: INFO    : child (me) initializing
2018-04-03 21:22:27,593: update.0.child      : update.0                        : update.0.child.idler._idle_cb: DEBUG   : ru_initialize_common (NOOP)
2018-04-03 21:22:27,593: update.0.child      : update.0                        : update.0.child.idler._idle_cb: DEBUG   : ru_initialize_child (NOOP)
2018-04-03 21:22:27,593: update.0.child      : update.0                        : update.0.child.idler._idle_cb: INFO    : send alive
2018-04-03 21:22:27,593: update.0.child      : update.0                        : update.0.child.idler._idle_cb: INFO    : put message: [update.0.child.idler._idle_cb.thread] alive
2018-04-03 21:22:27,594: update.0.child      : update.0                        : MainThread     : INFO    : get msg: alive
2018-04-03 21:22:27,594: update.0.child      : update.0                        : MainThread     : DEBUG   : ru_initialize_common (NOOP)
2018-04-03 21:22:27,594: update.0.child      : update.0                        : MainThread     : DEBUG   : ru_initialize_parent (NOOP)
2018-04-03 21:22:27,594: update.0.child      : update.0                        : MainThread     : DEBUG   : child thread update.0.child.idler._idle_cb started
2018-04-03 21:22:27,594: update.0.child      : update.0                        : MainThread     : DEBUG   : update.0.child registered idler update.0.child.idler._idle_cb
2018-04-03 21:22:27,595: update.0.child      : update.0                        : MainThread     : INFO    : child (me) initializing
2018-04-03 21:22:27,595: update.0.child      : update.0                        : MainThread     : DEBUG   : parent name: update.0.child.watch
2018-04-03 21:22:27,595: update.0.child      : update.0                        : MainThread     : DEBUG   : start thread
2018-04-03 21:22:27,595: update.0.child      : update.0                        : update.0.child.watch: DEBUG   : child name: update.0.child.watch.thread
2018-04-03 21:22:27,595: update.0.child      : update.0                        : update.0.child.watch: INFO    : child (me) initializing
2018-04-03 21:22:27,595: update.0.child      : update.0                        : update.0.child.watch: DEBUG   : ru_initialize_common (NOOP)
2018-04-03 21:22:27,596: update.0.child      : update.0                        : update.0.child.watch: DEBUG   : ru_initialize_child (NOOP)
2018-04-03 21:22:27,596: update.0.child      : update.0                        : update.0.child.watch: INFO    : send alive
2018-04-03 21:22:27,596: update.0.child      : update.0                        : update.0.child.watch: INFO    : put message: [update.0.child.watch.thread] alive
2018-04-03 21:22:27,596: update.0.child      : update.0                        : MainThread     : INFO    : get msg: alive
2018-04-03 21:22:27,597: update.0.child      : update.0                        : MainThread     : DEBUG   : ru_initialize_common (NOOP)
2018-04-03 21:22:27,597: update.0.child      : update.0                        : MainThread     : DEBUG   : ru_initialize_parent (NOOP)
2018-04-03 21:22:27,597: update.0.child      : update.0                        : MainThread     : DEBUG   : child thread update.0.child.watch started
2018-04-03 21:22:27,597: update.0.child      : update.0                        : MainThread     : INFO    : child (me) is alive
2018-04-03 21:22:27,597: update.0.child      : update.0                        : MainThread     : INFO    : send alive
2018-04-03 21:22:27,597: update.0.child      : update.0                        : MainThread     : INFO    : send message: [update.0.child] alive
2018-04-03 21:22:32,990: update.0.child      : update.0                        : update.0.child.subscriber._state_cb: DEBUG   : bulk update result: {'nModified': 1, 'nUpserted': 0, 'nMatched': 1, 'writeErrors': [], 'upserted': [], 'writeConcernErrors': [], 'nRemoved': 0, 'nInserted': 0}
2018-04-03 21:22:33,455: update.0.child      : update.0                        : update.0.child.subscriber._cancel_monitor_cb: DEBUG   : command ignored: add_pilots
2018-04-03 21:22:34,713: update.0.child      : update.0                        : update.0.child.idler._idle_cb: DEBUG   : bulk update result: {'nModified': 6, 'nUpserted': 0, 'nMatched': 6, 'writeErrors': [], 'upserted': [], 'writeConcernErrors': [], 'nRemoved': 0, 'nInserted': 0}
2018-04-03 21:22:48,205: update.0.child      : update.0                        : update.0.child.subscriber._state_cb: DEBUG   : bulk update result: {'nModified': 1, 'nUpserted': 0, 'nMatched': 1, 'writeErrors': [], 'upserted': [], 'writeConcernErrors': [], 'nRemoved': 0, 'nInserted': 0}
2018-04-03 21:23:19,414: update.0.child      : update.0                        : update.0.child.subscriber._state_cb: DEBUG   : bulk update result: {'nModified': 1, 'nUpserted': 0, 'nMatched': 1, 'writeErrors': [], 'upserted': [], 'writeConcernErrors': [], 'nRemoved': 0, 'nInserted': 0}
2018-04-03 21:35:19,874: update.0.child      : update.0                        : update.0.child.subscriber._state_cb: DEBUG   : bulk update result: {'nModified': 1, 'nUpserted': 0, 'nMatched': 1, 'writeErrors': [], 'upserted': [], 'writeConcernErrors': [], 'nRemoved': 0, 'nInserted': 0}
2018-04-03 21:35:21,019: update.0.child      : update.0                        : update.0.child.idler._idle_cb: DEBUG   : bulk update result: {'nModified': 2, 'nUpserted': 0, 'nMatched': 2, 'writeErrors': [], 'upserted': [], 'writeConcernErrors': [], 'nRemoved': 0, 'nInserted': 0}
2018-04-03 21:35:24,411: update.0.child      : update.0                        : update.0.child.subscriber._cancel_monitor_cb: DEBUG   : command ignored: cancel_pilots
2018-04-03 21:35:24,516: update.0.child      : update.0                        : update.0.child.subscriber._state_cb: DEBUG   : bulk update result: {'nModified': 1, 'nUpserted': 0, 'nMatched': 1, 'writeErrors': [], 'upserted': [], 'writeConcernErrors': [], 'nRemoved': 0, 'nInserted': 0}
2018-04-03 21:35:26,748: update.0.child      : update.0                        : update.0.child.watch: INFO    : recv message: STOP
2018-04-03 21:35:26,748: update.0.child      : update.0                        : update.0.child.watch: INFO    : message received: STOP
2018-04-03 21:35:26,748: update.0.child      : update.0                        : update.0.child.watch: INFO    : STOP received: STOP
2018-04-03 21:35:26,749: update.0.child      : update.0                        : update.0.child.watch: INFO    : watcher closes
2018-04-03 21:35:26,749: update.0.child      : update.0                        : update.0.child.watch: INFO    : put message: [update.0.child.watch.thread] work finished
2018-04-03 21:35:26,749: update.0.child      : update.0                        : update.0.child.watch: DEBUG   : ru_finalize_child (NOOP)
2018-04-03 21:35:26,749: update.0.child      : update.0                        : update.0.child.watch: DEBUG   : ru_finalize_common (NOOP)
2018-04-03 21:35:26,749: update.0.child      : update.0                        : update.0.child.watch: INFO    : put message: [update.0.child.watch.thread] terminating
2018-04-03 21:35:26,769: update.0.child      : update.0                        : MainThread     : WARNING : alive check: proc invalid - stop [False - True]
2018-04-03 21:35:26,803: update.0.child      : update.0                        : MainThread     : INFO    : stop update.0.child (9867 : 9867 : MainThread) [radical.pilot.worker.update.Update.stop]
2018-04-03 21:35:26,803: update.0.child      : update.0                        : MainThread     : INFO    : parent stops child  9867 -> 9867 [update.0.child]
2018-04-03 21:35:26,803: update.0.child      : update.0                        : MainThread     : INFO    : send message: [update.0.child] STOP
2018-04-03 21:35:26,803: update.0.child      : update.0                        : MainThread     : WARNING : send failed ([Errno 9] Bad file descriptor) - terminate
2018-04-03 21:35:26,803: update.0.child      : update.0                        : MainThread     : DEBUG   : TERM : update.0.child unregister idler update.0.child.idler._idle_cb
2018-04-03 21:35:26,803: update.0.child      : update.0                        : MainThread     : INFO    : parent stops child
2018-04-03 21:35:26,803: update.0.child      : update.0                        : MainThread     : DEBUG   : ru_finalize_parent (NOOP)
2018-04-03 21:35:26,803: update.0.child      : update.0                        : MainThread     : DEBUG   : ru_finalize_common (NOOP)
2018-04-03 21:35:26,828: update.0.child      : update.0                        : update.0.child.idler._idle_cb: DEBUG   : ru_finalize_child (NOOP)
2018-04-03 21:35:26,828: update.0.child      : update.0                        : update.0.child.idler._idle_cb: DEBUG   : ru_finalize_common (NOOP)
2018-04-03 21:35:26,829: update.0.child      : update.0                        : update.0.child.idler._idle_cb: INFO    : put message: [update.0.child.idler._idle_cb.thread] terminating
2018-04-03 21:35:26,834: update.0.child      : update.0                        : MainThread     : DEBUG   : TERM : update.0.child unregistered idler update.0.child.idler._idle_cb
2018-04-03 21:35:26,835: update.0.child      : update.0                        : MainThread     : DEBUG   : TERM : update.0.child unregister subscriber update.0.child.subscriber._state_cb
2018-04-03 21:35:26,835: update.0.child      : update.0                        : MainThread     : DEBUG   : unregistered subscriber update.0.child.subscriber._state_cb
2018-04-03 21:35:26,835: update.0.child      : update.0                        : MainThread     : DEBUG   : ru_finalize_common()
2018-04-03 21:35:26,835: update.0.child      : update.0                        : MainThread     : DEBUG   : TERM : update.0.child unregister publisher log_pubsub
2018-04-03 21:35:26,836: update.0.child      : update.0                        : MainThread     : DEBUG   : unregistered publisher log_pubsub
2018-04-03 21:35:26,836: update.0.child      : update.0                        : MainThread     : DEBUG   : TERM : update.0.child unregister publisher state_pubsub
2018-04-03 21:35:26,837: update.0.child      : update.0                        : MainThread     : DEBUG   : unregistered publisher state_pubsub
2018-04-03 21:35:26,837: update.0.child      : update.0                        : MainThread     : DEBUG   : TERM : update.0.child unregister publisher control_pubsub
2018-04-03 21:35:26,838: update.0.child      : update.0                        : MainThread     : DEBUG   : unregistered publisher control_pubsub
2018-04-03 21:35:26,838: update.0.child      : update.0                        : MainThread     : DEBUG   : update.0.child close prof
2018-04-03 21:35:26,838: update.0.child      : update.0                        : MainThread     : INFO    : parent stops child
2018-04-03 21:35:26,838: update.0.child      : update.0                        : MainThread     : DEBUG   : ru_finalize_parent (NOOP)
2018-04-03 21:35:26,838: update.0.child      : update.0                        : MainThread     : DEBUG   : ru_finalize_common (NOOP)
2018-04-03 21:35:26,838: update.0.child      : update.0                        : MainThread     : INFO    : parent stops child
2018-04-03 21:35:26,838: update.0.child      : update.0                        : MainThread     : DEBUG   : ru_finalize_parent (NOOP)
2018-04-03 21:35:26,839: update.0.child      : update.0                        : update.0.child.subscriber._cancel_monitor_cb: DEBUG   : ru_finalize_child (NOOP)
2018-04-03 21:35:26,839: update.0.child      : update.0                        : update.0.child.subscriber._cancel_monitor_cb: INFO    : put message: [update.0.child.subscriber._cancel_monitor_cb.thread] terminating
2018-04-03 21:35:26,840: update.0.child      : update.0                        : MainThread     : INFO    : parent stops child
2018-04-03 21:35:26,840: update.0.child      : update.0                        : MainThread     : DEBUG   : ru_finalize_parent (NOOP)
2018-04-03 21:35:26,841: update.0.child      : update.0                        : update.0.child.subscriber._state_cb: DEBUG   : ru_finalize_child (NOOP)
2018-04-03 21:35:26,841: update.0.child      : update.0                        : update.0.child.subscriber._state_cb: INFO    : put message: [update.0.child.subscriber._state_cb.thread] terminating
2018-04-03 21:35:26,841: update.0.child      : update.0                        : MainThread     : INFO    : parent stops child
2018-04-03 21:35:26,841: update.0.child      : update.0                        : MainThread     : WARNING : super update.0.child is invalid
2018-04-03 21:35:26,841: update.0.child      : update.0                        : MainThread     : WARNING : component update.0.child is invalid
2018-04-03 21:35:26,843: update.0.child      : update.0                        : MainThread     : INFO    : stop update.0.child (9867 : 9867 : MainThread) [radical.pilot.worker.update.Update.stop]
2018-04-03 21:35:26,843: update.0.child      : update.0                        : MainThread     : DEBUG   : TERM : update.0.child unregister idler update.0.child.idler._idle_cb
2018-04-03 21:35:26,843: update.0.child      : update.0                        : MainThread     : WARNING : timed cb update.0.child.idler._idle_cb is not registered
2018-04-03 21:35:26,843: update.0.child      : update.0                        : MainThread     : DEBUG   : TERM : update.0.child unregister subscriber update.0.child.subscriber._state_cb
2018-04-03 21:35:26,843: update.0.child      : update.0                        : MainThread     : WARNING : subscriber _state_cb is not registered
2018-04-03 21:35:26,843: update.0.child      : update.0                        : MainThread     : DEBUG   : ru_finalize_common()
2018-04-03 21:35:26,843: update.0.child      : update.0                        : MainThread     : WARNING : publisher log_pubsub is not registered
2018-04-03 21:35:26,843: update.0.child      : update.0                        : MainThread     : WARNING : publisher state_pubsub is not registered
2018-04-03 21:35:26,843: update.0.child      : update.0                        : MainThread     : WARNING : publisher control_pubsub is not registered
2018-04-03 21:35:26,844: update.0.child      : update.0                        : MainThread     : DEBUG   : update.0.child close prof
2018-04-03 21:35:26,844: update.0.child      : update.0                        : MainThread     : INFO    : send message: [update.0.child] terminating
2018-04-03 21:35:26,844: update.0.child      : update.0                        : MainThread     : WARNING : send failed ([Errno 9] Bad file descriptor) - terminate
2018-04-03 21:35:26,844: update.0.child      : update.0                        : MainThread     : INFO    : parent stops child
2018-04-03 21:35:26,844: update.0.child      : update.0                        : MainThread     : INFO    : parent stops child
2018-04-03 21:35:26,844: update.0.child      : update.0                        : MainThread     : INFO    : parent stops child
