2018-03-26 22:37:04,842: control.pubsub.pub.0002: agent_0.staging.input.0         : MainThread     : INFO    : python.interpreter   version: 2.7.7 |Continuum Analytics, Inc.| (default, Jun 2 2014, 12:34:02) [GCC 4.1.2 20080704 (Red Hat 4.1.2-54)]
2018-03-26 22:37:04,845: control.pubsub.pub.0002: agent_0.staging.input.0         : MainThread     : INFO    :                      pid: 88712
2018-03-26 22:37:04,845: control.pubsub.pub.0002: agent_0.staging.input.0         : MainThread     : INFO    :                      tid: MainThread
2018-03-26 22:37:04,846: control.pubsub.pub.0002: agent_0.staging.input.0         : MainThread     : INFO    : radical.pilot        version: 0.47-0.47-14-gb1dff8bd@devel
2018-03-26 22:37:04,846: control.pubsub.pub.0002: agent_0.staging.input.0         : MainThread     : INFO    : create control_pubsub - pub - tcp://204.90.42.95:38575
2018-03-26 22:37:04,846: control.pubsub.pub.0002: agent_0.staging.input.0         : MainThread     : DEBUG   : start process
2018-03-26 22:37:04,846: control.pubsub.pub.0002: agent_0.staging.input.0         : MainThread     : DEBUG   : ru_initialize_common (NOOP)
2018-03-26 22:37:04,846: control.pubsub.pub.0002: agent_0.staging.input.0         : MainThread     : DEBUG   : ru_initialize_parent (NOOP)
2018-03-26 22:37:04,846: control.pubsub.pub.0002: agent_0.staging.input.0         : MainThread     : DEBUG   : process class started (no child)
2018-03-26 22:37:04,892: control.pubsub.pub.0002: MainProcess                     : MainThread     : INFO    : python.interpreter   version: 2.7.7 |Continuum Analytics, Inc.| (default, Jun 2 2014, 12:34:02) [GCC 4.1.2 20080704 (Red Hat 4.1.2-54)]
2018-03-26 22:37:04,896: control.pubsub.pub.0002: MainProcess                     : MainThread     : INFO    :                      pid: 88540
2018-03-26 22:37:04,896: control.pubsub.pub.0002: MainProcess                     : MainThread     : INFO    :                      tid: MainThread
2018-03-26 22:37:04,896: control.pubsub.pub.0002: MainProcess                     : MainThread     : INFO    : radical.pilot        version: 0.47-0.47-14-gb1dff8bd@devel
2018-03-26 22:37:04,896: control.pubsub.pub.0002: MainProcess                     : MainThread     : INFO    : create control_pubsub - pub - tcp://204.90.42.95:38575
2018-03-26 22:37:04,896: control.pubsub.pub.0002: MainProcess                     : MainThread     : DEBUG   : start process
2018-03-26 22:37:04,896: control.pubsub.pub.0002: MainProcess                     : MainThread     : DEBUG   : ru_initialize_common (NOOP)
2018-03-26 22:37:04,896: control.pubsub.pub.0002: MainProcess                     : MainThread     : DEBUG   : ru_initialize_parent (NOOP)
2018-03-26 22:37:04,897: control.pubsub.pub.0002: MainProcess                     : MainThread     : DEBUG   : process class started (no child)
2018-03-26 22:49:18,152: control.pubsub.pub.0002: agent_0.staging.input.0         : agent_0.staging.input.0.child.subscriber._cancel_monitor_cb: INFO    : parent stops child  88712 -> None [control.pubsub.pub.0002]
2018-03-26 22:49:18,152: control.pubsub.pub.0002: agent_0.staging.input.0         : agent_0.staging.input.0.child.subscriber._cancel_monitor_cb: DEBUG   : ru_finalize_parent (NOOP)
