2018-03-26 22:37:04,102: control.pubsub.sub.0000: agent_0.staging.output.0        : MainThread     : INFO    : python.interpreter   version: 2.7.7 |Continuum Analytics, Inc.| (default, Jun 2 2014, 12:34:02) [GCC 4.1.2 20080704 (Red Hat 4.1.2-54)]
2018-03-26 22:37:04,105: control.pubsub.sub.0000: agent_0.staging.output.0        : MainThread     : INFO    :                      pid: 88662
2018-03-26 22:37:04,106: control.pubsub.sub.0000: agent_0.staging.output.0        : MainThread     : INFO    :                      tid: MainThread
2018-03-26 22:37:04,106: control.pubsub.sub.0000: agent_0.staging.output.0        : MainThread     : INFO    : radical.pilot        version: 0.47-0.47-14-gb1dff8bd@devel
2018-03-26 22:37:04,106: control.pubsub.sub.0000: agent_0.staging.output.0        : MainThread     : INFO    : create control_pubsub - sub - tcp://204.90.42.95:38110
2018-03-26 22:37:04,106: control.pubsub.sub.0000: agent_0.staging.output.0        : MainThread     : DEBUG   : start process
2018-03-26 22:37:04,106: control.pubsub.sub.0000: agent_0.staging.output.0        : MainThread     : DEBUG   : ru_initialize_common (NOOP)
2018-03-26 22:37:04,106: control.pubsub.sub.0000: agent_0.staging.output.0        : MainThread     : DEBUG   : ru_initialize_parent (NOOP)
2018-03-26 22:37:04,106: control.pubsub.sub.0000: agent_0.staging.output.0        : MainThread     : DEBUG   : process class started (no child)
2018-03-26 22:37:04,478: control.pubsub.sub.0000: agent_0.scheduling.0            : MainThread     : INFO    : python.interpreter   version: 2.7.7 |Continuum Analytics, Inc.| (default, Jun 2 2014, 12:34:02) [GCC 4.1.2 20080704 (Red Hat 4.1.2-54)]
2018-03-26 22:37:04,481: control.pubsub.sub.0000: agent_0.scheduling.0            : MainThread     : INFO    :                      pid: 88682
2018-03-26 22:37:04,482: control.pubsub.sub.0000: agent_0.scheduling.0            : MainThread     : INFO    :                      tid: MainThread
2018-03-26 22:37:04,482: control.pubsub.sub.0000: agent_0.scheduling.0            : MainThread     : INFO    : radical.pilot        version: 0.47-0.47-14-gb1dff8bd@devel
2018-03-26 22:37:04,482: control.pubsub.sub.0000: agent_0.scheduling.0            : MainThread     : INFO    : create control_pubsub - sub - tcp://204.90.42.95:38110
2018-03-26 22:37:04,482: control.pubsub.sub.0000: agent_0.scheduling.0            : MainThread     : DEBUG   : start process
2018-03-26 22:37:04,482: control.pubsub.sub.0000: agent_0.scheduling.0            : MainThread     : DEBUG   : ru_initialize_common (NOOP)
2018-03-26 22:37:04,482: control.pubsub.sub.0000: agent_0.scheduling.0            : MainThread     : DEBUG   : ru_initialize_parent (NOOP)
2018-03-26 22:37:04,482: control.pubsub.sub.0000: agent_0.scheduling.0            : MainThread     : DEBUG   : process class started (no child)
2018-03-26 22:37:04,849: control.pubsub.sub.0000: agent_0.staging.input.0         : MainThread     : INFO    : python.interpreter   version: 2.7.7 |Continuum Analytics, Inc.| (default, Jun 2 2014, 12:34:02) [GCC 4.1.2 20080704 (Red Hat 4.1.2-54)]
2018-03-26 22:37:04,852: control.pubsub.sub.0000: agent_0.staging.input.0         : MainThread     : INFO    :                      pid: 88712
2018-03-26 22:37:04,853: control.pubsub.sub.0000: agent_0.staging.input.0         : MainThread     : INFO    :                      tid: MainThread
2018-03-26 22:37:04,853: control.pubsub.sub.0000: agent_0.staging.input.0         : MainThread     : INFO    : radical.pilot        version: 0.47-0.47-14-gb1dff8bd@devel
2018-03-26 22:37:04,853: control.pubsub.sub.0000: agent_0.staging.input.0         : MainThread     : INFO    : create control_pubsub - sub - tcp://204.90.42.95:38110
2018-03-26 22:37:04,853: control.pubsub.sub.0000: agent_0.staging.input.0         : MainThread     : DEBUG   : start process
2018-03-26 22:37:04,853: control.pubsub.sub.0000: agent_0.staging.input.0         : MainThread     : DEBUG   : ru_initialize_common (NOOP)
2018-03-26 22:37:04,853: control.pubsub.sub.0000: agent_0.staging.input.0         : MainThread     : DEBUG   : ru_initialize_parent (NOOP)
2018-03-26 22:37:04,853: control.pubsub.sub.0000: agent_0.staging.input.0         : MainThread     : DEBUG   : process class started (no child)
2018-03-26 22:37:05,154: control.pubsub.sub.0000: update.0                        : MainThread     : INFO    : python.interpreter   version: 2.7.7 |Continuum Analytics, Inc.| (default, Jun 2 2014, 12:34:02) [GCC 4.1.2 20080704 (Red Hat 4.1.2-54)]
2018-03-26 22:37:05,157: control.pubsub.sub.0000: update.0                        : MainThread     : INFO    :                      pid: 88734
2018-03-26 22:37:05,157: control.pubsub.sub.0000: update.0                        : MainThread     : INFO    :                      tid: MainThread
2018-03-26 22:37:05,158: control.pubsub.sub.0000: update.0                        : MainThread     : INFO    : radical.pilot        version: 0.47-0.47-14-gb1dff8bd@devel
2018-03-26 22:37:05,158: control.pubsub.sub.0000: update.0                        : MainThread     : INFO    : create control_pubsub - sub - tcp://204.90.42.95:38110
2018-03-26 22:37:05,158: control.pubsub.sub.0000: update.0                        : MainThread     : DEBUG   : start process
2018-03-26 22:37:05,158: control.pubsub.sub.0000: update.0                        : MainThread     : DEBUG   : ru_initialize_common (NOOP)
2018-03-26 22:37:05,158: control.pubsub.sub.0000: update.0                        : MainThread     : DEBUG   : ru_initialize_parent (NOOP)
2018-03-26 22:37:05,158: control.pubsub.sub.0000: update.0                        : MainThread     : DEBUG   : process class started (no child)
2018-03-26 22:37:05,837: control.pubsub.sub.0000: agent_0.executing.0             : MainThread     : INFO    : python.interpreter   version: 2.7.7 |Continuum Analytics, Inc.| (default, Jun 2 2014, 12:34:02) [GCC 4.1.2 20080704 (Red Hat 4.1.2-54)]
2018-03-26 22:37:05,840: control.pubsub.sub.0000: agent_0.executing.0             : MainThread     : INFO    :                      pid: 88756
2018-03-26 22:37:05,840: control.pubsub.sub.0000: agent_0.executing.0             : MainThread     : INFO    :                      tid: MainThread
2018-03-26 22:37:05,840: control.pubsub.sub.0000: agent_0.executing.0             : MainThread     : INFO    : radical.pilot        version: 0.47-0.47-14-gb1dff8bd@devel
2018-03-26 22:37:05,840: control.pubsub.sub.0000: agent_0.executing.0             : MainThread     : INFO    : create control_pubsub - sub - tcp://204.90.42.95:38110
2018-03-26 22:37:05,841: control.pubsub.sub.0000: agent_0.executing.0             : MainThread     : DEBUG   : start process
2018-03-26 22:37:05,841: control.pubsub.sub.0000: agent_0.executing.0             : MainThread     : DEBUG   : ru_initialize_common (NOOP)
2018-03-26 22:37:05,841: control.pubsub.sub.0000: agent_0.executing.0             : MainThread     : DEBUG   : ru_initialize_parent (NOOP)
2018-03-26 22:37:05,841: control.pubsub.sub.0000: agent_0.executing.0             : MainThread     : DEBUG   : process class started (no child)
2018-03-26 22:49:18,143: control.pubsub.sub.0000: agent_0.staging.output.0        : agent_0.staging.output.0.child.subscriber._cancel_monitor_cb: INFO    : parent stops child  88662 -> None [control.pubsub.sub.0000]
2018-03-26 22:49:18,143: control.pubsub.sub.0000: agent_0.staging.output.0        : agent_0.staging.output.0.child.subscriber._cancel_monitor_cb: DEBUG   : ru_finalize_parent (NOOP)
2018-03-26 22:49:18,145: control.pubsub.sub.0000: update.0                        : update.0.child.subscriber._cancel_monitor_cb: INFO    : parent stops child  88734 -> None [control.pubsub.sub.0000]
2018-03-26 22:49:18,146: control.pubsub.sub.0000: update.0                        : update.0.child.subscriber._cancel_monitor_cb: DEBUG   : ru_finalize_parent (NOOP)
2018-03-26 22:49:18,147: control.pubsub.sub.0000: agent_0.scheduling.0            : agent_0.scheduling.0.child.subscriber._cancel_monitor_cb: INFO    : parent stops child  88682 -> None [control.pubsub.sub.0000]
2018-03-26 22:49:18,147: control.pubsub.sub.0000: agent_0.scheduling.0            : agent_0.scheduling.0.child.subscriber._cancel_monitor_cb: DEBUG   : ru_finalize_parent (NOOP)
2018-03-26 22:49:18,148: control.pubsub.sub.0000: agent_0.executing.0             : agent_0.executing.0.child.subscriber._cancel_monitor_cb: INFO    : parent stops child  88756 -> None [control.pubsub.sub.0000]
2018-03-26 22:49:18,149: control.pubsub.sub.0000: agent_0.executing.0             : agent_0.executing.0.child.subscriber._cancel_monitor_cb: DEBUG   : ru_finalize_parent (NOOP)
2018-03-26 22:49:18,160: control.pubsub.sub.0000: agent_0.staging.input.0         : agent_0.staging.input.0.child.subscriber._cancel_monitor_cb: INFO    : parent stops child  88712 -> None [control.pubsub.sub.0000]
2018-03-26 22:49:18,160: control.pubsub.sub.0000: agent_0.staging.input.0         : agent_0.staging.input.0.child.subscriber._cancel_monitor_cb: DEBUG   : ru_finalize_parent (NOOP)
