2018-04-04 00:38:54,265: umgr.0000.staging.input.0: MainProcess                     : MainThread     : INFO    : python.interpreter   version: 2.7.14 (default, Sep 23 2017, 22:06:14) [GCC 7.2.0]
2018-04-04 00:38:54,265: umgr.0000.staging.input.0: MainProcess                     : MainThread     : INFO    :                      pid: 6615
2018-04-04 00:38:54,265: umgr.0000.staging.input.0: MainProcess                     : MainThread     : INFO    :                      tid: MainThread
2018-04-04 00:38:54,265: umgr.0000.staging.input.0: MainProcess                     : MainThread     : INFO    : radical.pilot        version: 0.47-0.47-14-gb1dff8bd@devel
2018-04-04 00:38:54,265: umgr.0000.staging.input.0: MainProcess                     : MainThread     : DEBUG   : alive check in term
2018-04-04 00:38:54,265: umgr.0000.staging.input.0: MainProcess                     : MainThread     : DEBUG   : start process
2018-04-04 00:38:54,308: umgr.0000.staging.input.0: MainProcess                     : MainThread     : INFO    : recv message: alive
2018-04-04 00:38:54,308: umgr.0000.staging.input.0: MainProcess                     : MainThread     : INFO    : initialize umgr.0000.staging.input.0
2018-04-04 00:38:54,311: umgr.0000.staging.input.0: MainProcess                     : MainThread     : INFO    : cfg: {'agents': {},
 u'bridges': {u'control_pubsub': {'addr_in': 'tcp://144.76.72.175:35077',
                                  'addr_out': 'tcp://144.76.72.175:38177',
                                  u'bulk_size': 0,
                                  u'log_level': u'debug',
                                  u'stall_hwm': 1},
              u'log_pubsub': {'addr_in': 'tcp://144.76.72.175:34843',
                              'addr_out': 'tcp://144.76.72.175:40077',
                              u'bulk_size': 0,
                              u'log_level': u'debug',
                              u'stall_hwm': 1},
              u'state_pubsub': {'addr_in': 'tcp://144.76.72.175:35677',
                                'addr_out': 'tcp://144.76.72.175:45063',
                                u'bulk_size': 0,
                                u'log_level': u'debug',
                                u'stall_hwm': 1},
              u'umgr_reschedule_pubsub': {'addr_in': 'tcp://144.76.72.175:43021',
                                          'addr_out': 'tcp://144.76.72.175:37739',
                                          u'bulk_size': 0,
                                          u'log_level': u'debug',
                                          u'stall_hwm': 1},
              u'umgr_scheduling_queue': {'addr_in': 'tcp://144.76.72.175:46339',
                                         'addr_out': 'tcp://144.76.72.175:32975',
                                         u'bulk_size': 0,
                                         u'log_level': u'debug',
                                         u'stall_hwm': 1},
              u'umgr_staging_input_queue': {'addr_in': 'tcp://144.76.72.175:42957',
                                            'addr_out': 'tcp://144.76.72.175:34245',
                                            u'bulk_size': 0,
                                            u'log_level': u'debug',
                                            u'stall_hwm': 1},
              u'umgr_staging_output_queue': {'addr_in': 'tcp://144.76.72.175:44031',
                                             'addr_out': 'tcp://144.76.72.175:37821',
                                             u'bulk_size': 0,
                                             u'log_level': u'debug',
                                             u'stall_hwm': 1},
              u'umgr_unschedule_pubsub': {'addr_in': 'tcp://144.76.72.175:45023',
                                          'addr_out': 'tcp://144.76.72.175:45407',
                                          u'bulk_size': 0,
                                          u'log_level': u'debug',
                                          u'stall_hwm': 1}},
 u'bulk_collection_size': 100,
 u'bulk_collection_time': 1.0,
 'cname': u'UMGRStagingInputComponent',
 u'components': {},
 u'count': 1,
 u'db_poll_sleeptime': 1.0,
 'number': 0,
 'owner': 'umgr.0000',
 u'scheduler': u'round_robin',
 'uid': 'umgr.0000'}
2018-04-04 00:38:54,311: umgr.0000.staging.input.0: MainProcess                     : MainThread     : DEBUG   : alive check in term
2018-04-04 00:38:54,311: umgr.0000.staging.input.0: MainProcess                     : MainThread     : DEBUG   : START: umgr.0000.staging.input.0 register publisher log_pubsub
2018-04-04 00:38:54,311: umgr.0000.staging.input.0: MainProcess                     : MainThread     : DEBUG   : using addr tcp://144.76.72.175:34843 for pubsub log_pubsub
2018-04-04 00:38:54,313: umgr.0000.staging.input.0: MainProcess                     : MainThread     : DEBUG   : registered publisher : log_pubsub : log.pubsub.pub.0003
2018-04-04 00:38:54,313: umgr.0000.staging.input.0: MainProcess                     : MainThread     : DEBUG   : alive check in term
2018-04-04 00:38:54,313: umgr.0000.staging.input.0: MainProcess                     : MainThread     : DEBUG   : START: umgr.0000.staging.input.0 register publisher state_pubsub
2018-04-04 00:38:54,313: umgr.0000.staging.input.0: MainProcess                     : MainThread     : DEBUG   : using addr tcp://144.76.72.175:35677 for pubsub state_pubsub
2018-04-04 00:38:54,315: umgr.0000.staging.input.0: MainProcess                     : MainThread     : DEBUG   : registered publisher : state_pubsub : state.pubsub.pub.0003
2018-04-04 00:38:54,315: umgr.0000.staging.input.0: MainProcess                     : MainThread     : DEBUG   : alive check in term
2018-04-04 00:38:54,315: umgr.0000.staging.input.0: MainProcess                     : MainThread     : DEBUG   : START: umgr.0000.staging.input.0 register publisher control_pubsub
2018-04-04 00:38:54,315: umgr.0000.staging.input.0: MainProcess                     : MainThread     : DEBUG   : using addr tcp://144.76.72.175:35077 for pubsub control_pubsub
2018-04-04 00:38:54,317: umgr.0000.staging.input.0: MainProcess                     : MainThread     : DEBUG   : registered publisher : control_pubsub : control.pubsub.pub.0003
2018-04-04 00:38:54,317: umgr.0000.staging.input.0: MainProcess                     : MainThread     : DEBUG   : parent name: umgr.0000.staging.input.0.watch
2018-04-04 00:38:54,317: umgr.0000.staging.input.0: MainProcess                     : MainThread     : DEBUG   : start thread
2018-04-04 00:38:54,317: umgr.0000.staging.input.0: MainProcess                     : umgr.0000.staging.input.0.watch: DEBUG   : child name: umgr.0000.staging.input.0.watch.thread
2018-04-04 00:38:54,318: umgr.0000.staging.input.0: MainProcess                     : umgr.0000.staging.input.0.watch: INFO    : child (me) initializing
2018-04-04 00:38:54,318: umgr.0000.staging.input.0: MainProcess                     : umgr.0000.staging.input.0.watch: DEBUG   : ru_initialize_common (NOOP)
2018-04-04 00:38:54,318: umgr.0000.staging.input.0: MainProcess                     : umgr.0000.staging.input.0.watch: DEBUG   : ru_initialize_child (NOOP)
2018-04-04 00:38:54,318: umgr.0000.staging.input.0: MainProcess                     : umgr.0000.staging.input.0.watch: INFO    : send alive
2018-04-04 00:38:54,318: umgr.0000.staging.input.0: MainProcess                     : umgr.0000.staging.input.0.watch: INFO    : put message: [umgr.0000.staging.input.0.watch.thread] alive
2018-04-04 00:38:54,319: umgr.0000.staging.input.0: MainProcess                     : MainThread     : INFO    : get msg: alive
2018-04-04 00:38:54,319: umgr.0000.staging.input.0: MainProcess                     : MainThread     : DEBUG   : ru_initialize_common (NOOP)
2018-04-04 00:38:54,319: umgr.0000.staging.input.0: MainProcess                     : MainThread     : DEBUG   : ru_initialize_parent (NOOP)
2018-04-04 00:38:54,319: umgr.0000.staging.input.0: MainProcess                     : MainThread     : DEBUG   : child thread umgr.0000.staging.input.0.watch started
2018-04-04 00:38:54,319: umgr.0000.staging.input.0: MainProcess                     : MainThread     : INFO    : child is alive
2018-04-04 00:38:54,319: umgr.0000.staging.input.0: MainProcess                     : MainThread     : DEBUG   : process class started child
2018-04-04 00:51:52,024: umgr.0000.staging.input.0: MainProcess                     : MainThread     : INFO    : stop umgr.0000.staging.input.0 (6615 : 6790 : MainThread) [radical.pilot.unit_manager.UnitManager.finalize_parent]
2018-04-04 00:51:52,024: umgr.0000.staging.input.0: MainProcess                     : MainThread     : INFO    : parent stops child  6615 -> 6790 [umgr.0000.staging.input.0]
2018-04-04 00:51:52,024: umgr.0000.staging.input.0: MainProcess                     : MainThread     : INFO    : send message: [umgr.0000.staging.input.0] STOP
2018-04-04 00:51:52,024: umgr.0000.staging.input.0: MainProcess                     : MainThread     : DEBUG   : ru_finalize_common()
2018-04-04 00:51:52,024: umgr.0000.staging.input.0: MainProcess                     : MainThread     : DEBUG   : TERM : umgr.0000.staging.input.0 unregister publisher log_pubsub
2018-04-04 00:51:52,024: umgr.0000.staging.input.0: MainProcess                     : MainThread     : DEBUG   : unregistered publisher log_pubsub
2018-04-04 00:51:52,024: umgr.0000.staging.input.0: MainProcess                     : MainThread     : DEBUG   : TERM : umgr.0000.staging.input.0 unregister publisher state_pubsub
2018-04-04 00:51:52,025: umgr.0000.staging.input.0: MainProcess                     : MainThread     : DEBUG   : unregistered publisher state_pubsub
2018-04-04 00:51:52,025: umgr.0000.staging.input.0: MainProcess                     : MainThread     : DEBUG   : TERM : umgr.0000.staging.input.0 unregister publisher control_pubsub
2018-04-04 00:51:52,025: umgr.0000.staging.input.0: MainProcess                     : MainThread     : DEBUG   : unregistered publisher control_pubsub
2018-04-04 00:51:52,026: umgr.0000.staging.input.0: MainProcess                     : MainThread     : DEBUG   : umgr.0000.staging.input.0 close prof
2018-04-04 00:51:52,026: umgr.0000.staging.input.0: MainProcess                     : MainThread     : INFO    : parent stops child
2018-04-04 00:51:52,026: umgr.0000.staging.input.0: MainProcess                     : MainThread     : DEBUG   : ru_finalize_parent (NOOP)
2018-04-04 00:51:52,026: umgr.0000.staging.input.0: MainProcess                     : MainThread     : DEBUG   : ru_finalize_common (NOOP)
2018-04-04 00:51:52,035: umgr.0000.staging.input.0: MainProcess                     : umgr.0000.staging.input.0.watch: INFO    : watcher closes
2018-04-04 00:51:52,036: umgr.0000.staging.input.0: MainProcess                     : umgr.0000.staging.input.0.watch: INFO    : put message: [umgr.0000.staging.input.0.watch.thread] work finished
2018-04-04 00:51:52,036: umgr.0000.staging.input.0: MainProcess                     : umgr.0000.staging.input.0.watch: DEBUG   : ru_finalize_child (NOOP)
2018-04-04 00:51:52,036: umgr.0000.staging.input.0: MainProcess                     : umgr.0000.staging.input.0.watch: DEBUG   : ru_finalize_common (NOOP)
2018-04-04 00:51:52,036: umgr.0000.staging.input.0: MainProcess                     : umgr.0000.staging.input.0.watch: INFO    : put message: [umgr.0000.staging.input.0.watch.thread] terminating
2018-04-04 00:51:55,220: umgr.0000.staging.input.0: MainProcess                     : MainThread     : INFO    : stop umgr.0000.staging.input.0 (6615 : 6790 : MainThread) [radical.pilot.utils.component.UnitManager.ru_finalize_common]
2018-04-04 00:52:00,906: umgr.0000.staging.input.0: MainProcess                     : MainThread     : INFO    : stop umgr.0000.staging.input.0 (6615 : 6790 : MainThread) [radical.pilot.session.Session.close]
