2018-04-03 14:05:55,658: control.pubsub.bridge.0000: MainProcess                     : MainThread     : INFO    : python.interpreter   version: 2.7.7 |Continuum Analytics, Inc.| (default, Jun 2 2014, 12:34:02) [GCC 4.1.2 20080704 (Red Hat 4.1.2-54)]
2018-04-03 14:05:55,662: control.pubsub.bridge.0000: MainProcess                     : MainThread     : INFO    :                      pid: 9202
2018-04-03 14:05:55,662: control.pubsub.bridge.0000: MainProcess                     : MainThread     : INFO    :                      tid: MainThread
2018-04-03 14:05:55,662: control.pubsub.bridge.0000: MainProcess                     : MainThread     : INFO    : radical.pilot        version: 0.47-0.47-14-gb1dff8bd@devel
2018-04-03 14:05:55,662: control.pubsub.bridge.0000: MainProcess                     : MainThread     : INFO    : create control_pubsub - bridge - tcp://*:*
2018-04-03 14:05:55,663: control.pubsub.bridge.0000: MainProcess                     : MainThread     : DEBUG   : start process
2018-04-03 14:05:55,666: control.pubsub.bridge.0000: control.pubsub.bridge.0000      : MainThread     : DEBUG   : ru_initialize_common (NOOP)
2018-04-03 14:05:55,672: control.pubsub.bridge.0000: control.pubsub.bridge.0000.child: MainThread     : INFO    : child (me) initializing
2018-04-03 14:05:55,673: control.pubsub.bridge.0000: control.pubsub.bridge.0000.child: MainThread     : DEBUG   : parent name: control.pubsub.bridge.0000.child.watch
2018-04-03 14:05:55,673: control.pubsub.bridge.0000: control.pubsub.bridge.0000.child: MainThread     : DEBUG   : start thread
2018-04-03 14:05:55,673: control.pubsub.bridge.0000: control.pubsub.bridge.0000.child: control.pubsub.bridge.0000.child.watch: DEBUG   : child name: control.pubsub.bridge.0000.child.watch.thread
2018-04-03 14:05:55,673: control.pubsub.bridge.0000: control.pubsub.bridge.0000.child: control.pubsub.bridge.0000.child.watch: INFO    : child (me) initializing
2018-04-03 14:05:55,673: control.pubsub.bridge.0000: control.pubsub.bridge.0000.child: control.pubsub.bridge.0000.child.watch: DEBUG   : ru_initialize_common (NOOP)
2018-04-03 14:05:55,673: control.pubsub.bridge.0000: control.pubsub.bridge.0000.child: control.pubsub.bridge.0000.child.watch: DEBUG   : ru_initialize_child (NOOP)
2018-04-03 14:05:55,673: control.pubsub.bridge.0000: control.pubsub.bridge.0000.child: control.pubsub.bridge.0000.child.watch: INFO    : send alive
2018-04-03 14:05:55,673: control.pubsub.bridge.0000: control.pubsub.bridge.0000.child: control.pubsub.bridge.0000.child.watch: INFO    : put message: [control.pubsub.bridge.0000.child.watch.thread] alive
2018-04-03 14:05:55,674: control.pubsub.bridge.0000: control.pubsub.bridge.0000.child: MainThread     : INFO    : get msg: alive
2018-04-03 14:05:55,674: control.pubsub.bridge.0000: control.pubsub.bridge.0000.child: MainThread     : DEBUG   : ru_initialize_common (NOOP)
2018-04-03 14:05:55,674: control.pubsub.bridge.0000: control.pubsub.bridge.0000.child: MainThread     : DEBUG   : ru_initialize_parent (NOOP)
2018-04-03 14:05:55,675: control.pubsub.bridge.0000: control.pubsub.bridge.0000.child: MainThread     : DEBUG   : child thread control.pubsub.bridge.0000.child.watch started
2018-04-03 14:05:55,675: control.pubsub.bridge.0000: control.pubsub.bridge.0000.child: MainThread     : INFO    : child (me) is alive
2018-04-03 14:05:55,675: control.pubsub.bridge.0000: control.pubsub.bridge.0000.child: MainThread     : INFO    : send alive
2018-04-03 14:05:55,675: control.pubsub.bridge.0000: control.pubsub.bridge.0000.child: MainThread     : INFO    : send message: [control.pubsub.bridge.0000.child] alive
2018-04-03 14:05:55,675: control.pubsub.bridge.0000: MainProcess                     : MainThread     : INFO    : recv message: alive
2018-04-03 14:05:55,675: control.pubsub.bridge.0000: MainProcess                     : MainThread     : DEBUG   : ru_initialize_common (NOOP)
2018-04-03 14:05:55,675: control.pubsub.bridge.0000: MainProcess                     : MainThread     : DEBUG   : ru_initialize_parent (NOOP)
2018-04-03 14:05:55,675: control.pubsub.bridge.0000: MainProcess                     : MainThread     : DEBUG   : parent name: control.pubsub.bridge.0000.watch
2018-04-03 14:05:55,676: control.pubsub.bridge.0000: MainProcess                     : MainThread     : DEBUG   : start thread
2018-04-03 14:05:55,676: control.pubsub.bridge.0000: MainProcess                     : control.pubsub.bridge.0000.watch: DEBUG   : child name: control.pubsub.bridge.0000.watch.thread
2018-04-03 14:05:55,676: control.pubsub.bridge.0000: MainProcess                     : control.pubsub.bridge.0000.watch: INFO    : child (me) initializing
2018-04-03 14:05:55,676: control.pubsub.bridge.0000: MainProcess                     : control.pubsub.bridge.0000.watch: DEBUG   : ru_initialize_common (NOOP)
2018-04-03 14:05:55,676: control.pubsub.bridge.0000: MainProcess                     : control.pubsub.bridge.0000.watch: DEBUG   : ru_initialize_child (NOOP)
2018-04-03 14:05:55,676: control.pubsub.bridge.0000: MainProcess                     : control.pubsub.bridge.0000.watch: INFO    : send alive
2018-04-03 14:05:55,676: control.pubsub.bridge.0000: MainProcess                     : control.pubsub.bridge.0000.watch: INFO    : put message: [control.pubsub.bridge.0000.watch.thread] alive
2018-04-03 14:05:55,677: control.pubsub.bridge.0000: MainProcess                     : MainThread     : INFO    : get msg: alive
2018-04-03 14:05:55,677: control.pubsub.bridge.0000: MainProcess                     : MainThread     : DEBUG   : ru_initialize_common (NOOP)
2018-04-03 14:05:55,677: control.pubsub.bridge.0000: MainProcess                     : MainThread     : DEBUG   : ru_initialize_parent (NOOP)
2018-04-03 14:05:55,677: control.pubsub.bridge.0000: MainProcess                     : MainThread     : DEBUG   : child thread control.pubsub.bridge.0000.watch started
2018-04-03 14:05:55,677: control.pubsub.bridge.0000: MainProcess                     : MainThread     : INFO    : child is alive
2018-04-03 14:05:55,677: control.pubsub.bridge.0000: MainProcess                     : MainThread     : DEBUG   : process class started child
2018-04-03 14:18:12,438: control.pubsub.bridge.0000: control.pubsub.bridge.0000.child: MainThread     : DEBUG   : ru_finalize_child (NOOP)
2018-04-03 14:18:12,439: control.pubsub.bridge.0000: control.pubsub.bridge.0000.child: MainThread     : INFO    : send message: [control.pubsub.bridge.0000.child] terminating
2018-04-03 14:18:12,597: control.pubsub.bridge.0000: control.pubsub.bridge.0000.child: control.pubsub.bridge.0000.child.watch: INFO    : watcher closes
2018-04-03 14:18:12,598: control.pubsub.bridge.0000: control.pubsub.bridge.0000.child: control.pubsub.bridge.0000.child.watch: INFO    : put message: [control.pubsub.bridge.0000.child.watch.thread] work finished
2018-04-03 14:18:12,598: control.pubsub.bridge.0000: control.pubsub.bridge.0000.child: control.pubsub.bridge.0000.child.watch: DEBUG   : ru_finalize_child (NOOP)
2018-04-03 14:18:12,598: control.pubsub.bridge.0000: control.pubsub.bridge.0000.child: control.pubsub.bridge.0000.child.watch: DEBUG   : ru_finalize_common (NOOP)
2018-04-03 14:18:12,598: control.pubsub.bridge.0000: control.pubsub.bridge.0000.child: control.pubsub.bridge.0000.child.watch: INFO    : put message: [control.pubsub.bridge.0000.child.watch.thread] terminating
