2018-04-03 23:43:28,860: control.pubsub.pub.0003: umgr.0000.staging.input.0       : MainThread     : INFO    : python.interpreter   version: 2.7.14 (default, Sep 23 2017, 22:06:14) [GCC 7.2.0]
2018-04-03 23:43:28,860: control.pubsub.pub.0003: umgr.0000.staging.input.0       : MainThread     : INFO    :                      pid: 30794
2018-04-03 23:43:28,860: control.pubsub.pub.0003: umgr.0000.staging.input.0       : MainThread     : INFO    :                      tid: MainThread
2018-04-03 23:43:28,860: control.pubsub.pub.0003: umgr.0000.staging.input.0       : MainThread     : INFO    : radical.pilot        version: 0.47-0.47-14-gb1dff8bd@devel
2018-04-03 23:43:28,860: control.pubsub.pub.0003: umgr.0000.staging.input.0       : MainThread     : INFO    : create control_pubsub - pub - tcp://144.76.72.175:44439
2018-04-03 23:43:28,861: control.pubsub.pub.0003: umgr.0000.staging.input.0       : MainThread     : DEBUG   : start process
2018-04-03 23:43:28,861: control.pubsub.pub.0003: umgr.0000.staging.input.0       : MainThread     : DEBUG   : ru_initialize_common (NOOP)
2018-04-03 23:43:28,861: control.pubsub.pub.0003: umgr.0000.staging.input.0       : MainThread     : DEBUG   : ru_initialize_parent (NOOP)
2018-04-03 23:43:28,861: control.pubsub.pub.0003: umgr.0000.staging.input.0       : MainThread     : DEBUG   : process class started (no child)
2018-04-03 23:43:28,920: control.pubsub.pub.0003: MainProcess                     : MainThread     : INFO    : python.interpreter   version: 2.7.14 (default, Sep 23 2017, 22:06:14) [GCC 7.2.0]
2018-04-03 23:43:28,921: control.pubsub.pub.0003: MainProcess                     : MainThread     : INFO    :                      pid: 30655
2018-04-03 23:43:28,921: control.pubsub.pub.0003: MainProcess                     : MainThread     : INFO    :                      tid: MainThread
2018-04-03 23:43:28,921: control.pubsub.pub.0003: MainProcess                     : MainThread     : INFO    : radical.pilot        version: 0.47-0.47-14-gb1dff8bd@devel
2018-04-03 23:43:28,921: control.pubsub.pub.0003: MainProcess                     : MainThread     : INFO    : create control_pubsub - pub - tcp://144.76.72.175:44439
2018-04-03 23:43:28,921: control.pubsub.pub.0003: MainProcess                     : MainThread     : DEBUG   : start process
2018-04-03 23:43:28,921: control.pubsub.pub.0003: MainProcess                     : MainThread     : DEBUG   : ru_initialize_common (NOOP)
2018-04-03 23:43:28,921: control.pubsub.pub.0003: MainProcess                     : MainThread     : DEBUG   : ru_initialize_parent (NOOP)
2018-04-03 23:43:28,922: control.pubsub.pub.0003: MainProcess                     : MainThread     : DEBUG   : process class started (no child)
2018-04-03 23:56:47,879: control.pubsub.pub.0003: MainProcess                     : MainThread     : INFO    : parent stops child  30655 -> None [control.pubsub.pub.0003]
2018-04-03 23:56:47,879: control.pubsub.pub.0003: MainProcess                     : MainThread     : DEBUG   : ru_finalize_parent (NOOP)
2018-04-03 23:56:48,544: control.pubsub.pub.0003: umgr.0000.staging.input.0       : MainThread     : INFO    : parent stops child  30794 -> None [control.pubsub.pub.0003]
2018-04-03 23:56:48,545: control.pubsub.pub.0003: umgr.0000.staging.input.0       : MainThread     : DEBUG   : ru_finalize_parent (NOOP)
