2018-04-03 23:43:23,274: update.0.child      : update.0                        : MainThread     : INFO    : python.interpreter   version: 2.7.14 (default, Sep 23 2017, 22:06:14) [GCC 7.2.0]
2018-04-03 23:43:23,274: update.0.child      : update.0                        : MainThread     : INFO    :                      pid: 30684
2018-04-03 23:43:23,274: update.0.child      : update.0                        : MainThread     : INFO    :                      tid: MainThread
2018-04-03 23:43:23,275: update.0.child      : update.0                        : MainThread     : INFO    : radical.pilot        version: 0.47-0.47-14-gb1dff8bd@devel
2018-04-03 23:43:23,275: update.0.child      : update.0                        : MainThread     : INFO    : initialize update.0.child
2018-04-03 23:43:23,276: update.0.child      : update.0                        : MainThread     : INFO    : cfg: {'agents': {},
 u'bridges': {u'control_pubsub': {'addr_in': 'tcp://144.76.72.175:44439',
                                  'addr_out': 'tcp://144.76.72.175:39919',
                                  u'bulk_size': 0,
                                  u'log_level': u'debug',
                                  u'stall_hwm': 1},
              u'log_pubsub': {'addr_in': 'tcp://144.76.72.175:36189',
                              'addr_out': 'tcp://144.76.72.175:34605',
                              u'bulk_size': 0,
                              u'log_level': u'debug',
                              u'stall_hwm': 1},
              u'state_pubsub': {'addr_in': 'tcp://144.76.72.175:35085',
                                'addr_out': 'tcp://144.76.72.175:40731',
                                u'bulk_size': 0,
                                u'log_level': u'debug',
                                u'stall_hwm': 1}},
 'cname': u'UpdateWorker',
 u'components': {},
 u'count': 1,
 'dburl': 'mongodb://rp:rp@ds015335.mlab.com:15335/rp',
 'debug': 'DEBUG',
 u'default_dburl': u'mongodb://rp:rp@ds015335.mlab.com:15335/rp',
 'logdir': '/home/george/launch-methods-project/mpi-exec/rp.session.one.george.017624.0011',
 'number': 0,
 'owner': 'rp.session.one.george.017624.0011',
 'session_id': 'rp.session.one.george.017624.0011'}
2018-04-03 23:43:23,277: update.0.child      : update.0                        : MainThread     : DEBUG   : start components: {}
2018-04-03 23:43:23,277: update.0.child      : update.0                        : MainThread     : DEBUG   : alive check in term
2018-04-03 23:43:23,277: update.0.child      : update.0                        : MainThread     : DEBUG   : START: update.0.child register publisher log_pubsub
2018-04-03 23:43:23,277: update.0.child      : update.0                        : MainThread     : DEBUG   : using addr tcp://144.76.72.175:36189 for pubsub log_pubsub
2018-04-03 23:43:23,279: update.0.child      : update.0                        : MainThread     : DEBUG   : registered publisher : log_pubsub : log.pubsub.pub.0000
2018-04-03 23:43:23,279: update.0.child      : update.0                        : MainThread     : DEBUG   : alive check in term
2018-04-03 23:43:23,279: update.0.child      : update.0                        : MainThread     : DEBUG   : START: update.0.child register publisher state_pubsub
2018-04-03 23:43:23,279: update.0.child      : update.0                        : MainThread     : DEBUG   : using addr tcp://144.76.72.175:35085 for pubsub state_pubsub
2018-04-03 23:43:23,281: update.0.child      : update.0                        : MainThread     : DEBUG   : registered publisher : state_pubsub : state.pubsub.pub.0000
2018-04-03 23:43:23,281: update.0.child      : update.0                        : MainThread     : DEBUG   : alive check in term
2018-04-03 23:43:23,281: update.0.child      : update.0                        : MainThread     : DEBUG   : START: update.0.child register publisher control_pubsub
2018-04-03 23:43:23,281: update.0.child      : update.0                        : MainThread     : DEBUG   : using addr tcp://144.76.72.175:44439 for pubsub control_pubsub
2018-04-03 23:43:23,283: update.0.child      : update.0                        : MainThread     : DEBUG   : registered publisher : control_pubsub : control.pubsub.pub.0000
2018-04-03 23:43:23,283: update.0.child      : update.0                        : MainThread     : DEBUG   : alive check in term
2018-04-03 23:43:23,283: update.0.child      : update.0                        : MainThread     : DEBUG   : START: update.0.child register subscriber update.0.child.subscriber._cancel_monitor_cb
2018-04-03 23:43:23,283: update.0.child      : update.0                        : MainThread     : DEBUG   : using addr tcp://144.76.72.175:39919 for pubsub control_pubsub
2018-04-03 23:43:23,317: update.0.child      : update.0                        : MainThread     : DEBUG   : parent name: update.0.child.subscriber._cancel_monitor_cb
2018-04-03 23:43:23,317: update.0.child      : update.0                        : MainThread     : DEBUG   : start thread
2018-04-03 23:43:23,318: update.0.child      : update.0                        : update.0.child.subscriber._cancel_monitor_cb: DEBUG   : child name: update.0.child.subscriber._cancel_monitor_cb.thread
2018-04-03 23:43:23,318: update.0.child      : update.0                        : update.0.child.subscriber._cancel_monitor_cb: INFO    : child (me) initializing
2018-04-03 23:43:23,318: update.0.child      : update.0                        : update.0.child.subscriber._cancel_monitor_cb: DEBUG   : ru_initialize_common (NOOP)
2018-04-03 23:43:23,318: update.0.child      : update.0                        : update.0.child.subscriber._cancel_monitor_cb: DEBUG   : ru_initialize_child (NOOP)
2018-04-03 23:43:23,318: update.0.child      : update.0                        : update.0.child.subscriber._cancel_monitor_cb: INFO    : send alive
2018-04-03 23:43:23,318: update.0.child      : update.0                        : update.0.child.subscriber._cancel_monitor_cb: INFO    : put message: [update.0.child.subscriber._cancel_monitor_cb.thread] alive
2018-04-03 23:43:23,319: update.0.child      : update.0                        : MainThread     : INFO    : get msg: alive
2018-04-03 23:43:23,319: update.0.child      : update.0                        : MainThread     : DEBUG   : ru_initialize_common (NOOP)
2018-04-03 23:43:23,319: update.0.child      : update.0                        : MainThread     : DEBUG   : ru_initialize_parent (NOOP)
2018-04-03 23:43:23,319: update.0.child      : update.0                        : MainThread     : DEBUG   : child thread update.0.child.subscriber._cancel_monitor_cb started
2018-04-03 23:43:23,320: update.0.child      : update.0                        : MainThread     : DEBUG   : update.0.child registered control_pubsub subscriber update.0.child.subscriber._cancel_monitor_cb
2018-04-03 23:43:23,855: update.0.child      : update.0                        : MainThread     : DEBUG   : alive check in term
2018-04-03 23:43:23,855: update.0.child      : update.0                        : MainThread     : DEBUG   : START: update.0.child register subscriber update.0.child.subscriber._state_cb
2018-04-03 23:43:23,855: update.0.child      : update.0                        : MainThread     : DEBUG   : using addr tcp://144.76.72.175:40731 for pubsub state_pubsub
2018-04-03 23:43:23,858: update.0.child      : update.0                        : MainThread     : DEBUG   : parent name: update.0.child.subscriber._state_cb
2018-04-03 23:43:23,858: update.0.child      : update.0                        : MainThread     : DEBUG   : start thread
2018-04-03 23:43:23,858: update.0.child      : update.0                        : update.0.child.subscriber._state_cb: DEBUG   : child name: update.0.child.subscriber._state_cb.thread
2018-04-03 23:43:23,859: update.0.child      : update.0                        : update.0.child.subscriber._state_cb: INFO    : child (me) initializing
2018-04-03 23:43:23,859: update.0.child      : update.0                        : update.0.child.subscriber._state_cb: DEBUG   : ru_initialize_common (NOOP)
2018-04-03 23:43:23,859: update.0.child      : update.0                        : update.0.child.subscriber._state_cb: DEBUG   : ru_initialize_child (NOOP)
2018-04-03 23:43:23,859: update.0.child      : update.0                        : update.0.child.subscriber._state_cb: INFO    : send alive
2018-04-03 23:43:23,859: update.0.child      : update.0                        : update.0.child.subscriber._state_cb: INFO    : put message: [update.0.child.subscriber._state_cb.thread] alive
2018-04-03 23:43:23,860: update.0.child      : update.0                        : MainThread     : INFO    : get msg: alive
2018-04-03 23:43:23,860: update.0.child      : update.0                        : MainThread     : DEBUG   : ru_initialize_common (NOOP)
2018-04-03 23:43:23,860: update.0.child      : update.0                        : MainThread     : DEBUG   : ru_initialize_parent (NOOP)
2018-04-03 23:43:23,860: update.0.child      : update.0                        : MainThread     : DEBUG   : child thread update.0.child.subscriber._state_cb started
2018-04-03 23:43:23,860: update.0.child      : update.0                        : MainThread     : DEBUG   : update.0.child registered state_pubsub subscriber update.0.child.subscriber._state_cb
2018-04-03 23:43:23,860: update.0.child      : update.0                        : MainThread     : DEBUG   : alive check in term
2018-04-03 23:43:23,860: update.0.child      : update.0                        : MainThread     : DEBUG   : START: update.0.child register idler update.0.child.idler._idle_cb
2018-04-03 23:43:23,861: update.0.child      : update.0                        : MainThread     : DEBUG   : parent name: update.0.child.idler._idle_cb
2018-04-03 23:43:23,861: update.0.child      : update.0                        : MainThread     : DEBUG   : start thread
2018-04-03 23:43:23,861: update.0.child      : update.0                        : update.0.child.idler._idle_cb: DEBUG   : child name: update.0.child.idler._idle_cb.thread
2018-04-03 23:43:23,861: update.0.child      : update.0                        : update.0.child.idler._idle_cb: INFO    : child (me) initializing
2018-04-03 23:43:23,861: update.0.child      : update.0                        : update.0.child.idler._idle_cb: DEBUG   : ru_initialize_common (NOOP)
2018-04-03 23:43:23,861: update.0.child      : update.0                        : update.0.child.idler._idle_cb: DEBUG   : ru_initialize_child (NOOP)
2018-04-03 23:43:23,862: update.0.child      : update.0                        : update.0.child.idler._idle_cb: INFO    : send alive
2018-04-03 23:43:23,862: update.0.child      : update.0                        : update.0.child.idler._idle_cb: INFO    : put message: [update.0.child.idler._idle_cb.thread] alive
2018-04-03 23:43:23,862: update.0.child      : update.0                        : MainThread     : INFO    : get msg: alive
2018-04-03 23:43:23,862: update.0.child      : update.0                        : MainThread     : DEBUG   : ru_initialize_common (NOOP)
2018-04-03 23:43:23,863: update.0.child      : update.0                        : MainThread     : DEBUG   : ru_initialize_parent (NOOP)
2018-04-03 23:43:23,863: update.0.child      : update.0                        : MainThread     : DEBUG   : child thread update.0.child.idler._idle_cb started
2018-04-03 23:43:23,863: update.0.child      : update.0                        : MainThread     : DEBUG   : update.0.child registered idler update.0.child.idler._idle_cb
2018-04-03 23:43:23,863: update.0.child      : update.0                        : MainThread     : INFO    : child (me) initializing
2018-04-03 23:43:23,863: update.0.child      : update.0                        : MainThread     : DEBUG   : parent name: update.0.child.watch
2018-04-03 23:43:23,863: update.0.child      : update.0                        : MainThread     : DEBUG   : start thread
2018-04-03 23:43:23,864: update.0.child      : update.0                        : update.0.child.watch: DEBUG   : child name: update.0.child.watch.thread
2018-04-03 23:43:23,864: update.0.child      : update.0                        : update.0.child.watch: INFO    : child (me) initializing
2018-04-03 23:43:23,864: update.0.child      : update.0                        : update.0.child.watch: DEBUG   : ru_initialize_common (NOOP)
2018-04-03 23:43:23,864: update.0.child      : update.0                        : update.0.child.watch: DEBUG   : ru_initialize_child (NOOP)
2018-04-03 23:43:23,864: update.0.child      : update.0                        : update.0.child.watch: INFO    : send alive
2018-04-03 23:43:23,864: update.0.child      : update.0                        : update.0.child.watch: INFO    : put message: [update.0.child.watch.thread] alive
2018-04-03 23:43:23,865: update.0.child      : update.0                        : MainThread     : INFO    : get msg: alive
2018-04-03 23:43:23,865: update.0.child      : update.0                        : MainThread     : DEBUG   : ru_initialize_common (NOOP)
2018-04-03 23:43:23,865: update.0.child      : update.0                        : MainThread     : DEBUG   : ru_initialize_parent (NOOP)
2018-04-03 23:43:23,865: update.0.child      : update.0                        : MainThread     : DEBUG   : child thread update.0.child.watch started
2018-04-03 23:43:23,865: update.0.child      : update.0                        : MainThread     : INFO    : child (me) is alive
2018-04-03 23:43:23,866: update.0.child      : update.0                        : MainThread     : INFO    : send alive
2018-04-03 23:43:23,866: update.0.child      : update.0                        : MainThread     : INFO    : send message: [update.0.child] alive
2018-04-03 23:43:28,872: update.0.child      : update.0                        : update.0.child.subscriber._state_cb: DEBUG   : bulk update result: {'nModified': 1, 'nUpserted': 0, 'nMatched': 1, 'writeErrors': [], 'upserted': [], 'writeConcernErrors': [], 'nRemoved': 0, 'nInserted': 0}
2018-04-03 23:43:29,370: update.0.child      : update.0                        : update.0.child.subscriber._cancel_monitor_cb: DEBUG   : command ignored: add_pilots
2018-04-03 23:43:29,979: update.0.child      : update.0                        : update.0.child.idler._idle_cb: DEBUG   : bulk update result: {'nModified': 1, 'nUpserted': 0, 'nMatched': 1, 'writeErrors': [], 'upserted': [], 'writeConcernErrors': [], 'nRemoved': 0, 'nInserted': 0}
2018-04-03 23:43:30,474: update.0.child      : update.0                        : update.0.child.subscriber._state_cb: DEBUG   : bulk update result: {'nModified': 256, 'nUpserted': 0, 'nMatched': 256, 'writeErrors': [], 'upserted': [], 'writeConcernErrors': [], 'nRemoved': 0, 'nInserted': 0}
2018-04-03 23:43:30,622: update.0.child      : update.0                        : update.0.child.subscriber._state_cb: DEBUG   : bulk update result: {'nModified': 256, 'nUpserted': 0, 'nMatched': 256, 'writeErrors': [], 'upserted': [], 'writeConcernErrors': [], 'nRemoved': 0, 'nInserted': 0}
2018-04-03 23:43:30,892: update.0.child      : update.0                        : update.0.child.subscriber._state_cb: DEBUG   : bulk update result: {'nModified': 256, 'nUpserted': 0, 'nMatched': 256, 'writeErrors': [], 'upserted': [], 'writeConcernErrors': [], 'nRemoved': 0, 'nInserted': 0}
2018-04-03 23:43:31,051: update.0.child      : update.0                        : update.0.child.subscriber._state_cb: DEBUG   : bulk update result: {'nModified': 256, 'nUpserted': 0, 'nMatched': 256, 'writeErrors': [], 'upserted': [], 'writeConcernErrors': [], 'nRemoved': 0, 'nInserted': 0}
2018-04-03 23:43:40,078: update.0.child      : update.0                        : update.0.child.subscriber._state_cb: DEBUG   : bulk update result: {'nModified': 256, 'nUpserted': 0, 'nMatched': 256, 'writeErrors': [], 'upserted': [], 'writeConcernErrors': [], 'nRemoved': 0, 'nInserted': 0}
2018-04-03 23:43:49,285: update.0.child      : update.0                        : update.0.child.subscriber._state_cb: DEBUG   : bulk update result: {'nModified': 1, 'nUpserted': 0, 'nMatched': 1, 'writeErrors': [], 'upserted': [], 'writeConcernErrors': [], 'nRemoved': 0, 'nInserted': 0}
2018-04-03 23:44:39,011: update.0.child      : update.0                        : update.0.child.subscriber._state_cb: DEBUG   : bulk update result: {'nModified': 1, 'nUpserted': 0, 'nMatched': 1, 'writeErrors': [], 'upserted': [], 'writeConcernErrors': [], 'nRemoved': 0, 'nInserted': 0}
2018-04-03 23:56:41,074: update.0.child      : update.0                        : update.0.child.subscriber._state_cb: DEBUG   : bulk update result: {'nModified': 60, 'nUpserted': 0, 'nMatched': 60, 'writeErrors': [], 'upserted': [], 'writeConcernErrors': [], 'nRemoved': 0, 'nInserted': 0}
2018-04-03 23:56:41,416: update.0.child      : update.0                        : update.0.child.subscriber._state_cb: DEBUG   : bulk update result: {'nModified': 120, 'nUpserted': 0, 'nMatched': 120, 'writeErrors': [], 'upserted': [], 'writeConcernErrors': [], 'nRemoved': 0, 'nInserted': 0}
2018-04-03 23:56:42,544: update.0.child      : update.0                        : update.0.child.subscriber._state_cb: DEBUG   : bulk update result: {'nModified': 50, 'nUpserted': 0, 'nMatched': 50, 'writeErrors': [], 'upserted': [], 'writeConcernErrors': [], 'nRemoved': 0, 'nInserted': 0}
2018-04-03 23:56:42,884: update.0.child      : update.0                        : update.0.child.subscriber._state_cb: DEBUG   : bulk update result: {'nModified': 100, 'nUpserted': 0, 'nMatched': 100, 'writeErrors': [], 'upserted': [], 'writeConcernErrors': [], 'nRemoved': 0, 'nInserted': 0}
2018-04-03 23:56:44,789: update.0.child      : update.0                        : update.0.child.subscriber._state_cb: DEBUG   : bulk update result: {'nModified': 103, 'nUpserted': 0, 'nMatched': 103, 'writeErrors': [], 'upserted': [], 'writeConcernErrors': [], 'nRemoved': 0, 'nInserted': 0}
2018-04-03 23:56:44,911: update.0.child      : update.0                        : update.0.child.subscriber._state_cb: DEBUG   : bulk update result: {'nModified': 103, 'nUpserted': 0, 'nMatched': 103, 'writeErrors': [], 'upserted': [], 'writeConcernErrors': [], 'nRemoved': 0, 'nInserted': 0}
2018-04-03 23:56:45,269: update.0.child      : update.0                        : update.0.child.subscriber._state_cb: DEBUG   : bulk update result: {'nModified': 103, 'nUpserted': 0, 'nMatched': 103, 'writeErrors': [], 'upserted': [], 'writeConcernErrors': [], 'nRemoved': 0, 'nInserted': 0}
2018-04-03 23:56:46,056: update.0.child      : update.0                        : update.0.child.subscriber._state_cb: DEBUG   : bulk update result: {'nModified': 41, 'nUpserted': 0, 'nMatched': 41, 'writeErrors': [], 'upserted': [], 'writeConcernErrors': [], 'nRemoved': 0, 'nInserted': 0}
2018-04-03 23:56:47,755: update.0.child      : update.0                        : update.0.child.idler._idle_cb: DEBUG   : bulk update result: {'nModified': 82, 'nUpserted': 0, 'nMatched': 82, 'writeErrors': [], 'upserted': [], 'writeConcernErrors': [], 'nRemoved': 0, 'nInserted': 0}
2018-04-03 23:56:48,864: update.0.child      : update.0                        : update.0.child.idler._idle_cb: DEBUG   : bulk update result: {'nModified': 6, 'nUpserted': 0, 'nMatched': 6, 'writeErrors': [], 'upserted': [], 'writeConcernErrors': [], 'nRemoved': 0, 'nInserted': 0}
2018-04-03 23:56:52,107: update.0.child      : update.0                        : update.0.child.subscriber._cancel_monitor_cb: DEBUG   : command ignored: cancel_pilots
2018-04-03 23:56:52,214: update.0.child      : update.0                        : update.0.child.subscriber._state_cb: DEBUG   : bulk update result: {'nModified': 1, 'nUpserted': 0, 'nMatched': 1, 'writeErrors': [], 'upserted': [], 'writeConcernErrors': [], 'nRemoved': 0, 'nInserted': 0}
2018-04-03 23:56:54,667: update.0.child      : update.0                        : update.0.child.watch: INFO    : recv message: STOP
2018-04-03 23:56:54,668: update.0.child      : update.0                        : update.0.child.watch: INFO    : message received: STOP
2018-04-03 23:56:54,668: update.0.child      : update.0                        : update.0.child.watch: INFO    : STOP received: STOP
2018-04-03 23:56:54,668: update.0.child      : update.0                        : update.0.child.watch: INFO    : watcher closes
2018-04-03 23:56:54,668: update.0.child      : update.0                        : update.0.child.watch: INFO    : put message: [update.0.child.watch.thread] work finished
2018-04-03 23:56:54,668: update.0.child      : update.0                        : update.0.child.watch: DEBUG   : ru_finalize_child (NOOP)
2018-04-03 23:56:54,668: update.0.child      : update.0                        : update.0.child.watch: DEBUG   : ru_finalize_common (NOOP)
2018-04-03 23:56:54,668: update.0.child      : update.0                        : update.0.child.watch: INFO    : put message: [update.0.child.watch.thread] terminating
2018-04-03 23:56:54,690: update.0.child      : update.0                        : MainThread     : WARNING : alive check: proc invalid - stop [False - True]
2018-04-03 23:56:54,727: update.0.child      : update.0                        : MainThread     : INFO    : stop update.0.child (30684 : 30684 : MainThread) [radical.pilot.worker.update.Update.stop]
2018-04-03 23:56:54,727: update.0.child      : update.0                        : MainThread     : INFO    : parent stops child  30684 -> 30684 [update.0.child]
2018-04-03 23:56:54,727: update.0.child      : update.0                        : MainThread     : INFO    : send message: [update.0.child] STOP
2018-04-03 23:56:54,727: update.0.child      : update.0                        : MainThread     : WARNING : send failed ([Errno 9] Bad file descriptor) - terminate
2018-04-03 23:56:54,727: update.0.child      : update.0                        : MainThread     : DEBUG   : TERM : update.0.child unregister idler update.0.child.idler._idle_cb
2018-04-03 23:56:54,727: update.0.child      : update.0                        : MainThread     : INFO    : parent stops child
2018-04-03 23:56:54,727: update.0.child      : update.0                        : MainThread     : DEBUG   : ru_finalize_parent (NOOP)
2018-04-03 23:56:54,727: update.0.child      : update.0                        : MainThread     : DEBUG   : ru_finalize_common (NOOP)
2018-04-03 23:56:54,773: update.0.child      : update.0                        : update.0.child.idler._idle_cb: DEBUG   : ru_finalize_child (NOOP)
2018-04-03 23:56:54,773: update.0.child      : update.0                        : update.0.child.idler._idle_cb: DEBUG   : ru_finalize_common (NOOP)
2018-04-03 23:56:54,773: update.0.child      : update.0                        : update.0.child.idler._idle_cb: INFO    : put message: [update.0.child.idler._idle_cb.thread] terminating
2018-04-03 23:56:54,791: update.0.child      : update.0                        : MainThread     : DEBUG   : TERM : update.0.child unregistered idler update.0.child.idler._idle_cb
2018-04-03 23:56:54,791: update.0.child      : update.0                        : MainThread     : DEBUG   : TERM : update.0.child unregister subscriber update.0.child.subscriber._state_cb
2018-04-03 23:56:54,791: update.0.child      : update.0                        : MainThread     : DEBUG   : unregistered subscriber update.0.child.subscriber._state_cb
2018-04-03 23:56:54,791: update.0.child      : update.0                        : MainThread     : DEBUG   : ru_finalize_common()
2018-04-03 23:56:54,791: update.0.child      : update.0                        : MainThread     : DEBUG   : TERM : update.0.child unregister publisher log_pubsub
2018-04-03 23:56:54,792: update.0.child      : update.0                        : MainThread     : DEBUG   : unregistered publisher log_pubsub
2018-04-03 23:56:54,792: update.0.child      : update.0                        : MainThread     : DEBUG   : TERM : update.0.child unregister publisher state_pubsub
2018-04-03 23:56:54,793: update.0.child      : update.0                        : MainThread     : DEBUG   : unregistered publisher state_pubsub
2018-04-03 23:56:54,794: update.0.child      : update.0                        : MainThread     : DEBUG   : TERM : update.0.child unregister publisher control_pubsub
2018-04-03 23:56:54,794: update.0.child      : update.0                        : MainThread     : DEBUG   : unregistered publisher control_pubsub
2018-04-03 23:56:54,795: update.0.child      : update.0                        : MainThread     : DEBUG   : update.0.child close prof
2018-04-03 23:56:54,795: update.0.child      : update.0                        : MainThread     : INFO    : parent stops child
2018-04-03 23:56:54,795: update.0.child      : update.0                        : MainThread     : DEBUG   : ru_finalize_parent (NOOP)
2018-04-03 23:56:54,795: update.0.child      : update.0                        : MainThread     : DEBUG   : ru_finalize_common (NOOP)
2018-04-03 23:56:54,795: update.0.child      : update.0                        : MainThread     : INFO    : parent stops child
2018-04-03 23:56:54,795: update.0.child      : update.0                        : MainThread     : DEBUG   : ru_finalize_parent (NOOP)
2018-04-03 23:56:54,796: update.0.child      : update.0                        : update.0.child.subscriber._cancel_monitor_cb: DEBUG   : ru_finalize_child (NOOP)
2018-04-03 23:56:54,796: update.0.child      : update.0                        : update.0.child.subscriber._cancel_monitor_cb: INFO    : put message: [update.0.child.subscriber._cancel_monitor_cb.thread] terminating
2018-04-03 23:56:54,796: update.0.child      : update.0                        : MainThread     : INFO    : parent stops child
2018-04-03 23:56:54,796: update.0.child      : update.0                        : MainThread     : DEBUG   : ru_finalize_parent (NOOP)
2018-04-03 23:56:54,797: update.0.child      : update.0                        : update.0.child.subscriber._state_cb: DEBUG   : ru_finalize_child (NOOP)
2018-04-03 23:56:54,797: update.0.child      : update.0                        : update.0.child.subscriber._state_cb: INFO    : put message: [update.0.child.subscriber._state_cb.thread] terminating
2018-04-03 23:56:54,797: update.0.child      : update.0                        : MainThread     : INFO    : parent stops child
2018-04-03 23:56:54,797: update.0.child      : update.0                        : MainThread     : WARNING : super update.0.child is invalid
2018-04-03 23:56:54,798: update.0.child      : update.0                        : MainThread     : WARNING : component update.0.child is invalid
2018-04-03 23:56:54,799: update.0.child      : update.0                        : MainThread     : INFO    : stop update.0.child (30684 : 30684 : MainThread) [radical.pilot.worker.update.Update.stop]
2018-04-03 23:56:54,799: update.0.child      : update.0                        : MainThread     : DEBUG   : TERM : update.0.child unregister idler update.0.child.idler._idle_cb
2018-04-03 23:56:54,799: update.0.child      : update.0                        : MainThread     : WARNING : timed cb update.0.child.idler._idle_cb is not registered
2018-04-03 23:56:54,799: update.0.child      : update.0                        : MainThread     : DEBUG   : TERM : update.0.child unregister subscriber update.0.child.subscriber._state_cb
2018-04-03 23:56:54,799: update.0.child      : update.0                        : MainThread     : WARNING : subscriber _state_cb is not registered
2018-04-03 23:56:54,800: update.0.child      : update.0                        : MainThread     : DEBUG   : ru_finalize_common()
2018-04-03 23:56:54,800: update.0.child      : update.0                        : MainThread     : WARNING : publisher log_pubsub is not registered
2018-04-03 23:56:54,800: update.0.child      : update.0                        : MainThread     : WARNING : publisher state_pubsub is not registered
2018-04-03 23:56:54,800: update.0.child      : update.0                        : MainThread     : WARNING : publisher control_pubsub is not registered
2018-04-03 23:56:54,800: update.0.child      : update.0                        : MainThread     : DEBUG   : update.0.child close prof
2018-04-03 23:56:54,800: update.0.child      : update.0                        : MainThread     : INFO    : send message: [update.0.child] terminating
2018-04-03 23:56:54,800: update.0.child      : update.0                        : MainThread     : WARNING : send failed ([Errno 9] Bad file descriptor) - terminate
2018-04-03 23:56:54,800: update.0.child      : update.0                        : MainThread     : INFO    : parent stops child
2018-04-03 23:56:54,800: update.0.child      : update.0                        : MainThread     : INFO    : parent stops child
2018-04-03 23:56:54,800: update.0.child      : update.0                        : MainThread     : INFO    : parent stops child
