2018-03-28 16:06:27,373: control.pubsub.pub.0003: update.0                        : MainThread     : INFO    : python.interpreter   version: 2.7.7 |Continuum Analytics, Inc.| (default, Jun 2 2014, 12:34:02) [GCC 4.1.2 20080704 (Red Hat 4.1.2-54)]
2018-03-28 16:06:27,376: control.pubsub.pub.0003: update.0                        : MainThread     : INFO    :                      pid: 28104
2018-03-28 16:06:27,377: control.pubsub.pub.0003: update.0                        : MainThread     : INFO    :                      tid: MainThread
2018-03-28 16:06:27,377: control.pubsub.pub.0003: update.0                        : MainThread     : INFO    : radical.pilot        version: 0.47-0.47-14-gb1dff8bd@devel
2018-03-28 16:06:27,377: control.pubsub.pub.0003: update.0                        : MainThread     : INFO    : create control_pubsub - pub - tcp://204.90.41.204:43619
2018-03-28 16:06:27,377: control.pubsub.pub.0003: update.0                        : MainThread     : DEBUG   : start process
2018-03-28 16:06:27,377: control.pubsub.pub.0003: update.0                        : MainThread     : DEBUG   : ru_initialize_common (NOOP)
2018-03-28 16:06:27,377: control.pubsub.pub.0003: update.0                        : MainThread     : DEBUG   : ru_initialize_parent (NOOP)
2018-03-28 16:06:27,377: control.pubsub.pub.0003: update.0                        : MainThread     : DEBUG   : process class started (no child)
2018-03-28 16:06:27,698: control.pubsub.pub.0003: MainProcess                     : MainThread     : INFO    : python.interpreter   version: 2.7.7 |Continuum Analytics, Inc.| (default, Jun 2 2014, 12:34:02) [GCC 4.1.2 20080704 (Red Hat 4.1.2-54)]
2018-03-28 16:06:27,701: control.pubsub.pub.0003: MainProcess                     : MainThread     : INFO    :                      pid: 27911
2018-03-28 16:06:27,701: control.pubsub.pub.0003: MainProcess                     : MainThread     : INFO    :                      tid: MainThread
2018-03-28 16:06:27,701: control.pubsub.pub.0003: MainProcess                     : MainThread     : INFO    : radical.pilot        version: 0.47-0.47-14-gb1dff8bd@devel
2018-03-28 16:06:27,701: control.pubsub.pub.0003: MainProcess                     : MainThread     : INFO    : create control_pubsub - pub - tcp://204.90.41.204:43619
2018-03-28 16:06:27,702: control.pubsub.pub.0003: MainProcess                     : MainThread     : DEBUG   : start process
2018-03-28 16:06:27,702: control.pubsub.pub.0003: MainProcess                     : MainThread     : DEBUG   : ru_initialize_common (NOOP)
2018-03-28 16:06:27,702: control.pubsub.pub.0003: MainProcess                     : MainThread     : DEBUG   : ru_initialize_parent (NOOP)
2018-03-28 16:06:27,702: control.pubsub.pub.0003: MainProcess                     : MainThread     : DEBUG   : process class started (no child)
2018-03-28 16:18:36,941: control.pubsub.pub.0003: update.0                        : update.0.child.subscriber._cancel_monitor_cb: INFO    : parent stops child  28104 -> None [control.pubsub.pub.0003]
2018-03-28 16:18:36,941: control.pubsub.pub.0003: update.0                        : update.0.child.subscriber._cancel_monitor_cb: DEBUG   : ru_finalize_parent (NOOP)
