2018-03-28 16:06:26,669: log.pubsub.pub.0000 : agent_0.staging.output.0        : MainThread     : INFO    : python.interpreter   version: 2.7.7 |Continuum Analytics, Inc.| (default, Jun 2 2014, 12:34:02) [GCC 4.1.2 20080704 (Red Hat 4.1.2-54)]
2018-03-28 16:06:26,673: log.pubsub.pub.0000 : agent_0.staging.output.0        : MainThread     : INFO    :                      pid: 28032
2018-03-28 16:06:26,673: log.pubsub.pub.0000 : agent_0.staging.output.0        : MainThread     : INFO    :                      tid: MainThread
2018-03-28 16:06:26,673: log.pubsub.pub.0000 : agent_0.staging.output.0        : MainThread     : INFO    : radical.pilot        version: 0.47-0.47-14-gb1dff8bd@devel
2018-03-28 16:06:26,673: log.pubsub.pub.0000 : agent_0.staging.output.0        : MainThread     : INFO    : create log_pubsub - pub - tcp://204.90.41.204:33211
2018-03-28 16:06:26,674: log.pubsub.pub.0000 : agent_0.staging.output.0        : MainThread     : DEBUG   : start process
2018-03-28 16:06:26,674: log.pubsub.pub.0000 : agent_0.staging.output.0        : MainThread     : DEBUG   : ru_initialize_common (NOOP)
2018-03-28 16:06:26,674: log.pubsub.pub.0000 : agent_0.staging.output.0        : MainThread     : DEBUG   : ru_initialize_parent (NOOP)
2018-03-28 16:06:26,674: log.pubsub.pub.0000 : agent_0.staging.output.0        : MainThread     : DEBUG   : process class started (no child)
2018-03-28 16:06:26,716: log.pubsub.pub.0000 : MainProcess                     : MainThread     : INFO    : python.interpreter   version: 2.7.7 |Continuum Analytics, Inc.| (default, Jun 2 2014, 12:34:02) [GCC 4.1.2 20080704 (Red Hat 4.1.2-54)]
2018-03-28 16:06:26,719: log.pubsub.pub.0000 : MainProcess                     : MainThread     : INFO    :                      pid: 27911
2018-03-28 16:06:26,719: log.pubsub.pub.0000 : MainProcess                     : MainThread     : INFO    :                      tid: MainThread
2018-03-28 16:06:26,720: log.pubsub.pub.0000 : MainProcess                     : MainThread     : INFO    : radical.pilot        version: 0.47-0.47-14-gb1dff8bd@devel
2018-03-28 16:06:26,720: log.pubsub.pub.0000 : MainProcess                     : MainThread     : INFO    : create log_pubsub - pub - tcp://204.90.41.204:33211
2018-03-28 16:06:26,720: log.pubsub.pub.0000 : MainProcess                     : MainThread     : DEBUG   : start process
2018-03-28 16:06:26,720: log.pubsub.pub.0000 : MainProcess                     : MainThread     : DEBUG   : ru_initialize_common (NOOP)
2018-03-28 16:06:26,720: log.pubsub.pub.0000 : MainProcess                     : MainThread     : DEBUG   : ru_initialize_parent (NOOP)
2018-03-28 16:06:26,720: log.pubsub.pub.0000 : MainProcess                     : MainThread     : DEBUG   : process class started (no child)
2018-03-28 16:18:36,946: log.pubsub.pub.0000 : agent_0.staging.output.0        : agent_0.staging.output.0.child.subscriber._cancel_monitor_cb: INFO    : parent stops child  28032 -> None [log.pubsub.pub.0000]
2018-03-28 16:18:36,947: log.pubsub.pub.0000 : agent_0.staging.output.0        : agent_0.staging.output.0.child.subscriber._cancel_monitor_cb: DEBUG   : ru_finalize_parent (NOOP)
