2018-03-27 11:08:57,698: control.pubsub.pub.0000: agent_0.staging.output.0        : MainThread     : INFO    : python.interpreter   version: 2.7.7 |Continuum Analytics, Inc.| (default, Jun 2 2014, 12:34:02) [GCC 4.1.2 20080704 (Red Hat 4.1.2-54)]
2018-03-27 11:08:57,701: control.pubsub.pub.0000: agent_0.staging.output.0        : MainThread     : INFO    :                      pid: 13125
2018-03-27 11:08:57,701: control.pubsub.pub.0000: agent_0.staging.output.0        : MainThread     : INFO    :                      tid: MainThread
2018-03-27 11:08:57,702: control.pubsub.pub.0000: agent_0.staging.output.0        : MainThread     : INFO    : radical.pilot        version: 0.47-0.47-14-gb1dff8bd@devel
2018-03-27 11:08:57,702: control.pubsub.pub.0000: agent_0.staging.output.0        : MainThread     : INFO    : create control_pubsub - pub - tcp://204.90.41.68:45755
2018-03-27 11:08:57,702: control.pubsub.pub.0000: agent_0.staging.output.0        : MainThread     : DEBUG   : start process
2018-03-27 11:08:57,702: control.pubsub.pub.0000: agent_0.staging.output.0        : MainThread     : DEBUG   : ru_initialize_common (NOOP)
2018-03-27 11:08:57,702: control.pubsub.pub.0000: agent_0.staging.output.0        : MainThread     : DEBUG   : ru_initialize_parent (NOOP)
2018-03-27 11:08:57,702: control.pubsub.pub.0000: agent_0.staging.output.0        : MainThread     : DEBUG   : process class started (no child)
2018-03-27 11:08:57,742: control.pubsub.pub.0000: MainProcess                     : MainThread     : INFO    : python.interpreter   version: 2.7.7 |Continuum Analytics, Inc.| (default, Jun 2 2014, 12:34:02) [GCC 4.1.2 20080704 (Red Hat 4.1.2-54)]
2018-03-27 11:08:57,745: control.pubsub.pub.0000: MainProcess                     : MainThread     : INFO    :                      pid: 13004
2018-03-27 11:08:57,745: control.pubsub.pub.0000: MainProcess                     : MainThread     : INFO    :                      tid: MainThread
2018-03-27 11:08:57,745: control.pubsub.pub.0000: MainProcess                     : MainThread     : INFO    : radical.pilot        version: 0.47-0.47-14-gb1dff8bd@devel
2018-03-27 11:08:57,745: control.pubsub.pub.0000: MainProcess                     : MainThread     : INFO    : create control_pubsub - pub - tcp://204.90.41.68:45755
2018-03-27 11:08:57,745: control.pubsub.pub.0000: MainProcess                     : MainThread     : DEBUG   : start process
2018-03-27 11:08:57,746: control.pubsub.pub.0000: MainProcess                     : MainThread     : DEBUG   : ru_initialize_common (NOOP)
2018-03-27 11:08:57,746: control.pubsub.pub.0000: MainProcess                     : MainThread     : DEBUG   : ru_initialize_parent (NOOP)
2018-03-27 11:08:57,746: control.pubsub.pub.0000: MainProcess                     : MainThread     : DEBUG   : process class started (no child)
2018-03-27 11:21:10,048: control.pubsub.pub.0000: agent_0.staging.output.0        : agent_0.staging.output.0.child.subscriber._cancel_monitor_cb: INFO    : parent stops child  13125 -> None [control.pubsub.pub.0000]
2018-03-27 11:21:10,048: control.pubsub.pub.0000: agent_0.staging.output.0        : agent_0.staging.output.0.child.subscriber._cancel_monitor_cb: DEBUG   : ru_finalize_parent (NOOP)
2018-03-27 11:21:10,285: control.pubsub.pub.0000: MainProcess                     : agent_0.idler._check_units_cb: INFO    : parent stops child  13004 -> None [control.pubsub.pub.0000]
2018-03-27 11:21:10,285: control.pubsub.pub.0000: MainProcess                     : agent_0.idler._check_units_cb: DEBUG   : ru_finalize_parent (NOOP)
