2018-03-27 11:08:58,108: control.pubsub.pub.0002: agent_0.staging.input.0         : MainThread     : INFO    : python.interpreter   version: 2.7.7 |Continuum Analytics, Inc.| (default, Jun 2 2014, 12:34:02) [GCC 4.1.2 20080704 (Red Hat 4.1.2-54)]
2018-03-27 11:08:58,112: control.pubsub.pub.0002: agent_0.staging.input.0         : MainThread     : INFO    :                      pid: 13175
2018-03-27 11:08:58,112: control.pubsub.pub.0002: agent_0.staging.input.0         : MainThread     : INFO    :                      tid: MainThread
2018-03-27 11:08:58,112: control.pubsub.pub.0002: agent_0.staging.input.0         : MainThread     : INFO    : radical.pilot        version: 0.47-0.47-14-gb1dff8bd@devel
2018-03-27 11:08:58,112: control.pubsub.pub.0002: agent_0.staging.input.0         : MainThread     : INFO    : create control_pubsub - pub - tcp://204.90.41.68:45755
2018-03-27 11:08:58,113: control.pubsub.pub.0002: agent_0.staging.input.0         : MainThread     : DEBUG   : start process
2018-03-27 11:08:58,113: control.pubsub.pub.0002: agent_0.staging.input.0         : MainThread     : DEBUG   : ru_initialize_common (NOOP)
2018-03-27 11:08:58,113: control.pubsub.pub.0002: agent_0.staging.input.0         : MainThread     : DEBUG   : ru_initialize_parent (NOOP)
2018-03-27 11:08:58,113: control.pubsub.pub.0002: agent_0.staging.input.0         : MainThread     : DEBUG   : process class started (no child)
2018-03-27 11:08:58,161: control.pubsub.pub.0002: MainProcess                     : MainThread     : INFO    : python.interpreter   version: 2.7.7 |Continuum Analytics, Inc.| (default, Jun 2 2014, 12:34:02) [GCC 4.1.2 20080704 (Red Hat 4.1.2-54)]
2018-03-27 11:08:58,164: control.pubsub.pub.0002: MainProcess                     : MainThread     : INFO    :                      pid: 13004
2018-03-27 11:08:58,164: control.pubsub.pub.0002: MainProcess                     : MainThread     : INFO    :                      tid: MainThread
2018-03-27 11:08:58,164: control.pubsub.pub.0002: MainProcess                     : MainThread     : INFO    : radical.pilot        version: 0.47-0.47-14-gb1dff8bd@devel
2018-03-27 11:08:58,164: control.pubsub.pub.0002: MainProcess                     : MainThread     : INFO    : create control_pubsub - pub - tcp://204.90.41.68:45755
2018-03-27 11:08:58,164: control.pubsub.pub.0002: MainProcess                     : MainThread     : DEBUG   : start process
2018-03-27 11:08:58,165: control.pubsub.pub.0002: MainProcess                     : MainThread     : DEBUG   : ru_initialize_common (NOOP)
2018-03-27 11:08:58,165: control.pubsub.pub.0002: MainProcess                     : MainThread     : DEBUG   : ru_initialize_parent (NOOP)
2018-03-27 11:08:58,165: control.pubsub.pub.0002: MainProcess                     : MainThread     : DEBUG   : process class started (no child)
2018-03-27 11:21:10,046: control.pubsub.pub.0002: agent_0.staging.input.0         : agent_0.staging.input.0.child.subscriber._cancel_monitor_cb: INFO    : parent stops child  13175 -> None [control.pubsub.pub.0002]
2018-03-27 11:21:10,046: control.pubsub.pub.0002: agent_0.staging.input.0         : agent_0.staging.input.0.child.subscriber._cancel_monitor_cb: DEBUG   : ru_finalize_parent (NOOP)
