2018-03-27 11:08:57,705: control.pubsub.sub.0000: agent_0.staging.output.0        : MainThread     : INFO    : python.interpreter   version: 2.7.7 |Continuum Analytics, Inc.| (default, Jun 2 2014, 12:34:02) [GCC 4.1.2 20080704 (Red Hat 4.1.2-54)]
2018-03-27 11:08:57,709: control.pubsub.sub.0000: agent_0.staging.output.0        : MainThread     : INFO    :                      pid: 13125
2018-03-27 11:08:57,709: control.pubsub.sub.0000: agent_0.staging.output.0        : MainThread     : INFO    :                      tid: MainThread
2018-03-27 11:08:57,709: control.pubsub.sub.0000: agent_0.staging.output.0        : MainThread     : INFO    : radical.pilot        version: 0.47-0.47-14-gb1dff8bd@devel
2018-03-27 11:08:57,709: control.pubsub.sub.0000: agent_0.staging.output.0        : MainThread     : INFO    : create control_pubsub - sub - tcp://204.90.41.68:38983
2018-03-27 11:08:57,710: control.pubsub.sub.0000: agent_0.staging.output.0        : MainThread     : DEBUG   : start process
2018-03-27 11:08:57,710: control.pubsub.sub.0000: agent_0.staging.output.0        : MainThread     : DEBUG   : ru_initialize_common (NOOP)
2018-03-27 11:08:57,710: control.pubsub.sub.0000: agent_0.staging.output.0        : MainThread     : DEBUG   : ru_initialize_parent (NOOP)
2018-03-27 11:08:57,710: control.pubsub.sub.0000: agent_0.staging.output.0        : MainThread     : DEBUG   : process class started (no child)
2018-03-27 11:08:57,905: control.pubsub.sub.0000: agent_0.scheduling.0            : MainThread     : INFO    : python.interpreter   version: 2.7.7 |Continuum Analytics, Inc.| (default, Jun 2 2014, 12:34:02) [GCC 4.1.2 20080704 (Red Hat 4.1.2-54)]
2018-03-27 11:08:57,908: control.pubsub.sub.0000: agent_0.scheduling.0            : MainThread     : INFO    :                      pid: 13145
2018-03-27 11:08:57,908: control.pubsub.sub.0000: agent_0.scheduling.0            : MainThread     : INFO    :                      tid: MainThread
2018-03-27 11:08:57,908: control.pubsub.sub.0000: agent_0.scheduling.0            : MainThread     : INFO    : radical.pilot        version: 0.47-0.47-14-gb1dff8bd@devel
2018-03-27 11:08:57,908: control.pubsub.sub.0000: agent_0.scheduling.0            : MainThread     : INFO    : create control_pubsub - sub - tcp://204.90.41.68:38983
2018-03-27 11:08:57,909: control.pubsub.sub.0000: agent_0.scheduling.0            : MainThread     : DEBUG   : start process
2018-03-27 11:08:57,909: control.pubsub.sub.0000: agent_0.scheduling.0            : MainThread     : DEBUG   : ru_initialize_common (NOOP)
2018-03-27 11:08:57,909: control.pubsub.sub.0000: agent_0.scheduling.0            : MainThread     : DEBUG   : ru_initialize_parent (NOOP)
2018-03-27 11:08:57,909: control.pubsub.sub.0000: agent_0.scheduling.0            : MainThread     : DEBUG   : process class started (no child)
2018-03-27 11:08:58,116: control.pubsub.sub.0000: agent_0.staging.input.0         : MainThread     : INFO    : python.interpreter   version: 2.7.7 |Continuum Analytics, Inc.| (default, Jun 2 2014, 12:34:02) [GCC 4.1.2 20080704 (Red Hat 4.1.2-54)]
2018-03-27 11:08:58,119: control.pubsub.sub.0000: agent_0.staging.input.0         : MainThread     : INFO    :                      pid: 13175
2018-03-27 11:08:58,119: control.pubsub.sub.0000: agent_0.staging.input.0         : MainThread     : INFO    :                      tid: MainThread
2018-03-27 11:08:58,119: control.pubsub.sub.0000: agent_0.staging.input.0         : MainThread     : INFO    : radical.pilot        version: 0.47-0.47-14-gb1dff8bd@devel
2018-03-27 11:08:58,120: control.pubsub.sub.0000: agent_0.staging.input.0         : MainThread     : INFO    : create control_pubsub - sub - tcp://204.90.41.68:38983
2018-03-27 11:08:58,120: control.pubsub.sub.0000: agent_0.staging.input.0         : MainThread     : DEBUG   : start process
2018-03-27 11:08:58,120: control.pubsub.sub.0000: agent_0.staging.input.0         : MainThread     : DEBUG   : ru_initialize_common (NOOP)
2018-03-27 11:08:58,120: control.pubsub.sub.0000: agent_0.staging.input.0         : MainThread     : DEBUG   : ru_initialize_parent (NOOP)
2018-03-27 11:08:58,120: control.pubsub.sub.0000: agent_0.staging.input.0         : MainThread     : DEBUG   : process class started (no child)
2018-03-27 11:08:59,302: control.pubsub.sub.0000: update.0                        : MainThread     : INFO    : python.interpreter   version: 2.7.7 |Continuum Analytics, Inc.| (default, Jun 2 2014, 12:34:02) [GCC 4.1.2 20080704 (Red Hat 4.1.2-54)]
2018-03-27 11:08:59,305: control.pubsub.sub.0000: update.0                        : MainThread     : INFO    :                      pid: 13197
2018-03-27 11:08:59,305: control.pubsub.sub.0000: update.0                        : MainThread     : INFO    :                      tid: MainThread
2018-03-27 11:08:59,306: control.pubsub.sub.0000: update.0                        : MainThread     : INFO    : radical.pilot        version: 0.47-0.47-14-gb1dff8bd@devel
2018-03-27 11:08:59,306: control.pubsub.sub.0000: update.0                        : MainThread     : INFO    : create control_pubsub - sub - tcp://204.90.41.68:38983
2018-03-27 11:08:59,306: control.pubsub.sub.0000: update.0                        : MainThread     : DEBUG   : start process
2018-03-27 11:08:59,306: control.pubsub.sub.0000: update.0                        : MainThread     : DEBUG   : ru_initialize_common (NOOP)
2018-03-27 11:08:59,306: control.pubsub.sub.0000: update.0                        : MainThread     : DEBUG   : ru_initialize_parent (NOOP)
2018-03-27 11:08:59,306: control.pubsub.sub.0000: update.0                        : MainThread     : DEBUG   : process class started (no child)
2018-03-27 11:08:59,873: control.pubsub.sub.0000: agent_0.executing.0             : MainThread     : INFO    : python.interpreter   version: 2.7.7 |Continuum Analytics, Inc.| (default, Jun 2 2014, 12:34:02) [GCC 4.1.2 20080704 (Red Hat 4.1.2-54)]
2018-03-27 11:08:59,876: control.pubsub.sub.0000: agent_0.executing.0             : MainThread     : INFO    :                      pid: 13220
2018-03-27 11:08:59,876: control.pubsub.sub.0000: agent_0.executing.0             : MainThread     : INFO    :                      tid: MainThread
2018-03-27 11:08:59,876: control.pubsub.sub.0000: agent_0.executing.0             : MainThread     : INFO    : radical.pilot        version: 0.47-0.47-14-gb1dff8bd@devel
2018-03-27 11:08:59,876: control.pubsub.sub.0000: agent_0.executing.0             : MainThread     : INFO    : create control_pubsub - sub - tcp://204.90.41.68:38983
2018-03-27 11:08:59,877: control.pubsub.sub.0000: agent_0.executing.0             : MainThread     : DEBUG   : start process
2018-03-27 11:08:59,877: control.pubsub.sub.0000: agent_0.executing.0             : MainThread     : DEBUG   : ru_initialize_common (NOOP)
2018-03-27 11:08:59,877: control.pubsub.sub.0000: agent_0.executing.0             : MainThread     : DEBUG   : ru_initialize_parent (NOOP)
2018-03-27 11:08:59,877: control.pubsub.sub.0000: agent_0.executing.0             : MainThread     : DEBUG   : process class started (no child)
2018-03-27 11:21:10,049: control.pubsub.sub.0000: agent_0.staging.input.0         : agent_0.staging.input.0.child.subscriber._cancel_monitor_cb: INFO    : parent stops child  13175 -> None [control.pubsub.sub.0000]
2018-03-27 11:21:10,049: control.pubsub.sub.0000: agent_0.staging.input.0         : agent_0.staging.input.0.child.subscriber._cancel_monitor_cb: DEBUG   : ru_finalize_parent (NOOP)
2018-03-27 11:21:10,055: control.pubsub.sub.0000: agent_0.executing.0             : agent_0.executing.0.child.subscriber._cancel_monitor_cb: INFO    : parent stops child  13220 -> None [control.pubsub.sub.0000]
2018-03-27 11:21:10,055: control.pubsub.sub.0000: agent_0.executing.0             : agent_0.executing.0.child.subscriber._cancel_monitor_cb: DEBUG   : ru_finalize_parent (NOOP)
2018-03-27 11:21:10,055: control.pubsub.sub.0000: agent_0.scheduling.0            : agent_0.scheduling.0.child.subscriber._cancel_monitor_cb: INFO    : parent stops child  13145 -> None [control.pubsub.sub.0000]
2018-03-27 11:21:10,055: control.pubsub.sub.0000: agent_0.scheduling.0            : agent_0.scheduling.0.child.subscriber._cancel_monitor_cb: DEBUG   : ru_finalize_parent (NOOP)
2018-03-27 11:21:10,055: control.pubsub.sub.0000: agent_0.staging.output.0        : agent_0.staging.output.0.child.subscriber._cancel_monitor_cb: INFO    : parent stops child  13125 -> None [control.pubsub.sub.0000]
2018-03-27 11:21:10,056: control.pubsub.sub.0000: agent_0.staging.output.0        : agent_0.staging.output.0.child.subscriber._cancel_monitor_cb: DEBUG   : ru_finalize_parent (NOOP)
2018-03-27 11:21:10,059: control.pubsub.sub.0000: update.0                        : update.0.child.subscriber._cancel_monitor_cb: INFO    : parent stops child  13197 -> None [control.pubsub.sub.0000]
2018-03-27 11:21:10,059: control.pubsub.sub.0000: update.0                        : update.0.child.subscriber._cancel_monitor_cb: DEBUG   : ru_finalize_parent (NOOP)
