2018-03-27 11:08:58,249: update.0.child      : update.0                        : MainThread     : INFO    : python.interpreter   version: 2.7.7 |Continuum Analytics, Inc.| (default, Jun 2 2014, 12:34:02) [GCC 4.1.2 20080704 (Red Hat 4.1.2-54)]
2018-03-27 11:08:58,253: update.0.child      : update.0                        : MainThread     : INFO    :                      pid: 13197
2018-03-27 11:08:58,253: update.0.child      : update.0                        : MainThread     : INFO    :                      tid: MainThread
2018-03-27 11:08:58,253: update.0.child      : update.0                        : MainThread     : INFO    : radical.pilot        version: 0.47-0.47-14-gb1dff8bd@devel
2018-03-27 11:08:59,273: update.0.child      : update.0                        : MainThread     : INFO    : initialize update.0.child
2018-03-27 11:08:59,280: update.0.child      : update.0                        : MainThread     : INFO    : cfg: {'agent_launch_method': 'ORTE',
 'agent_name': 'agent_0',
 'agents': {},
 'bridges': {'agent_executing_queue': {'addr_in': 'tcp://204.90.41.68:33052',
                                       'addr_out': 'tcp://204.90.41.68:44058',
                                       'bulk_size': 0,
                                       'log_level': 'debug',
                                       'stall_hwm': 1},
             'agent_reschedule_pubsub': {'addr_in': 'tcp://204.90.41.68:39603',
                                         'addr_out': 'tcp://204.90.41.68:38067',
                                         'bulk_size': 0,
                                         'log_level': 'debug',
                                         'stall_hwm': 1},
             'agent_scheduling_queue': {'addr_in': 'tcp://204.90.41.68:42502',
                                        'addr_out': 'tcp://204.90.41.68:45260',
                                        'bulk_size': 0,
                                        'log_level': 'debug',
                                        'stall_hwm': 1},
             'agent_staging_input_queue': {'addr_in': 'tcp://204.90.41.68:35777',
                                           'addr_out': 'tcp://204.90.41.68:46590',
                                           'bulk_size': 0,
                                           'log_level': 'debug',
                                           'stall_hwm': 1},
             'agent_staging_output_queue': {'addr_in': 'tcp://204.90.41.68:41884',
                                            'addr_out': 'tcp://204.90.41.68:38231',
                                            'bulk_size': 0,
                                            'log_level': 'debug',
                                            'stall_hwm': 1},
             'agent_unschedule_pubsub': {'addr_in': 'tcp://204.90.41.68:37940',
                                         'addr_out': 'tcp://204.90.41.68:36406',
                                         'bulk_size': 0,
                                         'log_level': 'debug',
                                         'stall_hwm': 1},
             'control_pubsub': {'addr_in': 'tcp://204.90.41.68:45755',
                                'addr_out': 'tcp://204.90.41.68:38983',
                                'bulk_size': 0,
                                'log_level': 'debug',
                                'stall_hwm': 1},
             'log_pubsub': {'addr_in': 'tcp://204.90.41.68:33575',
                            'addr_out': 'tcp://204.90.41.68:36632',
                            'bulk_size': 0,
                            'log_level': 'debug',
                            'stall_hwm': 1},
             'state_pubsub': {'addr_in': 'tcp://204.90.41.68:45612',
                              'addr_out': 'tcp://204.90.41.68:44376',
                              'bulk_size': 0,
                              'log_level': 'debug',
                              'stall_hwm': 1}},
 'bulk_collection_size': 100,
 'bulk_collection_time': 1.0,
 'cname': 'UpdateWorker',
 'components': {},
 'cores': 40,
 'cores_per_node': 20,
 'count': 1,
 'cu_post_exec': None,
 'cu_pre_exec': None,
 'cu_tmp': None,
 'db_poll_sleeptime': 1.0,
 'dburl': 'mongodb://rp:rp@ds015335.mlab.com:15335/rp',
 'debug': 10,
 'export_to_cu': None,
 'logdir': '.',
 'lrms': 'TORQUE',
 'lrms_info': {'agent_nodes': {},
               'cores_per_node': 20,
               'lm_info': {'dvm_uri': '324534272.0;tcp://172.17.41.68,204.90.41.68,10.193.41.68:57657;ud://49948.270.1',
                           'version_info': {'ORTE': {'version': '3.0.0a1',
                                                     'version_detail': 'v2.x-dev-3504-g6da4dbb'}}},
               'name': 'Torque',
               'node_list': ['smic068', 'smic089']},
 'max_io_loglength': 1024,
 'mode': 'shared',
 'mpi_launch_method': 'ORTE',
 'number': 0,
 'owner': 'agent_0',
 'pilot_id': 'pilot.0000',
 'pilot_sandbox': '/work/gchantzi/radical.pilot.sandbox/rp.session.one.george.017617.0006/pilot.0000/',
 'resource_cfg': {'agent_launch_method': 'ORTE',
                  'agent_scheduler': 'CONTINUOUS',
                  'agent_spawner': 'POPEN',
                  'cores_per_node': '20',
                  'default_queue': 'workq',
                  'default_remote_workdir': '/work/$USER',
                  'description': "SuperMIC (pronounced 'Super Mick') is Louisiana State University's (LSU) newest supercomputer funded by the National Science Foundation's (NSF) Major Research Instrumentation (MRI) award to the Center for Computation & Technology. (https://portal.xsede.org/lsu-supermic)",
                  'filesystem_endpoint': 'gsisftp://supermic.cct-lsu.xsede.org:2222/',
                  'gsissh': {'filesystem_endpoint': 'gsisftp://supermic.cct-lsu.xsede.org:2222/',
                             'job_manager_endpoint': 'torque+gsissh://supermic.cct-lsu.xsede.org:2222/'},
                  'job_manager_endpoint': 'torque+gsissh://supermic.cct-lsu.xsede.org:2222/',
                  'label': 'xsede.supermic_orte',
                  'lrms': 'TORQUE',
                  'mpi_launch_method': 'ORTE',
                  'notes': 'Partially allocated through XSEDE. Primary access through GSISSH. Allows SSH key authentication too.',
                  'pre_bootstrap_1': ['module load python/2.7.7-anaconda',
                                      'module use -a /worka/work/amerzky/radical.pilot.sandbox/openmpi/modules/',
                                      'module load openmpi/2017_03_13_6da4dbb'],
                  'pre_bootstrap_2': ['export PATH=$PATH',
                                      'export LD_LIBRARY_PATH=$LD_LIBRARY_PATH'],
                  'python_dist': 'default',
                  'rp_version': 'local',
                  'schemas': ['gsissh', 'ssh'],
                  'ssh': {'filesystem_endpoint': 'sftp://supermic.cct-lsu.xsede.org/',
                          'job_manager_endpoint': 'torque+ssh://supermic.cct-lsu.xsede.org/'},
                  'task_launch_method': 'ORTE',
                  'valid_roots': ['/work'],
                  'virtenv_mode': 'create'},
 'resource_sandbox': '/work/gchantzi/radical.pilot.sandbox',
 'runtime': 15,
 'scheduler': 'CONTINUOUS',
 'session_id': 'rp.session.one.george.017617.0006',
 'session_sandbox': '/work/gchantzi/radical.pilot.sandbox/rp.session.one.george.017617.0006',
 'spawner': 'POPEN',
 'staging_area': 'staging_area',
 'staging_schema': 'staging',
 'target': 'local',
 'task_launch_method': 'ORTE',
 'uid': 'agent_0',
 'workdir': '/worka/work/gchantzi/radical.pilot.sandbox/rp.session.one.george.017617.0006/pilot.0000'}
2018-03-27 11:08:59,280: update.0.child      : update.0                        : MainThread     : DEBUG   : start components: {}
2018-03-27 11:08:59,280: update.0.child      : update.0                        : MainThread     : DEBUG   : alive check in term
2018-03-27 11:08:59,280: update.0.child      : update.0                        : MainThread     : DEBUG   : START: update.0.child register publisher log_pubsub
2018-03-27 11:08:59,281: update.0.child      : update.0                        : MainThread     : DEBUG   : using addr tcp://204.90.41.68:33575 for pubsub log_pubsub
2018-03-27 11:08:59,287: update.0.child      : update.0                        : MainThread     : DEBUG   : registered publisher : log_pubsub : log.pubsub.pub.0003
2018-03-27 11:08:59,287: update.0.child      : update.0                        : MainThread     : DEBUG   : alive check in term
2018-03-27 11:08:59,287: update.0.child      : update.0                        : MainThread     : DEBUG   : START: update.0.child register publisher state_pubsub
2018-03-27 11:08:59,287: update.0.child      : update.0                        : MainThread     : DEBUG   : using addr tcp://204.90.41.68:45612 for pubsub state_pubsub
2018-03-27 11:08:59,293: update.0.child      : update.0                        : MainThread     : DEBUG   : registered publisher : state_pubsub : state.pubsub.pub.0003
2018-03-27 11:08:59,293: update.0.child      : update.0                        : MainThread     : DEBUG   : alive check in term
2018-03-27 11:08:59,293: update.0.child      : update.0                        : MainThread     : DEBUG   : START: update.0.child register publisher control_pubsub
2018-03-27 11:08:59,294: update.0.child      : update.0                        : MainThread     : DEBUG   : using addr tcp://204.90.41.68:45755 for pubsub control_pubsub
2018-03-27 11:08:59,299: update.0.child      : update.0                        : MainThread     : DEBUG   : registered publisher : control_pubsub : control.pubsub.pub.0003
2018-03-27 11:08:59,301: update.0.child      : update.0                        : MainThread     : DEBUG   : alive check in term
2018-03-27 11:08:59,301: update.0.child      : update.0                        : MainThread     : DEBUG   : START: update.0.child register subscriber update.0.child.subscriber._cancel_monitor_cb
2018-03-27 11:08:59,301: update.0.child      : update.0                        : MainThread     : DEBUG   : using addr tcp://204.90.41.68:38983 for pubsub control_pubsub
2018-03-27 11:08:59,306: update.0.child      : update.0                        : MainThread     : DEBUG   : parent name: update.0.child.subscriber._cancel_monitor_cb
2018-03-27 11:08:59,307: update.0.child      : update.0                        : MainThread     : DEBUG   : start thread
2018-03-27 11:08:59,307: update.0.child      : update.0                        : update.0.child.subscriber._cancel_monitor_cb: DEBUG   : child name: update.0.child.subscriber._cancel_monitor_cb.thread
2018-03-27 11:08:59,307: update.0.child      : update.0                        : update.0.child.subscriber._cancel_monitor_cb: INFO    : child (me) initializing
2018-03-27 11:08:59,307: update.0.child      : update.0                        : update.0.child.subscriber._cancel_monitor_cb: DEBUG   : ru_initialize_common (NOOP)
2018-03-27 11:08:59,307: update.0.child      : update.0                        : update.0.child.subscriber._cancel_monitor_cb: DEBUG   : ru_initialize_child (NOOP)
2018-03-27 11:08:59,307: update.0.child      : update.0                        : update.0.child.subscriber._cancel_monitor_cb: INFO    : send alive
2018-03-27 11:08:59,307: update.0.child      : update.0                        : update.0.child.subscriber._cancel_monitor_cb: INFO    : put message: [update.0.child.subscriber._cancel_monitor_cb.thread] alive
2018-03-27 11:08:59,308: update.0.child      : update.0                        : MainThread     : INFO    : get msg: alive
2018-03-27 11:08:59,308: update.0.child      : update.0                        : MainThread     : DEBUG   : ru_initialize_common (NOOP)
2018-03-27 11:08:59,308: update.0.child      : update.0                        : MainThread     : DEBUG   : ru_initialize_parent (NOOP)
2018-03-27 11:08:59,308: update.0.child      : update.0                        : MainThread     : DEBUG   : child thread update.0.child.subscriber._cancel_monitor_cb started
2018-03-27 11:08:59,308: update.0.child      : update.0                        : MainThread     : DEBUG   : update.0.child registered control_pubsub subscriber update.0.child.subscriber._cancel_monitor_cb
2018-03-27 11:08:59,607: update.0.child      : update.0                        : MainThread     : DEBUG   : alive check in term
2018-03-27 11:08:59,607: update.0.child      : update.0                        : MainThread     : DEBUG   : START: update.0.child register subscriber update.0.child.subscriber._state_cb
2018-03-27 11:08:59,607: update.0.child      : update.0                        : MainThread     : DEBUG   : using addr tcp://204.90.41.68:44376 for pubsub state_pubsub
2018-03-27 11:08:59,613: update.0.child      : update.0                        : MainThread     : DEBUG   : parent name: update.0.child.subscriber._state_cb
2018-03-27 11:08:59,614: update.0.child      : update.0                        : MainThread     : DEBUG   : start thread
2018-03-27 11:08:59,614: update.0.child      : update.0                        : update.0.child.subscriber._state_cb: DEBUG   : child name: update.0.child.subscriber._state_cb.thread
2018-03-27 11:08:59,614: update.0.child      : update.0                        : update.0.child.subscriber._state_cb: INFO    : child (me) initializing
2018-03-27 11:08:59,614: update.0.child      : update.0                        : update.0.child.subscriber._state_cb: DEBUG   : ru_initialize_common (NOOP)
2018-03-27 11:08:59,614: update.0.child      : update.0                        : update.0.child.subscriber._state_cb: DEBUG   : ru_initialize_child (NOOP)
2018-03-27 11:08:59,614: update.0.child      : update.0                        : update.0.child.subscriber._state_cb: INFO    : send alive
2018-03-27 11:08:59,614: update.0.child      : update.0                        : update.0.child.subscriber._state_cb: INFO    : put message: [update.0.child.subscriber._state_cb.thread] alive
2018-03-27 11:08:59,615: update.0.child      : update.0                        : MainThread     : INFO    : get msg: alive
2018-03-27 11:08:59,615: update.0.child      : update.0                        : MainThread     : DEBUG   : ru_initialize_common (NOOP)
2018-03-27 11:08:59,615: update.0.child      : update.0                        : MainThread     : DEBUG   : ru_initialize_parent (NOOP)
2018-03-27 11:08:59,615: update.0.child      : update.0                        : MainThread     : DEBUG   : child thread update.0.child.subscriber._state_cb started
2018-03-27 11:08:59,615: update.0.child      : update.0                        : MainThread     : DEBUG   : update.0.child registered state_pubsub subscriber update.0.child.subscriber._state_cb
2018-03-27 11:08:59,615: update.0.child      : update.0                        : MainThread     : DEBUG   : alive check in term
2018-03-27 11:08:59,615: update.0.child      : update.0                        : MainThread     : DEBUG   : START: update.0.child register idler update.0.child.idler._idle_cb
2018-03-27 11:08:59,616: update.0.child      : update.0                        : MainThread     : DEBUG   : parent name: update.0.child.idler._idle_cb
2018-03-27 11:08:59,616: update.0.child      : update.0                        : MainThread     : DEBUG   : start thread
2018-03-27 11:08:59,616: update.0.child      : update.0                        : update.0.child.idler._idle_cb: DEBUG   : child name: update.0.child.idler._idle_cb.thread
2018-03-27 11:08:59,616: update.0.child      : update.0                        : update.0.child.idler._idle_cb: INFO    : child (me) initializing
2018-03-27 11:08:59,616: update.0.child      : update.0                        : update.0.child.idler._idle_cb: DEBUG   : ru_initialize_common (NOOP)
2018-03-27 11:08:59,616: update.0.child      : update.0                        : update.0.child.idler._idle_cb: DEBUG   : ru_initialize_child (NOOP)
2018-03-27 11:08:59,616: update.0.child      : update.0                        : update.0.child.idler._idle_cb: INFO    : send alive
2018-03-27 11:08:59,616: update.0.child      : update.0                        : update.0.child.idler._idle_cb: INFO    : put message: [update.0.child.idler._idle_cb.thread] alive
2018-03-27 11:08:59,617: update.0.child      : update.0                        : MainThread     : INFO    : get msg: alive
2018-03-27 11:08:59,617: update.0.child      : update.0                        : MainThread     : DEBUG   : ru_initialize_common (NOOP)
2018-03-27 11:08:59,617: update.0.child      : update.0                        : MainThread     : DEBUG   : ru_initialize_parent (NOOP)
2018-03-27 11:08:59,617: update.0.child      : update.0                        : MainThread     : DEBUG   : child thread update.0.child.idler._idle_cb started
2018-03-27 11:08:59,617: update.0.child      : update.0                        : MainThread     : DEBUG   : update.0.child registered idler update.0.child.idler._idle_cb
2018-03-27 11:08:59,618: update.0.child      : update.0                        : MainThread     : INFO    : child (me) initializing
2018-03-27 11:08:59,618: update.0.child      : update.0                        : MainThread     : DEBUG   : parent name: update.0.child.watch
2018-03-27 11:08:59,618: update.0.child      : update.0                        : MainThread     : DEBUG   : start thread
2018-03-27 11:08:59,618: update.0.child      : update.0                        : update.0.child.watch: DEBUG   : child name: update.0.child.watch.thread
2018-03-27 11:08:59,618: update.0.child      : update.0                        : update.0.child.watch: INFO    : child (me) initializing
2018-03-27 11:08:59,618: update.0.child      : update.0                        : update.0.child.watch: DEBUG   : ru_initialize_common (NOOP)
2018-03-27 11:08:59,618: update.0.child      : update.0                        : update.0.child.watch: DEBUG   : ru_initialize_child (NOOP)
2018-03-27 11:08:59,618: update.0.child      : update.0                        : update.0.child.watch: INFO    : send alive
2018-03-27 11:08:59,618: update.0.child      : update.0                        : update.0.child.watch: INFO    : put message: [update.0.child.watch.thread] alive
2018-03-27 11:08:59,619: update.0.child      : update.0                        : MainThread     : INFO    : get msg: alive
2018-03-27 11:08:59,619: update.0.child      : update.0                        : MainThread     : DEBUG   : ru_initialize_common (NOOP)
2018-03-27 11:08:59,619: update.0.child      : update.0                        : MainThread     : DEBUG   : ru_initialize_parent (NOOP)
2018-03-27 11:08:59,619: update.0.child      : update.0                        : MainThread     : DEBUG   : child thread update.0.child.watch started
2018-03-27 11:08:59,619: update.0.child      : update.0                        : MainThread     : INFO    : child (me) is alive
2018-03-27 11:08:59,620: update.0.child      : update.0                        : MainThread     : INFO    : send alive
2018-03-27 11:08:59,620: update.0.child      : update.0                        : MainThread     : INFO    : send message: [update.0.child] alive
2018-03-27 11:09:00,484: update.0.child      : update.0                        : update.0.child.subscriber._state_cb: DEBUG   : bulk update result: {'nModified': 121, 'nUpserted': 0, 'nMatched': 121, 'writeErrors': [], 'upserted': [], 'writeConcernErrors': [], 'nRemoved': 0, 'nInserted': 0}
2018-03-27 11:09:01,733: update.0.child      : update.0                        : update.0.child.idler._idle_cb: DEBUG   : bulk update result: {'nModified': 80, 'nUpserted': 0, 'nMatched': 80, 'writeErrors': [], 'upserted': [], 'writeConcernErrors': [], 'nRemoved': 0, 'nInserted': 0}
2018-03-27 11:21:00,702: update.0.child      : update.0                        : update.0.child.subscriber._state_cb: DEBUG   : bulk update result: {'nModified': 1, 'nUpserted': 0, 'nMatched': 1, 'writeErrors': [], 'upserted': [], 'writeConcernErrors': [], 'nRemoved': 0, 'nInserted': 0}
2018-03-27 11:21:01,717: update.0.child      : update.0                        : update.0.child.subscriber._state_cb: DEBUG   : bulk update result: {'nModified': 100, 'nUpserted': 0, 'nMatched': 100, 'writeErrors': [], 'upserted': [], 'writeConcernErrors': [], 'nRemoved': 0, 'nInserted': 0}
2018-03-27 11:21:02,873: update.0.child      : update.0                        : update.0.child.idler._idle_cb: DEBUG   : bulk update result: {'nModified': 19, 'nUpserted': 0, 'nMatched': 19, 'writeErrors': [], 'upserted': [], 'writeConcernErrors': [], 'nRemoved': 0, 'nInserted': 0}
2018-03-27 11:21:09,855: update.0.child      : update.0                        : update.0.child.subscriber._cancel_monitor_cb: INFO    : got termination command
2018-03-27 11:21:10,042: update.0.child      : update.0                        : update.0.child.subscriber._cancel_monitor_cb: INFO    : stop update.0.child (13197 : 13197 : update.0.child.subscriber._cancel_monitor_cb) [radical.pilot.worker.update.Update.stop]
2018-03-27 11:21:10,049: update.0.child      : update.0                        : update.0.child.subscriber._cancel_monitor_cb: INFO    : parent stops child  13197 -> 13197 [update.0.child]
2018-03-27 11:21:10,049: update.0.child      : update.0                        : update.0.child.subscriber._cancel_monitor_cb: INFO    : send message: [update.0.child] STOP
2018-03-27 11:21:10,049: update.0.child      : update.0                        : update.0.child.subscriber._cancel_monitor_cb: DEBUG   : TERM : update.0.child unregister idler update.0.child.idler._idle_cb
2018-03-27 11:21:10,049: update.0.child      : update.0                        : update.0.child.subscriber._cancel_monitor_cb: INFO    : signal stop for update.0.child.subscriber._cancel_monitor_cb - do not join
2018-03-27 11:21:10,049: update.0.child      : update.0                        : update.0.child.subscriber._cancel_monitor_cb: DEBUG   : TERM : update.0.child unregistered idler update.0.child.idler._idle_cb
2018-03-27 11:21:10,049: update.0.child      : update.0                        : update.0.child.subscriber._cancel_monitor_cb: DEBUG   : TERM : update.0.child unregister subscriber update.0.child.subscriber._state_cb
2018-03-27 11:21:10,049: update.0.child      : update.0                        : update.0.child.subscriber._cancel_monitor_cb: DEBUG   : unregistered subscriber update.0.child.subscriber._state_cb
2018-03-27 11:21:10,049: update.0.child      : update.0                        : update.0.child.subscriber._cancel_monitor_cb: DEBUG   : ru_finalize_common()
2018-03-27 11:21:10,049: update.0.child      : update.0                        : update.0.child.subscriber._cancel_monitor_cb: DEBUG   : TERM : update.0.child unregister publisher log_pubsub
2018-03-27 11:21:10,050: update.0.child      : update.0                        : update.0.child.subscriber._cancel_monitor_cb: DEBUG   : unregistered publisher log_pubsub
2018-03-27 11:21:10,050: update.0.child      : update.0                        : update.0.child.subscriber._cancel_monitor_cb: DEBUG   : TERM : update.0.child unregister publisher state_pubsub
2018-03-27 11:21:10,051: update.0.child      : update.0                        : update.0.child.subscriber._cancel_monitor_cb: DEBUG   : unregistered publisher state_pubsub
2018-03-27 11:21:10,051: update.0.child      : update.0                        : update.0.child.subscriber._cancel_monitor_cb: DEBUG   : TERM : update.0.child unregister publisher control_pubsub
2018-03-27 11:21:10,051: update.0.child      : update.0                        : update.0.child.subscriber._cancel_monitor_cb: DEBUG   : unregistered publisher control_pubsub
2018-03-27 11:21:10,051: update.0.child      : update.0                        : update.0.child.subscriber._cancel_monitor_cb: DEBUG   : update.0.child close prof
2018-03-27 11:21:10,058: update.0.child      : update.0                        : update.0.child.subscriber._cancel_monitor_cb: INFO    : signal stop for update.0.child.subscriber._cancel_monitor_cb - do not join
2018-03-27 11:21:10,058: update.0.child      : update.0                        : update.0.child.subscriber._cancel_monitor_cb: INFO    : child calls stop()
2018-03-27 11:21:10,058: update.0.child      : update.0                        : update.0.child.subscriber._cancel_monitor_cb: INFO    : signal stop for update.0.child.subscriber._cancel_monitor_cb - do not join
2018-03-27 11:21:10,058: update.0.child      : update.0                        : update.0.child.subscriber._cancel_monitor_cb: INFO    : signal stop for update.0.child.subscriber._cancel_monitor_cb - do not join
2018-03-27 11:21:10,058: update.0.child      : update.0                        : update.0.child.subscriber._cancel_monitor_cb: INFO    : signal stop for update.0.child.subscriber._cancel_monitor_cb - do not join
2018-03-27 11:21:10,058: update.0.child      : update.0                        : update.0.child.subscriber._cancel_monitor_cb: INFO    : signal stop for update.0.child.subscriber._cancel_monitor_cb - do not join
2018-03-27 11:21:10,058: update.0.child      : update.0                        : update.0.child.subscriber._cancel_monitor_cb: DEBUG   : ru_finalize_child (NOOP)
2018-03-27 11:21:10,058: update.0.child      : update.0                        : update.0.child.idler._idle_cb: DEBUG   : ru_finalize_child (NOOP)
2018-03-27 11:21:10,059: update.0.child      : update.0                        : update.0.child.idler._idle_cb: DEBUG   : ru_finalize_common (NOOP)
2018-03-27 11:21:10,059: update.0.child      : update.0                        : update.0.child.idler._idle_cb: INFO    : put message: [update.0.child.idler._idle_cb.thread] terminating
2018-03-27 11:21:10,059: update.0.child      : update.0                        : update.0.child.subscriber._cancel_monitor_cb: INFO    : put message: [update.0.child.subscriber._cancel_monitor_cb.thread] terminating
2018-03-27 11:21:10,093: update.0.child      : update.0                        : MainThread     : DEBUG   : TERM : update.0.child unregister idler update.0.child.idler._idle_cb
2018-03-27 11:21:10,093: update.0.child      : update.0                        : MainThread     : WARNING : timed cb update.0.child.idler._idle_cb is not registered
2018-03-27 11:21:10,093: update.0.child      : update.0                        : MainThread     : DEBUG   : TERM : update.0.child unregister subscriber update.0.child.subscriber._state_cb
2018-03-27 11:21:10,093: update.0.child      : update.0                        : MainThread     : WARNING : subscriber _state_cb is not registered
2018-03-27 11:21:10,093: update.0.child      : update.0                        : MainThread     : DEBUG   : ru_finalize_common()
2018-03-27 11:21:10,093: update.0.child      : update.0                        : MainThread     : WARNING : publisher log_pubsub is not registered
2018-03-27 11:21:10,093: update.0.child      : update.0                        : MainThread     : WARNING : publisher state_pubsub is not registered
2018-03-27 11:21:10,094: update.0.child      : update.0                        : MainThread     : WARNING : publisher control_pubsub is not registered
2018-03-27 11:21:10,094: update.0.child      : update.0                        : MainThread     : DEBUG   : update.0.child close prof
2018-03-27 11:21:10,094: update.0.child      : update.0                        : MainThread     : INFO    : send message: [update.0.child] terminating
2018-03-27 11:21:10,107: update.0.child      : update.0                        : update.0.child.watch: WARNING : %s died
2018-03-27 11:21:10,107: update.0.child      : update.0                        : update.0.child.watch: INFO    : watcher closes
2018-03-27 11:21:10,107: update.0.child      : update.0                        : update.0.child.watch: INFO    : put message: [update.0.child.watch.thread] work finished
2018-03-27 11:21:10,107: update.0.child      : update.0                        : update.0.child.watch: DEBUG   : ru_finalize_child (NOOP)
2018-03-27 11:21:10,108: update.0.child      : update.0                        : update.0.child.watch: DEBUG   : ru_finalize_common (NOOP)
2018-03-27 11:21:10,108: update.0.child      : update.0                        : update.0.child.watch: INFO    : put message: [update.0.child.watch.thread] terminating
2018-03-27 11:21:10,109: update.0.child      : update.0                        : MainThread     : INFO    : parent stops child
2018-03-27 11:21:10,109: update.0.child      : update.0                        : MainThread     : DEBUG   : ru_finalize_parent (NOOP)
2018-03-27 11:21:10,109: update.0.child      : update.0                        : MainThread     : INFO    : parent stops child
2018-03-27 11:21:10,109: update.0.child      : update.0                        : MainThread     : DEBUG   : ru_finalize_parent (NOOP)
2018-03-27 11:21:10,110: update.0.child      : update.0                        : update.0.child.subscriber._state_cb: DEBUG   : ru_finalize_child (NOOP)
2018-03-27 11:21:10,110: update.0.child      : update.0                        : update.0.child.subscriber._state_cb: INFO    : put message: [update.0.child.subscriber._state_cb.thread] terminating
2018-03-27 11:21:10,111: update.0.child      : update.0                        : MainThread     : INFO    : parent stops child
2018-03-27 11:21:10,111: update.0.child      : update.0                        : MainThread     : DEBUG   : ru_finalize_parent (NOOP)
2018-03-27 11:21:10,111: update.0.child      : update.0                        : MainThread     : DEBUG   : ru_finalize_common (NOOP)
