2018-03-27 12:59:10,273: control.pubsub.pub.0003: update.0                        : MainThread     : INFO    : python.interpreter   version: 2.7.7 |Continuum Analytics, Inc.| (default, Jun 2 2014, 12:34:02) [GCC 4.1.2 20080704 (Red Hat 4.1.2-54)]
2018-03-27 12:59:10,276: control.pubsub.pub.0003: update.0                        : MainThread     : INFO    :                      pid: 37711
2018-03-27 12:59:10,276: control.pubsub.pub.0003: update.0                        : MainThread     : INFO    :                      tid: MainThread
2018-03-27 12:59:10,276: control.pubsub.pub.0003: update.0                        : MainThread     : INFO    : radical.pilot        version: 0.47-0.47-14-gb1dff8bd@devel
2018-03-27 12:59:10,277: control.pubsub.pub.0003: update.0                        : MainThread     : INFO    : create control_pubsub - pub - tcp://204.90.42.36:41393
2018-03-27 12:59:10,277: control.pubsub.pub.0003: update.0                        : MainThread     : DEBUG   : start process
2018-03-27 12:59:10,277: control.pubsub.pub.0003: update.0                        : MainThread     : DEBUG   : ru_initialize_common (NOOP)
2018-03-27 12:59:10,277: control.pubsub.pub.0003: update.0                        : MainThread     : DEBUG   : ru_initialize_parent (NOOP)
2018-03-27 12:59:10,277: control.pubsub.pub.0003: update.0                        : MainThread     : DEBUG   : process class started (no child)
2018-03-27 12:59:10,614: control.pubsub.pub.0003: MainProcess                     : MainThread     : INFO    : python.interpreter   version: 2.7.7 |Continuum Analytics, Inc.| (default, Jun 2 2014, 12:34:02) [GCC 4.1.2 20080704 (Red Hat 4.1.2-54)]
2018-03-27 12:59:10,617: control.pubsub.pub.0003: MainProcess                     : MainThread     : INFO    :                      pid: 37517
2018-03-27 12:59:10,617: control.pubsub.pub.0003: MainProcess                     : MainThread     : INFO    :                      tid: MainThread
2018-03-27 12:59:10,617: control.pubsub.pub.0003: MainProcess                     : MainThread     : INFO    : radical.pilot        version: 0.47-0.47-14-gb1dff8bd@devel
2018-03-27 12:59:10,617: control.pubsub.pub.0003: MainProcess                     : MainThread     : INFO    : create control_pubsub - pub - tcp://204.90.42.36:41393
2018-03-27 12:59:10,618: control.pubsub.pub.0003: MainProcess                     : MainThread     : DEBUG   : start process
2018-03-27 12:59:10,618: control.pubsub.pub.0003: MainProcess                     : MainThread     : DEBUG   : ru_initialize_common (NOOP)
2018-03-27 12:59:10,618: control.pubsub.pub.0003: MainProcess                     : MainThread     : DEBUG   : ru_initialize_parent (NOOP)
2018-03-27 12:59:10,618: control.pubsub.pub.0003: MainProcess                     : MainThread     : DEBUG   : process class started (no child)
2018-03-27 13:11:22,900: control.pubsub.pub.0003: update.0                        : update.0.child.subscriber._cancel_monitor_cb: INFO    : parent stops child  37711 -> None [control.pubsub.pub.0003]
2018-03-27 13:11:22,900: control.pubsub.pub.0003: update.0                        : update.0.child.subscriber._cancel_monitor_cb: DEBUG   : ru_finalize_parent (NOOP)
2018-03-27 13:11:23,289: control.pubsub.pub.0003: MainProcess                     : agent_0.idler._check_units_cb: INFO    : parent stops child  37517 -> None [control.pubsub.pub.0003]
2018-03-27 13:11:23,289: control.pubsub.pub.0003: MainProcess                     : agent_0.idler._check_units_cb: DEBUG   : ru_finalize_parent (NOOP)
