2018-03-27 12:59:09,953: log.pubsub.pub.0002 : agent_0.staging.input.0         : MainThread     : INFO    : python.interpreter   version: 2.7.7 |Continuum Analytics, Inc.| (default, Jun 2 2014, 12:34:02) [GCC 4.1.2 20080704 (Red Hat 4.1.2-54)]
2018-03-27 12:59:09,956: log.pubsub.pub.0002 : agent_0.staging.input.0         : MainThread     : INFO    :                      pid: 37689
2018-03-27 12:59:09,956: log.pubsub.pub.0002 : agent_0.staging.input.0         : MainThread     : INFO    :                      tid: MainThread
2018-03-27 12:59:09,956: log.pubsub.pub.0002 : agent_0.staging.input.0         : MainThread     : INFO    : radical.pilot        version: 0.47-0.47-14-gb1dff8bd@devel
2018-03-27 12:59:09,956: log.pubsub.pub.0002 : agent_0.staging.input.0         : MainThread     : INFO    : create log_pubsub - pub - tcp://204.90.42.36:43823
2018-03-27 12:59:09,957: log.pubsub.pub.0002 : agent_0.staging.input.0         : MainThread     : DEBUG   : start process
2018-03-27 12:59:09,957: log.pubsub.pub.0002 : agent_0.staging.input.0         : MainThread     : DEBUG   : ru_initialize_common (NOOP)
2018-03-27 12:59:09,957: log.pubsub.pub.0002 : agent_0.staging.input.0         : MainThread     : DEBUG   : ru_initialize_parent (NOOP)
2018-03-27 12:59:09,957: log.pubsub.pub.0002 : agent_0.staging.input.0         : MainThread     : DEBUG   : process class started (no child)
2018-03-27 12:59:10,005: log.pubsub.pub.0002 : MainProcess                     : MainThread     : INFO    : python.interpreter   version: 2.7.7 |Continuum Analytics, Inc.| (default, Jun 2 2014, 12:34:02) [GCC 4.1.2 20080704 (Red Hat 4.1.2-54)]
2018-03-27 12:59:10,008: log.pubsub.pub.0002 : MainProcess                     : MainThread     : INFO    :                      pid: 37517
2018-03-27 12:59:10,008: log.pubsub.pub.0002 : MainProcess                     : MainThread     : INFO    :                      tid: MainThread
2018-03-27 12:59:10,008: log.pubsub.pub.0002 : MainProcess                     : MainThread     : INFO    : radical.pilot        version: 0.47-0.47-14-gb1dff8bd@devel
2018-03-27 12:59:10,008: log.pubsub.pub.0002 : MainProcess                     : MainThread     : INFO    : create log_pubsub - pub - tcp://204.90.42.36:43823
2018-03-27 12:59:10,009: log.pubsub.pub.0002 : MainProcess                     : MainThread     : DEBUG   : start process
2018-03-27 12:59:10,009: log.pubsub.pub.0002 : MainProcess                     : MainThread     : DEBUG   : ru_initialize_common (NOOP)
2018-03-27 12:59:10,009: log.pubsub.pub.0002 : MainProcess                     : MainThread     : DEBUG   : ru_initialize_parent (NOOP)
2018-03-27 12:59:10,009: log.pubsub.pub.0002 : MainProcess                     : MainThread     : DEBUG   : process class started (no child)
2018-03-27 13:11:22,917: log.pubsub.pub.0002 : agent_0.staging.input.0         : agent_0.staging.input.0.child.subscriber._cancel_monitor_cb: INFO    : parent stops child  37689 -> None [log.pubsub.pub.0002]
2018-03-27 13:11:22,918: log.pubsub.pub.0002 : agent_0.staging.input.0         : agent_0.staging.input.0.child.subscriber._cancel_monitor_cb: DEBUG   : ru_finalize_parent (NOOP)
2018-03-27 13:11:23,260: log.pubsub.pub.0002 : MainProcess                     : agent_0.idler._check_units_cb: INFO    : parent stops child  37517 -> None [log.pubsub.pub.0002]
2018-03-27 13:11:23,260: log.pubsub.pub.0002 : MainProcess                     : agent_0.idler._check_units_cb: DEBUG   : ru_finalize_parent (NOOP)
