2018-03-27 12:59:09,511: state.pubsub.pub.0000: agent_0.staging.output.0        : MainThread     : INFO    : python.interpreter   version: 2.7.7 |Continuum Analytics, Inc.| (default, Jun 2 2014, 12:34:02) [GCC 4.1.2 20080704 (Red Hat 4.1.2-54)]
2018-03-27 12:59:09,515: state.pubsub.pub.0000: agent_0.staging.output.0        : MainThread     : INFO    :                      pid: 37638
2018-03-27 12:59:09,515: state.pubsub.pub.0000: agent_0.staging.output.0        : MainThread     : INFO    :                      tid: MainThread
2018-03-27 12:59:09,515: state.pubsub.pub.0000: agent_0.staging.output.0        : MainThread     : INFO    : radical.pilot        version: 0.47-0.47-14-gb1dff8bd@devel
2018-03-27 12:59:09,515: state.pubsub.pub.0000: agent_0.staging.output.0        : MainThread     : INFO    : create state_pubsub - pub - tcp://204.90.42.36:44166
2018-03-27 12:59:09,515: state.pubsub.pub.0000: agent_0.staging.output.0        : MainThread     : DEBUG   : start process
2018-03-27 12:59:09,516: state.pubsub.pub.0000: agent_0.staging.output.0        : MainThread     : DEBUG   : ru_initialize_common (NOOP)
2018-03-27 12:59:09,516: state.pubsub.pub.0000: agent_0.staging.output.0        : MainThread     : DEBUG   : ru_initialize_parent (NOOP)
2018-03-27 12:59:09,516: state.pubsub.pub.0000: agent_0.staging.output.0        : MainThread     : DEBUG   : process class started (no child)
2018-03-27 12:59:09,558: state.pubsub.pub.0000: MainProcess                     : MainThread     : INFO    : python.interpreter   version: 2.7.7 |Continuum Analytics, Inc.| (default, Jun 2 2014, 12:34:02) [GCC 4.1.2 20080704 (Red Hat 4.1.2-54)]
2018-03-27 12:59:09,561: state.pubsub.pub.0000: MainProcess                     : MainThread     : INFO    :                      pid: 37517
2018-03-27 12:59:09,561: state.pubsub.pub.0000: MainProcess                     : MainThread     : INFO    :                      tid: MainThread
2018-03-27 12:59:09,561: state.pubsub.pub.0000: MainProcess                     : MainThread     : INFO    : radical.pilot        version: 0.47-0.47-14-gb1dff8bd@devel
2018-03-27 12:59:09,561: state.pubsub.pub.0000: MainProcess                     : MainThread     : INFO    : create state_pubsub - pub - tcp://204.90.42.36:44166
2018-03-27 12:59:09,561: state.pubsub.pub.0000: MainProcess                     : MainThread     : DEBUG   : start process
2018-03-27 12:59:09,562: state.pubsub.pub.0000: MainProcess                     : MainThread     : DEBUG   : ru_initialize_common (NOOP)
2018-03-27 12:59:09,562: state.pubsub.pub.0000: MainProcess                     : MainThread     : DEBUG   : ru_initialize_parent (NOOP)
2018-03-27 12:59:09,562: state.pubsub.pub.0000: MainProcess                     : MainThread     : DEBUG   : process class started (no child)
2018-03-27 13:11:22,900: state.pubsub.pub.0000: agent_0.staging.output.0        : agent_0.staging.output.0.child.subscriber._cancel_monitor_cb: INFO    : parent stops child  37638 -> None [state.pubsub.pub.0000]
2018-03-27 13:11:22,901: state.pubsub.pub.0000: agent_0.staging.output.0        : agent_0.staging.output.0.child.subscriber._cancel_monitor_cb: DEBUG   : ru_finalize_parent (NOOP)
2018-03-27 13:11:23,200: state.pubsub.pub.0000: MainProcess                     : agent_0.idler._check_units_cb: INFO    : parent stops child  37517 -> None [state.pubsub.pub.0000]
2018-03-27 13:11:23,200: state.pubsub.pub.0000: MainProcess                     : agent_0.idler._check_units_cb: DEBUG   : ru_finalize_parent (NOOP)
