2018-03-27 12:59:10,024: update.0            : MainProcess                     : MainThread     : INFO    : python.interpreter   version: 2.7.7 |Continuum Analytics, Inc.| (default, Jun 2 2014, 12:34:02) [GCC 4.1.2 20080704 (Red Hat 4.1.2-54)]
2018-03-27 12:59:10,030: update.0            : MainProcess                     : MainThread     : INFO    :                      pid: 37517
2018-03-27 12:59:10,030: update.0            : MainProcess                     : MainThread     : INFO    :                      tid: MainThread
2018-03-27 12:59:10,030: update.0            : MainProcess                     : MainThread     : INFO    : radical.pilot        version: 0.47-0.47-14-gb1dff8bd@devel
2018-03-27 12:59:10,170: update.0            : MainProcess                     : MainThread     : DEBUG   : alive check in term
2018-03-27 12:59:10,170: update.0            : MainProcess                     : MainThread     : DEBUG   : start process
2018-03-27 12:59:10,594: update.0            : MainProcess                     : MainThread     : INFO    : recv message: alive
2018-03-27 12:59:10,594: update.0            : MainProcess                     : MainThread     : INFO    : initialize update.0
2018-03-27 12:59:10,602: update.0            : MainProcess                     : MainThread     : INFO    : cfg: {'agent_launch_method': 'ORTE',
 'agent_name': 'agent_0',
 'agents': {},
 'bridges': {'agent_executing_queue': {'addr_in': 'tcp://204.90.42.36:45054',
                                       'addr_out': 'tcp://204.90.42.36:37506',
                                       'bulk_size': 0,
                                       'log_level': 'debug',
                                       'stall_hwm': 1},
             'agent_reschedule_pubsub': {'addr_in': 'tcp://204.90.42.36:36118',
                                         'addr_out': 'tcp://204.90.42.36:41650',
                                         'bulk_size': 0,
                                         'log_level': 'debug',
                                         'stall_hwm': 1},
             'agent_scheduling_queue': {'addr_in': 'tcp://204.90.42.36:39148',
                                        'addr_out': 'tcp://204.90.42.36:37189',
                                        'bulk_size': 0,
                                        'log_level': 'debug',
                                        'stall_hwm': 1},
             'agent_staging_input_queue': {'addr_in': 'tcp://204.90.42.36:46463',
                                           'addr_out': 'tcp://204.90.42.36:39109',
                                           'bulk_size': 0,
                                           'log_level': 'debug',
                                           'stall_hwm': 1},
             'agent_staging_output_queue': {'addr_in': 'tcp://204.90.42.36:41815',
                                            'addr_out': 'tcp://204.90.42.36:37706',
                                            'bulk_size': 0,
                                            'log_level': 'debug',
                                            'stall_hwm': 1},
             'agent_unschedule_pubsub': {'addr_in': 'tcp://204.90.42.36:45117',
                                         'addr_out': 'tcp://204.90.42.36:35758',
                                         'bulk_size': 0,
                                         'log_level': 'debug',
                                         'stall_hwm': 1},
             'control_pubsub': {'addr_in': 'tcp://204.90.42.36:41393',
                                'addr_out': 'tcp://204.90.42.36:43544',
                                'bulk_size': 0,
                                'log_level': 'debug',
                                'stall_hwm': 1},
             'log_pubsub': {'addr_in': 'tcp://204.90.42.36:43823',
                            'addr_out': 'tcp://204.90.42.36:41565',
                            'bulk_size': 0,
                            'log_level': 'debug',
                            'stall_hwm': 1},
             'state_pubsub': {'addr_in': 'tcp://204.90.42.36:44166',
                              'addr_out': 'tcp://204.90.42.36:33595',
                              'bulk_size': 0,
                              'log_level': 'debug',
                              'stall_hwm': 1}},
 'bulk_collection_size': 100,
 'bulk_collection_time': 1.0,
 'cname': 'UpdateWorker',
 'components': {},
 'cores': 80,
 'cores_per_node': 20,
 'count': 1,
 'cu_post_exec': None,
 'cu_pre_exec': None,
 'cu_tmp': None,
 'db_poll_sleeptime': 1.0,
 'dburl': 'mongodb://rp:rp@ds015335.mlab.com:15335/rp',
 'debug': 10,
 'export_to_cu': None,
 'logdir': '.',
 'lrms': 'TORQUE',
 'lrms_info': {'agent_nodes': {},
               'cores_per_node': 20,
               'lm_info': {'dvm_uri': '1078919168.0;tcp://172.17.42.36,204.90.42.36,10.193.42.36:39271;ud://116661.304.1',
                           'version_info': {'ORTE': {'version': '3.0.0a1',
                                                     'version_detail': 'v2.x-dev-3504-g6da4dbb'}}},
               'name': 'Torque',
               'node_list': ['smic290', 'smic295', 'smic308', 'smic313']},
 'max_io_loglength': 1024,
 'mode': 'shared',
 'mpi_launch_method': 'ORTE',
 'number': 0,
 'owner': 'agent_0',
 'pilot_id': 'pilot.0000',
 'pilot_sandbox': '/work/gchantzi/radical.pilot.sandbox/rp.session.one.george.017617.0009/pilot.0000/',
 'resource_cfg': {'agent_launch_method': 'ORTE',
                  'agent_scheduler': 'CONTINUOUS',
                  'agent_spawner': 'POPEN',
                  'cores_per_node': '20',
                  'default_queue': 'workq',
                  'default_remote_workdir': '/work/$USER',
                  'description': "SuperMIC (pronounced 'Super Mick') is Louisiana State University's (LSU) newest supercomputer funded by the National Science Foundation's (NSF) Major Research Instrumentation (MRI) award to the Center for Computation & Technology. (https://portal.xsede.org/lsu-supermic)",
                  'filesystem_endpoint': 'gsisftp://supermic.cct-lsu.xsede.org:2222/',
                  'gsissh': {'filesystem_endpoint': 'gsisftp://supermic.cct-lsu.xsede.org:2222/',
                             'job_manager_endpoint': 'torque+gsissh://supermic.cct-lsu.xsede.org:2222/'},
                  'job_manager_endpoint': 'torque+gsissh://supermic.cct-lsu.xsede.org:2222/',
                  'label': 'xsede.supermic_orte',
                  'lrms': 'TORQUE',
                  'mpi_launch_method': 'ORTE',
                  'notes': 'Partially allocated through XSEDE. Primary access through GSISSH. Allows SSH key authentication too.',
                  'pre_bootstrap_1': ['module load python/2.7.7-anaconda',
                                      'module use -a /worka/work/amerzky/radical.pilot.sandbox/openmpi/modules/',
                                      'module load openmpi/2017_03_13_6da4dbb'],
                  'pre_bootstrap_2': ['export PATH=$PATH',
                                      'export LD_LIBRARY_PATH=$LD_LIBRARY_PATH'],
                  'python_dist': 'default',
                  'rp_version': 'local',
                  'schemas': ['gsissh', 'ssh'],
                  'ssh': {'filesystem_endpoint': 'sftp://supermic.cct-lsu.xsede.org/',
                          'job_manager_endpoint': 'torque+ssh://supermic.cct-lsu.xsede.org/'},
                  'task_launch_method': 'ORTE',
                  'valid_roots': ['/work'],
                  'virtenv_mode': 'create'},
 'resource_sandbox': '/work/gchantzi/radical.pilot.sandbox',
 'runtime': 15,
 'scheduler': 'CONTINUOUS',
 'session_id': 'rp.session.one.george.017617.0009',
 'session_sandbox': '/work/gchantzi/radical.pilot.sandbox/rp.session.one.george.017617.0009',
 'spawner': 'POPEN',
 'staging_area': 'staging_area',
 'staging_schema': 'staging',
 'target': 'local',
 'task_launch_method': 'ORTE',
 'uid': 'agent_0',
 'workdir': '/worka/work/gchantzi/radical.pilot.sandbox/rp.session.one.george.017617.0009/pilot.0000'}
2018-03-27 12:59:10,602: update.0            : MainProcess                     : MainThread     : DEBUG   : alive check in term
2018-03-27 12:59:10,603: update.0            : MainProcess                     : MainThread     : DEBUG   : START: update.0 register publisher log_pubsub
2018-03-27 12:59:10,603: update.0            : MainProcess                     : MainThread     : DEBUG   : using addr tcp://204.90.42.36:43823 for pubsub log_pubsub
2018-03-27 12:59:10,608: update.0            : MainProcess                     : MainThread     : DEBUG   : registered publisher : log_pubsub : log.pubsub.pub.0003
2018-03-27 12:59:10,608: update.0            : MainProcess                     : MainThread     : DEBUG   : alive check in term
2018-03-27 12:59:10,608: update.0            : MainProcess                     : MainThread     : DEBUG   : START: update.0 register publisher state_pubsub
2018-03-27 12:59:10,608: update.0            : MainProcess                     : MainThread     : DEBUG   : using addr tcp://204.90.42.36:44166 for pubsub state_pubsub
2018-03-27 12:59:10,612: update.0            : MainProcess                     : MainThread     : DEBUG   : registered publisher : state_pubsub : state.pubsub.pub.0003
2018-03-27 12:59:10,613: update.0            : MainProcess                     : MainThread     : DEBUG   : alive check in term
2018-03-27 12:59:10,613: update.0            : MainProcess                     : MainThread     : DEBUG   : START: update.0 register publisher control_pubsub
2018-03-27 12:59:10,613: update.0            : MainProcess                     : MainThread     : DEBUG   : using addr tcp://204.90.42.36:41393 for pubsub control_pubsub
2018-03-27 12:59:10,618: update.0            : MainProcess                     : MainThread     : DEBUG   : registered publisher : control_pubsub : control.pubsub.pub.0003
2018-03-27 12:59:10,618: update.0            : MainProcess                     : MainThread     : DEBUG   : parent name: update.0.watch
2018-03-27 12:59:10,618: update.0            : MainProcess                     : MainThread     : DEBUG   : start thread
2018-03-27 12:59:10,618: update.0            : MainProcess                     : update.0.watch : DEBUG   : child name: update.0.watch.thread
2018-03-27 12:59:10,619: update.0            : MainProcess                     : update.0.watch : INFO    : child (me) initializing
2018-03-27 12:59:10,619: update.0            : MainProcess                     : update.0.watch : DEBUG   : ru_initialize_common (NOOP)
2018-03-27 12:59:10,619: update.0            : MainProcess                     : update.0.watch : DEBUG   : ru_initialize_child (NOOP)
2018-03-27 12:59:10,619: update.0            : MainProcess                     : update.0.watch : INFO    : send alive
2018-03-27 12:59:10,619: update.0            : MainProcess                     : update.0.watch : INFO    : put message: [update.0.watch.thread] alive
2018-03-27 12:59:10,620: update.0            : MainProcess                     : MainThread     : INFO    : get msg: alive
2018-03-27 12:59:10,620: update.0            : MainProcess                     : MainThread     : DEBUG   : ru_initialize_common (NOOP)
2018-03-27 12:59:10,620: update.0            : MainProcess                     : MainThread     : DEBUG   : ru_initialize_parent (NOOP)
2018-03-27 12:59:10,620: update.0            : MainProcess                     : MainThread     : DEBUG   : child thread update.0.watch started
2018-03-27 12:59:10,620: update.0            : MainProcess                     : MainThread     : INFO    : child is alive
2018-03-27 12:59:10,620: update.0            : MainProcess                     : MainThread     : DEBUG   : process class started child
2018-03-27 13:11:22,905: update.0            : MainProcess                     : update.0.watch : INFO    : recv message: STOP
2018-03-27 13:11:22,905: update.0            : MainProcess                     : update.0.watch : INFO    : message received: STOP
2018-03-27 13:11:22,905: update.0            : MainProcess                     : update.0.watch : INFO    : STOP received: STOP
2018-03-27 13:11:22,905: update.0            : MainProcess                     : update.0.watch : INFO    : watcher closes
2018-03-27 13:11:22,905: update.0            : MainProcess                     : update.0.watch : INFO    : put message: [update.0.watch.thread] work finished
2018-03-27 13:11:22,906: update.0            : MainProcess                     : update.0.watch : DEBUG   : ru_finalize_child (NOOP)
2018-03-27 13:11:22,906: update.0            : MainProcess                     : update.0.watch : DEBUG   : ru_finalize_common (NOOP)
2018-03-27 13:11:22,906: update.0            : MainProcess                     : update.0.watch : INFO    : put message: [update.0.watch.thread] terminating
2018-03-27 13:11:23,271: update.0            : MainProcess                     : agent_0.idler._check_units_cb: INFO    : stop update.0 (37517 : 37711 : agent_0.idler._check_units_cb) [radical.pilot.worker.update.Update.stop]
2018-03-27 13:11:23,287: update.0            : MainProcess                     : agent_0.idler._check_units_cb: INFO    : parent stops child  37517 -> 37711 [update.0]
2018-03-27 13:11:23,287: update.0            : MainProcess                     : agent_0.idler._check_units_cb: INFO    : send message: [update.0] STOP
2018-03-27 13:11:23,287: update.0            : MainProcess                     : agent_0.idler._check_units_cb: WARNING : send failed ([Errno 9] Bad file descriptor) - terminate
2018-03-27 13:11:23,287: update.0            : MainProcess                     : agent_0.idler._check_units_cb: DEBUG   : ru_finalize_common()
2018-03-27 13:11:23,288: update.0            : MainProcess                     : agent_0.idler._check_units_cb: DEBUG   : TERM : update.0 unregister publisher log_pubsub
2018-03-27 13:11:23,288: update.0            : MainProcess                     : agent_0.idler._check_units_cb: DEBUG   : unregistered publisher log_pubsub
2018-03-27 13:11:23,288: update.0            : MainProcess                     : agent_0.idler._check_units_cb: DEBUG   : TERM : update.0 unregister publisher state_pubsub
2018-03-27 13:11:23,289: update.0            : MainProcess                     : agent_0.idler._check_units_cb: DEBUG   : unregistered publisher state_pubsub
2018-03-27 13:11:23,289: update.0            : MainProcess                     : agent_0.idler._check_units_cb: DEBUG   : TERM : update.0 unregister publisher control_pubsub
2018-03-27 13:11:23,290: update.0            : MainProcess                     : agent_0.idler._check_units_cb: DEBUG   : unregistered publisher control_pubsub
2018-03-27 13:11:23,290: update.0            : MainProcess                     : agent_0.idler._check_units_cb: DEBUG   : update.0 close prof
2018-03-27 13:11:23,296: update.0            : MainProcess                     : agent_0.idler._check_units_cb: INFO    : signal stop for agent_0.idler._check_units_cb - do not join
