2018-03-27 10:48:55,306: update.0.child      : update.0                        : MainThread     : INFO    : python.interpreter   version: 2.7.7 |Continuum Analytics, Inc.| (default, Jun 2 2014, 12:34:02) [GCC 4.1.2 20080704 (Red Hat 4.1.2-54)]
2018-03-27 10:48:55,309: update.0.child      : update.0                        : MainThread     : INFO    :                      pid: 9506
2018-03-27 10:48:55,309: update.0.child      : update.0                        : MainThread     : INFO    :                      tid: MainThread
2018-03-27 10:48:55,310: update.0.child      : update.0                        : MainThread     : INFO    : radical.pilot        version: 0.47-0.47-14-gb1dff8bd@devel
2018-03-27 10:48:55,377: update.0.child      : update.0                        : MainThread     : INFO    : initialize update.0.child
2018-03-27 10:48:55,384: update.0.child      : update.0                        : MainThread     : INFO    : cfg: {'agent_launch_method': 'ORTE',
 'agent_name': 'agent_0',
 'agents': {},
 'bridges': {'agent_executing_queue': {'addr_in': 'tcp://204.90.41.68:44683',
                                       'addr_out': 'tcp://204.90.41.68:36839',
                                       'bulk_size': 0,
                                       'log_level': 'debug',
                                       'stall_hwm': 1},
             'agent_reschedule_pubsub': {'addr_in': 'tcp://204.90.41.68:45357',
                                         'addr_out': 'tcp://204.90.41.68:41579',
                                         'bulk_size': 0,
                                         'log_level': 'debug',
                                         'stall_hwm': 1},
             'agent_scheduling_queue': {'addr_in': 'tcp://204.90.41.68:43662',
                                        'addr_out': 'tcp://204.90.41.68:45949',
                                        'bulk_size': 0,
                                        'log_level': 'debug',
                                        'stall_hwm': 1},
             'agent_staging_input_queue': {'addr_in': 'tcp://204.90.41.68:38103',
                                           'addr_out': 'tcp://204.90.41.68:32981',
                                           'bulk_size': 0,
                                           'log_level': 'debug',
                                           'stall_hwm': 1},
             'agent_staging_output_queue': {'addr_in': 'tcp://204.90.41.68:46512',
                                            'addr_out': 'tcp://204.90.41.68:46163',
                                            'bulk_size': 0,
                                            'log_level': 'debug',
                                            'stall_hwm': 1},
             'agent_unschedule_pubsub': {'addr_in': 'tcp://204.90.41.68:37206',
                                         'addr_out': 'tcp://204.90.41.68:40103',
                                         'bulk_size': 0,
                                         'log_level': 'debug',
                                         'stall_hwm': 1},
             'control_pubsub': {'addr_in': 'tcp://204.90.41.68:38780',
                                'addr_out': 'tcp://204.90.41.68:38272',
                                'bulk_size': 0,
                                'log_level': 'debug',
                                'stall_hwm': 1},
             'log_pubsub': {'addr_in': 'tcp://204.90.41.68:34642',
                            'addr_out': 'tcp://204.90.41.68:44587',
                            'bulk_size': 0,
                            'log_level': 'debug',
                            'stall_hwm': 1},
             'state_pubsub': {'addr_in': 'tcp://204.90.41.68:44668',
                              'addr_out': 'tcp://204.90.41.68:35226',
                              'bulk_size': 0,
                              'log_level': 'debug',
                              'stall_hwm': 1}},
 'bulk_collection_size': 100,
 'bulk_collection_time': 1.0,
 'cname': 'UpdateWorker',
 'components': {},
 'cores': 80,
 'cores_per_node': 20,
 'count': 1,
 'cu_post_exec': None,
 'cu_pre_exec': None,
 'cu_tmp': None,
 'db_poll_sleeptime': 1.0,
 'dburl': 'mongodb://rp:rp@ds015335.mlab.com:15335/rp',
 'debug': 10,
 'export_to_cu': None,
 'logdir': '.',
 'lrms': 'TORQUE',
 'lrms_info': {'agent_nodes': {},
               'cores_per_node': 20,
               'lm_info': {'dvm_uri': '78905344.0;tcp://172.17.41.68,204.90.41.68,10.193.41.68:37014;ud://49867.270.1',
                           'version_info': {'ORTE': {'version': '3.0.0a1',
                                                     'version_detail': 'v2.x-dev-3504-g6da4dbb'}}},
               'name': 'Torque',
               'node_list': ['smic068', 'smic089', 'smic112', 'smic116']},
 'max_io_loglength': 1024,
 'mode': 'shared',
 'mpi_launch_method': 'ORTE',
 'number': 0,
 'owner': 'agent_0',
 'pilot_id': 'pilot.0000',
 'pilot_sandbox': '/work/gchantzi/radical.pilot.sandbox/rp.session.one.george.017617.0005/pilot.0000/',
 'resource_cfg': {'agent_launch_method': 'ORTE',
                  'agent_scheduler': 'CONTINUOUS',
                  'agent_spawner': 'POPEN',
                  'cores_per_node': '20',
                  'default_queue': 'workq',
                  'default_remote_workdir': '/work/$USER',
                  'description': "SuperMIC (pronounced 'Super Mick') is Louisiana State University's (LSU) newest supercomputer funded by the National Science Foundation's (NSF) Major Research Instrumentation (MRI) award to the Center for Computation & Technology. (https://portal.xsede.org/lsu-supermic)",
                  'filesystem_endpoint': 'gsisftp://supermic.cct-lsu.xsede.org:2222/',
                  'gsissh': {'filesystem_endpoint': 'gsisftp://supermic.cct-lsu.xsede.org:2222/',
                             'job_manager_endpoint': 'torque+gsissh://supermic.cct-lsu.xsede.org:2222/'},
                  'job_manager_endpoint': 'torque+gsissh://supermic.cct-lsu.xsede.org:2222/',
                  'label': 'xsede.supermic_orte',
                  'lrms': 'TORQUE',
                  'mpi_launch_method': 'ORTE',
                  'notes': 'Partially allocated through XSEDE. Primary access through GSISSH. Allows SSH key authentication too.',
                  'pre_bootstrap_1': ['module load python/2.7.7-anaconda',
                                      'module use -a /worka/work/amerzky/radical.pilot.sandbox/openmpi/modules/',
                                      'module load openmpi/2017_03_13_6da4dbb'],
                  'pre_bootstrap_2': ['export PATH=$PATH',
                                      'export LD_LIBRARY_PATH=$LD_LIBRARY_PATH'],
                  'python_dist': 'default',
                  'rp_version': 'local',
                  'schemas': ['gsissh', 'ssh'],
                  'ssh': {'filesystem_endpoint': 'sftp://supermic.cct-lsu.xsede.org/',
                          'job_manager_endpoint': 'torque+ssh://supermic.cct-lsu.xsede.org/'},
                  'task_launch_method': 'ORTE',
                  'valid_roots': ['/work'],
                  'virtenv_mode': 'create'},
 'resource_sandbox': '/work/gchantzi/radical.pilot.sandbox',
 'runtime': 15,
 'scheduler': 'CONTINUOUS',
 'session_id': 'rp.session.one.george.017617.0005',
 'session_sandbox': '/work/gchantzi/radical.pilot.sandbox/rp.session.one.george.017617.0005',
 'spawner': 'POPEN',
 'staging_area': 'staging_area',
 'staging_schema': 'staging',
 'target': 'local',
 'task_launch_method': 'ORTE',
 'uid': 'agent_0',
 'workdir': '/worka/work/gchantzi/radical.pilot.sandbox/rp.session.one.george.017617.0005/pilot.0000'}
2018-03-27 10:48:55,385: update.0.child      : update.0                        : MainThread     : DEBUG   : start components: {}
2018-03-27 10:48:55,385: update.0.child      : update.0                        : MainThread     : DEBUG   : alive check in term
2018-03-27 10:48:55,385: update.0.child      : update.0                        : MainThread     : DEBUG   : START: update.0.child register publisher log_pubsub
2018-03-27 10:48:55,385: update.0.child      : update.0                        : MainThread     : DEBUG   : using addr tcp://204.90.41.68:34642 for pubsub log_pubsub
2018-03-27 10:48:55,391: update.0.child      : update.0                        : MainThread     : DEBUG   : registered publisher : log_pubsub : log.pubsub.pub.0003
2018-03-27 10:48:55,391: update.0.child      : update.0                        : MainThread     : DEBUG   : alive check in term
2018-03-27 10:48:55,391: update.0.child      : update.0                        : MainThread     : DEBUG   : START: update.0.child register publisher state_pubsub
2018-03-27 10:48:55,392: update.0.child      : update.0                        : MainThread     : DEBUG   : using addr tcp://204.90.41.68:44668 for pubsub state_pubsub
2018-03-27 10:48:55,397: update.0.child      : update.0                        : MainThread     : DEBUG   : registered publisher : state_pubsub : state.pubsub.pub.0003
2018-03-27 10:48:55,397: update.0.child      : update.0                        : MainThread     : DEBUG   : alive check in term
2018-03-27 10:48:55,397: update.0.child      : update.0                        : MainThread     : DEBUG   : START: update.0.child register publisher control_pubsub
2018-03-27 10:48:55,397: update.0.child      : update.0                        : MainThread     : DEBUG   : using addr tcp://204.90.41.68:38780 for pubsub control_pubsub
2018-03-27 10:48:55,403: update.0.child      : update.0                        : MainThread     : DEBUG   : registered publisher : control_pubsub : control.pubsub.pub.0003
2018-03-27 10:48:55,404: update.0.child      : update.0                        : MainThread     : DEBUG   : alive check in term
2018-03-27 10:48:55,405: update.0.child      : update.0                        : MainThread     : DEBUG   : START: update.0.child register subscriber update.0.child.subscriber._cancel_monitor_cb
2018-03-27 10:48:55,405: update.0.child      : update.0                        : MainThread     : DEBUG   : using addr tcp://204.90.41.68:38272 for pubsub control_pubsub
2018-03-27 10:48:55,410: update.0.child      : update.0                        : MainThread     : DEBUG   : parent name: update.0.child.subscriber._cancel_monitor_cb
2018-03-27 10:48:55,410: update.0.child      : update.0                        : MainThread     : DEBUG   : start thread
2018-03-27 10:48:55,411: update.0.child      : update.0                        : update.0.child.subscriber._cancel_monitor_cb: DEBUG   : child name: update.0.child.subscriber._cancel_monitor_cb.thread
2018-03-27 10:48:55,411: update.0.child      : update.0                        : update.0.child.subscriber._cancel_monitor_cb: INFO    : child (me) initializing
2018-03-27 10:48:55,411: update.0.child      : update.0                        : update.0.child.subscriber._cancel_monitor_cb: DEBUG   : ru_initialize_common (NOOP)
2018-03-27 10:48:55,411: update.0.child      : update.0                        : update.0.child.subscriber._cancel_monitor_cb: DEBUG   : ru_initialize_child (NOOP)
2018-03-27 10:48:55,411: update.0.child      : update.0                        : update.0.child.subscriber._cancel_monitor_cb: INFO    : send alive
2018-03-27 10:48:55,411: update.0.child      : update.0                        : update.0.child.subscriber._cancel_monitor_cb: INFO    : put message: [update.0.child.subscriber._cancel_monitor_cb.thread] alive
2018-03-27 10:48:55,412: update.0.child      : update.0                        : MainThread     : INFO    : get msg: alive
2018-03-27 10:48:55,412: update.0.child      : update.0                        : MainThread     : DEBUG   : ru_initialize_common (NOOP)
2018-03-27 10:48:55,412: update.0.child      : update.0                        : MainThread     : DEBUG   : ru_initialize_parent (NOOP)
2018-03-27 10:48:55,412: update.0.child      : update.0                        : MainThread     : DEBUG   : child thread update.0.child.subscriber._cancel_monitor_cb started
2018-03-27 10:48:55,412: update.0.child      : update.0                        : MainThread     : DEBUG   : update.0.child registered control_pubsub subscriber update.0.child.subscriber._cancel_monitor_cb
2018-03-27 10:48:55,711: update.0.child      : update.0                        : MainThread     : DEBUG   : alive check in term
2018-03-27 10:48:55,711: update.0.child      : update.0                        : MainThread     : DEBUG   : START: update.0.child register subscriber update.0.child.subscriber._state_cb
2018-03-27 10:48:55,711: update.0.child      : update.0                        : MainThread     : DEBUG   : using addr tcp://204.90.41.68:35226 for pubsub state_pubsub
2018-03-27 10:48:55,716: update.0.child      : update.0                        : MainThread     : DEBUG   : parent name: update.0.child.subscriber._state_cb
2018-03-27 10:48:55,716: update.0.child      : update.0                        : MainThread     : DEBUG   : start thread
2018-03-27 10:48:55,717: update.0.child      : update.0                        : update.0.child.subscriber._state_cb: DEBUG   : child name: update.0.child.subscriber._state_cb.thread
2018-03-27 10:48:55,717: update.0.child      : update.0                        : update.0.child.subscriber._state_cb: INFO    : child (me) initializing
2018-03-27 10:48:55,717: update.0.child      : update.0                        : update.0.child.subscriber._state_cb: DEBUG   : ru_initialize_common (NOOP)
2018-03-27 10:48:55,717: update.0.child      : update.0                        : update.0.child.subscriber._state_cb: DEBUG   : ru_initialize_child (NOOP)
2018-03-27 10:48:55,717: update.0.child      : update.0                        : update.0.child.subscriber._state_cb: INFO    : send alive
2018-03-27 10:48:55,717: update.0.child      : update.0                        : update.0.child.subscriber._state_cb: INFO    : put message: [update.0.child.subscriber._state_cb.thread] alive
2018-03-27 10:48:55,718: update.0.child      : update.0                        : MainThread     : INFO    : get msg: alive
2018-03-27 10:48:55,718: update.0.child      : update.0                        : MainThread     : DEBUG   : ru_initialize_common (NOOP)
2018-03-27 10:48:55,718: update.0.child      : update.0                        : MainThread     : DEBUG   : ru_initialize_parent (NOOP)
2018-03-27 10:48:55,718: update.0.child      : update.0                        : MainThread     : DEBUG   : child thread update.0.child.subscriber._state_cb started
2018-03-27 10:48:55,718: update.0.child      : update.0                        : MainThread     : DEBUG   : update.0.child registered state_pubsub subscriber update.0.child.subscriber._state_cb
2018-03-27 10:48:55,718: update.0.child      : update.0                        : MainThread     : DEBUG   : alive check in term
2018-03-27 10:48:55,718: update.0.child      : update.0                        : MainThread     : DEBUG   : START: update.0.child register idler update.0.child.idler._idle_cb
2018-03-27 10:48:55,719: update.0.child      : update.0                        : MainThread     : DEBUG   : parent name: update.0.child.idler._idle_cb
2018-03-27 10:48:55,719: update.0.child      : update.0                        : MainThread     : DEBUG   : start thread
2018-03-27 10:48:55,719: update.0.child      : update.0                        : update.0.child.idler._idle_cb: DEBUG   : child name: update.0.child.idler._idle_cb.thread
2018-03-27 10:48:55,719: update.0.child      : update.0                        : update.0.child.idler._idle_cb: INFO    : child (me) initializing
2018-03-27 10:48:55,719: update.0.child      : update.0                        : update.0.child.idler._idle_cb: DEBUG   : ru_initialize_common (NOOP)
2018-03-27 10:48:55,719: update.0.child      : update.0                        : update.0.child.idler._idle_cb: DEBUG   : ru_initialize_child (NOOP)
2018-03-27 10:48:55,719: update.0.child      : update.0                        : update.0.child.idler._idle_cb: INFO    : send alive
2018-03-27 10:48:55,719: update.0.child      : update.0                        : update.0.child.idler._idle_cb: INFO    : put message: [update.0.child.idler._idle_cb.thread] alive
2018-03-27 10:48:55,720: update.0.child      : update.0                        : MainThread     : INFO    : get msg: alive
2018-03-27 10:48:55,720: update.0.child      : update.0                        : MainThread     : DEBUG   : ru_initialize_common (NOOP)
2018-03-27 10:48:55,720: update.0.child      : update.0                        : MainThread     : DEBUG   : ru_initialize_parent (NOOP)
2018-03-27 10:48:55,720: update.0.child      : update.0                        : MainThread     : DEBUG   : child thread update.0.child.idler._idle_cb started
2018-03-27 10:48:55,720: update.0.child      : update.0                        : MainThread     : DEBUG   : update.0.child registered idler update.0.child.idler._idle_cb
2018-03-27 10:48:55,721: update.0.child      : update.0                        : MainThread     : INFO    : child (me) initializing
2018-03-27 10:48:55,721: update.0.child      : update.0                        : MainThread     : DEBUG   : parent name: update.0.child.watch
2018-03-27 10:48:55,721: update.0.child      : update.0                        : MainThread     : DEBUG   : start thread
2018-03-27 10:48:55,721: update.0.child      : update.0                        : update.0.child.watch: DEBUG   : child name: update.0.child.watch.thread
2018-03-27 10:48:55,721: update.0.child      : update.0                        : update.0.child.watch: INFO    : child (me) initializing
2018-03-27 10:48:55,721: update.0.child      : update.0                        : update.0.child.watch: DEBUG   : ru_initialize_common (NOOP)
2018-03-27 10:48:55,721: update.0.child      : update.0                        : update.0.child.watch: DEBUG   : ru_initialize_child (NOOP)
2018-03-27 10:48:55,721: update.0.child      : update.0                        : update.0.child.watch: INFO    : send alive
2018-03-27 10:48:55,722: update.0.child      : update.0                        : update.0.child.watch: INFO    : put message: [update.0.child.watch.thread] alive
2018-03-27 10:48:55,722: update.0.child      : update.0                        : MainThread     : INFO    : get msg: alive
2018-03-27 10:48:55,722: update.0.child      : update.0                        : MainThread     : DEBUG   : ru_initialize_common (NOOP)
2018-03-27 10:48:55,722: update.0.child      : update.0                        : MainThread     : DEBUG   : ru_initialize_parent (NOOP)
2018-03-27 10:48:55,722: update.0.child      : update.0                        : MainThread     : DEBUG   : child thread update.0.child.watch started
2018-03-27 10:48:55,723: update.0.child      : update.0                        : MainThread     : INFO    : child (me) is alive
2018-03-27 10:48:55,723: update.0.child      : update.0                        : MainThread     : INFO    : send alive
2018-03-27 10:48:55,723: update.0.child      : update.0                        : MainThread     : INFO    : send message: [update.0.child] alive
2018-03-27 10:48:56,459: update.0.child      : update.0                        : update.0.child.subscriber._state_cb: DEBUG   : bulk update result: {'nModified': 121, 'nUpserted': 0, 'nMatched': 121, 'writeErrors': [], 'upserted': [], 'writeConcernErrors': [], 'nRemoved': 0, 'nInserted': 0}
2018-03-27 10:48:57,827: update.0.child      : update.0                        : update.0.child.idler._idle_cb: DEBUG   : bulk update result: {'nModified': 80, 'nUpserted': 0, 'nMatched': 80, 'writeErrors': [], 'upserted': [], 'writeConcernErrors': [], 'nRemoved': 0, 'nInserted': 0}
2018-03-27 10:48:58,879: update.0.child      : update.0                        : update.0.child.idler._idle_cb: DEBUG   : bulk update result: {'nModified': 5, 'nUpserted': 0, 'nMatched': 5, 'writeErrors': [], 'upserted': [], 'writeConcernErrors': [], 'nRemoved': 0, 'nInserted': 0}
2018-03-27 10:48:59,929: update.0.child      : update.0                        : update.0.child.idler._idle_cb: DEBUG   : bulk update result: {'nModified': 5, 'nUpserted': 0, 'nMatched': 5, 'writeErrors': [], 'upserted': [], 'writeConcernErrors': [], 'nRemoved': 0, 'nInserted': 0}
2018-03-27 10:49:00,980: update.0.child      : update.0                        : update.0.child.idler._idle_cb: DEBUG   : bulk update result: {'nModified': 5, 'nUpserted': 0, 'nMatched': 5, 'writeErrors': [], 'upserted': [], 'writeConcernErrors': [], 'nRemoved': 0, 'nInserted': 0}
2018-03-27 10:49:02,019: update.0.child      : update.0                        : update.0.child.subscriber._state_cb: DEBUG   : bulk update result: {'nModified': 1, 'nUpserted': 0, 'nMatched': 1, 'writeErrors': [], 'upserted': [], 'writeConcernErrors': [], 'nRemoved': 0, 'nInserted': 0}
2018-03-27 10:49:03,069: update.0.child      : update.0                        : update.0.child.idler._idle_cb: DEBUG   : bulk update result: {'nModified': 4, 'nUpserted': 0, 'nMatched': 4, 'writeErrors': [], 'upserted': [], 'writeConcernErrors': [], 'nRemoved': 0, 'nInserted': 0}
2018-03-27 10:49:04,119: update.0.child      : update.0                        : update.0.child.idler._idle_cb: DEBUG   : bulk update result: {'nModified': 5, 'nUpserted': 0, 'nMatched': 5, 'writeErrors': [], 'upserted': [], 'writeConcernErrors': [], 'nRemoved': 0, 'nInserted': 0}
2018-03-27 10:49:05,170: update.0.child      : update.0                        : update.0.child.idler._idle_cb: DEBUG   : bulk update result: {'nModified': 5, 'nUpserted': 0, 'nMatched': 5, 'writeErrors': [], 'upserted': [], 'writeConcernErrors': [], 'nRemoved': 0, 'nInserted': 0}
2018-03-27 10:49:06,508: update.0.child      : update.0                        : update.0.child.subscriber._state_cb: DEBUG   : bulk update result: {'nModified': 1, 'nUpserted': 0, 'nMatched': 1, 'writeErrors': [], 'upserted': [], 'writeConcernErrors': [], 'nRemoved': 0, 'nInserted': 0}
2018-03-27 10:49:07,656: update.0.child      : update.0                        : update.0.child.subscriber._state_cb: DEBUG   : bulk update result: {'nModified': 5, 'nUpserted': 0, 'nMatched': 5, 'writeErrors': [], 'upserted': [], 'writeConcernErrors': [], 'nRemoved': 0, 'nInserted': 0}
2018-03-27 10:49:08,802: update.0.child      : update.0                        : update.0.child.subscriber._state_cb: DEBUG   : bulk update result: {'nModified': 5, 'nUpserted': 0, 'nMatched': 5, 'writeErrors': [], 'upserted': [], 'writeConcernErrors': [], 'nRemoved': 0, 'nInserted': 0}
2018-03-27 10:49:09,948: update.0.child      : update.0                        : update.0.child.subscriber._state_cb: DEBUG   : bulk update result: {'nModified': 5, 'nUpserted': 0, 'nMatched': 5, 'writeErrors': [], 'upserted': [], 'writeConcernErrors': [], 'nRemoved': 0, 'nInserted': 0}
2018-03-27 10:49:11,227: update.0.child      : update.0                        : update.0.child.idler._idle_cb: DEBUG   : bulk update result: {'nModified': 4, 'nUpserted': 0, 'nMatched': 4, 'writeErrors': [], 'upserted': [], 'writeConcernErrors': [], 'nRemoved': 0, 'nInserted': 0}
2018-03-27 10:49:12,278: update.0.child      : update.0                        : update.0.child.idler._idle_cb: DEBUG   : bulk update result: {'nModified': 5, 'nUpserted': 0, 'nMatched': 5, 'writeErrors': [], 'upserted': [], 'writeConcernErrors': [], 'nRemoved': 0, 'nInserted': 0}
2018-03-27 10:49:13,291: update.0.child      : update.0                        : update.0.child.subscriber._state_cb: DEBUG   : bulk update result: {'nModified': 1, 'nUpserted': 0, 'nMatched': 1, 'writeErrors': [], 'upserted': [], 'writeConcernErrors': [], 'nRemoved': 0, 'nInserted': 0}
2018-03-27 10:49:14,341: update.0.child      : update.0                        : update.0.child.idler._idle_cb: DEBUG   : bulk update result: {'nModified': 4, 'nUpserted': 0, 'nMatched': 4, 'writeErrors': [], 'upserted': [], 'writeConcernErrors': [], 'nRemoved': 0, 'nInserted': 0}
2018-03-27 10:49:15,391: update.0.child      : update.0                        : update.0.child.idler._idle_cb: DEBUG   : bulk update result: {'nModified': 5, 'nUpserted': 0, 'nMatched': 5, 'writeErrors': [], 'upserted': [], 'writeConcernErrors': [], 'nRemoved': 0, 'nInserted': 0}
2018-03-27 10:49:16,442: update.0.child      : update.0                        : update.0.child.idler._idle_cb: DEBUG   : bulk update result: {'nModified': 5, 'nUpserted': 0, 'nMatched': 5, 'writeErrors': [], 'upserted': [], 'writeConcernErrors': [], 'nRemoved': 0, 'nInserted': 0}
2018-03-27 10:49:17,780: update.0.child      : update.0                        : update.0.child.subscriber._state_cb: DEBUG   : bulk update result: {'nModified': 1, 'nUpserted': 0, 'nMatched': 1, 'writeErrors': [], 'upserted': [], 'writeConcernErrors': [], 'nRemoved': 0, 'nInserted': 0}
2018-03-27 10:49:18,927: update.0.child      : update.0                        : update.0.child.subscriber._state_cb: DEBUG   : bulk update result: {'nModified': 5, 'nUpserted': 0, 'nMatched': 5, 'writeErrors': [], 'upserted': [], 'writeConcernErrors': [], 'nRemoved': 0, 'nInserted': 0}
2018-03-27 10:49:20,073: update.0.child      : update.0                        : update.0.child.subscriber._state_cb: DEBUG   : bulk update result: {'nModified': 5, 'nUpserted': 0, 'nMatched': 5, 'writeErrors': [], 'upserted': [], 'writeConcernErrors': [], 'nRemoved': 0, 'nInserted': 0}
2018-03-27 10:49:21,220: update.0.child      : update.0                        : update.0.child.subscriber._state_cb: DEBUG   : bulk update result: {'nModified': 5, 'nUpserted': 0, 'nMatched': 5, 'writeErrors': [], 'upserted': [], 'writeConcernErrors': [], 'nRemoved': 0, 'nInserted': 0}
2018-03-27 10:49:22,499: update.0.child      : update.0                        : update.0.child.idler._idle_cb: DEBUG   : bulk update result: {'nModified': 4, 'nUpserted': 0, 'nMatched': 4, 'writeErrors': [], 'upserted': [], 'writeConcernErrors': [], 'nRemoved': 0, 'nInserted': 0}
2018-03-27 10:49:23,550: update.0.child      : update.0                        : update.0.child.idler._idle_cb: DEBUG   : bulk update result: {'nModified': 5, 'nUpserted': 0, 'nMatched': 5, 'writeErrors': [], 'upserted': [], 'writeConcernErrors': [], 'nRemoved': 0, 'nInserted': 0}
2018-03-27 10:49:24,562: update.0.child      : update.0                        : update.0.child.subscriber._state_cb: DEBUG   : bulk update result: {'nModified': 1, 'nUpserted': 0, 'nMatched': 1, 'writeErrors': [], 'upserted': [], 'writeConcernErrors': [], 'nRemoved': 0, 'nInserted': 0}
2018-03-27 10:49:25,612: update.0.child      : update.0                        : update.0.child.idler._idle_cb: DEBUG   : bulk update result: {'nModified': 4, 'nUpserted': 0, 'nMatched': 4, 'writeErrors': [], 'upserted': [], 'writeConcernErrors': [], 'nRemoved': 0, 'nInserted': 0}
2018-03-27 10:49:26,663: update.0.child      : update.0                        : update.0.child.idler._idle_cb: DEBUG   : bulk update result: {'nModified': 5, 'nUpserted': 0, 'nMatched': 5, 'writeErrors': [], 'upserted': [], 'writeConcernErrors': [], 'nRemoved': 0, 'nInserted': 0}
2018-03-27 10:49:27,713: update.0.child      : update.0                        : update.0.child.idler._idle_cb: DEBUG   : bulk update result: {'nModified': 5, 'nUpserted': 0, 'nMatched': 5, 'writeErrors': [], 'upserted': [], 'writeConcernErrors': [], 'nRemoved': 0, 'nInserted': 0}
2018-03-27 10:49:29,051: update.0.child      : update.0                        : update.0.child.subscriber._state_cb: DEBUG   : bulk update result: {'nModified': 1, 'nUpserted': 0, 'nMatched': 1, 'writeErrors': [], 'upserted': [], 'writeConcernErrors': [], 'nRemoved': 0, 'nInserted': 0}
2018-03-27 10:49:30,199: update.0.child      : update.0                        : update.0.child.subscriber._state_cb: DEBUG   : bulk update result: {'nModified': 5, 'nUpserted': 0, 'nMatched': 5, 'writeErrors': [], 'upserted': [], 'writeConcernErrors': [], 'nRemoved': 0, 'nInserted': 0}
2018-03-27 10:49:31,345: update.0.child      : update.0                        : update.0.child.subscriber._state_cb: DEBUG   : bulk update result: {'nModified': 5, 'nUpserted': 0, 'nMatched': 5, 'writeErrors': [], 'upserted': [], 'writeConcernErrors': [], 'nRemoved': 0, 'nInserted': 0}
2018-03-27 10:49:32,491: update.0.child      : update.0                        : update.0.child.subscriber._state_cb: DEBUG   : bulk update result: {'nModified': 5, 'nUpserted': 0, 'nMatched': 5, 'writeErrors': [], 'upserted': [], 'writeConcernErrors': [], 'nRemoved': 0, 'nInserted': 0}
2018-03-27 10:49:33,770: update.0.child      : update.0                        : update.0.child.idler._idle_cb: DEBUG   : bulk update result: {'nModified': 4, 'nUpserted': 0, 'nMatched': 4, 'writeErrors': [], 'upserted': [], 'writeConcernErrors': [], 'nRemoved': 0, 'nInserted': 0}
2018-03-27 10:49:34,821: update.0.child      : update.0                        : update.0.child.idler._idle_cb: DEBUG   : bulk update result: {'nModified': 5, 'nUpserted': 0, 'nMatched': 5, 'writeErrors': [], 'upserted': [], 'writeConcernErrors': [], 'nRemoved': 0, 'nInserted': 0}
2018-03-27 10:49:35,833: update.0.child      : update.0                        : update.0.child.subscriber._state_cb: DEBUG   : bulk update result: {'nModified': 1, 'nUpserted': 0, 'nMatched': 1, 'writeErrors': [], 'upserted': [], 'writeConcernErrors': [], 'nRemoved': 0, 'nInserted': 0}
2018-03-27 10:49:36,884: update.0.child      : update.0                        : update.0.child.idler._idle_cb: DEBUG   : bulk update result: {'nModified': 4, 'nUpserted': 0, 'nMatched': 4, 'writeErrors': [], 'upserted': [], 'writeConcernErrors': [], 'nRemoved': 0, 'nInserted': 0}
2018-03-27 10:49:37,934: update.0.child      : update.0                        : update.0.child.idler._idle_cb: DEBUG   : bulk update result: {'nModified': 5, 'nUpserted': 0, 'nMatched': 5, 'writeErrors': [], 'upserted': [], 'writeConcernErrors': [], 'nRemoved': 0, 'nInserted': 0}
2018-03-27 10:49:38,985: update.0.child      : update.0                        : update.0.child.idler._idle_cb: DEBUG   : bulk update result: {'nModified': 5, 'nUpserted': 0, 'nMatched': 5, 'writeErrors': [], 'upserted': [], 'writeConcernErrors': [], 'nRemoved': 0, 'nInserted': 0}
2018-03-27 10:49:40,323: update.0.child      : update.0                        : update.0.child.subscriber._state_cb: DEBUG   : bulk update result: {'nModified': 1, 'nUpserted': 0, 'nMatched': 1, 'writeErrors': [], 'upserted': [], 'writeConcernErrors': [], 'nRemoved': 0, 'nInserted': 0}
2018-03-27 10:49:41,470: update.0.child      : update.0                        : update.0.child.subscriber._state_cb: DEBUG   : bulk update result: {'nModified': 5, 'nUpserted': 0, 'nMatched': 5, 'writeErrors': [], 'upserted': [], 'writeConcernErrors': [], 'nRemoved': 0, 'nInserted': 0}
2018-03-27 10:49:42,617: update.0.child      : update.0                        : update.0.child.subscriber._state_cb: DEBUG   : bulk update result: {'nModified': 5, 'nUpserted': 0, 'nMatched': 5, 'writeErrors': [], 'upserted': [], 'writeConcernErrors': [], 'nRemoved': 0, 'nInserted': 0}
2018-03-27 10:49:43,763: update.0.child      : update.0                        : update.0.child.subscriber._state_cb: DEBUG   : bulk update result: {'nModified': 5, 'nUpserted': 0, 'nMatched': 5, 'writeErrors': [], 'upserted': [], 'writeConcernErrors': [], 'nRemoved': 0, 'nInserted': 0}
2018-03-27 10:49:45,042: update.0.child      : update.0                        : update.0.child.idler._idle_cb: DEBUG   : bulk update result: {'nModified': 4, 'nUpserted': 0, 'nMatched': 4, 'writeErrors': [], 'upserted': [], 'writeConcernErrors': [], 'nRemoved': 0, 'nInserted': 0}
2018-03-27 10:49:46,092: update.0.child      : update.0                        : update.0.child.idler._idle_cb: DEBUG   : bulk update result: {'nModified': 5, 'nUpserted': 0, 'nMatched': 5, 'writeErrors': [], 'upserted': [], 'writeConcernErrors': [], 'nRemoved': 0, 'nInserted': 0}
2018-03-27 10:49:47,105: update.0.child      : update.0                        : update.0.child.subscriber._state_cb: DEBUG   : bulk update result: {'nModified': 1, 'nUpserted': 0, 'nMatched': 1, 'writeErrors': [], 'upserted': [], 'writeConcernErrors': [], 'nRemoved': 0, 'nInserted': 0}
2018-03-27 10:49:48,155: update.0.child      : update.0                        : update.0.child.idler._idle_cb: DEBUG   : bulk update result: {'nModified': 4, 'nUpserted': 0, 'nMatched': 4, 'writeErrors': [], 'upserted': [], 'writeConcernErrors': [], 'nRemoved': 0, 'nInserted': 0}
2018-03-27 10:49:49,206: update.0.child      : update.0                        : update.0.child.idler._idle_cb: DEBUG   : bulk update result: {'nModified': 5, 'nUpserted': 0, 'nMatched': 5, 'writeErrors': [], 'upserted': [], 'writeConcernErrors': [], 'nRemoved': 0, 'nInserted': 0}
2018-03-27 10:49:50,256: update.0.child      : update.0                        : update.0.child.idler._idle_cb: DEBUG   : bulk update result: {'nModified': 5, 'nUpserted': 0, 'nMatched': 5, 'writeErrors': [], 'upserted': [], 'writeConcernErrors': [], 'nRemoved': 0, 'nInserted': 0}
2018-03-27 10:49:51,594: update.0.child      : update.0                        : update.0.child.subscriber._state_cb: DEBUG   : bulk update result: {'nModified': 1, 'nUpserted': 0, 'nMatched': 1, 'writeErrors': [], 'upserted': [], 'writeConcernErrors': [], 'nRemoved': 0, 'nInserted': 0}
2018-03-27 10:49:52,741: update.0.child      : update.0                        : update.0.child.subscriber._state_cb: DEBUG   : bulk update result: {'nModified': 5, 'nUpserted': 0, 'nMatched': 5, 'writeErrors': [], 'upserted': [], 'writeConcernErrors': [], 'nRemoved': 0, 'nInserted': 0}
2018-03-27 10:49:54,310: update.0.child      : update.0                        : update.0.child.idler._idle_cb: DEBUG   : bulk update result: {'nModified': 4, 'nUpserted': 0, 'nMatched': 4, 'writeErrors': [], 'upserted': [], 'writeConcernErrors': [], 'nRemoved': 0, 'nInserted': 0}
2018-03-27 11:00:56,734: update.0.child      : update.0                        : update.0.child.subscriber._state_cb: DEBUG   : bulk update result: {'nModified': 1, 'nUpserted': 0, 'nMatched': 1, 'writeErrors': [], 'upserted': [], 'writeConcernErrors': [], 'nRemoved': 0, 'nInserted': 0}
2018-03-27 11:00:57,655: update.0.child      : update.0                        : update.0.child.subscriber._state_cb: DEBUG   : bulk update result: {'nModified': 100, 'nUpserted': 0, 'nMatched': 100, 'writeErrors': [], 'upserted': [], 'writeConcernErrors': [], 'nRemoved': 0, 'nInserted': 0}
2018-03-27 11:00:58,923: update.0.child      : update.0                        : update.0.child.subscriber._state_cb: DEBUG   : bulk update result: {'nModified': 20, 'nUpserted': 0, 'nMatched': 20, 'writeErrors': [], 'upserted': [], 'writeConcernErrors': [], 'nRemoved': 0, 'nInserted': 0}
2018-03-27 11:00:59,971: update.0.child      : update.0                        : update.0.child.subscriber._state_cb: DEBUG   : bulk update result: {'nModified': 3, 'nUpserted': 0, 'nMatched': 3, 'writeErrors': [], 'upserted': [], 'writeConcernErrors': [], 'nRemoved': 0, 'nInserted': 0}
2018-03-27 11:01:01,176: update.0.child      : update.0                        : update.0.child.subscriber._state_cb: DEBUG   : bulk update result: {'nModified': 3, 'nUpserted': 0, 'nMatched': 3, 'writeErrors': [], 'upserted': [], 'writeConcernErrors': [], 'nRemoved': 0, 'nInserted': 0}
2018-03-27 11:01:02,283: update.0.child      : update.0                        : update.0.child.subscriber._state_cb: DEBUG   : bulk update result: {'nModified': 3, 'nUpserted': 0, 'nMatched': 3, 'writeErrors': [], 'upserted': [], 'writeConcernErrors': [], 'nRemoved': 0, 'nInserted': 0}
2018-03-27 11:01:03,333: update.0.child      : update.0                        : update.0.child.idler._idle_cb: DEBUG   : bulk update result: {'nModified': 2, 'nUpserted': 0, 'nMatched': 2, 'writeErrors': [], 'upserted': [], 'writeConcernErrors': [], 'nRemoved': 0, 'nInserted': 0}
2018-03-27 11:01:04,384: update.0.child      : update.0                        : update.0.child.idler._idle_cb: DEBUG   : bulk update result: {'nModified': 3, 'nUpserted': 0, 'nMatched': 3, 'writeErrors': [], 'upserted': [], 'writeConcernErrors': [], 'nRemoved': 0, 'nInserted': 0}
2018-03-27 11:01:05,437: update.0.child      : update.0                        : update.0.child.idler._idle_cb: DEBUG   : bulk update result: {'nModified': 3, 'nUpserted': 0, 'nMatched': 3, 'writeErrors': [], 'upserted': [], 'writeConcernErrors': [], 'nRemoved': 0, 'nInserted': 0}
2018-03-27 11:01:06,791: update.0.child      : update.0                        : update.0.child.subscriber._state_cb: DEBUG   : bulk update result: {'nModified': 1, 'nUpserted': 0, 'nMatched': 1, 'writeErrors': [], 'upserted': [], 'writeConcernErrors': [], 'nRemoved': 0, 'nInserted': 0}
2018-03-27 11:01:07,895: update.0.child      : update.0                        : update.0.child.subscriber._state_cb: DEBUG   : bulk update result: {'nModified': 3, 'nUpserted': 0, 'nMatched': 3, 'writeErrors': [], 'upserted': [], 'writeConcernErrors': [], 'nRemoved': 0, 'nInserted': 0}
2018-03-27 11:01:09,100: update.0.child      : update.0                        : update.0.child.subscriber._state_cb: DEBUG   : bulk update result: {'nModified': 3, 'nUpserted': 0, 'nMatched': 3, 'writeErrors': [], 'upserted': [], 'writeConcernErrors': [], 'nRemoved': 0, 'nInserted': 0}
2018-03-27 11:01:10,208: update.0.child      : update.0                        : update.0.child.subscriber._state_cb: DEBUG   : bulk update result: {'nModified': 3, 'nUpserted': 0, 'nMatched': 3, 'writeErrors': [], 'upserted': [], 'writeConcernErrors': [], 'nRemoved': 0, 'nInserted': 0}
2018-03-27 11:01:11,494: update.0.child      : update.0                        : update.0.child.idler._idle_cb: DEBUG   : bulk update result: {'nModified': 2, 'nUpserted': 0, 'nMatched': 2, 'writeErrors': [], 'upserted': [], 'writeConcernErrors': [], 'nRemoved': 0, 'nInserted': 0}
2018-03-27 11:01:12,544: update.0.child      : update.0                        : update.0.child.idler._idle_cb: DEBUG   : bulk update result: {'nModified': 3, 'nUpserted': 0, 'nMatched': 3, 'writeErrors': [], 'upserted': [], 'writeConcernErrors': [], 'nRemoved': 0, 'nInserted': 0}
2018-03-27 11:01:13,595: update.0.child      : update.0                        : update.0.child.idler._idle_cb: DEBUG   : bulk update result: {'nModified': 3, 'nUpserted': 0, 'nMatched': 3, 'writeErrors': [], 'upserted': [], 'writeConcernErrors': [], 'nRemoved': 0, 'nInserted': 0}
2018-03-27 11:01:14,713: update.0.child      : update.0                        : update.0.child.subscriber._state_cb: DEBUG   : bulk update result: {'nModified': 1, 'nUpserted': 0, 'nMatched': 1, 'writeErrors': [], 'upserted': [], 'writeConcernErrors': [], 'nRemoved': 0, 'nInserted': 0}
2018-03-27 11:01:15,817: update.0.child      : update.0                        : update.0.child.subscriber._state_cb: DEBUG   : bulk update result: {'nModified': 3, 'nUpserted': 0, 'nMatched': 3, 'writeErrors': [], 'upserted': [], 'writeConcernErrors': [], 'nRemoved': 0, 'nInserted': 0}
2018-03-27 11:01:17,650: update.0.child      : update.0                        : update.0.child.idler._idle_cb: DEBUG   : bulk update result: {'nModified': 2, 'nUpserted': 0, 'nMatched': 2, 'writeErrors': [], 'upserted': [], 'writeConcernErrors': [], 'nRemoved': 0, 'nInserted': 0}
2018-03-27 11:01:18,700: update.0.child      : update.0                        : update.0.child.idler._idle_cb: DEBUG   : bulk update result: {'nModified': 3, 'nUpserted': 0, 'nMatched': 3, 'writeErrors': [], 'upserted': [], 'writeConcernErrors': [], 'nRemoved': 0, 'nInserted': 0}
2018-03-27 11:01:19,751: update.0.child      : update.0                        : update.0.child.idler._idle_cb: DEBUG   : bulk update result: {'nModified': 3, 'nUpserted': 0, 'nMatched': 3, 'writeErrors': [], 'upserted': [], 'writeConcernErrors': [], 'nRemoved': 0, 'nInserted': 0}
2018-03-27 11:01:20,801: update.0.child      : update.0                        : update.0.child.idler._idle_cb: DEBUG   : bulk update result: {'nModified': 3, 'nUpserted': 0, 'nMatched': 3, 'writeErrors': [], 'upserted': [], 'writeConcernErrors': [], 'nRemoved': 0, 'nInserted': 0}
2018-03-27 11:01:21,853: update.0.child      : update.0                        : update.0.child.idler._idle_cb: DEBUG   : bulk update result: {'nModified': 3, 'nUpserted': 0, 'nMatched': 3, 'writeErrors': [], 'upserted': [], 'writeConcernErrors': [], 'nRemoved': 0, 'nInserted': 0}
2018-03-27 11:01:23,636: update.0.child      : update.0                        : update.0.child.subscriber._state_cb: DEBUG   : bulk update result: {'nModified': 1, 'nUpserted': 0, 'nMatched': 1, 'writeErrors': [], 'upserted': [], 'writeConcernErrors': [], 'nRemoved': 0, 'nInserted': 0}
2018-03-27 11:01:24,840: update.0.child      : update.0                        : update.0.child.subscriber._state_cb: DEBUG   : bulk update result: {'nModified': 3, 'nUpserted': 0, 'nMatched': 3, 'writeErrors': [], 'upserted': [], 'writeConcernErrors': [], 'nRemoved': 0, 'nInserted': 0}
2018-03-27 11:01:25,907: update.0.child      : update.0                        : update.0.child.idler._idle_cb: DEBUG   : bulk update result: {'nModified': 2, 'nUpserted': 0, 'nMatched': 2, 'writeErrors': [], 'upserted': [], 'writeConcernErrors': [], 'nRemoved': 0, 'nInserted': 0}
2018-03-27 11:01:26,958: update.0.child      : update.0                        : update.0.child.idler._idle_cb: DEBUG   : bulk update result: {'nModified': 3, 'nUpserted': 0, 'nMatched': 3, 'writeErrors': [], 'upserted': [], 'writeConcernErrors': [], 'nRemoved': 0, 'nInserted': 0}
2018-03-27 11:01:28,009: update.0.child      : update.0                        : update.0.child.idler._idle_cb: DEBUG   : bulk update result: {'nModified': 3, 'nUpserted': 0, 'nMatched': 3, 'writeErrors': [], 'upserted': [], 'writeConcernErrors': [], 'nRemoved': 0, 'nInserted': 0}
2018-03-27 11:01:29,350: update.0.child      : update.0                        : update.0.child.subscriber._state_cb: DEBUG   : bulk update result: {'nModified': 1, 'nUpserted': 0, 'nMatched': 1, 'writeErrors': [], 'upserted': [], 'writeConcernErrors': [], 'nRemoved': 0, 'nInserted': 0}
2018-03-27 11:01:30,455: update.0.child      : update.0                        : update.0.child.subscriber._state_cb: DEBUG   : bulk update result: {'nModified': 3, 'nUpserted': 0, 'nMatched': 3, 'writeErrors': [], 'upserted': [], 'writeConcernErrors': [], 'nRemoved': 0, 'nInserted': 0}
2018-03-27 11:01:31,557: update.0.child      : update.0                        : update.0.child.subscriber._state_cb: DEBUG   : bulk update result: {'nModified': 3, 'nUpserted': 0, 'nMatched': 3, 'writeErrors': [], 'upserted': [], 'writeConcernErrors': [], 'nRemoved': 0, 'nInserted': 0}
2018-03-27 11:01:32,759: update.0.child      : update.0                        : update.0.child.subscriber._state_cb: DEBUG   : bulk update result: {'nModified': 3, 'nUpserted': 0, 'nMatched': 3, 'writeErrors': [], 'upserted': [], 'writeConcernErrors': [], 'nRemoved': 0, 'nInserted': 0}
2018-03-27 11:01:34,066: update.0.child      : update.0                        : update.0.child.idler._idle_cb: DEBUG   : bulk update result: {'nModified': 2, 'nUpserted': 0, 'nMatched': 2, 'writeErrors': [], 'upserted': [], 'writeConcernErrors': [], 'nRemoved': 0, 'nInserted': 0}
2018-03-27 11:01:35,117: update.0.child      : update.0                        : update.0.child.idler._idle_cb: DEBUG   : bulk update result: {'nModified': 3, 'nUpserted': 0, 'nMatched': 3, 'writeErrors': [], 'upserted': [], 'writeConcernErrors': [], 'nRemoved': 0, 'nInserted': 0}
2018-03-27 11:01:36,167: update.0.child      : update.0                        : update.0.child.idler._idle_cb: DEBUG   : bulk update result: {'nModified': 3, 'nUpserted': 0, 'nMatched': 3, 'writeErrors': [], 'upserted': [], 'writeConcernErrors': [], 'nRemoved': 0, 'nInserted': 0}
2018-03-27 11:01:37,269: update.0.child      : update.0                        : update.0.child.subscriber._state_cb: DEBUG   : bulk update result: {'nModified': 1, 'nUpserted': 0, 'nMatched': 1, 'writeErrors': [], 'upserted': [], 'writeConcernErrors': [], 'nRemoved': 0, 'nInserted': 0}
2018-03-27 11:01:38,373: update.0.child      : update.0                        : update.0.child.subscriber._state_cb: DEBUG   : bulk update result: {'nModified': 3, 'nUpserted': 0, 'nMatched': 3, 'writeErrors': [], 'upserted': [], 'writeConcernErrors': [], 'nRemoved': 0, 'nInserted': 0}
2018-03-27 11:01:40,223: update.0.child      : update.0                        : update.0.child.idler._idle_cb: DEBUG   : bulk update result: {'nModified': 2, 'nUpserted': 0, 'nMatched': 2, 'writeErrors': [], 'upserted': [], 'writeConcernErrors': [], 'nRemoved': 0, 'nInserted': 0}
2018-03-27 11:01:41,273: update.0.child      : update.0                        : update.0.child.idler._idle_cb: DEBUG   : bulk update result: {'nModified': 3, 'nUpserted': 0, 'nMatched': 3, 'writeErrors': [], 'upserted': [], 'writeConcernErrors': [], 'nRemoved': 0, 'nInserted': 0}
2018-03-27 11:01:42,324: update.0.child      : update.0                        : update.0.child.idler._idle_cb: DEBUG   : bulk update result: {'nModified': 3, 'nUpserted': 0, 'nMatched': 3, 'writeErrors': [], 'upserted': [], 'writeConcernErrors': [], 'nRemoved': 0, 'nInserted': 0}
2018-03-27 11:01:43,375: update.0.child      : update.0                        : update.0.child.idler._idle_cb: DEBUG   : bulk update result: {'nModified': 3, 'nUpserted': 0, 'nMatched': 3, 'writeErrors': [], 'upserted': [], 'writeConcernErrors': [], 'nRemoved': 0, 'nInserted': 0}
2018-03-27 11:01:44,431: update.0.child      : update.0                        : update.0.child.idler._idle_cb: DEBUG   : bulk update result: {'nModified': 3, 'nUpserted': 0, 'nMatched': 3, 'writeErrors': [], 'upserted': [], 'writeConcernErrors': [], 'nRemoved': 0, 'nInserted': 0}
2018-03-27 11:01:46,189: update.0.child      : update.0                        : update.0.child.subscriber._state_cb: DEBUG   : bulk update result: {'nModified': 1, 'nUpserted': 0, 'nMatched': 1, 'writeErrors': [], 'upserted': [], 'writeConcernErrors': [], 'nRemoved': 0, 'nInserted': 0}
2018-03-27 11:01:47,392: update.0.child      : update.0                        : update.0.child.subscriber._state_cb: DEBUG   : bulk update result: {'nModified': 3, 'nUpserted': 0, 'nMatched': 3, 'writeErrors': [], 'upserted': [], 'writeConcernErrors': [], 'nRemoved': 0, 'nInserted': 0}
2018-03-27 11:01:48,485: update.0.child      : update.0                        : update.0.child.idler._idle_cb: DEBUG   : bulk update result: {'nModified': 2, 'nUpserted': 0, 'nMatched': 2, 'writeErrors': [], 'upserted': [], 'writeConcernErrors': [], 'nRemoved': 0, 'nInserted': 0}
2018-03-27 11:01:49,537: update.0.child      : update.0                        : update.0.child.idler._idle_cb: DEBUG   : bulk update result: {'nModified': 3, 'nUpserted': 0, 'nMatched': 3, 'writeErrors': [], 'upserted': [], 'writeConcernErrors': [], 'nRemoved': 0, 'nInserted': 0}
2018-03-27 11:01:50,587: update.0.child      : update.0                        : update.0.child.idler._idle_cb: DEBUG   : bulk update result: {'nModified': 3, 'nUpserted': 0, 'nMatched': 3, 'writeErrors': [], 'upserted': [], 'writeConcernErrors': [], 'nRemoved': 0, 'nInserted': 0}
2018-03-27 11:01:51,801: update.0.child      : update.0                        : update.0.child.subscriber._state_cb: DEBUG   : bulk update result: {'nModified': 1, 'nUpserted': 0, 'nMatched': 1, 'writeErrors': [], 'upserted': [], 'writeConcernErrors': [], 'nRemoved': 0, 'nInserted': 0}
2018-03-27 11:01:53,004: update.0.child      : update.0                        : update.0.child.subscriber._state_cb: DEBUG   : bulk update result: {'nModified': 3, 'nUpserted': 0, 'nMatched': 3, 'writeErrors': [], 'upserted': [], 'writeConcernErrors': [], 'nRemoved': 0, 'nInserted': 0}
2018-03-27 11:01:54,646: update.0.child      : update.0                        : update.0.child.idler._idle_cb: DEBUG   : bulk update result: {'nModified': 2, 'nUpserted': 0, 'nMatched': 2, 'writeErrors': [], 'upserted': [], 'writeConcernErrors': [], 'nRemoved': 0, 'nInserted': 0}
2018-03-27 11:02:02,452: update.0.child      : update.0                        : update.0.child.subscriber._cancel_monitor_cb: INFO    : got termination command
2018-03-27 11:02:02,638: update.0.child      : update.0                        : update.0.child.subscriber._cancel_monitor_cb: INFO    : stop update.0.child (9506 : 9506 : update.0.child.subscriber._cancel_monitor_cb) [radical.pilot.worker.update.Update.stop]
2018-03-27 11:02:02,642: update.0.child      : update.0                        : update.0.child.subscriber._cancel_monitor_cb: INFO    : parent stops child  9506 -> 9506 [update.0.child]
2018-03-27 11:02:02,642: update.0.child      : update.0                        : update.0.child.subscriber._cancel_monitor_cb: INFO    : send message: [update.0.child] STOP
2018-03-27 11:02:02,642: update.0.child      : update.0                        : update.0.child.subscriber._cancel_monitor_cb: DEBUG   : TERM : update.0.child unregister idler update.0.child.idler._idle_cb
2018-03-27 11:02:02,643: update.0.child      : update.0                        : update.0.child.subscriber._cancel_monitor_cb: INFO    : signal stop for update.0.child.subscriber._cancel_monitor_cb - do not join
2018-03-27 11:02:02,643: update.0.child      : update.0                        : update.0.child.subscriber._cancel_monitor_cb: DEBUG   : TERM : update.0.child unregistered idler update.0.child.idler._idle_cb
2018-03-27 11:02:02,643: update.0.child      : update.0                        : update.0.child.subscriber._cancel_monitor_cb: DEBUG   : TERM : update.0.child unregister subscriber update.0.child.subscriber._state_cb
2018-03-27 11:02:02,643: update.0.child      : update.0                        : update.0.child.subscriber._cancel_monitor_cb: DEBUG   : unregistered subscriber update.0.child.subscriber._state_cb
2018-03-27 11:02:02,643: update.0.child      : update.0                        : update.0.child.subscriber._cancel_monitor_cb: DEBUG   : ru_finalize_common()
2018-03-27 11:02:02,643: update.0.child      : update.0                        : update.0.child.subscriber._cancel_monitor_cb: DEBUG   : TERM : update.0.child unregister publisher log_pubsub
2018-03-27 11:02:02,643: update.0.child      : update.0                        : update.0.child.subscriber._cancel_monitor_cb: DEBUG   : unregistered publisher log_pubsub
2018-03-27 11:02:02,644: update.0.child      : update.0                        : update.0.child.subscriber._cancel_monitor_cb: DEBUG   : TERM : update.0.child unregister publisher state_pubsub
2018-03-27 11:02:02,644: update.0.child      : update.0                        : update.0.child.subscriber._cancel_monitor_cb: DEBUG   : unregistered publisher state_pubsub
2018-03-27 11:02:02,644: update.0.child      : update.0                        : update.0.child.subscriber._cancel_monitor_cb: DEBUG   : TERM : update.0.child unregister publisher control_pubsub
2018-03-27 11:02:02,645: update.0.child      : update.0                        : update.0.child.subscriber._cancel_monitor_cb: DEBUG   : unregistered publisher control_pubsub
2018-03-27 11:02:02,645: update.0.child      : update.0                        : update.0.child.subscriber._cancel_monitor_cb: DEBUG   : update.0.child close prof
2018-03-27 11:02:02,651: update.0.child      : update.0                        : update.0.child.subscriber._cancel_monitor_cb: INFO    : signal stop for update.0.child.subscriber._cancel_monitor_cb - do not join
2018-03-27 11:02:02,651: update.0.child      : update.0                        : update.0.child.subscriber._cancel_monitor_cb: INFO    : child calls stop()
2018-03-27 11:02:02,652: update.0.child      : update.0                        : update.0.child.subscriber._cancel_monitor_cb: INFO    : signal stop for update.0.child.subscriber._cancel_monitor_cb - do not join
2018-03-27 11:02:02,652: update.0.child      : update.0                        : update.0.child.subscriber._cancel_monitor_cb: INFO    : signal stop for update.0.child.subscriber._cancel_monitor_cb - do not join
2018-03-27 11:02:02,652: update.0.child      : update.0                        : update.0.child.subscriber._cancel_monitor_cb: INFO    : signal stop for update.0.child.subscriber._cancel_monitor_cb - do not join
2018-03-27 11:02:02,652: update.0.child      : update.0                        : update.0.child.subscriber._cancel_monitor_cb: INFO    : signal stop for update.0.child.subscriber._cancel_monitor_cb - do not join
2018-03-27 11:02:02,652: update.0.child      : update.0                        : update.0.child.subscriber._cancel_monitor_cb: DEBUG   : ru_finalize_child (NOOP)
2018-03-27 11:02:02,652: update.0.child      : update.0                        : update.0.child.subscriber._cancel_monitor_cb: INFO    : put message: [update.0.child.subscriber._cancel_monitor_cb.thread] terminating
2018-03-27 11:02:02,655: update.0.child      : update.0                        : MainThread     : DEBUG   : TERM : update.0.child unregister idler update.0.child.idler._idle_cb
2018-03-27 11:02:02,656: update.0.child      : update.0                        : MainThread     : WARNING : timed cb update.0.child.idler._idle_cb is not registered
2018-03-27 11:02:02,656: update.0.child      : update.0                        : MainThread     : DEBUG   : TERM : update.0.child unregister subscriber update.0.child.subscriber._state_cb
2018-03-27 11:02:02,656: update.0.child      : update.0                        : MainThread     : WARNING : subscriber _state_cb is not registered
2018-03-27 11:02:02,656: update.0.child      : update.0                        : MainThread     : DEBUG   : ru_finalize_common()
2018-03-27 11:02:02,656: update.0.child      : update.0                        : MainThread     : WARNING : publisher log_pubsub is not registered
2018-03-27 11:02:02,656: update.0.child      : update.0                        : MainThread     : WARNING : publisher state_pubsub is not registered
2018-03-27 11:02:02,656: update.0.child      : update.0                        : MainThread     : WARNING : publisher control_pubsub is not registered
2018-03-27 11:02:02,656: update.0.child      : update.0                        : MainThread     : DEBUG   : update.0.child close prof
2018-03-27 11:02:02,656: update.0.child      : update.0                        : MainThread     : INFO    : send message: [update.0.child] terminating
2018-03-27 11:02:02,658: update.0.child      : update.0                        : update.0.child.idler._idle_cb: DEBUG   : ru_finalize_child (NOOP)
2018-03-27 11:02:02,658: update.0.child      : update.0                        : update.0.child.idler._idle_cb: DEBUG   : ru_finalize_common (NOOP)
2018-03-27 11:02:02,658: update.0.child      : update.0                        : update.0.child.idler._idle_cb: INFO    : put message: [update.0.child.idler._idle_cb.thread] terminating
2018-03-27 11:02:02,691: update.0.child      : update.0                        : update.0.child.watch: WARNING : %s died
2018-03-27 11:02:02,691: update.0.child      : update.0                        : update.0.child.watch: INFO    : watcher closes
2018-03-27 11:02:02,691: update.0.child      : update.0                        : update.0.child.watch: INFO    : put message: [update.0.child.watch.thread] work finished
2018-03-27 11:02:02,691: update.0.child      : update.0                        : update.0.child.watch: DEBUG   : ru_finalize_child (NOOP)
2018-03-27 11:02:02,691: update.0.child      : update.0                        : update.0.child.watch: DEBUG   : ru_finalize_common (NOOP)
2018-03-27 11:02:02,691: update.0.child      : update.0                        : update.0.child.watch: INFO    : put message: [update.0.child.watch.thread] terminating
2018-03-27 11:02:02,720: update.0.child      : update.0                        : MainThread     : INFO    : parent stops child
2018-03-27 11:02:02,720: update.0.child      : update.0                        : MainThread     : DEBUG   : ru_finalize_parent (NOOP)
2018-03-27 11:02:02,720: update.0.child      : update.0                        : MainThread     : INFO    : parent stops child
2018-03-27 11:02:02,720: update.0.child      : update.0                        : MainThread     : DEBUG   : ru_finalize_parent (NOOP)
2018-03-27 11:02:02,720: update.0.child      : update.0                        : update.0.child.subscriber._state_cb: DEBUG   : ru_finalize_child (NOOP)
2018-03-27 11:02:02,721: update.0.child      : update.0                        : update.0.child.subscriber._state_cb: INFO    : put message: [update.0.child.subscriber._state_cb.thread] terminating
2018-03-27 11:02:02,722: update.0.child      : update.0                        : MainThread     : INFO    : parent stops child
2018-03-27 11:02:02,722: update.0.child      : update.0                        : MainThread     : DEBUG   : ru_finalize_parent (NOOP)
2018-03-27 11:02:02,722: update.0.child      : update.0                        : MainThread     : DEBUG   : ru_finalize_common (NOOP)
