2018-03-28 23:34:45,522: log.pubsub.pub.0004 : umgr.0000.staging.output.0      : MainThread     : INFO    : python.interpreter   version: 2.7.14 (default, Sep 23 2017, 22:06:14) [GCC 7.2.0]
2018-03-28 23:34:45,522: log.pubsub.pub.0004 : umgr.0000.staging.output.0      : MainThread     : INFO    :                      pid: 25242
2018-03-28 23:34:45,523: log.pubsub.pub.0004 : umgr.0000.staging.output.0      : MainThread     : INFO    :                      tid: MainThread
2018-03-28 23:34:45,523: log.pubsub.pub.0004 : umgr.0000.staging.output.0      : MainThread     : INFO    : radical.pilot        version: 0.47-0.47-14-gb1dff8bd@devel
2018-03-28 23:34:45,523: log.pubsub.pub.0004 : umgr.0000.staging.output.0      : MainThread     : INFO    : create log_pubsub - pub - tcp://144.76.72.175:36507
2018-03-28 23:34:45,524: log.pubsub.pub.0004 : umgr.0000.staging.output.0      : MainThread     : DEBUG   : start process
2018-03-28 23:34:45,524: log.pubsub.pub.0004 : umgr.0000.staging.output.0      : MainThread     : DEBUG   : ru_initialize_common (NOOP)
2018-03-28 23:34:45,524: log.pubsub.pub.0004 : umgr.0000.staging.output.0      : MainThread     : DEBUG   : ru_initialize_parent (NOOP)
2018-03-28 23:34:45,524: log.pubsub.pub.0004 : umgr.0000.staging.output.0      : MainThread     : DEBUG   : process class started (no child)
2018-03-28 23:34:45,537: log.pubsub.pub.0004 : MainProcess                     : MainThread     : INFO    : python.interpreter   version: 2.7.14 (default, Sep 23 2017, 22:06:14) [GCC 7.2.0]
2018-03-28 23:34:45,537: log.pubsub.pub.0004 : MainProcess                     : MainThread     : INFO    :                      pid: 25078
2018-03-28 23:34:45,537: log.pubsub.pub.0004 : MainProcess                     : MainThread     : INFO    :                      tid: MainThread
2018-03-28 23:34:45,537: log.pubsub.pub.0004 : MainProcess                     : MainThread     : INFO    : radical.pilot        version: 0.47-0.47-14-gb1dff8bd@devel
2018-03-28 23:34:45,537: log.pubsub.pub.0004 : MainProcess                     : MainThread     : INFO    : create log_pubsub - pub - tcp://144.76.72.175:36507
2018-03-28 23:34:45,538: log.pubsub.pub.0004 : MainProcess                     : MainThread     : DEBUG   : start process
2018-03-28 23:34:45,538: log.pubsub.pub.0004 : MainProcess                     : MainThread     : DEBUG   : ru_initialize_common (NOOP)
2018-03-28 23:34:45,538: log.pubsub.pub.0004 : MainProcess                     : MainThread     : DEBUG   : ru_initialize_parent (NOOP)
2018-03-28 23:34:45,538: log.pubsub.pub.0004 : MainProcess                     : MainThread     : DEBUG   : process class started (no child)
2018-03-28 23:47:47,145: log.pubsub.pub.0004 : MainProcess                     : MainThread     : INFO    : parent stops child  25078 -> None [log.pubsub.pub.0004]
2018-03-28 23:47:47,145: log.pubsub.pub.0004 : MainProcess                     : MainThread     : DEBUG   : ru_finalize_parent (NOOP)
2018-03-28 23:47:47,854: log.pubsub.pub.0004 : umgr.0000.staging.output.0      : MainThread     : INFO    : parent stops child  25242 -> None [log.pubsub.pub.0004]
2018-03-28 23:47:47,854: log.pubsub.pub.0004 : umgr.0000.staging.output.0      : MainThread     : DEBUG   : ru_finalize_parent (NOOP)
