2018-03-28 23:34:45,252: radical.saga.pty    : pmgr.0000.launching.0           : MainThread     : INFO    : python.interpreter   version: 2.7.14 (default, Sep 23 2017, 22:06:14) [GCC 7.2.0]
2018-03-28 23:34:45,252: radical.saga.pty    : pmgr.0000.launching.0           : MainThread     : INFO    :                      pid: 25135
2018-03-28 23:34:45,252: radical.saga.pty    : pmgr.0000.launching.0           : MainThread     : INFO    :                      tid: MainThread
2018-03-28 23:34:45,252: radical.saga.pty    : pmgr.0000.launching.0           : MainThread     : DEBUG   : PTYShell init <saga.utils.pty_shell.PTYShell object at 0x7f23a9084790>
2018-03-28 23:34:45,254: radical.saga.pty    : pmgr.0000.launching.0           : MainThread     : INFO    : PTY prompt pattern: [\$#%>\]]\s*$
2018-03-28 23:34:45,254: radical.saga.pty    : pmgr.0000.launching.0           : MainThread     : INFO    : ssh copy  mode set to 'sftp'
2018-03-28 23:34:45,255: radical.saga.pty    : pmgr.0000.launching.0           : MainThread     : INFO    : ssh share mode set to 'auto'
2018-03-28 23:34:45,255: radical.saga.pty    : pmgr.0000.launching.0           : MainThread     : INFO    : ssh timeout    set to '10.0'
2018-03-28 23:34:45,256: radical.saga.pty    : pmgr.0000.launching.0           : MainThread     : DEBUG   : SSH Connection M_FLAGS: -o ControlMaster=auto -o ControlPath=/tmp/saga_ssh_george_%h_%p.ctrl -o TCPKeepAlive=no  -o ServerAliveInterval=10 -o ServerAliveCountMax=20 -o ConnectTimeout=10
2018-03-28 23:34:45,256: radical.saga.pty    : pmgr.0000.launching.0           : MainThread     : DEBUG   : SSH Connection S_FLAGS: -o ControlMaster=auto -o ControlPath=/tmp/saga_ssh_george_%h_%p.ctrl -o TCPKeepAlive=no  -o ServerAliveInterval=10 -o ServerAliveCountMax=20 -o ConnectTimeout=10
2018-03-28 23:34:45,256: radical.saga.pty    : pmgr.0000.launching.0           : MainThread     : DEBUG   : open master pty for [ssh] [supermic.cct-lsu.xsede.org] george: /usr/bin/env TERM=vt100 X509_USER_PROXY='/tmp/x509up_u1012'  "/usr/bin/gsissh" -t -o IdentityFile=/home/george/.ssh/id_rsa -o Port=2222  -o ControlMaster=auto -o ControlPath=/tmp/saga_ssh_george_%h_%p.ctrl -o TCPKeepAlive=no  -o ServerAliveInterval=10 -o ServerAliveCountMax=20 -o ConnectTimeout=10 supermic.cct-lsu.xsede.org'
2018-03-28 23:34:45,256: radical.saga.pty    : pmgr.0000.launching.0           : MainThread     : DEBUG   : PTYProcess init <saga.utils.pty_process.PTYProcess object at 0x7f23a8034210>
2018-03-28 23:34:45,257: radical.saga.pty    : pmgr.0000.launching.0           : MainThread     : INFO    : running: /usr/bin/env TERM=vt100 X509_USER_PROXY=/tmp/x509up_u1012 /usr/bin/gsissh -t -o IdentityFile=/home/george/.ssh/id_rsa -o Port=2222 -o ControlMaster=auto -o ControlPath=/tmp/saga_ssh_george_%h_%p.ctrl -o TCPKeepAlive=no -o ServerAliveInterval=10 -o ServerAliveCountMax=20 -o ConnectTimeout=10 supermic.cct-lsu.xsede.org
2018-03-28 23:34:45,259: radical.saga.pty    : pmgr.0000.launching.0           : MainThread     : DEBUG   : write: [  142] [   51] ( export PROMPT_COMMAND='' PS1='$' ; set prompt='$'\n)
2018-03-28 23:34:45,554: radical.saga.pty    : pmgr.0000.launching.0           : MainThread     : DEBUG   : read : [  142] [ 1569] (Last login: Wed Mar 28 16:34:4 ... **************************\n\n)
2018-03-28 23:34:45,556: radical.saga.pty    : pmgr.0000.launching.0           : MainThread     : DEBUG   : got initial shell prompt (6) (Last login: Wed Mar 28 16:34:43 2018 from 144.76.72.175
##############################################################################)
2018-03-28 23:34:45,556: radical.saga.pty    : pmgr.0000.launching.0           : MainThread     : DEBUG   : Got initial shell prompt (6) (Last login: Wed Mar 28 16:34:43 2018 from 144.76.72.175
##############################################################################)
2018-03-28 23:34:45,556: radical.saga.pty    : pmgr.0000.launching.0           : MainThread     : DEBUG   : PTYProcess init <saga.utils.pty_process.PTYProcess object at 0x7f23a8034390>
2018-03-28 23:34:45,557: radical.saga.pty    : pmgr.0000.launching.0           : MainThread     : INFO    : running: /usr/bin/env TERM=vt100 X509_USER_PROXY=/tmp/x509up_u1012 /usr/bin/gsissh -t -o IdentityFile=/home/george/.ssh/id_rsa -o Port=2222 -o ControlMaster=auto -o ControlPath=/tmp/saga_ssh_george_%h_%p.ctrl -o TCPKeepAlive=no -o ServerAliveInterval=10 -o ServerAliveCountMax=20 -o ConnectTimeout=10 supermic.cct-lsu.xsede.org
2018-03-28 23:34:45,559: radical.saga.pty    : pmgr.0000.launching.0           : MainThread     : DEBUG   : write: [  154] [   51] ( export PROMPT_COMMAND='' PS1='$' ; set prompt='$'\n)
2018-03-28 23:34:45,854: radical.saga.pty    : pmgr.0000.launching.0           : MainThread     : DEBUG   : read : [  154] [ 1569] (Last login: Wed Mar 28 16:34:4 ... **************************\n\n)
2018-03-28 23:34:45,857: radical.saga.pty    : pmgr.0000.launching.0           : MainThread     : DEBUG   : got initial shell prompt (6) (Last login: Wed Mar 28 16:34:45 2018 from 144.76.72.175
##############################################################################)
2018-03-28 23:34:45,857: radical.saga.pty    : pmgr.0000.launching.0           : MainThread     : DEBUG   : Got initial shell prompt (6) (Last login: Wed Mar 28 16:34:45 2018 from 144.76.72.175
##############################################################################)
2018-03-28 23:34:45,857: radical.saga.pty    : pmgr.0000.launching.0           : MainThread     : DEBUG   :  ===     1 : <saga.utils.pty_process.PTYProcess object at 0x7f23a8034390> : init : ['/usr/bin/env', 'TERM=vt100', 'X509_USER_PROXY=/tmp/x509up_u1012', '/usr/bin/gsissh', '-t', '-o', 'IdentityFile=/home/george/.ssh/id_rsa', '-o', 'Port=2222', '-o', 'ControlMaster=auto', '-o', 'ControlPath=/tmp/saga_ssh_george_%h_%p.ctrl', '-o', 'TCPKeepAlive=no', '-o', 'ServerAliveInterval=10', '-o', 'ServerAliveCountMax=20', '-o', 'ConnectTimeout=10', 'supermic.cct-lsu.xsede.org']
2018-03-28 23:34:45,857: radical.saga.pty    : pmgr.0000.launching.0           : MainThread     : DEBUG   : running command shell: exec /bin/sh -i
2018-03-28 23:34:45,857: radical.saga.pty    : pmgr.0000.launching.0           : MainThread     : DEBUG   : write: [  154] [   30] ( stty -echo ; exec /bin/sh -i\n)
2018-03-28 23:34:45,857: radical.saga.pty    : pmgr.0000.launching.0           : MainThread     : DEBUG   :  ===     1 : <saga.utils.pty_process.PTYProcess object at 0x7f23a8034390> : run async :  set HISTFILE=$HOME/.saga_history; PS1='PROMPT-$?->'; PS2=''; PROMPT_COMMAND=''; export PS1 PS2 PROMPT_COMMAND 2>&1 >/dev/null; cd $HOME 2>&1 >/dev/null

2018-03-28 23:34:45,858: radical.saga.pty    : pmgr.0000.launching.0           : MainThread     : DEBUG   : flush: [  154] [     ] (flush pty read cache)
2018-03-28 23:34:45,858: radical.saga.pty    : pmgr.0000.launching.0           : MainThread     : WARNING : flush: [  154] [ 1250] (discard data: '
SuperMIC at LSU (Open for general use) 

23-Sep-2014

SuperMIC is a 1.08 PetaFlop Peak Performance Xeon Phi accelerated cluster.  SuperMIC
has 360 nodes each with 20 Intel Ivybridge 2.8 GHz cores, 64 GB of RAM, and two 
Intel Xeon Phi 7120P co-processors. There are 20 nodes that have NVIDIA K20X GPUs.
This cluster is 40% allocated to the XSEDE user community an 60% dedicated to
authorized users of the LSU community.  Access is restricted to those who meet 
the criteria as stated on our website.

Quotas for the /home volume are enabled at 5 GB.  Please do
not use the /home volume for batch job I/O, use the /work volume 
instead.  Please limit the number of files per directory to 10,000.
No disk GB quotas are in effect for the /work volume, but files are purged that 
are older than 60 days.  There are quotas on file counts.  Manage your files,
but it is against our policy to blatantly circumvent the purge procedure.  
Misconfigured jobs that are wasting CPU resources are subject to deletion.

********************************************************************************
Allocations are required.  Using the -A qsub option to specify your allocation.
********************************************************************************

')
2018-03-28 23:34:45,960: radical.saga.pty    : pmgr.0000.launching.0           : MainThread     : DEBUG   : write: [  154] [  152] (set HISTFILE=$HOME/.saga_history; PS1='PROMPT-$?->'; PS2=''; PROMPT_COMMAND=''; export PS1 PS2 PROMPT_COMMAND 2>&1 >/dev/null; cd $HOME 2>&1 >/dev/null\n)
2018-03-28 23:34:46,562: radical.saga.pty    : pmgr.0000.launching.0           : MainThread     : DEBUG   : read : [  154] [   21] ([gchantzi@smic1 ~]$ $)
2018-03-28 23:34:46,576: radical.saga.pty    : pmgr.0000.launching.0           : MainThread     : DEBUG   : read : [  154] [   11] ($PROMPT-0->)
2018-03-28 23:34:46,576: radical.saga.pty    : pmgr.0000.launching.0           : MainThread     : DEBUG   : got new shell prompt
2018-03-28 23:34:46,576: radical.saga.pty    : pmgr.0000.launching.0           : MainThread     : DEBUG   : flush: [  154] [     ] (flush pty read cache)
2018-03-28 23:34:46,677: radical.saga.pty    : pmgr.0000.launching.0           : MainThread     : DEBUG   :  ===     1 : <saga.utils.pty_process.PTYProcess object at 0x7f23a8034390> : run sync  :  echo "WORKDIR: /work/$USER"
2018-03-28 23:34:46,678: radical.saga.pty    : pmgr.0000.launching.0           : MainThread     : DEBUG   : flush: [  154] [     ] (flush pty read cache)
2018-03-28 23:34:46,779: radical.saga.pty    : pmgr.0000.launching.0           : MainThread     : DEBUG   : run_sync: echo "WORKDIR: /work/$USER"
2018-03-28 23:34:46,779: radical.saga.pty    : pmgr.0000.launching.0           : MainThread     : DEBUG   : write: [  154] [   28] (echo "WORKDIR: /work/$USER"\n)
2018-03-28 23:34:46,924: radical.saga.pty    : pmgr.0000.launching.0           : MainThread     : DEBUG   : read : [  154] [   35] (WORKDIR: /work/gchantzi\nPROMPT-0->)
2018-03-28 23:34:46,924: radical.saga.pty    : pmgr.0000.launching.0           : MainThread     : DEBUG   : PTYShell del  <saga.utils.pty_shell.PTYShell object at 0x7f23a9084790>
2018-03-28 23:34:47,025: radical.saga.pty    : pmgr.0000.launching.0           : MainThread     : DEBUG   : PTYProcess del  <saga.utils.pty_process.PTYProcess object at 0x7f23a8034390>
2018-03-28 23:34:47,088: radical.saga.pty    : pmgr.0000.launching.0           : MainThread     : DEBUG   : PTYProcess init <saga.utils.pty_process.PTYProcess object at 0x7f23a9e5d810>
2018-03-28 23:34:47,089: radical.saga.pty    : pmgr.0000.launching.0           : MainThread     : INFO    : running: /usr/bin/env TERM=vt100 X509_USER_PROXY=/tmp/x509up_u1012 /usr/bin/gsissh -t -o IdentityFile=/home/george/.ssh/id_rsa -o Port=2222 -o ControlMaster=auto -o ControlPath=/tmp/saga_ssh_george_%h_%p.ctrl -o TCPKeepAlive=no -o ServerAliveInterval=10 -o ServerAliveCountMax=20 -o ConnectTimeout=10 supermic.cct-lsu.xsede.org
2018-03-28 23:34:47,091: radical.saga.pty    : pmgr.0000.launching.0           : MainThread     : DEBUG   : write: [  154] [   51] ( export PROMPT_COMMAND='' PS1='$' ; set prompt='$'\n)
2018-03-28 23:34:47,385: radical.saga.pty    : pmgr.0000.launching.0           : MainThread     : DEBUG   : read : [  154] [ 1569] (Last login: Wed Mar 28 16:34:4 ... **************************\n\n)
2018-03-28 23:34:47,388: radical.saga.pty    : pmgr.0000.launching.0           : MainThread     : DEBUG   : got initial shell prompt (6) (Last login: Wed Mar 28 16:34:45 2018 from 144.76.72.175
##############################################################################)
2018-03-28 23:34:47,388: radical.saga.pty    : pmgr.0000.launching.0           : MainThread     : DEBUG   : Got initial shell prompt (6) (Last login: Wed Mar 28 16:34:45 2018 from 144.76.72.175
##############################################################################)
2018-03-28 23:34:47,388: radical.saga.pty    : pmgr.0000.launching.0           : MainThread     : DEBUG   : write: [  154] [   30] ( stty -echo ; exec /bin/sh -i\n)
2018-03-28 23:34:47,388: radical.saga.pty    : pmgr.0000.launching.0           : MainThread     : DEBUG   : flush: [  154] [     ] (flush pty read cache)
2018-03-28 23:34:47,388: radical.saga.pty    : pmgr.0000.launching.0           : MainThread     : WARNING : flush: [  154] [ 1250] (discard data: '
SuperMIC at LSU (Open for general use) 

23-Sep-2014

SuperMIC is a 1.08 PetaFlop Peak Performance Xeon Phi accelerated cluster.  SuperMIC
has 360 nodes each with 20 Intel Ivybridge 2.8 GHz cores, 64 GB of RAM, and two 
Intel Xeon Phi 7120P co-processors. There are 20 nodes that have NVIDIA K20X GPUs.
This cluster is 40% allocated to the XSEDE user community an 60% dedicated to
authorized users of the LSU community.  Access is restricted to those who meet 
the criteria as stated on our website.

Quotas for the /home volume are enabled at 5 GB.  Please do
not use the /home volume for batch job I/O, use the /work volume 
instead.  Please limit the number of files per directory to 10,000.
No disk GB quotas are in effect for the /work volume, but files are purged that 
are older than 60 days.  There are quotas on file counts.  Manage your files,
but it is against our policy to blatantly circumvent the purge procedure.  
Misconfigured jobs that are wasting CPU resources are subject to deletion.

********************************************************************************
Allocations are required.  Using the -A qsub option to specify your allocation.
********************************************************************************

')
2018-03-28 23:34:47,490: radical.saga.pty    : pmgr.0000.launching.0           : MainThread     : DEBUG   : write: [  154] [  152] (set HISTFILE=$HOME/.saga_history; PS1='PROMPT-$?->'; PS2=''; PROMPT_COMMAND=''; export PS1 PS2 PROMPT_COMMAND 2>&1 >/dev/null; cd $HOME 2>&1 >/dev/null\n)
2018-03-28 23:34:48,086: radical.saga.pty    : pmgr.0000.launching.0           : MainThread     : DEBUG   : read : [  154] [   21] ([gchantzi@smic1 ~]$ $)
2018-03-28 23:34:48,099: radical.saga.pty    : pmgr.0000.launching.0           : MainThread     : DEBUG   : read : [  154] [    1] ($)
2018-03-28 23:34:48,100: radical.saga.pty    : pmgr.0000.launching.0           : MainThread     : DEBUG   : read : [  154] [   10] (PROMPT-0->)
2018-03-28 23:34:48,100: radical.saga.pty    : pmgr.0000.launching.0           : MainThread     : DEBUG   : flush: [  154] [     ] (flush pty read cache)
2018-03-28 23:34:48,202: radical.saga.pty    : pmgr.0000.launching.0           : MainThread     : DEBUG   : flush: [  154] [     ] (flush pty read cache)
2018-03-28 23:34:48,303: radical.saga.pty    : pmgr.0000.launching.0           : MainThread     : DEBUG   : write: [  154] [   32] (cd / &&  test -d  '/' && cd '/'\n)
2018-03-28 23:34:48,447: radical.saga.pty    : pmgr.0000.launching.0           : MainThread     : DEBUG   : read : [  154] [   10] (PROMPT-0->)
2018-03-28 23:34:48,449: radical.saga.pty    : pmgr.0000.launching.0           : MainThread     : DEBUG   : flush: [  154] [     ] (flush pty read cache)
2018-03-28 23:34:48,550: radical.saga.pty    : pmgr.0000.launching.0           : MainThread     : DEBUG   : write: [  154] [  106] (mkdir -p / && cd / &&  mkdir -p '/work/gchantzi/radical.pilot.sandbox/rp.session.one.george.017618.0004/'\n)
2018-03-28 23:34:48,704: radical.saga.pty    : pmgr.0000.launching.0           : MainThread     : DEBUG   : read : [  154] [   10] (PROMPT-0->)
2018-03-28 23:34:48,705: radical.saga.pty    : pmgr.0000.launching.0           : MainThread     : DEBUG   : flush: [  154] [     ] (flush pty read cache)
2018-03-28 23:34:48,806: radical.saga.pty    : pmgr.0000.launching.0           : MainThread     : DEBUG   : PTYProcess init <saga.utils.pty_process.PTYProcess object at 0x7f23a0150610>
2018-03-28 23:34:48,807: radical.saga.pty    : pmgr.0000.launching.0           : MainThread     : INFO    : running: /usr/bin/env TERM=vt100 X509_USER_PROXY=/tmp/x509up_u1012 /usr/bin/gsisftp -o IdentityFile=/home/george/.ssh/id_rsa -o Port=2222 -o ControlMaster=auto -o ControlPath=/tmp/saga_ssh_george_%h_%p.ctrl -o TCPKeepAlive=no -o ServerAliveInterval=10 -o ServerAliveCountMax=20 -o ConnectTimeout=10 supermic.cct-lsu.xsede.org
2018-03-28 23:34:49,763: radical.saga.pty    : pmgr.0000.launching.0           : MainThread     : DEBUG   : read : [  155] [   42] (Connected to supermic.cct-lsu.xsede.org.\n)
2018-03-28 23:34:49,906: radical.saga.pty    : pmgr.0000.launching.0           : MainThread     : DEBUG   : read : [  155] [    6] (sftp> )
2018-03-28 23:34:49,906: radical.saga.pty    : pmgr.0000.launching.0           : MainThread     : DEBUG   : got initial shell prompt (6) (Connected to supermic.cct-lsu.xsede.org.
sftp> )
2018-03-28 23:34:49,906: radical.saga.pty    : pmgr.0000.launching.0           : MainThread     : DEBUG   : Got initial shell prompt (6) (Connected to supermic.cct-lsu.xsede.org.
sftp> )
2018-03-28 23:34:49,906: radical.saga.pty    : pmgr.0000.launching.0           : MainThread     : DEBUG   : flush: [  155] [     ] (flush pty read cache)
2018-03-28 23:34:50,008: radical.saga.pty    : pmgr.0000.launching.0           : MainThread     : DEBUG   : flush: [  155] [     ] (flush pty read cache)
2018-03-28 23:34:50,109: radical.saga.pty    : pmgr.0000.launching.0           : MainThread     : DEBUG   : write: [  155] [  241] (mput "//tmp/rp_agent_tar_diry7UW7T/rp.session.one.george.017618.0004.pmgr.0000.launching.0.child.tgz" "/work/gchantzi/radical.pilot.sandbox/rp.session.one.george.017618.0004/rp.session.one.george.017618.0004.pmgr.0000.launching.0.child.tgz"\n)
2018-03-28 23:34:50,109: radical.saga.pty    : pmgr.0000.launching.0           : MainThread     : DEBUG   : read : [  155] [   13] (mput "//tmp/r)
2018-03-28 23:34:50,110: radical.saga.pty    : pmgr.0000.launching.0           : MainThread     : DEBUG   : read : [  155] [  121] (p_agent_tar_diry7UW7T/rp.session.one.george.017618.0004.pmgr. 0000.launching.0.child.tgz" "/work/gchantzi/radical.pilot.)
2018-03-28 23:34:50,110: radical.saga.pty    : pmgr.0000.launching.0           : MainThread     : DEBUG   : read : [  155] [   44] (sandbox/rp.session.one .george.017618.0004/)
2018-03-28 23:34:50,110: radical.saga.pty    : pmgr.0000.launching.0           : MainThread     : DEBUG   : read : [  155] [   37] (rp.session.one.george.017618.0004.pmg)
2018-03-28 23:34:50,110: radical.saga.pty    : pmgr.0000.launching.0           : MainThread     : DEBUG   : read : [  155] [   33] (r.0000.launching.0.chil d.tgz"\n)
2018-03-28 23:34:50,254: radical.saga.pty    : pmgr.0000.launching.0           : MainThread     : DEBUG   : read : [  155] [  246] (Uploading //tmp/rp_agent_tar_diry7UW7T/rp.session.one.george.017618.0004.pmgr.0000.launching.0.child.tgz to /work/gchantzi/radical.pilot.sandbox/rp.session.one.george.017618.0004/rp.session.one.george.017618.0004.pmgr.0000.launching.0.child.tgz\n)
2018-03-28 23:34:50,397: radical.saga.pty    : pmgr.0000.launching.0           : MainThread     : DEBUG   : read : [  155] [   79] (//tmp/rp_agent_tar_diry7UW7T/rp.ses   0%    0     0.0KB/s   0.0KB/s   --:-- ETA)
2018-03-28 23:34:51,397: radical.saga.pty    : pmgr.0000.launching.0           : MainThread     : DEBUG   : read : [  155] [   79] (//tmp/rp_agent_tar_diry7UW7T/rp.ses   3%   32KB  32.0KB/s  32.0KB/s   00:30 ETA)
2018-03-28 23:34:52,397: radical.saga.pty    : pmgr.0000.launching.0           : MainThread     : DEBUG   : read : [  155] [   79] (//tmp/rp_agent_tar_diry7UW7T/rp.ses   3%   32KB  28.8KB/s   0.0KB/s   00:33 ETA)
2018-03-28 23:34:53,397: radical.saga.pty    : pmgr.0000.launching.0           : MainThread     : DEBUG   : read : [  155] [   79] (//tmp/rp_agent_tar_diry7UW7T/rp.ses  41%  416KB  64.3KB/s 384.0KB/s   00:09 ETA)
2018-03-28 23:34:54,397: radical.saga.pty    : pmgr.0000.launching.0           : MainThread     : DEBUG   : read : [  155] [   79] (//tmp/rp_agent_tar_diry7UW7T/rp.ses  69%  704KB  86.7KB/s 288.0KB/s   00:03 ETA)
2018-03-28 23:34:55,170: radical.saga.pty    : pmgr.0000.launching.0           : MainThread     : DEBUG   : read : [  155] [   81] (//tmp/rp_agent_tar_diry7UW7T/rp.ses 100% 1011KB 211.7KB/s 384.0KB/s   00:04    \n)
2018-03-28 23:34:55,313: radical.saga.pty    : pmgr.0000.launching.0           : MainThread     : DEBUG   : read : [  155] [    6] (sftp> )
2018-03-28 23:34:55,313: radical.saga.pty    : pmgr.0000.launching.0           : MainThread     : DEBUG   : copy done: ['mput', 'Uploading', '//tmp/rp_agent_tar_diry7UW7T/rp.ses', 'sftp>']
2018-03-28 23:34:55,329: radical.saga.pty    : pmgr.0000.launching.0           : MainThread     : DEBUG   : PTYProcess init <saga.utils.pty_process.PTYProcess object at 0x7f23a9e092d0>
2018-03-28 23:34:55,329: radical.saga.pty    : pmgr.0000.launching.0           : MainThread     : INFO    : running: /usr/bin/env TERM=vt100 X509_USER_PROXY=/tmp/x509up_u1012 /usr/bin/gsissh -t -o IdentityFile=/home/george/.ssh/id_rsa -o Port=2222 -o ControlMaster=auto -o ControlPath=/tmp/saga_ssh_george_%h_%p.ctrl -o TCPKeepAlive=no -o ServerAliveInterval=10 -o ServerAliveCountMax=20 -o ConnectTimeout=10 supermic.cct-lsu.xsede.org
2018-03-28 23:34:55,330: radical.saga.pty    : pmgr.0000.launching.0           : MainThread     : DEBUG   : write: [  156] [   51] ( export PROMPT_COMMAND='' PS1='$' ; set prompt='$'\n)
2018-03-28 23:34:55,625: radical.saga.pty    : pmgr.0000.launching.0           : MainThread     : DEBUG   : read : [  156] [ 1569] (Last login: Wed Mar 28 16:34:4 ... **************************\n\n)
2018-03-28 23:34:55,628: radical.saga.pty    : pmgr.0000.launching.0           : MainThread     : DEBUG   : got initial shell prompt (6) (Last login: Wed Mar 28 16:34:47 2018 from 144.76.72.175
##############################################################################)
2018-03-28 23:34:55,628: radical.saga.pty    : pmgr.0000.launching.0           : MainThread     : DEBUG   : Got initial shell prompt (6) (Last login: Wed Mar 28 16:34:47 2018 from 144.76.72.175
##############################################################################)
2018-03-28 23:34:55,628: radical.saga.pty    : pmgr.0000.launching.0           : MainThread     : DEBUG   : write: [  156] [   30] ( stty -echo ; exec /bin/sh -i\n)
2018-03-28 23:34:55,628: radical.saga.pty    : pmgr.0000.launching.0           : MainThread     : DEBUG   : flush: [  156] [     ] (flush pty read cache)
2018-03-28 23:34:55,629: radical.saga.pty    : pmgr.0000.launching.0           : MainThread     : WARNING : flush: [  156] [ 1250] (discard data: '
SuperMIC at LSU (Open for general use) 

23-Sep-2014

SuperMIC is a 1.08 PetaFlop Peak Performance Xeon Phi accelerated cluster.  SuperMIC
has 360 nodes each with 20 Intel Ivybridge 2.8 GHz cores, 64 GB of RAM, and two 
Intel Xeon Phi 7120P co-processors. There are 20 nodes that have NVIDIA K20X GPUs.
This cluster is 40% allocated to the XSEDE user community an 60% dedicated to
authorized users of the LSU community.  Access is restricted to those who meet 
the criteria as stated on our website.

Quotas for the /home volume are enabled at 5 GB.  Please do
not use the /home volume for batch job I/O, use the /work volume 
instead.  Please limit the number of files per directory to 10,000.
No disk GB quotas are in effect for the /work volume, but files are purged that 
are older than 60 days.  There are quotas on file counts.  Manage your files,
but it is against our policy to blatantly circumvent the purge procedure.  
Misconfigured jobs that are wasting CPU resources are subject to deletion.

********************************************************************************
Allocations are required.  Using the -A qsub option to specify your allocation.
********************************************************************************

')
2018-03-28 23:34:55,730: radical.saga.pty    : pmgr.0000.launching.0           : MainThread     : DEBUG   : write: [  156] [  152] (set HISTFILE=$HOME/.saga_history; PS1='PROMPT-$?->'; PS2=''; PROMPT_COMMAND=''; export PS1 PS2 PROMPT_COMMAND 2>&1 >/dev/null; cd $HOME 2>&1 >/dev/null\n)
2018-03-28 23:34:56,330: radical.saga.pty    : pmgr.0000.launching.0           : MainThread     : DEBUG   : read : [  156] [   21] ([gchantzi@smic1 ~]$ $)
2018-03-28 23:34:56,343: radical.saga.pty    : pmgr.0000.launching.0           : MainThread     : DEBUG   : read : [  156] [    1] ($)
2018-03-28 23:34:56,344: radical.saga.pty    : pmgr.0000.launching.0           : MainThread     : DEBUG   : read : [  156] [   10] (PROMPT-0->)
2018-03-28 23:34:56,344: radical.saga.pty    : pmgr.0000.launching.0           : MainThread     : DEBUG   : flush: [  156] [     ] (flush pty read cache)
2018-03-28 23:34:56,448: radical.saga.pty    : pmgr.0000.launching.0           : MainThread     : DEBUG   : PTYProcess init <saga.utils.pty_process.PTYProcess object at 0x7f23a9e09310>
2018-03-28 23:34:56,449: radical.saga.pty    : pmgr.0000.launching.0           : MainThread     : INFO    : running: /usr/bin/env TERM=vt100 X509_USER_PROXY=/tmp/x509up_u1012 /usr/bin/gsissh -t -o IdentityFile=/home/george/.ssh/id_rsa -o Port=2222 -o ControlMaster=auto -o ControlPath=/tmp/saga_ssh_george_%h_%p.ctrl -o TCPKeepAlive=no -o ServerAliveInterval=10 -o ServerAliveCountMax=20 -o ConnectTimeout=10 supermic.cct-lsu.xsede.org
2018-03-28 23:34:56,452: radical.saga.pty    : pmgr.0000.launching.0           : MainThread     : DEBUG   : write: [  157] [   51] ( export PROMPT_COMMAND='' PS1='$' ; set prompt='$'\n)
2018-03-28 23:34:56,747: radical.saga.pty    : pmgr.0000.launching.0           : MainThread     : DEBUG   : read : [  157] [ 1569] (Last login: Wed Mar 28 16:34:5 ... **************************\n\n)
2018-03-28 23:34:56,750: radical.saga.pty    : pmgr.0000.launching.0           : MainThread     : DEBUG   : got initial shell prompt (6) (Last login: Wed Mar 28 16:34:55 2018 from 144.76.72.175
##############################################################################)
2018-03-28 23:34:56,750: radical.saga.pty    : pmgr.0000.launching.0           : MainThread     : DEBUG   : Got initial shell prompt (6) (Last login: Wed Mar 28 16:34:55 2018 from 144.76.72.175
##############################################################################)
2018-03-28 23:34:56,751: radical.saga.pty    : pmgr.0000.launching.0           : MainThread     : DEBUG   : write: [  157] [   30] ( stty -echo ; exec /bin/sh -i\n)
2018-03-28 23:34:56,751: radical.saga.pty    : pmgr.0000.launching.0           : MainThread     : DEBUG   : flush: [  157] [     ] (flush pty read cache)
2018-03-28 23:34:56,751: radical.saga.pty    : pmgr.0000.launching.0           : MainThread     : WARNING : flush: [  157] [ 1250] (discard data: '
SuperMIC at LSU (Open for general use) 

23-Sep-2014

SuperMIC is a 1.08 PetaFlop Peak Performance Xeon Phi accelerated cluster.  SuperMIC
has 360 nodes each with 20 Intel Ivybridge 2.8 GHz cores, 64 GB of RAM, and two 
Intel Xeon Phi 7120P co-processors. There are 20 nodes that have NVIDIA K20X GPUs.
This cluster is 40% allocated to the XSEDE user community an 60% dedicated to
authorized users of the LSU community.  Access is restricted to those who meet 
the criteria as stated on our website.

Quotas for the /home volume are enabled at 5 GB.  Please do
not use the /home volume for batch job I/O, use the /work volume 
instead.  Please limit the number of files per directory to 10,000.
No disk GB quotas are in effect for the /work volume, but files are purged that 
are older than 60 days.  There are quotas on file counts.  Manage your files,
but it is against our policy to blatantly circumvent the purge procedure.  
Misconfigured jobs that are wasting CPU resources are subject to deletion.

********************************************************************************
Allocations are required.  Using the -A qsub option to specify your allocation.
********************************************************************************

')
2018-03-28 23:34:56,852: radical.saga.pty    : pmgr.0000.launching.0           : MainThread     : DEBUG   : write: [  157] [  152] (set HISTFILE=$HOME/.saga_history; PS1='PROMPT-$?->'; PS2=''; PROMPT_COMMAND=''; export PS1 PS2 PROMPT_COMMAND 2>&1 >/dev/null; cd $HOME 2>&1 >/dev/null\n)
2018-03-28 23:34:57,452: radical.saga.pty    : pmgr.0000.launching.0           : MainThread     : DEBUG   : read : [  157] [   20] ([gchantzi@smic1 ~]$ )
2018-03-28 23:34:57,453: radical.saga.pty    : pmgr.0000.launching.0           : MainThread     : DEBUG   : read : [  157] [    1] ($)
2018-03-28 23:34:57,466: radical.saga.pty    : pmgr.0000.launching.0           : MainThread     : DEBUG   : read : [  157] [    1] ($)
2018-03-28 23:34:57,467: radical.saga.pty    : pmgr.0000.launching.0           : MainThread     : DEBUG   : read : [  157] [   10] (PROMPT-0->)
2018-03-28 23:34:57,467: radical.saga.pty    : pmgr.0000.launching.0           : MainThread     : DEBUG   : flush: [  157] [     ] (flush pty read cache)
2018-03-28 23:34:57,569: radical.saga.pty    : pmgr.0000.launching.0           : MainThread     : DEBUG   : flush: [  156] [     ] (flush pty read cache)
2018-03-28 23:34:57,670: radical.saga.pty    : pmgr.0000.launching.0           : MainThread     : DEBUG   : write: [  156] [   35] (mkdir -p .saga/adaptors/shell_job/\n)
2018-03-28 23:34:57,818: radical.saga.pty    : pmgr.0000.launching.0           : MainThread     : DEBUG   : read : [  156] [   10] (PROMPT-0->)
2018-03-28 23:34:57,818: radical.saga.pty    : pmgr.0000.launching.0           : MainThread     : DEBUG   : flush: [  156] [     ] (flush pty read cache)
2018-03-28 23:34:57,920: radical.saga.pty    : pmgr.0000.launching.0           : MainThread     : DEBUG   : write: [  156] [   45] (test -f .saga/adaptors/shell_job//wrapper.sh\n)
2018-03-28 23:34:58,064: radical.saga.pty    : pmgr.0000.launching.0           : MainThread     : DEBUG   : read : [  156] [   10] (PROMPT-0->)
2018-03-28 23:34:58,064: radical.saga.pty    : pmgr.0000.launching.0           : MainThread     : DEBUG   : flush: [  156] [     ] (flush pty read cache)
2018-03-28 23:34:58,166: radical.saga.pty    : pmgr.0000.launching.0           : MainThread     : DEBUG   : write: [  156] [   71] (/bin/sh .saga/adaptors/shell_job//wrapper.sh .saga/adaptors/shell_job/\n)
2018-03-28 23:34:58,325: radical.saga.pty    : pmgr.0000.launching.0           : MainThread     : DEBUG   : read : [  156] [   12] (PID: 25280\n)
2018-03-28 23:34:58,713: radical.saga.pty    : pmgr.0000.launching.0           : MainThread     : DEBUG   : read : [  156] [   12] (PROMPT-0->\n)
2018-03-28 23:34:58,714: radical.saga.pty    : pmgr.0000.launching.0           : MainThread     : DEBUG   : flush: [  157] [     ] (flush pty read cache)
2018-03-28 23:34:58,815: radical.saga.pty    : pmgr.0000.launching.0           : MainThread     : DEBUG   : write: [  157] [   71] (/bin/sh .saga/adaptors/shell_job//wrapper.sh .saga/adaptors/shell_job/\n)
2018-03-28 23:34:58,973: radical.saga.pty    : pmgr.0000.launching.0           : MainThread     : DEBUG   : read : [  157] [   12] (PID: 25422\n)
2018-03-28 23:34:59,362: radical.saga.pty    : pmgr.0000.launching.0           : MainThread     : DEBUG   : read : [  157] [   12] (PROMPT-0->\n)
2018-03-28 23:34:59,365: radical.saga.pty    : pmgr.0000.launching.0           : Thread-1       : DEBUG   : flush: [  157] [     ] (flush pty read cache)
2018-03-28 23:34:59,365: radical.saga.pty    : pmgr.0000.launching.0           : Thread-1       : WARNING : flush: [  157] [    1] (discard data: '
')
2018-03-28 23:34:59,369: radical.saga.pty    : pmgr.0000.launching.0           : MainThread     : DEBUG   : flush: [  156] [     ] (flush pty read cache)
2018-03-28 23:34:59,369: radical.saga.pty    : pmgr.0000.launching.0           : MainThread     : WARNING : flush: [  156] [    1] (discard data: '
')
2018-03-28 23:34:59,466: radical.saga.pty    : pmgr.0000.launching.0           : Thread-1       : DEBUG   : write: [  157] [    8] (MONITOR\n)
2018-03-28 23:34:59,471: radical.saga.pty    : pmgr.0000.launching.0           : MainThread     : DEBUG   : write: [  156] [  250] (RUN true && ( /bin/sh -c 'tar zmxvf /work/gchantzi/radical.pilot.sandbox/rp.session.one.george.017618.0004/rp.session.one.george.017618.0004.pmgr.0000.launching.0.child.tgz -C /work/gchantzi/radical.pilot.sandbox/rp.session.one.george.017618.0004' )\n)
2018-03-28 23:34:59,617: radical.saga.pty    : pmgr.0000.launching.0           : Thread-1       : DEBUG   : read : [  157] [ 1778] (48942.0:RUNNING: \n48942.0:DON ... :RUNNING: \n5473.0:DONE:0   \n)
2018-03-28 23:34:59,643: radical.saga.pty    : pmgr.0000.launching.0           : MainThread     : DEBUG   : read : [  156] [   10] (RUNNING \n)
2018-03-28 23:34:59,645: radical.saga.pty    : pmgr.0000.launching.0           : MainThread     : DEBUG   : read : [  156] [   13] (OK\n25568.0\n)
2018-03-28 23:34:59,647: radical.saga.pty    : pmgr.0000.launching.0           : MainThread     : DEBUG   : read : [  156] [   12] (PROMPT-0->\n)
2018-03-28 23:34:59,647: radical.saga.pty    : pmgr.0000.launching.0           : MainThread     : DEBUG   : flush: [  156] [     ] (flush pty read cache)
2018-03-28 23:34:59,648: radical.saga.pty    : pmgr.0000.launching.0           : MainThread     : WARNING : flush: [  156] [    1] (discard data: '
')
2018-03-28 23:34:59,749: radical.saga.pty    : pmgr.0000.launching.0           : MainThread     : DEBUG   : write: [  156] [   14] (STATS 25568.0\n)
2018-03-28 23:34:59,910: radical.saga.pty    : pmgr.0000.launching.0           : MainThread     : DEBUG   : read : [  156] [  124] (OK\nSTATE : DONE\n\nSTART  : 1522272899\nSTOP   : 1522272899\n\nSTART_STDERR\n\nEND_STDERR\n\nSTART_STDOUT\n\nEND_STDOUT\n\n)
2018-03-28 23:34:59,912: radical.saga.pty    : pmgr.0000.launching.0           : MainThread     : DEBUG   : read : [  156] [   12] (PROMPT-0->\n)
2018-03-28 23:34:59,913: radical.saga.pty    : pmgr.0000.launching.0           : MainThread     : DEBUG   : flush: [  156] [     ] (flush pty read cache)
2018-03-28 23:34:59,913: radical.saga.pty    : pmgr.0000.launching.0           : MainThread     : WARNING : flush: [  156] [    1] (discard data: '
')
2018-03-28 23:35:00,014: radical.saga.pty    : pmgr.0000.launching.0           : MainThread     : DEBUG   : write: [  156] [   15] (STDOUT 25568.0\n)
2018-03-28 23:35:00,166: radical.saga.pty    : pmgr.0000.launching.0           : MainThread     : DEBUG   : read : [  156] [  482] (OK\n626f6f7473747261705f302e73680a70696c6f742e303030302f0a70696c6f742e303030302f70696c6f742e303030302e6c6f672e74677a0a70696c6f742e303030302f6167656e745f302e6366670a70696c6f742e303030302f70696c6f742e303030302e70726f662e74677a0a7261646963616c2e70696c6f742d302e34372d302e34372d31342d6762316466663862642d646576656c2e7461722e677a0a7261646963616c2e7574696c732d302e34372e312e7461722e677a0a736167612d707974686f6e2d302e34372d76302e34362d34382d6735383235663162302d646576656c2e7461722e677a0a\n)
2018-03-28 23:35:00,168: radical.saga.pty    : pmgr.0000.launching.0           : MainThread     : DEBUG   : read : [  156] [   12] (PROMPT-0->\n)
2018-03-28 23:35:00,169: radical.saga.pty    : pmgr.0000.launching.0           : MainThread     : DEBUG   : flush: [  156] [     ] (flush pty read cache)
2018-03-28 23:35:00,169: radical.saga.pty    : pmgr.0000.launching.0           : MainThread     : WARNING : flush: [  156] [    1] (discard data: '
')
2018-03-28 23:35:00,270: radical.saga.pty    : pmgr.0000.launching.0           : MainThread     : DEBUG   : write: [  156] [   15] (STDERR 25568.0\n)
2018-03-28 23:35:00,421: radical.saga.pty    : pmgr.0000.launching.0           : MainThread     : DEBUG   : read : [  156] [    6] (OK\n\n)
2018-03-28 23:35:00,423: radical.saga.pty    : pmgr.0000.launching.0           : MainThread     : DEBUG   : read : [  156] [   12] (PROMPT-0->\n)
2018-03-28 23:35:00,437: radical.saga.pty    : pmgr.0000.launching.0           : MainThread     : DEBUG   : PTYShell init <saga.utils.pty_shell.PTYShell object at 0x7f23a0182e90>
2018-03-28 23:35:00,438: radical.saga.pty    : pmgr.0000.launching.0           : MainThread     : INFO    : PTY prompt pattern: [\$#%>\]]\s*$
2018-03-28 23:35:00,438: radical.saga.pty    : pmgr.0000.launching.0           : MainThread     : INFO    : ssh copy  mode set to 'sftp'
2018-03-28 23:35:00,438: radical.saga.pty    : pmgr.0000.launching.0           : MainThread     : INFO    : ssh share mode set to 'auto'
2018-03-28 23:35:00,439: radical.saga.pty    : pmgr.0000.launching.0           : MainThread     : INFO    : ssh timeout    set to '10.0'
2018-03-28 23:35:00,439: radical.saga.pty    : pmgr.0000.launching.0           : MainThread     : DEBUG   : SSH Connection M_FLAGS: -o ControlMaster=auto -o ControlPath=/tmp/saga_ssh_george_%h_%p.ctrl -o TCPKeepAlive=no  -o ServerAliveInterval=10 -o ServerAliveCountMax=20 -o ConnectTimeout=10
2018-03-28 23:35:00,439: radical.saga.pty    : pmgr.0000.launching.0           : MainThread     : DEBUG   : SSH Connection S_FLAGS: -o ControlMaster=auto -o ControlPath=/tmp/saga_ssh_george_%h_%p.ctrl -o TCPKeepAlive=no  -o ServerAliveInterval=10 -o ServerAliveCountMax=20 -o ConnectTimeout=10
2018-03-28 23:35:00,439: radical.saga.pty    : pmgr.0000.launching.0           : MainThread     : DEBUG   : PTYProcess init <saga.utils.pty_process.PTYProcess object at 0x7f23a9e1bb10>
2018-03-28 23:35:00,440: radical.saga.pty    : pmgr.0000.launching.0           : MainThread     : INFO    : running: /usr/bin/env TERM=vt100 X509_USER_PROXY=/tmp/x509up_u1012 /usr/bin/gsissh -t -o IdentityFile=/home/george/.ssh/id_rsa -o Port=2222 -o ControlMaster=auto -o ControlPath=/tmp/saga_ssh_george_%h_%p.ctrl -o TCPKeepAlive=no -o ServerAliveInterval=10 -o ServerAliveCountMax=20 -o ConnectTimeout=10 supermic.cct-lsu.xsede.org
2018-03-28 23:35:00,441: radical.saga.pty    : pmgr.0000.launching.0           : MainThread     : DEBUG   : write: [  158] [   51] ( export PROMPT_COMMAND='' PS1='$' ; set prompt='$'\n)
2018-03-28 23:35:00,618: radical.saga.pty    : pmgr.0000.launching.0           : Thread-1       : DEBUG   : read : [  157] [   38] (25568.0:RUNNING: \n25568.0:DONE:0   \n)
2018-03-28 23:35:00,732: radical.saga.pty    : pmgr.0000.launching.0           : MainThread     : DEBUG   : read : [  158] [ 1569] (Last login: Wed Mar 28 16:34:5 ... **************************\n\n)
2018-03-28 23:35:00,735: radical.saga.pty    : pmgr.0000.launching.0           : MainThread     : DEBUG   : got initial shell prompt (6) (Last login: Wed Mar 28 16:34:56 2018 from 144.76.72.175
##############################################################################)
2018-03-28 23:35:00,735: radical.saga.pty    : pmgr.0000.launching.0           : MainThread     : DEBUG   : Got initial shell prompt (6) (Last login: Wed Mar 28 16:34:56 2018 from 144.76.72.175
##############################################################################)
2018-03-28 23:35:00,735: radical.saga.pty    : pmgr.0000.launching.0           : MainThread     : DEBUG   :  ===     5 : <saga.utils.pty_process.PTYProcess object at 0x7f23a9e1bb10> : init : ['/usr/bin/env', 'TERM=vt100', 'X509_USER_PROXY=/tmp/x509up_u1012', '/usr/bin/gsissh', '-t', '-o', 'IdentityFile=/home/george/.ssh/id_rsa', '-o', 'Port=2222', '-o', 'ControlMaster=auto', '-o', 'ControlPath=/tmp/saga_ssh_george_%h_%p.ctrl', '-o', 'TCPKeepAlive=no', '-o', 'ServerAliveInterval=10', '-o', 'ServerAliveCountMax=20', '-o', 'ConnectTimeout=10', 'supermic.cct-lsu.xsede.org']
2018-03-28 23:35:00,736: radical.saga.pty    : pmgr.0000.launching.0           : MainThread     : DEBUG   : running command shell: exec /bin/sh -i
2018-03-28 23:35:00,736: radical.saga.pty    : pmgr.0000.launching.0           : MainThread     : DEBUG   : write: [  158] [   30] ( stty -echo ; exec /bin/sh -i\n)
2018-03-28 23:35:00,736: radical.saga.pty    : pmgr.0000.launching.0           : MainThread     : DEBUG   :  ===     5 : <saga.utils.pty_process.PTYProcess object at 0x7f23a9e1bb10> : run async :  set HISTFILE=$HOME/.saga_history; PS1='PROMPT-$?->'; PS2=''; PROMPT_COMMAND=''; export PS1 PS2 PROMPT_COMMAND 2>&1 >/dev/null; cd $HOME 2>&1 >/dev/null

2018-03-28 23:35:00,736: radical.saga.pty    : pmgr.0000.launching.0           : MainThread     : DEBUG   : flush: [  158] [     ] (flush pty read cache)
2018-03-28 23:35:00,736: radical.saga.pty    : pmgr.0000.launching.0           : MainThread     : WARNING : flush: [  158] [ 1250] (discard data: '
SuperMIC at LSU (Open for general use) 

23-Sep-2014

SuperMIC is a 1.08 PetaFlop Peak Performance Xeon Phi accelerated cluster.  SuperMIC
has 360 nodes each with 20 Intel Ivybridge 2.8 GHz cores, 64 GB of RAM, and two 
Intel Xeon Phi 7120P co-processors. There are 20 nodes that have NVIDIA K20X GPUs.
This cluster is 40% allocated to the XSEDE user community an 60% dedicated to
authorized users of the LSU community.  Access is restricted to those who meet 
the criteria as stated on our website.

Quotas for the /home volume are enabled at 5 GB.  Please do
not use the /home volume for batch job I/O, use the /work volume 
instead.  Please limit the number of files per directory to 10,000.
No disk GB quotas are in effect for the /work volume, but files are purged that 
are older than 60 days.  There are quotas on file counts.  Manage your files,
but it is against our policy to blatantly circumvent the purge procedure.  
Misconfigured jobs that are wasting CPU resources are subject to deletion.

********************************************************************************
Allocations are required.  Using the -A qsub option to specify your allocation.
********************************************************************************

')
2018-03-28 23:35:00,837: radical.saga.pty    : pmgr.0000.launching.0           : MainThread     : DEBUG   : write: [  158] [  152] (set HISTFILE=$HOME/.saga_history; PS1='PROMPT-$?->'; PS2=''; PROMPT_COMMAND=''; export PS1 PS2 PROMPT_COMMAND 2>&1 >/dev/null; cd $HOME 2>&1 >/dev/null\n)
2018-03-28 23:35:01,448: radical.saga.pty    : pmgr.0000.launching.0           : MainThread     : DEBUG   : read : [  158] [   21] ([gchantzi@smic1 ~]$ $)
2018-03-28 23:35:01,461: radical.saga.pty    : pmgr.0000.launching.0           : MainThread     : DEBUG   : read : [  158] [    1] ($)
2018-03-28 23:35:01,462: radical.saga.pty    : pmgr.0000.launching.0           : MainThread     : DEBUG   : read : [  158] [   10] (PROMPT-0->)
2018-03-28 23:35:01,462: radical.saga.pty    : pmgr.0000.launching.0           : MainThread     : DEBUG   : got new shell prompt
2018-03-28 23:35:01,462: radical.saga.pty    : pmgr.0000.launching.0           : MainThread     : DEBUG   : flush: [  158] [     ] (flush pty read cache)
2018-03-28 23:35:01,563: radical.saga.pty    : pmgr.0000.launching.0           : MainThread     : DEBUG   :  ===     5 : <saga.utils.pty_process.PTYProcess object at 0x7f23a9e1bb10> : run sync  : qstat --version
2018-03-28 23:35:01,564: radical.saga.pty    : pmgr.0000.launching.0           : MainThread     : DEBUG   : flush: [  158] [     ] (flush pty read cache)
2018-03-28 23:35:01,665: radical.saga.pty    : pmgr.0000.launching.0           : MainThread     : DEBUG   : run_sync: qstat --version
2018-03-28 23:35:01,665: radical.saga.pty    : pmgr.0000.launching.0           : MainThread     : DEBUG   : write: [  158] [   16] (qstat --version\n)
2018-03-28 23:35:01,814: radical.saga.pty    : pmgr.0000.launching.0           : MainThread     : DEBUG   : read : [  158] [   26] (version: 3.0.6\nPROMPT-0->)
2018-03-28 23:35:01,814: radical.saga.pty    : pmgr.0000.launching.0           : MainThread     : DEBUG   :  ===     5 : <saga.utils.pty_process.PTYProcess object at 0x7f23a9e1bb10> : run sync  : which qdel 
2018-03-28 23:35:01,814: radical.saga.pty    : pmgr.0000.launching.0           : MainThread     : DEBUG   : flush: [  158] [     ] (flush pty read cache)
2018-03-28 23:35:01,915: radical.saga.pty    : pmgr.0000.launching.0           : MainThread     : DEBUG   : run_sync: which qdel
2018-03-28 23:35:01,916: radical.saga.pty    : pmgr.0000.launching.0           : MainThread     : DEBUG   : write: [  158] [   11] (which qdel\n)
2018-03-28 23:35:02,062: radical.saga.pty    : pmgr.0000.launching.0           : MainThread     : DEBUG   : read : [  158] [   31] (/usr/local/bin/qdel\nPROMPT-0->)
2018-03-28 23:35:02,062: radical.saga.pty    : pmgr.0000.launching.0           : MainThread     : DEBUG   :  ===     5 : <saga.utils.pty_process.PTYProcess object at 0x7f23a9e1bb10> : run sync  : which qsub 
2018-03-28 23:35:02,062: radical.saga.pty    : pmgr.0000.launching.0           : MainThread     : DEBUG   : flush: [  158] [     ] (flush pty read cache)
2018-03-28 23:35:02,163: radical.saga.pty    : pmgr.0000.launching.0           : MainThread     : DEBUG   : run_sync: which qsub
2018-03-28 23:35:02,163: radical.saga.pty    : pmgr.0000.launching.0           : MainThread     : DEBUG   : write: [  158] [   11] (which qsub\n)
2018-03-28 23:35:02,310: radical.saga.pty    : pmgr.0000.launching.0           : MainThread     : DEBUG   : read : [  158] [   31] (/usr/local/bin/qsub\nPROMPT-0->)
2018-03-28 23:35:02,310: radical.saga.pty    : pmgr.0000.launching.0           : MainThread     : DEBUG   :  ===     5 : <saga.utils.pty_process.PTYProcess object at 0x7f23a9e1bb10> : run sync  : which pbsnodes 
2018-03-28 23:35:02,310: radical.saga.pty    : pmgr.0000.launching.0           : MainThread     : DEBUG   : flush: [  158] [     ] (flush pty read cache)
2018-03-28 23:35:02,412: radical.saga.pty    : pmgr.0000.launching.0           : MainThread     : DEBUG   : run_sync: which pbsnodes
2018-03-28 23:35:02,412: radical.saga.pty    : pmgr.0000.launching.0           : MainThread     : DEBUG   : write: [  158] [   15] (which pbsnodes\n)
2018-03-28 23:35:02,558: radical.saga.pty    : pmgr.0000.launching.0           : MainThread     : DEBUG   : read : [  158] [   35] (/usr/local/bin/pbsnodes\nPROMPT-0->)
2018-03-28 23:35:02,559: radical.saga.pty    : pmgr.0000.launching.0           : MainThread     : DEBUG   :  ===     5 : <saga.utils.pty_process.PTYProcess object at 0x7f23a9e1bb10> : run sync  : which qstat 
2018-03-28 23:35:02,559: radical.saga.pty    : pmgr.0000.launching.0           : MainThread     : DEBUG   : flush: [  158] [     ] (flush pty read cache)
2018-03-28 23:35:02,660: radical.saga.pty    : pmgr.0000.launching.0           : MainThread     : DEBUG   : run_sync: which qstat
2018-03-28 23:35:02,660: radical.saga.pty    : pmgr.0000.launching.0           : MainThread     : DEBUG   : write: [  158] [   12] (which qstat\n)
2018-03-28 23:35:02,806: radical.saga.pty    : pmgr.0000.launching.0           : MainThread     : DEBUG   : read : [  158] [   32] (/usr/local/bin/qstat\nPROMPT-0->)
2018-03-28 23:35:02,806: radical.saga.pty    : pmgr.0000.launching.0           : MainThread     : DEBUG   :  ===     5 : <saga.utils.pty_process.PTYProcess object at 0x7f23a9e1bb10> : run sync  : which aprun
2018-03-28 23:35:02,806: radical.saga.pty    : pmgr.0000.launching.0           : MainThread     : DEBUG   : flush: [  158] [     ] (flush pty read cache)
2018-03-28 23:35:02,907: radical.saga.pty    : pmgr.0000.launching.0           : MainThread     : DEBUG   : run_sync: which aprun
2018-03-28 23:35:02,907: radical.saga.pty    : pmgr.0000.launching.0           : MainThread     : DEBUG   : write: [  158] [   12] (which aprun\n)
2018-03-28 23:35:03,055: radical.saga.pty    : pmgr.0000.launching.0           : MainThread     : DEBUG   : read : [  158] [ 1029] (which: no aprun in (/home/gcha ... home/gchantzi/bin)\nPROMPT-1->)
2018-03-28 23:35:03,055: radical.saga.pty    : pmgr.0000.launching.0           : MainThread     : DEBUG   :  ===     5 : <saga.utils.pty_process.PTYProcess object at 0x7f23a9e1bb10> : run sync  : unset GREP_OPTIONS; /usr/local/bin/pbsnodes -a | grep -E "(np|pcpu)[[:blank:]]*=" 
2018-03-28 23:35:03,055: radical.saga.pty    : pmgr.0000.launching.0           : MainThread     : DEBUG   : flush: [  158] [     ] (flush pty read cache)
2018-03-28 23:35:03,156: radical.saga.pty    : pmgr.0000.launching.0           : MainThread     : DEBUG   : run_sync: unset GREP_OPTIONS; /usr/local/bin/pbsnodes -a | grep -E "(np|pcpu)[[:blank:]]*="
2018-03-28 23:35:03,156: radical.saga.pty    : pmgr.0000.launching.0           : MainThread     : DEBUG   : write: [  158] [   82] (unset GREP_OPTIONS; /usr/local/bin/pbsnodes -a | grep -E "(np|pcpu)[[:blank:]]*="\n)
2018-03-28 23:35:03,336: radical.saga.pty    : pmgr.0000.launching.0           : MainThread     : DEBUG   : read : [  158] [ 1708] (     np = 20\n     np = 20\n   ... \n     np = 20\n     np = 20\n)
2018-03-28 23:35:03,336: radical.saga.pty    : pmgr.0000.launching.0           : MainThread     : DEBUG   : read : [  158] [   42] (     np = 20\n     np = 20\n     np = 20\n)
2018-03-28 23:35:03,478: radical.saga.pty    : pmgr.0000.launching.0           : MainThread     : DEBUG   : read : [  158] [ 3622] (     np = 20\n     np = 20\n   ... = 28\n     np = 28\nPROMPT-0->)
2018-03-28 23:35:03,492: radical.saga.pty    : pmgr.0000.launching.0           : Thread-3       : DEBUG   :  ===     5 : <saga.utils.pty_process.PTYProcess object at 0x7f23a9e1bb10> : run sync  : mkdir -p /work/gchantzi/radical.pilot.sandbox/rp.session.one.george.017618.0004/pilot.0000
2018-03-28 23:35:03,492: radical.saga.pty    : pmgr.0000.launching.0           : Thread-3       : DEBUG   : flush: [  158] [     ] (flush pty read cache)
2018-03-28 23:35:03,594: radical.saga.pty    : pmgr.0000.launching.0           : Thread-3       : DEBUG   : run_sync: mkdir -p /work/gchantzi/radical.pilot.sandbox/rp.session.one.george.017618.0004/pilot.0000
2018-03-28 23:35:03,594: radical.saga.pty    : pmgr.0000.launching.0           : Thread-3       : DEBUG   : write: [  158] [   91] (mkdir -p /work/gchantzi/radical.pilot.sandbox/rp.session.one.george.017618.0004/pilot.0000\n)
2018-03-28 23:35:03,744: radical.saga.pty    : pmgr.0000.launching.0           : Thread-3       : DEBUG   : read : [  158] [   10] (PROMPT-0->)
2018-03-28 23:35:03,744: radical.saga.pty    : pmgr.0000.launching.0           : Thread-3       : DEBUG   :  ===     5 : <saga.utils.pty_process.PTYProcess object at 0x7f23a9e1bb10> : run sync  : SCRIPTFILE=`mktemp -t SAGA-Python-TORQUEJobScript.XXXXXX` &&  echo "
#!/bin/bash 
#PBS -N pilot.0000 
#PBS -V 
#PBS -v RADICAL_PILOT_PROFILE=TRUE
#PBS -o /work/gchantzi/radical.pilot.sandbox/rp.session.one.george.017618.0004/pilot.0000/bootstrap_1.out 
#PBS -e /work/gchantzi/radical.pilot.sandbox/rp.session.one.george.017618.0004/pilot.0000/bootstrap_1.err 
#PBS -l walltime=0:25:00 
#PBS -q workq 
#PBS -A TG-MCB090174 
#PBS -l nodes=1:ppn=20
export    PBS_O_WORKDIR=/work/gchantzi/radical.pilot.sandbox/rp.session.one.george.017618.0004/pilot.0000 
mkdir -p  /work/gchantzi/radical.pilot.sandbox/rp.session.one.george.017618.0004/pilot.0000
cd        /work/gchantzi/radical.pilot.sandbox/rp.session.one.george.017618.0004/pilot.0000
export SAGA_PPN=20
/bin/bash -l /work/gchantzi/radical.pilot.sandbox/rp.session.one.george.017618.0004/bootstrap_0.sh  -d 'radical.utils-0.47.1.tar.gz:saga-python-0.47-v0.46-48-g5825f1b0-devel.tar.gz:radical.pilot-0.47-0.47-14-gb1dff8bd-devel.tar.gz' -p 'pilot.0000' -s 'rp.session.one.george.017618.0004' -m 'create' -r 'local' -b 'default' -g 'default' -v '/work/gchantzi/radical.pilot.sandbox/ve.xsede.supermic_orte.0.47' -y '25' -e 'module load python/2.7.7-anaconda' -e 'module use -a /worka/work/amerzky/radical.pilot.sandbox/openmpi/modules/' -e 'module load openmpi/2017_03_13_6da4dbb' -w 'export PATH=\$PATH' -w 'export LD_LIBRARY_PATH=\$LD_LIBRARY_PATH' " > $SCRIPTFILE && /usr/local/bin/qsub $SCRIPTFILE && rm -f $SCRIPTFILE
2018-03-28 23:35:03,744: radical.saga.pty    : pmgr.0000.launching.0           : Thread-3       : DEBUG   : flush: [  158] [     ] (flush pty read cache)
2018-03-28 23:35:03,845: radical.saga.pty    : pmgr.0000.launching.0           : Thread-3       : DEBUG   : run_sync: SCRIPTFILE=`mktemp -t SAGA-Python-TORQUEJobScript.XXXXXX` &&  echo "
#!/bin/bash 
#PBS -N pilot.0000 
#PBS -V 
#PBS -v RADICAL_PILOT_PROFILE=TRUE
#PBS -o /work/gchantzi/radical.pilot.sandbox/rp.session.one.george.017618.0004/pilot.0000/bootstrap_1.out 
#PBS -e /work/gchantzi/radical.pilot.sandbox/rp.session.one.george.017618.0004/pilot.0000/bootstrap_1.err 
#PBS -l walltime=0:25:00 
#PBS -q workq 
#PBS -A TG-MCB090174 
#PBS -l nodes=1:ppn=20
export    PBS_O_WORKDIR=/work/gchantzi/radical.pilot.sandbox/rp.session.one.george.017618.0004/pilot.0000 
mkdir -p  /work/gchantzi/radical.pilot.sandbox/rp.session.one.george.017618.0004/pilot.0000
cd        /work/gchantzi/radical.pilot.sandbox/rp.session.one.george.017618.0004/pilot.0000
export SAGA_PPN=20
/bin/bash -l /work/gchantzi/radical.pilot.sandbox/rp.session.one.george.017618.0004/bootstrap_0.sh  -d 'radical.utils-0.47.1.tar.gz:saga-python-0.47-v0.46-48-g5825f1b0-devel.tar.gz:radical.pilot-0.47-0.47-14-gb1dff8bd-devel.tar.gz' -p 'pilot.0000' -s 'rp.session.one.george.017618.0004' -m 'create' -r 'local' -b 'default' -g 'default' -v '/work/gchantzi/radical.pilot.sandbox/ve.xsede.supermic_orte.0.47' -y '25' -e 'module load python/2.7.7-anaconda' -e 'module use -a /worka/work/amerzky/radical.pilot.sandbox/openmpi/modules/' -e 'module load openmpi/2017_03_13_6da4dbb' -w 'export PATH=\$PATH' -w 'export LD_LIBRARY_PATH=\$LD_LIBRARY_PATH' " > $SCRIPTFILE && /usr/local/bin/qsub $SCRIPTFILE && rm -f $SCRIPTFILE
2018-03-28 23:35:03,845: radical.saga.pty    : pmgr.0000.launching.0           : Thread-3       : DEBUG   : write: [  158] [ 1473] (SCRIPTFILE=`mktemp -t SAGA-Pyt ... IPTFILE && rm -f $SCRIPTFILE\n)
2018-03-28 23:35:04,185: radical.saga.pty    : pmgr.0000.launching.0           : Thread-3       : DEBUG   : read : [  158] [   14] (401470.smic3\n)
2018-03-28 23:35:04,556: radical.saga.pty    : pmgr.0000.launching.0           : Thread-3       : DEBUG   : read : [  158] [   10] (PROMPT-0->)
2018-03-28 23:36:00,479: radical.saga.pty    : pmgr.0000.launching.0           : Thread-2       : DEBUG   :  ===     5 : <saga.utils.pty_process.PTYProcess object at 0x7f23a9e1bb10> : run sync  : unset GREP_OPTIONS; /usr/local/bin/qstat -f1 401470 | grep -E -i '(job_state)|(Job_Name)|(exec_host)|(exit_status)|(ctime)|(start_time)|(stime)|(mtime)'
2018-03-28 23:36:00,479: radical.saga.pty    : pmgr.0000.launching.0           : Thread-2       : DEBUG   : flush: [  158] [     ] (flush pty read cache)
2018-03-28 23:36:00,580: radical.saga.pty    : pmgr.0000.launching.0           : Thread-2       : DEBUG   : run_sync: unset GREP_OPTIONS; /usr/local/bin/qstat -f1 401470 | grep -E -i '(job_state)|(Job_Name)|(exec_host)|(exit_status)|(ctime)|(start_time)|(stime)|(mtime)'
2018-03-28 23:36:00,580: radical.saga.pty    : pmgr.0000.launching.0           : Thread-2       : DEBUG   : write: [  158] [  153] (unset GREP_OPTIONS; /usr/local/bin/qstat -f1 401470 | grep -E -i '(job_state)|(Job_Name)|(exec_host)|(exit_status)|(ctime)|(start_time)|(stime)|(mtime)'\n)
2018-03-28 23:36:00,758: radical.saga.pty    : pmgr.0000.launching.0           : Thread-2       : DEBUG   : read : [  158] [  402] (    Job_Name = pilot.0000\n    job_state = R\n    ctime = Wed Mar 28 16:35:04 2018\n    exec_host = smic122/19+smic122/18+smic122/17+smic122/16+smic122/15+smic122/14+smic122/13+smic122/12+smic122/11+smic122/10+smic122/9+smic122/8+smic122/7+smic122/6+smic122/5+smic122/4+smic122/3+smic122/2+smic122/1+smic122/0\n    mtime = Wed Mar 28 16:35:27 2018\n    start_time = Wed Mar 28 16:35:24 2018\nPROMPT-0->)
2018-03-28 23:37:00,811: radical.saga.pty    : pmgr.0000.launching.0           : Thread-2       : DEBUG   :  ===     5 : <saga.utils.pty_process.PTYProcess object at 0x7f23a9e1bb10> : run sync  : unset GREP_OPTIONS; /usr/local/bin/qstat -f1 401470 | grep -E -i '(job_state)|(Job_Name)|(exec_host)|(exit_status)|(ctime)|(start_time)|(stime)|(mtime)'
2018-03-28 23:37:00,811: radical.saga.pty    : pmgr.0000.launching.0           : Thread-2       : DEBUG   : flush: [  158] [     ] (flush pty read cache)
2018-03-28 23:37:00,912: radical.saga.pty    : pmgr.0000.launching.0           : Thread-2       : DEBUG   : run_sync: unset GREP_OPTIONS; /usr/local/bin/qstat -f1 401470 | grep -E -i '(job_state)|(Job_Name)|(exec_host)|(exit_status)|(ctime)|(start_time)|(stime)|(mtime)'
2018-03-28 23:37:00,913: radical.saga.pty    : pmgr.0000.launching.0           : Thread-2       : DEBUG   : write: [  158] [  153] (unset GREP_OPTIONS; /usr/local/bin/qstat -f1 401470 | grep -E -i '(job_state)|(Job_Name)|(exec_host)|(exit_status)|(ctime)|(start_time)|(stime)|(mtime)'\n)
2018-03-28 23:37:01,088: radical.saga.pty    : pmgr.0000.launching.0           : Thread-2       : DEBUG   : read : [  158] [  402] (    Job_Name = pilot.0000\n    job_state = R\n    ctime = Wed Mar 28 16:35:04 2018\n    exec_host = smic122/19+smic122/18+smic122/17+smic122/16+smic122/15+smic122/14+smic122/13+smic122/12+smic122/11+smic122/10+smic122/9+smic122/8+smic122/7+smic122/6+smic122/5+smic122/4+smic122/3+smic122/2+smic122/1+smic122/0\n    mtime = Wed Mar 28 16:35:27 2018\n    start_time = Wed Mar 28 16:35:24 2018\nPROMPT-0->)
2018-03-28 23:38:01,148: radical.saga.pty    : pmgr.0000.launching.0           : Thread-2       : DEBUG   :  ===     5 : <saga.utils.pty_process.PTYProcess object at 0x7f23a9e1bb10> : run sync  : unset GREP_OPTIONS; /usr/local/bin/qstat -f1 401470 | grep -E -i '(job_state)|(Job_Name)|(exec_host)|(exit_status)|(ctime)|(start_time)|(stime)|(mtime)'
2018-03-28 23:38:01,148: radical.saga.pty    : pmgr.0000.launching.0           : Thread-2       : DEBUG   : flush: [  158] [     ] (flush pty read cache)
2018-03-28 23:38:01,250: radical.saga.pty    : pmgr.0000.launching.0           : Thread-2       : DEBUG   : run_sync: unset GREP_OPTIONS; /usr/local/bin/qstat -f1 401470 | grep -E -i '(job_state)|(Job_Name)|(exec_host)|(exit_status)|(ctime)|(start_time)|(stime)|(mtime)'
2018-03-28 23:38:01,250: radical.saga.pty    : pmgr.0000.launching.0           : Thread-2       : DEBUG   : write: [  158] [  153] (unset GREP_OPTIONS; /usr/local/bin/qstat -f1 401470 | grep -E -i '(job_state)|(Job_Name)|(exec_host)|(exit_status)|(ctime)|(start_time)|(stime)|(mtime)'\n)
2018-03-28 23:38:01,425: radical.saga.pty    : pmgr.0000.launching.0           : Thread-2       : DEBUG   : read : [  158] [  402] (    Job_Name = pilot.0000\n    job_state = R\n    ctime = Wed Mar 28 16:35:04 2018\n    exec_host = smic122/19+smic122/18+smic122/17+smic122/16+smic122/15+smic122/14+smic122/13+smic122/12+smic122/11+smic122/10+smic122/9+smic122/8+smic122/7+smic122/6+smic122/5+smic122/4+smic122/3+smic122/2+smic122/1+smic122/0\n    mtime = Wed Mar 28 16:35:27 2018\n    start_time = Wed Mar 28 16:35:24 2018\nPROMPT-0->)
2018-03-28 23:39:01,455: radical.saga.pty    : pmgr.0000.launching.0           : Thread-2       : DEBUG   :  ===     5 : <saga.utils.pty_process.PTYProcess object at 0x7f23a9e1bb10> : run sync  : unset GREP_OPTIONS; /usr/local/bin/qstat -f1 401470 | grep -E -i '(job_state)|(Job_Name)|(exec_host)|(exit_status)|(ctime)|(start_time)|(stime)|(mtime)'
2018-03-28 23:39:01,456: radical.saga.pty    : pmgr.0000.launching.0           : Thread-2       : DEBUG   : flush: [  158] [     ] (flush pty read cache)
2018-03-28 23:39:01,557: radical.saga.pty    : pmgr.0000.launching.0           : Thread-2       : DEBUG   : run_sync: unset GREP_OPTIONS; /usr/local/bin/qstat -f1 401470 | grep -E -i '(job_state)|(Job_Name)|(exec_host)|(exit_status)|(ctime)|(start_time)|(stime)|(mtime)'
2018-03-28 23:39:01,557: radical.saga.pty    : pmgr.0000.launching.0           : Thread-2       : DEBUG   : write: [  158] [  153] (unset GREP_OPTIONS; /usr/local/bin/qstat -f1 401470 | grep -E -i '(job_state)|(Job_Name)|(exec_host)|(exit_status)|(ctime)|(start_time)|(stime)|(mtime)'\n)
2018-03-28 23:39:01,731: radical.saga.pty    : pmgr.0000.launching.0           : Thread-2       : DEBUG   : read : [  158] [  402] (    Job_Name = pilot.0000\n    job_state = R\n    ctime = Wed Mar 28 16:35:04 2018\n    exec_host = smic122/19+smic122/18+smic122/17+smic122/16+smic122/15+smic122/14+smic122/13+smic122/12+smic122/11+smic122/10+smic122/9+smic122/8+smic122/7+smic122/6+smic122/5+smic122/4+smic122/3+smic122/2+smic122/1+smic122/0\n    mtime = Wed Mar 28 16:35:27 2018\n    start_time = Wed Mar 28 16:35:24 2018\nPROMPT-0->)
2018-03-28 23:40:01,791: radical.saga.pty    : pmgr.0000.launching.0           : Thread-2       : DEBUG   :  ===     5 : <saga.utils.pty_process.PTYProcess object at 0x7f23a9e1bb10> : run sync  : unset GREP_OPTIONS; /usr/local/bin/qstat -f1 401470 | grep -E -i '(job_state)|(Job_Name)|(exec_host)|(exit_status)|(ctime)|(start_time)|(stime)|(mtime)'
2018-03-28 23:40:01,791: radical.saga.pty    : pmgr.0000.launching.0           : Thread-2       : DEBUG   : flush: [  158] [     ] (flush pty read cache)
2018-03-28 23:40:01,892: radical.saga.pty    : pmgr.0000.launching.0           : Thread-2       : DEBUG   : run_sync: unset GREP_OPTIONS; /usr/local/bin/qstat -f1 401470 | grep -E -i '(job_state)|(Job_Name)|(exec_host)|(exit_status)|(ctime)|(start_time)|(stime)|(mtime)'
2018-03-28 23:40:01,893: radical.saga.pty    : pmgr.0000.launching.0           : Thread-2       : DEBUG   : write: [  158] [  153] (unset GREP_OPTIONS; /usr/local/bin/qstat -f1 401470 | grep -E -i '(job_state)|(Job_Name)|(exec_host)|(exit_status)|(ctime)|(start_time)|(stime)|(mtime)'\n)
2018-03-28 23:40:02,202: radical.saga.pty    : pmgr.0000.launching.0           : Thread-2       : DEBUG   : read : [  158] [  402] (    Job_Name = pilot.0000\n    job_state = R\n    ctime = Wed Mar 28 16:35:04 2018\n    exec_host = smic122/19+smic122/18+smic122/17+smic122/16+smic122/15+smic122/14+smic122/13+smic122/12+smic122/11+smic122/10+smic122/9+smic122/8+smic122/7+smic122/6+smic122/5+smic122/4+smic122/3+smic122/2+smic122/1+smic122/0\n    mtime = Wed Mar 28 16:35:27 2018\n    start_time = Wed Mar 28 16:35:24 2018\nPROMPT-0->)
2018-03-28 23:41:02,260: radical.saga.pty    : pmgr.0000.launching.0           : Thread-2       : DEBUG   :  ===     5 : <saga.utils.pty_process.PTYProcess object at 0x7f23a9e1bb10> : run sync  : unset GREP_OPTIONS; /usr/local/bin/qstat -f1 401470 | grep -E -i '(job_state)|(Job_Name)|(exec_host)|(exit_status)|(ctime)|(start_time)|(stime)|(mtime)'
2018-03-28 23:41:02,260: radical.saga.pty    : pmgr.0000.launching.0           : Thread-2       : DEBUG   : flush: [  158] [     ] (flush pty read cache)
2018-03-28 23:41:02,361: radical.saga.pty    : pmgr.0000.launching.0           : Thread-2       : DEBUG   : run_sync: unset GREP_OPTIONS; /usr/local/bin/qstat -f1 401470 | grep -E -i '(job_state)|(Job_Name)|(exec_host)|(exit_status)|(ctime)|(start_time)|(stime)|(mtime)'
2018-03-28 23:41:02,361: radical.saga.pty    : pmgr.0000.launching.0           : Thread-2       : DEBUG   : write: [  158] [  153] (unset GREP_OPTIONS; /usr/local/bin/qstat -f1 401470 | grep -E -i '(job_state)|(Job_Name)|(exec_host)|(exit_status)|(ctime)|(start_time)|(stime)|(mtime)'\n)
2018-03-28 23:41:02,551: radical.saga.pty    : pmgr.0000.launching.0           : Thread-2       : DEBUG   : read : [  158] [  402] (    Job_Name = pilot.0000\n    job_state = R\n    ctime = Wed Mar 28 16:35:04 2018\n    exec_host = smic122/19+smic122/18+smic122/17+smic122/16+smic122/15+smic122/14+smic122/13+smic122/12+smic122/11+smic122/10+smic122/9+smic122/8+smic122/7+smic122/6+smic122/5+smic122/4+smic122/3+smic122/2+smic122/1+smic122/0\n    mtime = Wed Mar 28 16:35:27 2018\n    start_time = Wed Mar 28 16:35:24 2018\nPROMPT-0->)
2018-03-28 23:42:02,599: radical.saga.pty    : pmgr.0000.launching.0           : Thread-2       : DEBUG   :  ===     5 : <saga.utils.pty_process.PTYProcess object at 0x7f23a9e1bb10> : run sync  : unset GREP_OPTIONS; /usr/local/bin/qstat -f1 401470 | grep -E -i '(job_state)|(Job_Name)|(exec_host)|(exit_status)|(ctime)|(start_time)|(stime)|(mtime)'
2018-03-28 23:42:02,599: radical.saga.pty    : pmgr.0000.launching.0           : Thread-2       : DEBUG   : flush: [  158] [     ] (flush pty read cache)
2018-03-28 23:42:02,700: radical.saga.pty    : pmgr.0000.launching.0           : Thread-2       : DEBUG   : run_sync: unset GREP_OPTIONS; /usr/local/bin/qstat -f1 401470 | grep -E -i '(job_state)|(Job_Name)|(exec_host)|(exit_status)|(ctime)|(start_time)|(stime)|(mtime)'
2018-03-28 23:42:02,701: radical.saga.pty    : pmgr.0000.launching.0           : Thread-2       : DEBUG   : write: [  158] [  153] (unset GREP_OPTIONS; /usr/local/bin/qstat -f1 401470 | grep -E -i '(job_state)|(Job_Name)|(exec_host)|(exit_status)|(ctime)|(start_time)|(stime)|(mtime)'\n)
2018-03-28 23:42:02,863: radical.saga.pty    : pmgr.0000.launching.0           : Thread-2       : DEBUG   : read : [  158] [  402] (    Job_Name = pilot.0000\n    job_state = R\n    ctime = Wed Mar 28 16:35:04 2018\n    exec_host = smic122/19+smic122/18+smic122/17+smic122/16+smic122/15+smic122/14+smic122/13+smic122/12+smic122/11+smic122/10+smic122/9+smic122/8+smic122/7+smic122/6+smic122/5+smic122/4+smic122/3+smic122/2+smic122/1+smic122/0\n    mtime = Wed Mar 28 16:35:27 2018\n    start_time = Wed Mar 28 16:35:24 2018\nPROMPT-0->)
2018-03-28 23:43:02,891: radical.saga.pty    : pmgr.0000.launching.0           : Thread-2       : DEBUG   :  ===     5 : <saga.utils.pty_process.PTYProcess object at 0x7f23a9e1bb10> : run sync  : unset GREP_OPTIONS; /usr/local/bin/qstat -f1 401470 | grep -E -i '(job_state)|(Job_Name)|(exec_host)|(exit_status)|(ctime)|(start_time)|(stime)|(mtime)'
2018-03-28 23:43:02,891: radical.saga.pty    : pmgr.0000.launching.0           : Thread-2       : DEBUG   : flush: [  158] [     ] (flush pty read cache)
2018-03-28 23:43:02,993: radical.saga.pty    : pmgr.0000.launching.0           : Thread-2       : DEBUG   : run_sync: unset GREP_OPTIONS; /usr/local/bin/qstat -f1 401470 | grep -E -i '(job_state)|(Job_Name)|(exec_host)|(exit_status)|(ctime)|(start_time)|(stime)|(mtime)'
2018-03-28 23:43:02,993: radical.saga.pty    : pmgr.0000.launching.0           : Thread-2       : DEBUG   : write: [  158] [  153] (unset GREP_OPTIONS; /usr/local/bin/qstat -f1 401470 | grep -E -i '(job_state)|(Job_Name)|(exec_host)|(exit_status)|(ctime)|(start_time)|(stime)|(mtime)'\n)
2018-03-28 23:43:03,168: radical.saga.pty    : pmgr.0000.launching.0           : Thread-2       : DEBUG   : read : [  158] [  402] (    Job_Name = pilot.0000\n    job_state = R\n    ctime = Wed Mar 28 16:35:04 2018\n    exec_host = smic122/19+smic122/18+smic122/17+smic122/16+smic122/15+smic122/14+smic122/13+smic122/12+smic122/11+smic122/10+smic122/9+smic122/8+smic122/7+smic122/6+smic122/5+smic122/4+smic122/3+smic122/2+smic122/1+smic122/0\n    mtime = Wed Mar 28 16:35:27 2018\n    start_time = Wed Mar 28 16:35:24 2018\nPROMPT-0->)
2018-03-28 23:44:03,206: radical.saga.pty    : pmgr.0000.launching.0           : Thread-2       : DEBUG   :  ===     5 : <saga.utils.pty_process.PTYProcess object at 0x7f23a9e1bb10> : run sync  : unset GREP_OPTIONS; /usr/local/bin/qstat -f1 401470 | grep -E -i '(job_state)|(Job_Name)|(exec_host)|(exit_status)|(ctime)|(start_time)|(stime)|(mtime)'
2018-03-28 23:44:03,206: radical.saga.pty    : pmgr.0000.launching.0           : Thread-2       : DEBUG   : flush: [  158] [     ] (flush pty read cache)
2018-03-28 23:44:03,307: radical.saga.pty    : pmgr.0000.launching.0           : Thread-2       : DEBUG   : run_sync: unset GREP_OPTIONS; /usr/local/bin/qstat -f1 401470 | grep -E -i '(job_state)|(Job_Name)|(exec_host)|(exit_status)|(ctime)|(start_time)|(stime)|(mtime)'
2018-03-28 23:44:03,307: radical.saga.pty    : pmgr.0000.launching.0           : Thread-2       : DEBUG   : write: [  158] [  153] (unset GREP_OPTIONS; /usr/local/bin/qstat -f1 401470 | grep -E -i '(job_state)|(Job_Name)|(exec_host)|(exit_status)|(ctime)|(start_time)|(stime)|(mtime)'\n)
2018-03-28 23:44:03,480: radical.saga.pty    : pmgr.0000.launching.0           : Thread-2       : DEBUG   : read : [  158] [  402] (    Job_Name = pilot.0000\n    job_state = R\n    ctime = Wed Mar 28 16:35:04 2018\n    exec_host = smic122/19+smic122/18+smic122/17+smic122/16+smic122/15+smic122/14+smic122/13+smic122/12+smic122/11+smic122/10+smic122/9+smic122/8+smic122/7+smic122/6+smic122/5+smic122/4+smic122/3+smic122/2+smic122/1+smic122/0\n    mtime = Wed Mar 28 16:35:27 2018\n    start_time = Wed Mar 28 16:35:24 2018\nPROMPT-0->)
2018-03-28 23:45:03,541: radical.saga.pty    : pmgr.0000.launching.0           : Thread-2       : DEBUG   :  ===     5 : <saga.utils.pty_process.PTYProcess object at 0x7f23a9e1bb10> : run sync  : unset GREP_OPTIONS; /usr/local/bin/qstat -f1 401470 | grep -E -i '(job_state)|(Job_Name)|(exec_host)|(exit_status)|(ctime)|(start_time)|(stime)|(mtime)'
2018-03-28 23:45:03,541: radical.saga.pty    : pmgr.0000.launching.0           : Thread-2       : DEBUG   : flush: [  158] [     ] (flush pty read cache)
2018-03-28 23:45:03,642: radical.saga.pty    : pmgr.0000.launching.0           : Thread-2       : DEBUG   : run_sync: unset GREP_OPTIONS; /usr/local/bin/qstat -f1 401470 | grep -E -i '(job_state)|(Job_Name)|(exec_host)|(exit_status)|(ctime)|(start_time)|(stime)|(mtime)'
2018-03-28 23:45:03,642: radical.saga.pty    : pmgr.0000.launching.0           : Thread-2       : DEBUG   : write: [  158] [  153] (unset GREP_OPTIONS; /usr/local/bin/qstat -f1 401470 | grep -E -i '(job_state)|(Job_Name)|(exec_host)|(exit_status)|(ctime)|(start_time)|(stime)|(mtime)'\n)
2018-03-28 23:45:03,819: radical.saga.pty    : pmgr.0000.launching.0           : Thread-2       : DEBUG   : read : [  158] [  402] (    Job_Name = pilot.0000\n    job_state = R\n    ctime = Wed Mar 28 16:35:04 2018\n    exec_host = smic122/19+smic122/18+smic122/17+smic122/16+smic122/15+smic122/14+smic122/13+smic122/12+smic122/11+smic122/10+smic122/9+smic12