2018-04-03 16:44:36,698: log.pubsub.pub.0001 : agent_0.scheduling.0            : MainThread     : INFO    : python.interpreter   version: 2.7.7 |Continuum Analytics, Inc.| (default, Jun 2 2014, 12:34:02) [GCC 4.1.2 20080704 (Red Hat 4.1.2-54)]
2018-04-03 16:44:36,702: log.pubsub.pub.0001 : agent_0.scheduling.0            : MainThread     : INFO    :                      pid: 39830
2018-04-03 16:44:36,702: log.pubsub.pub.0001 : agent_0.scheduling.0            : MainThread     : INFO    :                      tid: MainThread
2018-04-03 16:44:36,702: log.pubsub.pub.0001 : agent_0.scheduling.0            : MainThread     : INFO    : radical.pilot        version: 0.47-0.47-14-gb1dff8bd@devel
2018-04-03 16:44:36,702: log.pubsub.pub.0001 : agent_0.scheduling.0            : MainThread     : INFO    : create log_pubsub - pub - tcp://204.90.41.61:36072
2018-04-03 16:44:36,703: log.pubsub.pub.0001 : agent_0.scheduling.0            : MainThread     : DEBUG   : start process
2018-04-03 16:44:36,703: log.pubsub.pub.0001 : agent_0.scheduling.0            : MainThread     : DEBUG   : ru_initialize_common (NOOP)
2018-04-03 16:44:36,703: log.pubsub.pub.0001 : agent_0.scheduling.0            : MainThread     : DEBUG   : ru_initialize_parent (NOOP)
2018-04-03 16:44:36,703: log.pubsub.pub.0001 : agent_0.scheduling.0            : MainThread     : DEBUG   : process class started (no child)
2018-04-03 16:44:36,774: log.pubsub.pub.0001 : MainProcess                     : MainThread     : INFO    : python.interpreter   version: 2.7.7 |Continuum Analytics, Inc.| (default, Jun 2 2014, 12:34:02) [GCC 4.1.2 20080704 (Red Hat 4.1.2-54)]
2018-04-03 16:44:36,777: log.pubsub.pub.0001 : MainProcess                     : MainThread     : INFO    :                      pid: 39709
2018-04-03 16:44:36,777: log.pubsub.pub.0001 : MainProcess                     : MainThread     : INFO    :                      tid: MainThread
2018-04-03 16:44:36,778: log.pubsub.pub.0001 : MainProcess                     : MainThread     : INFO    : radical.pilot        version: 0.47-0.47-14-gb1dff8bd@devel
2018-04-03 16:44:36,778: log.pubsub.pub.0001 : MainProcess                     : MainThread     : INFO    : create log_pubsub - pub - tcp://204.90.41.61:36072
2018-04-03 16:44:36,778: log.pubsub.pub.0001 : MainProcess                     : MainThread     : DEBUG   : start process
2018-04-03 16:44:36,778: log.pubsub.pub.0001 : MainProcess                     : MainThread     : DEBUG   : ru_initialize_common (NOOP)
2018-04-03 16:44:36,778: log.pubsub.pub.0001 : MainProcess                     : MainThread     : DEBUG   : ru_initialize_parent (NOOP)
2018-04-03 16:44:36,778: log.pubsub.pub.0001 : MainProcess                     : MainThread     : DEBUG   : process class started (no child)
2018-04-03 16:56:53,736: log.pubsub.pub.0001 : agent_0.scheduling.0            : agent_0.scheduling.0.child.subscriber._cancel_monitor_cb: INFO    : parent stops child  39830 -> None [log.pubsub.pub.0001]
2018-04-03 16:56:53,736: log.pubsub.pub.0001 : agent_0.scheduling.0            : agent_0.scheduling.0.child.subscriber._cancel_monitor_cb: DEBUG   : ru_finalize_parent (NOOP)
2018-04-03 16:56:54,456: log.pubsub.pub.0001 : MainProcess                     : MainThread     : INFO    : parent stops child  39709 -> None [log.pubsub.pub.0001]
2018-04-03 16:56:54,457: log.pubsub.pub.0001 : MainProcess                     : MainThread     : DEBUG   : ru_finalize_parent (NOOP)
