2018-04-03 16:28:36,279: log.pubsub.pub.0001 : agent_0.scheduling.0            : MainThread     : INFO    : python.interpreter   version: 2.7.7 |Continuum Analytics, Inc.| (default, Jun 2 2014, 12:34:02) [GCC 4.1.2 20080704 (Red Hat 4.1.2-54)]
2018-04-03 16:28:36,283: log.pubsub.pub.0001 : agent_0.scheduling.0            : MainThread     : INFO    :                      pid: 105670
2018-04-03 16:28:36,283: log.pubsub.pub.0001 : agent_0.scheduling.0            : MainThread     : INFO    :                      tid: MainThread
2018-04-03 16:28:36,283: log.pubsub.pub.0001 : agent_0.scheduling.0            : MainThread     : INFO    : radical.pilot        version: 0.47-0.47-14-gb1dff8bd@devel
2018-04-03 16:28:36,283: log.pubsub.pub.0001 : agent_0.scheduling.0            : MainThread     : INFO    : create log_pubsub - pub - tcp://204.90.41.40:44542
2018-04-03 16:28:36,284: log.pubsub.pub.0001 : agent_0.scheduling.0            : MainThread     : DEBUG   : start process
2018-04-03 16:28:36,284: log.pubsub.pub.0001 : agent_0.scheduling.0            : MainThread     : DEBUG   : ru_initialize_common (NOOP)
2018-04-03 16:28:36,284: log.pubsub.pub.0001 : agent_0.scheduling.0            : MainThread     : DEBUG   : ru_initialize_parent (NOOP)
2018-04-03 16:28:36,284: log.pubsub.pub.0001 : agent_0.scheduling.0            : MainThread     : DEBUG   : process class started (no child)
2018-04-03 16:28:36,354: log.pubsub.pub.0001 : MainProcess                     : MainThread     : INFO    : python.interpreter   version: 2.7.7 |Continuum Analytics, Inc.| (default, Jun 2 2014, 12:34:02) [GCC 4.1.2 20080704 (Red Hat 4.1.2-54)]
2018-04-03 16:28:36,358: log.pubsub.pub.0001 : MainProcess                     : MainThread     : INFO    :                      pid: 105549
2018-04-03 16:28:36,358: log.pubsub.pub.0001 : MainProcess                     : MainThread     : INFO    :                      tid: MainThread
2018-04-03 16:28:36,358: log.pubsub.pub.0001 : MainProcess                     : MainThread     : INFO    : radical.pilot        version: 0.47-0.47-14-gb1dff8bd@devel
2018-04-03 16:28:36,358: log.pubsub.pub.0001 : MainProcess                     : MainThread     : INFO    : create log_pubsub - pub - tcp://204.90.41.40:44542
2018-04-03 16:28:36,358: log.pubsub.pub.0001 : MainProcess                     : MainThread     : DEBUG   : start process
2018-04-03 16:28:36,358: log.pubsub.pub.0001 : MainProcess                     : MainThread     : DEBUG   : ru_initialize_common (NOOP)
2018-04-03 16:28:36,359: log.pubsub.pub.0001 : MainProcess                     : MainThread     : DEBUG   : ru_initialize_parent (NOOP)
2018-04-03 16:28:36,359: log.pubsub.pub.0001 : MainProcess                     : MainThread     : DEBUG   : process class started (no child)
2018-04-03 16:40:46,126: log.pubsub.pub.0001 : agent_0.scheduling.0            : agent_0.scheduling.0.child.subscriber._cancel_monitor_cb: INFO    : parent stops child  105670 -> None [log.pubsub.pub.0001]
2018-04-03 16:40:46,126: log.pubsub.pub.0001 : agent_0.scheduling.0            : agent_0.scheduling.0.child.subscriber._cancel_monitor_cb: DEBUG   : ru_finalize_parent (NOOP)
2018-04-03 16:40:46,328: log.pubsub.pub.0001 : MainProcess                     : agent_0.idler._check_units_cb: INFO    : parent stops child  105549 -> None [log.pubsub.pub.0001]
2018-04-03 16:40:46,329: log.pubsub.pub.0001 : MainProcess                     : agent_0.idler._check_units_cb: DEBUG   : ru_finalize_parent (NOOP)
