2018-04-04 00:00:42,026: log.pubsub.pub.0003 : umgr.0000.staging.input.0       : MainThread     : INFO    : python.interpreter   version: 2.7.14 (default, Sep 23 2017, 22:06:14) [GCC 7.2.0]
2018-04-04 00:00:42,026: log.pubsub.pub.0003 : umgr.0000.staging.input.0       : MainThread     : INFO    :                      pid: 925
2018-04-04 00:00:42,026: log.pubsub.pub.0003 : umgr.0000.staging.input.0       : MainThread     : INFO    :                      tid: MainThread
2018-04-04 00:00:42,026: log.pubsub.pub.0003 : umgr.0000.staging.input.0       : MainThread     : INFO    : radical.pilot        version: 0.47-0.47-14-gb1dff8bd@devel
2018-04-04 00:00:42,026: log.pubsub.pub.0003 : umgr.0000.staging.input.0       : MainThread     : INFO    : create log_pubsub - pub - tcp://144.76.72.175:38079
2018-04-04 00:00:42,027: log.pubsub.pub.0003 : umgr.0000.staging.input.0       : MainThread     : DEBUG   : start process
2018-04-04 00:00:42,027: log.pubsub.pub.0003 : umgr.0000.staging.input.0       : MainThread     : DEBUG   : ru_initialize_common (NOOP)
2018-04-04 00:00:42,027: log.pubsub.pub.0003 : umgr.0000.staging.input.0       : MainThread     : DEBUG   : ru_initialize_parent (NOOP)
2018-04-04 00:00:42,027: log.pubsub.pub.0003 : umgr.0000.staging.input.0       : MainThread     : DEBUG   : process class started (no child)
2018-04-04 00:00:42,071: log.pubsub.pub.0003 : MainProcess                     : MainThread     : INFO    : python.interpreter   version: 2.7.14 (default, Sep 23 2017, 22:06:14) [GCC 7.2.0]
2018-04-04 00:00:42,072: log.pubsub.pub.0003 : MainProcess                     : MainThread     : INFO    :                      pid: 786
2018-04-04 00:00:42,072: log.pubsub.pub.0003 : MainProcess                     : MainThread     : INFO    :                      tid: MainThread
2018-04-04 00:00:42,072: log.pubsub.pub.0003 : MainProcess                     : MainThread     : INFO    : radical.pilot        version: 0.47-0.47-14-gb1dff8bd@devel
2018-04-04 00:00:42,072: log.pubsub.pub.0003 : MainProcess                     : MainThread     : INFO    : create log_pubsub - pub - tcp://144.76.72.175:38079
2018-04-04 00:00:42,072: log.pubsub.pub.0003 : MainProcess                     : MainThread     : DEBUG   : start process
2018-04-04 00:00:42,072: log.pubsub.pub.0003 : MainProcess                     : MainThread     : DEBUG   : ru_initialize_common (NOOP)
2018-04-04 00:00:42,072: log.pubsub.pub.0003 : MainProcess                     : MainThread     : DEBUG   : ru_initialize_parent (NOOP)
2018-04-04 00:00:42,073: log.pubsub.pub.0003 : MainProcess                     : MainThread     : DEBUG   : process class started (no child)
2018-04-04 00:14:17,511: log.pubsub.pub.0003 : MainProcess                     : MainThread     : INFO    : parent stops child  786 -> None [log.pubsub.pub.0003]
2018-04-04 00:14:17,511: log.pubsub.pub.0003 : MainProcess                     : MainThread     : DEBUG   : ru_finalize_parent (NOOP)
2018-04-04 00:14:18,502: log.pubsub.pub.0003 : umgr.0000.staging.input.0       : MainThread     : INFO    : parent stops child  925 -> None [log.pubsub.pub.0003]
2018-04-04 00:14:18,503: log.pubsub.pub.0003 : umgr.0000.staging.input.0       : MainThread     : DEBUG   : ru_finalize_parent (NOOP)
