2018-04-03 22:15:12,168: umgr.0000.staging.input.0.child: umgr.0000.staging.input.0       : MainThread     : INFO    : python.interpreter   version: 2.7.14 (default, Sep 23 2017, 22:06:14) [GCC 7.2.0]
2018-04-03 22:15:12,168: umgr.0000.staging.input.0.child: umgr.0000.staging.input.0       : MainThread     : INFO    :                      pid: 18464
2018-04-03 22:15:12,168: umgr.0000.staging.input.0.child: umgr.0000.staging.input.0       : MainThread     : INFO    :                      tid: MainThread
2018-04-03 22:15:12,168: umgr.0000.staging.input.0.child: umgr.0000.staging.input.0       : MainThread     : INFO    : radical.pilot        version: 0.47-0.47-14-gb1dff8bd@devel
2018-04-03 22:15:12,169: umgr.0000.staging.input.0.child: umgr.0000.staging.input.0       : MainThread     : INFO    : initialize umgr.0000.staging.input.0.child
2018-04-03 22:15:12,171: umgr.0000.staging.input.0.child: umgr.0000.staging.input.0       : MainThread     : INFO    : cfg: {'agents': {},
 u'bridges': {u'control_pubsub': {'addr_in': 'tcp://144.76.72.175:35083',
                                  'addr_out': 'tcp://144.76.72.175:35661',
                                  u'bulk_size': 0,
                                  u'log_level': u'debug',
                                  u'stall_hwm': 1},
              u'log_pubsub': {'addr_in': 'tcp://144.76.72.175:40757',
                              'addr_out': 'tcp://144.76.72.175:34091',
                              u'bulk_size': 0,
                              u'log_level': u'debug',
                              u'stall_hwm': 1},
              u'state_pubsub': {'addr_in': 'tcp://144.76.72.175:35967',
                                'addr_out': 'tcp://144.76.72.175:42715',
                                u'bulk_size': 0,
                                u'log_level': u'debug',
                                u'stall_hwm': 1},
              u'umgr_reschedule_pubsub': {'addr_in': 'tcp://144.76.72.175:34757',
                                          'addr_out': 'tcp://144.76.72.175:39143',
                                          u'bulk_size': 0,
                                          u'log_level': u'debug',
                                          u'stall_hwm': 1},
              u'umgr_scheduling_queue': {'addr_in': 'tcp://144.76.72.175:33435',
                                         'addr_out': 'tcp://144.76.72.175:41183',
                                         u'bulk_size': 0,
                                         u'log_level': u'debug',
                                         u'stall_hwm': 1},
              u'umgr_staging_input_queue': {'addr_in': 'tcp://144.76.72.175:37615',
                                            'addr_out': 'tcp://144.76.72.175:45795',
                                            u'bulk_size': 0,
                                            u'log_level': u'debug',
                                            u'stall_hwm': 1},
              u'umgr_staging_output_queue': {'addr_in': 'tcp://144.76.72.175:40441',
                                             'addr_out': 'tcp://144.76.72.175:42171',
                                             u'bulk_size': 0,
                                             u'log_level': u'debug',
                                             u'stall_hwm': 1},
              u'umgr_unschedule_pubsub': {'addr_in': 'tcp://144.76.72.175:43757',
                                          'addr_out': 'tcp://144.76.72.175:39275',
                                          u'bulk_size': 0,
                                          u'log_level': u'debug',
                                          u'stall_hwm': 1}},
 u'bulk_collection_size': 100,
 u'bulk_collection_time': 1.0,
 'cname': u'UMGRStagingInputComponent',
 u'components': {},
 u'count': 1,
 u'db_poll_sleeptime': 1.0,
 'number': 0,
 'owner': 'umgr.0000',
 u'scheduler': u'round_robin',
 'uid': 'umgr.0000'}
2018-04-03 22:15:12,171: umgr.0000.staging.input.0.child: umgr.0000.staging.input.0       : MainThread     : DEBUG   : start components: {}
2018-04-03 22:15:12,171: umgr.0000.staging.input.0.child: umgr.0000.staging.input.0       : MainThread     : DEBUG   : alive check in term
2018-04-03 22:15:12,171: umgr.0000.staging.input.0.child: umgr.0000.staging.input.0       : MainThread     : DEBUG   : START: umgr.0000.staging.input.0.child register publisher log_pubsub
2018-04-03 22:15:12,171: umgr.0000.staging.input.0.child: umgr.0000.staging.input.0       : MainThread     : DEBUG   : using addr tcp://144.76.72.175:40757 for pubsub log_pubsub
2018-04-03 22:15:12,174: umgr.0000.staging.input.0.child: umgr.0000.staging.input.0       : MainThread     : DEBUG   : registered publisher : log_pubsub : log.pubsub.pub.0003
2018-04-03 22:15:12,174: umgr.0000.staging.input.0.child: umgr.0000.staging.input.0       : MainThread     : DEBUG   : alive check in term
2018-04-03 22:15:12,174: umgr.0000.staging.input.0.child: umgr.0000.staging.input.0       : MainThread     : DEBUG   : START: umgr.0000.staging.input.0.child register publisher state_pubsub
2018-04-03 22:15:12,174: umgr.0000.staging.input.0.child: umgr.0000.staging.input.0       : MainThread     : DEBUG   : using addr tcp://144.76.72.175:35967 for pubsub state_pubsub
2018-04-03 22:15:12,175: umgr.0000.staging.input.0.child: umgr.0000.staging.input.0       : MainThread     : DEBUG   : registered publisher : state_pubsub : state.pubsub.pub.0003
2018-04-03 22:15:12,175: umgr.0000.staging.input.0.child: umgr.0000.staging.input.0       : MainThread     : DEBUG   : alive check in term
2018-04-03 22:15:12,175: umgr.0000.staging.input.0.child: umgr.0000.staging.input.0       : MainThread     : DEBUG   : START: umgr.0000.staging.input.0.child register publisher control_pubsub
2018-04-03 22:15:12,176: umgr.0000.staging.input.0.child: umgr.0000.staging.input.0       : MainThread     : DEBUG   : using addr tcp://144.76.72.175:35083 for pubsub control_pubsub
2018-04-03 22:15:12,177: umgr.0000.staging.input.0.child: umgr.0000.staging.input.0       : MainThread     : DEBUG   : registered publisher : control_pubsub : control.pubsub.pub.0003
2018-04-03 22:15:12,177: umgr.0000.staging.input.0.child: umgr.0000.staging.input.0       : MainThread     : DEBUG   : alive check in term
2018-04-03 22:15:12,177: umgr.0000.staging.input.0.child: umgr.0000.staging.input.0       : MainThread     : DEBUG   : START: umgr.0000.staging.input.0.child register subscriber umgr.0000.staging.input.0.child.subscriber._cancel_monitor_cb
2018-04-03 22:15:12,177: umgr.0000.staging.input.0.child: umgr.0000.staging.input.0       : MainThread     : DEBUG   : using addr tcp://144.76.72.175:35661 for pubsub control_pubsub
2018-04-03 22:15:12,216: umgr.0000.staging.input.0.child: umgr.0000.staging.input.0       : MainThread     : DEBUG   : parent name: umgr.0000.staging.input.0.child.subscriber._cancel_monitor_cb
2018-04-03 22:15:12,217: umgr.0000.staging.input.0.child: umgr.0000.staging.input.0       : MainThread     : DEBUG   : start thread
2018-04-03 22:15:12,217: umgr.0000.staging.input.0.child: umgr.0000.staging.input.0       : umgr.0000.staging.input.0.child.subscriber._cancel_monitor_cb: DEBUG   : child name: umgr.0000.staging.input.0.child.subscriber._cancel_monitor_cb.thread
2018-04-03 22:15:12,217: umgr.0000.staging.input.0.child: umgr.0000.staging.input.0       : umgr.0000.staging.input.0.child.subscriber._cancel_monitor_cb: INFO    : child (me) initializing
2018-04-03 22:15:12,217: umgr.0000.staging.input.0.child: umgr.0000.staging.input.0       : umgr.0000.staging.input.0.child.subscriber._cancel_monitor_cb: DEBUG   : ru_initialize_common (NOOP)
2018-04-03 22:15:12,217: umgr.0000.staging.input.0.child: umgr.0000.staging.input.0       : umgr.0000.staging.input.0.child.subscriber._cancel_monitor_cb: DEBUG   : ru_initialize_child (NOOP)
2018-04-03 22:15:12,217: umgr.0000.staging.input.0.child: umgr.0000.staging.input.0       : umgr.0000.staging.input.0.child.subscriber._cancel_monitor_cb: INFO    : send alive
2018-04-03 22:15:12,218: umgr.0000.staging.input.0.child: umgr.0000.staging.input.0       : umgr.0000.staging.input.0.child.subscriber._cancel_monitor_cb: INFO    : put message: [umgr.0000.staging.input.0.child.subscriber._cancel_monitor_cb.thread] alive
2018-04-03 22:15:12,218: umgr.0000.staging.input.0.child: umgr.0000.staging.input.0       : MainThread     : INFO    : get msg: alive
2018-04-03 22:15:12,218: umgr.0000.staging.input.0.child: umgr.0000.staging.input.0       : MainThread     : DEBUG   : ru_initialize_common (NOOP)
2018-04-03 22:15:12,218: umgr.0000.staging.input.0.child: umgr.0000.staging.input.0       : MainThread     : DEBUG   : ru_initialize_parent (NOOP)
2018-04-03 22:15:12,219: umgr.0000.staging.input.0.child: umgr.0000.staging.input.0       : MainThread     : DEBUG   : child thread umgr.0000.staging.input.0.child.subscriber._cancel_monitor_cb started
2018-04-03 22:15:12,219: umgr.0000.staging.input.0.child: umgr.0000.staging.input.0       : MainThread     : DEBUG   : umgr.0000.staging.input.0.child registered control_pubsub subscriber umgr.0000.staging.input.0.child.subscriber._cancel_monitor_cb
2018-04-03 22:15:12,219: umgr.0000.staging.input.0.child: umgr.0000.staging.input.0       : MainThread     : DEBUG   : alive check in term
2018-04-03 22:15:12,219: umgr.0000.staging.input.0.child: umgr.0000.staging.input.0       : MainThread     : DEBUG   : using addr tcp://144.76.72.175:45795 for input umgr_staging_input_queue
2018-04-03 22:15:12,222: umgr.0000.staging.input.0.child: umgr.0000.staging.input.0       : MainThread     : DEBUG   : registered input umgr.0000.staging.input.0.child.work.UMGR_STAGING_INPUT_PENDING
2018-04-03 22:15:12,222: umgr.0000.staging.input.0.child: umgr.0000.staging.input.0       : MainThread     : DEBUG   : START: umgr.0000.staging.input.0.child register input UMGR_STAGING_INPUT_PENDING: umgr.0000.staging.input.0.child.work.UMGR_STAGING_INPUT_PENDING
2018-04-03 22:15:12,222: umgr.0000.staging.input.0.child: umgr.0000.staging.input.0       : MainThread     : DEBUG   : registered worker work [UMGR_STAGING_INPUT_PENDING]
2018-04-03 22:15:12,222: umgr.0000.staging.input.0.child: umgr.0000.staging.input.0       : MainThread     : DEBUG   : alive check in term
2018-04-03 22:15:12,222: umgr.0000.staging.input.0.child: umgr.0000.staging.input.0       : MainThread     : DEBUG   : START: umgr.0000.staging.input.0.child register output AGENT_STAGING_INPUT_PENDING
2018-04-03 22:15:12,222: umgr.0000.staging.input.0.child: umgr.0000.staging.input.0       : MainThread     : DEBUG   : alive check in term
2018-04-03 22:15:12,222: umgr.0000.staging.input.0.child: umgr.0000.staging.input.0       : MainThread     : DEBUG   : START: umgr.0000.staging.input.0.child register subscriber umgr.0000.staging.input.0.child.subscriber._base_command_cb
2018-04-03 22:15:12,222: umgr.0000.staging.input.0.child: umgr.0000.staging.input.0       : MainThread     : DEBUG   : using addr tcp://144.76.72.175:35661 for pubsub control_pubsub
2018-04-03 22:15:12,224: umgr.0000.staging.input.0.child: umgr.0000.staging.input.0       : MainThread     : DEBUG   : parent name: umgr.0000.staging.input.0.child.subscriber._base_command_cb
2018-04-03 22:15:12,224: umgr.0000.staging.input.0.child: umgr.0000.staging.input.0       : MainThread     : DEBUG   : start thread
2018-04-03 22:15:12,225: umgr.0000.staging.input.0.child: umgr.0000.staging.input.0       : umgr.0000.staging.input.0.child.subscriber._base_command_cb: DEBUG   : child name: umgr.0000.staging.input.0.child.subscriber._base_command_cb.thread
2018-04-03 22:15:12,225: umgr.0000.staging.input.0.child: umgr.0000.staging.input.0       : umgr.0000.staging.input.0.child.subscriber._base_command_cb: INFO    : child (me) initializing
2018-04-03 22:15:12,225: umgr.0000.staging.input.0.child: umgr.0000.staging.input.0       : umgr.0000.staging.input.0.child.subscriber._base_command_cb: DEBUG   : ru_initialize_common (NOOP)
2018-04-03 22:15:12,225: umgr.0000.staging.input.0.child: umgr.0000.staging.input.0       : umgr.0000.staging.input.0.child.subscriber._base_command_cb: DEBUG   : ru_initialize_child (NOOP)
2018-04-03 22:15:12,225: umgr.0000.staging.input.0.child: umgr.0000.staging.input.0       : umgr.0000.staging.input.0.child.subscriber._base_command_cb: INFO    : send alive
2018-04-03 22:15:12,225: umgr.0000.staging.input.0.child: umgr.0000.staging.input.0       : umgr.0000.staging.input.0.child.subscriber._base_command_cb: INFO    : put message: [umgr.0000.staging.input.0.child.subscriber._base_command_cb.thread] alive
2018-04-03 22:15:12,226: umgr.0000.staging.input.0.child: umgr.0000.staging.input.0       : MainThread     : INFO    : get msg: alive
2018-04-03 22:15:12,226: umgr.0000.staging.input.0.child: umgr.0000.staging.input.0       : MainThread     : DEBUG   : ru_initialize_common (NOOP)
2018-04-03 22:15:12,226: umgr.0000.staging.input.0.child: umgr.0000.staging.input.0       : MainThread     : DEBUG   : ru_initialize_parent (NOOP)
2018-04-03 22:15:12,226: umgr.0000.staging.input.0.child: umgr.0000.staging.input.0       : MainThread     : DEBUG   : child thread umgr.0000.staging.input.0.child.subscriber._base_command_cb started
2018-04-03 22:15:12,226: umgr.0000.staging.input.0.child: umgr.0000.staging.input.0       : MainThread     : DEBUG   : umgr.0000.staging.input.0.child registered control_pubsub subscriber umgr.0000.staging.input.0.child.subscriber._base_command_cb
2018-04-03 22:15:12,226: umgr.0000.staging.input.0.child: umgr.0000.staging.input.0       : MainThread     : INFO    : child (me) initializing
2018-04-03 22:15:12,226: umgr.0000.staging.input.0.child: umgr.0000.staging.input.0       : MainThread     : DEBUG   : parent name: umgr.0000.staging.input.0.child.watch
2018-04-03 22:15:12,226: umgr.0000.staging.input.0.child: umgr.0000.staging.input.0       : MainThread     : DEBUG   : start thread
2018-04-03 22:15:12,226: umgr.0000.staging.input.0.child: umgr.0000.staging.input.0       : umgr.0000.staging.input.0.child.watch: DEBUG   : child name: umgr.0000.staging.input.0.child.watch.thread
2018-04-03 22:15:12,226: umgr.0000.staging.input.0.child: umgr.0000.staging.input.0       : umgr.0000.staging.input.0.child.watch: INFO    : child (me) initializing
2018-04-03 22:15:12,227: umgr.0000.staging.input.0.child: umgr.0000.staging.input.0       : umgr.0000.staging.input.0.child.watch: DEBUG   : ru_initialize_common (NOOP)
2018-04-03 22:15:12,227: umgr.0000.staging.input.0.child: umgr.0000.staging.input.0       : umgr.0000.staging.input.0.child.watch: DEBUG   : ru_initialize_child (NOOP)
2018-04-03 22:15:12,227: umgr.0000.staging.input.0.child: umgr.0000.staging.input.0       : umgr.0000.staging.input.0.child.watch: INFO    : send alive
2018-04-03 22:15:12,227: umgr.0000.staging.input.0.child: umgr.0000.staging.input.0       : umgr.0000.staging.input.0.child.watch: INFO    : put message: [umgr.0000.staging.input.0.child.watch.thread] alive
2018-04-03 22:15:12,228: umgr.0000.staging.input.0.child: umgr.0000.staging.input.0       : MainThread     : INFO    : get msg: alive
2018-04-03 22:15:12,228: umgr.0000.staging.input.0.child: umgr.0000.staging.input.0       : MainThread     : DEBUG   : ru_initialize_common (NOOP)
2018-04-03 22:15:12,228: umgr.0000.staging.input.0.child: umgr.0000.staging.input.0       : MainThread     : DEBUG   : ru_initialize_parent (NOOP)
2018-04-03 22:15:12,228: umgr.0000.staging.input.0.child: umgr.0000.staging.input.0       : MainThread     : DEBUG   : child thread umgr.0000.staging.input.0.child.watch started
2018-04-03 22:15:12,228: umgr.0000.staging.input.0.child: umgr.0000.staging.input.0       : MainThread     : INFO    : child (me) is alive
2018-04-03 22:15:12,228: umgr.0000.staging.input.0.child: umgr.0000.staging.input.0       : MainThread     : INFO    : send alive
2018-04-03 22:15:12,228: umgr.0000.staging.input.0.child: umgr.0000.staging.input.0       : MainThread     : INFO    : send message: [umgr.0000.staging.input.0.child] alive
2018-04-03 22:15:12,680: umgr.0000.staging.input.0.child: umgr.0000.staging.input.0       : umgr.0000.staging.input.0.child.subscriber._cancel_monitor_cb: DEBUG   : command ignored: add_pilots
2018-04-03 22:15:12,681: umgr.0000.staging.input.0.child: umgr.0000.staging.input.0       : umgr.0000.staging.input.0.child.subscriber._base_command_cb: DEBUG   :  === add pilot pilot.0000
2018-04-03 22:15:12,850: umgr.0000.staging.input.0.child: umgr.0000.staging.input.0       : MainThread     : DEBUG   : got unit (unit.000000)
2018-04-03 22:15:12,850: umgr.0000.staging.input.0.child: umgr.0000.staging.input.0       : MainThread     : DEBUG   : got unit (unit.000001)
2018-04-03 22:15:12,850: umgr.0000.staging.input.0.child: umgr.0000.staging.input.0       : MainThread     : DEBUG   : got unit (unit.000002)
2018-04-03 22:15:12,851: umgr.0000.staging.input.0.child: umgr.0000.staging.input.0       : MainThread     : DEBUG   : got unit (unit.000003)
2018-04-03 22:15:12,851: umgr.0000.staging.input.0.child: umgr.0000.staging.input.0       : MainThread     : DEBUG   : got unit (unit.000004)
2018-04-03 22:15:12,851: umgr.0000.staging.input.0.child: umgr.0000.staging.input.0       : MainThread     : DEBUG   : got unit (unit.000005)
2018-04-03 22:15:12,851: umgr.0000.staging.input.0.child: umgr.0000.staging.input.0       : MainThread     : DEBUG   : got unit (unit.000006)
2018-04-03 22:15:12,851: umgr.0000.staging.input.0.child: umgr.0000.staging.input.0       : MainThread     : DEBUG   : got unit (unit.000007)
2018-04-03 22:15:12,851: umgr.0000.staging.input.0.child: umgr.0000.staging.input.0       : MainThread     : DEBUG   : got unit (unit.000008)
2018-04-03 22:15:12,851: umgr.0000.staging.input.0.child: umgr.0000.staging.input.0       : MainThread     : DEBUG   : got unit (unit.000009)
2018-04-03 22:15:12,851: umgr.0000.staging.input.0.child: umgr.0000.staging.input.0       : MainThread     : DEBUG   : got unit (unit.000010)
2018-04-03 22:15:12,851: umgr.0000.staging.input.0.child: umgr.0000.staging.input.0       : MainThread     : DEBUG   : got unit (unit.000011)
2018-04-03 22:15:12,851: umgr.0000.staging.input.0.child: umgr.0000.staging.input.0       : MainThread     : DEBUG   : got unit (unit.000012)
2018-04-03 22:15:12,851: umgr.0000.staging.input.0.child: umgr.0000.staging.input.0       : MainThread     : DEBUG   : got unit (unit.000013)
2018-04-03 22:15:12,851: umgr.0000.staging.input.0.child: umgr.0000.staging.input.0       : MainThread     : DEBUG   : got unit (unit.000014)
2018-04-03 22:15:12,851: umgr.0000.staging.input.0.child: umgr.0000.staging.input.0       : MainThread     : DEBUG   : got unit (unit.000015)
2018-04-03 22:15:12,851: umgr.0000.staging.input.0.child: umgr.0000.staging.input.0       : MainThread     : DEBUG   : advance bulk size: 16 [False, True]
2018-04-03 22:15:12,854: umgr.0000.staging.input.0.child: umgr.0000.staging.input.0       : MainThread     : DEBUG   : {'pilot.0000': ['gsisftp://supermic.cct-lsu.xsede.org:2222/work/gchantzi/radical.pilot.sandbox/rp.session.one.george.017624.0009/pilot.0000//unit.000000/',
                'gsisftp://supermic.cct-lsu.xsede.org:2222/work/gchantzi/radical.pilot.sandbox/rp.session.one.george.017624.0009/pilot.0000//unit.000001/',
                'gsisftp://supermic.cct-lsu.xsede.org:2222/work/gchantzi/radical.pilot.sandbox/rp.session.one.george.017624.0009/pilot.0000//unit.000002/',
                'gsisftp://supermic.cct-lsu.xsede.org:2222/work/gchantzi/radical.pilot.sandbox/rp.session.one.george.017624.0009/pilot.0000//unit.000003/',
                'gsisftp://supermic.cct-lsu.xsede.org:2222/work/gchantzi/radical.pilot.sandbox/rp.session.one.george.017624.0009/pilot.0000//unit.000004/',
                'gsisftp://supermic.cct-lsu.xsede.org:2222/work/gchantzi/radical.pilot.sandbox/rp.session.one.george.017624.0009/pilot.0000//unit.000005/',
                'gsisftp://supermic.cct-lsu.xsede.org:2222/work/gchantzi/radical.pilot.sandbox/rp.session.one.george.017624.0009/pilot.0000//unit.000006/',
                'gsisftp://supermic.cct-lsu.xsede.org:2222/work/gchantzi/radical.pilot.sandbox/rp.session.one.george.017624.0009/pilot.0000//unit.000007/',
                'gsisftp://supermic.cct-lsu.xsede.org:2222/work/gchantzi/radical.pilot.sandbox/rp.session.one.george.017624.0009/pilot.0000//unit.000008/',
                'gsisftp://supermic.cct-lsu.xsede.org:2222/work/gchantzi/radical.pilot.sandbox/rp.session.one.george.017624.0009/pilot.0000//unit.000009/',
                'gsisftp://supermic.cct-lsu.xsede.org:2222/work/gchantzi/radical.pilot.sandbox/rp.session.one.george.017624.0009/pilot.0000//unit.000010/',
                'gsisftp://supermic.cct-lsu.xsede.org:2222/work/gchantzi/radical.pilot.sandbox/rp.session.one.george.017624.0009/pilot.0000//unit.000011/',
                'gsisftp://supermic.cct-lsu.xsede.org:2222/work/gchantzi/radical.pilot.sandbox/rp.session.one.george.017624.0009/pilot.0000//unit.000012/',
                'gsisftp://supermic.cct-lsu.xsede.org:2222/work/gchantzi/radical.pilot.sandbox/rp.session.one.george.017624.0009/pilot.0000//unit.000013/',
                'gsisftp://supermic.cct-lsu.xsede.org:2222/work/gchantzi/radical.pilot.sandbox/rp.session.one.george.017624.0009/pilot.0000//unit.000014/',
                'gsisftp://supermic.cct-lsu.xsede.org:2222/work/gchantzi/radical.pilot.sandbox/rp.session.one.george.017624.0009/pilot.0000//unit.000015/']}
2018-04-03 22:15:12,854: umgr.0000.staging.input.0.child: umgr.0000.staging.input.0       : MainThread     : DEBUG   :  === pid pilot.0000
2018-04-03 22:15:12,854: umgr.0000.staging.input.0.child: umgr.0000.staging.input.0       : MainThread     : DEBUG   :  ==== sbox: gsisftp://supermic.cct-lsu.xsede.org:2222/work/gchantzi/radical.pilot.sandbox/rp.session.one.george.017624.0009 [<class 'saga.url.Url'>]
2018-04-03 22:15:12,854: umgr.0000.staging.input.0.child: umgr.0000.staging.input.0       : MainThread     : DEBUG   :  === 16 >= 128 ?
2018-04-03 22:15:12,854: umgr.0000.staging.input.0.child: umgr.0000.staging.input.0       : MainThread     : DEBUG   : advance bulk size: 16 [True, True]
2018-04-03 22:15:12,857: umgr.0000.staging.input.0.child: umgr.0000.staging.input.0       : MainThread     : DEBUG   : drop  unit.000000 [AGENT_STAGING_INPUT_PENDING]
2018-04-03 22:15:12,857: umgr.0000.staging.input.0.child: umgr.0000.staging.input.0       : MainThread     : DEBUG   : drop  unit.000001 [AGENT_STAGING_INPUT_PENDING]
2018-04-03 22:15:12,857: umgr.0000.staging.input.0.child: umgr.0000.staging.input.0       : MainThread     : DEBUG   : drop  unit.000002 [AGENT_STAGING_INPUT_PENDING]
2018-04-03 22:15:12,857: umgr.0000.staging.input.0.child: umgr.0000.staging.input.0       : MainThread     : DEBUG   : drop  unit.000003 [AGENT_STAGING_INPUT_PENDING]
2018-04-03 22:15:12,857: umgr.0000.staging.input.0.child: umgr.0000.staging.input.0       : MainThread     : DEBUG   : drop  unit.000004 [AGENT_STAGING_INPUT_PENDING]
2018-04-03 22:15:12,857: umgr.0000.staging.input.0.child: umgr.0000.staging.input.0       : MainThread     : DEBUG   : drop  unit.000005 [AGENT_STAGING_INPUT_PENDING]
2018-04-03 22:15:12,857: umgr.0000.staging.input.0.child: umgr.0000.staging.input.0       : MainThread     : DEBUG   : drop  unit.000006 [AGENT_STAGING_INPUT_PENDING]
2018-04-03 22:15:12,857: umgr.0000.staging.input.0.child: umgr.0000.staging.input.0       : MainThread     : DEBUG   : drop  unit.000007 [AGENT_STAGING_INPUT_PENDING]
2018-04-03 22:15:12,857: umgr.0000.staging.input.0.child: umgr.0000.staging.input.0       : MainThread     : DEBUG   : drop  unit.000008 [AGENT_STAGING_INPUT_PENDING]
2018-04-03 22:15:12,857: umgr.0000.staging.input.0.child: umgr.0000.staging.input.0       : MainThread     : DEBUG   : drop  unit.000009 [AGENT_STAGING_INPUT_PENDING]
2018-04-03 22:15:12,857: umgr.0000.staging.input.0.child: umgr.0000.staging.input.0       : MainThread     : DEBUG   : drop  unit.000010 [AGENT_STAGING_INPUT_PENDING]
2018-04-03 22:15:12,857: umgr.0000.staging.input.0.child: umgr.0000.staging.input.0       : MainThread     : DEBUG   : drop  unit.000011 [AGENT_STAGING_INPUT_PENDING]
2018-04-03 22:15:12,857: umgr.0000.staging.input.0.child: umgr.0000.staging.input.0       : MainThread     : DEBUG   : drop  unit.000012 [AGENT_STAGING_INPUT_PENDING]
2018-04-03 22:15:12,857: umgr.0000.staging.input.0.child: umgr.0000.staging.input.0       : MainThread     : DEBUG   : drop  unit.000013 [AGENT_STAGING_INPUT_PENDING]
2018-04-03 22:15:12,857: umgr.0000.staging.input.0.child: umgr.0000.staging.input.0       : MainThread     : DEBUG   : drop  unit.000014 [AGENT_STAGING_INPUT_PENDING]
2018-04-03 22:15:12,858: umgr.0000.staging.input.0.child: umgr.0000.staging.input.0       : MainThread     : DEBUG   : drop  unit.000015 [AGENT_STAGING_INPUT_PENDING]
2018-04-03 22:28:14,182: umgr.0000.staging.input.0.child: umgr.0000.staging.input.0       : umgr.0000.staging.input.0.child.watch: INFO    : recv message: STOP
2018-04-03 22:28:14,182: umgr.0000.staging.input.0.child: umgr.0000.staging.input.0       : umgr.0000.staging.input.0.child.watch: INFO    : message received: STOP
2018-04-03 22:28:14,182: umgr.0000.staging.input.0.child: umgr.0000.staging.input.0       : umgr.0000.staging.input.0.child.watch: INFO    : STOP received: STOP
2018-04-03 22:28:14,182: umgr.0000.staging.input.0.child: umgr.0000.staging.input.0       : umgr.0000.staging.input.0.child.watch: INFO    : watcher closes
2018-04-03 22:28:14,182: umgr.0000.staging.input.0.child: umgr.0000.staging.input.0       : umgr.0000.staging.input.0.child.watch: INFO    : put message: [umgr.0000.staging.input.0.child.watch.thread] work finished
2018-04-03 22:28:14,182: umgr.0000.staging.input.0.child: umgr.0000.staging.input.0       : umgr.0000.staging.input.0.child.watch: DEBUG   : ru_finalize_child (NOOP)
2018-04-03 22:28:14,182: umgr.0000.staging.input.0.child: umgr.0000.staging.input.0       : umgr.0000.staging.input.0.child.watch: DEBUG   : ru_finalize_common (NOOP)
2018-04-03 22:28:14,182: umgr.0000.staging.input.0.child: umgr.0000.staging.input.0       : umgr.0000.staging.input.0.child.watch: INFO    : put message: [umgr.0000.staging.input.0.child.watch.thread] terminating
2018-04-03 22:28:14,718: umgr.0000.staging.input.0.child: umgr.0000.staging.input.0       : MainThread     : WARNING : alive check: proc invalid - stop [False - True]
2018-04-03 22:28:14,754: umgr.0000.staging.input.0.child: umgr.0000.staging.input.0       : MainThread     : INFO    : stop umgr.0000.staging.input.0.child (18464 : 18464 : MainThread) [radical.utils.process.Default.is_valid]
2018-04-03 22:28:14,754: umgr.0000.staging.input.0.child: umgr.0000.staging.input.0       : MainThread     : INFO    : parent stops child  18464 -> 18464 [umgr.0000.staging.input.0.child]
2018-04-03 22:28:14,754: umgr.0000.staging.input.0.child: umgr.0000.staging.input.0       : MainThread     : INFO    : send message: [umgr.0000.staging.input.0.child] STOP
2018-04-03 22:28:14,754: umgr.0000.staging.input.0.child: umgr.0000.staging.input.0       : MainThread     : WARNING : send failed ([Errno 9] Bad file descriptor) - terminate
2018-04-03 22:28:14,755: umgr.0000.staging.input.0.child: umgr.0000.staging.input.0       : MainThread     : DEBUG   : TERM : umgr.0000.staging.input.0.child unregister subscriber umgr.0000.staging.input.0.child.subscriber._base_command_cb
2018-04-03 22:28:14,755: umgr.0000.staging.input.0.child: umgr.0000.staging.input.0       : MainThread     : DEBUG   : unregistered subscriber umgr.0000.staging.input.0.child.subscriber._base_command_cb
2018-04-03 22:28:14,755: umgr.0000.staging.input.0.child: umgr.0000.staging.input.0       : MainThread     : DEBUG   : ru_finalize_common()
2018-04-03 22:28:14,755: umgr.0000.staging.input.0.child: umgr.0000.staging.input.0       : MainThread     : DEBUG   : TERM : umgr.0000.staging.input.0.child unregister publisher log_pubsub
2018-04-03 22:28:14,756: umgr.0000.staging.input.0.child: umgr.0000.staging.input.0       : MainThread     : DEBUG   : unregistered publisher log_pubsub
2018-04-03 22:28:14,756: umgr.0000.staging.input.0.child: umgr.0000.staging.input.0       : MainThread     : DEBUG   : TERM : umgr.0000.staging.input.0.child unregister publisher state_pubsub
2018-04-03 22:28:14,756: umgr.0000.staging.input.0.child: umgr.0000.staging.input.0       : MainThread     : DEBUG   : unregistered publisher state_pubsub
2018-04-03 22:28:14,757: umgr.0000.staging.input.0.child: umgr.0000.staging.input.0       : MainThread     : DEBUG   : TERM : umgr.0000.staging.input.0.child unregister publisher control_pubsub
2018-04-03 22:28:14,757: umgr.0000.staging.input.0.child: umgr.0000.staging.input.0       : MainThread     : DEBUG   : unregistered publisher control_pubsub
2018-04-03 22:28:14,757: umgr.0000.staging.input.0.child: umgr.0000.staging.input.0       : MainThread     : DEBUG   : umgr.0000.staging.input.0.child close prof
2018-04-03 22:28:14,757: umgr.0000.staging.input.0.child: umgr.0000.staging.input.0       : MainThread     : INFO    : parent stops child
2018-04-03 22:28:14,757: umgr.0000.staging.input.0.child: umgr.0000.staging.input.0       : MainThread     : DEBUG   : ru_finalize_parent (NOOP)
2018-04-03 22:28:14,757: umgr.0000.staging.input.0.child: umgr.0000.staging.input.0       : MainThread     : DEBUG   : ru_finalize_common (NOOP)
2018-04-03 22:28:14,757: umgr.0000.staging.input.0.child: umgr.0000.staging.input.0       : MainThread     : INFO    : parent stops child
2018-04-03 22:28:14,757: umgr.0000.staging.input.0.child: umgr.0000.staging.input.0       : MainThread     : DEBUG   : ru_finalize_parent (NOOP)
2018-04-03 22:28:14,758: umgr.0000.staging.input.0.child: umgr.0000.staging.input.0       : umgr.0000.staging.input.0.child.subscriber._base_command_cb: DEBUG   : ru_finalize_child (NOOP)
2018-04-03 22:28:14,758: umgr.0000.staging.input.0.child: umgr.0000.staging.input.0       : umgr.0000.staging.input.0.child.subscriber._base_command_cb: INFO    : put message: [umgr.0000.staging.input.0.child.subscriber._base_command_cb.thread] terminating
2018-04-03 22:28:14,759: umgr.0000.staging.input.0.child: umgr.0000.staging.input.0       : MainThread     : INFO    : parent stops child
2018-04-03 22:28:14,759: umgr.0000.staging.input.0.child: umgr.0000.staging.input.0       : MainThread     : DEBUG   : ru_finalize_parent (NOOP)
2018-04-03 22:28:14,759: umgr.0000.staging.input.0.child: umgr.0000.staging.input.0       : umgr.0000.staging.input.0.child.subscriber._cancel_monitor_cb: DEBUG   : ru_finalize_child (NOOP)
2018-04-03 22:28:14,759: umgr.0000.staging.input.0.child: umgr.0000.staging.input.0       : umgr.0000.staging.input.0.child.subscriber._cancel_monitor_cb: INFO    : put message: [umgr.0000.staging.input.0.child.subscriber._cancel_monitor_cb.thread] terminating
2018-04-03 22:28:14,760: umgr.0000.staging.input.0.child: umgr.0000.staging.input.0       : MainThread     : WARNING : super umgr.0000.staging.input.0.child is invalid
2018-04-03 22:28:14,760: umgr.0000.staging.input.0.child: umgr.0000.staging.input.0       : MainThread     : WARNING : component umgr.0000.staging.input.0.child is invalid
2018-04-03 22:28:14,760: umgr.0000.staging.input.0.child: umgr.0000.staging.input.0       : MainThread     : INFO    : stop umgr.0000.staging.input.0.child (18464 : 18464 : MainThread) [radical.pilot.utils.component.Default.is_valid]
2018-04-03 22:28:14,760: umgr.0000.staging.input.0.child: umgr.0000.staging.input.0       : MainThread     : DEBUG   : TERM : umgr.0000.staging.input.0.child unregister subscriber umgr.0000.staging.input.0.child.subscriber._base_command_cb
2018-04-03 22:28:14,760: umgr.0000.staging.input.0.child: umgr.0000.staging.input.0       : MainThread     : WARNING : subscriber _base_command_cb is not registered
2018-04-03 22:28:14,760: umgr.0000.staging.input.0.child: umgr.0000.staging.input.0       : MainThread     : DEBUG   : ru_finalize_common()
2018-04-03 22:28:14,760: umgr.0000.staging.input.0.child: umgr.0000.staging.input.0       : MainThread     : WARNING : publisher log_pubsub is not registered
2018-04-03 22:28:14,760: umgr.0000.staging.input.0.child: umgr.0000.staging.input.0       : MainThread     : WARNING : publisher state_pubsub is not registered
2018-04-03 22:28:14,760: umgr.0000.staging.input.0.child: umgr.0000.staging.input.0       : MainThread     : WARNING : publisher control_pubsub is not registered
2018-04-03 22:28:14,761: umgr.0000.staging.input.0.child: umgr.0000.staging.input.0       : MainThread     : DEBUG   : umgr.0000.staging.input.0.child close prof
2018-04-03 22:28:14,761: umgr.0000.staging.input.0.child: umgr.0000.staging.input.0       : MainThread     : INFO    : send message: [umgr.0000.staging.input.0.child] terminating
2018-04-03 22:28:14,761: umgr.0000.staging.input.0.child: umgr.0000.staging.input.0       : MainThread     : WARNING : send failed ([Errno 9] Bad file descriptor) - terminate
2018-04-03 22:28:14,761: umgr.0000.staging.input.0.child: umgr.0000.staging.input.0       : MainThread     : INFO    : parent stops child
2018-04-03 22:28:14,761: umgr.0000.staging.input.0.child: umgr.0000.staging.input.0       : MainThread     : INFO    : parent stops child
