2018-03-27 20:13:38,469: control.pubsub.pub.0005: umgr.0000.scheduling.0          : MainThread     : INFO    : python.interpreter   version: 2.7.14 (default, Sep 23 2017, 22:06:14) [GCC 7.2.0]
2018-03-27 20:13:38,469: control.pubsub.pub.0005: umgr.0000.scheduling.0          : MainThread     : INFO    :                      pid: 3648
2018-03-27 20:13:38,469: control.pubsub.pub.0005: umgr.0000.scheduling.0          : MainThread     : INFO    :                      tid: MainThread
2018-03-27 20:13:38,469: control.pubsub.pub.0005: umgr.0000.scheduling.0          : MainThread     : INFO    : radical.pilot        version: 0.47-0.47-14-gb1dff8bd@devel
2018-03-27 20:13:38,469: control.pubsub.pub.0005: umgr.0000.scheduling.0          : MainThread     : INFO    : create control_pubsub - pub - tcp://144.76.72.175:41553
2018-03-27 20:13:38,469: control.pubsub.pub.0005: umgr.0000.scheduling.0          : MainThread     : DEBUG   : start process
2018-03-27 20:13:38,469: control.pubsub.pub.0005: umgr.0000.scheduling.0          : MainThread     : DEBUG   : ru_initialize_common (NOOP)
2018-03-27 20:13:38,469: control.pubsub.pub.0005: umgr.0000.scheduling.0          : MainThread     : DEBUG   : ru_initialize_parent (NOOP)
2018-03-27 20:13:38,469: control.pubsub.pub.0005: umgr.0000.scheduling.0          : MainThread     : DEBUG   : process class started (no child)
2018-03-27 20:13:38,489: control.pubsub.pub.0005: MainProcess                     : MainThread     : INFO    : python.interpreter   version: 2.7.14 (default, Sep 23 2017, 22:06:14) [GCC 7.2.0]
2018-03-27 20:13:38,489: control.pubsub.pub.0005: MainProcess                     : MainThread     : INFO    :                      pid: 3434
2018-03-27 20:13:38,489: control.pubsub.pub.0005: MainProcess                     : MainThread     : INFO    :                      tid: MainThread
2018-03-27 20:13:38,489: control.pubsub.pub.0005: MainProcess                     : MainThread     : INFO    : radical.pilot        version: 0.47-0.47-14-gb1dff8bd@devel
2018-03-27 20:13:38,489: control.pubsub.pub.0005: MainProcess                     : MainThread     : INFO    : create control_pubsub - pub - tcp://144.76.72.175:41553
2018-03-27 20:13:38,490: control.pubsub.pub.0005: MainProcess                     : MainThread     : DEBUG   : start process
2018-03-27 20:13:38,490: control.pubsub.pub.0005: MainProcess                     : MainThread     : DEBUG   : ru_initialize_common (NOOP)
2018-03-27 20:13:38,490: control.pubsub.pub.0005: MainProcess                     : MainThread     : DEBUG   : ru_initialize_parent (NOOP)
2018-03-27 20:13:38,490: control.pubsub.pub.0005: MainProcess                     : MainThread     : DEBUG   : process class started (no child)
2018-03-27 20:26:25,638: control.pubsub.pub.0005: MainProcess                     : MainThread     : INFO    : parent stops child  3434 -> None [control.pubsub.pub.0005]
2018-03-27 20:26:25,638: control.pubsub.pub.0005: MainProcess                     : MainThread     : DEBUG   : ru_finalize_parent (NOOP)
2018-03-27 20:26:25,904: control.pubsub.pub.0005: umgr.0000.scheduling.0          : MainThread     : INFO    : parent stops child  3648 -> None [control.pubsub.pub.0005]
2018-03-27 20:26:25,904: control.pubsub.pub.0005: umgr.0000.scheduling.0          : MainThread     : DEBUG   : ru_finalize_parent (NOOP)
