2018-03-27 20:13:23,220: log.pubsub.pub.0000 : update.0                        : MainThread     : INFO    : python.interpreter   version: 2.7.14 (default, Sep 23 2017, 22:06:14) [GCC 7.2.0]
2018-03-27 20:13:23,221: log.pubsub.pub.0000 : update.0                        : MainThread     : INFO    :                      pid: 3467
2018-03-27 20:13:23,221: log.pubsub.pub.0000 : update.0                        : MainThread     : INFO    :                      tid: MainThread
2018-03-27 20:13:23,221: log.pubsub.pub.0000 : update.0                        : MainThread     : INFO    : radical.pilot        version: 0.47-0.47-14-gb1dff8bd@devel
2018-03-27 20:13:23,221: log.pubsub.pub.0000 : update.0                        : MainThread     : INFO    : create log_pubsub - pub - tcp://144.76.72.175:32841
2018-03-27 20:13:23,222: log.pubsub.pub.0000 : update.0                        : MainThread     : DEBUG   : start process
2018-03-27 20:13:23,222: log.pubsub.pub.0000 : update.0                        : MainThread     : DEBUG   : ru_initialize_common (NOOP)
2018-03-27 20:13:23,222: log.pubsub.pub.0000 : update.0                        : MainThread     : DEBUG   : ru_initialize_parent (NOOP)
2018-03-27 20:13:23,222: log.pubsub.pub.0000 : update.0                        : MainThread     : DEBUG   : process class started (no child)
2018-03-27 20:13:23,871: log.pubsub.pub.0000 : MainProcess                     : MainThread     : INFO    : python.interpreter   version: 2.7.14 (default, Sep 23 2017, 22:06:14) [GCC 7.2.0]
2018-03-27 20:13:23,871: log.pubsub.pub.0000 : MainProcess                     : MainThread     : INFO    :                      pid: 3434
2018-03-27 20:13:23,872: log.pubsub.pub.0000 : MainProcess                     : MainThread     : INFO    :                      tid: MainThread
2018-03-27 20:13:23,872: log.pubsub.pub.0000 : MainProcess                     : MainThread     : INFO    : radical.pilot        version: 0.47-0.47-14-gb1dff8bd@devel
2018-03-27 20:13:23,872: log.pubsub.pub.0000 : MainProcess                     : MainThread     : INFO    : create log_pubsub - pub - tcp://144.76.72.175:32841
2018-03-27 20:13:23,872: log.pubsub.pub.0000 : MainProcess                     : MainThread     : DEBUG   : start process
2018-03-27 20:13:23,872: log.pubsub.pub.0000 : MainProcess                     : MainThread     : DEBUG   : ru_initialize_common (NOOP)
2018-03-27 20:13:23,872: log.pubsub.pub.0000 : MainProcess                     : MainThread     : DEBUG   : ru_initialize_parent (NOOP)
2018-03-27 20:13:23,872: log.pubsub.pub.0000 : MainProcess                     : MainThread     : DEBUG   : process class started (no child)
2018-03-27 20:26:32,988: log.pubsub.pub.0000 : MainProcess                     : MainThread     : INFO    : parent stops child  3434 -> None [log.pubsub.pub.0000]
2018-03-27 20:26:32,988: log.pubsub.pub.0000 : MainProcess                     : MainThread     : DEBUG   : ru_finalize_parent (NOOP)
2018-03-27 20:26:33,269: log.pubsub.pub.0000 : update.0                        : MainThread     : INFO    : parent stops child  3467 -> None [log.pubsub.pub.0000]
2018-03-27 20:26:33,269: log.pubsub.pub.0000 : update.0                        : MainThread     : DEBUG   : ru_finalize_parent (NOOP)
