2018-03-27 20:13:24,909: pmgr.0000.launching.0: MainProcess                     : MainThread     : INFO    : python.interpreter   version: 2.7.14 (default, Sep 23 2017, 22:06:14) [GCC 7.2.0]
2018-03-27 20:13:24,909: pmgr.0000.launching.0: MainProcess                     : MainThread     : INFO    :                      pid: 3434
2018-03-27 20:13:24,909: pmgr.0000.launching.0: MainProcess                     : MainThread     : INFO    :                      tid: MainThread
2018-03-27 20:13:24,909: pmgr.0000.launching.0: MainProcess                     : MainThread     : INFO    : radical.pilot        version: 0.47-0.47-14-gb1dff8bd@devel
2018-03-27 20:13:25,912: pmgr.0000.launching.0: MainProcess                     : MainThread     : DEBUG   : alive check in term
2018-03-27 20:13:25,913: pmgr.0000.launching.0: MainProcess                     : MainThread     : DEBUG   : start process
2018-03-27 20:13:27,007: pmgr.0000.launching.0: MainProcess                     : MainThread     : INFO    : recv message: alive
2018-03-27 20:13:27,007: pmgr.0000.launching.0: MainProcess                     : MainThread     : INFO    : initialize pmgr.0000.launching.0
2018-03-27 20:13:27,010: pmgr.0000.launching.0: MainProcess                     : MainThread     : INFO    : cfg: {'agents': {},
 u'bridges': {u'control_pubsub': {'addr_in': 'tcp://144.76.72.175:41553',
                                  'addr_out': 'tcp://144.76.72.175:36769',
                                  u'bulk_size': 0,
                                  u'log_level': u'debug',
                                  u'stall_hwm': 1},
              u'log_pubsub': {'addr_in': 'tcp://144.76.72.175:32841',
                              'addr_out': 'tcp://144.76.72.175:33009',
                              u'bulk_size': 0,
                              u'log_level': u'debug',
                              u'stall_hwm': 1},
              u'pmgr_launching_queue': {'addr_in': 'tcp://144.76.72.175:38077',
                                        'addr_out': 'tcp://144.76.72.175:43983',
                                        u'bulk_size': 0,
                                        u'log_level': u'debug',
                                        u'stall_hwm': 1},
              u'state_pubsub': {'addr_in': 'tcp://144.76.72.175:43709',
                                'addr_out': 'tcp://144.76.72.175:46349',
                                u'bulk_size': 0,
                                u'log_level': u'debug',
                                u'stall_hwm': 1}},
 'cname': u'PMGRLaunchingComponent',
 u'components': {},
 u'count': 1,
 u'db_poll_sleeptime': 1.0,
 'number': 0,
 'owner': 'pmgr.0000',
 'uid': 'pmgr.0000'}
2018-03-27 20:13:27,010: pmgr.0000.launching.0: MainProcess                     : MainThread     : DEBUG   : alive check in term
2018-03-27 20:13:27,010: pmgr.0000.launching.0: MainProcess                     : MainThread     : DEBUG   : START: pmgr.0000.launching.0 register publisher log_pubsub
2018-03-27 20:13:27,011: pmgr.0000.launching.0: MainProcess                     : MainThread     : DEBUG   : using addr tcp://144.76.72.175:32841 for pubsub log_pubsub
2018-03-27 20:13:27,013: pmgr.0000.launching.0: MainProcess                     : MainThread     : DEBUG   : registered publisher : log_pubsub : log.pubsub.pub.0001
2018-03-27 20:13:27,013: pmgr.0000.launching.0: MainProcess                     : MainThread     : DEBUG   : alive check in term
2018-03-27 20:13:27,013: pmgr.0000.launching.0: MainProcess                     : MainThread     : DEBUG   : START: pmgr.0000.launching.0 register publisher state_pubsub
2018-03-27 20:13:27,013: pmgr.0000.launching.0: MainProcess                     : MainThread     : DEBUG   : using addr tcp://144.76.72.175:43709 for pubsub state_pubsub
2018-03-27 20:13:27,015: pmgr.0000.launching.0: MainProcess                     : MainThread     : DEBUG   : registered publisher : state_pubsub : state.pubsub.pub.0001
2018-03-27 20:13:27,015: pmgr.0000.launching.0: MainProcess                     : MainThread     : DEBUG   : alive check in term
2018-03-27 20:13:27,015: pmgr.0000.launching.0: MainProcess                     : MainThread     : DEBUG   : START: pmgr.0000.launching.0 register publisher control_pubsub
2018-03-27 20:13:27,015: pmgr.0000.launching.0: MainProcess                     : MainThread     : DEBUG   : using addr tcp://144.76.72.175:41553 for pubsub control_pubsub
2018-03-27 20:13:27,017: pmgr.0000.launching.0: MainProcess                     : MainThread     : DEBUG   : registered publisher : control_pubsub : control.pubsub.pub.0001
2018-03-27 20:13:27,017: pmgr.0000.launching.0: MainProcess                     : MainThread     : DEBUG   : parent name: pmgr.0000.launching.0.watch
2018-03-27 20:13:27,017: pmgr.0000.launching.0: MainProcess                     : MainThread     : DEBUG   : start thread
2018-03-27 20:13:27,018: pmgr.0000.launching.0: MainProcess                     : pmgr.0000.launching.0.watch: DEBUG   : child name: pmgr.0000.launching.0.watch.thread
2018-03-27 20:13:27,018: pmgr.0000.launching.0: MainProcess                     : pmgr.0000.launching.0.watch: INFO    : child (me) initializing
2018-03-27 20:13:27,018: pmgr.0000.launching.0: MainProcess                     : pmgr.0000.launching.0.watch: DEBUG   : ru_initialize_common (NOOP)
2018-03-27 20:13:27,018: pmgr.0000.launching.0: MainProcess                     : pmgr.0000.launching.0.watch: DEBUG   : ru_initialize_child (NOOP)
2018-03-27 20:13:27,018: pmgr.0000.launching.0: MainProcess                     : pmgr.0000.launching.0.watch: INFO    : send alive
2018-03-27 20:13:27,018: pmgr.0000.launching.0: MainProcess                     : pmgr.0000.launching.0.watch: INFO    : put message: [pmgr.0000.launching.0.watch.thread] alive
2018-03-27 20:13:27,019: pmgr.0000.launching.0: MainProcess                     : MainThread     : INFO    : get msg: alive
2018-03-27 20:13:27,019: pmgr.0000.launching.0: MainProcess                     : MainThread     : DEBUG   : ru_initialize_common (NOOP)
2018-03-27 20:13:27,019: pmgr.0000.launching.0: MainProcess                     : MainThread     : DEBUG   : ru_initialize_parent (NOOP)
2018-03-27 20:13:27,019: pmgr.0000.launching.0: MainProcess                     : MainThread     : DEBUG   : child thread pmgr.0000.launching.0.watch started
2018-03-27 20:13:27,019: pmgr.0000.launching.0: MainProcess                     : MainThread     : INFO    : child is alive
2018-03-27 20:13:27,019: pmgr.0000.launching.0: MainProcess                     : MainThread     : DEBUG   : process class started child
2018-03-27 20:26:29,888: pmgr.0000.launching.0: MainProcess                     : MainThread     : INFO    : stop pmgr.0000.launching.0 (3434 : 3503 : MainThread) [radical.pilot.pilot_manager.PilotManager.finalize_parent]
2018-03-27 20:26:29,901: pmgr.0000.launching.0: MainProcess                     : MainThread     : INFO    : parent stops child  3434 -> 3503 [pmgr.0000.launching.0]
2018-03-27 20:26:29,901: pmgr.0000.launching.0: MainProcess                     : MainThread     : INFO    : send message: [pmgr.0000.launching.0] STOP
2018-03-27 20:26:29,901: pmgr.0000.launching.0: MainProcess                     : MainThread     : DEBUG   : ru_finalize_common()
2018-03-27 20:26:29,901: pmgr.0000.launching.0: MainProcess                     : MainThread     : DEBUG   : TERM : pmgr.0000.launching.0 unregister publisher log_pubsub
2018-03-27 20:26:29,902: pmgr.0000.launching.0: MainProcess                     : MainThread     : DEBUG   : unregistered publisher log_pubsub
2018-03-27 20:26:29,902: pmgr.0000.launching.0: MainProcess                     : MainThread     : DEBUG   : TERM : pmgr.0000.launching.0 unregister publisher state_pubsub
2018-03-27 20:26:29,903: pmgr.0000.launching.0: MainProcess                     : MainThread     : DEBUG   : unregistered publisher state_pubsub
2018-03-27 20:26:29,903: pmgr.0000.launching.0: MainProcess                     : MainThread     : DEBUG   : TERM : pmgr.0000.launching.0 unregister publisher control_pubsub
2018-03-27 20:26:29,904: pmgr.0000.launching.0: MainProcess                     : MainThread     : DEBUG   : unregistered publisher control_pubsub
2018-03-27 20:26:29,904: pmgr.0000.launching.0: MainProcess                     : MainThread     : DEBUG   : pmgr.0000.launching.0 close prof
2018-03-27 20:26:29,918: pmgr.0000.launching.0: MainProcess                     : MainThread     : INFO    : parent stops child
2018-03-27 20:26:29,918: pmgr.0000.launching.0: MainProcess                     : MainThread     : DEBUG   : ru_finalize_parent (NOOP)
2018-03-27 20:26:29,918: pmgr.0000.launching.0: MainProcess                     : MainThread     : DEBUG   : ru_finalize_common (NOOP)
2018-03-27 20:26:29,942: pmgr.0000.launching.0: MainProcess                     : pmgr.0000.launching.0.watch: INFO    : watcher closes
2018-03-27 20:26:29,943: pmgr.0000.launching.0: MainProcess                     : pmgr.0000.launching.0.watch: INFO    : put message: [pmgr.0000.launching.0.watch.thread] work finished
2018-03-27 20:26:29,943: pmgr.0000.launching.0: MainProcess                     : pmgr.0000.launching.0.watch: DEBUG   : ru_finalize_child (NOOP)
2018-03-27 20:26:29,943: pmgr.0000.launching.0: MainProcess                     : pmgr.0000.launching.0.watch: DEBUG   : ru_finalize_common (NOOP)
2018-03-27 20:26:29,943: pmgr.0000.launching.0: MainProcess                     : pmgr.0000.launching.0.watch: INFO    : put message: [pmgr.0000.launching.0.watch.thread] terminating
2018-03-27 20:26:31,950: pmgr.0000.launching.0: MainProcess                     : MainThread     : WARNING : failed to stop child - terminate: 3434 -> 3503 [pmgr.0000.launching.0]
2018-03-27 20:26:32,960: pmgr.0000.launching.0: MainProcess                     : MainThread     : INFO    : stop pmgr.0000.launching.0 (3434 : 3503 : MainThread) [radical.pilot.utils.component.PilotManager.ru_finalize_common]
2018-03-27 20:26:36,039: pmgr.0000.launching.0: MainProcess                     : MainThread     : INFO    : stop pmgr.0000.launching.0 (3434 : 3503 : MainThread) [radical.pilot.session.Session.close]
