2018-03-27 20:13:32,165: umgr.0000.staging.input.0: MainProcess                     : MainThread     : INFO    : python.interpreter   version: 2.7.14 (default, Sep 23 2017, 22:06:14) [GCC 7.2.0]
2018-03-27 20:13:32,166: umgr.0000.staging.input.0: MainProcess                     : MainThread     : INFO    :                      pid: 3434
2018-03-27 20:13:32,166: umgr.0000.staging.input.0: MainProcess                     : MainThread     : INFO    :                      tid: MainThread
2018-03-27 20:13:32,166: umgr.0000.staging.input.0: MainProcess                     : MainThread     : INFO    : radical.pilot        version: 0.47-0.47-14-gb1dff8bd@devel
2018-03-27 20:13:33,169: umgr.0000.staging.input.0: MainProcess                     : MainThread     : DEBUG   : alive check in term
2018-03-27 20:13:33,169: umgr.0000.staging.input.0: MainProcess                     : MainThread     : DEBUG   : start process
2018-03-27 20:13:34,264: umgr.0000.staging.input.0: MainProcess                     : MainThread     : INFO    : recv message: alive
2018-03-27 20:13:34,264: umgr.0000.staging.input.0: MainProcess                     : MainThread     : INFO    : initialize umgr.0000.staging.input.0
2018-03-27 20:13:34,267: umgr.0000.staging.input.0: MainProcess                     : MainThread     : INFO    : cfg: {'agents': {},
 u'bridges': {u'control_pubsub': {'addr_in': 'tcp://144.76.72.175:41553',
                                  'addr_out': 'tcp://144.76.72.175:36769',
                                  u'bulk_size': 0,
                                  u'log_level': u'debug',
                                  u'stall_hwm': 1},
              u'log_pubsub': {'addr_in': 'tcp://144.76.72.175:32841',
                              'addr_out': 'tcp://144.76.72.175:33009',
                              u'bulk_size': 0,
                              u'log_level': u'debug',
                              u'stall_hwm': 1},
              u'state_pubsub': {'addr_in': 'tcp://144.76.72.175:43709',
                                'addr_out': 'tcp://144.76.72.175:46349',
                                u'bulk_size': 0,
                                u'log_level': u'debug',
                                u'stall_hwm': 1},
              u'umgr_reschedule_pubsub': {'addr_in': 'tcp://144.76.72.175:40381',
                                          'addr_out': 'tcp://144.76.72.175:39749',
                                          u'bulk_size': 0,
                                          u'log_level': u'debug',
                                          u'stall_hwm': 1},
              u'umgr_scheduling_queue': {'addr_in': 'tcp://144.76.72.175:41863',
                                         'addr_out': 'tcp://144.76.72.175:34845',
                                         u'bulk_size': 0,
                                         u'log_level': u'debug',
                                         u'stall_hwm': 1},
              u'umgr_staging_input_queue': {'addr_in': 'tcp://144.76.72.175:44271',
                                            'addr_out': 'tcp://144.76.72.175:32785',
                                            u'bulk_size': 0,
                                            u'log_level': u'debug',
                                            u'stall_hwm': 1},
              u'umgr_staging_output_queue': {'addr_in': 'tcp://144.76.72.175:35191',
                                             'addr_out': 'tcp://144.76.72.175:41405',
                                             u'bulk_size': 0,
                                             u'log_level': u'debug',
                                             u'stall_hwm': 1},
              u'umgr_unschedule_pubsub': {'addr_in': 'tcp://144.76.72.175:39673',
                                          'addr_out': 'tcp://144.76.72.175:39601',
                                          u'bulk_size': 0,
                                          u'log_level': u'debug',
                                          u'stall_hwm': 1}},
 u'bulk_collection_size': 100,
 u'bulk_collection_time': 1.0,
 'cname': u'UMGRStagingInputComponent',
 u'components': {},
 u'count': 1,
 u'db_poll_sleeptime': 1.0,
 'number': 0,
 'owner': 'umgr.0000',
 u'scheduler': u'round_robin',
 'uid': 'umgr.0000'}
2018-03-27 20:13:34,267: umgr.0000.staging.input.0: MainProcess                     : MainThread     : DEBUG   : alive check in term
2018-03-27 20:13:34,268: umgr.0000.staging.input.0: MainProcess                     : MainThread     : DEBUG   : START: umgr.0000.staging.input.0 register publisher log_pubsub
2018-03-27 20:13:34,268: umgr.0000.staging.input.0: MainProcess                     : MainThread     : DEBUG   : using addr tcp://144.76.72.175:32841 for pubsub log_pubsub
2018-03-27 20:13:34,269: umgr.0000.staging.input.0: MainProcess                     : MainThread     : DEBUG   : registered publisher : log_pubsub : log.pubsub.pub.0003
2018-03-27 20:13:34,269: umgr.0000.staging.input.0: MainProcess                     : MainThread     : DEBUG   : alive check in term
2018-03-27 20:13:34,269: umgr.0000.staging.input.0: MainProcess                     : MainThread     : DEBUG   : START: umgr.0000.staging.input.0 register publisher state_pubsub
2018-03-27 20:13:34,269: umgr.0000.staging.input.0: MainProcess                     : MainThread     : DEBUG   : using addr tcp://144.76.72.175:43709 for pubsub state_pubsub
2018-03-27 20:13:34,271: umgr.0000.staging.input.0: MainProcess                     : MainThread     : DEBUG   : registered publisher : state_pubsub : state.pubsub.pub.0003
2018-03-27 20:13:34,271: umgr.0000.staging.input.0: MainProcess                     : MainThread     : DEBUG   : alive check in term
2018-03-27 20:13:34,271: umgr.0000.staging.input.0: MainProcess                     : MainThread     : DEBUG   : START: umgr.0000.staging.input.0 register publisher control_pubsub
2018-03-27 20:13:34,271: umgr.0000.staging.input.0: MainProcess                     : MainThread     : DEBUG   : using addr tcp://144.76.72.175:41553 for pubsub control_pubsub
2018-03-27 20:13:34,273: umgr.0000.staging.input.0: MainProcess                     : MainThread     : DEBUG   : registered publisher : control_pubsub : control.pubsub.pub.0003
2018-03-27 20:13:34,273: umgr.0000.staging.input.0: MainProcess                     : MainThread     : DEBUG   : parent name: umgr.0000.staging.input.0.watch
2018-03-27 20:13:34,273: umgr.0000.staging.input.0: MainProcess                     : MainThread     : DEBUG   : start thread
2018-03-27 20:13:34,273: umgr.0000.staging.input.0: MainProcess                     : umgr.0000.staging.input.0.watch: DEBUG   : child name: umgr.0000.staging.input.0.watch.thread
2018-03-27 20:13:34,274: umgr.0000.staging.input.0: MainProcess                     : umgr.0000.staging.input.0.watch: INFO    : child (me) initializing
2018-03-27 20:13:34,274: umgr.0000.staging.input.0: MainProcess                     : umgr.0000.staging.input.0.watch: DEBUG   : ru_initialize_common (NOOP)
2018-03-27 20:13:34,274: umgr.0000.staging.input.0: MainProcess                     : umgr.0000.staging.input.0.watch: DEBUG   : ru_initialize_child (NOOP)
2018-03-27 20:13:34,274: umgr.0000.staging.input.0: MainProcess                     : umgr.0000.staging.input.0.watch: INFO    : send alive
2018-03-27 20:13:34,274: umgr.0000.staging.input.0: MainProcess                     : umgr.0000.staging.input.0.watch: INFO    : put message: [umgr.0000.staging.input.0.watch.thread] alive
2018-03-27 20:13:34,275: umgr.0000.staging.input.0: MainProcess                     : MainThread     : INFO    : get msg: alive
2018-03-27 20:13:34,275: umgr.0000.staging.input.0: MainProcess                     : MainThread     : DEBUG   : ru_initialize_common (NOOP)
2018-03-27 20:13:34,275: umgr.0000.staging.input.0: MainProcess                     : MainThread     : DEBUG   : ru_initialize_parent (NOOP)
2018-03-27 20:13:34,275: umgr.0000.staging.input.0: MainProcess                     : MainThread     : DEBUG   : child thread umgr.0000.staging.input.0.watch started
2018-03-27 20:13:34,275: umgr.0000.staging.input.0: MainProcess                     : MainThread     : INFO    : child is alive
2018-03-27 20:13:34,275: umgr.0000.staging.input.0: MainProcess                     : MainThread     : DEBUG   : process class started child
2018-03-27 20:26:23,643: umgr.0000.staging.input.0: MainProcess                     : MainThread     : INFO    : stop umgr.0000.staging.input.0 (3434 : 3586 : MainThread) [radical.pilot.unit_manager.UnitManager.finalize_parent]
2018-03-27 20:26:23,658: umgr.0000.staging.input.0: MainProcess                     : MainThread     : INFO    : parent stops child  3434 -> 3586 [umgr.0000.staging.input.0]
2018-03-27 20:26:23,658: umgr.0000.staging.input.0: MainProcess                     : MainThread     : INFO    : send message: [umgr.0000.staging.input.0] STOP
2018-03-27 20:26:23,659: umgr.0000.staging.input.0: MainProcess                     : MainThread     : DEBUG   : ru_finalize_common()
2018-03-27 20:26:23,659: umgr.0000.staging.input.0: MainProcess                     : MainThread     : DEBUG   : TERM : umgr.0000.staging.input.0 unregister publisher log_pubsub
2018-03-27 20:26:23,659: umgr.0000.staging.input.0: MainProcess                     : umgr.0000.staging.input.0.watch: INFO    : recv message: 
2018-03-27 20:26:23,660: umgr.0000.staging.input.0: MainProcess                     : umgr.0000.staging.input.0.watch: INFO    : message received: 
2018-03-27 20:26:23,660: umgr.0000.staging.input.0: MainProcess                     : umgr.0000.staging.input.0.watch: WARNING : received empty string, parent closed ep
2018-03-27 20:26:23,660: umgr.0000.staging.input.0: MainProcess                     : MainThread     : DEBUG   : unregistered publisher log_pubsub
2018-03-27 20:26:23,660: umgr.0000.staging.input.0: MainProcess                     : umgr.0000.staging.input.0.watch: INFO    : watcher closes
2018-03-27 20:26:23,660: umgr.0000.staging.input.0: MainProcess                     : MainThread     : DEBUG   : TERM : umgr.0000.staging.input.0 unregister publisher state_pubsub
2018-03-27 20:26:23,661: umgr.0000.staging.input.0: MainProcess                     : umgr.0000.staging.input.0.watch: INFO    : put message: [umgr.0000.staging.input.0.watch.thread] work finished
2018-03-27 20:26:23,661: umgr.0000.staging.input.0: MainProcess                     : umgr.0000.staging.input.0.watch: DEBUG   : ru_finalize_child (NOOP)
2018-03-27 20:26:23,661: umgr.0000.staging.input.0: MainProcess                     : umgr.0000.staging.input.0.watch: DEBUG   : ru_finalize_common (NOOP)
2018-03-27 20:26:23,661: umgr.0000.staging.input.0: MainProcess                     : umgr.0000.staging.input.0.watch: INFO    : put message: [umgr.0000.staging.input.0.watch.thread] terminating
2018-03-27 20:26:23,661: umgr.0000.staging.input.0: MainProcess                     : MainThread     : DEBUG   : unregistered publisher state_pubsub
2018-03-27 20:26:23,662: umgr.0000.staging.input.0: MainProcess                     : MainThread     : DEBUG   : TERM : umgr.0000.staging.input.0 unregister publisher control_pubsub
2018-03-27 20:26:23,662: umgr.0000.staging.input.0: MainProcess                     : MainThread     : DEBUG   : unregistered publisher control_pubsub
2018-03-27 20:26:23,663: umgr.0000.staging.input.0: MainProcess                     : MainThread     : DEBUG   : umgr.0000.staging.input.0 close prof
2018-03-27 20:26:23,675: umgr.0000.staging.input.0: MainProcess                     : MainThread     : INFO    : parent stops child
2018-03-27 20:26:23,675: umgr.0000.staging.input.0: MainProcess                     : MainThread     : DEBUG   : ru_finalize_parent (NOOP)
2018-03-27 20:26:23,675: umgr.0000.staging.input.0: MainProcess                     : MainThread     : DEBUG   : ru_finalize_common (NOOP)
2018-03-27 20:26:29,851: umgr.0000.staging.input.0: MainProcess                     : MainThread     : INFO    : stop umgr.0000.staging.input.0 (3434 : 3586 : MainThread) [radical.pilot.utils.component.UnitManager.ru_finalize_common]
2018-03-27 20:26:36,040: umgr.0000.staging.input.0: MainProcess                     : MainThread     : INFO    : stop umgr.0000.staging.input.0 (3434 : 3586 : MainThread) [radical.pilot.session.Session.close]
