2018-03-27 18:53:56,828: control.pubsub.pub.0003: umgr.0000.staging.input.0       : MainThread     : INFO    : python.interpreter   version: 2.7.14 (default, Sep 23 2017, 22:06:14) [GCC 7.2.0]
2018-03-27 18:53:56,828: control.pubsub.pub.0003: umgr.0000.staging.input.0       : MainThread     : INFO    :                      pid: 24172
2018-03-27 18:53:56,828: control.pubsub.pub.0003: umgr.0000.staging.input.0       : MainThread     : INFO    :                      tid: MainThread
2018-03-27 18:53:56,828: control.pubsub.pub.0003: umgr.0000.staging.input.0       : MainThread     : INFO    : radical.pilot        version: 0.47-0.47-14-gb1dff8bd@devel
2018-03-27 18:53:56,829: control.pubsub.pub.0003: umgr.0000.staging.input.0       : MainThread     : INFO    : create control_pubsub - pub - tcp://144.76.72.175:35055
2018-03-27 18:53:56,843: control.pubsub.pub.0003: umgr.0000.staging.input.0       : MainThread     : DEBUG   : start process
2018-03-27 18:53:56,844: control.pubsub.pub.0003: umgr.0000.staging.input.0       : MainThread     : DEBUG   : ru_initialize_common (NOOP)
2018-03-27 18:53:56,844: control.pubsub.pub.0003: umgr.0000.staging.input.0       : MainThread     : DEBUG   : ru_initialize_parent (NOOP)
2018-03-27 18:53:56,844: control.pubsub.pub.0003: umgr.0000.staging.input.0       : MainThread     : DEBUG   : process class started (no child)
2018-03-27 18:53:56,864: control.pubsub.pub.0003: MainProcess                     : MainThread     : INFO    : python.interpreter   version: 2.7.14 (default, Sep 23 2017, 22:06:14) [GCC 7.2.0]
2018-03-27 18:53:56,864: control.pubsub.pub.0003: MainProcess                     : MainThread     : INFO    :                      pid: 24030
2018-03-27 18:53:56,864: control.pubsub.pub.0003: MainProcess                     : MainThread     : INFO    :                      tid: MainThread
2018-03-27 18:53:56,864: control.pubsub.pub.0003: MainProcess                     : MainThread     : INFO    : radical.pilot        version: 0.47-0.47-14-gb1dff8bd@devel
2018-03-27 18:53:56,865: control.pubsub.pub.0003: MainProcess                     : MainThread     : INFO    : create control_pubsub - pub - tcp://144.76.72.175:35055
2018-03-27 18:53:56,865: control.pubsub.pub.0003: MainProcess                     : MainThread     : DEBUG   : start process
2018-03-27 18:53:56,865: control.pubsub.pub.0003: MainProcess                     : MainThread     : DEBUG   : ru_initialize_common (NOOP)
2018-03-27 18:53:56,865: control.pubsub.pub.0003: MainProcess                     : MainThread     : DEBUG   : ru_initialize_parent (NOOP)
2018-03-27 18:53:56,865: control.pubsub.pub.0003: MainProcess                     : MainThread     : DEBUG   : process class started (no child)
2018-03-27 19:06:54,218: control.pubsub.pub.0003: MainProcess                     : MainThread     : INFO    : parent stops child  24030 -> None [control.pubsub.pub.0003]
2018-03-27 19:06:54,218: control.pubsub.pub.0003: MainProcess                     : MainThread     : DEBUG   : ru_finalize_parent (NOOP)
2018-03-27 19:06:55,109: control.pubsub.pub.0003: umgr.0000.staging.input.0       : MainThread     : INFO    : parent stops child  24172 -> None [control.pubsub.pub.0003]
2018-03-27 19:06:55,109: control.pubsub.pub.0003: umgr.0000.staging.input.0       : MainThread     : DEBUG   : ru_finalize_parent (NOOP)
