2018-03-27 18:53:49,783: control.pubsub.pub.0000: update.0                        : MainThread     : INFO    : python.interpreter   version: 2.7.14 (default, Sep 23 2017, 22:06:14) [GCC 7.2.0]
2018-03-27 18:53:49,784: control.pubsub.pub.0000: update.0                        : MainThread     : INFO    :                      pid: 24059
2018-03-27 18:53:49,784: control.pubsub.pub.0000: update.0                        : MainThread     : INFO    :                      tid: MainThread
2018-03-27 18:53:49,784: control.pubsub.pub.0000: update.0                        : MainThread     : INFO    : radical.pilot        version: 0.47-0.47-14-gb1dff8bd@devel
2018-03-27 18:53:49,784: control.pubsub.pub.0000: update.0                        : MainThread     : INFO    : create control_pubsub - pub - tcp://144.76.72.175:35055
2018-03-27 18:53:49,785: control.pubsub.pub.0000: update.0                        : MainThread     : DEBUG   : start process
2018-03-27 18:53:49,785: control.pubsub.pub.0000: update.0                        : MainThread     : DEBUG   : ru_initialize_common (NOOP)
2018-03-27 18:53:49,785: control.pubsub.pub.0000: update.0                        : MainThread     : DEBUG   : ru_initialize_parent (NOOP)
2018-03-27 18:53:49,785: control.pubsub.pub.0000: update.0                        : MainThread     : DEBUG   : process class started (no child)
2018-03-27 18:53:50,368: control.pubsub.pub.0000: MainProcess                     : MainThread     : INFO    : python.interpreter   version: 2.7.14 (default, Sep 23 2017, 22:06:14) [GCC 7.2.0]
2018-03-27 18:53:50,368: control.pubsub.pub.0000: MainProcess                     : MainThread     : INFO    :                      pid: 24030
2018-03-27 18:53:50,368: control.pubsub.pub.0000: MainProcess                     : MainThread     : INFO    :                      tid: MainThread
2018-03-27 18:53:50,368: control.pubsub.pub.0000: MainProcess                     : MainThread     : INFO    : radical.pilot        version: 0.47-0.47-14-gb1dff8bd@devel
2018-03-27 18:53:50,369: control.pubsub.pub.0000: MainProcess                     : MainThread     : INFO    : create control_pubsub - pub - tcp://144.76.72.175:35055
2018-03-27 18:53:50,369: control.pubsub.pub.0000: MainProcess                     : MainThread     : DEBUG   : start process
2018-03-27 18:53:50,369: control.pubsub.pub.0000: MainProcess                     : MainThread     : DEBUG   : ru_initialize_common (NOOP)
2018-03-27 18:53:50,369: control.pubsub.pub.0000: MainProcess                     : MainThread     : DEBUG   : ru_initialize_parent (NOOP)
2018-03-27 18:53:50,369: control.pubsub.pub.0000: MainProcess                     : MainThread     : DEBUG   : process class started (no child)
2018-03-27 19:07:03,620: control.pubsub.pub.0000: MainProcess                     : MainThread     : INFO    : parent stops child  24030 -> None [control.pubsub.pub.0000]
2018-03-27 19:07:03,620: control.pubsub.pub.0000: MainProcess                     : MainThread     : DEBUG   : ru_finalize_parent (NOOP)
2018-03-27 19:07:03,817: control.pubsub.pub.0000: update.0                        : MainThread     : INFO    : parent stops child  24059 -> None [control.pubsub.pub.0000]
2018-03-27 19:07:03,818: control.pubsub.pub.0000: update.0                        : MainThread     : DEBUG   : ru_finalize_parent (NOOP)
